0.000000
0.000000
0.000000
0.000000
0.000000
0.000000
0.000000
0.000000
0.000000
0.000000
0.000000
0.000000
0.000000
0.000000
0.000000
0.000000
0.000000
0.000000
0.000000
0.000000
-0.000000
-0.000000
-0.000000
-0.000000
-0.000000
-0.000000
-0.000000
-0.000000
-0.000000
-0.000000
-0.000000
-0.000000
-0.000000
-0.000000
-0.000000
-0.000000
-0.000000
-0.000000
-0.000000
-0.000000
-0.000000
-0.000000
-0.000000
-0.000000
-0.000000
-0.000000
-0.000000
-0.000000
-0.000000
-0.000000
-0.000000
-0.000000
-0.000000
-0.000000
-0.000000
-0.000000
-0.000000
-0.000000
-0.000000
-0.000000
-0.000000
-0.000000
-0.000000
-0.000000
-0.000000
-0.000000
-0.000000
-0.000000
-0.000000
-0.000000
-0.000000
-0.000000
-0.000000
-0.000000
-0.000000
-0.000000
-0.000000
-0.000000
-0.000000
-0.000000
-0.000000
-0.000000
-0.000000
-0.000000
-0.000000
-0.000000
-0.000000
-0.000000
-0.000000
-0.000000
-0.000000
-0.000000
-0.000000
-0.000000
-0.000000
-0.000000
-0.000000
-0.000000
-0.000000
-0.000000
-0.000000
-0.000000
-0.000000
-0.000000
-0.000000
-0.000000
-0.000000
-0.000000
-0.000000
-0.000000
-0.000000
-0.000000
-0.000000
-0.000000
-0.000000
-0.000000
-0.000000
-0.000000
-0.000000
-0.000000
-0.000000
-0.000000
-0.000000
-0.000000
-0.000000
-0.000000
-0.000000
-0.000000
-0.000000
-0.000000
-0.000000
-0.000000
-0.000000
-0.000000
-0.000000
-0.000000
-0.000000
-0.000000
-0.000000
-0.000000
-0.000000
-0.000000
-0.000000
-0.000000
-0.000000
-0.000000
-0.000000
-0.000000
-0.000000
-0.000000
-0.000000
-0.000000
-0.000000
-0.000000
-0.000000
-0.000000
-0.000000
-0.000000
-0.000000
-0.000000
-0.000000
-0.000000
-0.000000
-0.000000
-0.000000
-0.000000
-0.000000
-0.000000
-0.000000
-0.000000
-0.000000
-0.000000
-0.000000
-0.000000
-0.000000
-0.000000
-0.000000
-0.000000
-0.000000
-0.000000
-0.000000
-0.000000
-0.000000
-0.000000
-0.000000
-0.000000
-0.000000
-0.000000
-0.000000
-0.000000
-0.000000
-0.000000
-0.000000
-0.000000
-0.000000
-0.000000
-0.000000
-0.000000
-0.000000
-0.000000
-0.000000
-0.000000
-0.000000
-0.000000
-0.000000
-0.000000
-0.000000
-0.000000
-0.000000
-0.000000
-0.000000
-0.000000
-0.000000
-0.000000
-0.000000
-0.000000
-0.000000
-0.000000
-0.000000
-0.000000
-0.000000
-0.000000
-0.000000
-0.000000
-0.000000
-0.000000
-0.000000
-0.000000
-0.000000
-0.000000
-0.000000
-0.000000
-0.000000
-0.000000
-0.000000
-0.000000
-0.000000
-0.000000
-0.000000
-0.000000
-0.000000
-0.000000
-0.000000
-0.000000
-0.000000
-0.000000
-0.000000
-0.000000
-0.000000
-0.000000
-0.000000
-0.000000
-0.000000
-0.000000
-0.000000
-0.000000
-0.000000
-0.000000
-0.000000
-0.000000
-0.000000
-0.000000
-0.000000
-0.000000
-0.000000
-0.000000
-0.000000
-0.000000
-0.000000
-0.000000
-0.000000
-0.000000
-0.000000
-0.000000
-0.000000
-0.000000
-0.000000
-0.000000
-0.000000
-0.000000
-0.000000
-0.000000
-0.000000
-0.000000
-0.000000
-0.000000
-0.000000
-0.000000
-0.000000
-0.000000
-0.000000
-0.000000
-0.000000
-0.000000
-0.000000
-0.000000
-0.000000
-0.000000
-0.000000
-0.000000
-0.000000
-0.000000
-0.000000
-0.000000
-0.000000
-0.000000
-0.000000
-0.000000
-0.000000
-0.000000
-0.000000
-0.000000
-0.000000
-0.000000
-0.000000
-0.000000
-0.000000
-0.000000
-0.000000
-0.000000
-0.000000
-0.000000
-0.000000
-0.000000
-0.000000
-0.000000
-0.000000
-0.000000
-0.000000
-0.000000
-0.000000
-0.000000
-0.000000
-0.000000
-0.000000
-0.000000
-0.000000
-0.000000
-0.000000
-0.000000
-0.000000
-0.000000
-0.000000
-0.000000
-0.000000
-0.000000
-0.000000
-0.000000
-0.000000
-0.000000
-0.000000
-0.000000
-0.000000
-0.000000
-0.000000
-0.000000
-0.000000
-0.000000
-0.000000
-0.000000
-0.000000
-0.000000
-0.000000
-0.000000
-0.000000
-0.000000
-0.000000
-0.000000
-0.000000
-0.000000
-0.000000
-0.000000
-0.000000
-0.000000
-0.000000
-0.000000
-0.000000
-0.000000
-0.000000
-0.000000
0.000000
0.000000
0.000000
0.000000
0.000000
0.000000
0.000000
0.000000
0.000000
0.000000
0.000000
0.000000
0.000000
0.000000
0.000000
0.000000
0.000000
0.000000
0.000000
0.000000
300.000000
300.000000
300.000000
300.000000
300.000000
300.000000
300.000000
300.000000
300.000000
300.000000
300.000000
300.000000
300.000000
300.000000
300.000000
300.000000
300.000000
300.000000
300.000000
300.000000
251.395369
251.395369
251.395369
251.395369
251.395369
251.395369
251.395369
251.395369
251.395369
251.395369
251.395369
251.395369
251.395369
251.395369
251.395369
251.395369
251.395369
251.395369
251.395369
251.395369
218.413655
218.413655
218.413655
218.413655
218.413655
218.413655
218.413655
218.413655
218.413655
218.413655
218.413655
218.413655
218.413655
218.413655
218.413655
218.413655
218.413655
218.413655
218.413655
218.413655
193.454521
193.454521
193.454521
193.454521
193.454521
193.454521
193.454521
193.454521
193.454521
193.454521
193.454521
193.454521
193.454521
193.454521
193.454521
193.454521
193.454521
193.454521
193.454521
193.454521
173.378695
173.378695
173.378695
173.378695
173.378695
173.378695
173.378695
173.378695
173.378695
173.378695
173.378695
173.378695
173.378695
173.378695
173.378695
173.378695
173.378695
173.378695
173.378695
173.378695
156.588004
156.588004
156.588004
156.588004
156.588004
156.588004
156.588004
156.588004
156.588004
156.588004
156.588004
156.588004
156.588004
156.588004
156.588004
156.588004
156.588004
156.588004
156.588004
156.588004
142.158505
142.158505
142.158505
142.158505
142.158505
142.158505
142.158505
142.158505
142.158505
142.158505
142.158505
142.158505
142.158505
142.158505
142.158505
142.158505
142.158505
142.158505
142.158505
142.158505
129.507984
129.507984
129.507984
129.507984
129.507984
129.507984
129.507984
129.507984
129.507984
129.507984
129.507984
129.507984
129.507984
129.507984
129.507984
129.507984
129.507984
129.507984
129.507984
129.507984
118.245936
118.245936
118.245936
118.245936
118.245936
118.245936
118.245936
118.245936
118.245936
118.245936
118.245936
118.245936
118.245936
118.245936
118.245936
118.245936
118.245936
118.245936
118.245936
118.245936
108.097716
108.097716
108.097716
108.097716
108.097716
108.097716
108.097716
108.097716
108.097716
108.097716
108.097716
108.097716
108.097716
108.097716
108.097716
108.097716
108.097716
108.097716
108.097716
108.097716
98.862836
98.862836
98.862836
98.862836
98.862836
98.862836
98.862836
98.862836
98.862836
98.862836
98.862836
98.862836
98.862836
98.862836
98.862836
98.862836
98.862836
98.862836
98.862836
98.862836
90.390469
90.390469
90.390469
90.390469
90.390469
90.390469
90.390469
90.390469
90.390469
90.390469
90.390469
90.390469
90.390469
90.390469
90.390469
90.390469
90.390469
90.390469
90.390469
90.390469
82.564300
82.564300
82.564300
82.564300
82.564300
82.564300
82.564300
82.564300
82.564300
82.564300
82.564300
82.564300
82.564300
82.564300
82.564300
82.564300
82.564300
82.564300
82.564300
82.564300
75.292741
75.292741
75.292741
75.292741
75.292741
75.292741
75.292741
75.292741
75.292741
75.292741
75.292741
75.292741
75.292741
75.292741
75.292741
75.292741
75.292741
75.292741
75.292741
75.292741
68.502388
68.502388
68.502388
68.502388
68.502388
68.502388
68.502388
68.502388
68.502388
68.502388
68.502388
68.502388
68.502388
68.502388
68.502388
68.502388
68.502388
68.502388
68.502388
68.502388
62.133505
62.133505
62.133505
62.133505
62.133505
62.133505
62.133505
62.133505
62.133505
62.133505
62.133505
62.133505
62.133505
62.133505
62.133505
62.133505
62.133505
62.133505
62.133505
62.133505
56.136830
56.136830
56.136830
56.136830
56.136830
56.136830
56.136830
56.136830
56.136830
56.136830
56.136830
56.136830
56.136830
56.136830
56.136830
56.136830
56.136830
56.136830
56.136830
56.136830
50.471260
50.471260
50.471260
50.471260
50.471260
50.471260
50.471260
50.471260
50.471260
50.471260
50.471260
50.471260
50.471260
50.471260
50.471260
50.471260
50.471260
50.471260
50.471260
50.471260
45.102144
45.102144
45.102144
45.102144
45.102144
45.102144
45.102144
45.102144
45.102144
45.102144
45.102144
45.102144
45.102144
45.102144
45.102144
45.102144
45.102144
45.102144
45.102144
45.102144
40.000000
40.000000
40.000000
40.000000
40.000000
40.000000
40.000000
40.000000
40.000000
40.000000
40.000000
40.000000
40.000000
40.000000
40.000000
40.000000
40.000000
40.000000
40.000000
40.000000
600.000000
600.000000
600.000000
600.000000
600.000000
600.000000
600.000000
600.000000
600.000000
600.000000
600.000000
600.000000
600.000000
600.000000
600.000000
600.000000
600.000000
600.000000
600.000000
600.000000
502.790738
502.790738
502.790738
502.790738
502.790738
502.790738
502.790738
502.790738
502.790738
502.790738
502.790738
502.790738
502.790738
502.790738
502.790738
502.790738
502.790738
502.790738
502.790738
502.790738
436.827311
436.827311
436.827311
436.827311
436.827311
436.827311
436.827311
436.827311
436.827311
436.827311
436.827311
436.827311
436.827311
436.827311
436.827311
436.827311
436.827311
436.827311
436.827311
436.827311
386.909041
386.909041
386.909041
386.909041
386.909041
386.909041
386.909041
386.909041
386.909041
386.909041
386.909041
386.909041
386.909041
386.909041
386.909041
386.909041
386.909041
386.909041
386.909041
386.909041
346.757390
346.757390
346.757390
346.757390
346.757390
346.757390
346.757390
346.757390
346.757390
346.757390
346.757390
346.757390
346.757390
346.757390
346.757390
346.757390
346.757390
346.757390
346.757390
346.757390
313.176009
313.176009
313.176009
313.176009
313.176009
313.176009
313.176009
313.176009
313.176009
313.176009
313.176009
313.176009
313.176009
313.176009
313.176009
313.176009
313.176009
313.176009
313.176009
313.176009
284.317009
284.317009
284.317009
284.317009
284.317009
284.317009
284.317009
284.317009
284.317009
284.317009
284.317009
284.317009
284.317009
284.317009
284.317009
284.317009
284.317009
284.317009
284.317009
284.317009
259.015968
259.015968
259.015968
259.015968
259.015968
259.015968
259.015968
259.015968
259.015968
259.015968
259.015968
259.015968
259.015968
259.015968
259.015968
259.015968
259.015968
259.015968
259.015968
259.015968
236.491871
236.491871
236.491871
236.491871
236.491871
236.491871
236.491871
236.491871
236.491871
236.491871
236.491871
236.491871
236.491871
236.491871
236.491871
236.491871
236.491871
236.491871
236.491871
236.491871
216.195432
216.195432
216.195432
216.195432
216.195432
216.195432
216.195432
216.195432
216.195432
216.195432
216.195432
216.195432
216.195432
216.195432
216.195432
216.195432
216.195432
216.195432
216.195432
216.195432
197.725672
197.725672
197.725672
197.725672
197.725672
197.725672
197.725672
197.725672
197.725672
197.725672
197.725672
197.725672
197.725672
197.725672
197.725672
197.725672
197.725672
197.725672
197.725672
197.725672
180.780938
180.780938
180.780938
180.780938
180.780938
180.780938
180.780938
180.780938
180.780938
180.780938
180.780938
180.780938
180.780938
180.780938
180.780938
180.780938
180.780938
180.780938
180.780938
180.780938
165.128600
165.128600
165.128600
165.128600
165.128600
165.128600
165.128600
165.128600
165.128600
165.128600
165.128600
165.128600
165.128600
165.128600
165.128600
165.128600
165.128600
165.128600
165.128600
165.128600
150.585482
150.585482
150.585482
150.585482
150.585482
150.585482
150.585482
150.585482
150.585482
150.585482
150.585482
150.585482
150.585482
150.585482
150.585482
150.585482
150.585482
150.585482
150.585482
150.585482
137.004776
137.004776
137.004776
137.004776
137.004776
137.004776
137.004776
137.004776
137.004776
137.004776
137.004776
137.004776
137.004776
137.004776
137.004776
137.004776
137.004776
137.004776
137.004776
137.004776
124.267011
124.267011
124.267011
124.267011
124.267011
124.267011
124.267011
124.267011
124.267011
124.267011
124.267011
124.267011
124.267011
124.267011
124.267011
124.267011
124.267011
124.267011
124.267011
124.267011
112.273660
112.273660
112.273660
112.273660
112.273660
112.273660
112.273660
112.273660
112.273660
112.273660
112.273660
112.273660
112.273660
112.273660
112.273660
112.273660
112.273660
112.273660
112.273660
112.273660
100.942520
100.942520
100.942520
100.942520
100.942520
100.942520
100.942520
100.942520
100.942520
100.942520
100.942520
100.942520
100.942520
100.942520
100.942520
100.942520
100.942520
100.942520
100.942520
100.942520
90.204287
90.204287
90.204287
90.204287
90.204287
90.204287
90.204287
90.204287
90.204287
90.204287
90.204287
90.204287
90.204287
90.204287
90.204287
90.204287
90.204287
90.204287
90.204287
90.204287
80.000000
80.000000
80.000000
80.000000
80.000000
80.000000
80.000000
80.000000
80.000000
80.000000
80.000000
80.000000
80.000000
80.000000
80.000000
80.000000
80.000000
80.000000
80.000000
80.000000
900.000000
900.000000
900.000000
900.000000
900.000000
900.000000
900.000000
900.000000
900.000000
900.000000
900.000000
900.000000
900.000000
900.000000
900.000000
900.000000
900.000000
900.000000
900.000000
900.000000
754.186108
754.186108
754.186108
754.186108
754.186108
754.186108
754.186108
754.186108
754.186108
754.186108
754.186108
754.186108
754.186108
754.186108
754.186108
754.186108
754.186108
754.186108
754.186108
754.186108
655.240966
655.240966
655.240966
655.240966
655.240966
655.240966
655.240966
655.240966
655.240966
655.240966
655.240966
655.240966
655.240966
655.240966
655.240966
655.240966
655.240966
655.240966
655.240966
655.240966
580.363562
580.363562
580.363562
580.363562
580.363562
580.363562
580.363562
580.363562
580.363562
580.363562
580.363562
580.363562
580.363562
580.363562
580.363562
580.363562
580.363562
580.363562
580.363562
580.363562
520.136085
520.136085
520.136085
520.136085
520.136085
520.136085
520.136085
520.136085
520.136085
520.136085
520.136085
520.136085
520.136085
520.136085
520.136085
520.136085
520.136085
520.136085
520.136085
520.136085
469.764013
469.764013
469.764013
469.764013
469.764013
469.764013
469.764013
469.764013
469.764013
469.764013
469.764013
469.764013
469.764013
469.764013
469.764013
469.764013
469.764013
469.764013
469.764013
469.764013
426.475514
426.475514
426.475514
426.475514
426.475514
426.475514
426.475514
426.475514
426.475514
426.475514
426.475514
426.475514
426.475514
426.475514
426.475514
426.475514
426.475514
426.475514
426.475514
426.475514
388.523952
388.523952
388.523952
388.523952
388.523952
388.523952
388.523952
388.523952
388.523952
388.523952
388.523952
388.523952
388.523952
388.523952
388.523952
388.523952
388.523952
388.523952
388.523952
388.523952
354.737807
354.737807
354.737807
354.737807
354.737807
354.737807
354.737807
354.737807
354.737807
354.737807
354.737807
354.737807
354.737807
354.737807
354.737807
354.737807
354.737807
354.737807
354.737807
354.737807
324.293148
324.293148
324.293148
324.293148
324.293148
324.293148
324.293148
324.293148
324.293148
324.293148
324.293148
324.293148
324.293148
324.293148
324.293148
324.293148
324.293148
324.293148
324.293148
324.293148
296.588508
296.588508
296.588508
296.588508
296.588508
296.588508
296.588508
296.588508
296.588508
296.588508
296.588508
296.588508
296.588508
296.588508
296.588508
296.588508
296.588508
296.588508
296.588508
296.588508
271.171408
271.171408
271.171408
271.171408
271.171408
271.171408
271.171408
271.171408
271.171408
271.171408
271.171408
271.171408
271.171408
271.171408
271.171408
271.171408
271.171408
271.171408
271.171408
271.171408
247.692900
247.692900
247.692900
247.692900
247.692900
247.692900
247.692900
247.692900
247.692900
247.692900
247.692900
247.692900
247.692900
247.692900
247.692900
247.692900
247.692900
247.692900
247.692900
247.692900
225.878223
225.878223
225.878223
225.878223
225.878223
225.878223
225.878223
225.878223
225.878223
225.878223
225.878223
225.878223
225.878223
225.878223
225.878223
225.878223
225.878223
225.878223
225.878223
225.878223
205.507164
205.507164
205.507164
205.507164
205.507164
205.507164
205.507164
205.507164
205.507164
205.507164
205.507164
205.507164
205.507164
205.507164
205.507164
205.507164
205.507164
205.507164
205.507164
205.507164
186.400516
186.400516
186.400516
186.400516
186.400516
186.400516
186.400516
186.400516
186.400516
186.400516
186.400516
186.400516
186.400516
186.400516
186.400516
186.400516
186.400516
186.400516
186.400516
186.400516
168.410491
168.410491
168.410491
168.410491
168.410491
168.410491
168.410491
168.410491
168.410491
168.410491
168.410491
168.410491
168.410491
168.410491
168.410491
168.410491
168.410491
168.410491
168.410491
168.410491
151.413779
151.413779
151.413779
151.413779
151.413779
151.413779
151.413779
151.413779
151.413779
151.413779
151.413779
151.413779
151.413779
151.413779
151.413779
151.413779
151.413779
151.413779
151.413779
151.413779
135.306431
135.306431
135.306431
135.306431
135.306431
135.306431
135.306431
135.306431
135.306431
135.306431
135.306431
135.306431
135.306431
135.306431
135.306431
135.306431
135.306431
135.306431
135.306431
135.306431
120.000000
120.000000
120.000000
120.000000
120.000000
120.000000
120.000000
120.000000
120.000000
120.000000
120.000000
120.000000
120.000000
120.000000
120.000000
120.000000
120.000000
120.000000
120.000000
120.000000
1200.000000
1200.000000
1200.000000
1200.000000
1200.000000
1200.000000
1200.000000
1200.000000
1200.000000
1200.000000
1200.000000
1200.000000
1200.000000
1200.000000
1200.000000
1200.000000
1200.000000
1200.000000
1200.000000
1200.000000
1005.581477
1005.581477
1005.581477
1005.581477
1005.581477
1005.581477
1005.581477
1005.581477
1005.581477
1005.581477
1005.581477
1005.581477
1005.581477
1005.581477
1005.581477
1005.581477
1005.581477
1005.581477
1005.581477
1005.581477
873.654622
873.654622
873.654622
873.654622
873.654622
873.654622
873.654622
873.654622
873.654622
873.654622
873.654622
873.654622
873.654622
873.654622
873.654622
873.654622
873.654622
873.654622
873.654622
873.654622
773.818083
773.818083
773.818083
773.818083
773.818083
773.818083
773.818083
773.818083
773.818083
773.818083
773.818083
773.818083
773.818083
773.818083
773.818083
773.818083
773.818083
773.818083
773.818083
773.818083
693.514780
693.514780
693.514780
693.514780
693.514780
693.514780
693.514780
693.514780
693.514780
693.514780
693.514780
693.514780
693.514780
693.514780
693.514780
693.514780
693.514780
693.514780
693.514780
693.514780
626.352017
626.352017
626.352017
626.352017
626.352017
626.352017
626.352017
626.352017
626.352017
626.352017
626.352017
626.352017
626.352017
626.352017
626.352017
626.352017
626.352017
626.352017
626.352017
626.352017
568.634018
568.634018
568.634018
568.634018
568.634018
568.634018
568.634018
568.634018
568.634018
568.634018
568.634018
568.634018
568.634018
568.634018
568.634018
568.634018
568.634018
568.634018
568.634018
568.634018
518.031937
518.031937
518.031937
518.031937
518.031937
518.031937
518.031937
518.031937
518.031937
518.031937
518.031937
518.031937
518.031937
518.031937
518.031937
518.031937
518.031937
518.031937
518.031937
518.031937
472.983742
472.983742
472.983742
472.983742
472.983742
472.983742
472.983742
472.983742
472.983742
472.983742
472.983742
472.983742
472.983742
472.983742
472.983742
472.983742
472.983742
472.983742
472.983742
472.983742
432.390864
432.390864
432.390864
432.390864
432.390864
432.390864
432.390864
432.390864
432.390864
432.390864
432.390864
432.390864
432.390864
432.390864
432.390864
432.390864
432.390864
432.390864
432.390864
432.390864
395.451344
395.451344
395.451344
395.451344
395.451344
395.451344
395.451344
395.451344
395.451344
395.451344
395.451344
395.451344
395.451344
395.451344
395.451344
395.451344
395.451344
395.451344
395.451344
395.451344
361.561877
361.561877
361.561877
361.561877
361.561877
361.561877
361.561877
361.561877
361.561877
361.561877
361.561877
361.561877
361.561877
361.561877
361.561877
361.561877
361.561877
361.561877
361.561877
361.561877
330.257200
330.257200
330.257200
330.257200
330.257200
330.257200
330.257200
330.257200
330.257200
330.257200
330.257200
330.257200
330.257200
330.257200
330.257200
330.257200
330.257200
330.257200
330.257200
330.257200
301.170964
301.170964
301.170964
301.170964
301.170964
301.170964
301.170964
301.170964
301.170964
301.170964
301.170964
301.170964
301.170964
301.170964
301.170964
301.170964
301.170964
301.170964
301.170964
301.170964
274.009552
274.009552
274.009552
274.009552
274.009552
274.009552
274.009552
274.009552
274.009552
274.009552
274.009552
274.009552
274.009552
274.009552
274.009552
274.009552
274.009552
274.009552
274.009552
274.009552
248.534022
248.534022
248.534022
248.534022
248.534022
248.534022
248.534022
248.534022
248.534022
248.534022
248.534022
248.534022
248.534022
248.534022
248.534022
248.534022
248.534022
248.534022
248.534022
248.534022
224.547321
224.547321
224.547321
224.547321
224.547321
224.547321
224.547321
224.547321
224.547321
224.547321
224.547321
224.547321
224.547321
224.547321
224.547321
224.547321
224.547321
224.547321
224.547321
224.547321
201.885039
201.885039
201.885039
201.885039
201.885039
201.885039
201.885039
201.885039
201.885039
201.885039
201.885039
201.885039
201.885039
201.885039
201.885039
201.885039
201.885039
201.885039
201.885039
201.885039
180.408574
180.408574
180.408574
180.408574
180.408574
180.408574
180.408574
180.408574
180.408574
180.408574
180.408574
180.408574
180.408574
180.408574
180.408574
180.408574
180.408574
180.408574
180.408574
180.408574
160.000000
160.000000
160.000000
160.000000
160.000000
160.000000
160.000000
160.000000
160.000000
160.000000
160.000000
160.000000
160.000000
160.000000
160.000000
160.000000
160.000000
160.000000
160.000000
160.000000
