0.000000
0.000000
0.000000
0.000000
0.000000
0.000000
0.000000
0.000000
0.000000
0.000000
0.000000
0.000000
0.000000
0.000000
0.000000
0.000000
0.000000
0.000000
0.000000
0.000000
-0.000000
-0.000000
-0.000000
-0.000000
-0.000000
-0.000000
-0.000000
-0.000000
-0.000000
-0.000000
-0.000000
-0.000000
-0.000000
-0.000000
-0.000000
-0.000000
-0.000000
-0.000000
-0.000000
-0.000000
-0.000000
-0.000000
-0.000000
-0.000000
-0.000000
-0.000000
-0.000000
-0.000000
-0.000000
-0.000000
-0.000000
-0.000000
-0.000000
-0.000000
-0.000000
-0.000000
-0.000000
-0.000000
-0.000000
-0.000000
-0.000000
-0.000000
-0.000000
-0.000000
-0.000000
-0.000000
-0.000000
-0.000000
-0.000000
-0.000000
-0.000000
-0.000000
-0.000000
-0.000000
-0.000000
-0.000000
-0.000000
-0.000000
-0.000000
-0.000000
-0.000000
-0.000000
-0.000000
-0.000000
-0.000000
-0.000000
-0.000000
-0.000000
-0.000000
-0.000000
-0.000000
-0.000000
-0.000000
-0.000000
-0.000000
-0.000000
-0.000000
-0.000000
-0.000000
-0.000000
-0.000000
-0.000000
-0.000000
-0.000000
-0.000000
-0.000000
-0.000000
-0.000000
-0.000000
-0.000000
-0.000000
-0.000000
-0.000000
-0.000000
-0.000000
-0.000000
-0.000000
-0.000000
-0.000000
-0.000000
-0.000000
-0.000000
-0.000000
-0.000000
-0.000000
-0.000000
-0.000000
-0.000000
-0.000000
-0.000000
-0.000000
-0.000000
-0.000000
-0.000000
-0.000000
-0.000000
-0.000000
-0.000000
-0.000000
-0.000000
-0.000000
-0.000000
-0.000000
-0.000000
-0.000000
-0.000000
-0.000000
-0.000000
-0.000000
-0.000000
-0.000000
-0.000000
-0.000000
-0.000000
-0.000000
-0.000000
-0.000000
-0.000000
-0.000000
-0.000000
-0.000000
-0.000000
-0.000000
-0.000000
-0.000000
-0.000000
-0.000000
-0.000000
-0.000000
-0.000000
-0.000000
-0.000000
-0.000000
-0.000000
-0.000000
-0.000000
-0.000000
-0.000000
-0.000000
-0.000000
-0.000000
-0.000000
-0.000000
-0.000000
-0.000000
-0.000000
-0.000000
-0.000000
-0.000000
-0.000000
-0.000000
-0.000000
-0.000000
-0.000000
-0.000000
-0.000000
-0.000000
-0.000000
-0.000000
-0.000000
-0.000000
-0.000000
-0.000000
-0.000000
-0.000000
-0.000000
-0.000000
-0.000000
-0.000000
-0.000000
-0.000000
-0.000000
-0.000000
-0.000000
-0.000000
-0.000000
-0.000000
-0.000000
-0.000000
-0.000000
-0.000000
-0.000000
-0.000000
-0.000000
-0.000000
-0.000000
-0.000000
-0.000000
-0.000000
-0.000000
-0.000000
-0.000000
-0.000000
-0.000000
-0.000000
-0.000000
-0.000000
-0.000000
-0.000000
-0.000000
-0.000000
-0.000000
-0.000000
-0.000000
-0.000000
-0.000000
-0.000000
-0.000000
-0.000000
-0.000000
-0.000000
-0.000000
-0.000000
-0.000000
-0.000000
-0.000000
-0.000000
-0.000000
-0.000000
-0.000000
-0.000000
-0.000000
-0.000000
-0.000000
-0.000000
-0.000000
-0.000000
-0.000000
-0.000000
-0.000000
-0.000000
-0.000000
-0.000000
-0.000000
-0.000000
-0.000000
-0.000000
-0.000000
-0.000000
-0.000000
-0.000000
-0.000000
-0.000000
-0.000000
-0.000000
-0.000000
-0.000000
-0.000000
-0.000000
-0.000000
-0.000000
-0.000000
-0.000000
-0.000000
-0.000000
-0.000000
-0.000000
-0.000000
-0.000000
-0.000000
-0.000000
-0.000000
-0.000000
-0.000000
-0.000000
-0.000000
-0.000000
-0.000000
-0.000000
-0.000000
-0.000000
-0.000000
-0.000000
-0.000000
-0.000000
-0.000000
-0.000000
-0.000000
-0.000000
-0.000000
-0.000000
-0.000000
-0.000000
-0.000000
-0.000000
-0.000000
-0.000000
-0.000000
-0.000000
-0.000000
-0.000000
-0.000000
-0.000000
-0.000000
-0.000000
-0.000000
-0.000000
-0.000000
-0.000000
-0.000000
-0.000000
-0.000000
-0.000000
-0.000000
-0.000000
-0.000000
-0.000000
-0.000000
-0.000000
-0.000000
-0.000000
-0.000000
-0.000000
-0.000000
-0.000000
-0.000000
-0.000000
-0.000000
-0.000000
-0.000000
-0.000000
-0.000000
-0.000000
-0.000000
-0.000000
-0.000000
-0.000000
-0.000000
-0.000000
-0.000000
-0.000000
-0.000000
-0.000000
-0.000000
-0.000000
-0.000000
-0.000000
-0.000000
-0.000000
-0.000000
0.000000
0.000000
0.000000
0.000000
0.000000
0.000000
0.000000
0.000000
0.000000
0.000000
0.000000
0.000000
0.000000
0.000000
0.000000
0.000000
0.000000
0.000000
0.000000
0.000000
100.000000
100.000000
100.000000
100.000000
100.000000
100.000000
100.000000
100.000000
100.000000
100.000000
100.000000
100.000000
100.000000
100.000000
100.000000
100.000000
100.000000
100.000000
100.000000
100.000000
83.798456
83.798456
83.798456
83.798456
83.798456
83.798456
83.798456
83.798456
83.798456
83.798456
83.798456
83.798456
83.798456
83.798456
83.798456
83.798456
83.798456
83.798456
83.798456
83.798456
72.804552
72.804552
72.804552
72.804552
72.804552
72.804552
72.804552
72.804552
72.804552
72.804552
72.804552
72.804552
72.804552
72.804552
72.804552
72.804552
72.804552
72.804552
72.804552
72.804552
64.484840
64.484840
64.484840
64.484840
64.484840
64.484840
64.484840
64.484840
64.484840
64.484840
64.484840
64.484840
64.484840
64.484840
64.484840
64.484840
64.484840
64.484840
64.484840
64.484840
57.792898
57.792898
57.792898
57.792898
57.792898
57.792898
57.792898
57.792898
57.792898
57.792898
57.792898
57.792898
57.792898
57.792898
57.792898
57.792898
57.792898
57.792898
57.792898
57.792898
52.196001
52.196001
52.196001
52.196001
52.196001
52.196001
52.196001
52.196001
52.196001
52.196001
52.196001
52.196001
52.196001
52.196001
52.196001
52.196001
52.196001
52.196001
52.196001
52.196001
47.386168
47.386168
47.386168
47.386168
47.386168
47.386168
47.386168
47.386168
47.386168
47.386168
47.386168
47.386168
47.386168
47.386168
47.386168
47.386168
47.386168
47.386168
47.386168
47.386168
43.169328
43.169328
43.169328
43.169328
43.169328
43.169328
43.169328
43.169328
43.169328
43.169328
43.169328
43.169328
43.169328
43.169328
43.169328
43.169328
43.169328
43.169328
43.169328
43.169328
39.415312
39.415312
39.415312
39.415312
39.415312
39.415312
39.415312
39.415312
39.415312
39.415312
39.415312
39.415312
39.415312
39.415312
39.415312
39.415312
39.415312
39.415312
39.415312
39.415312
36.032572
36.032572
36.032572
36.032572
36.032572
36.032572
36.032572
36.032572
36.032572
36.032572
36.032572
36.032572
36.032572
36.032572
36.032572
36.032572
36.032572
36.032572
36.032572
36.032572
32.954279
32.954279
32.954279
32.954279
32.954279
32.954279
32.954279
32.954279
32.954279
32.954279
32.954279
32.954279
32.954279
32.954279
32.954279
32.954279
32.954279
32.954279
32.954279
32.954279
30.130156
30.130156
30.130156
30.130156
30.130156
30.130156
30.130156
30.130156
30.130156
30.130156
30.130156
30.130156
30.130156
30.130156
30.130156
30.130156
30.130156
30.130156
30.130156
30.130156
27.521433
27.521433
27.521433
27.521433
27.521433
27.521433
27.521433
27.521433
27.521433
27.521433
27.521433
27.521433
27.521433
27.521433
27.521433
27.521433
27.521433
27.521433
27.521433
27.521433
25.097580
25.097580
25.097580
25.097580
25.097580
25.097580
25.097580
25.097580
25.097580
25.097580
25.097580
25.097580
25.097580
25.097580
25.097580
25.097580
25.097580
25.097580
25.097580
25.097580
22.834129
22.834129
22.834129
22.834129
22.834129
22.834129
22.834129
22.834129
22.834129
22.834129
22.834129
22.834129
22.834129
22.834129
22.834129
22.834129
22.834129
22.834129
22.834129
22.834129
20.711168
20.711168
20.711168
20.711168
20.711168
20.711168
20.711168
20.711168
20.711168
20.711168
20.711168
20.711168
20.711168
20.711168
20.711168
20.711168
20.711168
20.711168
20.711168
20.711168
18.712277
18.712277
18.712277
18.712277
18.712277
18.712277
18.712277
18.712277
18.712277
18.712277
18.712277
18.712277
18.712277
18.712277
18.712277
18.712277
18.712277
18.712277
18.712277
18.712277
16.823753
16.823753
16.823753
16.823753
16.823753
16.823753
16.823753
16.823753
16.823753
16.823753
16.823753
16.823753
16.823753
16.823753
16.823753
16.823753
16.823753
16.823753
16.823753
16.823753
15.034048
15.034048
15.034048
15.034048
15.034048
15.034048
15.034048
15.034048
15.034048
15.034048
15.034048
15.034048
15.034048
15.034048
15.034048
15.034048
15.034048
15.034048
15.034048
15.034048
13.333333
13.333333
13.333333
13.333333
13.333333
13.333333
13.333333
13.333333
13.333333
13.333333
13.333333
13.333333
13.333333
13.333333
13.333333
13.333333
13.333333
13.333333
13.333333
13.333333
200.000000
200.000000
200.000000
200.000000
200.000000
200.000000
200.000000
200.000000
200.000000
200.000000
200.000000
200.000000
200.000000
200.000000
200.000000
200.000000
200.000000
200.000000
200.000000
200.000000
167.596913
167.596913
167.596913
167.596913
167.596913
167.596913
167.596913
167.596913
167.596913
167.596913
167.596913
167.596913
167.596913
167.596913
167.596913
167.596913
167.596913
167.596913
167.596913
167.596913
145.609104
145.609104
145.609104
145.609104
145.609104
145.609104
145.609104
145.609104
145.609104
145.609104
145.609104
145.609104
145.609104
145.609104
145.609104
145.609104
145.609104
145.609104
145.609104
145.609104
128.969680
128.969680
128.969680
128.969680
128.969680
128.969680
128.969680
128.969680
128.969680
128.969680
128.969680
128.969680
128.969680
128.969680
128.969680
128.969680
128.969680
128.969680
128.969680
128.969680
115.585797
115.585797
115.585797
115.585797
115.585797
115.585797
115.585797
115.585797
115.585797
115.585797
115.585797
115.585797
115.585797
115.585797
115.585797
115.585797
115.585797
115.585797
115.585797
115.585797
104.392003
104.392003
104.392003
104.392003
104.392003
104.392003
104.392003
104.392003
104.392003
104.392003
104.392003
104.392003
104.392003
104.392003
104.392003
104.392003
104.392003
104.392003
104.392003
104.392003
94.772336
94.772336
94.772336
94.772336
94.772336
94.772336
94.772336
94.772336
94.772336
94.772336
94.772336
94.772336
94.772336
94.772336
94.772336
94.772336
94.772336
94.772336
94.772336
94.772336
86.338656
86.338656
86.338656
86.338656
86.338656
86.338656
86.338656
86.338656
86.338656
86.338656
86.338656
86.338656
86.338656
86.338656
86.338656
86.338656
86.338656
86.338656
86.338656
86.338656
78.830624
78.830624
78.830624
78.830624
78.830624
78.830624
78.830624
78.830624
78.830624
78.830624
78.830624
78.830624
78.830624
78.830624
78.830624
78.830624
78.830624
78.830624
78.830624
78.830624
72.065144
72.065144
72.065144
72.065144
72.065144
72.065144
72.065144
72.065144
72.065144
72.065144
72.065144
72.065144
72.065144
72.065144
72.065144
72.065144
72.065144
72.065144
72.065144
72.065144
65.908557
65.908557
65.908557
65.908557
65.908557
65.908557
65.908557
65.908557
65.908557
65.908557
65.908557
65.908557
65.908557
65.908557
65.908557
65.908557
65.908557
65.908557
65.908557
65.908557
60.260313
60.260313
60.260313
60.260313
60.260313
60.260313
60.260313
60.260313
60.260313
60.260313
60.260313
60.260313
60.260313
60.260313
60.260313
60.260313
60.260313
60.260313
60.260313
60.260313
55.042867
55.042867
55.042867
55.042867
55.042867
55.042867
55.042867
55.042867
55.042867
55.042867
55.042867
55.042867
55.042867
55.042867
55.042867
55.042867
55.042867
55.042867
55.042867
55.042867
50.195161
50.195161
50.195161
50.195161
50.195161
50.195161
50.195161
50.195161
50.195161
50.195161
50.195161
50.195161
50.195161
50.195161
50.195161
50.195161
50.195161
50.195161
50.195161
50.195161
45.668259
45.668259
45.668259
45.668259
45.668259
45.668259
45.668259
45.668259
45.668259
45.668259
45.668259
45.668259
45.668259
45.668259
45.668259
45.668259
45.668259
45.668259
45.668259
45.668259
41.422337
41.422337
41.422337
41.422337
41.422337
41.422337
41.422337
41.422337
41.422337
41.422337
41.422337
41.422337
41.422337
41.422337
41.422337
41.422337
41.422337
41.422337
41.422337
41.422337
37.424553
37.424553
37.424553
37.424553
37.424553
37.424553
37.424553
37.424553
37.424553
37.424553
37.424553
37.424553
37.424553
37.424553
37.424553
37.424553
37.424553
37.424553
37.424553
37.424553
33.647507
33.647507
33.647507
33.647507
33.647507
33.647507
33.647507
33.647507
33.647507
33.647507
33.647507
33.647507
33.647507
33.647507
33.647507
33.647507
33.647507
33.647507
33.647507
33.647507
30.068096
30.068096
30.068096
30.068096
30.068096
30.068096
30.068096
30.068096
30.068096
30.068096
30.068096
30.068096
30.068096
30.068096
30.068096
30.068096
30.068096
30.068096
30.068096
30.068096
26.666667
26.666667
26.666667
26.666667
26.666667
26.666667
26.666667
26.666667
26.666667
26.666667
26.666667
26.666667
26.666667
26.666667
26.666667
26.666667
26.666667
26.666667
26.666667
26.666667
300.000000
300.000000
300.000000
300.000000
300.000000
300.000000
300.000000
300.000000
300.000000
300.000000
300.000000
300.000000
300.000000
300.000000
300.000000
300.000000
300.000000
300.000000
300.000000
300.000000
251.395369
251.395369
251.395369
251.395369
251.395369
251.395369
251.395369
251.395369
251.395369
251.395369
251.395369
251.395369
251.395369
251.395369
251.395369
251.395369
251.395369
251.395369
251.395369
251.395369
218.413655
218.413655
218.413655
218.413655
218.413655
218.413655
218.413655
218.413655
218.413655
218.413655
218.413655
218.413655
218.413655
218.413655
218.413655
218.413655
218.413655
218.413655
218.413655
218.413655
193.454521
193.454521
193.454521
193.454521
193.454521
193.454521
193.454521
193.454521
193.454521
193.454521
193.454521
193.454521
193.454521
193.454521
193.454521
193.454521
193.454521
193.454521
193.454521
193.454521
173.378695
173.378695
173.378695
173.378695
173.378695
173.378695
173.378695
173.378695
173.378695
173.378695
173.378695
173.378695
173.378695
173.378695
173.378695
173.378695
173.378695
173.378695
173.378695
173.378695
156.588004
156.588004
156.588004
156.588004
156.588004
156.588004
156.588004
156.588004
156.588004
156.588004
156.588004
156.588004
156.588004
156.588004
156.588004
156.588004
156.588004
156.588004
156.588004
156.588004
142.158505
142.158505
142.158505
142.158505
142.158505
142.158505
142.158505
142.158505
142.158505
142.158505
142.158505
142.158505
142.158505
142.158505
142.158505
142.158505
142.158505
142.158505
142.158505
142.158505
129.507984
129.507984
129.507984
129.507984
129.507984
129.507984
129.507984
129.507984
129.507984
129.507984
129.507984
129.507984
129.507984
129.507984
129.507984
129.507984
129.507984
129.507984
129.507984
129.507984
118.245936
118.245936
118.245936
118.245936
118.245936
118.245936
118.245936
118.245936
118.245936
118.245936
118.245936
118.245936
118.245936
118.245936
118.245936
118.245936
118.245936
118.245936
118.245936
118.245936
108.097716
108.097716
108.097716
108.097716
108.097716
108.097716
108.097716
108.097716
108.097716
108.097716
108.097716
108.097716
108.097716
108.097716
108.097716
108.097716
108.097716
108.097716
108.097716
108.097716
98.862836
98.862836
98.862836
98.862836
98.862836
98.862836
98.862836
98.862836
98.862836
98.862836
98.862836
98.862836
98.862836
98.862836
98.862836
98.862836
98.862836
98.862836
98.862836
98.862836
90.390469
90.390469
90.390469
90.390469
90.390469
90.390469
90.390469
90.390469
90.390469
90.390469
90.390469
90.390469
90.390469
90.390469
90.390469
90.390469
90.390469
90.390469
90.390469
90.390469
82.564300
82.564300
82.564300
82.564300
82.564300
82.564300
82.564300
82.564300
82.564300
82.564300
82.564300
82.564300
82.564300
82.564300
82.564300
82.564300
82.564300
82.564300
82.564300
82.564300
75.292741
75.292741
75.292741
75.292741
75.292741
75.292741
75.292741
75.292741
75.292741
75.292741
75.292741
75.292741
75.292741
75.292741
75.292741
75.292741
75.292741
75.292741
75.292741
75.292741
68.502388
68.502388
68.502388
68.502388
68.502388
68.502388
68.502388
68.502388
68.502388
68.502388
68.502388
68.502388
68.502388
68.502388
68.502388
68.502388
68.502388
68.502388
68.502388
68.502388
62.133505
62.133505
62.133505
62.133505
62.133505
62.133505
62.133505
62.133505
62.133505
62.133505
62.133505
62.133505
62.133505
62.133505
62.133505
62.133505
62.133505
62.133505
62.133505
62.133505
56.136830
56.136830
56.136830
56.136830
56.136830
56.136830
56.136830
56.136830
56.136830
56.136830
56.136830
56.136830
56.136830
56.136830
56.136830
56.136830
56.136830
56.136830
56.136830
56.136830
50.471260
50.471260
50.471260
50.471260
50.471260
50.471260
50.471260
50.471260
50.471260
50.471260
50.471260
50.471260
50.471260
50.471260
50.471260
50.471260
50.471260
50.471260
50.471260
50.471260
45.102144
45.102144
45.102144
45.102144
45.102144
45.102144
45.102144
45.102144
45.102144
45.102144
45.102144
45.102144
45.102144
45.102144
45.102144
45.102144
45.102144
45.102144
45.102144
45.102144
40.000000
40.000000
40.000000
40.000000
40.000000
40.000000
40.000000
40.000000
40.000000
40.000000
40.000000
40.000000
40.000000
40.000000
40.000000
40.000000
40.000000
40.000000
40.000000
40.000000
400.000000
400.000000
400.000000
400.000000
400.000000
400.000000
400.000000
400.000000
400.000000
400.000000
400.000000
400.000000
400.000000
400.000000
400.000000
400.000000
400.000000
400.000000
400.000000
400.000000
335.193826
335.193826
335.193826
335.193826
335.193826
335.193826
335.193826
335.193826
335.193826
335.193826
335.193826
335.193826
335.193826
335.193826
335.193826
335.193826
335.193826
335.193826
335.193826
335.193826
291.218207
291.218207
291.218207
291.218207
291.218207
291.218207
291.218207
291.218207
291.218207
291.218207
291.218207
291.218207
291.218207
291.218207
291.218207
291.218207
291.218207
291.218207
291.218207
291.218207
257.939361
257.939361
257.939361
257.939361
257.939361
257.939361
257.939361
257.939361
257.939361
257.939361
257.939361
257.939361
257.939361
257.939361
257.939361
257.939361
257.939361
257.939361
257.939361
257.939361
231.171593
231.171593
231.171593
231.171593
231.171593
231.171593
231.171593
231.171593
231.171593
231.171593
231.171593
231.171593
231.171593
231.171593
231.171593
231.171593
231.171593
231.171593
231.171593
231.171593
208.784006
208.784006
208.784006
208.784006
208.784006
208.784006
208.784006
208.784006
208.784006
208.784006
208.784006
208.784006
208.784006
208.784006
208.784006
208.784006
208.784006
208.784006
208.784006
208.784006
189.544673
189.544673
189.544673
189.544673
189.544673
189.544673
189.544673
189.544673
189.544673
189.544673
189.544673
189.544673
189.544673
189.544673
189.544673
189.544673
189.544673
189.544673
189.544673
189.544673
172.677312
172.677312
172.677312
172.677312
172.677312
172.677312
172.677312
172.677312
172.677312
172.677312
172.677312
172.677312
172.677312
172.677312
172.677312
172.677312
172.677312
172.677312
172.677312
172.677312
157.661247
157.661247
157.661247
157.661247
157.661247
157.661247
157.661247
157.661247
157.661247
157.661247
157.661247
157.661247
157.661247
157.661247
157.661247
157.661247
157.661247
157.661247
157.661247
157.661247
144.130288
144.130288
144.130288
144.130288
144.130288
144.130288
144.130288
144.130288
144.130288
144.130288
144.130288
144.130288
144.130288
144.130288
144.130288
144.130288
144.130288
144.130288
144.130288
144.130288
131.817115
131.817115
131.817115
131.817115
131.817115
131.817115
131.817115
131.817115
131.817115
131.817115
131.817115
131.817115
131.817115
131.817115
131.817115
131.817115
131.817115
131.817115
131.817115
131.817115
120.520626
120.520626
120.520626
120.520626
120.520626
120.520626
120.520626
120.520626
120.520626
120.520626
120.520626
120.520626
120.520626
120.520626
120.520626
120.520626
120.520626
120.520626
120.520626
120.520626
110.085733
110.085733
110.085733
110.085733
110.085733
110.085733
110.085733
110.085733
110.085733
110.085733
110.085733
110.085733
110.085733
110.085733
110.085733
110.085733
110.085733
110.085733
110.085733
110.085733
100.390321
100.390321
100.390321
100.390321
100.390321
100.390321
100.390321
100.390321
100.390321
100.390321
100.390321
100.390321
100.390321
100.390321
100.390321
100.390321
100.390321
100.390321
100.390321
100.390321
91.336517
91.336517
91.336517
91.336517
91.336517
91.336517
91.336517
91.336517
91.336517
91.336517
91.336517
91.336517
91.336517
91.336517
91.336517
91.336517
91.336517
91.336517
91.336517
91.336517
82.844674
82.844674
82.844674
82.844674
82.844674
82.844674
82.844674
82.844674
82.844674
82.844674
82.844674
82.844674
82.844674
82.844674
82.844674
82.844674
82.844674
82.844674
82.844674
82.844674
74.849107
74.849107
74.849107
74.849107
74.849107
74.849107
74.849107
74.849107
74.849107
74.849107
74.849107
74.849107
74.849107
74.849107
74.849107
74.849107
74.849107
74.849107
74.849107
74.849107
67.295013
67.295013
67.295013
67.295013
67.295013
67.295013
67.295013
67.295013
67.295013
67.295013
67.295013
67.295013
67.295013
67.295013
67.295013
67.295013
67.295013
67.295013
67.295013
67.295013
60.136191
60.136191
60.136191
60.136191
60.136191
60.136191
60.136191
60.136191
60.136191
60.136191
60.136191
60.136191
60.136191
60.136191
60.136191
60.136191
60.136191
60.136191
60.136191
60.136191
53.333333
53.333333
53.333333
53.333333
53.333333
53.333333
53.333333
53.333333
53.333333
53.333333
53.333333
53.333333
53.333333
53.333333
53.333333
53.333333
53.333333
53.333333
53.333333
53.333333
500.000000
500.000000
500.000000
500.000000
500.000000
500.000000
500.000000
500.000000
500.000000
500.000000
500.000000
500.000000
500.000000
500.000000
500.000000
500.000000
500.000000
500.000000
500.000000
500.000000
418.992282
418.992282
418.992282
418.992282
418.992282
418.992282
418.992282
418.992282
418.992282
418.992282
418.992282
418.992282
418.992282
418.992282
418.992282
418.992282
418.992282
418.992282
418.992282
418.992282
364.022759
364.022759
364.022759
364.022759
364.022759
364.022759
364.022759
364.022759
364.022759
364.022759
364.022759
364.022759
364.022759
364.022759
364.022759
364.022759
364.022759
364.022759
364.022759
364.022759
322.424201
322.424201
322.424201
322.424201
322.424201
322.424201
322.424201
322.424201
322.424201
322.424201
322.424201
322.424201
322.424201
322.424201
322.424201
322.424201
322.424201
322.424201
322.424201
322.424201
288.964492
288.964492
288.964492
288.964492
288.964492
288.964492
288.964492
288.964492
288.964492
288.964492
288.964492
288.964492
288.964492
288.964492
288.964492
288.964492
288.964492
288.964492
288.964492
288.964492
260.980007
260.980007
260.980007
260.980007
260.980007
260.980007
260.980007
260.980007
260.980007
260.980007
260.980007
260.980007
260.980007
260.980007
260.980007
260.980007
260.980007
260.980007
260.980007
260.980007
236.930841
236.930841
236.930841
236.930841
236.930841
236.930841
236.930841
236.930841
236.930841
236.930841
236.930841
236.930841
236.930841
236.930841
236.930841
236.930841
236.930841
236.930841
236.930841
236.930841
215.846640
215.846640
215.846640
215.846640
215.846640
215.846640
215.846640
215.846640
215.846640
215.846640
215.846640
215.846640
215.846640
215.846640
215.846640
215.846640
215.846640
215.846640
215.846640
215.846640
197.076559
197.076559
197.076559
197.076559
197.076559
197.076559
197.076559
197.076559
197.076559
197.076559
197.076559
197.076559
197.076559
197.076559
197.076559
197.076559
197.076559
197.076559
197.076559
197.076559
180.162860
180.162860
180.162860
180.162860
180.162860
180.162860
180.162860
180.162860
180.162860
180.162860
180.162860
180.162860
180.162860
180.162860
180.162860
180.162860
180.162860
180.162860
180.162860
180.162860
164.771393
164.771393
164.771393
164.771393
164.771393
164.771393
164.771393
164.771393
164.771393
164.771393
164.771393
164.771393
164.771393
164.771393
164.771393
164.771393
164.771393
164.771393
164.771393
164.771393
150.650782
150.650782
150.650782
150.650782
150.650782
150.650782
150.650782
150.650782
150.650782
150.650782
150.650782
150.650782
150.650782
150.650782
150.650782
150.650782
150.650782
150.650782
150.650782
150.650782
137.607166
137.607166
137.607166
137.607166
137.607166
137.607166
137.607166
137.607166
137.607166
137.607166
137.607166
137.607166
137.607166
137.607166
137.607166
137.607166
137.607166
137.607166
137.607166
137.607166
125.487902
125.487902
125.487902
125.487902
125.487902
125.487902
125.487902
125.487902
125.487902
125.487902
125.487902
125.487902
125.487902
125.487902
125.487902
125.487902
125.487902
125.487902
125.487902
125.487902
114.170647
114.170647
114.170647
114.170647
114.170647
114.170647
114.170647
114.170647
114.170647
114.170647
114.170647
114.170647
114.170647
114.170647
114.170647
114.170647
114.170647
114.170647
114.170647
114.170647
103.555842
103.555842
103.555842
103.555842
103.555842
103.555842
103.555842
103.555842
103.555842
103.555842
103.555842
103.555842
103.555842
103.555842
103.555842
103.555842
103.555842
103.555842
103.555842
103.555842
93.561384
93.561384
93.561384
93.561384
93.561384
93.561384
93.561384
93.561384
93.561384
93.561384
93.561384
93.561384
93.561384
93.561384
93.561384
93.561384
93.561384
93.561384
93.561384
93.561384
84.118766
84.118766
84.118766
84.118766
84.118766
84.118766
84.118766
84.118766
84.118766
84.118766
84.118766
84.118766
84.118766
84.118766
84.118766
84.118766
84.118766
84.118766
84.118766
84.118766
75.170239
75.170239
75.170239
75.170239
75.170239
75.170239
75.170239
75.170239
75.170239
75.170239
75.170239
75.170239
75.170239
75.170239
75.170239
75.170239
75.170239
75.170239
75.170239
75.170239
66.666667
66.666667
66.666667
66.666667
66.666667
66.666667
66.666667
66.666667
66.666667
66.666667
66.666667
66.666667
66.666667
66.666667
66.666667
66.666667
66.666667
66.666667
66.666667
66.666667
600.000000
600.000000
600.000000
600.000000
600.000000
600.000000
600.000000
600.000000
600.000000
600.000000
600.000000
600.000000
600.000000
600.000000
600.000000
600.000000
600.000000
600.000000
600.000000
600.000000
502.790738
502.790738
502.790738
502.790738
502.790738
502.790738
502.790738
502.790738
502.790738
502.790738
502.790738
502.790738
502.790738
502.790738
502.790738
502.790738
502.790738
502.790738
502.790738
502.790738
436.827311
436.827311
436.827311
436.827311
436.827311
436.827311
436.827311
436.827311
436.827311
436.827311
436.827311
436.827311
436.827311
436.827311
436.827311
436.827311
436.827311
436.827311
436.827311
436.827311
386.909041
386.909041
386.909041
386.909041
386.909041
386.909041
386.909041
386.909041
386.909041
386.909041
386.909041
386.909041
386.909041
386.909041
386.909041
386.909041
386.909041
386.909041
386.909041
386.909041
346.757390
346.757390
346.757390
346.757390
346.757390
346.757390
346.757390
346.757390
346.757390
346.757390
346.757390
346.757390
346.757390
346.757390
346.757390
346.757390
346.757390
346.757390
346.757390
346.757390
313.176009
313.176009
313.176009
313.176009
313.176009
313.176009
313.176009
313.176009
313.176009
313.176009
313.176009
313.176009
313.176009
313.176009
313.176009
313.176009
313.176009
313.176009
313.176009
313.176009
284.317009
284.317009
284.317009
284.317009
284.317009
284.317009
284.317009
284.317009
284.317009
284.317009
284.317009
284.317009
284.317009
284.317009
284.317009
284.317009
284.317009
284.317009
284.317009
284.317009
259.015968
259.015968
259.015968
259.015968
259.015968
259.015968
259.015968
259.015968
259.015968
259.015968
259.015968
259.015968
259.015968
259.015968
259.015968
259.015968
259.015968
259.015968
259.015968
259.015968
236.491871
236.491871
236.491871
236.491871
236.491871
236.491871
236.491871
236.491871
236.491871
236.491871
236.491871
236.491871
236.491871
236.491871
236.491871
236.491871
236.491871
236.491871
236.491871
236.491871
216.195432
216.195432
216.195432
216.195432
216.195432
216.195432
216.195432
216.195432
216.195432
216.195432
216.195432
216.195432
216.195432
216.195432
216.195432
216.195432
216.195432
216.195432
216.195432
216.195432
197.725672
197.725672
197.725672
197.725672
197.725672
197.725672
197.725672
197.725672
197.725672
197.725672
197.725672
197.725672
197.725672
197.725672
197.725672
197.725672
197.725672
197.725672
197.725672
197.725672
180.780938
180.780938
180.780938
180.780938
180.780938
180.780938
180.780938
180.780938
180.780938
180.780938
180.780938
180.780938
180.780938
180.780938
180.780938
180.780938
180.780938
180.780938
180.780938
180.780938
165.128600
165.128600
165.128600
165.128600
165.128600
165.128600
165.128600
165.128600
165.128600
165.128600
165.128600
165.128600
165.128600
165.128600
165.128600
165.128600
165.128600
165.128600
165.128600
165.128600
150.585482
150.585482
150.585482
150.585482
150.585482
150.585482
150.585482
150.585482
150.585482
150.585482
150.585482
150.585482
150.585482
150.585482
150.585482
150.585482
150.585482
150.585482
150.585482
150.585482
137.004776
137.004776
137.004776
137.004776
137.004776
137.004776
137.004776
137.004776
137.004776
137.004776
137.004776
137.004776
137.004776
137.004776
137.004776
137.004776
137.004776
137.004776
137.004776
137.004776
124.267011
124.267011
124.267011
124.267011
124.267011
124.267011
124.267011
124.267011
124.267011
124.267011
124.267011
124.267011
124.267011
124.267011
124.267011
124.267011
124.267011
124.267011
124.267011
124.267011
112.273660
112.273660
112.273660
112.273660
112.273660
112.273660
112.273660
112.273660
112.273660
112.273660
112.273660
112.273660
112.273660
112.273660
112.273660
112.273660
112.273660
112.273660
112.273660
112.273660
100.942520
100.942520
100.942520
100.942520
100.942520
100.942520
100.942520
100.942520
100.942520
100.942520
100.942520
100.942520
100.942520
100.942520
100.942520
100.942520
100.942520
100.942520
100.942520
100.942520
90.204287
90.204287
90.204287
90.204287
90.204287
90.204287
90.204287
90.204287
90.204287
90.204287
90.204287
90.204287
90.204287
90.204287
90.204287
90.204287
90.204287
90.204287
90.204287
90.204287
80.000000
80.000000
80.000000
80.000000
80.000000
80.000000
80.000000
80.000000
80.000000
80.000000
80.000000
80.000000
80.000000
80.000000
80.000000
80.000000
80.000000
80.000000
80.000000
80.000000
700.000000
700.000000
700.000000
700.000000
700.000000
700.000000
700.000000
700.000000
700.000000
700.000000
700.000000
700.000000
700.000000
700.000000
700.000000
700.000000
700.000000
700.000000
700.000000
700.000000
586.589195
586.589195
586.589195
586.589195
586.589195
586.589195
586.589195
586.589195
586.589195
586.589195
586.589195
586.589195
586.589195
586.589195
586.589195
586.589195
586.589195
586.589195
586.589195
586.589195
509.631863
509.631863
509.631863
509.631863
509.631863
509.631863
509.631863
509.631863
509.631863
509.631863
509.631863
509.631863
509.631863
509.631863
509.631863
509.631863
509.631863
509.631863
509.631863
509.631863
451.393882
451.393882
451.393882
451.393882
451.393882
451.393882
451.393882
451.393882
451.393882
451.393882
451.393882
451.393882
451.393882
451.393882
451.393882
451.393882
451.393882
451.393882
451.393882
451.393882
404.550288
404.550288
404.550288
404.550288
404.550288
404.550288
404.550288
404.550288
404.550288
404.550288
404.550288
404.550288
404.550288
404.550288
404.550288
404.550288
404.550288
404.550288
404.550288
404.550288
365.372010
365.372010
365.372010
365.372010
365.372010
365.372010
365.372010
365.372010
365.372010
365.372010
365.372010
365.372010
365.372010
365.372010
365.372010
365.372010
365.372010
365.372010
365.372010
365.372010
331.703177
331.703177
331.703177
331.703177
331.703177
331.703177
331.703177
331.703177
331.703177
331.703177
331.703177
331.703177
331.703177
331.703177
331.703177
331.703177
331.703177
331.703177
331.703177
331.703177
302.185296
302.185296
302.185296
302.185296
302.185296
302.185296
302.185296
302.185296
302.185296
302.185296
302.185296
302.185296
302.185296
302.185296
302.185296
302.185296
302.185296
302.185296
302.185296
302.185296
275.907183
275.907183
275.907183
275.907183
275.907183
275.907183
275.907183
275.907183
275.907183
275.907183
275.907183
275.907183
275.907183
275.907183
275.907183
275.907183
275.907183
275.907183
275.907183
275.907183
252.228004
252.228004
252.228004
252.228004
252.228004
252.228004
252.228004
252.228004
252.228004
252.228004
252.228004
252.228004
252.228004
252.228004
252.228004
252.228004
252.228004
252.228004
252.228004
252.228004
230.679951
230.679951
230.679951
230.679951
230.679951
230.679951
230.679951
230.679951
230.679951
230.679951
230.679951
230.679951
230.679951
230.679951
230.679951
230.679951
230.679951
230.679951
230.679951
230.679951
210.911095
210.911095
210.911095
210.911095
210.911095
210.911095
210.911095
210.911095
210.911095
210.911095
210.911095
210.911095
210.911095
210.911095
210.911095
210.911095
210.911095
210.911095
210.911095
210.911095
192.650033
192.650033
192.650033
192.650033
192.650033
192.650033
192.650033
192.650033
192.650033
192.650033
192.650033
192.650033
192.650033
192.650033
192.650033
192.650033
192.650033
192.650033
192.650033
192.650033
175.683062
175.683062
175.683062
175.683062
175.683062
175.683062
175.683062
175.683062
175.683062
175.683062
175.683062
175.683062
175.683062
175.683062
175.683062
175.683062
175.683062
175.683062
175.683062
175.683062
159.838906
159.838906
159.838906
159.838906
159.838906
159.838906
159.838906
159.838906
159.838906
159.838906
159.838906
159.838906
159.838906
159.838906
159.838906
159.838906
159.838906
159.838906
159.838906
159.838906
144.978179
144.978179
144.978179
144.978179
144.978179
144.978179
144.978179
144.978179
144.978179
144.978179
144.978179
144.978179
144.978179
144.978179
144.978179
144.978179
144.978179
144.978179
144.978179
144.978179
130.985937
130.985937
130.985937
130.985937
130.985937
130.985937
130.985937
130.985937
130.985937
130.985937
130.985937
130.985937
130.985937
130.985937
130.985937
130.985937
130.985937
130.985937
130.985937
130.985937
117.766273
117.766273
117.766273
117.766273
117.766273
117.766273
117.766273
117.766273
117.766273
117.766273
117.766273
117.766273
117.766273
117.766273
117.766273
117.766273
117.766273
117.766273
117.766273
117.766273
105.238335
105.238335
105.238335
105.238335
105.238335
105.238335
105.238335
105.238335
105.238335
105.238335
105.238335
105.238335
105.238335
105.238335
105.238335
105.238335
105.238335
105.238335
105.238335
105.238335
93.333333
93.333333
93.333333
93.333333
93.333333
93.333333
93.333333
93.333333
93.333333
93.333333
93.333333
93.333333
93.333333
93.333333
93.333333
93.333333
93.333333
93.333333
93.333333
93.333333
800.000000
800.000000
800.000000
800.000000
800.000000
800.000000
800.000000
800.000000
800.000000
800.000000
800.000000
800.000000
800.000000
800.000000
800.000000
800.000000
800.000000
800.000000
800.000000
800.000000
670.387651
670.387651
670.387651
670.387651
670.387651
670.387651
670.387651
670.387651
670.387651
670.387651
670.387651
670.387651
670.387651
670.387651
670.387651
670.387651
670.387651
670.387651
670.387651
670.387651
582.436414
582.436414
582.436414
582.436414
582.436414
582.436414
582.436414
582.436414
582.436414
582.436414
582.436414
582.436414
582.436414
582.436414
582.436414
582.436414
582.436414
582.436414
582.436414
582.436414
515.878722
515.878722
515.878722
515.878722
515.878722
515.878722
515.878722
515.878722
515.878722
515.878722
515.878722
515.878722
515.878722
515.878722
515.878722
515.878722
515.878722
515.878722
515.878722
515.878722
462.343186
462.343186
462.343186
462.343186
462.343186
462.343186
462.343186
462.343186
462.343186
462.343186
462.343186
462.343186
462.343186
462.343186
462.343186
462.343186
462.343186
462.343186
462.343186
462.343186
417.568011
417.568011
417.568011
417.568011
417.568011
417.568011
417.568011
417.568011
417.568011
417.568011
417.568011
417.568011
417.568011
417.568011
417.568011
417.568011
417.568011
417.568011
417.568011
417.568011
379.089345
379.089345
379.089345
379.089345
379.089345
379.089345
379.089345
379.089345
379.089345
379.089345
379.089345
379.089345
379.089345
379.089345
379.089345
379.089345
379.089345
379.089345
379.089345
379.089345
345.354624
345.354624
345.354624
345.354624
345.354624
345.354624
345.354624
345.354624
345.354624
345.354624
345.354624
345.354624
345.354624
345.354624
345.354624
345.354624
345.354624
345.354624
345.354624
345.354624
315.322495
315.322495
315.322495
315.322495
315.322495
315.322495
315.322495
315.322495
315.322495
315.322495
315.322495
315.322495
315.322495
315.322495
315.322495
315.322495
315.322495
315.322495
315.322495
315.322495
288.260576
288.260576
288.260576
288.260576
288.260576
288.260576
288.260576
288.260576
288.260576
288.260576
288.260576
288.260576
288.260576
288.260576
288.260576
288.260576
288.260576
288.260576
288.260576
288.260576
263.634230
263.634230
263.634230
263.634230
263.634230
263.634230
263.634230
263.634230
263.634230
263.634230
263.634230
263.634230
263.634230
263.634230
263.634230
263.634230
263.634230
263.634230
263.634230
263.634230
241.041251
241.041251
241.041251
241.041251
241.041251
241.041251
241.041251
241.041251
241.041251
241.041251
241.041251
241.041251
241.041251
241.041251
241.041251
241.041251
241.041251
241.041251
241.041251
241.041251
220.171466
220.171466
220.171466
220.171466
220.171466
220.171466
220.171466
220.171466
220.171466
220.171466
220.171466
220.171466
220.171466
220.171466
220.171466
220.171466
220.171466
220.171466
220.171466
220.171466
200.780643
200.780643
200.780643
200.780643
200.780643
200.780643
200.780643
200.780643
200.780643
200.780643
200.780643
200.780643
200.780643
200.780643
200.780643
200.780643
200.780643
200.780643
200.780643
200.780643
182.673035
182.673035
182.673035
182.673035
182.673035
182.673035
182.673035
182.673035
182.673035
182.673035
182.673035
182.673035
182.673035
182.673035
182.673035
182.673035
182.673035
182.673035
182.673035
182.673035
165.689348
165.689348
165.689348
165.689348
165.689348
165.689348
165.689348
165.689348
165.689348
165.689348
165.689348
165.689348
165.689348
165.689348
165.689348
165.689348
165.689348
165.689348
165.689348
165.689348
149.698214
149.698214
149.698214
149.698214
149.698214
149.698214
149.698214
149.698214
149.698214
149.698214
149.698214
149.698214
149.698214
149.698214
149.698214
149.698214
149.698214
149.698214
149.698214
149.698214
134.590026
134.590026
134.590026
134.590026
134.590026
134.590026
134.590026
134.590026
134.590026
134.590026
134.590026
134.590026
134.590026
134.590026
134.590026
134.590026
134.590026
134.590026
134.590026
134.590026
120.272383
120.272383
120.272383
120.272383
120.272383
120.272383
120.272383
120.272383
120.272383
120.272383
120.272383
120.272383
120.272383
120.272383
120.272383
120.272383
120.272383
120.272383
120.272383
120.272383
106.666667
106.666667
106.666667
106.666667
106.666667
106.666667
106.666667
106.666667
106.666667
106.666667
106.666667
106.666667
106.666667
106.666667
106.666667
106.666667
106.666667
106.666667
106.666667
106.666667
900.000000
900.000000
900.000000
900.000000
900.000000
900.000000
900.000000
900.000000
900.000000
900.000000
900.000000
900.000000
900.000000
900.000000
900.000000
900.000000
900.000000
900.000000
900.000000
900.000000
754.186108
754.186108
754.186108
754.186108
754.186108
754.186108
754.186108
754.186108
754.186108
754.186108
754.186108
754.186108
754.186108
754.186108
754.186108
754.186108
754.186108
754.186108
754.186108
754.186108
655.240966
655.240966
655.240966
655.240966
655.240966
655.240966
655.240966
655.240966
655.240966
655.240966
655.240966
655.240966
655.240966
655.240966
655.240966
655.240966
655.240966
655.240966
655.240966
655.240966
580.363562
580.363562
580.363562
580.363562
580.363562
580.363562
580.363562
580.363562
580.363562
580.363562
580.363562
580.363562
580.363562
580.363562
580.363562
580.363562
580.363562
580.363562
580.363562
580.363562
520.136085
520.136085
520.136085
520.136085
520.136085
520.136085
520.136085
520.136085
520.136085
520.136085
520.136085
520.136085
520.136085
520.136085
520.136085
520.136085
520.136085
520.136085
520.136085
520.136085
469.764013
469.764013
469.764013
469.764013
469.764013
469.764013
469.764013
469.764013
469.764013
469.764013
469.764013
469.764013
469.764013
469.764013
469.764013
469.764013
469.764013
469.764013
469.764013
469.764013
426.475514
426.475514
426.475514
426.475514
426.475514
426.475514
426.475514
426.475514
426.475514
426.475514
426.475514
426.475514
426.475514
426.475514
426.475514
426.475514
426.475514
426.475514
426.475514
426.475514
388.523952
388.523952
388.523952
388.523952
388.523952
388.523952
388.523952
388.523952
388.523952
388.523952
388.523952
388.523952
388.523952
388.523952
388.523952
388.523952
388.523952
388.523952
388.523952
388.523952
354.737807
354.737807
354.737807
354.737807
354.737807
354.737807
354.737807
354.737807
354.737807
354.737807
354.737807
354.737807
354.737807
354.737807
354.737807
354.737807
354.737807
354.737807
354.737807
354.737807
324.293148
324.293148
324.293148
324.293148
324.293148
324.293148
324.293148
324.293148
324.293148
324.293148
324.293148
324.293148
324.293148
324.293148
324.293148
324.293148
324.293148
324.293148
324.293148
324.293148
296.588508
296.588508
296.588508
296.588508
296.588508
296.588508
296.588508
296.588508
296.588508
296.588508
296.588508
296.588508
296.588508
296.588508
296.588508
296.588508
296.588508
296.588508
296.588508
296.588508
271.171408
271.171408
271.171408
271.171408
271.171408
271.171408
271.171408
271.171408
271.171408
271.171408
271.171408
271.171408
271.171408
271.171408
271.171408
271.171408
271.171408
271.171408
271.171408
271.171408
247.692900
247.692900
247.692900
247.692900
247.692900
247.692900
247.692900
247.692900
247.692900
247.692900
247.692900
247.692900
247.692900
247.692900
247.692900
247.692900
247.692900
247.692900
247.692900
247.692900
225.878223
225.878223
225.878223
225.878223
225.878223
225.878223
225.878223
225.878223
225.878223
225.878223
225.878223
225.878223
225.878223
225.878223
225.878223
225.878223
225.878223
225.878223
225.878223
225.878223
205.507164
205.507164
205.507164
205.507164
205.507164
205.507164
205.507164
205.507164
205.507164
205.507164
205.507164
205.507164
205.507164
205.507164
205.507164
205.507164
205.507164
205.507164
205.507164
205.507164
186.400516
186.400516
186.400516
186.400516
186.400516
186.400516
186.400516
186.400516
186.400516
186.400516
186.400516
186.400516
186.400516
186.400516
186.400516
186.400516
186.400516
186.400516
186.400516
186.400516
168.410491
168.410491
168.410491
168.410491
168.410491
168.410491
168.410491
168.410491
168.410491
168.410491
168.410491
168.410491
168.410491
168.410491
168.410491
168.410491
168.410491
168.410491
168.410491
168.410491
151.413779
151.413779
151.413779
151.413779
151.413779
151.413779
151.413779
151.413779
151.413779
151.413779
151.413779
151.413779
151.413779
151.413779
151.413779
151.413779
151.413779
151.413779
151.413779
151.413779
135.306431
135.306431
135.306431
135.306431
135.306431
135.306431
135.306431
135.306431
135.306431
135.306431
135.306431
135.306431
135.306431
135.306431
135.306431
135.306431
135.306431
135.306431
135.306431
135.306431
120.000000
120.000000
120.000000
120.000000
120.000000
120.000000
120.000000
120.000000
120.000000
120.000000
120.000000
120.000000
120.000000
120.000000
120.000000
120.000000
120.000000
120.000000
120.000000
120.000000
1000.000000
1000.000000
1000.000000
1000.000000
1000.000000
1000.000000
1000.000000
1000.000000
1000.000000
1000.000000
1000.000000
1000.000000
1000.000000
1000.000000
1000.000000
1000.000000
1000.000000
1000.000000
1000.000000
1000.000000
837.984564
837.984564
837.984564
837.984564
837.984564
837.984564
837.984564
837.984564
837.984564
837.984564
837.984564
837.984564
837.984564
837.984564
837.984564
837.984564
837.984564
837.984564
837.984564
837.984564
728.045518
728.045518
728.045518
728.045518
728.045518
728.045518
728.045518
728.045518
728.045518
728.045518
728.045518
728.045518
728.045518
728.045518
728.045518
728.045518
728.045518
728.045518
728.045518
728.045518
644.848402
644.848402
644.848402
644.848402
644.848402
644.848402
644.848402
644.848402
644.848402
644.848402
644.848402
644.848402
644.848402
644.848402
644.848402
644.848402
644.848402
644.848402
644.848402
644.848402
577.928983
577.928983
577.928983
577.928983
577.928983
577.928983
577.928983
577.928983
577.928983
577.928983
577.928983
577.928983
577.928983
577.928983
577.928983
577.928983
577.928983
577.928983
577.928983
577.928983
521.960014
521.960014
521.960014
521.960014
521.960014
521.960014
521.960014
521.960014
521.960014
521.960014
521.960014
521.960014
521.960014
521.960014
521.960014
521.960014
521.960014
521.960014
521.960014
521.960014
473.861682
473.861682
473.861682
473.861682
473.861682
473.861682
473.861682
473.861682
473.861682
473.861682
473.861682
473.861682
473.861682
473.861682
473.861682
473.861682
473.861682
473.861682
473.861682
473.861682
431.693281
431.693281
431.693281
431.693281
431.693281
431.693281
431.693281
431.693281
431.693281
431.693281
431.693281
431.693281
431.693281
431.693281
431.693281
431.693281
431.693281
431.693281
431.693281
431.693281
394.153119
394.153119
394.153119
394.153119
394.153119
394.153119
394.153119
394.153119
394.153119
394.153119
394.153119
394.153119
394.153119
394.153119
394.153119
394.153119
394.153119
394.153119
394.153119
394.153119
360.325720
360.325720
360.325720
360.325720
360.325720
360.325720
360.325720
360.325720
360.325720
360.325720
360.325720
360.325720
360.325720
360.325720
360.325720
360.325720
360.325720
360.325720
360.325720
360.325720
329.542787
329.542787
329.542787
329.542787
329.542787
329.542787
329.542787
329.542787
329.542787
329.542787
329.542787
329.542787
329.542787
329.542787
329.542787
329.542787
329.542787
329.542787
329.542787
329.542787
301.301564
301.301564
301.301564
301.301564
301.301564
301.301564
301.301564
301.301564
301.301564
301.301564
301.301564
301.301564
301.301564
301.301564
301.301564
301.301564
301.301564
301.301564
301.301564
301.301564
275.214333
275.214333
275.214333
275.214333
275.214333
275.214333
275.214333
275.214333
275.214333
275.214333
275.214333
275.214333
275.214333
275.214333
275.214333
275.214333
275.214333
275.214333
275.214333
275.214333
250.975803
250.975803
250.975803
250.975803
250.975803
250.975803
250.975803
250.975803
250.975803
250.975803
250.975803
250.975803
250.975803
250.975803
250.975803
250.975803
250.975803
250.975803
250.975803
250.975803
228.341294
228.341294
228.341294
228.341294
228.341294
228.341294
228.341294
228.341294
228.341294
228.341294
228.341294
228.341294
228.341294
228.341294
228.341294
228.341294
228.341294
228.341294
228.341294
228.341294
207.111685
207.111685
207.111685
207.111685
207.111685
207.111685
207.111685
207.111685
207.111685
207.111685
207.111685
207.111685
207.111685
207.111685
207.111685
207.111685
207.111685
207.111685
207.111685
207.111685
187.122767
187.122767
187.122767
187.122767
187.122767
187.122767
187.122767
187.122767
187.122767
187.122767
187.122767
187.122767
187.122767
187.122767
187.122767
187.122767
187.122767
187.122767
187.122767
187.122767
168.237533
168.237533
168.237533
168.237533
168.237533
168.237533
168.237533
168.237533
168.237533
168.237533
168.237533
168.237533
168.237533
168.237533
168.237533
168.237533
168.237533
168.237533
168.237533
168.237533
150.340479
150.340479
150.340479
150.340479
150.340479
150.340479
150.340479
150.340479
150.340479
150.340479
150.340479
150.340479
150.340479
150.340479
150.340479
150.340479
150.340479
150.340479
150.340479
150.340479
133.333333
133.333333
133.333333
133.333333
133.333333
133.333333
133.333333
133.333333
133.333333
133.333333
133.333333
133.333333
133.333333
133.333333
133.333333
133.333333
133.333333
133.333333
133.333333
133.333333
1100.000000
1100.000000
1100.000000
1100.000000
1100.000000
1100.000000
1100.000000
1100.000000
1100.000000
1100.000000
1100.000000
1100.000000
1100.000000
1100.000000
1100.000000
1100.000000
1100.000000
1100.000000
1100.000000
1100.000000
921.783020
921.783020
921.783020
921.783020
921.783020
921.783020
921.783020
921.783020
921.783020
921.783020
921.783020
921.783020
921.783020
921.783020
921.783020
921.783020
921.783020
921.783020
921.783020
921.783020
800.850070
800.850070
800.850070
800.850070
800.850070
800.850070
800.850070
800.850070
800.850070
800.850070
800.850070
800.850070
800.850070
800.850070
800.850070
800.850070
800.850070
800.850070
800.850070
800.850070
709.333243
709.333243
709.333243
709.333243
709.333243
709.333243
709.333243
709.333243
709.333243
709.333243
709.333243
709.333243
709.333243
709.333243
709.333243
709.333243
709.333243
709.333243
709.333243
709.333243
635.721881
635.721881
635.721881
635.721881
635.721881
635.721881
635.721881
635.721881
635.721881
635.721881
635.721881
635.721881
635.721881
635.721881
635.721881
635.721881
635.721881
635.721881
635.721881
635.721881
574.156016
574.156016
574.156016
574.156016
574.156016
574.156016
574.156016
574.156016
574.156016
574.156016
574.156016
574.156016
574.156016
574.156016
574.156016
574.156016
574.156016
574.156016
574.156016
574.156016
521.247850
521.247850
521.247850
521.247850
521.247850
521.247850
521.247850
521.247850
521.247850
521.247850
521.247850
521.247850
521.247850
521.247850
521.247850
521.247850
521.247850
521.247850
521.247850
521.247850
474.862609
474.862609
474.862609
474.862609
474.862609
474.862609
474.862609
474.862609
474.862609
474.862609
474.862609
474.862609
474.862609
474.862609
474.862609
474.862609
474.862609
474.862609
474.862609
474.862609
433.568430
433.568430
433.568430
433.568430
433.568430
433.568430
433.568430
433.568430
433.568430
433.568430
433.568430
433.568430
433.568430
433.568430
433.568430
433.568430
433.568430
433.568430
433.568430
433.568430
396.358292
396.358292
396.358292
396.358292
396.358292
396.358292
396.358292
396.358292
396.358292
396.358292
396.358292
396.358292
396.358292
396.358292
396.358292
396.358292
396.358292
396.358292
396.358292
396.358292
362.497066
362.497066
362.497066
362.497066
362.497066
362.497066
362.497066
362.497066
362.497066
362.497066
362.497066
362.497066
362.497066
362.497066
362.497066
362.497066
362.497066
362.497066
362.497066
362.497066
331.431721
331.431721
331.431721
331.431721
331.431721
331.431721
331.431721
331.431721
331.431721
331.431721
331.431721
331.431721
331.431721
331.431721
331.431721
331.431721
331.431721
331.431721
331.431721
331.431721
302.735766
302.735766
302.735766
302.735766
302.735766
302.735766
302.735766
302.735766
302.735766
302.735766
302.735766
302.735766
302.735766
302.735766
302.735766
302.735766
302.735766
302.735766
302.735766
302.735766
276.073383
276.073383
276.073383
276.073383
276.073383
276.073383
276.073383
276.073383
276.073383
276.073383
276.073383
276.073383
276.073383
276.073383
276.073383
276.073383
276.073383
276.073383
276.073383
276.073383
251.175423
251.175423
251.175423
251.175423
251.175423
251.175423
251.175423
251.175423
251.175423
251.175423
251.175423
251.175423
251.175423
251.175423
251.175423
251.175423
251.175423
251.175423
251.175423
251.175423
227.822853
227.822853
227.822853
227.822853
227.822853
227.822853
227.822853
227.822853
227.822853
227.822853
227.822853
227.822853
227.822853
227.822853
227.822853
227.822853
227.822853
227.822853
227.822853
227.822853
205.835044
205.835044
205.835044
205.835044
205.835044
205.835044
205.835044
205.835044
205.835044
205.835044
205.835044
205.835044
205.835044
205.835044
205.835044
205.835044
205.835044
205.835044
205.835044
205.835044
185.061286
185.061286
185.061286
185.061286
185.061286
185.061286
185.061286
185.061286
185.061286
185.061286
185.061286
185.061286
185.061286
185.061286
185.061286
185.061286
185.061286
185.061286
185.061286
185.061286
165.374526
165.374526
165.374526
165.374526
165.374526
165.374526
165.374526
165.374526
165.374526
165.374526
165.374526
165.374526
165.374526
165.374526
165.374526
165.374526
165.374526
165.374526
165.374526
165.374526
146.666667
146.666667
146.666667
146.666667
146.666667
146.666667
146.666667
146.666667
146.666667
146.666667
146.666667
146.666667
146.666667
146.666667
146.666667
146.666667
146.666667
146.666667
146.666667
146.666667
1200.000000
1200.000000
1200.000000
1200.000000
1200.000000
1200.000000
1200.000000
1200.000000
1200.000000
1200.000000
1200.000000
1200.000000
1200.000000
1200.000000
1200.000000
1200.000000
1200.000000
1200.000000
1200.000000
1200.000000
1005.581477
1005.581477
1005.581477
1005.581477
1005.581477
1005.581477
1005.581477
1005.581477
1005.581477
1005.581477
1005.581477
1005.581477
1005.581477
1005.581477
1005.581477
1005.581477
1005.581477
1005.581477
1005.581477
1005.581477
873.654622
873.654622
873.654622
873.654622
873.654622
873.654622
873.654622
873.654622
873.654622
873.654622
873.654622
873.654622
873.654622
873.654622
873.654622
873.654622
873.654622
873.654622
873.654622
873.654622
773.818083
773.818083
773.818083
773.818083
773.818083
773.818083
773.818083
773.818083
773.818083
773.818083
773.818083
773.818083
773.818083
773.818083
773.818083
773.818083
773.818083
773.818083
773.818083
773.818083
693.514780
693.514780
693.514780
693.514780
693.514780
693.514780
693.514780
693.514780
693.514780
693.514780
693.514780
693.514780
693.514780
693.514780
693.514780
693.514780
693.514780
693.514780
693.514780
693.514780
626.352017
626.352017
626.352017
626.352017
626.352017
626.352017
626.352017
626.352017
626.352017
626.352017
626.352017
626.352017
626.352017
626.352017
626.352017
626.352017
626.352017
626.352017
626.352017
626.352017
568.634018
568.634018
568.634018
568.634018
568.634018
568.634018
568.634018
568.634018
568.634018
568.634018
568.634018
568.634018
568.634018
568.634018
568.634018
568.634018
568.634018
568.634018
568.634018
568.634018
518.031937
518.031937
518.031937
518.031937
518.031937
518.031937
518.031937
518.031937
518.031937
518.031937
518.031937
518.031937
518.031937
518.031937
518.031937
518.031937
518.031937
518.031937
518.031937
518.031937
472.983742
472.983742
472.983742
472.983742
472.983742
472.983742
472.983742
472.983742
472.983742
472.983742
472.983742
472.983742
472.983742
472.983742
472.983742
472.983742
472.983742
472.983742
472.983742
472.983742
432.390864
432.390864
432.390864
432.390864
432.390864
432.390864
432.390864
432.390864
432.390864
432.390864
432.390864
432.390864
432.390864
432.390864
432.390864
432.390864
432.390864
432.390864
432.390864
432.390864
395.451344
395.451344
395.451344
395.451344
395.451344
395.451344
395.451344
395.451344
395.451344
395.451344
395.451344
395.451344
395.451344
395.451344
395.451344
395.451344
395.451344
395.451344
395.451344
395.451344
361.561877
361.561877
361.561877
361.561877
361.561877
361.561877
361.561877
361.561877
361.561877
361.561877
361.561877
361.561877
361.561877
361.561877
361.561877
361.561877
361.561877
361.561877
361.561877
361.561877
330.257200
330.257200
330.257200
330.257200
330.257200
330.257200
330.257200
330.257200
330.257200
330.257200
330.257200
330.257200
330.257200
330.257200
330.257200
330.257200
330.257200
330.257200
330.257200
330.257200
301.170964
301.170964
301.170964
301.170964
301.170964
301.170964
301.170964
301.170964
301.170964
301.170964
301.170964
301.170964
301.170964
301.170964
301.170964
301.170964
301.170964
301.170964
301.170964
301.170964
274.009552
274.009552
274.009552
274.009552
274.009552
274.009552
274.009552
274.009552
274.009552
274.009552
274.009552
274.009552
274.009552
274.009552
274.009552
274.009552
274.009552
274.009552
274.009552
274.009552
248.534022
248.534022
248.534022
248.534022
248.534022
248.534022
248.534022
248.534022
248.534022
248.534022
248.534022
248.534022
248.534022
248.534022
248.534022
248.534022
248.534022
248.534022
248.534022
248.534022
224.547321
224.547321
224.547321
224.547321
224.547321
224.547321
224.547321
224.547321
224.547321
224.547321
224.547321
224.547321
224.547321
224.547321
224.547321
224.547321
224.547321
224.547321
224.547321
224.547321
201.885039
201.885039
201.885039
201.885039
201.885039
201.885039
201.885039
201.885039
201.885039
201.885039
201.885039
201.885039
201.885039
201.885039
201.885039
201.885039
201.885039
201.885039
201.885039
201.885039
180.408574
180.408574
180.408574
180.408574
180.408574
180.408574
180.408574
180.408574
180.408574
180.408574
180.408574
180.408574
180.408574
180.408574
180.408574
180.408574
180.408574
180.408574
180.408574
180.408574
160.000000
160.000000
160.000000
160.000000
160.000000
160.000000
160.000000
160.000000
160.000000
160.000000
160.000000
160.000000
160.000000
160.000000
160.000000
160.000000
160.000000
160.000000
160.000000
160.000000
1300.000000
1300.000000
1300.000000
1300.000000
1300.000000
1300.000000
1300.000000
1300.000000
1300.000000
1300.000000
1300.000000
1300.000000
1300.000000
1300.000000
1300.000000
1300.000000
1300.000000
1300.000000
1300.000000
1300.000000
1089.379933
1089.379933
1089.379933
1089.379933
1089.379933
1089.379933
1089.379933
1089.379933
1089.379933
1089.379933
1089.379933
1089.379933
1089.379933
1089.379933
1089.379933
1089.379933
1089.379933
1089.379933
1089.379933
1089.379933
946.459174
946.459174
946.459174
946.459174
946.459174
946.459174
946.459174
946.459174
946.459174
946.459174
946.459174
946.459174
946.459174
946.459174
946.459174
946.459174
946.459174
946.459174
946.459174
946.459174
838.302923
838.302923
838.302923
838.302923
838.302923
838.302923
838.302923
838.302923
838.302923
838.302923
838.302923
838.302923
838.302923
838.302923
838.302923
838.302923
838.302923
838.302923
838.302923
838.302923
751.307678
751.307678
751.307678
751.307678
751.307678
751.307678
751.307678
751.307678
751.307678
751.307678
751.307678
751.307678
751.307678
751.307678
751.307678
751.307678
751.307678
751.307678
751.307678
751.307678
678.548019
678.548019
678.548019
678.548019
678.548019
678.548019
678.548019
678.548019
678.548019
678.548019
678.548019
678.548019
678.548019
678.548019
678.548019
678.548019
678.548019
678.548019
678.548019
678.548019
616.020186
616.020186
616.020186
616.020186
616.020186
616.020186
616.020186
616.020186
616.020186
616.020186
616.020186
616.020186
616.020186
616.020186
616.020186
616.020186
616.020186
616.020186
616.020186
616.020186
561.201265
561.201265
561.201265
561.201265
561.201265
561.201265
561.201265
561.201265
561.201265
561.201265
561.201265
561.201265
561.201265
561.201265
561.201265
561.201265
561.201265
561.201265
561.201265
561.201265
512.399054
512.399054
512.399054
512.399054
512.399054
512.399054
512.399054
512.399054
512.399054
512.399054
512.399054
512.399054
512.399054
512.399054
512.399054
512.399054
512.399054
512.399054
512.399054
512.399054
468.423436
468.423436
468.423436
468.423436
468.423436
468.423436
468.423436
468.423436
468.423436
468.423436
468.423436
468.423436
468.423436
468.423436
468.423436
468.423436
468.423436
468.423436
468.423436
468.423436
428.405623
428.405623
428.405623
428.405623
428.405623
428.405623
428.405623
428.405623
428.405623
428.405623
428.405623
428.405623
428.405623
428.405623
428.405623
428.405623
428.405623
428.405623
428.405623
428.405623
391.692033
391.692033
391.692033
391.692033
391.692033
391.692033
391.692033
391.692033
391.692033
391.692033
391.692033
391.692033
391.692033
391.692033
391.692033
391.692033
391.692033
391.692033
391.692033
391.692033
357.778633
357.778633
357.778633
357.778633
357.778633
357.778633
357.778633
357.778633
357.778633
357.778633
357.778633
357.778633
357.778633
357.778633
357.778633
357.778633
357.778633
357.778633
357.778633
357.778633
326.268544
326.268544
326.268544
326.268544
326.268544
326.268544
326.268544
326.268544
326.268544
326.268544
326.268544
326.268544
326.268544
326.268544
326.268544
326.268544
326.268544
326.268544
326.268544
326.268544
296.843682
296.843682
296.843682
296.843682
296.843682
296.843682
296.843682
296.843682
296.843682
296.843682
296.843682
296.843682
296.843682
296.843682
296.843682
296.843682
296.843682
296.843682
296.843682
296.843682
269.245190
269.245190
269.245190
269.245190
269.245190
269.245190
269.245190
269.245190
269.245190
269.245190
269.245190
269.245190
269.245190
269.245190
269.245190
269.245190
269.245190
269.245190
269.245190
269.245190
243.259598
243.259598
243.259598
243.259598
243.259598
243.259598
243.259598
243.259598
243.259598
243.259598
243.259598
243.259598
243.259598
243.259598
243.259598
243.259598
243.259598
243.259598
243.259598
243.259598
218.708792
218.708792
218.708792
218.708792
218.708792
218.708792
218.708792
218.708792
218.708792
218.708792
218.708792
218.708792
218.708792
218.708792
218.708792
218.708792
218.708792
218.708792
218.708792
218.708792
195.442622
195.442622
195.442622
195.442622
195.442622
195.442622
195.442622
195.442622
195.442622
195.442622
195.442622
195.442622
195.442622
195.442622
195.442622
195.442622
195.442622
195.442622
195.442622
195.442622
173.333333
173.333333
173.333333
173.333333
173.333333
173.333333
173.333333
173.333333
173.333333
173.333333
173.333333
173.333333
173.333333
173.333333
173.333333
173.333333
173.333333
173.333333
173.333333
173.333333
1400.000000
1400.000000
1400.000000
1400.000000
1400.000000
1400.000000
1400.000000
1400.000000
1400.000000
1400.000000
1400.000000
1400.000000
1400.000000
1400.000000
1400.000000
1400.000000
1400.000000
1400.000000
1400.000000
1400.000000
1173.178390
1173.178390
1173.178390
1173.178390
1173.178390
1173.178390
1173.178390
1173.178390
1173.178390
1173.178390
1173.178390
1173.178390
1173.178390
1173.178390
1173.178390
1173.178390
1173.178390
1173.178390
1173.178390
1173.178390
1019.263725
1019.263725
1019.263725
1019.263725
1019.263725
1019.263725
1019.263725
1019.263725
1019.263725
1019.263725
1019.263725
1019.263725
1019.263725
1019.263725
1019.263725
1019.263725
1019.263725
1019.263725
1019.263725
1019.263725
902.787763
902.787763
902.787763
902.787763
902.787763
902.787763
902.787763
902.787763
902.787763
902.787763
902.787763
902.787763
902.787763
902.787763
902.787763
902.787763
902.787763
902.787763
902.787763
902.787763
809.100576
809.100576
809.100576
809.100576
809.100576
809.100576
809.100576
809.100576
809.100576
809.100576
809.100576
809.100576
809.100576
809.100576
809.100576
809.100576
809.100576
809.100576
809.100576
809.100576
730.744020
730.744020
730.744020
730.744020
730.744020
730.744020
730.744020
730.744020
730.744020
730.744020
730.744020
730.744020
730.744020
730.744020
730.744020
730.744020
730.744020
730.744020
730.744020
730.744020
663.406354
663.406354
663.406354
663.406354
663.406354
663.406354
663.406354
663.406354
663.406354
663.406354
663.406354
663.406354
663.406354
663.406354
663.406354
663.406354
663.406354
663.406354
663.406354
663.406354
604.370593
604.370593
604.370593
604.370593
604.370593
604.370593
604.370593
604.370593
604.370593
604.370593
604.370593
604.370593
604.370593
604.370593
604.370593
604.370593
604.370593
604.370593
604.370593
604.370593
551.814366
551.814366
551.814366
551.814366
551.814366
551.814366
551.814366
551.814366
551.814366
551.814366
551.814366
551.814366
551.814366
551.814366
551.814366
551.814366
551.814366
551.814366
551.814366
551.814366
504.456008
504.456008
504.456008
504.456008
504.456008
504.456008
504.456008
504.456008
504.456008
504.456008
504.456008
504.456008
504.456008
504.456008
504.456008
504.456008
504.456008
504.456008
504.456008
504.456008
461.359902
461.359902
461.359902
461.359902
461.359902
461.359902
461.359902
461.359902
461.359902
461.359902
461.359902
461.359902
461.359902
461.359902
461.359902
461.359902
461.359902
461.359902
461.359902
461.359902
421.822190
421.822190
421.822190
421.822190
421.822190
421.822190
421.822190
421.822190
421.822190
421.822190
421.822190
421.822190
421.822190
421.822190
421.822190
421.822190
421.822190
421.822190
421.822190
421.822190
385.300066
385.300066
385.300066
385.300066
385.300066
385.300066
385.300066
385.300066
385.300066
385.300066
385.300066
385.300066
385.300066
385.300066
385.300066
385.300066
385.300066
385.300066
385.300066
385.300066
351.366124
351.366124
351.366124
351.366124
351.366124
351.366124
351.366124
351.366124
351.366124
351.366124
351.366124
351.366124
351.366124
351.366124
351.366124
351.366124
351.366124
351.366124
351.366124
351.366124
319.677811
319.677811
319.677811
319.677811
319.677811
319.677811
319.677811
319.677811
319.677811
319.677811
319.677811
319.677811
319.677811
319.677811
319.677811
319.677811
319.677811
319.677811
319.677811
319.677811
289.956359
289.956359
289.956359
289.956359
289.956359
289.956359
289.956359
289.956359
289.956359
289.956359
289.956359
289.956359
289.956359
289.956359
289.956359
289.956359
289.956359
289.956359
289.956359
289.956359
261.971874
261.971874
261.971874
261.971874
261.971874
261.971874
261.971874
261.971874
261.971874
261.971874
261.971874
261.971874
261.971874
261.971874
261.971874
261.971874
261.971874
261.971874
261.971874
261.971874
235.532546
235.532546
235.532546
235.532546
235.532546
235.532546
235.532546
235.532546
235.532546
235.532546
235.532546
235.532546
235.532546
235.532546
235.532546
235.532546
235.532546
235.532546
235.532546
235.532546
210.476670
210.476670
210.476670
210.476670
210.476670
210.476670
210.476670
210.476670
210.476670
210.476670
210.476670
210.476670
210.476670
210.476670
210.476670
210.476670
210.476670
210.476670
210.476670
210.476670
186.666667
186.666667
186.666667
186.666667
186.666667
186.666667
186.666667
186.666667
186.666667
186.666667
186.666667
186.666667
186.666667
186.666667
186.666667
186.666667
186.666667
186.666667
186.666667
186.666667
