0.000000
0.000000
0.000000
0.000000
0.000000
0.000000
0.000000
0.000000
0.000000
0.000000
0.000000
0.000000
0.000000
0.000000
0.000000
0.000000
0.000000
0.000000
0.000000
0.000000
-0.000000
-0.000000
-0.000000
-0.000000
-0.000000
-0.000000
-0.000000
-0.000000
-0.000000
-0.000000
-0.000000
-0.000000
-0.000000
-0.000000
-0.000000
-0.000000
-0.000000
-0.000000
-0.000000
-0.000000
-0.000000
-0.000000
-0.000000
-0.000000
-0.000000
-0.000000
-0.000000
-0.000000
-0.000000
-0.000000
-0.000000
-0.000000
-0.000000
-0.000000
-0.000000
-0.000000
-0.000000
-0.000000
-0.000000
-0.000000
-0.000000
-0.000000
-0.000000
-0.000000
-0.000000
-0.000000
-0.000000
-0.000000
-0.000000
-0.000000
-0.000000
-0.000000
-0.000000
-0.000000
-0.000000
-0.000000
-0.000000
-0.000000
-0.000000
-0.000000
-0.000000
-0.000000
-0.000000
-0.000000
-0.000000
-0.000000
-0.000000
-0.000000
-0.000000
-0.000000
-0.000000
-0.000000
-0.000000
-0.000000
-0.000000
-0.000000
-0.000000
-0.000000
-0.000000
-0.000000
-0.000000
-0.000000
-0.000000
-0.000000
-0.000000
-0.000000
-0.000000
-0.000000
-0.000000
-0.000000
-0.000000
-0.000000
-0.000000
-0.000000
-0.000000
-0.000000
-0.000000
-0.000000
-0.000000
-0.000000
-0.000000
-0.000000
-0.000000
-0.000000
-0.000000
-0.000000
-0.000000
-0.000000
-0.000000
-0.000000
-0.000000
-0.000000
-0.000000
-0.000000
-0.000000
-0.000000
-0.000000
-0.000000
-0.000000
-0.000000
-0.000000
-0.000000
-0.000000
-0.000000
-0.000000
-0.000000
-0.000000
-0.000000
-0.000000
-0.000000
-0.000000
-0.000000
-0.000000
-0.000000
-0.000000
-0.000000
-0.000000
-0.000000
-0.000000
-0.000000
-0.000000
-0.000000
-0.000000
-0.000000
-0.000000
-0.000000
-0.000000
-0.000000
-0.000000
-0.000000
-0.000000
-0.000000
-0.000000
-0.000000
-0.000000
-0.000000
-0.000000
-0.000000
-0.000000
-0.000000
-0.000000
-0.000000
-0.000000
-0.000000
-0.000000
-0.000000
-0.000000
-0.000000
-0.000000
-0.000000
-0.000000
-0.000000
-0.000000
-0.000000
-0.000000
-0.000000
-0.000000
-0.000000
-0.000000
-0.000000
-0.000000
-0.000000
-0.000000
-0.000000
-0.000000
-0.000000
-0.000000
-0.000000
-0.000000
-0.000000
-0.000000
-0.000000
-0.000000
-0.000000
-0.000000
-0.000000
-0.000000
-0.000000
-0.000000
-0.000000
-0.000000
-0.000000
-0.000000
-0.000000
-0.000000
-0.000000
-0.000000
-0.000000
-0.000000
-0.000000
-0.000000
-0.000000
-0.000000
-0.000000
-0.000000
-0.000000
-0.000000
-0.000000
-0.000000
-0.000000
-0.000000
-0.000000
-0.000000
-0.000000
-0.000000
-0.000000
-0.000000
-0.000000
-0.000000
-0.000000
-0.000000
-0.000000
-0.000000
-0.000000
-0.000000
-0.000000
-0.000000
-0.000000
-0.000000
-0.000000
-0.000000
-0.000000
-0.000000
-0.000000
-0.000000
-0.000000
-0.000000
-0.000000
-0.000000
-0.000000
-0.000000
-0.000000
-0.000000
-0.000000
-0.000000
-0.000000
-0.000000
-0.000000
-0.000000
-0.000000
-0.000000
-0.000000
-0.000000
-0.000000
-0.000000
-0.000000
-0.000000
-0.000000
-0.000000
-0.000000
-0.000000
-0.000000
-0.000000
-0.000000
-0.000000
-0.000000
-0.000000
-0.000000
-0.000000
-0.000000
-0.000000
-0.000000
-0.000000
-0.000000
-0.000000
-0.000000
-0.000000
-0.000000
-0.000000
-0.000000
-0.000000
-0.000000
-0.000000
-0.000000
-0.000000
-0.000000
-0.000000
-0.000000
-0.000000
-0.000000
-0.000000
-0.000000
-0.000000
-0.000000
-0.000000
-0.000000
-0.000000
-0.000000
-0.000000
-0.000000
-0.000000
-0.000000
-0.000000
-0.000000
-0.000000
-0.000000
-0.000000
-0.000000
-0.000000
-0.000000
-0.000000
-0.000000
-0.000000
-0.000000
-0.000000
-0.000000
-0.000000
-0.000000
-0.000000
-0.000000
-0.000000
-0.000000
-0.000000
-0.000000
-0.000000
-0.000000
-0.000000
-0.000000
-0.000000
-0.000000
-0.000000
-0.000000
-0.000000
-0.000000
-0.000000
-0.000000
-0.000000
-0.000000
-0.000000
-0.000000
-0.000000
-0.000000
-0.000000
-0.000000
-0.000000
-0.000000
-0.000000
-0.000000
-0.000000
-0.000000
0.000000
0.000000
0.000000
0.000000
0.000000
0.000000
0.000000
0.000000
0.000000
0.000000
0.000000
0.000000
0.000000
0.000000
0.000000
0.000000
0.000000
0.000000
0.000000
0.000000
75.000000
75.000000
75.000000
75.000000
75.000000
75.000000
75.000000
75.000000
75.000000
75.000000
75.000000
75.000000
75.000000
75.000000
75.000000
75.000000
75.000000
75.000000
75.000000
75.000000
62.848842
62.848842
62.848842
62.848842
62.848842
62.848842
62.848842
62.848842
62.848842
62.848842
62.848842
62.848842
62.848842
62.848842
62.848842
62.848842
62.848842
62.848842
62.848842
62.848842
54.603414
54.603414
54.603414
54.603414
54.603414
54.603414
54.603414
54.603414
54.603414
54.603414
54.603414
54.603414
54.603414
54.603414
54.603414
54.603414
54.603414
54.603414
54.603414
54.603414
48.363630
48.363630
48.363630
48.363630
48.363630
48.363630
48.363630
48.363630
48.363630
48.363630
48.363630
48.363630
48.363630
48.363630
48.363630
48.363630
48.363630
48.363630
48.363630
48.363630
43.344674
43.344674
43.344674
43.344674
43.344674
43.344674
43.344674
43.344674
43.344674
43.344674
43.344674
43.344674
43.344674
43.344674
43.344674
43.344674
43.344674
43.344674
43.344674
43.344674
39.147001
39.147001
39.147001
39.147001
39.147001
39.147001
39.147001
39.147001
39.147001
39.147001
39.147001
39.147001
39.147001
39.147001
39.147001
39.147001
39.147001
39.147001
39.147001
39.147001
35.539626
35.539626
35.539626
35.539626
35.539626
35.539626
35.539626
35.539626
35.539626
35.539626
35.539626
35.539626
35.539626
35.539626
35.539626
35.539626
35.539626
35.539626
35.539626
35.539626
32.376996
32.376996
32.376996
32.376996
32.376996
32.376996
32.376996
32.376996
32.376996
32.376996
32.376996
32.376996
32.376996
32.376996
32.376996
32.376996
32.376996
32.376996
32.376996
32.376996
29.561484
29.561484
29.561484
29.561484
29.561484
29.561484
29.561484
29.561484
29.561484
29.561484
29.561484
29.561484
29.561484
29.561484
29.561484
29.561484
29.561484
29.561484
29.561484
29.561484
27.024429
27.024429
27.024429
27.024429
27.024429
27.024429
27.024429
27.024429
27.024429
27.024429
27.024429
27.024429
27.024429
27.024429
27.024429
27.024429
27.024429
27.024429
27.024429
27.024429
24.715709
24.715709
24.715709
24.715709
24.715709
24.715709
24.715709
24.715709
24.715709
24.715709
24.715709
24.715709
24.715709
24.715709
24.715709
24.715709
24.715709
24.715709
24.715709
24.715709
22.597617
22.597617
22.597617
22.597617
22.597617
22.597617
22.597617
22.597617
22.597617
22.597617
22.597617
22.597617
22.597617
22.597617
22.597617
22.597617
22.597617
22.597617
22.597617
22.597617
20.641075
20.641075
20.641075
20.641075
20.641075
20.641075
20.641075
20.641075
20.641075
20.641075
20.641075
20.641075
20.641075
20.641075
20.641075
20.641075
20.641075
20.641075
20.641075
20.641075
18.823185
18.823185
18.823185
18.823185
18.823185
18.823185
18.823185
18.823185
18.823185
18.823185
18.823185
18.823185
18.823185
18.823185
18.823185
18.823185
18.823185
18.823185
18.823185
18.823185
17.125597
17.125597
17.125597
17.125597
17.125597
17.125597
17.125597
17.125597
17.125597
17.125597
17.125597
17.125597
17.125597
17.125597
17.125597
17.125597
17.125597
17.125597
17.125597
17.125597
15.533376
15.533376
15.533376
15.533376
15.533376
15.533376
15.533376
15.533376
15.533376
15.533376
15.533376
15.533376
15.533376
15.533376
15.533376
15.533376
15.533376
15.533376
15.533376
15.533376
14.034208
14.034208
14.034208
14.034208
14.034208
14.034208
14.034208
14.034208
14.034208
14.034208
14.034208
14.034208
14.034208
14.034208
14.034208
14.034208
14.034208
14.034208
14.034208
14.034208
12.617815
12.617815
12.617815
12.617815
12.617815
12.617815
12.617815
12.617815
12.617815
12.617815
12.617815
12.617815
12.617815
12.617815
12.617815
12.617815
12.617815
12.617815
12.617815
12.617815
11.275536
11.275536
11.275536
11.275536
11.275536
11.275536
11.275536
11.275536
11.275536
11.275536
11.275536
11.275536
11.275536
11.275536
11.275536
11.275536
11.275536
11.275536
11.275536
11.275536
10.000000
10.000000
10.000000
10.000000
10.000000
10.000000
10.000000
10.000000
10.000000
10.000000
10.000000
10.000000
10.000000
10.000000
10.000000
10.000000
10.000000
10.000000
10.000000
10.000000
150.000000
150.000000
150.000000
150.000000
150.000000
150.000000
150.000000
150.000000
150.000000
150.000000
150.000000
150.000000
150.000000
150.000000
150.000000
150.000000
150.000000
150.000000
150.000000
150.000000
125.697685
125.697685
125.697685
125.697685
125.697685
125.697685
125.697685
125.697685
125.697685
125.697685
125.697685
125.697685
125.697685
125.697685
125.697685
125.697685
125.697685
125.697685
125.697685
125.697685
109.206828
109.206828
109.206828
109.206828
109.206828
109.206828
109.206828
109.206828
109.206828
109.206828
109.206828
109.206828
109.206828
109.206828
109.206828
109.206828
109.206828
109.206828
109.206828
109.206828
96.727260
96.727260
96.727260
96.727260
96.727260
96.727260
96.727260
96.727260
96.727260
96.727260
96.727260
96.727260
96.727260
96.727260
96.727260
96.727260
96.727260
96.727260
96.727260
96.727260
86.689347
86.689347
86.689347
86.689347
86.689347
86.689347
86.689347
86.689347
86.689347
86.689347
86.689347
86.689347
86.689347
86.689347
86.689347
86.689347
86.689347
86.689347
86.689347
86.689347
78.294002
78.294002
78.294002
78.294002
78.294002
78.294002
78.294002
78.294002
78.294002
78.294002
78.294002
78.294002
78.294002
78.294002
78.294002
78.294002
78.294002
78.294002
78.294002
78.294002
71.079252
71.079252
71.079252
71.079252
71.079252
71.079252
71.079252
71.079252
71.079252
71.079252
71.079252
71.079252
71.079252
71.079252
71.079252
71.079252
71.079252
71.079252
71.079252
71.079252
64.753992
64.753992
64.753992
64.753992
64.753992
64.753992
64.753992
64.753992
64.753992
64.753992
64.753992
64.753992
64.753992
64.753992
64.753992
64.753992
64.753992
64.753992
64.753992
64.753992
59.122968
59.122968
59.122968
59.122968
59.122968
59.122968
59.122968
59.122968
59.122968
59.122968
59.122968
59.122968
59.122968
59.122968
59.122968
59.122968
59.122968
59.122968
59.122968
59.122968
54.048858
54.048858
54.048858
54.048858
54.048858
54.048858
54.048858
54.048858
54.048858
54.048858
54.048858
54.048858
54.048858
54.048858
54.048858
54.048858
54.048858
54.048858
54.048858
54.048858
49.431418
49.431418
49.431418
49.431418
49.431418
49.431418
49.431418
49.431418
49.431418
49.431418
49.431418
49.431418
49.431418
49.431418
49.431418
49.431418
49.431418
49.431418
49.431418
49.431418
45.195235
45.195235
45.195235
45.195235
45.195235
45.195235
45.195235
45.195235
45.195235
45.195235
45.195235
45.195235
45.195235
45.195235
45.195235
45.195235
45.195235
45.195235
45.195235
45.195235
41.282150
41.282150
41.282150
41.282150
41.282150
41.282150
41.282150
41.282150
41.282150
41.282150
41.282150
41.282150
41.282150
41.282150
41.282150
41.282150
41.282150
41.282150
41.282150
41.282150
37.646370
37.646370
37.646370
37.646370
37.646370
37.646370
37.646370
37.646370
37.646370
37.646370
37.646370
37.646370
37.646370
37.646370
37.646370
37.646370
37.646370
37.646370
37.646370
37.646370
34.251194
34.251194
34.251194
34.251194
34.251194
34.251194
34.251194
34.251194
34.251194
34.251194
34.251194
34.251194
34.251194
34.251194
34.251194
34.251194
34.251194
34.251194
34.251194
34.251194
31.066753
31.066753
31.066753
31.066753
31.066753
31.066753
31.066753
31.066753
31.066753
31.066753
31.066753
31.066753
31.066753
31.066753
31.066753
31.066753
31.066753
31.066753
31.066753
31.066753
28.068415
28.068415
28.068415
28.068415
28.068415
28.068415
28.068415
28.068415
28.068415
28.068415
28.068415
28.068415
28.068415
28.068415
28.068415
28.068415
28.068415
28.068415
28.068415
28.068415
25.235630
25.235630
25.235630
25.235630
25.235630
25.235630
25.235630
25.235630
25.235630
25.235630
25.235630
25.235630
25.235630
25.235630
25.235630
25.235630
25.235630
25.235630
25.235630
25.235630
22.551072
22.551072
22.551072
22.551072
22.551072
22.551072
22.551072
22.551072
22.551072
22.551072
22.551072
22.551072
22.551072
22.551072
22.551072
22.551072
22.551072
22.551072
22.551072
22.551072
20.000000
20.000000
20.000000
20.000000
20.000000
20.000000
20.000000
20.000000
20.000000
20.000000
20.000000
20.000000
20.000000
20.000000
20.000000
20.000000
20.000000
20.000000
20.000000
20.000000
225.000000
225.000000
225.000000
225.000000
225.000000
225.000000
225.000000
225.000000
225.000000
225.000000
225.000000
225.000000
225.000000
225.000000
225.000000
225.000000
225.000000
225.000000
225.000000
225.000000
188.546527
188.546527
188.546527
188.546527
188.546527
188.546527
188.546527
188.546527
188.546527
188.546527
188.546527
188.546527
188.546527
188.546527
188.546527
188.546527
188.546527
188.546527
188.546527
188.546527
163.810242
163.810242
163.810242
163.810242
163.810242
163.810242
163.810242
163.810242
163.810242
163.810242
163.810242
163.810242
163.810242
163.810242
163.810242
163.810242
163.810242
163.810242
163.810242
163.810242
145.090891
145.090891
145.090891
145.090891
145.090891
145.090891
145.090891
145.090891
145.090891
145.090891
145.090891
145.090891
145.090891
145.090891
145.090891
145.090891
145.090891
145.090891
145.090891
145.090891
130.034021
130.034021
130.034021
130.034021
130.034021
130.034021
130.034021
130.034021
130.034021
130.034021
130.034021
130.034021
130.034021
130.034021
130.034021
130.034021
130.034021
130.034021
130.034021
130.034021
117.441003
117.441003
117.441003
117.441003
117.441003
117.441003
117.441003
117.441003
117.441003
117.441003
117.441003
117.441003
117.441003
117.441003
117.441003
117.441003
117.441003
117.441003
117.441003
117.441003
106.618878
106.618878
106.618878
106.618878
106.618878
106.618878
106.618878
106.618878
106.618878
106.618878
106.618878
106.618878
106.618878
106.618878
106.618878
106.618878
106.618878
106.618878
106.618878
106.618878
97.130988
97.130988
97.130988
97.130988
97.130988
97.130988
97.130988
97.130988
97.130988
97.130988
97.130988
97.130988
97.130988
97.130988
97.130988
97.130988
97.130988
97.130988
97.130988
97.130988
88.684452
88.684452
88.684452
88.684452
88.684452
88.684452
88.684452
88.684452
88.684452
88.684452
88.684452
88.684452
88.684452
88.684452
88.684452
88.684452
88.684452
88.684452
88.684452
88.684452
81.073287
81.073287
81.073287
81.073287
81.073287
81.073287
81.073287
81.073287
81.073287
81.073287
81.073287
81.073287
81.073287
81.073287
81.073287
81.073287
81.073287
81.073287
81.073287
81.073287
74.147127
74.147127
74.147127
74.147127
74.147127
74.147127
74.147127
74.147127
74.147127
74.147127
74.147127
74.147127
74.147127
74.147127
74.147127
74.147127
74.147127
74.147127
74.147127
74.147127
67.792852
67.792852
67.792852
67.792852
67.792852
67.792852
67.792852
67.792852
67.792852
67.792852
67.792852
67.792852
67.792852
67.792852
67.792852
67.792852
67.792852
67.792852
67.792852
67.792852
61.923225
61.923225
61.923225
61.923225
61.923225
61.923225
61.923225
61.923225
61.923225
61.923225
61.923225
61.923225
61.923225
61.923225
61.923225
61.923225
61.923225
61.923225
61.923225
61.923225
56.469556
56.469556
56.469556
56.469556
56.469556
56.469556
56.469556
56.469556
56.469556
56.469556
56.469556
56.469556
56.469556
56.469556
56.469556
56.469556
56.469556
56.469556
56.469556
56.469556
51.376791
51.376791
51.376791
51.376791
51.376791
51.376791
51.376791
51.376791
51.376791
51.376791
51.376791
51.376791
51.376791
51.376791
51.376791
51.376791
51.376791
51.376791
51.376791
51.376791
46.600129
46.600129
46.600129
46.600129
46.600129
46.600129
46.600129
46.600129
46.600129
46.600129
46.600129
46.600129
46.600129
46.600129
46.600129
46.600129
46.600129
46.600129
46.600129
46.600129
42.102623
42.102623
42.102623
42.102623
42.102623
42.102623
42.102623
42.102623
42.102623
42.102623
42.102623
42.102623
42.102623
42.102623
42.102623
42.102623
42.102623
42.102623
42.102623
42.102623
37.853445
37.853445
37.853445
37.853445
37.853445
37.853445
37.853445
37.853445
37.853445
37.853445
37.853445
37.853445
37.853445
37.853445
37.853445
37.853445
37.853445
37.853445
37.853445
37.853445
33.826608
33.826608
33.826608
33.826608
33.826608
33.826608
33.826608
33.826608
33.826608
33.826608
33.826608
33.826608
33.826608
33.826608
33.826608
33.826608
33.826608
33.826608
33.826608
33.826608
30.000000
30.000000
30.000000
30.000000
30.000000
30.000000
30.000000
30.000000
30.000000
30.000000
30.000000
30.000000
30.000000
30.000000
30.000000
30.000000
30.000000
30.000000
30.000000
30.000000
300.000000
300.000000
300.000000
300.000000
300.000000
300.000000
300.000000
300.000000
300.000000
300.000000
300.000000
300.000000
300.000000
300.000000
300.000000
300.000000
300.000000
300.000000
300.000000
300.000000
251.395369
251.395369
251.395369
251.395369
251.395369
251.395369
251.395369
251.395369
251.395369
251.395369
251.395369
251.395369
251.395369
251.395369
251.395369
251.395369
251.395369
251.395369
251.395369
251.395369
218.413655
218.413655
218.413655
218.413655
218.413655
218.413655
218.413655
218.413655
218.413655
218.413655
218.413655
218.413655
218.413655
218.413655
218.413655
218.413655
218.413655
218.413655
218.413655
218.413655
193.454521
193.454521
193.454521
193.454521
193.454521
193.454521
193.454521
193.454521
193.454521
193.454521
193.454521
193.454521
193.454521
193.454521
193.454521
193.454521
193.454521
193.454521
193.454521
193.454521
173.378695
173.378695
173.378695
173.378695
173.378695
173.378695
173.378695
173.378695
173.378695
173.378695
173.378695
173.378695
173.378695
173.378695
173.378695
173.378695
173.378695
173.378695
173.378695
173.378695
156.588004
156.588004
156.588004
156.588004
156.588004
156.588004
156.588004
156.588004
156.588004
156.588004
156.588004
156.588004
156.588004
156.588004
156.588004
156.588004
156.588004
156.588004
156.588004
156.588004
142.158505
142.158505
142.158505
142.158505
142.158505
142.158505
142.158505
142.158505
142.158505
142.158505
142.158505
142.158505
142.158505
142.158505
142.158505
142.158505
142.158505
142.158505
142.158505
142.158505
129.507984
129.507984
129.507984
129.507984
129.507984
129.507984
129.507984
129.507984
129.507984
129.507984
129.507984
129.507984
129.507984
129.507984
129.507984
129.507984
129.507984
129.507984
129.507984
129.507984
118.245936
118.245936
118.245936
118.245936
118.245936
118.245936
118.245936
118.245936
118.245936
118.245936
118.245936
118.245936
118.245936
118.245936
118.245936
118.245936
118.245936
118.245936
118.245936
118.245936
108.097716
108.097716
108.097716
108.097716
108.097716
108.097716
108.097716
108.097716
108.097716
108.097716
108.097716
108.097716
108.097716
108.097716
108.097716
108.097716
108.097716
108.097716
108.097716
108.097716
98.862836
98.862836
98.862836
98.862836
98.862836
98.862836
98.862836
98.862836
98.862836
98.862836
98.862836
98.862836
98.862836
98.862836
98.862836
98.862836
98.862836
98.862836
98.862836
98.862836
90.390469
90.390469
90.390469
90.390469
90.390469
90.390469
90.390469
90.390469
90.390469
90.390469
90.390469
90.390469
90.390469
90.390469
90.390469
90.390469
90.390469
90.390469
90.390469
90.390469
82.564300
82.564300
82.564300
82.564300
82.564300
82.564300
82.564300
82.564300
82.564300
82.564300
82.564300
82.564300
82.564300
82.564300
82.564300
82.564300
82.564300
82.564300
82.564300
82.564300
75.292741
75.292741
75.292741
75.292741
75.292741
75.292741
75.292741
75.292741
75.292741
75.292741
75.292741
75.292741
75.292741
75.292741
75.292741
75.292741
75.292741
75.292741
75.292741
75.292741
68.502388
68.502388
68.502388
68.502388
68.502388
68.502388
68.502388
68.502388
68.502388
68.502388
68.502388
68.502388
68.502388
68.502388
68.502388
68.502388
68.502388
68.502388
68.502388
68.502388
62.133505
62.133505
62.133505
62.133505
62.133505
62.133505
62.133505
62.133505
62.133505
62.133505
62.133505
62.133505
62.133505
62.133505
62.133505
62.133505
62.133505
62.133505
62.133505
62.133505
56.136830
56.136830
56.136830
56.136830
56.136830
56.136830
56.136830
56.136830
56.136830
56.136830
56.136830
56.136830
56.136830
56.136830
56.136830
56.136830
56.136830
56.136830
56.136830
56.136830
50.471260
50.471260
50.471260
50.471260
50.471260
50.471260
50.471260
50.471260
50.471260
50.471260
50.471260
50.471260
50.471260
50.471260
50.471260
50.471260
50.471260
50.471260
50.471260
50.471260
45.102144
45.102144
45.102144
45.102144
45.102144
45.102144
45.102144
45.102144
45.102144
45.102144
45.102144
45.102144
45.102144
45.102144
45.102144
45.102144
45.102144
45.102144
45.102144
45.102144
40.000000
40.000000
40.000000
40.000000
40.000000
40.000000
40.000000
40.000000
40.000000
40.000000
40.000000
40.000000
40.000000
40.000000
40.000000
40.000000
40.000000
40.000000
40.000000
40.000000
375.000000
375.000000
375.000000
375.000000
375.000000
375.000000
375.000000
375.000000
375.000000
375.000000
375.000000
375.000000
375.000000
375.000000
375.000000
375.000000
375.000000
375.000000
375.000000
375.000000
314.244211
314.244211
314.244211
314.244211
314.244211
314.244211
314.244211
314.244211
314.244211
314.244211
314.244211
314.244211
314.244211
314.244211
314.244211
314.244211
314.244211
314.244211
314.244211
314.244211
273.017069
273.017069
273.017069
273.017069
273.017069
273.017069
273.017069
273.017069
273.017069
273.017069
273.017069
273.017069
273.017069
273.017069
273.017069
273.017069
273.017069
273.017069
273.017069
273.017069
241.818151
241.818151
241.818151
241.818151
241.818151
241.818151
241.818151
241.818151
241.818151
241.818151
241.818151
241.818151
241.818151
241.818151
241.818151
241.818151
241.818151
241.818151
241.818151
241.818151
216.723369
216.723369
216.723369
216.723369
216.723369
216.723369
216.723369
216.723369
216.723369
216.723369
216.723369
216.723369
216.723369
216.723369
216.723369
216.723369
216.723369
216.723369
216.723369
216.723369
195.735005
195.735005
195.735005
195.735005
195.735005
195.735005
195.735005
195.735005
195.735005
195.735005
195.735005
195.735005
195.735005
195.735005
195.735005
195.735005
195.735005
195.735005
195.735005
195.735005
177.698131
177.698131
177.698131
177.698131
177.698131
177.698131
177.698131
177.698131
177.698131
177.698131
177.698131
177.698131
177.698131
177.698131
177.698131
177.698131
177.698131
177.698131
177.698131
177.698131
161.884980
161.884980
161.884980
161.884980
161.884980
161.884980
161.884980
161.884980
161.884980
161.884980
161.884980
161.884980
161.884980
161.884980
161.884980
161.884980
161.884980
161.884980
161.884980
161.884980
147.807419
147.807419
147.807419
147.807419
147.807419
147.807419
147.807419
147.807419
147.807419
147.807419
147.807419
147.807419
147.807419
147.807419
147.807419
147.807419
147.807419
147.807419
147.807419
147.807419
135.122145
135.122145
135.122145
135.122145
135.122145
135.122145
135.122145
135.122145
135.122145
135.122145
135.122145
135.122145
135.122145
135.122145
135.122145
135.122145
135.122145
135.122145
135.122145
135.122145
123.578545
123.578545
123.578545
123.578545
123.578545
123.578545
123.578545
123.578545
123.578545
123.578545
123.578545
123.578545
123.578545
123.578545
123.578545
123.578545
123.578545
123.578545
123.578545
123.578545
112.988087
112.988087
112.988087
112.988087
112.988087
112.988087
112.988087
112.988087
112.988087
112.988087
112.988087
112.988087
112.988087
112.988087
112.988087
112.988087
112.988087
112.988087
112.988087
112.988087
103.205375
103.205375
103.205375
103.205375
103.205375
103.205375
103.205375
103.205375
103.205375
103.205375
103.205375
103.205375
103.205375
103.205375
103.205375
103.205375
103.205375
103.205375
103.205375
103.205375
94.115926
94.115926
94.115926
94.115926
94.115926
94.115926
94.115926
94.115926
94.115926
94.115926
94.115926
94.115926
94.115926
94.115926
94.115926
94.115926
94.115926
94.115926
94.115926
94.115926
85.627985
85.627985
85.627985
85.627985
85.627985
85.627985
85.627985
85.627985
85.627985
85.627985
85.627985
85.627985
85.627985
85.627985
85.627985
85.627985
85.627985
85.627985
85.627985
85.627985
77.666882
77.666882
77.666882
77.666882
77.666882
77.666882
77.666882
77.666882
77.666882
77.666882
77.666882
77.666882
77.666882
77.666882
77.666882
77.666882
77.666882
77.666882
77.666882
77.666882
70.171038
70.171038
70.171038
70.171038
70.171038
70.171038
70.171038
70.171038
70.171038
70.171038
70.171038
70.171038
70.171038
70.171038
70.171038
70.171038
70.171038
70.171038
70.171038
70.171038
63.089075
63.089075
63.089075
63.089075
63.089075
63.089075
63.089075
63.089075
63.089075
63.089075
63.089075
63.089075
63.089075
63.089075
63.089075
63.089075
63.089075
63.089075
63.089075
63.089075
56.377679
56.377679
56.377679
56.377679
56.377679
56.377679
56.377679
56.377679
56.377679
56.377679
56.377679
56.377679
56.377679
56.377679
56.377679
56.377679
56.377679
56.377679
56.377679
56.377679
50.000000
50.000000
50.000000
50.000000
50.000000
50.000000
50.000000
50.000000
50.000000
50.000000
50.000000
50.000000
50.000000
50.000000
50.000000
50.000000
50.000000
50.000000
50.000000
50.000000
450.000000
450.000000
450.000000
450.000000
450.000000
450.000000
450.000000
450.000000
450.000000
450.000000
450.000000
450.000000
450.000000
450.000000
450.000000
450.000000
450.000000
450.000000
450.000000
450.000000
377.093054
377.093054
377.093054
377.093054
377.093054
377.093054
377.093054
377.093054
377.093054
377.093054
377.093054
377.093054
377.093054
377.093054
377.093054
377.093054
377.093054
377.093054
377.093054
377.093054
327.620483
327.620483
327.620483
327.620483
327.620483
327.620483
327.620483
327.620483
327.620483
327.620483
327.620483
327.620483
327.620483
327.620483
327.620483
327.620483
327.620483
327.620483
327.620483
327.620483
290.181781
290.181781
290.181781
290.181781
290.181781
290.181781
290.181781
290.181781
290.181781
290.181781
290.181781
290.181781
290.181781
290.181781
290.181781
290.181781
290.181781
290.181781
290.181781
290.181781
260.068042
260.068042
260.068042
260.068042
260.068042
260.068042
260.068042
260.068042
260.068042
260.068042
260.068042
260.068042
260.068042
260.068042
260.068042
260.068042
260.068042
260.068042
260.068042
260.068042
234.882006
234.882006
234.882006
234.882006
234.882006
234.882006
234.882006
234.882006
234.882006
234.882006
234.882006
234.882006
234.882006
234.882006
234.882006
234.882006
234.882006
234.882006
234.882006
234.882006
213.237757
213.237757
213.237757
213.237757
213.237757
213.237757
213.237757
213.237757
213.237757
213.237757
213.237757
213.237757
213.237757
213.237757
213.237757
213.237757
213.237757
213.237757
213.237757
213.237757
194.261976
194.261976
194.261976
194.261976
194.261976
194.261976
194.261976
194.261976
194.261976
194.261976
194.261976
194.261976
194.261976
194.261976
194.261976
194.261976
194.261976
194.261976
194.261976
194.261976
177.368903
177.368903
177.368903
177.368903
177.368903
177.368903
177.368903
177.368903
177.368903
177.368903
177.368903
177.368903
177.368903
177.368903
177.368903
177.368903
177.368903
177.368903
177.368903
177.368903
162.146574
162.146574
162.146574
162.146574
162.146574
162.146574
162.146574
162.146574
162.146574
162.146574
162.146574
162.146574
162.146574
162.146574
162.146574
162.146574
162.146574
162.146574
162.146574
162.146574
148.294254
148.294254
148.294254
148.294254
148.294254
148.294254
148.294254
148.294254
148.294254
148.294254
148.294254
148.294254
148.294254
148.294254
148.294254
148.294254
148.294254
148.294254
148.294254
148.294254
135.585704
135.585704
135.585704
135.585704
135.585704
135.585704
135.585704
135.585704
135.585704
135.585704
135.585704
135.585704
135.585704
135.585704
135.585704
135.585704
135.585704
135.585704
135.585704
135.585704
123.846450
123.846450
123.846450
123.846450
123.846450
123.846450
123.846450
123.846450
123.846450
123.846450
123.846450
123.846450
123.846450
123.846450
123.846450
123.846450
123.846450
123.846450
123.846450
123.846450
112.939111
112.939111
112.939111
112.939111
112.939111
112.939111
112.939111
112.939111
112.939111
112.939111
112.939111
112.939111
112.939111
112.939111
112.939111
112.939111
112.939111
112.939111
112.939111
112.939111
102.753582
102.753582
102.753582
102.753582
102.753582
102.753582
102.753582
102.753582
102.753582
102.753582
102.753582
102.753582
102.753582
102.753582
102.753582
102.753582
102.753582
102.753582
102.753582
102.753582
93.200258
93.200258
93.200258
93.200258
93.200258
93.200258
93.200258
93.200258
93.200258
93.200258
93.200258
93.200258
93.200258
93.200258
93.200258
93.200258
93.200258
93.200258
93.200258
93.200258
84.205245
84.205245
84.205245
84.205245
84.205245
84.205245
84.205245
84.205245
84.205245
84.205245
84.205245
84.205245
84.205245
84.205245
84.205245
84.205245
84.205245
84.205245
84.205245
84.205245
75.706890
75.706890
75.706890
75.706890
75.706890
75.706890
75.706890
75.706890
75.706890
75.706890
75.706890
75.706890
75.706890
75.706890
75.706890
75.706890
75.706890
75.706890
75.706890
75.706890
67.653215
67.653215
67.653215
67.653215
67.653215
67.653215
67.653215
67.653215
67.653215
67.653215
67.653215
67.653215
67.653215
67.653215
67.653215
67.653215
67.653215
67.653215
67.653215
67.653215
60.000000
60.000000
60.000000
60.000000
60.000000
60.000000
60.000000
60.000000
60.000000
60.000000
60.000000
60.000000
60.000000
60.000000
60.000000
60.000000
60.000000
60.000000
60.000000
60.000000
525.000000
525.000000
525.000000
525.000000
525.000000
525.000000
525.000000
525.000000
525.000000
525.000000
525.000000
525.000000
525.000000
525.000000
525.000000
525.000000
525.000000
525.000000
525.000000
525.000000
439.941896
439.941896
439.941896
439.941896
439.941896
439.941896
439.941896
439.941896
439.941896
439.941896
439.941896
439.941896
439.941896
439.941896
439.941896
439.941896
439.941896
439.941896
439.941896
439.941896
382.223897
382.223897
382.223897
382.223897
382.223897
382.223897
382.223897
382.223897
382.223897
382.223897
382.223897
382.223897
382.223897
382.223897
382.223897
382.223897
382.223897
382.223897
382.223897
382.223897
338.545411
338.545411
338.545411
338.545411
338.545411
338.545411
338.545411
338.545411
338.545411
338.545411
338.545411
338.545411
338.545411
338.545411
338.545411
338.545411
338.545411
338.545411
338.545411
338.545411
303.412716
303.412716
303.412716
303.412716
303.412716
303.412716
303.412716
303.412716
303.412716
303.412716
303.412716
303.412716
303.412716
303.412716
303.412716
303.412716
303.412716
303.412716
303.412716
303.412716
274.029007
274.029007
274.029007
274.029007
274.029007
274.029007
274.029007
274.029007
274.029007
274.029007
274.029007
274.029007
274.029007
274.029007
274.029007
274.029007
274.029007
274.029007
274.029007
274.029007
248.777383
248.777383
248.777383
248.777383
248.777383
248.777383
248.777383
248.777383
248.777383
248.777383
248.777383
248.777383
248.777383
248.777383
248.777383
248.777383
248.777383
248.777383
248.777383
248.777383
226.638972
226.638972
226.638972
226.638972
226.638972
226.638972
226.638972
226.638972
226.638972
226.638972
226.638972
226.638972
226.638972
226.638972
226.638972
226.638972
226.638972
226.638972
226.638972
226.638972
206.930387
206.930387
206.930387
206.930387
206.930387
206.930387
206.930387
206.930387
206.930387
206.930387
206.930387
206.930387
206.930387
206.930387
206.930387
206.930387
206.930387
206.930387
206.930387
206.930387
189.171003
189.171003
189.171003
189.171003
189.171003
189.171003
189.171003
189.171003
189.171003
189.171003
189.171003
189.171003
189.171003
189.171003
189.171003
189.171003
189.171003
189.171003
189.171003
189.171003
173.009963
173.009963
173.009963
173.009963
173.009963
173.009963
173.009963
173.009963
173.009963
173.009963
173.009963
173.009963
173.009963
173.009963
173.009963
173.009963
173.009963
173.009963
173.009963
173.009963
158.183321
158.183321
158.183321
158.183321
158.183321
158.183321
158.183321
158.183321
158.183321
158.183321
158.183321
158.183321
158.183321
158.183321
158.183321
158.183321
158.183321
158.183321
158.183321
158.183321
144.487525
144.487525
144.487525
144.487525
144.487525
144.487525
144.487525
144.487525
144.487525
144.487525
144.487525
144.487525
144.487525
144.487525
144.487525
144.487525
144.487525
144.487525
144.487525
144.487525
131.762297
131.762297
131.762297
131.762297
131.762297
131.762297
131.762297
131.762297
131.762297
131.762297
131.762297
131.762297
131.762297
131.762297
131.762297
131.762297
131.762297
131.762297
131.762297
131.762297
119.879179
119.879179
119.879179
119.879179
119.879179
119.879179
119.879179
119.879179
119.879179
119.879179
119.879179
119.879179
119.879179
119.879179
119.879179
119.879179
119.879179
119.879179
119.879179
119.879179
108.733635
108.733635
108.733635
108.733635
108.733635
108.733635
108.733635
108.733635
108.733635
108.733635
108.733635
108.733635
108.733635
108.733635
108.733635
108.733635
108.733635
108.733635
108.733635
108.733635
98.239453
98.239453
98.239453
98.239453
98.239453
98.239453
98.239453
98.239453
98.239453
98.239453
98.239453
98.239453
98.239453
98.239453
98.239453
98.239453
98.239453
98.239453
98.239453
98.239453
88.324705
88.324705
88.324705
88.324705
88.324705
88.324705
88.324705
88.324705
88.324705
88.324705
88.324705
88.324705
88.324705
88.324705
88.324705
88.324705
88.324705
88.324705
88.324705
88.324705
78.928751
78.928751
78.928751
78.928751
78.928751
78.928751
78.928751
78.928751
78.928751
78.928751
78.928751
78.928751
78.928751
78.928751
78.928751
78.928751
78.928751
78.928751
78.928751
78.928751
70.000000
70.000000
70.000000
70.000000
70.000000
70.000000
70.000000
70.000000
70.000000
70.000000
70.000000
70.000000
70.000000
70.000000
70.000000
70.000000
70.000000
70.000000
70.000000
70.000000
600.000000
600.000000
600.000000
600.000000
600.000000
600.000000
600.000000
600.000000
600.000000
600.000000
600.000000
600.000000
600.000000
600.000000
600.000000
600.000000
600.000000
600.000000
600.000000
600.000000
502.790738
502.790738
502.790738
502.790738
502.790738
502.790738
502.790738
502.790738
502.790738
502.790738
502.790738
502.790738
502.790738
502.790738
502.790738
502.790738
502.790738
502.790738
502.790738
502.790738
436.827311
436.827311
436.827311
436.827311
436.827311
436.827311
436.827311
436.827311
436.827311
436.827311
436.827311
436.827311
436.827311
436.827311
436.827311
436.827311
436.827311
436.827311
436.827311
436.827311
386.909041
386.909041
386.909041
386.909041
386.909041
386.909041
386.909041
386.909041
386.909041
386.909041
386.909041
386.909041
386.909041
386.909041
386.909041
386.909041
386.909041
386.909041
386.909041
386.909041
346.757390
346.757390
346.757390
346.757390
346.757390
346.757390
346.757390
346.757390
346.757390
346.757390
346.757390
346.757390
346.757390
346.757390
346.757390
346.757390
346.757390
346.757390
346.757390
346.757390
313.176009
313.176009
313.176009
313.176009
313.176009
313.176009
313.176009
313.176009
313.176009
313.176009
313.176009
313.176009
313.176009
313.176009
313.176009
313.176009
313.176009
313.176009
313.176009
313.176009
284.317009
284.317009
284.317009
284.317009
284.317009
284.317009
284.317009
284.317009
284.317009
284.317009
284.317009
284.317009
284.317009
284.317009
284.317009
284.317009
284.317009
284.317009
284.317009
284.317009
259.015968
259.015968
259.015968
259.015968
259.015968
259.015968
259.015968
259.015968
259.015968
259.015968
259.015968
259.015968
259.015968
259.015968
259.015968
259.015968
259.015968
259.015968
259.015968
259.015968
236.491871
236.491871
236.491871
236.491871
236.491871
236.491871
236.491871
236.491871
236.491871
236.491871
236.491871
236.491871
236.491871
236.491871
236.491871
236.491871
236.491871
236.491871
236.491871
236.491871
216.195432
216.195432
216.195432
216.195432
216.195432
216.195432
216.195432
216.195432
216.195432
216.195432
216.195432
216.195432
216.195432
216.195432
216.195432
216.195432
216.195432
216.195432
216.195432
216.195432
197.725672
197.725672
197.725672
197.725672
197.725672
197.725672
197.725672
197.725672
197.725672
197.725672
197.725672
197.725672
197.725672
197.725672
197.725672
197.725672
197.725672
197.725672
197.725672
197.725672
180.780938
180.780938
180.780938
180.780938
180.780938
180.780938
180.780938
180.780938
180.780938
180.780938
180.780938
180.780938
180.780938
180.780938
180.780938
180.780938
180.780938
180.780938
180.780938
180.780938
165.128600
165.128600
165.128600
165.128600
165.128600
165.128600
165.128600
165.128600
165.128600
165.128600
165.128600
165.128600
165.128600
165.128600
165.128600
165.128600
165.128600
165.128600
165.128600
165.128600
150.585482
150.585482
150.585482
150.585482
150.585482
150.585482
150.585482
150.585482
150.585482
150.585482
150.585482
150.585482
150.585482
150.585482
150.585482
150.585482
150.585482
150.585482
150.585482
150.585482
137.004776
137.004776
137.004776
137.004776
137.004776
137.004776
137.004776
137.004776
137.004776
137.004776
137.004776
137.004776
137.004776
137.004776
137.004776
137.004776
137.004776
137.004776
137.004776
137.004776
124.267011
124.267011
124.267011
124.267011
124.267011
124.267011
124.267011
124.267011
124.267011
124.267011
124.267011
124.267011
124.267011
124.267011
124.267011
124.267011
124.267011
124.267011
124.267011
124.267011
112.273660
112.273660
112.273660
112.273660
112.273660
112.273660
112.273660
112.273660
112.273660
112.273660
112.273660
112.273660
112.273660
112.273660
112.273660
112.273660
112.273660
112.273660
112.273660
112.273660
100.942520
100.942520
100.942520
100.942520
100.942520
100.942520
100.942520
100.942520
100.942520
100.942520
100.942520
100.942520
100.942520
100.942520
100.942520
100.942520
100.942520
100.942520
100.942520
100.942520
90.204287
90.204287
90.204287
90.204287
90.204287
90.204287
90.204287
90.204287
90.204287
90.204287
90.204287
90.204287
90.204287
90.204287
90.204287
90.204287
90.204287
90.204287
90.204287
90.204287
80.000000
80.000000
80.000000
80.000000
80.000000
80.000000
80.000000
80.000000
80.000000
80.000000
80.000000
80.000000
80.000000
80.000000
80.000000
80.000000
80.000000
80.000000
80.000000
80.000000
675.000000
675.000000
675.000000
675.000000
675.000000
675.000000
675.000000
675.000000
675.000000
675.000000
675.000000
675.000000
675.000000
675.000000
675.000000
675.000000
675.000000
675.000000
675.000000
675.000000
565.639581
565.639581
565.639581
565.639581
565.639581
565.639581
565.639581
565.639581
565.639581
565.639581
565.639581
565.639581
565.639581
565.639581
565.639581
565.639581
565.639581
565.639581
565.639581
565.639581
491.430725
491.430725
491.430725
491.430725
491.430725
491.430725
491.430725
491.430725
491.430725
491.430725
491.430725
491.430725
491.430725
491.430725
491.430725
491.430725
491.430725
491.430725
491.430725
491.430725
435.272672
435.272672
435.272672
435.272672
435.272672
435.272672
435.272672
435.272672
435.272672
435.272672
435.272672
435.272672
435.272672
435.272672
435.272672
435.272672
435.272672
435.272672
435.272672
435.272672
390.102064
390.102064
390.102064
390.102064
390.102064
390.102064
390.102064
390.102064
390.102064
390.102064
390.102064
390.102064
390.102064
390.102064
390.102064
390.102064
390.102064
390.102064
390.102064
390.102064
352.323010
352.323010
352.323010
352.323010
352.323010
352.323010
352.323010
352.323010
352.323010
352.323010
352.323010
352.323010
352.323010
352.323010
352.323010
352.323010
352.323010
352.323010
352.323010
352.323010
319.856635
319.856635
319.856635
319.856635
319.856635
319.856635
319.856635
319.856635
319.856635
319.856635
319.856635
319.856635
319.856635
319.856635
319.856635
319.856635
319.856635
319.856635
319.856635
319.856635
291.392964
291.392964
291.392964
291.392964
291.392964
291.392964
291.392964
291.392964
291.392964
291.392964
291.392964
291.392964
291.392964
291.392964
291.392964
291.392964
291.392964
291.392964
291.392964
291.392964
266.053355
266.053355
266.053355
266.053355
266.053355
266.053355
266.053355
266.053355
266.053355
266.053355
266.053355
266.053355
266.053355
266.053355
266.053355
266.053355
266.053355
266.053355
266.053355
266.053355
243.219861
243.219861
243.219861
243.219861
243.219861
243.219861
243.219861
243.219861
243.219861
243.219861
243.219861
243.219861
243.219861
243.219861
243.219861
243.219861
243.219861
243.219861
243.219861
243.219861
222.441381
222.441381
222.441381
222.441381
222.441381
222.441381
222.441381
222.441381
222.441381
222.441381
222.441381
222.441381
222.441381
222.441381
222.441381
222.441381
222.441381
222.441381
222.441381
222.441381
203.378556
203.378556
203.378556
203.378556
203.378556
203.378556
203.378556
203.378556
203.378556
203.378556
203.378556
203.378556
203.378556
203.378556
203.378556
203.378556
203.378556
203.378556
203.378556
203.378556
185.769675
185.769675
185.769675
185.769675
185.769675
185.769675
185.769675
185.769675
185.769675
185.769675
185.769675
185.769675
185.769675
185.769675
185.769675
185.769675
185.769675
185.769675
185.769675
185.769675
169.408667
169.408667
169.408667
169.408667
169.408667
169.408667
169.408667
169.408667
169.408667
169.408667
169.408667
169.408667
169.408667
169.408667
169.408667
169.408667
169.408667
169.408667
169.408667
169.408667
154.130373
154.130373
154.130373
154.130373
154.130373
154.130373
154.130373
154.130373
154.130373
154.130373
154.130373
154.130373
154.130373
154.130373
154.130373
154.130373
154.130373
154.130373
154.130373
154.130373
139.800387
139.800387
139.800387
139.800387
139.800387
139.800387
139.800387
139.800387
139.800387
139.800387
139.800387
139.800387
139.800387
139.800387
139.800387
139.800387
139.800387
139.800387
139.800387
139.800387
126.307868
126.307868
126.307868
126.307868
126.307868
126.307868
126.307868
126.307868
126.307868
126.307868
126.307868
126.307868
126.307868
126.307868
126.307868
126.307868
126.307868
126.307868
126.307868
126.307868
113.560334
113.560334
113.560334
113.560334
113.560334
113.560334
113.560334
113.560334
113.560334
113.560334
113.560334
113.560334
113.560334
113.560334
113.560334
113.560334
113.560334
113.560334
113.560334
113.560334
101.479823
101.479823
101.479823
101.479823
101.479823
101.479823
101.479823
101.479823
101.479823
101.479823
101.479823
101.479823
101.479823
101.479823
101.479823
101.479823
101.479823
101.479823
101.479823
101.479823
90.000000
90.000000
90.000000
90.000000
90.000000
90.000000
90.000000
90.000000
90.000000
90.000000
90.000000
90.000000
90.000000
90.000000
90.000000
90.000000
90.000000
90.000000
90.000000
90.000000
750.000000
750.000000
750.000000
750.000000
750.000000
750.000000
750.000000
750.000000
750.000000
750.000000
750.000000
750.000000
750.000000
750.000000
750.000000
750.000000
750.000000
750.000000
750.000000
750.000000
628.488423
628.488423
628.488423
628.488423
628.488423
628.488423
628.488423
628.488423
628.488423
628.488423
628.488423
628.488423
628.488423
628.488423
628.488423
628.488423
628.488423
628.488423
628.488423
628.488423
546.034139
546.034139
546.034139
546.034139
546.034139
546.034139
546.034139
546.034139
546.034139
546.034139
546.034139
546.034139
546.034139
546.034139
546.034139
546.034139
546.034139
546.034139
546.034139
546.034139
483.636302
483.636302
483.636302
483.636302
483.636302
483.636302
483.636302
483.636302
483.636302
483.636302
483.636302
483.636302
483.636302
483.636302
483.636302
483.636302
483.636302
483.636302
483.636302
483.636302
433.446737
433.446737
433.446737
433.446737
433.446737
433.446737
433.446737
433.446737
433.446737
433.446737
433.446737
433.446737
433.446737
433.446737
433.446737
433.446737
433.446737
433.446737
433.446737
433.446737
391.470011
391.470011
391.470011
391.470011
391.470011
391.470011
391.470011
391.470011
391.470011
391.470011
391.470011
391.470011
391.470011
391.470011
391.470011
391.470011
391.470011
391.470011
391.470011
391.470011
355.396261
355.396261
355.396261
355.396261
355.396261
355.396261
355.396261
355.396261
355.396261
355.396261
355.396261
355.396261
355.396261
355.396261
355.396261
355.396261
355.396261
355.396261
355.396261
355.396261
323.769960
323.769960
323.769960
323.769960
323.769960
323.769960
323.769960
323.769960
323.769960
323.769960
323.769960
323.769960
323.769960
323.769960
323.769960
323.769960
323.769960
323.769960
323.769960
323.769960
295.614839
295.614839
295.614839
295.614839
295.614839
295.614839
295.614839
295.614839
295.614839
295.614839
295.614839
295.614839
295.614839
295.614839
295.614839
295.614839
295.614839
295.614839
295.614839
295.614839
270.244290
270.244290
270.244290
270.244290
270.244290
270.244290
270.244290
270.244290
270.244290
270.244290
270.244290
270.244290
270.244290
270.244290
270.244290
270.244290
270.244290
270.244290
270.244290
270.244290
247.157090
247.157090
247.157090
247.157090
247.157090
247.157090
247.157090
247.157090
247.157090
247.157090
247.157090
247.157090
247.157090
247.157090
247.157090
247.157090
247.157090
247.157090
247.157090
247.157090
225.976173
225.976173
225.976173
225.976173
225.976173
225.976173
225.976173
225.976173
225.976173
225.976173
225.976173
225.976173
225.976173
225.976173
225.976173
225.976173
225.976173
225.976173
225.976173
225.976173
206.410750
206.410750
206.410750
206.410750
206.410750
206.410750
206.410750
206.410750
206.410750
206.410750
206.410750
206.410750
206.410750
206.410750
206.410750
206.410750
206.410750
206.410750
206.410750
206.410750
188.231852
188.231852
188.231852
188.231852
188.231852
188.231852
188.231852
188.231852
188.231852
188.231852
188.231852
188.231852
188.231852
188.231852
188.231852
188.231852
188.231852
188.231852
188.231852
188.231852
171.255970
171.255970
171.255970
171.255970
171.255970
171.255970
171.255970
171.255970
171.255970
171.255970
171.255970
171.255970
171.255970
171.255970
171.255970
171.255970
171.255970
171.255970
171.255970
171.255970
155.333764
155.333764
155.333764
155.333764
155.333764
155.333764
155.333764
155.333764
155.333764
155.333764
155.333764
155.333764
155.333764
155.333764
155.333764
155.333764
155.333764
155.333764
155.333764
155.333764
140.342076
140.342076
140.342076
140.342076
140.342076
140.342076
140.342076
140.342076
140.342076
140.342076
140.342076
140.342076
140.342076
140.342076
140.342076
140.342076
140.342076
140.342076
140.342076
140.342076
126.178149
126.178149
126.178149
126.178149
126.178149
126.178149
126.178149
126.178149
126.178149
126.178149
126.178149
126.178149
126.178149
126.178149
126.178149
126.178149
126.178149
126.178149
126.178149
126.178149
112.755359
112.755359
112.755359
112.755359
112.755359
112.755359
112.755359
112.755359
112.755359
112.755359
112.755359
112.755359
112.755359
112.755359
112.755359
112.755359
112.755359
112.755359
112.755359
112.755359
100.000000
100.000000
100.000000
100.000000
100.000000
100.000000
100.000000
100.000000
100.000000
100.000000
100.000000
100.000000
100.000000
100.000000
100.000000
100.000000
100.000000
100.000000
100.000000
100.000000
825.000000
825.000000
825.000000
825.000000
825.000000
825.000000
825.000000
825.000000
825.000000
825.000000
825.000000
825.000000
825.000000
825.000000
825.000000
825.000000
825.000000
825.000000
825.000000
825.000000
691.337265
691.337265
691.337265
691.337265
691.337265
691.337265
691.337265
691.337265
691.337265
691.337265
691.337265
691.337265
691.337265
691.337265
691.337265
691.337265
691.337265
691.337265
691.337265
691.337265
600.637552
600.637552
600.637552
600.637552
600.637552
600.637552
600.637552
600.637552
600.637552
600.637552
600.637552
600.637552
600.637552
600.637552
600.637552
600.637552
600.637552
600.637552
600.637552
600.637552
531.999932
531.999932
531.999932
531.999932
531.999932
531.999932
531.999932
531.999932
531.999932
531.999932
531.999932
531.999932
531.999932
531.999932
531.999932
531.999932
531.999932
531.999932
531.999932
531.999932
476.791411
476.791411
476.791411
476.791411
476.791411
476.791411
476.791411
476.791411
476.791411
476.791411
476.791411
476.791411
476.791411
476.791411
476.791411
476.791411
476.791411
476.791411
476.791411
476.791411
430.617012
430.617012
430.617012
430.617012
430.617012
430.617012
430.617012
430.617012
430.617012
430.617012
430.617012
430.617012
430.617012
430.617012
430.617012
430.617012
430.617012
430.617012
430.617012
430.617012
390.935887
390.935887
390.935887
390.935887
390.935887
390.935887
390.935887
390.935887
390.935887
390.935887
390.935887
390.935887
390.935887
390.935887
390.935887
390.935887
390.935887
390.935887
390.935887
390.935887
356.146956
356.146956
356.146956
356.146956
356.146956
356.146956
356.146956
356.146956
356.146956
356.146956
356.146956
356.146956
356.146956
356.146956
356.146956
356.146956
356.146956
356.146956
356.146956
356.146956
325.176323
325.176323
325.176323
325.176323
325.176323
325.176323
325.176323
325.176323
325.176323
325.176323
325.176323
325.176323
325.176323
325.176323
325.176323
325.176323
325.176323
325.176323
325.176323
325.176323
297.268719
297.268719
297.268719
297.268719
297.268719
297.268719
297.268719
297.268719
297.268719
297.268719
297.268719
297.268719
297.268719
297.268719
297.268719
297.268719
297.268719
297.268719
297.268719
297.268719
271.872799
271.872799
271.872799
271.872799
271.872799
271.872799
271.872799
271.872799
271.872799
271.872799
271.872799
271.872799
271.872799
271.872799
271.872799
271.872799
271.872799
271.872799
271.872799
271.872799
248.573790
248.573790
248.573790
248.573790
248.573790
248.573790
248.573790
248.573790
248.573790
248.573790
248.573790
248.573790
248.573790
248.573790
248.573790
248.573790
248.573790
248.573790
248.573790
248.573790
227.051825
227.051825
227.051825
227.051825
227.051825
227.051825
227.051825
227.051825
227.051825
227.051825
227.051825
227.051825
227.051825
227.051825
227.051825
227.051825
227.051825
227.051825
227.051825
227.051825
207.055038
207.055038
207.055038
207.055038
207.055038
207.055038
207.055038
207.055038
207.055038
207.055038
207.055038
207.055038
207.055038
207.055038
207.055038
207.055038
207.055038
207.055038
207.055038
207.055038
188.381567
188.381567
188.381567
188.381567
188.381567
188.381567
188.381567
188.381567
188.381567
188.381567
188.381567
188.381567
188.381567
188.381567
188.381567
188.381567
188.381567
188.381567
188.381567
188.381567
170.867140
170.867140
170.867140
170.867140
170.867140
170.867140
170.867140
170.867140
170.867140
170.867140
170.867140
170.867140
170.867140
170.867140
170.867140
170.867140
170.867140
170.867140
170.867140
170.867140
154.376283
154.376283
154.376283
154.376283
154.376283
154.376283
154.376283
154.376283
154.376283
154.376283
154.376283
154.376283
154.376283
154.376283
154.376283
154.376283
154.376283
154.376283
154.376283
154.376283
138.795964
138.795964
138.795964
138.795964
138.795964
138.795964
138.795964
138.795964
138.795964
138.795964
138.795964
138.795964
138.795964
138.795964
138.795964
138.795964
138.795964
138.795964
138.795964
138.795964
124.030895
124.030895
124.030895
124.030895
124.030895
124.030895
124.030895
124.030895
124.030895
124.030895
124.030895
124.030895
124.030895
124.030895
124.030895
124.030895
124.030895
124.030895
124.030895
124.030895
110.000000
110.000000
110.000000
110.000000
110.000000
110.000000
110.000000
110.000000
110.000000
110.000000
110.000000
110.000000
110.000000
110.000000
110.000000
110.000000
110.000000
110.000000
110.000000
110.000000
900.000000
900.000000
900.000000
900.000000
900.000000
900.000000
900.000000
900.000000
900.000000
900.000000
900.000000
900.000000
900.000000
900.000000
900.000000
900.000000
900.000000
900.000000
900.000000
900.000000
754.186108
754.186108
754.186108
754.186108
754.186108
754.186108
754.186108
754.186108
754.186108
754.186108
754.186108
754.186108
754.186108
754.186108
754.186108
754.186108
754.186108
754.186108
754.186108
754.186108
655.240966
655.240966
655.240966
655.240966
655.240966
655.240966
655.240966
655.240966
655.240966
655.240966
655.240966
655.240966
655.240966
655.240966
655.240966
655.240966
655.240966
655.240966
655.240966
655.240966
580.363562
580.363562
580.363562
580.363562
580.363562
580.363562
580.363562
580.363562
580.363562
580.363562
580.363562
580.363562
580.363562
580.363562
580.363562
580.363562
580.363562
580.363562
580.363562
580.363562
520.136085
520.136085
520.136085
520.136085
520.136085
520.136085
520.136085
520.136085
520.136085
520.136085
520.136085
520.136085
520.136085
520.136085
520.136085
520.136085
520.136085
520.136085
520.136085
520.136085
469.764013
469.764013
469.764013
469.764013
469.764013
469.764013
469.764013
469.764013
469.764013
469.764013
469.764013
469.764013
469.764013
469.764013
469.764013
469.764013
469.764013
469.764013
469.764013
469.764013
426.475514
426.475514
426.475514
426.475514
426.475514
426.475514
426.475514
426.475514
426.475514
426.475514
426.475514
426.475514
426.475514
426.475514
426.475514
426.475514
426.475514
426.475514
426.475514
426.475514
388.523952
388.523952
388.523952
388.523952
388.523952
388.523952
388.523952
388.523952
388.523952
388.523952
388.523952
388.523952
388.523952
388.523952
388.523952
388.523952
388.523952
388.523952
388.523952
388.523952
354.737807
354.737807
354.737807
354.737807
354.737807
354.737807
354.737807
354.737807
354.737807
354.737807
354.737807
354.737807
354.737807
354.737807
354.737807
354.737807
354.737807
354.737807
354.737807
354.737807
324.293148
324.293148
324.293148
324.293148
324.293148
324.293148
324.293148
324.293148
324.293148
324.293148
324.293148
324.293148
324.293148
324.293148
324.293148
324.293148
324.293148
324.293148
324.293148
324.293148
296.588508
296.588508
296.588508
296.588508
296.588508
296.588508
296.588508
296.588508
296.588508
296.588508
296.588508
296.588508
296.588508
296.588508
296.588508
296.588508
296.588508
296.588508
296.588508
296.588508
271.171408
271.171408
271.171408
271.171408
271.171408
271.171408
271.171408
271.171408
271.171408
271.171408
271.171408
271.171408
271.171408
271.171408
271.171408
271.171408
271.171408
271.171408
271.171408
271.171408
247.692900
247.692900
247.692900
247.692900
247.692900
247.692900
247.692900
247.692900
247.692900
247.692900
247.692900
247.692900
247.692900
247.692900
247.692900
247.692900
247.692900
247.692900
247.692900
247.692900
225.878223
225.878223
225.878223
225.878223
225.878223
225.878223
225.878223
225.878223
225.878223
225.878223
225.878223
225.878223
225.878223
225.878223
225.878223
225.878223
225.878223
225.878223
225.878223
225.878223
205.507164
205.507164
205.507164
205.507164
205.507164
205.507164
205.507164
205.507164
205.507164
205.507164
205.507164
205.507164
205.507164
205.507164
205.507164
205.507164
205.507164
205.507164
205.507164
205.507164
186.400516
186.400516
186.400516
186.400516
186.400516
186.400516
186.400516
186.400516
186.400516
186.400516
186.400516
186.400516
186.400516
186.400516
186.400516
186.400516
186.400516
186.400516
186.400516
186.400516
168.410491
168.410491
168.410491
168.410491
168.410491
168.410491
168.410491
168.410491
168.410491
168.410491
168.410491
168.410491
168.410491
168.410491
168.410491
168.410491
168.410491
168.410491
168.410491
168.410491
151.413779
151.413779
151.413779
151.413779
151.413779
151.413779
151.413779
151.413779
151.413779
151.413779
151.413779
151.413779
151.413779
151.413779
151.413779
151.413779
151.413779
151.413779
151.413779
151.413779
135.306431
135.306431
135.306431
135.306431
135.306431
135.306431
135.306431
135.306431
135.306431
135.306431
135.306431
135.306431
135.306431
135.306431
135.306431
135.306431
135.306431
135.306431
135.306431
135.306431
120.000000
120.000000
120.000000
120.000000
120.000000
120.000000
120.000000
120.000000
120.000000
120.000000
120.000000
120.000000
120.000000
120.000000
120.000000
120.000000
120.000000
120.000000
120.000000
120.000000
975.000000
975.000000
975.000000
975.000000
975.000000
975.000000
975.000000
975.000000
975.000000
975.000000
975.000000
975.000000
975.000000
975.000000
975.000000
975.000000
975.000000
975.000000
975.000000
975.000000
817.034950
817.034950
817.034950
817.034950
817.034950
817.034950
817.034950
817.034950
817.034950
817.034950
817.034950
817.034950
817.034950
817.034950
817.034950
817.034950
817.034950
817.034950
817.034950
817.034950
709.844380
709.844380
709.844380
709.844380
709.844380
709.844380
709.844380
709.844380
709.844380
709.844380
709.844380
709.844380
709.844380
709.844380
709.844380
709.844380
709.844380
709.844380
709.844380
709.844380
628.727192
628.727192
628.727192
628.727192
628.727192
628.727192
628.727192
628.727192
628.727192
628.727192
628.727192
628.727192
628.727192
628.727192
628.727192
628.727192
628.727192
628.727192
628.727192
628.727192
563.480758
563.480758
563.480758
563.480758
563.480758
563.480758
563.480758
563.480758
563.480758
563.480758
563.480758
563.480758
563.480758
563.480758
563.480758
563.480758
563.480758
563.480758
563.480758
563.480758
508.911014
508.911014
508.911014
508.911014
508.911014
508.911014
508.911014
508.911014
508.911014
508.911014
508.911014
508.911014
508.911014
508.911014
508.911014
508.911014
508.911014
508.911014
508.911014
508.911014
462.015140
462.015140
462.015140
462.015140
462.015140
462.015140
462.015140
462.015140
462.015140
462.015140
462.015140
462.015140
462.015140
462.015140
462.015140
462.015140
462.015140
462.015140
462.015140
462.015140
420.900949
420.900949
420.900949
420.900949
420.900949
420.900949
420.900949
420.900949
420.900949
420.900949
420.900949
420.900949
420.900949
420.900949
420.900949
420.900949
420.900949
420.900949
420.900949
420.900949
384.299291
384.299291
384.299291
384.299291
384.299291
384.299291
384.299291
384.299291
384.299291
384.299291
384.299291
384.299291
384.299291
384.299291
384.299291
384.299291
384.299291
384.299291
384.299291
384.299291
351.317577
351.317577
351.317577
351.317577
351.317577
351.317577
351.317577
351.317577
351.317577
351.317577
351.317577
351.317577
351.317577
351.317577
351.317577
351.317577
351.317577
351.317577
351.317577
351.317577
321.304217
321.304217
321.304217
321.304217
321.304217
321.304217
321.304217
321.304217
321.304217
321.304217
321.304217
321.304217
321.304217
321.304217
321.304217
321.304217
321.304217
321.304217
321.304217
321.304217
293.769025
293.769025
293.769025
293.769025
293.769025
293.769025
293.769025
293.769025
293.769025
293.769025
293.769025
293.769025
293.769025
293.769025
293.769025
293.769025
293.769025
293.769025
293.769025
293.769025
268.333975
268.333975
268.333975
268.333975
268.333975
268.333975
268.333975
268.333975
268.333975
268.333975
268.333975
268.333975
268.333975
268.333975
268.333975
268.333975
268.333975
268.333975
268.333975
268.333975
244.701408
244.701408
244.701408
244.701408
244.701408
244.701408
244.701408
244.701408
244.701408
244.701408
244.701408
244.701408
244.701408
244.701408
244.701408
244.701408
244.701408
244.701408
244.701408
244.701408
222.632761
222.632761
222.632761
222.632761
222.632761
222.632761
222.632761
222.632761
222.632761
222.632761
222.632761
222.632761
222.632761
222.632761
222.632761
222.632761
222.632761
222.632761
222.632761
222.632761
201.933893
201.933893
201.933893
201.933893
201.933893
201.933893
201.933893
201.933893
201.933893
201.933893
201.933893
201.933893
201.933893
201.933893
201.933893
201.933893
201.933893
201.933893
201.933893
201.933893
182.444698
182.444698
182.444698
182.444698
182.444698
182.444698
182.444698
182.444698
182.444698
182.444698
182.444698
182.444698
182.444698
182.444698
182.444698
182.444698
182.444698
182.444698
182.444698
182.444698
164.031594
164.031594
164.031594
164.031594
164.031594
164.031594
164.031594
164.031594
164.031594
164.031594
164.031594
164.031594
164.031594
164.031594
164.031594
164.031594
164.031594
164.031594
164.031594
164.031594
146.581967
146.581967
146.581967
146.581967
146.581967
146.581967
146.581967
146.581967
146.581967
146.581967
146.581967
146.581967
146.581967
146.581967
146.581967
146.581967
146.581967
146.581967
146.581967
146.581967
130.000000
130.000000
130.000000
130.000000
130.000000
130.000000
130.000000
130.000000
130.000000
130.000000
130.000000
130.000000
130.000000
130.000000
130.000000
130.000000
130.000000
130.000000
130.000000
130.000000
1050.000000
1050.000000
1050.000000
1050.000000
1050.000000
1050.000000
1050.000000
1050.000000
1050.000000
1050.000000
1050.000000
1050.000000
1050.000000
1050.000000
1050.000000
1050.000000
1050.000000
1050.000000
1050.000000
1050.000000
879.883792
879.883792
879.883792
879.883792
879.883792
879.883792
879.883792
879.883792
879.883792
879.883792
879.883792
879.883792
879.883792
879.883792
879.883792
879.883792
879.883792
879.883792
879.883792
879.883792
764.447794
764.447794
764.447794
764.447794
764.447794
764.447794
764.447794
764.447794
764.447794
764.447794
764.447794
764.447794
764.447794
764.447794
764.447794
764.447794
764.447794
764.447794
764.447794
764.447794
677.090822
677.090822
677.090822
677.090822
677.090822
677.090822
677.090822
677.090822
677.090822
677.090822
677.090822
677.090822
677.090822
677.090822
677.090822
677.090822
677.090822
677.090822
677.090822
677.090822
606.825432
606.825432
606.825432
606.825432
606.825432
606.825432
606.825432
606.825432
606.825432
606.825432
606.825432
606.825432
606.825432
606.825432
606.825432
606.825432
606.825432
606.825432
606.825432
606.825432
548.058015
548.058015
548.058015
548.058015
548.058015
548.058015
548.058015
548.058015
548.058015
548.058015
548.058015
548.058015
548.058015
548.058015
548.058015
548.058015
548.058015
548.058015
548.058015
548.058015
497.554766
497.554766
497.554766
497.554766
497.554766
497.554766
497.554766
497.554766
497.554766
497.554766
497.554766
497.554766
497.554766
497.554766
497.554766
497.554766
497.554766
497.554766
497.554766
497.554766
453.277945
453.277945
453.277945
453.277945
453.277945
453.277945
453.277945
453.277945
453.277945
453.277945
453.277945
453.277945
453.277945
453.277945
453.277945
453.277945
453.277945
453.277945
453.277945
453.277945
413.860774
413.860774
413.860774
413.860774
413.860774
413.860774
413.860774
413.860774
413.860774
413.860774
413.860774
413.860774
413.860774
413.860774
413.860774
413.860774
413.860774
413.860774
413.860774
413.860774
378.342006
378.342006
378.342006
378.342006
378.342006
378.342006
378.342006
378.342006
378.342006
378.342006
378.342006
378.342006
378.342006
378.342006
378.342006
378.342006
378.342006
378.342006
378.342006
378.342006
346.019926
346.019926
346.019926
346.019926
346.019926
346.019926
346.019926
346.019926
346.019926
346.019926
346.019926
346.019926
346.019926
346.019926
346.019926
346.019926
346.019926
346.019926
346.019926
346.019926
316.366642
316.366642
316.366642
316.366642
316.366642
316.366642
316.366642
316.366642
316.366642
316.366642
316.366642
316.366642
316.366642
316.366642
316.366642
316.366642
316.366642
316.366642
316.366642
316.366642
288.975050
288.975050
288.975050
288.975050
288.975050
288.975050
288.975050
288.975050
288.975050
288.975050
288.975050
288.975050
288.975050
288.975050
288.975050
288.975050
288.975050
288.975050
288.975050
288.975050
263.524593
263.524593
263.524593
263.524593
263.524593
263.524593
263.524593
263.524593
263.524593
263.524593
263.524593
263.524593
263.524593
263.524593
263.524593
263.524593
263.524593
263.524593
263.524593
263.524593
239.758358
239.758358
239.758358
239.758358
239.758358
239.758358
239.758358
239.758358
239.758358
239.758358
239.758358
239.758358
239.758358
239.758358
239.758358
239.758358
239.758358
239.758358
239.758358
239.758358
217.467269
217.467269
217.467269
217.467269
217.467269
217.467269
217.467269
217.467269
217.467269
217.467269
217.467269
217.467269
217.467269
217.467269
217.467269
217.467269
217.467269
217.467269
217.467269
217.467269
196.478906
196.478906
196.478906
196.478906
196.478906
196.478906
196.478906
196.478906
196.478906
196.478906
196.478906
196.478906
196.478906
196.478906
196.478906
196.478906
196.478906
196.478906
196.478906
196.478906
176.649409
176.649409
176.649409
176.649409
176.649409
176.649409
176.649409
176.649409
176.649409
176.649409
176.649409
176.649409
176.649409
176.649409
176.649409
176.649409
176.649409
176.649409
176.649409
176.649409
157.857502
157.857502
157.857502
157.857502
157.857502
157.857502
157.857502
157.857502
157.857502
157.857502
157.857502
157.857502
157.857502
157.857502
157.857502
157.857502
157.857502
157.857502
157.857502
157.857502
140.000000
140.000000
140.000000
140.000000
140.000000
140.000000
140.000000
140.000000
140.000000
140.000000
140.000000
140.000000
140.000000
140.000000
140.000000
140.000000
140.000000
140.000000
140.000000
140.000000
1125.000000
1125.000000
1125.000000
1125.000000
1125.000000
1125.000000
1125.000000
1125.000000
1125.000000
1125.000000
1125.000000
1125.000000
1125.000000
1125.000000
1125.000000
1125.000000
1125.000000
1125.000000
1125.000000
1125.000000
942.732634
942.732634
942.732634
942.732634
942.732634
942.732634
942.732634
942.732634
942.732634
942.732634
942.732634
942.732634
942.732634
942.732634
942.732634
942.732634
942.732634
942.732634
942.732634
942.732634
819.051208
819.051208
819.051208
819.051208
819.051208
819.051208
819.051208
819.051208
819.051208
819.051208
819.051208
819.051208
819.051208
819.051208
819.051208
819.051208
819.051208
819.051208
819.051208
819.051208
725.454453
725.454453
725.454453
725.454453
725.454453
725.454453
725.454453
725.454453
725.454453
725.454453
725.454453
725.454453
725.454453
725.454453
725.454453
725.454453
725.454453
725.454453
725.454453
725.454453
650.170106
650.170106
650.170106
650.170106
650.170106
650.170106
650.170106
650.170106
650.170106
650.170106
650.170106
650.170106
650.170106
650.170106
650.170106
650.170106
650.170106
650.170106
650.170106
650.170106
587.205016
587.205016
587.205016
587.205016
587.205016
587.205016
587.205016
587.205016
587.205016
587.205016
587.205016
587.205016
587.205016
587.205016
587.205016
587.205016
587.205016
587.205016
587.205016
587.205016
533.094392
533.094392
533.094392
533.094392
533.094392
533.094392
533.094392
533.094392
533.094392
533.094392
533.094392
533.094392
533.094392
533.094392
533.094392
533.094392
533.094392
533.094392
533.094392
533.094392
485.654941
485.654941
485.654941
485.654941
485.654941
485.654941
485.654941
485.654941
485.654941
485.654941
485.654941
485.654941
485.654941
485.654941
485.654941
485.654941
485.654941
485.654941
485.654941
485.654941
443.422258
443.422258
443.422258
443.422258
443.422258
443.422258
443.422258
443.422258
443.422258
443.422258
443.422258
443.422258
443.422258
443.422258
443.422258
443.422258
443.422258
443.422258
443.422258
443.422258
405.366435
405.366435
405.366435
405.366435
405.366435
405.366435
405.366435
405.366435
405.366435
405.366435
405.366435
405.366435
405.366435
405.366435
405.366435
405.366435
405.366435
405.366435
405.366435
405.366435
370.735635
370.735635
370.735635
370.735635
370.735635
370.735635
370.735635
370.735635
370.735635
370.735635
370.735635
370.735635
370.735635
370.735635
370.735635
370.735635
370.735635
370.735635
370.735635
370.735635
338.964260
338.964260
338.964260
338.964260
338.964260
338.964260
338.964260
338.964260
338.964260
338.964260
338.964260
338.964260
338.964260
338.964260
338.964260
338.964260
338.964260
338.964260
338.964260
338.964260
309.616125
309.616125
309.616125
309.616125
309.616125
309.616125
309.616125
309.616125
309.616125
309.616125
309.616125
309.616125
309.616125
309.616125
309.616125
309.616125
309.616125
309.616125
309.616125
309.616125
282.347779
282.347779
282.347779
282.347779
282.347779
282.347779
282.347779
282.347779
282.347779
282.347779
282.347779
282.347779
282.347779
282.347779
282.347779
282.347779
282.347779
282.347779
282.347779
282.347779
256.883955
256.883955
256.883955
256.883955
256.883955
256.883955
256.883955
256.883955
256.883955
256.883955
256.883955
256.883955
256.883955
256.883955
256.883955
256.883955
256.883955
256.883955
256.883955
256.883955
233.000645
233.000645
233.000645
233.000645
233.000645
233.000645
233.000645
233.000645
233.000645
233.000645
233.000645
233.000645
233.000645
233.000645
233.000645
233.000645
233.000645
233.000645
233.000645
233.000645
210.513113
210.513113
210.513113
210.513113
210.513113
210.513113
210.513113
210.513113
210.513113
210.513113
210.513113
210.513113
210.513113
210.513113
210.513113
210.513113
210.513113
210.513113
210.513113
210.513113
189.267224
189.267224
189.267224
189.267224
189.267224
189.267224
189.267224
189.267224
189.267224
189.267224
189.267224
189.267224
189.267224
189.267224
189.267224
189.267224
189.267224
189.267224
189.267224
189.267224
169.133038
169.133038
169.133038
169.133038
169.133038
169.133038
169.133038
169.133038
169.133038
169.133038
169.133038
169.133038
169.133038
169.133038
169.133038
169.133038
169.133038
169.133038
169.133038
169.133038
150.000000
150.000000
150.000000
150.000000
150.000000
150.000000
150.000000
150.000000
150.000000
150.000000
150.000000
150.000000
150.000000
150.000000
150.000000
150.000000
150.000000
150.000000
150.000000
150.000000
1200.000000
1200.000000
1200.000000
1200.000000
1200.000000
1200.000000
1200.000000
1200.000000
1200.000000
1200.000000
1200.000000
1200.000000
1200.000000
1200.000000
1200.000000
1200.000000
1200.000000
1200.000000
1200.000000
1200.000000
1005.581477
1005.581477
1005.581477
1005.581477
1005.581477
1005.581477
1005.581477
1005.581477
1005.581477
1005.581477
1005.581477
1005.581477
1005.581477
1005.581477
1005.581477
1005.581477
1005.581477
1005.581477
1005.581477
1005.581477
873.654622
873.654622
873.654622
873.654622
873.654622
873.654622
873.654622
873.654622
873.654622
873.654622
873.654622
873.654622
873.654622
873.654622
873.654622
873.654622
873.654622
873.654622
873.654622
873.654622
773.818083
773.818083
773.818083
773.818083
773.818083
773.818083
773.818083
773.818083
773.818083
773.818083
773.818083
773.818083
773.818083
773.818083
773.818083
773.818083
773.818083
773.818083
773.818083
773.818083
693.514780
693.514780
693.514780
693.514780
693.514780
693.514780
693.514780
693.514780
693.514780
693.514780
693.514780
693.514780
693.514780
693.514780
693.514780
693.514780
693.514780
693.514780
693.514780
693.514780
626.352017
626.352017
626.352017
626.352017
626.352017
626.352017
626.352017
626.352017
626.352017
626.352017
626.352017
626.352017
626.352017
626.352017
626.352017
626.352017
626.352017
626.352017
626.352017
626.352017
568.634018
568.634018
568.634018
568.634018
568.634018
568.634018
568.634018
568.634018
568.634018
568.634018
568.634018
568.634018
568.634018
568.634018
568.634018
568.634018
568.634018
568.634018
568.634018
568.634018
518.031937
518.031937
518.031937
518.031937
518.031937
518.031937
518.031937
518.031937
518.031937
518.031937
518.031937
518.031937
518.031937
518.031937
518.031937
518.031937
518.031937
518.031937
518.031937
518.031937
472.983742
472.983742
472.983742
472.983742
472.983742
472.983742
472.983742
472.983742
472.983742
472.983742
472.983742
472.983742
472.983742
472.983742
472.983742
472.983742
472.983742
472.983742
472.983742
472.983742
432.390864
432.390864
432.390864
432.390864
432.390864
432.390864
432.390864
432.390864
432.390864
432.390864
432.390864
432.390864
432.390864
432.390864
432.390864
432.390864
432.390864
432.390864
432.390864
432.390864
395.451344
395.451344
395.451344
395.451344
395.451344
395.451344
395.451344
395.451344
395.451344
395.451344
395.451344
395.451344
395.451344
395.451344
395.451344
395.451344
395.451344
395.451344
395.451344
395.451344
361.561877
361.561877
361.561877
361.561877
361.561877
361.561877
361.561877
361.561877
361.561877
361.561877
361.561877
361.561877
361.561877
361.561877
361.561877
361.561877
361.561877
361.561877
361.561877
361.561877
330.257200
330.257200
330.257200
330.257200
330.257200
330.257200
330.257200
330.257200
330.257200
330.257200
330.257200
330.257200
330.257200
330.257200
330.257200
330.257200
330.257200
330.257200
330.257200
330.257200
301.170964
301.170964
301.170964
301.170964
301.170964
301.170964
301.170964
301.170964
301.170964
301.170964
301.170964
301.170964
301.170964
301.170964
301.170964
301.170964
301.170964
301.170964
301.170964
301.170964
274.009552
274.009552
274.009552
274.009552
274.009552
274.009552
274.009552
274.009552
274.009552
274.009552
274.009552
274.009552
274.009552
274.009552
274.009552
274.009552
274.009552
274.009552
274.009552
274.009552
248.534022
248.534022
248.534022
248.534022
248.534022
248.534022
248.534022
248.534022
248.534022
248.534022
248.534022
248.534022
248.534022
248.534022
248.534022
248.534022
248.534022
248.534022
248.534022
248.534022
224.547321
224.547321
224.547321
224.547321
224.547321
224.547321
224.547321
224.547321
224.547321
224.547321
224.547321
224.547321
224.547321
224.547321
224.547321
224.547321
224.547321
224.547321
224.547321
224.547321
201.885039
201.885039
201.885039
201.885039
201.885039
201.885039
201.885039
201.885039
201.885039
201.885039
201.885039
201.885039
201.885039
201.885039
201.885039
201.885039
201.885039
201.885039
201.885039
201.885039
180.408574
180.408574
180.408574
180.408574
180.408574
180.408574
180.408574
180.408574
180.408574
180.408574
180.408574
180.408574
180.408574
180.408574
180.408574
180.408574
180.408574
180.408574
180.408574
180.408574
160.000000
160.000000
160.000000
160.000000
160.000000
160.000000
160.000000
160.000000
160.000000
160.000000
160.000000
160.000000
160.000000
160.000000
160.000000
160.000000
160.000000
160.000000
160.000000
160.000000
1275.000000
1275.000000
1275.000000
1275.000000
1275.000000
1275.000000
1275.000000
1275.000000
1275.000000
1275.000000
1275.000000
1275.000000
1275.000000
1275.000000
1275.000000
1275.000000
1275.000000
1275.000000
1275.000000
1275.000000
1068.430319
1068.430319
1068.430319
1068.430319
1068.430319
1068.430319
1068.430319
1068.430319
1068.430319
1068.430319
1068.430319
1068.430319
1068.430319
1068.430319
1068.430319
1068.430319
1068.430319
1068.430319
1068.430319
1068.430319
928.258036
928.258036
928.258036
928.258036
928.258036
928.258036
928.258036
928.258036
928.258036
928.258036
928.258036
928.258036
928.258036
928.258036
928.258036
928.258036
928.258036
928.258036
928.258036
928.258036
822.181713
822.181713
822.181713
822.181713
822.181713
822.181713
822.181713
822.181713
822.181713
822.181713
822.181713
822.181713
822.181713
822.181713
822.181713
822.181713
822.181713
822.181713
822.181713
822.181713
736.859453
736.859453
736.859453
736.859453
736.859453
736.859453
736.859453
736.859453
736.859453
736.859453
736.859453
736.859453
736.859453
736.859453
736.859453
736.859453
736.859453
736.859453
736.859453
736.859453
665.499018
665.499018
665.499018
665.499018
665.499018
665.499018
665.499018
665.499018
665.499018
665.499018
665.499018
665.499018
665.499018
665.499018
665.499018
665.499018
665.499018
665.499018
665.499018
665.499018
604.173644
604.173644
604.173644
604.173644
604.173644
604.173644
604.173644
604.173644
604.173644
604.173644
604.173644
604.173644
604.173644
604.173644
604.173644
604.173644
604.173644
604.173644
604.173644
604.173644
550.408933
550.408933
550.408933
550.408933
550.408933
550.408933
550.408933
550.408933
550.408933
550.408933
550.408933
550.408933
550.408933
550.408933
550.408933
550.408933
550.408933
550.408933
550.408933
550.408933
502.545226
502.545226
502.545226
502.545226
502.545226
502.545226
502.545226
502.545226
502.545226
502.545226
502.545226
502.545226
502.545226
502.545226
502.545226
502.545226
502.545226
502.545226
502.545226
502.545226
459.415293
459.415293
459.415293
459.415293
459.415293
459.415293
459.415293
459.415293
459.415293
459.415293
459.415293
459.415293
459.415293
459.415293
459.415293
459.415293
459.415293
459.415293
459.415293
459.415293
420.167053
420.167053
420.167053
420.167053
420.167053
420.167053
420.167053
420.167053
420.167053
420.167053
420.167053
420.167053
420.167053
420.167053
420.167053
420.167053
420.167053
420.167053
420.167053
420.167053
384.159494
384.159494
384.159494
384.159494
384.159494
384.159494
384.159494
384.159494
384.159494
384.159494
384.159494
384.159494
384.159494
384.159494
384.159494
384.159494
384.159494
384.159494
384.159494
384.159494
350.898274
350.898274
350.898274
350.898274
350.898274
350.898274
350.898274
350.898274
350.898274
350.898274
350.898274
350.898274
350.898274
350.898274
350.898274
350.898274
350.898274
350.898274
350.898274
350.898274
319.994149
319.994149
319.994149
319.994149
319.994149
319.994149
319.994149
319.994149
319.994149
319.994149
319.994149
319.994149
319.994149
319.994149
319.994149
319.994149
319.994149
319.994149
319.994149
319.994149
291.135149
291.135149
291.135149
291.135149
291.135149
291.135149
291.135149
291.135149
291.135149
291.135149
291.135149
291.135149
291.135149
291.135149
291.135149
291.135149
291.135149
291.135149
291.135149
291.135149
264.067398
264.067398
264.067398
264.067398
264.067398
264.067398
264.067398
264.067398
264.067398
264.067398
264.067398
264.067398
264.067398
264.067398
264.067398
264.067398
264.067398
264.067398
264.067398
264.067398
238.581528
238.581528
238.581528
238.581528
238.581528
238.581528
238.581528
238.581528
238.581528
238.581528
238.581528
238.581528
238.581528
238.581528
238.581528
238.581528
238.581528
238.581528
238.581528
238.581528
214.502854
214.502854
214.502854
214.502854
214.502854
214.502854
214.502854
214.502854
214.502854
214.502854
214.502854
214.502854
214.502854
214.502854
214.502854
214.502854
214.502854
214.502854
214.502854
214.502854
191.684110
191.684110
191.684110
191.684110
191.684110
191.684110
191.684110
191.684110
191.684110
191.684110
191.684110
191.684110
191.684110
191.684110
191.684110
191.684110
191.684110
191.684110
191.684110
191.684110
170.000000
170.000000
170.000000
170.000000
170.000000
170.000000
170.000000
170.000000
170.000000
170.000000
170.000000
170.000000
170.000000
170.000000
170.000000
170.000000
170.000000
170.000000
170.000000
170.000000
1350.000000
1350.000000
1350.000000
1350.000000
1350.000000
1350.000000
1350.000000
1350.000000
1350.000000
1350.000000
1350.000000
1350.000000
1350.000000
1350.000000
1350.000000
1350.000000
1350.000000
1350.000000
1350.000000
1350.000000
1131.279161
1131.279161
1131.279161
1131.279161
1131.279161
1131.279161
1131.279161
1131.279161
1131.279161
1131.279161
1131.279161
1131.279161
1131.279161
1131.279161
1131.279161
1131.279161
1131.279161
1131.279161
1131.279161
1131.279161
982.861449
982.861449
982.861449
982.861449
982.861449
982.861449
982.861449
982.861449
982.861449
982.861449
982.861449
982.861449
982.861449
982.861449
982.861449
982.861449
982.861449
982.861449
982.861449
982.861449
870.545343
870.545343
870.545343
870.545343
870.545343
870.545343
870.545343
870.545343
870.545343
870.545343
870.545343
870.545343
870.545343
870.545343
870.545343
870.545343
870.545343
870.545343
870.545343
870.545343
780.204127
780.204127
780.204127
780.204127
780.204127
780.204127
780.204127
780.204127
780.204127
780.204127
780.204127
780.204127
780.204127
780.204127
780.204127
780.204127
780.204127
780.204127
780.204127
780.204127
704.646019
704.646019
704.646019
704.646019
704.646019
704.646019
704.646019
704.646019
704.646019
704.646019
704.646019
704.646019
704.646019
704.646019
704.646019
704.646019
704.646019
704.646019
704.646019
704.646019
639.713270
639.713270
639.713270
639.713270
639.713270
639.713270
639.713270
639.713270
639.713270
639.713270
639.713270
639.713270
639.713270
639.713270
639.713270
639.713270
639.713270
639.713270
639.713270
639.713270
582.785929
582.785929
582.785929
582.785929
582.785929
582.785929
582.785929
582.785929
582.785929
582.785929
582.785929
582.785929
582.785929
582.785929
582.785929
582.785929
582.785929
582.785929
582.785929
582.785929
532.106710
532.106710
532.106710
532.106710
532.106710
532.106710
532.106710
532.106710
532.106710
532.106710
532.106710
532.106710
532.106710
532.106710
532.106710
532.106710
532.106710
532.106710
532.106710
532.106710
486.439722
486.439722
486.439722
486.439722
486.439722
486.439722
486.439722
486.439722
486.439722
486.439722
486.439722
486.439722
486.439722
486.439722
486.439722
486.439722
486.439722
486.439722
486.439722
486.439722
444.882762
444.882762
444.882762
444.882762
444.882762
444.882762
444.882762
444.882762
444.882762
444.882762
444.882762
444.882762
444.882762
444.882762
444.882762
444.882762
444.882762
444.882762
444.882762
444.882762
406.757112
406.757112
406.757112
406.757112
406.757112
406.757112
406.757112
406.757112
406.757112
406.757112
406.757112
406.757112
406.757112
406.757112
406.757112
406.757112
406.757112
406.757112
406.757112
406.757112
371.539349
371.539349
371.539349
371.539349
371.539349
371.539349
371.539349
371.539349
371.539349
371.539349
371.539349
371.539349
371.539349
371.539349
371.539349
371.539349
371.539349
371.539349
371.539349
371.539349
338.817334
338.817334
338.817334
338.817334
338.817334
338.817334
338.817334
338.817334
338.817334
338.817334
338.817334
338.817334
338.817334
338.817334
338.817334
338.817334
338.817334
338.817334
338.817334
338.817334
308.260746
308.260746
308.260746
308.260746
308.260746
308.260746
308.260746
308.260746
308.260746
308.260746
308.260746
308.260746
308.260746
308.260746
308.260746
308.260746
308.260746
308.260746
308.260746
308.260746
279.600775
279.600775
279.600775
279.600775
279.600775
279.600775
279.600775
279.600775
279.600775
279.600775
279.600775
279.600775
279.600775
279.600775
279.600775
279.600775
279.600775
279.600775
279.600775
279.600775
252.615736
252.615736
252.615736
252.615736
252.615736
252.615736
252.615736
252.615736
252.615736
252.615736
252.615736
252.615736
252.615736
252.615736
252.615736
252.615736
252.615736
252.615736
252.615736
252.615736
227.120669
227.120669
227.120669
227.120669
227.120669
227.120669
227.120669
227.120669
227.120669
227.120669
227.120669
227.120669
227.120669
227.120669
227.120669
227.120669
227.120669
227.120669
227.120669
227.120669
202.959646
202.959646
202.959646
202.959646
202.959646
202.959646
202.959646
202.959646
202.959646
202.959646
202.959646
202.959646
202.959646
202.959646
202.959646
202.959646
202.959646
202.959646
202.959646
202.959646
180.000000
180.000000
180.000000
180.000000
180.000000
180.000000
180.000000
180.000000
180.000000
180.000000
180.000000
180.000000
180.000000
180.000000
180.000000
180.000000
180.000000
180.000000
180.000000
180.000000
1425.000000
1425.000000
1425.000000
1425.000000
1425.000000
1425.000000
1425.000000
1425.000000
1425.000000
1425.000000
1425.000000
1425.000000
1425.000000
1425.000000
1425.000000
1425.000000
1425.000000
1425.000000
1425.000000
1425.000000
1194.128004
1194.128004
1194.128004
1194.128004
1194.128004
1194.128004
1194.128004
1194.128004
1194.128004
1194.128004
1194.128004
1194.128004
1194.128004
1194.128004
1194.128004
1194.128004
1194.128004
1194.128004
1194.128004
1194.128004
1037.464863
1037.464863
1037.464863
1037.464863
1037.464863
1037.464863
1037.464863
1037.464863
1037.464863
1037.464863
1037.464863
1037.464863
1037.464863
1037.464863
1037.464863
1037.464863
1037.464863
1037.464863
1037.464863
1037.464863
918.908973
918.908973
918.908973
918.908973
918.908973
918.908973
918.908973
918.908973
918.908973
918.908973
918.908973
918.908973
918.908973
918.908973
918.908973
918.908973
918.908973
918.908973
918.908973
918.908973
823.548801
823.548801
823.548801
823.548801
823.548801
823.548801
823.548801
823.548801
823.548801
823.548801
823.548801
823.548801
823.548801
823.548801
823.548801
823.548801
823.548801
823.548801
823.548801
823.548801
743.793020
743.793020
743.793020
743.793020
743.793020
743.793020
743.793020
743.793020
743.793020
743.793020
743.793020
743.793020
743.793020
743.793020
743.793020
743.793020
743.793020
743.793020
743.793020
743.793020
675.252896
675.252896
675.252896
675.252896
675.252896
675.252896
675.252896
675.252896
675.252896
675.252896
675.252896
675.252896
675.252896
675.252896
675.252896
675.252896
675.252896
675.252896
675.252896
675.252896
615.162925
615.162925
615.162925
615.162925
615.162925
615.162925
615.162925
615.162925
615.162925
615.162925
615.162925
615.162925
615.162925
615.162925
615.162925
615.162925
615.162925
615.162925
615.162925
615.162925
561.668194
561.668194
561.668194
561.668194
561.668194
561.668194
561.668194
561.668194
561.668194
561.668194
561.668194
561.668194
561.668194
561.668194
561.668194
561.668194
561.668194
561.668194
561.668194
561.668194
513.464151
513.464151
513.464151
513.464151
513.464151
513.464151
513.464151
513.464151
513.464151
513.464151
513.464151
513.464151
513.464151
513.464151
513.464151
513.464151
513.464151
513.464151
513.464151
513.464151
469.598471
469.598471
469.598471
469.598471
469.598471
469.598471
469.598471
469.598471
469.598471
469.598471
469.598471
469.598471
469.598471
469.598471
469.598471
469.598471
469.598471
469.598471
469.598471
469.598471
429.354729
429.354729
429.354729
429.354729
429.354729
429.354729
429.354729
429.354729
429.354729
429.354729
429.354729
429.354729
429.354729
429.354729
429.354729
429.354729
429.354729
429.354729
429.354729
429.354729
392.180424
392.180424
392.180424
392.180424
392.180424
392.180424
392.180424
392.180424
392.180424
392.180424
392.180424
392.180424
392.180424
392.180424
392.180424
392.180424
392.180424
392.180424
392.180424
392.180424
357.640519
357.640519
357.640519
357.640519
357.640519
357.640519
357.640519
357.640519
357.640519
357.640519
357.640519
357.640519
357.640519
357.640519
357.640519
357.640519
357.640519
357.640519
357.640519
357.640519
325.386344
325.386344
325.386344
325.386344
325.386344
325.386344
325.386344
325.386344
325.386344
325.386344
325.386344
325.386344
325.386344
325.386344
325.386344
325.386344
325.386344
325.386344
325.386344
325.386344
295.134151
295.134151
295.134151
295.134151
295.134151
295.134151
295.134151
295.134151
295.134151
295.134151
295.134151
295.134151
295.134151
295.134151
295.134151
295.134151
295.134151
295.134151
295.134151
295.134151
266.649944
266.649944
266.649944
266.649944
266.649944
266.649944
266.649944
266.649944
266.649944
266.649944
266.649944
266.649944
266.649944
266.649944
266.649944
266.649944
266.649944
266.649944
266.649944
266.649944
239.738484
239.738484
239.738484
239.738484
239.738484
239.738484
239.738484
239.738484
239.738484
239.738484
239.738484
239.738484
239.738484
239.738484
239.738484
239.738484
239.738484
239.738484
239.738484
239.738484
214.235182
214.235182
214.235182
214.235182
214.235182
214.235182
214.235182
214.235182
214.235182
214.235182
214.235182
214.235182
214.235182
214.235182
214.235182
214.235182
214.235182
214.235182
214.235182
214.235182
190.000000
190.000000
190.000000
190.000000
190.000000
190.000000
190.000000
190.000000
190.000000
190.000000
190.000000
190.000000
190.000000
190.000000
190.000000
190.000000
190.000000
190.000000
190.000000
190.000000
