0.000000
0.000000
0.000000
0.000000
0.000000
0.000000
0.000000
0.000000
0.000000
0.000000
0.000000
0.000000
0.000000
0.000000
0.000000
0.000000
0.000000
0.000000
0.000000
0.000000
-0.000000
-0.000000
-0.000000
-0.000000
-0.000000
-0.000000
-0.000000
-0.000000
-0.000000
-0.000000
-0.000000
-0.000000
-0.000000
-0.000000
-0.000000
-0.000000
-0.000000
-0.000000
-0.000000
-0.000000
-0.000000
-0.000000
-0.000000
-0.000000
-0.000000
-0.000000
-0.000000
-0.000000
-0.000000
-0.000000
-0.000000
-0.000000
-0.000000
-0.000000
-0.000000
-0.000000
-0.000000
-0.000000
-0.000000
-0.000000
-0.000000
-0.000000
-0.000000
-0.000000
-0.000000
-0.000000
-0.000000
-0.000000
-0.000000
-0.000000
-0.000000
-0.000000
-0.000000
-0.000000
-0.000000
-0.000000
-0.000000
-0.000000
-0.000000
-0.000000
-0.000000
-0.000000
-0.000000
-0.000000
-0.000000
-0.000000
-0.000000
-0.000000
-0.000000
-0.000000
-0.000000
-0.000000
-0.000000
-0.000000
-0.000000
-0.000000
-0.000000
-0.000000
-0.000000
-0.000000
-0.000000
-0.000000
-0.000000
-0.000000
-0.000000
-0.000000
-0.000000
-0.000000
-0.000000
-0.000000
-0.000000
-0.000000
-0.000000
-0.000000
-0.000000
-0.000000
-0.000000
-0.000000
-0.000000
-0.000000
-0.000000
-0.000000
-0.000000
-0.000000
-0.000000
-0.000000
-0.000000
-0.000000
-0.000000
-0.000000
-0.000000
-0.000000
-0.000000
-0.000000
-0.000000
-0.000000
-0.000000
-0.000000
-0.000000
-0.000000
-0.000000
-0.000000
-0.000000
-0.000000
-0.000000
-0.000000
-0.000000
-0.000000
-0.000000
-0.000000
-0.000000
-0.000000
-0.000000
-0.000000
-0.000000
-0.000000
-0.000000
-0.000000
-0.000000
-0.000000
-0.000000
-0.000000
-0.000000
-0.000000
-0.000000
-0.000000
-0.000000
-0.000000
-0.000000
-0.000000
-0.000000
-0.000000
-0.000000
-0.000000
-0.000000
-0.000000
-0.000000
-0.000000
-0.000000
-0.000000
-0.000000
-0.000000
-0.000000
-0.000000
-0.000000
-0.000000
-0.000000
-0.000000
-0.000000
-0.000000
-0.000000
-0.000000
-0.000000
-0.000000
-0.000000
-0.000000
-0.000000
-0.000000
-0.000000
-0.000000
-0.000000
-0.000000
-0.000000
-0.000000
-0.000000
-0.000000
-0.000000
-0.000000
-0.000000
-0.000000
-0.000000
-0.000000
-0.000000
-0.000000
-0.000000
-0.000000
-0.000000
-0.000000
-0.000000
-0.000000
-0.000000
-0.000000
-0.000000
-0.000000
-0.000000
-0.000000
-0.000000
-0.000000
-0.000000
-0.000000
-0.000000
-0.000000
-0.000000
-0.000000
-0.000000
-0.000000
-0.000000
-0.000000
-0.000000
-0.000000
-0.000000
-0.000000
-0.000000
-0.000000
-0.000000
-0.000000
-0.000000
-0.000000
-0.000000
-0.000000
-0.000000
-0.000000
-0.000000
-0.000000
-0.000000
-0.000000
-0.000000
-0.000000
-0.000000
-0.000000
-0.000000
-0.000000
-0.000000
-0.000000
-0.000000
-0.000000
-0.000000
-0.000000
-0.000000
-0.000000
-0.000000
-0.000000
-0.000000
-0.000000
-0.000000
-0.000000
-0.000000
-0.000000
-0.000000
-0.000000
-0.000000
-0.000000
-0.000000
-0.000000
-0.000000
-0.000000
-0.000000
-0.000000
-0.000000
-0.000000
-0.000000
-0.000000
-0.000000
-0.000000
-0.000000
-0.000000
-0.000000
-0.000000
-0.000000
-0.000000
-0.000000
-0.000000
-0.000000
-0.000000
-0.000000
-0.000000
-0.000000
-0.000000
-0.000000
-0.000000
-0.000000
-0.000000
-0.000000
-0.000000
-0.000000
-0.000000
-0.000000
-0.000000
-0.000000
-0.000000
-0.000000
-0.000000
-0.000000
-0.000000
-0.000000
-0.000000
-0.000000
-0.000000
-0.000000
-0.000000
-0.000000
-0.000000
-0.000000
-0.000000
-0.000000
-0.000000
-0.000000
-0.000000
-0.000000
-0.000000
-0.000000
-0.000000
-0.000000
-0.000000
-0.000000
-0.000000
-0.000000
-0.000000
-0.000000
-0.000000
-0.000000
-0.000000
-0.000000
-0.000000
-0.000000
-0.000000
-0.000000
-0.000000
-0.000000
-0.000000
-0.000000
-0.000000
-0.000000
-0.000000
-0.000000
-0.000000
-0.000000
-0.000000
-0.000000
-0.000000
-0.000000
-0.000000
-0.000000
-0.000000
-0.000000
-0.000000
-0.000000
-0.000000
-0.000000
-0.000000
0.000000
0.000000
0.000000
0.000000
0.000000
0.000000
0.000000
0.000000
0.000000
0.000000
0.000000
0.000000
0.000000
0.000000
0.000000
0.000000
0.000000
0.000000
0.000000
0.000000
150.000000
150.000000
150.000000
150.000000
150.000000
150.000000
150.000000
150.000000
150.000000
150.000000
150.000000
150.000000
150.000000
150.000000
150.000000
150.000000
150.000000
150.000000
150.000000
150.000000
126.357493
126.357493
126.357493
126.357493
126.357493
126.357493
126.357493
126.357493
126.357493
126.357493
126.357493
126.357493
126.357493
126.357493
126.357493
126.357493
126.357493
126.357493
126.357493
126.357493
110.052316
110.052316
110.052316
110.052316
110.052316
110.052316
110.052316
110.052316
110.052316
110.052316
110.052316
110.052316
110.052316
110.052316
110.052316
110.052316
110.052316
110.052316
110.052316
110.052316
97.608892
97.608892
97.608892
97.608892
97.608892
97.608892
97.608892
97.608892
97.608892
97.608892
97.608892
97.608892
97.608892
97.608892
97.608892
97.608892
97.608892
97.608892
97.608892
97.608892
87.548250
87.548250
87.548250
87.548250
87.548250
87.548250
87.548250
87.548250
87.548250
87.548250
87.548250
87.548250
87.548250
87.548250
87.548250
87.548250
87.548250
87.548250
87.548250
87.548250
79.104498
79.104498
79.104498
79.104498
79.104498
79.104498
79.104498
79.104498
79.104498
79.104498
79.104498
79.104498
79.104498
79.104498
79.104498
79.104498
79.104498
79.104498
79.104498
79.104498
71.829880
71.829880
71.829880
71.829880
71.829880
71.829880
71.829880
71.829880
71.829880
71.829880
71.829880
71.829880
71.829880
71.829880
71.829880
71.829880
71.829880
71.829880
71.829880
71.829880
65.440014
65.440014
65.440014
65.440014
65.440014
65.440014
65.440014
65.440014
65.440014
65.440014
65.440014
65.440014
65.440014
65.440014
65.440014
65.440014
65.440014
65.440014
65.440014
65.440014
59.743024
59.743024
59.743024
59.743024
59.743024
59.743024
59.743024
59.743024
59.743024
59.743024
59.743024
59.743024
59.743024
59.743024
59.743024
59.743024
59.743024
59.743024
59.743024
59.743024
54.603349
54.603349
54.603349
54.603349
54.603349
54.603349
54.603349
54.603349
54.603349
54.603349
54.603349
54.603349
54.603349
54.603349
54.603349
54.603349
54.603349
54.603349
54.603349
54.603349
49.921664
49.921664
49.921664
49.921664
49.921664
49.921664
49.921664
49.921664
49.921664
49.921664
49.921664
49.921664
49.921664
49.921664
49.921664
49.921664
49.921664
49.921664
49.921664
49.921664
45.623027
45.623027
45.623027
45.623027
45.623027
45.623027
45.623027
45.623027
45.623027
45.623027
45.623027
45.623027
45.623027
45.623027
45.623027
45.623027
45.623027
45.623027
45.623027
45.623027
41.649496
41.649496
41.649496
41.649496
41.649496
41.649496
41.649496
41.649496
41.649496
41.649496
41.649496
41.649496
41.649496
41.649496
41.649496
41.649496
41.649496
41.649496
41.649496
41.649496
37.955354
37.955354
37.955354
37.955354
37.955354
37.955354
37.955354
37.955354
37.955354
37.955354
37.955354
37.955354
37.955354
37.955354
37.955354
37.955354
37.955354
37.955354
37.955354
37.955354
34.503894
34.503894
34.503894
34.503894
34.503894
34.503894
34.503894
34.503894
34.503894
34.503894
34.503894
34.503894
34.503894
34.503894
34.503894
34.503894
34.503894
34.503894
34.503894
34.503894
31.265194
31.265194
31.265194
31.265194
31.265194
31.265194
31.265194
31.265194
31.265194
31.265194
31.265194
31.265194
31.265194
31.265194
31.265194
31.265194
31.265194
31.265194
31.265194
31.265194
28.214548
28.214548
28.214548
28.214548
28.214548
28.214548
28.214548
28.214548
28.214548
28.214548
28.214548
28.214548
28.214548
28.214548
28.214548
28.214548
28.214548
28.214548
28.214548
28.214548
25.331315
25.331315
25.331315
25.331315
25.331315
25.331315
25.331315
25.331315
25.331315
25.331315
25.331315
25.331315
25.331315
25.331315
25.331315
25.331315
25.331315
25.331315
25.331315
25.331315
22.598078
22.598078
22.598078
22.598078
22.598078
22.598078
22.598078
22.598078
22.598078
22.598078
22.598078
22.598078
22.598078
22.598078
22.598078
22.598078
22.598078
22.598078
22.598078
22.598078
20.000000
20.000000
20.000000
20.000000
20.000000
20.000000
20.000000
20.000000
20.000000
20.000000
20.000000
20.000000
20.000000
20.000000
20.000000
20.000000
20.000000
20.000000
20.000000
20.000000
300.000000
300.000000
300.000000
300.000000
300.000000
300.000000
300.000000
300.000000
300.000000
300.000000
300.000000
300.000000
300.000000
300.000000
300.000000
300.000000
300.000000
300.000000
300.000000
300.000000
252.714986
252.714986
252.714986
252.714986
252.714986
252.714986
252.714986
252.714986
252.714986
252.714986
252.714986
252.714986
252.714986
252.714986
252.714986
252.714986
252.714986
252.714986
252.714986
252.714986
220.104632
220.104632
220.104632
220.104632
220.104632
220.104632
220.104632
220.104632
220.104632
220.104632
220.104632
220.104632
220.104632
220.104632
220.104632
220.104632
220.104632
220.104632
220.104632
220.104632
195.217783
195.217783
195.217783
195.217783
195.217783
195.217783
195.217783
195.217783
195.217783
195.217783
195.217783
195.217783
195.217783
195.217783
195.217783
195.217783
195.217783
195.217783
195.217783
195.217783
175.096501
175.096501
175.096501
175.096501
175.096501
175.096501
175.096501
175.096501
175.096501
175.096501
175.096501
175.096501
175.096501
175.096501
175.096501
175.096501
175.096501
175.096501
175.096501
175.096501
158.208996
158.208996
158.208996
158.208996
158.208996
158.208996
158.208996
158.208996
158.208996
158.208996
158.208996
158.208996
158.208996
158.208996
158.208996
158.208996
158.208996
158.208996
158.208996
158.208996
143.659761
143.659761
143.659761
143.659761
143.659761
143.659761
143.659761
143.659761
143.659761
143.659761
143.659761
143.659761
143.659761
143.659761
143.659761
143.659761
143.659761
143.659761
143.659761
143.659761
130.880027
130.880027
130.880027
130.880027
130.880027
130.880027
130.880027
130.880027
130.880027
130.880027
130.880027
130.880027
130.880027
130.880027
130.880027
130.880027
130.880027
130.880027
130.880027
130.880027
119.486048
119.486048
119.486048
119.486048
119.486048
119.486048
119.486048
119.486048
119.486048
119.486048
119.486048
119.486048
119.486048
119.486048
119.486048
119.486048
119.486048
119.486048
119.486048
119.486048
109.206698
109.206698
109.206698
109.206698
109.206698
109.206698
109.206698
109.206698
109.206698
109.206698
109.206698
109.206698
109.206698
109.206698
109.206698
109.206698
109.206698
109.206698
109.206698
109.206698
99.843329
99.843329
99.843329
99.843329
99.843329
99.843329
99.843329
99.843329
99.843329
99.843329
99.843329
99.843329
99.843329
99.843329
99.843329
99.843329
99.843329
99.843329
99.843329
99.843329
91.246053
91.246053
91.246053
91.246053
91.246053
91.246053
91.246053
91.246053
91.246053
91.246053
91.246053
91.246053
91.246053
91.246053
91.246053
91.246053
91.246053
91.246053
91.246053
91.246053
83.298992
83.298992
83.298992
83.298992
83.298992
83.298992
83.298992
83.298992
83.298992
83.298992
83.298992
83.298992
83.298992
83.298992
83.298992
83.298992
83.298992
83.298992
83.298992
83.298992
75.910709
75.910709
75.910709
75.910709
75.910709
75.910709
75.910709
75.910709
75.910709
75.910709
75.910709
75.910709
75.910709
75.910709
75.910709
75.910709
75.910709
75.910709
75.910709
75.910709
69.007787
69.007787
69.007787
69.007787
69.007787
69.007787
69.007787
69.007787
69.007787
69.007787
69.007787
69.007787
69.007787
69.007787
69.007787
69.007787
69.007787
69.007787
69.007787
69.007787
62.530388
62.530388
62.530388
62.530388
62.530388
62.530388
62.530388
62.530388
62.530388
62.530388
62.530388
62.530388
62.530388
62.530388
62.530388
62.530388
62.530388
62.530388
62.530388
62.530388
56.429096
56.429096
56.429096
56.429096
56.429096
56.429096
56.429096
56.429096
56.429096
56.429096
56.429096
56.429096
56.429096
56.429096
56.429096
56.429096
56.429096
56.429096
56.429096
56.429096
50.662631
50.662631
50.662631
50.662631
50.662631
50.662631
50.662631
50.662631
50.662631
50.662631
50.662631
50.662631
50.662631
50.662631
50.662631
50.662631
50.662631
50.662631
50.662631
50.662631
45.196155
45.196155
45.196155
45.196155
45.196155
45.196155
45.196155
45.196155
45.196155
45.196155
45.196155
45.196155
45.196155
45.196155
45.196155
45.196155
45.196155
45.196155
45.196155
45.196155
40.000000
40.000000
40.000000
40.000000
40.000000
40.000000
40.000000
40.000000
40.000000
40.000000
40.000000
40.000000
40.000000
40.000000
40.000000
40.000000
40.000000
40.000000
40.000000
40.000000
450.000000
450.000000
450.000000
450.000000
450.000000
450.000000
450.000000
450.000000
450.000000
450.000000
450.000000
450.000000
450.000000
450.000000
450.000000
450.000000
450.000000
450.000000
450.000000
450.000000
379.072480
379.072480
379.072480
379.072480
379.072480
379.072480
379.072480
379.072480
379.072480
379.072480
379.072480
379.072480
379.072480
379.072480
379.072480
379.072480
379.072480
379.072480
379.072480
379.072480
330.156948
330.156948
330.156948
330.156948
330.156948
330.156948
330.156948
330.156948
330.156948
330.156948
330.156948
330.156948
330.156948
330.156948
330.156948
330.156948
330.156948
330.156948
330.156948
330.156948
292.826675
292.826675
292.826675
292.826675
292.826675
292.826675
292.826675
292.826675
292.826675
292.826675
292.826675
292.826675
292.826675
292.826675
292.826675
292.826675
292.826675
292.826675
292.826675
292.826675
262.644751
262.644751
262.644751
262.644751
262.644751
262.644751
262.644751
262.644751
262.644751
262.644751
262.644751
262.644751
262.644751
262.644751
262.644751
262.644751
262.644751
262.644751
262.644751
262.644751
237.313494
237.313494
237.313494
237.313494
237.313494
237.313494
237.313494
237.313494
237.313494
237.313494
237.313494
237.313494
237.313494
237.313494
237.313494
237.313494
237.313494
237.313494
237.313494
237.313494
215.489641
215.489641
215.489641
215.489641
215.489641
215.489641
215.489641
215.489641
215.489641
215.489641
215.489641
215.489641
215.489641
215.489641
215.489641
215.489641
215.489641
215.489641
215.489641
215.489641
196.320041
196.320041
196.320041
196.320041
196.320041
196.320041
196.320041
196.320041
196.320041
196.320041
196.320041
196.320041
196.320041
196.320041
196.320041
196.320041
196.320041
196.320041
196.320041
196.320041
179.229072
179.229072
179.229072
179.229072
179.229072
179.229072
179.229072
179.229072
179.229072
179.229072
179.229072
179.229072
179.229072
179.229072
179.229072
179.229072
179.229072
179.229072
179.229072
179.229072
163.810046
163.810046
163.810046
163.810046
163.810046
163.810046
163.810046
163.810046
163.810046
163.810046
163.810046
163.810046
163.810046
163.810046
163.810046
163.810046
163.810046
163.810046
163.810046
163.810046
149.764993
149.764993
149.764993
149.764993
149.764993
149.764993
149.764993
149.764993
149.764993
149.764993
149.764993
149.764993
149.764993
149.764993
149.764993
149.764993
149.764993
149.764993
149.764993
149.764993
136.869080
136.869080
136.869080
136.869080
136.869080
136.869080
136.869080
136.869080
136.869080
136.869080
136.869080
136.869080
136.869080
136.869080
136.869080
136.869080
136.869080
136.869080
136.869080
136.869080
124.948488
124.948488
124.948488
124.948488
124.948488
124.948488
124.948488
124.948488
124.948488
124.948488
124.948488
124.948488
124.948488
124.948488
124.948488
124.948488
124.948488
124.948488
124.948488
124.948488
113.866063
113.866063
113.866063
113.866063
113.866063
113.866063
113.866063
113.866063
113.866063
113.866063
113.866063
113.866063
113.866063
113.866063
113.866063
113.866063
113.866063
113.866063
113.866063
113.866063
103.511681
103.511681
103.511681
103.511681
103.511681
103.511681
103.511681
103.511681
103.511681
103.511681
103.511681
103.511681
103.511681
103.511681
103.511681
103.511681
103.511681
103.511681
103.511681
103.511681
93.795582
93.795582
93.795582
93.795582
93.795582
93.795582
93.795582
93.795582
93.795582
93.795582
93.795582
93.795582
93.795582
93.795582
93.795582
93.795582
93.795582
93.795582
93.795582
93.795582
84.643644
84.643644
84.643644
84.643644
84.643644
84.643644
84.643644
84.643644
84.643644
84.643644
84.643644
84.643644
84.643644
84.643644
84.643644
84.643644
84.643644
84.643644
84.643644
84.643644
75.993946
75.993946
75.993946
75.993946
75.993946
75.993946
75.993946
75.993946
75.993946
75.993946
75.993946
75.993946
75.993946
75.993946
75.993946
75.993946
75.993946
75.993946
75.993946
75.993946
67.794233
67.794233
67.794233
67.794233
67.794233
67.794233
67.794233
67.794233
67.794233
67.794233
67.794233
67.794233
67.794233
67.794233
67.794233
67.794233
67.794233
67.794233
67.794233
67.794233
60.000000
60.000000
60.000000
60.000000
60.000000
60.000000
60.000000
60.000000
60.000000
60.000000
60.000000
60.000000
60.000000
60.000000
60.000000
60.000000
60.000000
60.000000
60.000000
60.000000
600.000000
600.000000
600.000000
600.000000
600.000000
600.000000
600.000000
600.000000
600.000000
600.000000
600.000000
600.000000
600.000000
600.000000
600.000000
600.000000
600.000000
600.000000
600.000000
600.000000
505.429973
505.429973
505.429973
505.429973
505.429973
505.429973
505.429973
505.429973
505.429973
505.429973
505.429973
505.429973
505.429973
505.429973
505.429973
505.429973
505.429973
505.429973
505.429973
505.429973
440.209265
440.209265
440.209265
440.209265
440.209265
440.209265
440.209265
440.209265
440.209265
440.209265
440.209265
440.209265
440.209265
440.209265
440.209265
440.209265
440.209265
440.209265
440.209265
440.209265
390.435566
390.435566
390.435566
390.435566
390.435566
390.435566
390.435566
390.435566
390.435566
390.435566
390.435566
390.435566
390.435566
390.435566
390.435566
390.435566
390.435566
390.435566
390.435566
390.435566
350.193001
350.193001
350.193001
350.193001
350.193001
350.193001
350.193001
350.193001
350.193001
350.193001
350.193001
350.193001
350.193001
350.193001
350.193001
350.193001
350.193001
350.193001
350.193001
350.193001
316.417992
316.417992
316.417992
316.417992
316.417992
316.417992
316.417992
316.417992
316.417992
316.417992
316.417992
316.417992
316.417992
316.417992
316.417992
316.417992
316.417992
316.417992
316.417992
316.417992
287.319522
287.319522
287.319522
287.319522
287.319522
287.319522
287.319522
287.319522
287.319522
287.319522
287.319522
287.319522
287.319522
287.319522
287.319522
287.319522
287.319522
287.319522
287.319522
287.319522
261.760055
261.760055
261.760055
261.760055
261.760055
261.760055
261.760055
261.760055
261.760055
261.760055
261.760055
261.760055
261.760055
261.760055
261.760055
261.760055
261.760055
261.760055
261.760055
261.760055
238.972097
238.972097
238.972097
238.972097
238.972097
238.972097
238.972097
238.972097
238.972097
238.972097
238.972097
238.972097
238.972097
238.972097
238.972097
238.972097
238.972097
238.972097
238.972097
238.972097
218.413395
218.413395
218.413395
218.413395
218.413395
218.413395
218.413395
218.413395
218.413395
218.413395
218.413395
218.413395
218.413395
218.413395
218.413395
218.413395
218.413395
218.413395
218.413395
218.413395
199.686657
199.686657
199.686657
199.686657
199.686657
199.686657
199.686657
199.686657
199.686657
199.686657
199.686657
199.686657
199.686657
199.686657
199.686657
199.686657
199.686657
199.686657
199.686657
199.686657
182.492107
182.492107
182.492107
182.492107
182.492107
182.492107
182.492107
182.492107
182.492107
182.492107
182.492107
182.492107
182.492107
182.492107
182.492107
182.492107
182.492107
182.492107
182.492107
182.492107
166.597984
166.597984
166.597984
166.597984
166.597984
166.597984
166.597984
166.597984
166.597984
166.597984
166.597984
166.597984
166.597984
166.597984
166.597984
166.597984
166.597984
166.597984
166.597984
166.597984
151.821418
151.821418
151.821418
151.821418
151.821418
151.821418
151.821418
151.821418
151.821418
151.821418
151.821418
151.821418
151.821418
151.821418
151.821418
151.821418
151.821418
151.821418
151.821418
151.821418
138.015574
138.015574
138.015574
138.015574
138.015574
138.015574
138.015574
138.015574
138.015574
138.015574
138.015574
138.015574
138.015574
138.015574
138.015574
138.015574
138.015574
138.015574
138.015574
138.015574
125.060776
125.060776
125.060776
125.060776
125.060776
125.060776
125.060776
125.060776
125.060776
125.060776
125.060776
125.060776
125.060776
125.060776
125.060776
125.060776
125.060776
125.060776
125.060776
125.060776
112.858192
112.858192
112.858192
112.858192
112.858192
112.858192
112.858192
112.858192
112.858192
112.858192
112.858192
112.858192
112.858192
112.858192
112.858192
112.858192
112.858192
112.858192
112.858192
112.858192
101.325262
101.325262
101.325262
101.325262
101.325262
101.325262
101.325262
101.325262
101.325262
101.325262
101.325262
101.325262
101.325262
101.325262
101.325262
101.325262
101.325262
101.325262
101.325262
101.325262
90.392311
90.392311
90.392311
90.392311
90.392311
90.392311
90.392311
90.392311
90.392311
90.392311
90.392311
90.392311
90.392311
90.392311
90.392311
90.392311
90.392311
90.392311
90.392311
90.392311
80.000000
80.000000
80.000000
80.000000
80.000000
80.000000
80.000000
80.000000
80.000000
80.000000
80.000000
80.000000
80.000000
80.000000
80.000000
80.000000
80.000000
80.000000
80.000000
80.000000
750.000000
750.000000
750.000000
750.000000
750.000000
750.000000
750.000000
750.000000
750.000000
750.000000
750.000000
750.000000
750.000000
750.000000
750.000000
750.000000
750.000000
750.000000
750.000000
750.000000
631.787466
631.787466
631.787466
631.787466
631.787466
631.787466
631.787466
631.787466
631.787466
631.787466
631.787466
631.787466
631.787466
631.787466
631.787466
631.787466
631.787466
631.787466
631.787466
631.787466
550.261581
550.261581
550.261581
550.261581
550.261581
550.261581
550.261581
550.261581
550.261581
550.261581
550.261581
550.261581
550.261581
550.261581
550.261581
550.261581
550.261581
550.261581
550.261581
550.261581
488.044458
488.044458
488.044458
488.044458
488.044458
488.044458
488.044458
488.044458
488.044458
488.044458
488.044458
488.044458
488.044458
488.044458
488.044458
488.044458
488.044458
488.044458
488.044458
488.044458
437.741252
437.741252
437.741252
437.741252
437.741252
437.741252
437.741252
437.741252
437.741252
437.741252
437.741252
437.741252
437.741252
437.741252
437.741252
437.741252
437.741252
437.741252
437.741252
437.741252
395.522490
395.522490
395.522490
395.522490
395.522490
395.522490
395.522490
395.522490
395.522490
395.522490
395.522490
395.522490
395.522490
395.522490
395.522490
395.522490
395.522490
395.522490
395.522490
395.522490
359.149402
359.149402
359.149402
359.149402
359.149402
359.149402
359.149402
359.149402
359.149402
359.149402
359.149402
359.149402
359.149402
359.149402
359.149402
359.149402
359.149402
359.149402
359.149402
359.149402
327.200069
327.200069
327.200069
327.200069
327.200069
327.200069
327.200069
327.200069
327.200069
327.200069
327.200069
327.200069
327.200069
327.200069
327.200069
327.200069
327.200069
327.200069
327.200069
327.200069
298.715121
298.715121
298.715121
298.715121
298.715121
298.715121
298.715121
298.715121
298.715121
298.715121
298.715121
298.715121
298.715121
298.715121
298.715121
298.715121
298.715121
298.715121
298.715121
298.715121
273.016744
273.016744
273.016744
273.016744
273.016744
273.016744
273.016744
273.016744
273.016744
273.016744
273.016744
273.016744
273.016744
273.016744
273.016744
273.016744
273.016744
273.016744
273.016744
273.016744
249.608321
249.608321
249.608321
249.608321
249.608321
249.608321
249.608321
249.608321
249.608321
249.608321
249.608321
249.608321
249.608321
249.608321
249.608321
249.608321
249.608321
249.608321
249.608321
249.608321
228.115133
228.115133
228.115133
228.115133
228.115133
228.115133
228.115133
228.115133
228.115133
228.115133
228.115133
228.115133
228.115133
228.115133
228.115133
228.115133
228.115133
228.115133
228.115133
228.115133
208.247481
208.247481
208.247481
208.247481
208.247481
208.247481
208.247481
208.247481
208.247481
208.247481
208.247481
208.247481
208.247481
208.247481
208.247481
208.247481
208.247481
208.247481
208.247481
208.247481
189.776772
189.776772
189.776772
189.776772
189.776772
189.776772
189.776772
189.776772
189.776772
189.776772
189.776772
189.776772
189.776772
189.776772
189.776772
189.776772
189.776772
189.776772
189.776772
189.776772
172.519468
172.519468
172.519468
172.519468
172.519468
172.519468
172.519468
172.519468
172.519468
172.519468
172.519468
172.519468
172.519468
172.519468
172.519468
172.519468
172.519468
172.519468
172.519468
172.519468
156.325970
156.325970
156.325970
156.325970
156.325970
156.325970
156.325970
156.325970
156.325970
156.325970
156.325970
156.325970
156.325970
156.325970
156.325970
156.325970
156.325970
156.325970
156.325970
156.325970
141.072740
141.072740
141.072740
141.072740
141.072740
141.072740
141.072740
141.072740
141.072740
141.072740
141.072740
141.072740
141.072740
141.072740
141.072740
141.072740
141.072740
141.072740
141.072740
141.072740
126.656577
126.656577
126.656577
126.656577
126.656577
126.656577
126.656577
126.656577
126.656577
126.656577
126.656577
126.656577
126.656577
126.656577
126.656577
126.656577
126.656577
126.656577
126.656577
126.656577
112.990388
112.990388
112.990388
112.990388
112.990388
112.990388
112.990388
112.990388
112.990388
112.990388
112.990388
112.990388
112.990388
112.990388
112.990388
112.990388
112.990388
112.990388
112.990388
112.990388
100.000000
100.000000
100.000000
100.000000
100.000000
100.000000
100.000000
100.000000
100.000000
100.000000
100.000000
100.000000
100.000000
100.000000
100.000000
100.000000
100.000000
100.000000
100.000000
100.000000
900.000000
900.000000
900.000000
900.000000
900.000000
900.000000
900.000000
900.000000
900.000000
900.000000
900.000000
900.000000
900.000000
900.000000
900.000000
900.000000
900.000000
900.000000
900.000000
900.000000
758.144959
758.144959
758.144959
758.144959
758.144959
758.144959
758.144959
758.144959
758.144959
758.144959
758.144959
758.144959
758.144959
758.144959
758.144959
758.144959
758.144959
758.144959
758.144959
758.144959
660.313897
660.313897
660.313897
660.313897
660.313897
660.313897
660.313897
660.313897
660.313897
660.313897
660.313897
660.313897
660.313897
660.313897
660.313897
660.313897
660.313897
660.313897
660.313897
660.313897
585.653349
585.653349
585.653349
585.653349
585.653349
585.653349
585.653349
585.653349
585.653349
585.653349
585.653349
585.653349
585.653349
585.653349
585.653349
585.653349
585.653349
585.653349
585.653349
585.653349
525.289502
525.289502
525.289502
525.289502
525.289502
525.289502
525.289502
525.289502
525.289502
525.289502
525.289502
525.289502
525.289502
525.289502
525.289502
525.289502
525.289502
525.289502
525.289502
525.289502
474.626987
474.626987
474.626987
474.626987
474.626987
474.626987
474.626987
474.626987
474.626987
474.626987
474.626987
474.626987
474.626987
474.626987
474.626987
474.626987
474.626987
474.626987
474.626987
474.626987
430.979283
430.979283
430.979283
430.979283
430.979283
430.979283
430.979283
430.979283
430.979283
430.979283
430.979283
430.979283
430.979283
430.979283
430.979283
430.979283
430.979283
430.979283
430.979283
430.979283
392.640082
392.640082
392.640082
392.640082
392.640082
392.640082
392.640082
392.640082
392.640082
392.640082
392.640082
392.640082
392.640082
392.640082
392.640082
392.640082
392.640082
392.640082
392.640082
392.640082
358.458145
358.458145
358.458145
358.458145
358.458145
358.458145
358.458145
358.458145
358.458145
358.458145
358.458145
358.458145
358.458145
358.458145
358.458145
358.458145
358.458145
358.458145
358.458145
358.458145
327.620093
327.620093
327.620093
327.620093
327.620093
327.620093
327.620093
327.620093
327.620093
327.620093
327.620093
327.620093
327.620093
327.620093
327.620093
327.620093
327.620093
327.620093
327.620093
327.620093
299.529986
299.529986
299.529986
299.529986
299.529986
299.529986
299.529986
299.529986
299.529986
299.529986
299.529986
299.529986
299.529986
299.529986
299.529986
299.529986
299.529986
299.529986
299.529986
299.529986
273.738160
273.738160
273.738160
273.738160
273.738160
273.738160
273.738160
273.738160
273.738160
273.738160
273.738160
273.738160
273.738160
273.738160
273.738160
273.738160
273.738160
273.738160
273.738160
273.738160
249.896977
249.896977
249.896977
249.896977
249.896977
249.896977
249.896977
249.896977
249.896977
249.896977
249.896977
249.896977
249.896977
249.896977
249.896977
249.896977
249.896977
249.896977
249.896977
249.896977
227.732127
227.732127
227.732127
227.732127
227.732127
227.732127
227.732127
227.732127
227.732127
227.732127
227.732127
227.732127
227.732127
227.732127
227.732127
227.732127
227.732127
227.732127
227.732127
227.732127
207.023361
207.023361
207.023361
207.023361
207.023361
207.023361
207.023361
207.023361
207.023361
207.023361
207.023361
207.023361
207.023361
207.023361
207.023361
207.023361
207.023361
207.023361
207.023361
207.023361
187.591164
187.591164
187.591164
187.591164
187.591164
187.591164
187.591164
187.591164
187.591164
187.591164
187.591164
187.591164
187.591164
187.591164
187.591164
187.591164
187.591164
187.591164
187.591164
187.591164
169.287288
169.287288
169.287288
169.287288
169.287288
169.287288
169.287288
169.287288
169.287288
169.287288
169.287288
169.287288
169.287288
169.287288
169.287288
169.287288
169.287288
169.287288
169.287288
169.287288
151.987893
151.987893
151.987893
151.987893
151.987893
151.987893
151.987893
151.987893
151.987893
151.987893
151.987893
151.987893
151.987893
151.987893
151.987893
151.987893
151.987893
151.987893
151.987893
151.987893
135.588466
135.588466
135.588466
135.588466
135.588466
135.588466
135.588466
135.588466
135.588466
135.588466
135.588466
135.588466
135.588466
135.588466
135.588466
135.588466
135.588466
135.588466
135.588466
135.588466
120.000000
120.000000
120.000000
120.000000
120.000000
120.000000
120.000000
120.000000
120.000000
120.000000
120.000000
120.000000
120.000000
120.000000
120.000000
120.000000
120.000000
120.000000
120.000000
120.000000
1050.000000
1050.000000
1050.000000
1050.000000
1050.000000
1050.000000
1050.000000
1050.000000
1050.000000
1050.000000
1050.000000
1050.000000
1050.000000
1050.000000
1050.000000
1050.000000
1050.000000
1050.000000
1050.000000
1050.000000
884.502453
884.502453
884.502453
884.502453
884.502453
884.502453
884.502453
884.502453
884.502453
884.502453
884.502453
884.502453
884.502453
884.502453
884.502453
884.502453
884.502453
884.502453
884.502453
884.502453
770.366213
770.366213
770.366213
770.366213
770.366213
770.366213
770.366213
770.366213
770.366213
770.366213
770.366213
770.366213
770.366213
770.366213
770.366213
770.366213
770.366213
770.366213
770.366213
770.366213
683.262241
683.262241
683.262241
683.262241
683.262241
683.262241
683.262241
683.262241
683.262241
683.262241
683.262241
683.262241
683.262241
683.262241
683.262241
683.262241
683.262241
683.262241
683.262241
683.262241
612.837752
612.837752
612.837752
612.837752
612.837752
612.837752
612.837752
612.837752
612.837752
612.837752
612.837752
612.837752
612.837752
612.837752
612.837752
612.837752
612.837752
612.837752
612.837752
612.837752
553.731485
553.731485
553.731485
553.731485
553.731485
553.731485
553.731485
553.731485
553.731485
553.731485
553.731485
553.731485
553.731485
553.731485
553.731485
553.731485
553.731485
553.731485
553.731485
553.731485
502.809163
502.809163
502.809163
502.809163
502.809163
502.809163
502.809163
502.809163
502.809163
502.809163
502.809163
502.809163
502.809163
502.809163
502.809163
502.809163
502.809163
502.809163
502.809163
502.809163
458.080096
458.080096
458.080096
458.080096
458.080096
458.080096
458.080096
458.080096
458.080096
458.080096
458.080096
458.080096
458.080096
458.080096
458.080096
458.080096
458.080096
458.080096
458.080096
458.080096
418.201169
418.201169
418.201169
418.201169
418.201169
418.201169
418.201169
418.201169
418.201169
418.201169
418.201169
418.201169
418.201169
418.201169
418.201169
418.201169
418.201169
418.201169
418.201169
418.201169
382.223441
382.223441
382.223441
382.223441
382.223441
382.223441
382.223441
382.223441
382.223441
382.223441
382.223441
382.223441
382.223441
382.223441
382.223441
382.223441
382.223441
382.223441
382.223441
382.223441
349.451650
349.451650
349.451650
349.451650
349.451650
349.451650
349.451650
349.451650
349.451650
349.451650
349.451650
349.451650
349.451650
349.451650
349.451650
349.451650
349.451650
349.451650
349.451650
349.451650
319.361187
319.361187
319.361187
319.361187
319.361187
319.361187
319.361187
319.361187
319.361187
319.361187
319.361187
319.361187
319.361187
319.361187
319.361187
319.361187
319.361187
319.361187
319.361187
319.361187
291.546473
291.546473
291.546473
291.546473
291.546473
291.546473
291.546473
291.546473
291.546473
291.546473
291.546473
291.546473
291.546473
291.546473
291.546473
291.546473
291.546473
291.546473
291.546473
291.546473
265.687481
265.687481
265.687481
265.687481
265.687481
265.687481
265.687481
265.687481
265.687481
265.687481
265.687481
265.687481
265.687481
265.687481
265.687481
265.687481
265.687481
265.687481
265.687481
265.687481
241.527255
241.527255
241.527255
241.527255
241.527255
241.527255
241.527255
241.527255
241.527255
241.527255
241.527255
241.527255
241.527255
241.527255
241.527255
241.527255
241.527255
241.527255
241.527255
241.527255
218.856358
218.856358
218.856358
218.856358
218.856358
218.856358
218.856358
218.856358
218.856358
218.856358
218.856358
218.856358
218.856358
218.856358
218.856358
218.856358
218.856358
218.856358
218.856358
218.856358
197.501836
197.501836
197.501836
197.501836
197.501836
197.501836
197.501836
197.501836
197.501836
197.501836
197.501836
197.501836
197.501836
197.501836
197.501836
197.501836
197.501836
197.501836
197.501836
197.501836
177.319208
177.319208
177.319208
177.319208
177.319208
177.319208
177.319208
177.319208
177.319208
177.319208
177.319208
177.319208
177.319208
177.319208
177.319208
177.319208
177.319208
177.319208
177.319208
177.319208
158.186544
158.186544
158.186544
158.186544
158.186544
158.186544
158.186544
158.186544
158.186544
158.186544
158.186544
158.186544
158.186544
158.186544
158.186544
158.186544
158.186544
158.186544
158.186544
158.186544
140.000000
140.000000
140.000000
140.000000
140.000000
140.000000
140.000000
140.000000
140.000000
140.000000
140.000000
140.000000
140.000000
140.000000
140.000000
140.000000
140.000000
140.000000
140.000000
140.000000
1200.000000
1200.000000
1200.000000
1200.000000
1200.000000
1200.000000
1200.000000
1200.000000
1200.000000
1200.000000
1200.000000
1200.000000
1200.000000
1200.000000
1200.000000
1200.000000
1200.000000
1200.000000
1200.000000
1200.000000
1010.859946
1010.859946
1010.859946
1010.859946
1010.859946
1010.859946
1010.859946
1010.859946
1010.859946
1010.859946
1010.859946
1010.859946
1010.859946
1010.859946
1010.859946
1010.859946
1010.859946
1010.859946
1010.859946
1010.859946
880.418529
880.418529
880.418529
880.418529
880.418529
880.418529
880.418529
880.418529
880.418529
880.418529
880.418529
880.418529
880.418529
880.418529
880.418529
880.418529
880.418529
880.418529
880.418529
880.418529
780.871132
780.871132
780.871132
780.871132
780.871132
780.871132
780.871132
780.871132
780.871132
780.871132
780.871132
780.871132
780.871132
780.871132
780.871132
780.871132
780.871132
780.871132
780.871132
780.871132
700.386003
700.386003
700.386003
700.386003
700.386003
700.386003
700.386003
700.386003
700.386003
700.386003
700.386003
700.386003
700.386003
700.386003
700.386003
700.386003
700.386003
700.386003
700.386003
700.386003
632.835983
632.835983
632.835983
632.835983
632.835983
632.835983
632.835983
632.835983
632.835983
632.835983
632.835983
632.835983
632.835983
632.835983
632.835983
632.835983
632.835983
632.835983
632.835983
632.835983
574.639043
574.639043
574.639043
574.639043
574.639043
574.639043
574.639043
574.639043
574.639043
574.639043
574.639043
574.639043
574.639043
574.639043
574.639043
574.639043
574.639043
574.639043
574.639043
574.639043
523.520110
523.520110
523.520110
523.520110
523.520110
523.520110
523.520110
523.520110
523.520110
523.520110
523.520110
523.520110
523.520110
523.520110
523.520110
523.520110
523.520110
523.520110
523.520110
523.520110
477.944193
477.944193
477.944193
477.944193
477.944193
477.944193
477.944193
477.944193
477.944193
477.944193
477.944193
477.944193
477.944193
477.944193
477.944193
477.944193
477.944193
477.944193
477.944193
477.944193
436.826790
436.826790
436.826790
436.826790
436.826790
436.826790
436.826790
436.826790
436.826790
436.826790
436.826790
436.826790
436.826790
436.826790
436.826790
436.826790
436.826790
436.826790
436.826790
436.826790
399.373314
399.373314
399.373314
399.373314
399.373314
399.373314
399.373314
399.373314
399.373314
399.373314
399.373314
399.373314
399.373314
399.373314
399.373314
399.373314
399.373314
399.373314
399.373314
399.373314
364.984213
364.984213
364.984213
364.984213
364.984213
364.984213
364.984213
364.984213
364.984213
364.984213
364.984213
364.984213
364.984213
364.984213
364.984213
364.984213
364.984213
364.984213
364.984213
364.984213
333.195969
333.195969
333.195969
333.195969
333.195969
333.195969
333.195969
333.195969
333.195969
333.195969
333.195969
333.195969
333.195969
333.195969
333.195969
333.195969
333.195969
333.195969
333.195969
333.195969
303.642835
303.642835
303.642835
303.642835
303.642835
303.642835
303.642835
303.642835
303.642835
303.642835
303.642835
303.642835
303.642835
303.642835
303.642835
303.642835
303.642835
303.642835
303.642835
303.642835
276.031149
276.031149
276.031149
276.031149
276.031149
276.031149
276.031149
276.031149
276.031149
276.031149
276.031149
276.031149
276.031149
276.031149
276.031149
276.031149
276.031149
276.031149
276.031149
276.031149
250.121552
250.121552
250.121552
250.121552
250.121552
250.121552
250.121552
250.121552
250.121552
250.121552
250.121552
250.121552
250.121552
250.121552
250.121552
250.121552
250.121552
250.121552
250.121552
250.121552
225.716384
225.716384
225.716384
225.716384
225.716384
225.716384
225.716384
225.716384
225.716384
225.716384
225.716384
225.716384
225.716384
225.716384
225.716384
225.716384
225.716384
225.716384
225.716384
225.716384
202.650524
202.650524
202.650524
202.650524
202.650524
202.650524
202.650524
202.650524
202.650524
202.650524
202.650524
202.650524
202.650524
202.650524
202.650524
202.650524
202.650524
202.650524
202.650524
202.650524
180.784621
180.784621
180.784621
180.784621
180.784621
180.784621
180.784621
180.784621
180.784621
180.784621
180.784621
180.784621
180.784621
180.784621
180.784621
180.784621
180.784621
180.784621
180.784621
180.784621
160.000000
160.000000
160.000000
160.000000
160.000000
160.000000
160.000000
160.000000
160.000000
160.000000
160.000000
160.000000
160.000000
160.000000
160.000000
160.000000
160.000000
160.000000
160.000000
160.000000
1350.000000
1350.000000
1350.000000
1350.000000
1350.000000
1350.000000
1350.000000
1350.000000
1350.000000
1350.000000
1350.000000
1350.000000
1350.000000
1350.000000
1350.000000
1350.000000
1350.000000
1350.000000
1350.000000
1350.000000
1137.217439
1137.217439
1137.217439
1137.217439
1137.217439
1137.217439
1137.217439
1137.217439
1137.217439
1137.217439
1137.217439
1137.217439
1137.217439
1137.217439
1137.217439
1137.217439
1137.217439
1137.217439
1137.217439
1137.217439
990.470845
990.470845
990.470845
990.470845
990.470845
990.470845
990.470845
990.470845
990.470845
990.470845
990.470845
990.470845
990.470845
990.470845
990.470845
990.470845
990.470845
990.470845
990.470845
990.470845
878.480024
878.480024
878.480024
878.480024
878.480024
878.480024
878.480024
878.480024
878.480024
878.480024
878.480024
878.480024
878.480024
878.480024
878.480024
878.480024
878.480024
878.480024
878.480024
878.480024
787.934253
787.934253
787.934253
787.934253
787.934253
787.934253
787.934253
787.934253
787.934253
787.934253
787.934253
787.934253
787.934253
787.934253
787.934253
787.934253
787.934253
787.934253
787.934253
787.934253
711.940481
711.940481
711.940481
711.940481
711.940481
711.940481
711.940481
711.940481
711.940481
711.940481
711.940481
711.940481
711.940481
711.940481
711.940481
711.940481
711.940481
711.940481
711.940481
711.940481
646.468924
646.468924
646.468924
646.468924
646.468924
646.468924
646.468924
646.468924
646.468924
646.468924
646.468924
646.468924
646.468924
646.468924
646.468924
646.468924
646.468924
646.468924
646.468924
646.468924
588.960124
588.960124
588.960124
588.960124
588.960124
588.960124
588.960124
588.960124
588.960124
588.960124
588.960124
588.960124
588.960124
588.960124
588.960124
588.960124
588.960124
588.960124
588.960124
588.960124
537.687217
537.687217
537.687217
537.687217
537.687217
537.687217
537.687217
537.687217
537.687217
537.687217
537.687217
537.687217
537.687217
537.687217
537.687217
537.687217
537.687217
537.687217
537.687217
537.687217
491.430139
491.430139
491.430139
491.430139
491.430139
491.430139
491.430139
491.430139
491.430139
491.430139
491.430139
491.430139
491.430139
491.430139
491.430139
491.430139
491.430139
491.430139
491.430139
491.430139
449.294978
449.294978
449.294978
449.294978
449.294978
449.294978
449.294978
449.294978
449.294978
449.294978
449.294978
449.294978
449.294978
449.294978
449.294978
449.294978
449.294978
449.294978
449.294978
449.294978
410.607240
410.607240
410.607240
410.607240
410.607240
410.607240
410.607240
410.607240
410.607240
410.607240
410.607240
410.607240
410.607240
410.607240
410.607240
410.607240
410.607240
410.607240
410.607240
410.607240
374.845465
374.845465
374.845465
374.845465
374.845465
374.845465
374.845465
374.845465
374.845465
374.845465
374.845465
374.845465
374.845465
374.845465
374.845465
374.845465
374.845465
374.845465
374.845465
374.845465
341.598190
341.598190
341.598190
341.598190
341.598190
341.598190
341.598190
341.598190
341.598190
341.598190
341.598190
341.598190
341.598190
341.598190
341.598190
341.598190
341.598190
341.598190
341.598190
341.598190
310.535042
310.535042
310.535042
310.535042
310.535042
310.535042
310.535042
310.535042
310.535042
310.535042
310.535042
310.535042
310.535042
310.535042
310.535042
310.535042
310.535042
310.535042
310.535042
310.535042
281.386746
281.386746
281.386746
281.386746
281.386746
281.386746
281.386746
281.386746
281.386746
281.386746
281.386746
281.386746
281.386746
281.386746
281.386746
281.386746
281.386746
281.386746
281.386746
281.386746
253.930932
253.930932
253.930932
253.930932
253.930932
253.930932
253.930932
253.930932
253.930932
253.930932
253.930932
253.930932
253.930932
253.930932
253.930932
253.930932
253.930932
253.930932
253.930932
253.930932
227.981839
227.981839
227.981839
227.981839
227.981839
227.981839
227.981839
227.981839
227.981839
227.981839
227.981839
227.981839
227.981839
227.981839
227.981839
227.981839
227.981839
227.981839
227.981839
227.981839
203.382699
203.382699
203.382699
203.382699
203.382699
203.382699
203.382699
203.382699
203.382699
203.382699
203.382699
203.382699
203.382699
203.382699
203.382699
203.382699
203.382699
203.382699
203.382699
203.382699
180.000000
180.000000
180.000000
180.000000
180.000000
180.000000
180.000000
180.000000
180.000000
180.000000
180.000000
180.000000
180.000000
180.000000
180.000000
180.000000
180.000000
180.000000
180.000000
180.000000
