0.000000
0.000000
0.000000
0.000000
0.000000
0.000000
0.000000
0.000000
0.000000
0.000000
0.000000
0.000000
0.000000
0.000000
0.000000
0.000000
0.000000
0.000000
0.000000
0.000000
-0.000000
-0.000000
-0.000000
-0.000000
-0.000000
-0.000000
-0.000000
-0.000000
-0.000000
-0.000000
-0.000000
-0.000000
-0.000000
-0.000000
-0.000000
-0.000000
-0.000000
-0.000000
-0.000000
-0.000000
-0.000000
-0.000000
-0.000000
-0.000000
-0.000000
-0.000000
-0.000000
-0.000000
-0.000000
-0.000000
-0.000000
-0.000000
-0.000000
-0.000000
-0.000000
-0.000000
-0.000000
-0.000000
-0.000000
-0.000000
-0.000000
-0.000000
-0.000000
-0.000000
-0.000000
-0.000000
-0.000000
-0.000000
-0.000000
-0.000000
-0.000000
-0.000000
-0.000000
-0.000000
-0.000000
-0.000000
-0.000000
-0.000000
-0.000000
-0.000000
-0.000000
-0.000000
-0.000000
-0.000000
-0.000000
-0.000000
-0.000000
-0.000000
-0.000000
-0.000000
-0.000000
-0.000000
-0.000000
-0.000000
-0.000000
-0.000000
-0.000000
-0.000000
-0.000000
-0.000000
-0.000000
-0.000000
-0.000000
-0.000000
-0.000000
-0.000000
-0.000000
-0.000000
-0.000000
-0.000000
-0.000000
-0.000000
-0.000000
-0.000000
-0.000000
-0.000000
-0.000000
-0.000000
-0.000000
-0.000000
-0.000000
-0.000000
-0.000000
-0.000000
-0.000000
-0.000000
-0.000000
-0.000000
-0.000000
-0.000000
-0.000000
-0.000000
-0.000000
-0.000000
-0.000000
-0.000000
-0.000000
-0.000000
-0.000000
-0.000000
-0.000000
-0.000000
-0.000000
-0.000000
-0.000000
-0.000000
-0.000000
-0.000000
-0.000000
-0.000000
-0.000000
-0.000000
-0.000000
-0.000000
-0.000000
-0.000000
-0.000000
-0.000000
-0.000000
-0.000000
-0.000000
-0.000000
-0.000000
-0.000000
-0.000000
-0.000000
-0.000000
-0.000000
-0.000000
-0.000000
-0.000000
-0.000000
-0.000000
-0.000000
-0.000000
-0.000000
-0.000000
-0.000000
-0.000000
-0.000000
-0.000000
-0.000000
-0.000000
-0.000000
-0.000000
-0.000000
-0.000000
-0.000000
-0.000000
-0.000000
-0.000000
-0.000000
-0.000000
-0.000000
-0.000000
-0.000000
-0.000000
-0.000000
-0.000000
-0.000000
-0.000000
-0.000000
-0.000000
-0.000000
-0.000000
-0.000000
-0.000000
-0.000000
-0.000000
-0.000000
-0.000000
-0.000000
-0.000000
-0.000000
-0.000000
-0.000000
-0.000000
-0.000000
-0.000000
-0.000000
-0.000000
-0.000000
-0.000000
-0.000000
-0.000000
-0.000000
-0.000000
-0.000000
-0.000000
-0.000000
-0.000000
-0.000000
-0.000000
-0.000000
-0.000000
-0.000000
-0.000000
-0.000000
-0.000000
-0.000000
-0.000000
-0.000000
-0.000000
-0.000000
-0.000000
-0.000000
-0.000000
-0.000000
-0.000000
-0.000000
-0.000000
-0.000000
-0.000000
-0.000000
-0.000000
-0.000000
-0.000000
-0.000000
-0.000000
-0.000000
-0.000000
-0.000000
-0.000000
-0.000000
-0.000000
-0.000000
-0.000000
-0.000000
-0.000000
-0.000000
-0.000000
-0.000000
-0.000000
-0.000000
-0.000000
-0.000000
-0.000000
-0.000000
-0.000000
-0.000000
-0.000000
-0.000000
-0.000000
-0.000000
-0.000000
-0.000000
-0.000000
-0.000000
-0.000000
-0.000000
-0.000000
-0.000000
-0.000000
-0.000000
-0.000000
-0.000000
-0.000000
-0.000000
-0.000000
-0.000000
-0.000000
-0.000000
-0.000000
-0.000000
-0.000000
-0.000000
-0.000000
-0.000000
-0.000000
-0.000000
-0.000000
-0.000000
-0.000000
-0.000000
-0.000000
-0.000000
-0.000000
-0.000000
-0.000000
-0.000000
-0.000000
-0.000000
-0.000000
-0.000000
-0.000000
-0.000000
-0.000000
-0.000000
-0.000000
-0.000000
-0.000000
-0.000000
-0.000000
-0.000000
-0.000000
-0.000000
-0.000000
-0.000000
-0.000000
-0.000000
-0.000000
-0.000000
-0.000000
-0.000000
-0.000000
-0.000000
-0.000000
-0.000000
-0.000000
-0.000000
-0.000000
-0.000000
-0.000000
-0.000000
-0.000000
-0.000000
-0.000000
-0.000000
-0.000000
-0.000000
-0.000000
-0.000000
-0.000000
-0.000000
-0.000000
-0.000000
-0.000000
-0.000000
-0.000000
-0.000000
-0.000000
-0.000000
-0.000000
-0.000000
-0.000000
-0.000000
-0.000000
-0.000000
-0.000000
-0.000000
0.000000
0.000000
0.000000
0.000000
0.000000
0.000000
0.000000
0.000000
0.000000
0.000000
0.000000
0.000000
0.000000
0.000000
0.000000
0.000000
0.000000
0.000000
0.000000
0.000000
75.000000
75.000000
75.000000
75.000000
75.000000
75.000000
75.000000
75.000000
75.000000
75.000000
75.000000
75.000000
75.000000
75.000000
75.000000
75.000000
75.000000
75.000000
75.000000
75.000000
63.178747
63.178747
63.178747
63.178747
63.178747
63.178747
63.178747
63.178747
63.178747
63.178747
63.178747
63.178747
63.178747
63.178747
63.178747
63.178747
63.178747
63.178747
63.178747
63.178747
55.026158
55.026158
55.026158
55.026158
55.026158
55.026158
55.026158
55.026158
55.026158
55.026158
55.026158
55.026158
55.026158
55.026158
55.026158
55.026158
55.026158
55.026158
55.026158
55.026158
48.804446
48.804446
48.804446
48.804446
48.804446
48.804446
48.804446
48.804446
48.804446
48.804446
48.804446
48.804446
48.804446
48.804446
48.804446
48.804446
48.804446
48.804446
48.804446
48.804446
43.774125
43.774125
43.774125
43.774125
43.774125
43.774125
43.774125
43.774125
43.774125
43.774125
43.774125
43.774125
43.774125
43.774125
43.774125
43.774125
43.774125
43.774125
43.774125
43.774125
39.552249
39.552249
39.552249
39.552249
39.552249
39.552249
39.552249
39.552249
39.552249
39.552249
39.552249
39.552249
39.552249
39.552249
39.552249
39.552249
39.552249
39.552249
39.552249
39.552249
35.914940
35.914940
35.914940
35.914940
35.914940
35.914940
35.914940
35.914940
35.914940
35.914940
35.914940
35.914940
35.914940
35.914940
35.914940
35.914940
35.914940
35.914940
35.914940
35.914940
32.720007
32.720007
32.720007
32.720007
32.720007
32.720007
32.720007
32.720007
32.720007
32.720007
32.720007
32.720007
32.720007
32.720007
32.720007
32.720007
32.720007
32.720007
32.720007
32.720007
29.871512
29.871512
29.871512
29.871512
29.871512
29.871512
29.871512
29.871512
29.871512
29.871512
29.871512
29.871512
29.871512
29.871512
29.871512
29.871512
29.871512
29.871512
29.871512
29.871512
27.301674
27.301674
27.301674
27.301674
27.301674
27.301674
27.301674
27.301674
27.301674
27.301674
27.301674
27.301674
27.301674
27.301674
27.301674
27.301674
27.301674
27.301674
27.301674
27.301674
24.960832
24.960832
24.960832
24.960832
24.960832
24.960832
24.960832
24.960832
24.960832
24.960832
24.960832
24.960832
24.960832
24.960832
24.960832
24.960832
24.960832
24.960832
24.960832
24.960832
22.811513
22.811513
22.811513
22.811513
22.811513
22.811513
22.811513
22.811513
22.811513
22.811513
22.811513
22.811513
22.811513
22.811513
22.811513
22.811513
22.811513
22.811513
22.811513
22.811513
20.824748
20.824748
20.824748
20.824748
20.824748
20.824748
20.824748
20.824748
20.824748
20.824748
20.824748
20.824748
20.824748
20.824748
20.824748
20.824748
20.824748
20.824748
20.824748
20.824748
18.977677
18.977677
18.977677
18.977677
18.977677
18.977677
18.977677
18.977677
18.977677
18.977677
18.977677
18.977677
18.977677
18.977677
18.977677
18.977677
18.977677
18.977677
18.977677
18.977677
17.251947
17.251947
17.251947
17.251947
17.251947
17.251947
17.251947
17.251947
17.251947
17.251947
17.251947
17.251947
17.251947
17.251947
17.251947
17.251947
17.251947
17.251947
17.251947
17.251947
15.632597
15.632597
15.632597
15.632597
15.632597
15.632597
15.632597
15.632597
15.632597
15.632597
15.632597
15.632597
15.632597
15.632597
15.632597
15.632597
15.632597
15.632597
15.632597
15.632597
14.107274
14.107274
14.107274
14.107274
14.107274
14.107274
14.107274
14.107274
14.107274
14.107274
14.107274
14.107274
14.107274
14.107274
14.107274
14.107274
14.107274
14.107274
14.107274
14.107274
12.665658
12.665658
12.665658
12.665658
12.665658
12.665658
12.665658
12.665658
12.665658
12.665658
12.665658
12.665658
12.665658
12.665658
12.665658
12.665658
12.665658
12.665658
12.665658
12.665658
11.299039
11.299039
11.299039
11.299039
11.299039
11.299039
11.299039
11.299039
11.299039
11.299039
11.299039
11.299039
11.299039
11.299039
11.299039
11.299039
11.299039
11.299039
11.299039
11.299039
10.000000
10.000000
10.000000
10.000000
10.000000
10.000000
10.000000
10.000000
10.000000
10.000000
10.000000
10.000000
10.000000
10.000000
10.000000
10.000000
10.000000
10.000000
10.000000
10.000000
150.000000
150.000000
150.000000
150.000000
150.000000
150.000000
150.000000
150.000000
150.000000
150.000000
150.000000
150.000000
150.000000
150.000000
150.000000
150.000000
150.000000
150.000000
150.000000
150.000000
126.357493
126.357493
126.357493
126.357493
126.357493
126.357493
126.357493
126.357493
126.357493
126.357493
126.357493
126.357493
126.357493
126.357493
126.357493
126.357493
126.357493
126.357493
126.357493
126.357493
110.052316
110.052316
110.052316
110.052316
110.052316
110.052316
110.052316
110.052316
110.052316
110.052316
110.052316
110.052316
110.052316
110.052316
110.052316
110.052316
110.052316
110.052316
110.052316
110.052316
97.608892
97.608892
97.608892
97.608892
97.608892
97.608892
97.608892
97.608892
97.608892
97.608892
97.608892
97.608892
97.608892
97.608892
97.608892
97.608892
97.608892
97.608892
97.608892
97.608892
87.548250
87.548250
87.548250
87.548250
87.548250
87.548250
87.548250
87.548250
87.548250
87.548250
87.548250
87.548250
87.548250
87.548250
87.548250
87.548250
87.548250
87.548250
87.548250
87.548250
79.104498
79.104498
79.104498
79.104498
79.104498
79.104498
79.104498
79.104498
79.104498
79.104498
79.104498
79.104498
79.104498
79.104498
79.104498
79.104498
79.104498
79.104498
79.104498
79.104498
71.829880
71.829880
71.829880
71.829880
71.829880
71.829880
71.829880
71.829880
71.829880
71.829880
71.829880
71.829880
71.829880
71.829880
71.829880
71.829880
71.829880
71.829880
71.829880
71.829880
65.440014
65.440014
65.440014
65.440014
65.440014
65.440014
65.440014
65.440014
65.440014
65.440014
65.440014
65.440014
65.440014
65.440014
65.440014
65.440014
65.440014
65.440014
65.440014
65.440014
59.743024
59.743024
59.743024
59.743024
59.743024
59.743024
59.743024
59.743024
59.743024
59.743024
59.743024
59.743024
59.743024
59.743024
59.743024
59.743024
59.743024
59.743024
59.743024
59.743024
54.603349
54.603349
54.603349
54.603349
54.603349
54.603349
54.603349
54.603349
54.603349
54.603349
54.603349
54.603349
54.603349
54.603349
54.603349
54.603349
54.603349
54.603349
54.603349
54.603349
49.921664
49.921664
49.921664
49.921664
49.921664
49.921664
49.921664
49.921664
49.921664
49.921664
49.921664
49.921664
49.921664
49.921664
49.921664
49.921664
49.921664
49.921664
49.921664
49.921664
45.623027
45.623027
45.623027
45.623027
45.623027
45.623027
45.623027
45.623027
45.623027
45.623027
45.623027
45.623027
45.623027
45.623027
45.623027
45.623027
45.623027
45.623027
45.623027
45.623027
41.649496
41.649496
41.649496
41.649496
41.649496
41.649496
41.649496
41.649496
41.649496
41.649496
41.649496
41.649496
41.649496
41.649496
41.649496
41.649496
41.649496
41.649496
41.649496
41.649496
37.955354
37.955354
37.955354
37.955354
37.955354
37.955354
37.955354
37.955354
37.955354
37.955354
37.955354
37.955354
37.955354
37.955354
37.955354
37.955354
37.955354
37.955354
37.955354
37.955354
34.503894
34.503894
34.503894
34.503894
34.503894
34.503894
34.503894
34.503894
34.503894
34.503894
34.503894
34.503894
34.503894
34.503894
34.503894
34.503894
34.503894
34.503894
34.503894
34.503894
31.265194
31.265194
31.265194
31.265194
31.265194
31.265194
31.265194
31.265194
31.265194
31.265194
31.265194
31.265194
31.265194
31.265194
31.265194
31.265194
31.265194
31.265194
31.265194
31.265194
28.214548
28.214548
28.214548
28.214548
28.214548
28.214548
28.214548
28.214548
28.214548
28.214548
28.214548
28.214548
28.214548
28.214548
28.214548
28.214548
28.214548
28.214548
28.214548
28.214548
25.331315
25.331315
25.331315
25.331315
25.331315
25.331315
25.331315
25.331315
25.331315
25.331315
25.331315
25.331315
25.331315
25.331315
25.331315
25.331315
25.331315
25.331315
25.331315
25.331315
22.598078
22.598078
22.598078
22.598078
22.598078
22.598078
22.598078
22.598078
22.598078
22.598078
22.598078
22.598078
22.598078
22.598078
22.598078
22.598078
22.598078
22.598078
22.598078
22.598078
20.000000
20.000000
20.000000
20.000000
20.000000
20.000000
20.000000
20.000000
20.000000
20.000000
20.000000
20.000000
20.000000
20.000000
20.000000
20.000000
20.000000
20.000000
20.000000
20.000000
225.000000
225.000000
225.000000
225.000000
225.000000
225.000000
225.000000
225.000000
225.000000
225.000000
225.000000
225.000000
225.000000
225.000000
225.000000
225.000000
225.000000
225.000000
225.000000
225.000000
189.536240
189.536240
189.536240
189.536240
189.536240
189.536240
189.536240
189.536240
189.536240
189.536240
189.536240
189.536240
189.536240
189.536240
189.536240
189.536240
189.536240
189.536240
189.536240
189.536240
165.078474
165.078474
165.078474
165.078474
165.078474
165.078474
165.078474
165.078474
165.078474
165.078474
165.078474
165.078474
165.078474
165.078474
165.078474
165.078474
165.078474
165.078474
165.078474
165.078474
146.413337
146.413337
146.413337
146.413337
146.413337
146.413337
146.413337
146.413337
146.413337
146.413337
146.413337
146.413337
146.413337
146.413337
146.413337
146.413337
146.413337
146.413337
146.413337
146.413337
131.322375
131.322375
131.322375
131.322375
131.322375
131.322375
131.322375
131.322375
131.322375
131.322375
131.322375
131.322375
131.322375
131.322375
131.322375
131.322375
131.322375
131.322375
131.322375
131.322375
118.656747
118.656747
118.656747
118.656747
118.656747
118.656747
118.656747
118.656747
118.656747
118.656747
118.656747
118.656747
118.656747
118.656747
118.656747
118.656747
118.656747
118.656747
118.656747
118.656747
107.744821
107.744821
107.744821
107.744821
107.744821
107.744821
107.744821
107.744821
107.744821
107.744821
107.744821
107.744821
107.744821
107.744821
107.744821
107.744821
107.744821
107.744821
107.744821
107.744821
98.160021
98.160021
98.160021
98.160021
98.160021
98.160021
98.160021
98.160021
98.160021
98.160021
98.160021
98.160021
98.160021
98.160021
98.160021
98.160021
98.160021
98.160021
98.160021
98.160021
89.614536
89.614536
89.614536
89.614536
89.614536
89.614536
89.614536
89.614536
89.614536
89.614536
89.614536
89.614536
89.614536
89.614536
89.614536
89.614536
89.614536
89.614536
89.614536
89.614536
81.905023
81.905023
81.905023
81.905023
81.905023
81.905023
81.905023
81.905023
81.905023
81.905023
81.905023
81.905023
81.905023
81.905023
81.905023
81.905023
81.905023
81.905023
81.905023
81.905023
74.882496
74.882496
74.882496
74.882496
74.882496
74.882496
74.882496
74.882496
74.882496
74.882496
74.882496
74.882496
74.882496
74.882496
74.882496
74.882496
74.882496
74.882496
74.882496
74.882496
68.434540
68.434540
68.434540
68.434540
68.434540
68.434540
68.434540
68.434540
68.434540
68.434540
68.434540
68.434540
68.434540
68.434540
68.434540
68.434540
68.434540
68.434540
68.434540
68.434540
62.474244
62.474244
62.474244
62.474244
62.474244
62.474244
62.474244
62.474244
62.474244
62.474244
62.474244
62.474244
62.474244
62.474244
62.474244
62.474244
62.474244
62.474244
62.474244
62.474244
56.933032
56.933032
56.933032
56.933032
56.933032
56.933032
56.933032
56.933032
56.933032
56.933032
56.933032
56.933032
56.933032
56.933032
56.933032
56.933032
56.933032
56.933032
56.933032
56.933032
51.755840
51.755840
51.755840
51.755840
51.755840
51.755840
51.755840
51.755840
51.755840
51.755840
51.755840
51.755840
51.755840
51.755840
51.755840
51.755840
51.755840
51.755840
51.755840
51.755840
46.897791
46.897791
46.897791
46.897791
46.897791
46.897791
46.897791
46.897791
46.897791
46.897791
46.897791
46.897791
46.897791
46.897791
46.897791
46.897791
46.897791
46.897791
46.897791
46.897791
42.321822
42.321822
42.321822
42.321822
42.321822
42.321822
42.321822
42.321822
42.321822
42.321822
42.321822
42.321822
42.321822
42.321822
42.321822
42.321822
42.321822
42.321822
42.321822
42.321822
37.996973
37.996973
37.996973
37.996973
37.996973
37.996973
37.996973
37.996973
37.996973
37.996973
37.996973
37.996973
37.996973
37.996973
37.996973
37.996973
37.996973
37.996973
37.996973
37.996973
33.897117
33.897117
33.897117
33.897117
33.897117
33.897117
33.897117
33.897117
33.897117
33.897117
33.897117
33.897117
33.897117
33.897117
33.897117
33.897117
33.897117
33.897117
33.897117
33.897117
30.000000
30.000000
30.000000
30.000000
30.000000
30.000000
30.000000
30.000000
30.000000
30.000000
30.000000
30.000000
30.000000
30.000000
30.000000
30.000000
30.000000
30.000000
30.000000
30.000000
300.000000
300.000000
300.000000
300.000000
300.000000
300.000000
300.000000
300.000000
300.000000
300.000000
300.000000
300.000000
300.000000
300.000000
300.000000
300.000000
300.000000
300.000000
300.000000
300.000000
252.714986
252.714986
252.714986
252.714986
252.714986
252.714986
252.714986
252.714986
252.714986
252.714986
252.714986
252.714986
252.714986
252.714986
252.714986
252.714986
252.714986
252.714986
252.714986
252.714986
220.104632
220.104632
220.104632
220.104632
220.104632
220.104632
220.104632
220.104632
220.104632
220.104632
220.104632
220.104632
220.104632
220.104632
220.104632
220.104632
220.104632
220.104632
220.104632
220.104632
195.217783
195.217783
195.217783
195.217783
195.217783
195.217783
195.217783
195.217783
195.217783
195.217783
195.217783
195.217783
195.217783
195.217783
195.217783
195.217783
195.217783
195.217783
195.217783
195.217783
175.096501
175.096501
175.096501
175.096501
175.096501
175.096501
175.096501
175.096501
175.096501
175.096501
175.096501
175.096501
175.096501
175.096501
175.096501
175.096501
175.096501
175.096501
175.096501
175.096501
158.208996
158.208996
158.208996
158.208996
158.208996
158.208996
158.208996
158.208996
158.208996
158.208996
158.208996
158.208996
158.208996
158.208996
158.208996
158.208996
158.208996
158.208996
158.208996
158.208996
143.659761
143.659761
143.659761
143.659761
143.659761
143.659761
143.659761
143.659761
143.659761
143.659761
143.659761
143.659761
143.659761
143.659761
143.659761
143.659761
143.659761
143.659761
143.659761
143.659761
130.880027
130.880027
130.880027
130.880027
130.880027
130.880027
130.880027
130.880027
130.880027
130.880027
130.880027
130.880027
130.880027
130.880027
130.880027
130.880027
130.880027
130.880027
130.880027
130.880027
119.486048
119.486048
119.486048
119.486048
119.486048
119.486048
119.486048
119.486048
119.486048
119.486048
119.486048
119.486048
119.486048
119.486048
119.486048
119.486048
119.486048
119.486048
119.486048
119.486048
109.206698
109.206698
109.206698
109.206698
109.206698
109.206698
109.206698
109.206698
109.206698
109.206698
109.206698
109.206698
109.206698
109.206698
109.206698
109.206698
109.206698
109.206698
109.206698
109.206698
99.843329
99.843329
99.843329
99.843329
99.843329
99.843329
99.843329
99.843329
99.843329
99.843329
99.843329
99.843329
99.843329
99.843329
99.843329
99.843329
99.843329
99.843329
99.843329
99.843329
91.246053
91.246053
91.246053
91.246053
91.246053
91.246053
91.246053
91.246053
91.246053
91.246053
91.246053
91.246053
91.246053
91.246053
91.246053
91.246053
91.246053
91.246053
91.246053
91.246053
83.298992
83.298992
83.298992
83.298992
83.298992
83.298992
83.298992
83.298992
83.298992
83.298992
83.298992
83.298992
83.298992
83.298992
83.298992
83.298992
83.298992
83.298992
83.298992
83.298992
75.910709
75.910709
75.910709
75.910709
75.910709
75.910709
75.910709
75.910709
75.910709
75.910709
75.910709
75.910709
75.910709
75.910709
75.910709
75.910709
75.910709
75.910709
75.910709
75.910709
69.007787
69.007787
69.007787
69.007787
69.007787
69.007787
69.007787
69.007787
69.007787
69.007787
69.007787
69.007787
69.007787
69.007787
69.007787
69.007787
69.007787
69.007787
69.007787
69.007787
62.530388
62.530388
62.530388
62.530388
62.530388
62.530388
62.530388
62.530388
62.530388
62.530388
62.530388
62.530388
62.530388
62.530388
62.530388
62.530388
62.530388
62.530388
62.530388
62.530388
56.429096
56.429096
56.429096
56.429096
56.429096
56.429096
56.429096
56.429096
56.429096
56.429096
56.429096
56.429096
56.429096
56.429096
56.429096
56.429096
56.429096
56.429096
56.429096
56.429096
50.662631
50.662631
50.662631
50.662631
50.662631
50.662631
50.662631
50.662631
50.662631
50.662631
50.662631
50.662631
50.662631
50.662631
50.662631
50.662631
50.662631
50.662631
50.662631
50.662631
45.196155
45.196155
45.196155
45.196155
45.196155
45.196155
45.196155
45.196155
45.196155
45.196155
45.196155
45.196155
45.196155
45.196155
45.196155
45.196155
45.196155
45.196155
45.196155
45.196155
40.000000
40.000000
40.000000
40.000000
40.000000
40.000000
40.000000
40.000000
40.000000
40.000000
40.000000
40.000000
40.000000
40.000000
40.000000
40.000000
40.000000
40.000000
40.000000
40.000000
375.000000
375.000000
375.000000
375.000000
375.000000
375.000000
375.000000
375.000000
375.000000
375.000000
375.000000
375.000000
375.000000
375.000000
375.000000
375.000000
375.000000
375.000000
375.000000
375.000000
315.893733
315.893733
315.893733
315.893733
315.893733
315.893733
315.893733
315.893733
315.893733
315.893733
315.893733
315.893733
315.893733
315.893733
315.893733
315.893733
315.893733
315.893733
315.893733
315.893733
275.130790
275.130790
275.130790
275.130790
275.130790
275.130790
275.130790
275.130790
275.130790
275.130790
275.130790
275.130790
275.130790
275.130790
275.130790
275.130790
275.130790
275.130790
275.130790
275.130790
244.022229
244.022229
244.022229
244.022229
244.022229
244.022229
244.022229
244.022229
244.022229
244.022229
244.022229
244.022229
244.022229
244.022229
244.022229
244.022229
244.022229
244.022229
244.022229
244.022229
218.870626
218.870626
218.870626
218.870626
218.870626
218.870626
218.870626
218.870626
218.870626
218.870626
218.870626
218.870626
218.870626
218.870626
218.870626
218.870626
218.870626
218.870626
218.870626
218.870626
197.761245
197.761245
197.761245
197.761245
197.761245
197.761245
197.761245
197.761245
197.761245
197.761245
197.761245
197.761245
197.761245
197.761245
197.761245
197.761245
197.761245
197.761245
197.761245
197.761245
179.574701
179.574701
179.574701
179.574701
179.574701
179.574701
179.574701
179.574701
179.574701
179.574701
179.574701
179.574701
179.574701
179.574701
179.574701
179.574701
179.574701
179.574701
179.574701
179.574701
163.600034
163.600034
163.600034
163.600034
163.600034
163.600034
163.600034
163.600034
163.600034
163.600034
163.600034
163.600034
163.600034
163.600034
163.600034
163.600034
163.600034
163.600034
163.600034
163.600034
149.357560
149.357560
149.357560
149.357560
149.357560
149.357560
149.357560
149.357560
149.357560
149.357560
149.357560
149.357560
149.357560
149.357560
149.357560
149.357560
149.357560
149.357560
149.357560
149.357560
136.508372
136.508372
136.508372
136.508372
136.508372
136.508372
136.508372
136.508372
136.508372
136.508372
136.508372
136.508372
136.508372
136.508372
136.508372
136.508372
136.508372
136.508372
136.508372
136.508372
124.804161
124.804161
124.804161
124.804161
124.804161
124.804161
124.804161
124.804161
124.804161
124.804161
124.804161
124.804161
124.804161
124.804161
124.804161
124.804161
124.804161
124.804161
124.804161
124.804161
114.057567
114.057567
114.057567
114.057567
114.057567
114.057567
114.057567
114.057567
114.057567
114.057567
114.057567
114.057567
114.057567
114.057567
114.057567
114.057567
114.057567
114.057567
114.057567
114.057567
104.123740
104.123740
104.123740
104.123740
104.123740
104.123740
104.123740
104.123740
104.123740
104.123740
104.123740
104.123740
104.123740
104.123740
104.123740
104.123740
104.123740
104.123740
104.123740
104.123740
94.888386
94.888386
94.888386
94.888386
94.888386
94.888386
94.888386
94.888386
94.888386
94.888386
94.888386
94.888386
94.888386
94.888386
94.888386
94.888386
94.888386
94.888386
94.888386
94.888386
86.259734
86.259734
86.259734
86.259734
86.259734
86.259734
86.259734
86.259734
86.259734
86.259734
86.259734
86.259734
86.259734
86.259734
86.259734
86.259734
86.259734
86.259734
86.259734
86.259734
78.162985
78.162985
78.162985
78.162985
78.162985
78.162985
78.162985
78.162985
78.162985
78.162985
78.162985
78.162985
78.162985
78.162985
78.162985
78.162985
78.162985
78.162985
78.162985
78.162985
70.536370
70.536370
70.536370
70.536370
70.536370
70.536370
70.536370
70.536370
70.536370
70.536370
70.536370
70.536370
70.536370
70.536370
70.536370
70.536370
70.536370
70.536370
70.536370
70.536370
63.328289
63.328289
63.328289
63.328289
63.328289
63.328289
63.328289
63.328289
63.328289
63.328289
63.328289
63.328289
63.328289
63.328289
63.328289
63.328289
63.328289
63.328289
63.328289
63.328289
56.495194
56.495194
56.495194
56.495194
56.495194
56.495194
56.495194
56.495194
56.495194
56.495194
56.495194
56.495194
56.495194
56.495194
56.495194
56.495194
56.495194
56.495194
56.495194
56.495194
50.000000
50.000000
50.000000
50.000000
50.000000
50.000000
50.000000
50.000000
50.000000
50.000000
50.000000
50.000000
50.000000
50.000000
50.000000
50.000000
50.000000
50.000000
50.000000
50.000000
450.000000
450.000000
450.000000
450.000000
450.000000
450.000000
450.000000
450.000000
450.000000
450.000000
450.000000
450.000000
450.000000
450.000000
450.000000
450.000000
450.000000
450.000000
450.000000
450.000000
379.072480
379.072480
379.072480
379.072480
379.072480
379.072480
379.072480
379.072480
379.072480
379.072480
379.072480
379.072480
379.072480
379.072480
379.072480
379.072480
379.072480
379.072480
379.072480
379.072480
330.156948
330.156948
330.156948
330.156948
330.156948
330.156948
330.156948
330.156948
330.156948
330.156948
330.156948
330.156948
330.156948
330.156948
330.156948
330.156948
330.156948
330.156948
330.156948
330.156948
292.826675
292.826675
292.826675
292.826675
292.826675
292.826675
292.826675
292.826675
292.826675
292.826675
292.826675
292.826675
292.826675
292.826675
292.826675
292.826675
292.826675
292.826675
292.826675
292.826675
262.644751
262.644751
262.644751
262.644751
262.644751
262.644751
262.644751
262.644751
262.644751
262.644751
262.644751
262.644751
262.644751
262.644751
262.644751
262.644751
262.644751
262.644751
262.644751
262.644751
237.313494
237.313494
237.313494
237.313494
237.313494
237.313494
237.313494
237.313494
237.313494
237.313494
237.313494
237.313494
237.313494
237.313494
237.313494
237.313494
237.313494
237.313494
237.313494
237.313494
215.489641
215.489641
215.489641
215.489641
215.489641
215.489641
215.489641
215.489641
215.489641
215.489641
215.489641
215.489641
215.489641
215.489641
215.489641
215.489641
215.489641
215.489641
215.489641
215.489641
196.320041
196.320041
196.320041
196.320041
196.320041
196.320041
196.320041
196.320041
196.320041
196.320041
196.320041
196.320041
196.320041
196.320041
196.320041
196.320041
196.320041
196.320041
196.320041
196.320041
179.229072
179.229072
179.229072
179.229072
179.229072
179.229072
179.229072
179.229072
179.229072
179.229072
179.229072
179.229072
179.229072
179.229072
179.229072
179.229072
179.229072
179.229072
179.229072
179.229072
163.810046
163.810046
163.810046
163.810046
163.810046
163.810046
163.810046
163.810046
163.810046
163.810046
163.810046
163.810046
163.810046
163.810046
163.810046
163.810046
163.810046
163.810046
163.810046
163.810046
149.764993
149.764993
149.764993
149.764993
149.764993
149.764993
149.764993
149.764993
149.764993
149.764993
149.764993
149.764993
149.764993
149.764993
149.764993
149.764993
149.764993
149.764993
149.764993
149.764993
136.869080
136.869080
136.869080
136.869080
136.869080
136.869080
136.869080
136.869080
136.869080
136.869080
136.869080
136.869080
136.869080
136.869080
136.869080
136.869080
136.869080
136.869080
136.869080
136.869080
124.948488
124.948488
124.948488
124.948488
124.948488
124.948488
124.948488
124.948488
124.948488
124.948488
124.948488
124.948488
124.948488
124.948488
124.948488
124.948488
124.948488
124.948488
124.948488
124.948488
113.866063
113.866063
113.866063
113.866063
113.866063
113.866063
113.866063
113.866063
113.866063
113.866063
113.866063
113.866063
113.866063
113.866063
113.866063
113.866063
113.866063
113.866063
113.866063
113.866063
103.511681
103.511681
103.511681
103.511681
103.511681
103.511681
103.511681
103.511681
103.511681
103.511681
103.511681
103.511681
103.511681
103.511681
103.511681
103.511681
103.511681
103.511681
103.511681
103.511681
93.795582
93.795582
93.795582
93.795582
93.795582
93.795582
93.795582
93.795582
93.795582
93.795582
93.795582
93.795582
93.795582
93.795582
93.795582
93.795582
93.795582
93.795582
93.795582
93.795582
84.643644
84.643644
84.643644
84.643644
84.643644
84.643644
84.643644
84.643644
84.643644
84.643644
84.643644
84.643644
84.643644
84.643644
84.643644
84.643644
84.643644
84.643644
84.643644
84.643644
75.993946
75.993946
75.993946
75.993946
75.993946
75.993946
75.993946
75.993946
75.993946
75.993946
75.993946
75.993946
75.993946
75.993946
75.993946
75.993946
75.993946
75.993946
75.993946
75.993946
67.794233
67.794233
67.794233
67.794233
67.794233
67.794233
67.794233
67.794233
67.794233
67.794233
67.794233
67.794233
67.794233
67.794233
67.794233
67.794233
67.794233
67.794233
67.794233
67.794233
60.000000
60.000000
60.000000
60.000000
60.000000
60.000000
60.000000
60.000000
60.000000
60.000000
60.000000
60.000000
60.000000
60.000000
60.000000
60.000000
60.000000
60.000000
60.000000
60.000000
525.000000
525.000000
525.000000
525.000000
525.000000
525.000000
525.000000
525.000000
525.000000
525.000000
525.000000
525.000000
525.000000
525.000000
525.000000
525.000000
525.000000
525.000000
525.000000
525.000000
442.251226
442.251226
442.251226
442.251226
442.251226
442.251226
442.251226
442.251226
442.251226
442.251226
442.251226
442.251226
442.251226
442.251226
442.251226
442.251226
442.251226
442.251226
442.251226
442.251226
385.183106
385.183106
385.183106
385.183106
385.183106
385.183106
385.183106
385.183106
385.183106
385.183106
385.183106
385.183106
385.183106
385.183106
385.183106
385.183106
385.183106
385.183106
385.183106
385.183106
341.631120
341.631120
341.631120
341.631120
341.631120
341.631120
341.631120
341.631120
341.631120
341.631120
341.631120
341.631120
341.631120
341.631120
341.631120
341.631120
341.631120
341.631120
341.631120
341.631120
306.418876
306.418876
306.418876
306.418876
306.418876
306.418876
306.418876
306.418876
306.418876
306.418876
306.418876
306.418876
306.418876
306.418876
306.418876
306.418876
306.418876
306.418876
306.418876
306.418876
276.865743
276.865743
276.865743
276.865743
276.865743
276.865743
276.865743
276.865743
276.865743
276.865743
276.865743
276.865743
276.865743
276.865743
276.865743
276.865743
276.865743
276.865743
276.865743
276.865743
251.404582
251.404582
251.404582
251.404582
251.404582
251.404582
251.404582
251.404582
251.404582
251.404582
251.404582
251.404582
251.404582
251.404582
251.404582
251.404582
251.404582
251.404582
251.404582
251.404582
229.040048
229.040048
229.040048
229.040048
229.040048
229.040048
229.040048
229.040048
229.040048
229.040048
229.040048
229.040048
229.040048
229.040048
229.040048
229.040048
229.040048
229.040048
229.040048
229.040048
209.100585
209.100585
209.100585
209.100585
209.100585
209.100585
209.100585
209.100585
209.100585
209.100585
209.100585
209.100585
209.100585
209.100585
209.100585
209.100585
209.100585
209.100585
209.100585
209.100585
191.111721
191.111721
191.111721
191.111721
191.111721
191.111721
191.111721
191.111721
191.111721
191.111721
191.111721
191.111721
191.111721
191.111721
191.111721
191.111721
191.111721
191.111721
191.111721
191.111721
174.725825
174.725825
174.725825
174.725825
174.725825
174.725825
174.725825
174.725825
174.725825
174.725825
174.725825
174.725825
174.725825
174.725825
174.725825
174.725825
174.725825
174.725825
174.725825
174.725825
159.680593
159.680593
159.680593
159.680593
159.680593
159.680593
159.680593
159.680593
159.680593
159.680593
159.680593
159.680593
159.680593
159.680593
159.680593
159.680593
159.680593
159.680593
159.680593
159.680593
145.773236
145.773236
145.773236
145.773236
145.773236
145.773236
145.773236
145.773236
145.773236
145.773236
145.773236
145.773236
145.773236
145.773236
145.773236
145.773236
145.773236
145.773236
145.773236
145.773236
132.843740
132.843740
132.843740
132.843740
132.843740
132.843740
132.843740
132.843740
132.843740
132.843740
132.843740
132.843740
132.843740
132.843740
132.843740
132.843740
132.843740
132.843740
132.843740
132.843740
120.763628
120.763628
120.763628
120.763628
120.763628
120.763628
120.763628
120.763628
120.763628
120.763628
120.763628
120.763628
120.763628
120.763628
120.763628
120.763628
120.763628
120.763628
120.763628
120.763628
109.428179
109.428179
109.428179
109.428179
109.428179
109.428179
109.428179
109.428179
109.428179
109.428179
109.428179
109.428179
109.428179
109.428179
109.428179
109.428179
109.428179
109.428179
109.428179
109.428179
98.750918
98.750918
98.750918
98.750918
98.750918
98.750918
98.750918
98.750918
98.750918
98.750918
98.750918
98.750918
98.750918
98.750918
98.750918
98.750918
98.750918
98.750918
98.750918
98.750918
88.659604
88.659604
88.659604
88.659604
88.659604
88.659604
88.659604
88.659604
88.659604
88.659604
88.659604
88.659604
88.659604
88.659604
88.659604
88.659604
88.659604
88.659604
88.659604
88.659604
79.093272
79.093272
79.093272
79.093272
79.093272
79.093272
79.093272
79.093272
79.093272
79.093272
79.093272
79.093272
79.093272
79.093272
79.093272
79.093272
79.093272
79.093272
79.093272
79.093272
70.000000
70.000000
70.000000
70.000000
70.000000
70.000000
70.000000
70.000000
70.000000
70.000000
70.000000
70.000000
70.000000
70.000000
70.000000
70.000000
70.000000
70.000000
70.000000
70.000000
600.000000
600.000000
600.000000
600.000000
600.000000
600.000000
600.000000
600.000000
600.000000
600.000000
600.000000
600.000000
600.000000
600.000000
600.000000
600.000000
600.000000
600.000000
600.000000
600.000000
505.429973
505.429973
505.429973
505.429973
505.429973
505.429973
505.429973
505.429973
505.429973
505.429973
505.429973
505.429973
505.429973
505.429973
505.429973
505.429973
505.429973
505.429973
505.429973
505.429973
440.209265
440.209265
440.209265
440.209265
440.209265
440.209265
440.209265
440.209265
440.209265
440.209265
440.209265
440.209265
440.209265
440.209265
440.209265
440.209265
440.209265
440.209265
440.209265
440.209265
390.435566
390.435566
390.435566
390.435566
390.435566
390.435566
390.435566
390.435566
390.435566
390.435566
390.435566
390.435566
390.435566
390.435566
390.435566
390.435566
390.435566
390.435566
390.435566
390.435566
350.193001
350.193001
350.193001
350.193001
350.193001
350.193001
350.193001
350.193001
350.193001
350.193001
350.193001
350.193001
350.193001
350.193001
350.193001
350.193001
350.193001
350.193001
350.193001
350.193001
316.417992
316.417992
316.417992
316.417992
316.417992
316.417992
316.417992
316.417992
316.417992
316.417992
316.417992
316.417992
316.417992
316.417992
316.417992
316.417992
316.417992
316.417992
316.417992
316.417992
287.319522
287.319522
287.319522
287.319522
287.319522
287.319522
287.319522
287.319522
287.319522
287.319522
287.319522
287.319522
287.319522
287.319522
287.319522
287.319522
287.319522
287.319522
287.319522
287.319522
261.760055
261.760055
261.760055
261.760055
261.760055
261.760055
261.760055
261.760055
261.760055
261.760055
261.760055
261.760055
261.760055
261.760055
261.760055
261.760055
261.760055
261.760055
261.760055
261.760055
238.972097
238.972097
238.972097
238.972097
238.972097
238.972097
238.972097
238.972097
238.972097
238.972097
238.972097
238.972097
238.972097
238.972097
238.972097
238.972097
238.972097
238.972097
238.972097
238.972097
218.413395
218.413395
218.413395
218.413395
218.413395
218.413395
218.413395
218.413395
218.413395
218.413395
218.413395
218.413395
218.413395
218.413395
218.413395
218.413395
218.413395
218.413395
218.413395
218.413395
199.686657
199.686657
199.686657
199.686657
199.686657
199.686657
199.686657
199.686657
199.686657
199.686657
199.686657
199.686657
199.686657
199.686657
199.686657
199.686657
199.686657
199.686657
199.686657
199.686657
182.492107
182.492107
182.492107
182.492107
182.492107
182.492107
182.492107
182.492107
182.492107
182.492107
182.492107
182.492107
182.492107
182.492107
182.492107
182.492107
182.492107
182.492107
182.492107
182.492107
166.597984
166.597984
166.597984
166.597984
166.597984
166.597984
166.597984
166.597984
166.597984
166.597984
166.597984
166.597984
166.597984
166.597984
166.597984
166.597984
166.597984
166.597984
166.597984
166.597984
151.821418
151.821418
151.821418
151.821418
151.821418
151.821418
151.821418
151.821418
151.821418
151.821418
151.821418
151.821418
151.821418
151.821418
151.821418
151.821418
151.821418
151.821418
151.821418
151.821418
138.015574
138.015574
138.015574
138.015574
138.015574
138.015574
138.015574
138.015574
138.015574
138.015574
138.015574
138.015574
138.015574
138.015574
138.015574
138.015574
138.015574
138.015574
138.015574
138.015574
125.060776
125.060776
125.060776
125.060776
125.060776
125.060776
125.060776
125.060776
125.060776
125.060776
125.060776
125.060776
125.060776
125.060776
125.060776
125.060776
125.060776
125.060776
125.060776
125.060776
112.858192
112.858192
112.858192
112.858192
112.858192
112.858192
112.858192
112.858192
112.858192
112.858192
112.858192
112.858192
112.858192
112.858192
112.858192
112.858192
112.858192
112.858192
112.858192
112.858192
101.325262
101.325262
101.325262
101.325262
101.325262
101.325262
101.325262
101.325262
101.325262
101.325262
101.325262
101.325262
101.325262
101.325262
101.325262
101.325262
101.325262
101.325262
101.325262
101.325262
90.392311
90.392311
90.392311
90.392311
90.392311
90.392311
90.392311
90.392311
90.392311
90.392311
90.392311
90.392311
90.392311
90.392311
90.392311
90.392311
90.392311
90.392311
90.392311
90.392311
80.000000
80.000000
80.000000
80.000000
80.000000
80.000000
80.000000
80.000000
80.000000
80.000000
80.000000
80.000000
80.000000
80.000000
80.000000
80.000000
80.000000
80.000000
80.000000
80.000000
675.000000
675.000000
675.000000
675.000000
675.000000
675.000000
675.000000
675.000000
675.000000
675.000000
675.000000
675.000000
675.000000
675.000000
675.000000
675.000000
675.000000
675.000000
675.000000
675.000000
568.608719
568.608719
568.608719
568.608719
568.608719
568.608719
568.608719
568.608719
568.608719
568.608719
568.608719
568.608719
568.608719
568.608719
568.608719
568.608719
568.608719
568.608719
568.608719
568.608719
495.235423
495.235423
495.235423
495.235423
495.235423
495.235423
495.235423
495.235423
495.235423
495.235423
495.235423
495.235423
495.235423
495.235423
495.235423
495.235423
495.235423
495.235423
495.235423
495.235423
439.240012
439.240012
439.240012
439.240012
439.240012
439.240012
439.240012
439.240012
439.240012
439.240012
439.240012
439.240012
439.240012
439.240012
439.240012
439.240012
439.240012
439.240012
439.240012
439.240012
393.967126
393.967126
393.967126
393.967126
393.967126
393.967126
393.967126
393.967126
393.967126
393.967126
393.967126
393.967126
393.967126
393.967126
393.967126
393.967126
393.967126
393.967126
393.967126
393.967126
355.970241
355.970241
355.970241
355.970241
355.970241
355.970241
355.970241
355.970241
355.970241
355.970241
355.970241
355.970241
355.970241
355.970241
355.970241
355.970241
355.970241
355.970241
355.970241
355.970241
323.234462
323.234462
323.234462
323.234462
323.234462
323.234462
323.234462
323.234462
323.234462
323.234462
323.234462
323.234462
323.234462
323.234462
323.234462
323.234462
323.234462
323.234462
323.234462
323.234462
294.480062
294.480062
294.480062
294.480062
294.480062
294.480062
294.480062
294.480062
294.480062
294.480062
294.480062
294.480062
294.480062
294.480062
294.480062
294.480062
294.480062
294.480062
294.480062
294.480062
268.843609
268.843609
268.843609
268.843609
268.843609
268.843609
268.843609
268.843609
268.843609
268.843609
268.843609
268.843609
268.843609
268.843609
268.843609
268.843609
268.843609
268.843609
268.843609
268.843609
245.715069
245.715069
245.715069
245.715069
245.715069
245.715069
245.715069
245.715069
245.715069
245.715069
245.715069
245.715069
245.715069
245.715069
245.715069
245.715069
245.715069
245.715069
245.715069
245.715069
224.647489
224.647489
224.647489
224.647489
224.647489
224.647489
224.647489
224.647489
224.647489
224.647489
224.647489
224.647489
224.647489
224.647489
224.647489
224.647489
224.647489
224.647489
224.647489
224.647489
205.303620
205.303620
205.303620
205.303620
205.303620
205.303620
205.303620
205.303620
205.303620
205.303620
205.303620
205.303620
205.303620
205.303620
205.303620
205.303620
205.303620
205.303620
205.303620
205.303620
187.422732
187.422732
187.422732
187.422732
187.422732
187.422732
187.422732
187.422732
187.422732
187.422732
187.422732
187.422732
187.422732
187.422732
187.422732
187.422732
187.422732
187.422732
187.422732
187.422732
170.799095
170.799095
170.799095
170.799095
170.799095
170.799095
170.799095
170.799095
170.799095
170.799095
170.799095
170.799095
170.799095
170.799095
170.799095
170.799095
170.799095
170.799095
170.799095
170.799095
155.267521
155.267521
155.267521
155.267521
155.267521
155.267521
155.267521
155.267521
155.267521
155.267521
155.267521
155.267521
155.267521
155.267521
155.267521
155.267521
155.267521
155.267521
155.267521
155.267521
140.693373
140.693373
140.693373
140.693373
140.693373
140.693373
140.693373
140.693373
140.693373
140.693373
140.693373
140.693373
140.693373
140.693373
140.693373
140.693373
140.693373
140.693373
140.693373
140.693373
126.965466
126.965466
126.965466
126.965466
126.965466
126.965466
126.965466
126.965466
126.965466
126.965466
126.965466
126.965466
126.965466
126.965466
126.965466
126.965466
126.965466
126.965466
126.965466
126.965466
113.990920
113.990920
113.990920
113.990920
113.990920
113.990920
113.990920
113.990920
113.990920
113.990920
113.990920
113.990920
113.990920
113.990920
113.990920
113.990920
113.990920
113.990920
113.990920
113.990920
101.691350
101.691350
101.691350
101.691350
101.691350
101.691350
101.691350
101.691350
101.691350
101.691350
101.691350
101.691350
101.691350
101.691350
101.691350
101.691350
101.691350
101.691350
101.691350
101.691350
90.000000
90.000000
90.000000
90.000000
90.000000
90.000000
90.000000
90.000000
90.000000
90.000000
90.000000
90.000000
90.000000
90.000000
90.000000
90.000000
90.000000
90.000000
90.000000
90.000000
750.000000
750.000000
750.000000
750.000000
750.000000
750.000000
750.000000
750.000000
750.000000
750.000000
750.000000
750.000000
750.000000
750.000000
750.000000
750.000000
750.000000
750.000000
750.000000
750.000000
631.787466
631.787466
631.787466
631.787466
631.787466
631.787466
631.787466
631.787466
631.787466
631.787466
631.787466
631.787466
631.787466
631.787466
631.787466
631.787466
631.787466
631.787466
631.787466
631.787466
550.261581
550.261581
550.261581
550.261581
550.261581
550.261581
550.261581
550.261581
550.261581
550.261581
550.261581
550.261581
550.261581
550.261581
550.261581
550.261581
550.261581
550.261581
550.261581
550.261581
488.044458
488.044458
488.044458
488.044458
488.044458
488.044458
488.044458
488.044458
488.044458
488.044458
488.044458
488.044458
488.044458
488.044458
488.044458
488.044458
488.044458
488.044458
488.044458
488.044458
437.741252
437.741252
437.741252
437.741252
437.741252
437.741252
437.741252
437.741252
437.741252
437.741252
437.741252
437.741252
437.741252
437.741252
437.741252
437.741252
437.741252
437.741252
437.741252
437.741252
395.522490
395.522490
395.522490
395.522490
395.522490
395.522490
395.522490
395.522490
395.522490
395.522490
395.522490
395.522490
395.522490
395.522490
395.522490
395.522490
395.522490
395.522490
395.522490
395.522490
359.149402
359.149402
359.149402
359.149402
359.149402
359.149402
359.149402
359.149402
359.149402
359.149402
359.149402
359.149402
359.149402
359.149402
359.149402
359.149402
359.149402
359.149402
359.149402
359.149402
327.200069
327.200069
327.200069
327.200069
327.200069
327.200069
327.200069
327.200069
327.200069
327.200069
327.200069
327.200069
327.200069
327.200069
327.200069
327.200069
327.200069
327.200069
327.200069
327.200069
298.715121
298.715121
298.715121
298.715121
298.715121
298.715121
298.715121
298.715121
298.715121
298.715121
298.715121
298.715121
298.715121
298.715121
298.715121
298.715121
298.715121
298.715121
298.715121
298.715121
273.016744
273.016744
273.016744
273.016744
273.016744
273.016744
273.016744
273.016744
273.016744
273.016744
273.016744
273.016744
273.016744
273.016744
273.016744
273.016744
273.016744
273.016744
273.016744
273.016744
249.608321
249.608321
249.608321
249.608321
249.608321
249.608321
249.608321
249.608321
249.608321
249.608321
249.608321
249.608321
249.608321
249.608321
249.608321
249.608321
249.608321
249.608321
249.608321
249.608321
228.115133
228.115133
228.115133
228.115133
228.115133
228.115133
228.115133
228.115133
228.115133
228.115133
228.115133
228.115133
228.115133
228.115133
228.115133
228.115133
228.115133
228.115133
228.115133
228.115133
208.247481
208.247481
208.247481
208.247481
208.247481
208.247481
208.247481
208.247481
208.247481
208.247481
208.247481
208.247481
208.247481
208.247481
208.247481
208.247481
208.247481
208.247481
208.247481
208.247481
189.776772
189.776772
189.776772
189.776772
189.776772
189.776772
189.776772
189.776772
189.776772
189.776772
189.776772
189.776772
189.776772
189.776772
189.776772
189.776772
189.776772
189.776772
189.776772
189.776772
172.519468
172.519468
172.519468
172.519468
172.519468
172.519468
172.519468
172.519468
172.519468
172.519468
172.519468
172.519468
172.519468
172.519468
172.519468
172.519468
172.519468
172.519468
172.519468
172.519468
156.325970
156.325970
156.325970
156.325970
156.325970
156.325970
156.325970
156.325970
156.325970
156.325970
156.325970
156.325970
156.325970
156.325970
156.325970
156.325970
156.325970
156.325970
156.325970
156.325970
141.072740
141.072740
141.072740
141.072740
141.072740
141.072740
141.072740
141.072740
141.072740
141.072740
141.072740
141.072740
141.072740
141.072740
141.072740
141.072740
141.072740
141.072740
141.072740
141.072740
126.656577
126.656577
126.656577
126.656577
126.656577
126.656577
126.656577
126.656577
126.656577
126.656577
126.656577
126.656577
126.656577
126.656577
126.656577
126.656577
126.656577
126.656577
126.656577
126.656577
112.990388
112.990388
112.990388
112.990388
112.990388
112.990388
112.990388
112.990388
112.990388
112.990388
112.990388
112.990388
112.990388
112.990388
112.990388
112.990388
112.990388
112.990388
112.990388
112.990388
100.000000
100.000000
100.000000
100.000000
100.000000
100.000000
100.000000
100.000000
100.000000
100.000000
100.000000
100.000000
100.000000
100.000000
100.000000
100.000000
100.000000
100.000000
100.000000
100.000000
825.000000
825.000000
825.000000
825.000000
825.000000
825.000000
825.000000
825.000000
825.000000
825.000000
825.000000
825.000000
825.000000
825.000000
825.000000
825.000000
825.000000
825.000000
825.000000
825.000000
694.966213
694.966213
694.966213
694.966213
694.966213
694.966213
694.966213
694.966213
694.966213
694.966213
694.966213
694.966213
694.966213
694.966213
694.966213
694.966213
694.966213
694.966213
694.966213
694.966213
605.287739
605.287739
605.287739
605.287739
605.287739
605.287739
605.287739
605.287739
605.287739
605.287739
605.287739
605.287739
605.287739
605.287739
605.287739
605.287739
605.287739
605.287739
605.287739
605.287739
536.848903
536.848903
536.848903
536.848903
536.848903
536.848903
536.848903
536.848903
536.848903
536.848903
536.848903
536.848903
536.848903
536.848903
536.848903
536.848903
536.848903
536.848903
536.848903
536.848903
481.515377
481.515377
481.515377
481.515377
481.515377
481.515377
481.515377
481.515377
481.515377
481.515377
481.515377
481.515377
481.515377
481.515377
481.515377
481.515377
481.515377
481.515377
481.515377
481.515377
435.074738
435.074738
435.074738
435.074738
435.074738
435.074738
435.074738
435.074738
435.074738
435.074738
435.074738
435.074738
435.074738
435.074738
435.074738
435.074738
435.074738
435.074738
435.074738
435.074738
395.064342
395.064342
395.064342
395.064342
395.064342
395.064342
395.064342
395.064342
395.064342
395.064342
395.064342
395.064342
395.064342
395.064342
395.064342
395.064342
395.064342
395.064342
395.064342
395.064342
359.920076
359.920076
359.920076
359.920076
359.920076
359.920076
359.920076
359.920076
359.920076
359.920076
359.920076
359.920076
359.920076
359.920076
359.920076
359.920076
359.920076
359.920076
359.920076
359.920076
328.586633
328.586633
328.586633
328.586633
328.586633
328.586633
328.586633
328.586633
328.586633
328.586633
328.586633
328.586633
328.586633
328.586633
328.586633
328.586633
328.586633
328.586633
328.586633
328.586633
300.318418
300.318418
300.318418
300.318418
300.318418
300.318418
300.318418
300.318418
300.318418
300.318418
300.318418
300.318418
300.318418
300.318418
300.318418
300.318418
300.318418
300.318418
300.318418
300.318418
274.569153
274.569153
274.569153
274.569153
274.569153
274.569153
274.569153
274.569153
274.569153
274.569153
274.569153
274.569153
274.569153
274.569153
274.569153
274.569153
274.569153
274.569153
274.569153
274.569153
250.926647
250.926647
250.926647
250.926647
250.926647
250.926647
250.926647
250.926647
250.926647
250.926647
250.926647
250.926647
250.926647
250.926647
250.926647
250.926647
250.926647
250.926647
250.926647
250.926647
229.072229
229.072229
229.072229
229.072229
229.072229
229.072229
229.072229
229.072229
229.072229
229.072229
229.072229
229.072229
229.072229
229.072229
229.072229
229.072229
229.072229
229.072229
229.072229
229.072229
208.754449
208.754449
208.754449
208.754449
208.754449
208.754449
208.754449
208.754449
208.754449
208.754449
208.754449
208.754449
208.754449
208.754449
208.754449
208.754449
208.754449
208.754449
208.754449
208.754449
189.771415
189.771415
189.771415
189.771415
189.771415
189.771415
189.771415
189.771415
189.771415
189.771415
189.771415
189.771415
189.771415
189.771415
189.771415
189.771415
189.771415
189.771415
189.771415
189.771415
171.958567
171.958567
171.958567
171.958567
171.958567
171.958567
171.958567
171.958567
171.958567
171.958567
171.958567
171.958567
171.958567
171.958567
171.958567
171.958567
171.958567
171.958567
171.958567
171.958567
155.180014
155.180014
155.180014
155.180014
155.180014
155.180014
155.180014
155.180014
155.180014
155.180014
155.180014
155.180014
155.180014
155.180014
155.180014
155.180014
155.180014
155.180014
155.180014
155.180014
139.322235
139.322235
139.322235
139.322235
139.322235
139.322235
139.322235
139.322235
139.322235
139.322235
139.322235
139.322235
139.322235
139.322235
139.322235
139.322235
139.322235
139.322235
139.322235
139.322235
124.289427
124.289427
124.289427
124.289427
124.289427
124.289427
124.289427
124.289427
124.289427
124.289427
124.289427
124.289427
124.289427
124.289427
124.289427
124.289427
124.289427
124.289427
124.289427
124.289427
110.000000
110.000000
110.000000
110.000000
110.000000
110.000000
110.000000
110.000000
110.000000
110.000000
110.000000
110.000000
110.000000
110.000000
110.000000
110.000000
110.000000
110.000000
110.000000
110.000000
900.000000
900.000000
900.000000
900.000000
900.000000
900.000000
900.000000
900.000000
900.000000
900.000000
900.000000
900.000000
900.000000
900.000000
900.000000
900.000000
900.000000
900.000000
900.000000
900.000000
758.144959
758.144959
758.144959
758.144959
758.144959
758.144959
758.144959
758.144959
758.144959
758.144959
758.144959
758.144959
758.144959
758.144959
758.144959
758.144959
758.144959
758.144959
758.144959
758.144959
660.313897
660.313897
660.313897
660.313897
660.313897
660.313897
660.313897
660.313897
660.313897
660.313897
660.313897
660.313897
660.313897
660.313897
660.313897
660.313897
660.313897
660.313897
660.313897
660.313897
585.653349
585.653349
585.653349
585.653349
585.653349
585.653349
585.653349
585.653349
585.653349
585.653349
585.653349
585.653349
585.653349
585.653349
585.653349
585.653349
585.653349
585.653349
585.653349
585.653349
525.289502
525.289502
525.289502
525.289502
525.289502
525.289502
525.289502
525.289502
525.289502
525.289502
525.289502
525.289502
525.289502
525.289502
525.289502
525.289502
525.289502
525.289502
525.289502
525.289502
474.626987
474.626987
474.626987
474.626987
474.626987
474.626987
474.626987
474.626987
474.626987
474.626987
474.626987
474.626987
474.626987
474.626987
474.626987
474.626987
474.626987
474.626987
474.626987
474.626987
430.979283
430.979283
430.979283
430.979283
430.979283
430.979283
430.979283
430.979283
430.979283
430.979283
430.979283
430.979283
430.979283
430.979283
430.979283
430.979283
430.979283
430.979283
430.979283
430.979283
392.640082
392.640082
392.640082
392.640082
392.640082
392.640082
392.640082
392.640082
392.640082
392.640082
392.640082
392.640082
392.640082
392.640082
392.640082
392.640082
392.640082
392.640082
392.640082
392.640082
358.458145
358.458145
358.458145
358.458145
358.458145
358.458145
358.458145
358.458145
358.458145
358.458145
358.458145
358.458145
358.458145
358.458145
358.458145
358.458145
358.458145
358.458145
358.458145
358.458145
327.620093
327.620093
327.620093
327.620093
327.620093
327.620093
327.620093
327.620093
327.620093
327.620093
327.620093
327.620093
327.620093
327.620093
327.620093
327.620093
327.620093
327.620093
327.620093
327.620093
299.529986
299.529986
299.529986
299.529986
299.529986
299.529986
299.529986
299.529986
299.529986
299.529986
299.529986
299.529986
299.529986
299.529986
299.529986
299.529986
299.529986
299.529986
299.529986
299.529986
273.738160
273.738160
273.738160
273.738160
273.738160
273.738160
273.738160
273.738160
273.738160
273.738160
273.738160
273.738160
273.738160
273.738160
273.738160
273.738160
273.738160
273.738160
273.738160
273.738160
249.896977
249.896977
249.896977
249.896977
249.896977
249.896977
249.896977
249.896977
249.896977
249.896977
249.896977
249.896977
249.896977
249.896977
249.896977
249.896977
249.896977
249.896977
249.896977
249.896977
227.732127
227.732127
227.732127
227.732127
227.732127
227.732127
227.732127
227.732127
227.732127
227.732127
227.732127
227.732127
227.732127
227.732127
227.732127
227.732127
227.732127
227.732127
227.732127
227.732127
207.023361
207.023361
207.023361
207.023361
207.023361
207.023361
207.023361
207.023361
207.023361
207.023361
207.023361
207.023361
207.023361
207.023361
207.023361
207.023361
207.023361
207.023361
207.023361
207.023361
187.591164
187.591164
187.591164
187.591164
187.591164
187.591164
187.591164
187.591164
187.591164
187.591164
187.591164
187.591164
187.591164
187.591164
187.591164
187.591164
187.591164
187.591164
187.591164
187.591164
169.287288
169.287288
169.287288
169.287288
169.287288
169.287288
169.287288
169.287288
169.287288
169.287288
169.287288
169.287288
169.287288
169.287288
169.287288
169.287288
169.287288
169.287288
169.287288
169.287288
151.987893
151.987893
151.987893
151.987893
151.987893
151.987893
151.987893
151.987893
151.987893
151.987893
151.987893
151.987893
151.987893
151.987893
151.987893
151.987893
151.987893
151.987893
151.987893
151.987893
135.588466
135.588466
135.588466
135.588466
135.588466
135.588466
135.588466
135.588466
135.588466
135.588466
135.588466
135.588466
135.588466
135.588466
135.588466
135.588466
135.588466
135.588466
135.588466
135.588466
120.000000
120.000000
120.000000
120.000000
120.000000
120.000000
120.000000
120.000000
120.000000
120.000000
120.000000
120.000000
120.000000
120.000000
120.000000
120.000000
120.000000
120.000000
120.000000
120.000000
975.000000
975.000000
975.000000
975.000000
975.000000
975.000000
975.000000
975.000000
975.000000
975.000000
975.000000
975.000000
975.000000
975.000000
975.000000
975.000000
975.000000
975.000000
975.000000
975.000000
821.323706
821.323706
821.323706
821.323706
821.323706
821.323706
821.323706
821.323706
821.323706
821.323706
821.323706
821.323706
821.323706
821.323706
821.323706
821.323706
821.323706
821.323706
821.323706
821.323706
715.340055
715.340055
715.340055
715.340055
715.340055
715.340055
715.340055
715.340055
715.340055
715.340055
715.340055
715.340055
715.340055
715.340055
715.340055
715.340055
715.340055
715.340055
715.340055
715.340055
634.457795
634.457795
634.457795
634.457795
634.457795
634.457795
634.457795
634.457795
634.457795
634.457795
634.457795
634.457795
634.457795
634.457795
634.457795
634.457795
634.457795
634.457795
634.457795
634.457795
569.063627
569.063627
569.063627
569.063627
569.063627
569.063627
569.063627
569.063627
569.063627
569.063627
569.063627
569.063627
569.063627
569.063627
569.063627
569.063627
569.063627
569.063627
569.063627
569.063627
514.179236
514.179236
514.179236
514.179236
514.179236
514.179236
514.179236
514.179236
514.179236
514.179236
514.179236
514.179236
514.179236
514.179236
514.179236
514.179236
514.179236
514.179236
514.179236
514.179236
466.894223
466.894223
466.894223
466.894223
466.894223
466.894223
466.894223
466.894223
466.894223
466.894223
466.894223
466.894223
466.894223
466.894223
466.894223
466.894223
466.894223
466.894223
466.894223
466.894223
425.360089
425.360089
425.360089
425.360089
425.360089
425.360089
425.360089
425.360089
425.360089
425.360089
425.360089
425.360089
425.360089
425.360089
425.360089
425.360089
425.360089
425.360089
425.360089
425.360089
388.329657
388.329657
388.329657
388.329657
388.329657
388.329657
388.329657
388.329657
388.329657
388.329657
388.329657
388.329657
388.329657
388.329657
388.329657
388.329657
388.329657
388.329657
388.329657
388.329657
354.921767
354.921767
354.921767
354.921767
354.921767
354.921767
354.921767
354.921767
354.921767
354.921767
354.921767
354.921767
354.921767
354.921767
354.921767
354.921767
354.921767
354.921767
354.921767
354.921767
324.490818
324.490818
324.490818
324.490818
324.490818
324.490818
324.490818
324.490818
324.490818
324.490818
324.490818
324.490818
324.490818
324.490818
324.490818
324.490818
324.490818
324.490818
324.490818
324.490818
296.549673
296.549673
296.549673
296.549673
296.549673
296.549673
296.549673
296.549673
296.549673
296.549673
296.549673
296.549673
296.549673
296.549673
296.549673
296.549673
296.549673
296.549673
296.549673
296.549673
270.721725
270.721725
270.721725
270.721725
270.721725
270.721725
270.721725
270.721725
270.721725
270.721725
270.721725
270.721725
270.721725
270.721725
270.721725
270.721725
270.721725
270.721725
270.721725
270.721725
246.709804
246.709804
246.709804
246.709804
246.709804
246.709804
246.709804
246.709804
246.709804
246.709804
246.709804
246.709804
246.709804
246.709804
246.709804
246.709804
246.709804
246.709804
246.709804
246.709804
224.275308
224.275308
224.275308
224.275308
224.275308
224.275308
224.275308
224.275308
224.275308
224.275308
224.275308
224.275308
224.275308
224.275308
224.275308
224.275308
224.275308
224.275308
224.275308
224.275308
203.223761
203.223761
203.223761
203.223761
203.223761
203.223761
203.223761
203.223761
203.223761
203.223761
203.223761
203.223761
203.223761
203.223761
203.223761
203.223761
203.223761
203.223761
203.223761
203.223761
183.394562
183.394562
183.394562
183.394562
183.394562
183.394562
183.394562
183.394562
183.394562
183.394562
183.394562
183.394562
183.394562
183.394562
183.394562
183.394562
183.394562
183.394562
183.394562
183.394562
164.653550
164.653550
164.653550
164.653550
164.653550
164.653550
164.653550
164.653550
164.653550
164.653550
164.653550
164.653550
164.653550
164.653550
164.653550
164.653550
164.653550
164.653550
164.653550
164.653550
146.887505
146.887505
146.887505
146.887505
146.887505
146.887505
146.887505
146.887505
146.887505
146.887505
146.887505
146.887505
146.887505
146.887505
146.887505
146.887505
146.887505
146.887505
146.887505
146.887505
130.000000
130.000000
130.000000
130.000000
130.000000
130.000000
130.000000
130.000000
130.000000
130.000000
130.000000
130.000000
130.000000
130.000000
130.000000
130.000000
130.000000
130.000000
130.000000
130.000000
1050.000000
1050.000000
1050.000000
1050.000000
1050.000000
1050.000000
1050.000000
1050.000000
1050.000000
1050.000000
1050.000000
1050.000000
1050.000000
1050.000000
1050.000000
1050.000000
1050.000000
1050.000000
1050.000000
1050.000000
884.502453
884.502453
884.502453
884.502453
884.502453
884.502453
884.502453
884.502453
884.502453
884.502453
884.502453
884.502453
884.502453
884.502453
884.502453
884.502453
884.502453
884.502453
884.502453
884.502453
770.366213
770.366213
770.366213
770.366213
770.366213
770.366213
770.366213
770.366213
770.366213
770.366213
770.366213
770.366213
770.366213
770.366213
770.366213
770.366213
770.366213
770.366213
770.366213
770.366213
683.262241
683.262241
683.262241
683.262241
683.262241
683.262241
683.262241
683.262241
683.262241
683.262241
683.262241
683.262241
683.262241
683.262241
683.262241
683.262241
683.262241
683.262241
683.262241
683.262241
612.837752
612.837752
612.837752
612.837752
612.837752
612.837752
612.837752
612.837752
612.837752
612.837752
612.837752
612.837752
612.837752
612.837752
612.837752
612.837752
612.837752
612.837752
612.837752
612.837752
553.731485
553.731485
553.731485
553.731485
553.731485
553.731485
553.731485
553.731485
553.731485
553.731485
553.731485
553.731485
553.731485
553.731485
553.731485
553.731485
553.731485
553.731485
553.731485
553.731485
502.809163
502.809163
502.809163
502.809163
502.809163
502.809163
502.809163
502.809163
502.809163
502.809163
502.809163
502.809163
502.809163
502.809163
502.809163
502.809163
502.809163
502.809163
502.809163
502.809163
458.080096
458.080096
458.080096
458.080096
458.080096
458.080096
458.080096
458.080096
458.080096
458.080096
458.080096
458.080096
458.080096
458.080096
458.080096
458.080096
458.080096
458.080096
458.080096
458.080096
418.201169
418.201169
418.201169
418.201169
418.201169
418.201169
418.201169
418.201169
418.201169
418.201169
418.201169
418.201169
418.201169
418.201169
418.201169
418.201169
418.201169
418.201169
418.201169
418.201169
382.223441
382.223441
382.223441
382.223441
382.223441
382.223441
382.223441
382.223441
382.223441
382.223441
382.223441
382.223441
382.223441
382.223441
382.223441
382.223441
382.223441
382.223441
382.223441
382.223441
349.451650
349.451650
349.451650
349.451650
349.451650
349.451650
349.451650
349.451650
349.451650
349.451650
349.451650
349.451650
349.451650
349.451650
349.451650
349.451650
349.451650
349.451650
349.451650
349.451650
319.361187
319.361187
319.361187
319.361187
319.361187
319.361187
319.361187
319.361187
319.361187
319.361187
319.361187
319.361187
319.361187
319.361187
319.361187
319.361187
319.361187
319.361187
319.361187
319.361187
291.546473
291.546473
291.546473
291.546473
291.546473
291.546473
291.546473
291.546473
291.546473
291.546473
291.546473
291.546473
291.546473
291.546473
291.546473
291.546473
291.546473
291.546473
291.546473
291.546473
265.687481
265.687481
265.687481
265.687481
265.687481
265.687481
265.687481
265.687481
265.687481
265.687481
265.687481
265.687481
265.687481
265.687481
265.687481
265.687481
265.687481
265.687481
265.687481
265.687481
241.527255
241.527255
241.527255
241.527255
241.527255
241.527255
241.527255
241.527255
241.527255
241.527255
241.527255
241.527255
241.527255
241.527255
241.527255
241.527255
241.527255
241.527255
241.527255
241.527255
218.856358
218.856358
218.856358
218.856358
218.856358
218.856358
218.856358
218.856358
218.856358
218.856358
218.856358
218.856358
218.856358
218.856358
218.856358
218.856358
218.856358
218.856358
218.856358
218.856358
197.501836
197.501836
197.501836
197.501836
197.501836
197.501836
197.501836
197.501836
197.501836
197.501836
197.501836
197.501836
197.501836
197.501836
197.501836
197.501836
197.501836
197.501836
197.501836
197.501836
177.319208
177.319208
177.319208
177.319208
177.319208
177.319208
177.319208
177.319208
177.319208
177.319208
177.319208
177.319208
177.319208
177.319208
177.319208
177.319208
177.319208
177.319208
177.319208
177.319208
158.186544
158.186544
158.186544
158.186544
158.186544
158.186544
158.186544
158.186544
158.186544
158.186544
158.186544
158.186544
158.186544
158.186544
158.186544
158.186544
158.186544
158.186544
158.186544
158.186544
140.000000
140.000000
140.000000
140.000000
140.000000
140.000000
140.000000
140.000000
140.000000
140.000000
140.000000
140.000000
140.000000
140.000000
140.000000
140.000000
140.000000
140.000000
140.000000
140.000000
1125.000000
1125.000000
1125.000000
1125.000000
1125.000000
1125.000000
1125.000000
1125.000000
1125.000000
1125.000000
1125.000000
1125.000000
1125.000000
1125.000000
1125.000000
1125.000000
1125.000000
1125.000000
1125.000000
1125.000000
947.681199
947.681199
947.681199
947.681199
947.681199
947.681199
947.681199
947.681199
947.681199
947.681199
947.681199
947.681199
947.681199
947.681199
947.681199
947.681199
947.681199
947.681199
947.681199
947.681199
825.392371
825.392371
825.392371
825.392371
825.392371
825.392371
825.392371
825.392371
825.392371
825.392371
825.392371
825.392371
825.392371
825.392371
825.392371
825.392371
825.392371
825.392371
825.392371
825.392371
732.066686
732.066686
732.066686
732.066686
732.066686
732.066686
732.066686
732.066686
732.066686
732.066686
732.066686
732.066686
732.066686
732.066686
732.066686
732.066686
732.066686
732.066686
732.066686
732.066686
656.611877
656.611877
656.611877
656.611877
656.611877
656.611877
656.611877
656.611877
656.611877
656.611877
656.611877
656.611877
656.611877
656.611877
656.611877
656.611877
656.611877
656.611877
656.611877
656.611877
593.283734
593.283734
593.283734
593.283734
593.283734
593.283734
593.283734
593.283734
593.283734
593.283734
593.283734
593.283734
593.283734
593.283734
593.283734
593.283734
593.283734
593.283734
593.283734
593.283734
538.724103
538.724103
538.724103
538.724103
538.724103
538.724103
538.724103
538.724103
538.724103
538.724103
538.724103
538.724103
538.724103
538.724103
538.724103
538.724103
538.724103
538.724103
538.724103
538.724103
490.800103
490.800103
490.800103
490.800103
490.800103
490.800103
490.800103
490.800103
490.800103
490.800103
490.800103
490.800103
490.800103
490.800103
490.800103
490.800103
490.800103
490.800103
490.800103
490.800103
448.072681
448.072681
448.072681
448.072681
448.072681
448.072681
448.072681
448.072681
448.072681
448.072681
448.072681
448.072681
448.072681
448.072681
448.072681
448.072681
448.072681
448.072681
448.072681
448.072681
409.525116
409.525116
409.525116
409.525116
409.525116
409.525116
409.525116
409.525116
409.525116
409.525116
409.525116
409.525116
409.525116
409.525116
409.525116
409.525116
409.525116
409.525116
409.525116
409.525116
374.412482
374.412482
374.412482
374.412482
374.412482
374.412482
374.412482
374.412482
374.412482
374.412482
374.412482
374.412482
374.412482
374.412482
374.412482
374.412482
374.412482
374.412482
374.412482
374.412482
342.172700
342.172700
342.172700
342.172700
342.172700
342.172700
342.172700
342.172700
342.172700
342.172700
342.172700
342.172700
342.172700
342.172700
342.172700
342.172700
342.172700
342.172700
342.172700
342.172700
312.371221
312.371221
312.371221
312.371221
312.371221
312.371221
312.371221
312.371221
312.371221
312.371221
312.371221
312.371221
312.371221
312.371221
312.371221
312.371221
312.371221
312.371221
312.371221
312.371221
284.665158
284.665158
284.665158
284.665158
284.665158
284.665158
284.665158
284.665158
284.665158
284.665158
284.665158
284.665158
284.665158
284.665158
284.665158
284.665158
284.665158
284.665158
284.665158
284.665158
258.779202
258.779202
258.779202
258.779202
258.779202
258.779202
258.779202
258.779202
258.779202
258.779202
258.779202
258.779202
258.779202
258.779202
258.779202
258.779202
258.779202
258.779202
258.779202
258.779202
234.488955
234.488955
234.488955
234.488955
234.488955
234.488955
234.488955
234.488955
234.488955
234.488955
234.488955
234.488955
234.488955
234.488955
234.488955
234.488955
234.488955
234.488955
234.488955
234.488955
211.609110
211.609110
211.609110
211.609110
211.609110
211.609110
211.609110
211.609110
211.609110
211.609110
211.609110
211.609110
211.609110
211.609110
211.609110
211.609110
211.609110
211.609110
211.609110
211.609110
189.984866
189.984866
189.984866
189.984866
189.984866
189.984866
189.984866
189.984866
189.984866
189.984866
189.984866
189.984866
189.984866
189.984866
189.984866
189.984866
189.984866
189.984866
189.984866
189.984866
169.485583
169.485583
169.485583
169.485583
169.485583
169.485583
169.485583
169.485583
169.485583
169.485583
169.485583
169.485583
169.485583
169.485583
169.485583
169.485583
169.485583
169.485583
169.485583
169.485583
150.000000
150.000000
150.000000
150.000000
150.000000
150.000000
150.000000
150.000000
150.000000
150.000000
150.000000
150.000000
150.000000
150.000000
150.000000
150.000000
150.000000
150.000000
150.000000
150.000000
1200.000000
1200.000000
1200.000000
1200.000000
1200.000000
1200.000000
1200.000000
1200.000000
1200.000000
1200.000000
1200.000000
1200.000000
1200.000000
1200.000000
1200.000000
1200.000000
1200.000000
1200.000000
1200.000000
1200.000000
1010.859946
1010.859946
1010.859946
1010.859946
1010.859946
1010.859946
1010.859946
1010.859946
1010.859946
1010.859946
1010.859946
1010.859946
1010.859946
1010.859946
1010.859946
1010.859946
1010.859946
1010.859946
1010.859946
1010.859946
880.418529
880.418529
880.418529
880.418529
880.418529
880.418529
880.418529
880.418529
880.418529
880.418529
880.418529
880.418529
880.418529
880.418529
880.418529
880.418529
880.418529
880.418529
880.418529
880.418529
780.871132
780.871132
780.871132
780.871132
780.871132
780.871132
780.871132
780.871132
780.871132
780.871132
780.871132
780.871132
780.871132
780.871132
780.871132
780.871132
780.871132
780.871132
780.871132
780.871132
700.386003
700.386003
700.386003
700.386003
700.386003
700.386003
700.386003
700.386003
700.386003
700.386003
700.386003
700.386003
700.386003
700.386003
700.386003
700.386003
700.386003
700.386003
700.386003
700.386003
632.835983
632.835983
632.835983
632.835983
632.835983
632.835983
632.835983
632.835983
632.835983
632.835983
632.835983
632.835983
632.835983
632.835983
632.835983
632.835983
632.835983
632.835983
632.835983
632.835983
574.639043
574.639043
574.639043
574.639043
574.639043
574.639043
574.639043
574.639043
574.639043
574.639043
574.639043
574.639043
574.639043
574.639043
574.639043
574.639043
574.639043
574.639043
574.639043
574.639043
523.520110
523.520110
523.520110
523.520110
523.520110
523.520110
523.520110
523.520110
523.520110
523.520110
523.520110
523.520110
523.520110
523.520110
523.520110
523.520110
523.520110
523.520110
523.520110
523.520110
477.944193
477.944193
477.944193
477.944193
477.944193
477.944193
477.944193
477.944193
477.944193
477.944193
477.944193
477.944193
477.944193
477.944193
477.944193
477.944193
477.944193
477.944193
477.944193
477.944193
436.826790
436.826790
436.826790
436.826790
436.826790
436.826790
436.826790
436.826790
436.826790
436.826790
436.826790
436.826790
436.826790
436.826790
436.826790
436.826790
436.826790
436.826790
436.826790
436.826790
399.373314
399.373314
399.373314
399.373314
399.373314
399.373314
399.373314
399.373314
399.373314
399.373314
399.373314
399.373314
399.373314
399.373314
399.373314
399.373314
399.373314
399.373314
399.373314
399.373314
364.984213
364.984213
364.984213
364.984213
364.984213
364.984213
364.984213
364.984213
364.984213
364.984213
364.984213
364.984213
364.984213
364.984213
364.984213
364.984213
364.984213
364.984213
364.984213
364.984213
333.195969
333.195969
333.195969
333.195969
333.195969
333.195969
333.195969
333.195969
333.195969
333.195969
333.195969
333.195969
333.195969
333.195969
333.195969
333.195969
333.195969
333.195969
333.195969
333.195969
303.642835
303.642835
303.642835
303.642835
303.642835
303.642835
303.642835
303.642835
303.642835
303.642835
303.642835
303.642835
303.642835
303.642835
303.642835
303.642835
303.642835
303.642835
303.642835
303.642835
276.031149
276.031149
276.031149
276.031149
276.031149
276.031149
276.031149
276.031149
276.031149
276.031149
276.031149
276.031149
276.031149
276.031149
276.031149
276.031149
276.031149
276.031149
276.031149
276.031149
250.121552
250.121552
250.121552
250.121552
250.121552
250.121552
250.121552
250.121552
250.121552
250.121552
250.121552
250.121552
250.121552
250.121552
250.121552
250.121552
250.121552
250.121552
250.121552
250.121552
225.716384
225.716384
225.716384
225.716384
225.716384
225.716384
225.716384
225.716384
225.716384
225.716384
225.716384
225.716384
225.716384
225.716384
225.716384
225.716384
225.716384
225.716384
225.716384
225.716384
202.650524
202.650524
202.650524
202.650524
202.650524
202.650524
202.650524
202.650524
202.650524
202.650524
202.650524
202.650524
202.650524
202.650524
202.650524
202.650524
202.650524
202.650524
202.650524
202.650524
180.784621
180.784621
180.784621
180.784621
180.784621
180.784621
180.784621
180.784621
180.784621
180.784621
180.784621
180.784621
180.784621
180.784621
180.784621
180.784621
180.784621
180.784621
180.784621
180.784621
160.000000
160.000000
160.000000
160.000000
160.000000
160.000000
160.000000
160.000000
160.000000
160.000000
160.000000
160.000000
160.000000
160.000000
160.000000
160.000000
160.000000
160.000000
160.000000
160.000000
1275.000000
1275.000000
1275.000000
1275.000000
1275.000000
1275.000000
1275.000000
1275.000000
1275.000000
1275.000000
1275.000000
1275.000000
1275.000000
1275.000000
1275.000000
1275.000000
1275.000000
1275.000000
1275.000000
1275.000000
1074.038692
1074.038692
1074.038692
1074.038692
1074.038692
1074.038692
1074.038692
1074.038692
1074.038692
1074.038692
1074.038692
1074.038692
1074.038692
1074.038692
1074.038692
1074.038692
1074.038692
1074.038692
1074.038692
1074.038692
935.444687
935.444687
935.444687
935.444687
935.444687
935.444687
935.444687
935.444687
935.444687
935.444687
935.444687
935.444687
935.444687
935.444687
935.444687
935.444687
935.444687
935.444687
935.444687
935.444687
829.675578
829.675578
829.675578
829.675578
829.675578
829.675578
829.675578
829.675578
829.675578
829.675578
829.675578
829.675578
829.675578
829.675578
829.675578
829.675578
829.675578
829.675578
829.675578
829.675578
744.160128
744.160128
744.160128
744.160128
744.160128
744.160128
744.160128
744.160128
744.160128
744.160128
744.160128
744.160128
744.160128
744.160128
744.160128
744.160128
744.160128
744.160128
744.160128
744.160128
672.388232
672.388232
672.388232
672.388232
672.388232
672.388232
672.388232
672.388232
672.388232
672.388232
672.388232
672.388232
672.388232
672.388232
672.388232
672.388232
672.388232
672.388232
672.388232
672.388232
610.553984
610.553984
610.553984
610.553984
610.553984
610.553984
610.553984
610.553984
610.553984
610.553984
610.553984
610.553984
610.553984
610.553984
610.553984
610.553984
610.553984
610.553984
610.553984
610.553984
556.240117
556.240117
556.240117
556.240117
556.240117
556.240117
556.240117
556.240117
556.240117
556.240117
556.240117
556.240117
556.240117
556.240117
556.240117
556.240117
556.240117
556.240117
556.240117
556.240117
507.815705
507.815705
507.815705
507.815705
507.815705
507.815705
507.815705
507.815705
507.815705
507.815705
507.815705
507.815705
507.815705
507.815705
507.815705
507.815705
507.815705
507.815705
507.815705
507.815705
464.128464
464.128464
464.128464
464.128464
464.128464
464.128464
464.128464
464.128464
464.128464
464.128464
464.128464
464.128464
464.128464
464.128464
464.128464
464.128464
464.128464
464.128464
464.128464
464.128464
424.334146
424.334146
424.334146
424.334146
424.334146
424.334146
424.334146
424.334146
424.334146
424.334146
424.334146
424.334146
424.334146
424.334146
424.334146
424.334146
424.334146
424.334146
424.334146
424.334146
387.795727
387.795727
387.795727
387.795727
387.795727
387.795727
387.795727
387.795727
387.795727
387.795727
387.795727
387.795727
387.795727
387.795727
387.795727
387.795727
387.795727
387.795727
387.795727
387.795727
354.020717
354.020717
354.020717
354.020717
354.020717
354.020717
354.020717
354.020717
354.020717
354.020717
354.020717
354.020717
354.020717
354.020717
354.020717
354.020717
354.020717
354.020717
354.020717
354.020717
322.620513
322.620513
322.620513
322.620513
322.620513
322.620513
322.620513
322.620513
322.620513
322.620513
322.620513
322.620513
322.620513
322.620513
322.620513
322.620513
322.620513
322.620513
322.620513
322.620513
293.283095
293.283095
293.283095
293.283095
293.283095
293.283095
293.283095
293.283095
293.283095
293.283095
293.283095
293.283095
293.283095
293.283095
293.283095
293.283095
293.283095
293.283095
293.283095
293.283095
265.754149
265.754149
265.754149
265.754149
265.754149
265.754149
265.754149
265.754149
265.754149
265.754149
265.754149
265.754149
265.754149
265.754149
265.754149
265.754149
265.754149
265.754149
265.754149
265.754149
239.823658
239.823658
239.823658
239.823658
239.823658
239.823658
239.823658
239.823658
239.823658
239.823658
239.823658
239.823658
239.823658
239.823658
239.823658
239.823658
239.823658
239.823658
239.823658
239.823658
215.316181
215.316181
215.316181
215.316181
215.316181
215.316181
215.316181
215.316181
215.316181
215.316181
215.316181
215.316181
215.316181
215.316181
215.316181
215.316181
215.316181
215.316181
215.316181
215.316181
192.083660
192.083660
192.083660
192.083660
192.083660
192.083660
192.083660
192.083660
192.083660
192.083660
192.083660
192.083660
192.083660
192.083660
192.083660
192.083660
192.083660
192.083660
192.083660
192.083660
170.000000
170.000000
170.000000
170.000000
170.000000
170.000000
170.000000
170.000000
170.000000
170.000000
170.000000
170.000000
170.000000
170.000000
170.000000
170.000000
170.000000
170.000000
170.000000
170.000000
1350.000000
1350.000000
1350.000000
1350.000000
1350.000000
1350.000000
1350.000000
1350.000000
1350.000000
1350.000000
1350.000000
1350.000000
1350.000000
1350.000000
1350.000000
1350.000000
1350.000000
1350.000000
1350.000000
1350.000000
1137.217439
1137.217439
1137.217439
1137.217439
1137.217439
1137.217439
1137.217439
1137.217439
1137.217439
1137.217439
1137.217439
1137.217439
1137.217439
1137.217439
1137.217439
1137.217439
1137.217439
1137.217439
1137.217439
1137.217439
990.470845
990.470845
990.470845
990.470845
990.470845
990.470845
990.470845
990.470845
990.470845
990.470845
990.470845
990.470845
990.470845
990.470845
990.470845
990.470845
990.470845
990.470845
990.470845
990.470845
878.480024
878.480024
878.480024
878.480024
878.480024
878.480024
878.480024
878.480024
878.480024
878.480024
878.480024
878.480024
878.480024
878.480024
878.480024
878.480024
878.480024
878.480024
878.480024
878.480024
787.934253
787.934253
787.934253
787.934253
787.934253
787.934253
787.934253
787.934253
787.934253
787.934253
787.934253
787.934253
787.934253
787.934253
787.934253
787.934253
787.934253
787.934253
787.934253
787.934253
711.940481
711.940481
711.940481
711.940481
711.940481
711.940481
711.940481
711.940481
711.940481
711.940481
711.940481
711.940481
711.940481
711.940481
711.940481
711.940481
711.940481
711.940481
711.940481
711.940481
646.468924
646.468924
646.468924
646.468924
646.468924
646.468924
646.468924
646.468924
646.468924
646.468924
646.468924
646.468924
646.468924
646.468924
646.468924
646.468924
646.468924
646.468924
646.468924
646.468924
588.960124
588.960124
588.960124
588.960124
588.960124
588.960124
588.960124
588.960124
588.960124
588.960124
588.960124
588.960124
588.960124
588.960124
588.960124
588.960124
588.960124
588.960124
588.960124
588.960124
537.687217
537.687217
537.687217
537.687217
537.687217
537.687217
537.687217
537.687217
537.687217
537.687217
537.687217
537.687217
537.687217
537.687217
537.687217
537.687217
537.687217
537.687217
537.687217
537.687217
491.430139
491.430139
491.430139
491.430139
491.430139
491.430139
491.430139
491.430139
491.430139
491.430139
491.430139
491.430139
491.430139
491.430139
491.430139
491.430139
491.430139
491.430139
491.430139
491.430139
449.294978
449.294978
449.294978
449.294978
449.294978
449.294978
449.294978
449.294978
449.294978
449.294978
449.294978
449.294978
449.294978
449.294978
449.294978
449.294978
449.294978
449.294978
449.294978
449.294978
410.607240
410.607240
410.607240
410.607240
410.607240
410.607240
410.607240
410.607240
410.607240
410.607240
410.607240
410.607240
410.607240
410.607240
410.607240
410.607240
410.607240
410.607240
410.607240
410.607240
374.845465
374.845465
374.845465
374.845465
374.845465
374.845465
374.845465
374.845465
374.845465
374.845465
374.845465
374.845465
374.845465
374.845465
374.845465
374.845465
374.845465
374.845465
374.845465
374.845465
341.598190
341.598190
341.598190
341.598190
341.598190
341.598190
341.598190
341.598190
341.598190
341.598190
341.598190
341.598190
341.598190
341.598190
341.598190
341.598190
341.598190
341.598190
341.598190
341.598190
310.535042
310.535042
310.535042
310.535042
310.535042
310.535042
310.535042
310.535042
310.535042
310.535042
310.535042
310.535042
310.535042
310.535042
310.535042
310.535042
310.535042
310.535042
310.535042
310.535042
281.386746
281.386746
281.386746
281.386746
281.386746
281.386746
281.386746
281.386746
281.386746
281.386746
281.386746
281.386746
281.386746
281.386746
281.386746
281.386746
281.386746
281.386746
281.386746
281.386746
253.930932
253.930932
253.930932
253.930932
253.930932
253.930932
253.930932
253.930932
253.930932
253.930932
253.930932
253.930932
253.930932
253.930932
253.930932
253.930932
253.930932
253.930932
253.930932
253.930932
227.981839
227.981839
227.981839
227.981839
227.981839
227.981839
227.981839
227.981839
227.981839
227.981839
227.981839
227.981839
227.981839
227.981839
227.981839
227.981839
227.981839
227.981839
227.981839
227.981839
203.382699
203.382699
203.382699
203.382699
203.382699
203.382699
203.382699
203.382699
203.382699
203.382699
203.382699
203.382699
203.382699
203.382699
203.382699
203.382699
203.382699
203.382699
203.382699
203.382699
180.000000
180.000000
180.000000
180.000000
180.000000
180.000000
180.000000
180.000000
180.000000
180.000000
180.000000
180.000000
180.000000
180.000000
180.000000
180.000000
180.000000
180.000000
180.000000
180.000000
1425.000000
1425.000000
1425.000000
1425.000000
1425.000000
1425.000000
1425.000000
1425.000000
1425.000000
1425.000000
1425.000000
1425.000000
1425.000000
1425.000000
1425.000000
1425.000000
1425.000000
1425.000000
1425.000000
1425.000000
1200.396186
1200.396186
1200.396186
1200.396186
1200.396186
1200.396186
1200.396186
1200.396186
1200.396186
1200.396186
1200.396186
1200.396186
1200.396186
1200.396186
1200.396186
1200.396186
1200.396186
1200.396186
1200.396186
1200.396186
1045.497003
1045.497003
1045.497003
1045.497003
1045.497003
1045.497003
1045.497003
1045.497003
1045.497003
1045.497003
1045.497003
1045.497003
1045.497003
1045.497003
1045.497003
1045.497003
1045.497003
1045.497003
1045.497003
1045.497003
927.284469
927.284469
927.284469
927.284469
927.284469
927.284469
927.284469
927.284469
927.284469
927.284469
927.284469
927.284469
927.284469
927.284469
927.284469
927.284469
927.284469
927.284469
927.284469
927.284469
831.708378
831.708378
831.708378
831.708378
831.708378
831.708378
831.708378
831.708378
831.708378
831.708378
831.708378
831.708378
831.708378
831.708378
831.708378
831.708378
831.708378
831.708378
831.708378
831.708378
751.492730
751.492730
751.492730
751.492730
751.492730
751.492730
751.492730
751.492730
751.492730
751.492730
751.492730
751.492730
751.492730
751.492730
751.492730
751.492730
751.492730
751.492730
751.492730
751.492730
682.383864
682.383864
682.383864
682.383864
682.383864
682.383864
682.383864
682.383864
682.383864
682.383864
682.383864
682.383864
682.383864
682.383864
682.383864
682.383864
682.383864
682.383864
682.383864
682.383864
621.680130
621.680130
621.680130
621.680130
621.680130
621.680130
621.680130
621.680130
621.680130
621.680130
621.680130
621.680130
621.680130
621.680130
621.680130
621.680130
621.680130
621.680130
621.680130
621.680130
567.558729
567.558729
567.558729
567.558729
567.558729
567.558729
567.558729
567.558729
567.558729
567.558729
567.558729
567.558729
567.558729
567.558729
567.558729
567.558729
567.558729
567.558729
567.558729
567.558729
518.731813
518.731813
518.731813
518.731813
518.731813
518.731813
518.731813
518.731813
518.731813
518.731813
518.731813
518.731813
518.731813
518.731813
518.731813
518.731813
518.731813
518.731813
518.731813
518.731813
474.255810
474.255810
474.255810
474.255810
474.255810
474.255810
474.255810
474.255810
474.255810
474.255810
474.255810
474.255810
474.255810
474.255810
474.255810
474.255810
474.255810
474.255810
474.255810
474.255810
433.418753
433.418753
433.418753
433.418753
433.418753
433.418753
433.418753
433.418753
433.418753
433.418753
433.418753
433.418753
433.418753
433.418753
433.418753
433.418753
433.418753
433.418753
433.418753
433.418753
395.670213
395.670213
395.670213
395.670213
395.670213
395.670213
395.670213
395.670213
395.670213
395.670213
395.670213
395.670213
395.670213
395.670213
395.670213
395.670213
395.670213
395.670213
395.670213
395.670213
360.575867
360.575867
360.575867
360.575867
360.575867
360.575867
360.575867
360.575867
360.575867
360.575867
360.575867
360.575867
360.575867
360.575867
360.575867
360.575867
360.575867
360.575867
360.575867
360.575867
327.786989
327.786989
327.786989
327.786989
327.786989
327.786989
327.786989
327.786989
327.786989
327.786989
327.786989
327.786989
327.786989
327.786989
327.786989
327.786989
327.786989
327.786989
327.786989
327.786989
297.019343
297.019343
297.019343
297.019343
297.019343
297.019343
297.019343
297.019343
297.019343
297.019343
297.019343
297.019343
297.019343
297.019343
297.019343
297.019343
297.019343
297.019343
297.019343
297.019343
268.038206
268.038206
268.038206
268.038206
268.038206
268.038206
268.038206
268.038206
268.038206
268.038206
268.038206
268.038206
268.038206
268.038206
268.038206
268.038206
268.038206
268.038206
268.038206
268.038206
240.647497
240.647497
240.647497
240.647497
240.647497
240.647497
240.647497
240.647497
240.647497
240.647497
240.647497
240.647497
240.647497
240.647497
240.647497
240.647497
240.647497
240.647497
240.647497
240.647497
214.681738
214.681738
214.681738
214.681738
214.681738
214.681738
214.681738
214.681738
214.681738
214.681738
214.681738
214.681738
214.681738
214.681738
214.681738
214.681738
214.681738
214.681738
214.681738
214.681738
190.000000
190.000000
190.000000
190.000000
190.000000
190.000000
190.000000
190.000000
190.000000
190.000000
190.000000
190.000000
190.000000
190.000000
190.000000
190.000000
190.000000
190.000000
190.000000
190.000000
