0.000000
0.000000
0.000000
0.000000
0.000000
0.000000
0.000000
0.000000
0.000000
0.000000
0.000000
0.000000
0.000000
0.000000
0.000000
0.000000
0.000000
0.000000
0.000000
0.000000
-0.000000
-0.000000
-0.000000
-0.000000
-0.000000
-0.000000
-0.000000
-0.000000
-0.000000
-0.000000
-0.000000
-0.000000
-0.000000
-0.000000
-0.000000
-0.000000
-0.000000
-0.000000
-0.000000
-0.000000
-0.000000
-0.000000
-0.000000
-0.000000
-0.000000
-0.000000
-0.000000
-0.000000
-0.000000
-0.000000
-0.000000
-0.000000
-0.000000
-0.000000
-0.000000
-0.000000
-0.000000
-0.000000
-0.000000
-0.000000
-0.000000
-0.000000
-0.000000
-0.000000
-0.000000
-0.000000
-0.000000
-0.000000
-0.000000
-0.000000
-0.000000
-0.000000
-0.000000
-0.000000
-0.000000
-0.000000
-0.000000
-0.000000
-0.000000
-0.000000
-0.000000
-0.000000
-0.000000
-0.000000
-0.000000
-0.000000
-0.000000
-0.000000
-0.000000
-0.000000
-0.000000
-0.000000
-0.000000
-0.000000
-0.000000
-0.000000
-0.000000
-0.000000
-0.000000
-0.000000
-0.000000
-0.000000
-0.000000
-0.000000
-0.000000
-0.000000
-0.000000
-0.000000
-0.000000
-0.000000
-0.000000
-0.000000
-0.000000
-0.000000
-0.000000
-0.000000
-0.000000
-0.000000
-0.000000
-0.000000
-0.000000
-0.000000
-0.000000
-0.000000
-0.000000
-0.000000
-0.000000
-0.000000
-0.000000
-0.000000
-0.000000
-0.000000
-0.000000
-0.000000
-0.000000
-0.000000
-0.000000
-0.000000
-0.000000
-0.000000
-0.000000
-0.000000
-0.000000
-0.000000
-0.000000
-0.000000
-0.000000
-0.000000
-0.000000
-0.000000
-0.000000
-0.000000
-0.000000
-0.000000
-0.000000
-0.000000
-0.000000
-0.000000
-0.000000
-0.000000
-0.000000
-0.000000
-0.000000
-0.000000
-0.000000
-0.000000
-0.000000
-0.000000
-0.000000
-0.000000
-0.000000
-0.000000
-0.000000
-0.000000
-0.000000
-0.000000
-0.000000
-0.000000
-0.000000
-0.000000
-0.000000
-0.000000
-0.000000
-0.000000
-0.000000
-0.000000
-0.000000
-0.000000
-0.000000
-0.000000
-0.000000
-0.000000
-0.000000
-0.000000
-0.000000
-0.000000
-0.000000
-0.000000
-0.000000
-0.000000
-0.000000
-0.000000
-0.000000
-0.000000
-0.000000
-0.000000
-0.000000
-0.000000
-0.000000
-0.000000
-0.000000
-0.000000
-0.000000
-0.000000
-0.000000
-0.000000
-0.000000
-0.000000
-0.000000
-0.000000
-0.000000
-0.000000
-0.000000
-0.000000
-0.000000
-0.000000
-0.000000
-0.000000
-0.000000
-0.000000
-0.000000
-0.000000
-0.000000
-0.000000
-0.000000
-0.000000
-0.000000
-0.000000
-0.000000
-0.000000
-0.000000
-0.000000
-0.000000
-0.000000
-0.000000
-0.000000
-0.000000
-0.000000
-0.000000
-0.000000
-0.000000
-0.000000
-0.000000
-0.000000
-0.000000
-0.000000
-0.000000
-0.000000
-0.000000
-0.000000
-0.000000
-0.000000
-0.000000
-0.000000
-0.000000
-0.000000
-0.000000
-0.000000
-0.000000
-0.000000
-0.000000
-0.000000
-0.000000
-0.000000
-0.000000
-0.000000
-0.000000
-0.000000
-0.000000
-0.000000
-0.000000
-0.000000
-0.000000
-0.000000
-0.000000
-0.000000
-0.000000
-0.000000
-0.000000
-0.000000
-0.000000
-0.000000
-0.000000
-0.000000
-0.000000
-0.000000
-0.000000
-0.000000
-0.000000
-0.000000
-0.000000
-0.000000
-0.000000
-0.000000
-0.000000
-0.000000
-0.000000
-0.000000
-0.000000
-0.000000
-0.000000
-0.000000
-0.000000
-0.000000
-0.000000
-0.000000
-0.000000
-0.000000
-0.000000
-0.000000
-0.000000
-0.000000
-0.000000
-0.000000
-0.000000
-0.000000
-0.000000
-0.000000
-0.000000
-0.000000
-0.000000
-0.000000
-0.000000
-0.000000
-0.000000
-0.000000
-0.000000
-0.000000
-0.000000
-0.000000
-0.000000
-0.000000
-0.000000
-0.000000
-0.000000
-0.000000
-0.000000
-0.000000
-0.000000
-0.000000
-0.000000
-0.000000
-0.000000
-0.000000
-0.000000
-0.000000
-0.000000
-0.000000
-0.000000
-0.000000
-0.000000
-0.000000
-0.000000
-0.000000
-0.000000
-0.000000
-0.000000
-0.000000
-0.000000
-0.000000
-0.000000
-0.000000
-0.000000
-0.000000
-0.000000
-0.000000
-0.000000
-0.000000
-0.000000
-0.000000
0.000000
0.000000
0.000000
0.000000
0.000000
0.000000
0.000000
0.000000
0.000000
0.000000
0.000000
0.000000
0.000000
0.000000
0.000000
0.000000
0.000000
0.000000
0.000000
0.000000
300.000000
300.000000
300.000000
300.000000
300.000000
300.000000
300.000000
300.000000
300.000000
300.000000
300.000000
300.000000
300.000000
300.000000
300.000000
300.000000
300.000000
300.000000
300.000000
300.000000
252.714986
252.714986
252.714986
252.714986
252.714986
252.714986
252.714986
252.714986
252.714986
252.714986
252.714986
252.714986
252.714986
252.714986
252.714986
252.714986
252.714986
252.714986
252.714986
252.714986
220.104632
220.104632
220.104632
220.104632
220.104632
220.104632
220.104632
220.104632
220.104632
220.104632
220.104632
220.104632
220.104632
220.104632
220.104632
220.104632
220.104632
220.104632
220.104632
220.104632
195.217783
195.217783
195.217783
195.217783
195.217783
195.217783
195.217783
195.217783
195.217783
195.217783
195.217783
195.217783
195.217783
195.217783
195.217783
195.217783
195.217783
195.217783
195.217783
195.217783
175.096501
175.096501
175.096501
175.096501
175.096501
175.096501
175.096501
175.096501
175.096501
175.096501
175.096501
175.096501
175.096501
175.096501
175.096501
175.096501
175.096501
175.096501
175.096501
175.096501
158.208996
158.208996
158.208996
158.208996
158.208996
158.208996
158.208996
158.208996
158.208996
158.208996
158.208996
158.208996
158.208996
158.208996
158.208996
158.208996
158.208996
158.208996
158.208996
158.208996
143.659761
143.659761
143.659761
143.659761
143.659761
143.659761
143.659761
143.659761
143.659761
143.659761
143.659761
143.659761
143.659761
143.659761
143.659761
143.659761
143.659761
143.659761
143.659761
143.659761
130.880027
130.880027
130.880027
130.880027
130.880027
130.880027
130.880027
130.880027
130.880027
130.880027
130.880027
130.880027
130.880027
130.880027
130.880027
130.880027
130.880027
130.880027
130.880027
130.880027
119.486048
119.486048
119.486048
119.486048
119.486048
119.486048
119.486048
119.486048
119.486048
119.486048
119.486048
119.486048
119.486048
119.486048
119.486048
119.486048
119.486048
119.486048
119.486048
119.486048
109.206698
109.206698
109.206698
109.206698
109.206698
109.206698
109.206698
109.206698
109.206698
109.206698
109.206698
109.206698
109.206698
109.206698
109.206698
109.206698
109.206698
109.206698
109.206698
109.206698
99.843329
99.843329
99.843329
99.843329
99.843329
99.843329
99.843329
99.843329
99.843329
99.843329
99.843329
99.843329
99.843329
99.843329
99.843329
99.843329
99.843329
99.843329
99.843329
99.843329
91.246053
91.246053
91.246053
91.246053
91.246053
91.246053
91.246053
91.246053
91.246053
91.246053
91.246053
91.246053
91.246053
91.246053
91.246053
91.246053
91.246053
91.246053
91.246053
91.246053
83.298992
83.298992
83.298992
83.298992
83.298992
83.298992
83.298992
83.298992
83.298992
83.298992
83.298992
83.298992
83.298992
83.298992
83.298992
83.298992
83.298992
83.298992
83.298992
83.298992
75.910709
75.910709
75.910709
75.910709
75.910709
75.910709
75.910709
75.910709
75.910709
75.910709
75.910709
75.910709
75.910709
75.910709
75.910709
75.910709
75.910709
75.910709
75.910709
75.910709
69.007787
69.007787
69.007787
69.007787
69.007787
69.007787
69.007787
69.007787
69.007787
69.007787
69.007787
69.007787
69.007787
69.007787
69.007787
69.007787
69.007787
69.007787
69.007787
69.007787
62.530388
62.530388
62.530388
62.530388
62.530388
62.530388
62.530388
62.530388
62.530388
62.530388
62.530388
62.530388
62.530388
62.530388
62.530388
62.530388
62.530388
62.530388
62.530388
62.530388
56.429096
56.429096
56.429096
56.429096
56.429096
56.429096
56.429096
56.429096
56.429096
56.429096
56.429096
56.429096
56.429096
56.429096
56.429096
56.429096
56.429096
56.429096
56.429096
56.429096
50.662631
50.662631
50.662631
50.662631
50.662631
50.662631
50.662631
50.662631
50.662631
50.662631
50.662631
50.662631
50.662631
50.662631
50.662631
50.662631
50.662631
50.662631
50.662631
50.662631
45.196155
45.196155
45.196155
45.196155
45.196155
45.196155
45.196155
45.196155
45.196155
45.196155
45.196155
45.196155
45.196155
45.196155
45.196155
45.196155
45.196155
45.196155
45.196155
45.196155
40.000000
40.000000
40.000000
40.000000
40.000000
40.000000
40.000000
40.000000
40.000000
40.000000
40.000000
40.000000
40.000000
40.000000
40.000000
40.000000
40.000000
40.000000
40.000000
40.000000
600.000000
600.000000
600.000000
600.000000
600.000000
600.000000
600.000000
600.000000
600.000000
600.000000
600.000000
600.000000
600.000000
600.000000
600.000000
600.000000
600.000000
600.000000
600.000000
600.000000
505.429973
505.429973
505.429973
505.429973
505.429973
505.429973
505.429973
505.429973
505.429973
505.429973
505.429973
505.429973
505.429973
505.429973
505.429973
505.429973
505.429973
505.429973
505.429973
505.429973
440.209265
440.209265
440.209265
440.209265
440.209265
440.209265
440.209265
440.209265
440.209265
440.209265
440.209265
440.209265
440.209265
440.209265
440.209265
440.209265
440.209265
440.209265
440.209265
440.209265
390.435566
390.435566
390.435566
390.435566
390.435566
390.435566
390.435566
390.435566
390.435566
390.435566
390.435566
390.435566
390.435566
390.435566
390.435566
390.435566
390.435566
390.435566
390.435566
390.435566
350.193001
350.193001
350.193001
350.193001
350.193001
350.193001
350.193001
350.193001
350.193001
350.193001
350.193001
350.193001
350.193001
350.193001
350.193001
350.193001
350.193001
350.193001
350.193001
350.193001
316.417992
316.417992
316.417992
316.417992
316.417992
316.417992
316.417992
316.417992
316.417992
316.417992
316.417992
316.417992
316.417992
316.417992
316.417992
316.417992
316.417992
316.417992
316.417992
316.417992
287.319522
287.319522
287.319522
287.319522
287.319522
287.319522
287.319522
287.319522
287.319522
287.319522
287.319522
287.319522
287.319522
287.319522
287.319522
287.319522
287.319522
287.319522
287.319522
287.319522
261.760055
261.760055
261.760055
261.760055
261.760055
261.760055
261.760055
261.760055
261.760055
261.760055
261.760055
261.760055
261.760055
261.760055
261.760055
261.760055
261.760055
261.760055
261.760055
261.760055
238.972097
238.972097
238.972097
238.972097
238.972097
238.972097
238.972097
238.972097
238.972097
238.972097
238.972097
238.972097
238.972097
238.972097
238.972097
238.972097
238.972097
238.972097
238.972097
238.972097
218.413395
218.413395
218.413395
218.413395
218.413395
218.413395
218.413395
218.413395
218.413395
218.413395
218.413395
218.413395
218.413395
218.413395
218.413395
218.413395
218.413395
218.413395
218.413395
218.413395
199.686657
199.686657
199.686657
199.686657
199.686657
199.686657
199.686657
199.686657
199.686657
199.686657
199.686657
199.686657
199.686657
199.686657
199.686657
199.686657
199.686657
199.686657
199.686657
199.686657
182.492107
182.492107
182.492107
182.492107
182.492107
182.492107
182.492107
182.492107
182.492107
182.492107
182.492107
182.492107
182.492107
182.492107
182.492107
182.492107
182.492107
182.492107
182.492107
182.492107
166.597984
166.597984
166.597984
166.597984
166.597984
166.597984
166.597984
166.597984
166.597984
166.597984
166.597984
166.597984
166.597984
166.597984
166.597984
166.597984
166.597984
166.597984
166.597984
166.597984
151.821418
151.821418
151.821418
151.821418
151.821418
151.821418
151.821418
151.821418
151.821418
151.821418
151.821418
151.821418
151.821418
151.821418
151.821418
151.821418
151.821418
151.821418
151.821418
151.821418
138.015574
138.015574
138.015574
138.015574
138.015574
138.015574
138.015574
138.015574
138.015574
138.015574
138.015574
138.015574
138.015574
138.015574
138.015574
138.015574
138.015574
138.015574
138.015574
138.015574
125.060776
125.060776
125.060776
125.060776
125.060776
125.060776
125.060776
125.060776
125.060776
125.060776
125.060776
125.060776
125.060776
125.060776
125.060776
125.060776
125.060776
125.060776
125.060776
125.060776
112.858192
112.858192
112.858192
112.858192
112.858192
112.858192
112.858192
112.858192
112.858192
112.858192
112.858192
112.858192
112.858192
112.858192
112.858192
112.858192
112.858192
112.858192
112.858192
112.858192
101.325262
101.325262
101.325262
101.325262
101.325262
101.325262
101.325262
101.325262
101.325262
101.325262
101.325262
101.325262
101.325262
101.325262
101.325262
101.325262
101.325262
101.325262
101.325262
101.325262
90.392311
90.392311
90.392311
90.392311
90.392311
90.392311
90.392311
90.392311
90.392311
90.392311
90.392311
90.392311
90.392311
90.392311
90.392311
90.392311
90.392311
90.392311
90.392311
90.392311
80.000000
80.000000
80.000000
80.000000
80.000000
80.000000
80.000000
80.000000
80.000000
80.000000
80.000000
80.000000
80.000000
80.000000
80.000000
80.000000
80.000000
80.000000
80.000000
80.000000
900.000000
900.000000
900.000000
900.000000
900.000000
900.000000
900.000000
900.000000
900.000000
900.000000
900.000000
900.000000
900.000000
900.000000
900.000000
900.000000
900.000000
900.000000
900.000000
900.000000
758.144959
758.144959
758.144959
758.144959
758.144959
758.144959
758.144959
758.144959
758.144959
758.144959
758.144959
758.144959
758.144959
758.144959
758.144959
758.144959
758.144959
758.144959
758.144959
758.144959
660.313897
660.313897
660.313897
660.313897
660.313897
660.313897
660.313897
660.313897
660.313897
660.313897
660.313897
660.313897
660.313897
660.313897
660.313897
660.313897
660.313897
660.313897
660.313897
660.313897
585.653349
585.653349
585.653349
585.653349
585.653349
585.653349
585.653349
585.653349
585.653349
585.653349
585.653349
585.653349
585.653349
585.653349
585.653349
585.653349
585.653349
585.653349
585.653349
585.653349
525.289502
525.289502
525.289502
525.289502
525.289502
525.289502
525.289502
525.289502
525.289502
525.289502
525.289502
525.289502
525.289502
525.289502
525.289502
525.289502
525.289502
525.289502
525.289502
525.289502
474.626987
474.626987
474.626987
474.626987
474.626987
474.626987
474.626987
474.626987
474.626987
474.626987
474.626987
474.626987
474.626987
474.626987
474.626987
474.626987
474.626987
474.626987
474.626987
474.626987
430.979283
430.979283
430.979283
430.979283
430.979283
430.979283
430.979283
430.979283
430.979283
430.979283
430.979283
430.979283
430.979283
430.979283
430.979283
430.979283
430.979283
430.979283
430.979283
430.979283
392.640082
392.640082
392.640082
392.640082
392.640082
392.640082
392.640082
392.640082
392.640082
392.640082
392.640082
392.640082
392.640082
392.640082
392.640082
392.640082
392.640082
392.640082
392.640082
392.640082
358.458145
358.458145
358.458145
358.458145
358.458145
358.458145
358.458145
358.458145
358.458145
358.458145
358.458145
358.458145
358.458145
358.458145
358.458145
358.458145
358.458145
358.458145
358.458145
358.458145
327.620093
327.620093
327.620093
327.620093
327.620093
327.620093
327.620093
327.620093
327.620093
327.620093
327.620093
327.620093
327.620093
327.620093
327.620093
327.620093
327.620093
327.620093
327.620093
327.620093
299.529986
299.529986
299.529986
299.529986
299.529986
299.529986
299.529986
299.529986
299.529986
299.529986
299.529986
299.529986
299.529986
299.529986
299.529986
299.529986
299.529986
299.529986
299.529986
299.529986
273.738160
273.738160
273.738160
273.738160
273.738160
273.738160
273.738160
273.738160
273.738160
273.738160
273.738160
273.738160
273.738160
273.738160
273.738160
273.738160
273.738160
273.738160
273.738160
273.738160
249.896977
249.896977
249.896977
249.896977
249.896977
249.896977
249.896977
249.896977
249.896977
249.896977
249.896977
249.896977
249.896977
249.896977
249.896977
249.896977
249.896977
249.896977
249.896977
249.896977
227.732127
227.732127
227.732127
227.732127
227.732127
227.732127
227.732127
227.732127
227.732127
227.732127
227.732127
227.732127
227.732127
227.732127
227.732127
227.732127
227.732127
227.732127
227.732127
227.732127
207.023361
207.023361
207.023361
207.023361
207.023361
207.023361
207.023361
207.023361
207.023361
207.023361
207.023361
207.023361
207.023361
207.023361
207.023361
207.023361
207.023361
207.023361
207.023361
207.023361
187.591164
187.591164
187.591164
187.591164
187.591164
187.591164
187.591164
187.591164
187.591164
187.591164
187.591164
187.591164
187.591164
187.591164
187.591164
187.591164
187.591164
187.591164
187.591164
187.591164
169.287288
169.287288
169.287288
169.287288
169.287288
169.287288
169.287288
169.287288
169.287288
169.287288
169.287288
169.287288
169.287288
169.287288
169.287288
169.287288
169.287288
169.287288
169.287288
169.287288
151.987893
151.987893
151.987893
151.987893
151.987893
151.987893
151.987893
151.987893
151.987893
151.987893
151.987893
151.987893
151.987893
151.987893
151.987893
151.987893
151.987893
151.987893
151.987893
151.987893
135.588466
135.588466
135.588466
135.588466
135.588466
135.588466
135.588466
135.588466
135.588466
135.588466
135.588466
135.588466
135.588466
135.588466
135.588466
135.588466
135.588466
135.588466
135.588466
135.588466
120.000000
120.000000
120.000000
120.000000
120.000000
120.000000
120.000000
120.000000
120.000000
120.000000
120.000000
120.000000
120.000000
120.000000
120.000000
120.000000
120.000000
120.000000
120.000000
120.000000
1200.000000
1200.000000
1200.000000
1200.000000
1200.000000
1200.000000
1200.000000
1200.000000
1200.000000
1200.000000
1200.000000
1200.000000
1200.000000
1200.000000
1200.000000
1200.000000
1200.000000
1200.000000
1200.000000
1200.000000
1010.859946
1010.859946
1010.859946
1010.859946
1010.859946
1010.859946
1010.859946
1010.859946
1010.859946
1010.859946
1010.859946
1010.859946
1010.859946
1010.859946
1010.859946
1010.859946
1010.859946
1010.859946
1010.859946
1010.859946
880.418529
880.418529
880.418529
880.418529
880.418529
880.418529
880.418529
880.418529
880.418529
880.418529
880.418529
880.418529
880.418529
880.418529
880.418529
880.418529
880.418529
880.418529
880.418529
880.418529
780.871132
780.871132
780.871132
780.871132
780.871132
780.871132
780.871132
780.871132
780.871132
780.871132
780.871132
780.871132
780.871132
780.871132
780.871132
780.871132
780.871132
780.871132
780.871132
780.871132
700.386003
700.386003
700.386003
700.386003
700.386003
700.386003
700.386003
700.386003
700.386003
700.386003
700.386003
700.386003
700.386003
700.386003
700.386003
700.386003
700.386003
700.386003
700.386003
700.386003
632.835983
632.835983
632.835983
632.835983
632.835983
632.835983
632.835983
632.835983
632.835983
632.835983
632.835983
632.835983
632.835983
632.835983
632.835983
632.835983
632.835983
632.835983
632.835983
632.835983
574.639043
574.639043
574.639043
574.639043
574.639043
574.639043
574.639043
574.639043
574.639043
574.639043
574.639043
574.639043
574.639043
574.639043
574.639043
574.639043
574.639043
574.639043
574.639043
574.639043
523.520110
523.520110
523.520110
523.520110
523.520110
523.520110
523.520110
523.520110
523.520110
523.520110
523.520110
523.520110
523.520110
523.520110
523.520110
523.520110
523.520110
523.520110
523.520110
523.520110
477.944193
477.944193
477.944193
477.944193
477.944193
477.944193
477.944193
477.944193
477.944193
477.944193
477.944193
477.944193
477.944193
477.944193
477.944193
477.944193
477.944193
477.944193
477.944193
477.944193
436.826790
436.826790
436.826790
436.826790
436.826790
436.826790
436.826790
436.826790
436.826790
436.826790
436.826790
436.826790
436.826790
436.826790
436.826790
436.826790
436.826790
436.826790
436.826790
436.826790
399.373314
399.373314
399.373314
399.373314
399.373314
399.373314
399.373314
399.373314
399.373314
399.373314
399.373314
399.373314
399.373314
399.373314
399.373314
399.373314
399.373314
399.373314
399.373314
399.373314
364.984213
364.984213
364.984213
364.984213
364.984213
364.984213
364.984213
364.984213
364.984213
364.984213
364.984213
364.984213
364.984213
364.984213
364.984213
364.984213
364.984213
364.984213
364.984213
364.984213
333.195969
333.195969
333.195969
333.195969
333.195969
333.195969
333.195969
333.195969
333.195969
333.195969
333.195969
333.195969
333.195969
333.195969
333.195969
333.195969
333.195969
333.195969
333.195969
333.195969
303.642835
303.642835
303.642835
303.642835
303.642835
303.642835
303.642835
303.642835
303.642835
303.642835
303.642835
303.642835
303.642835
303.642835
303.642835
303.642835
303.642835
303.642835
303.642835
303.642835
276.031149
276.031149
276.031149
276.031149
276.031149
276.031149
276.031149
276.031149
276.031149
276.031149
276.031149
276.031149
276.031149
276.031149
276.031149
276.031149
276.031149
276.031149
276.031149
276.031149
250.121552
250.121552
250.121552
250.121552
250.121552
250.121552
250.121552
250.121552
250.121552
250.121552
250.121552
250.121552
250.121552
250.121552
250.121552
250.121552
250.121552
250.121552
250.121552
250.121552
225.716384
225.716384
225.716384
225.716384
225.716384
225.716384
225.716384
225.716384
225.716384
225.716384
225.716384
225.716384
225.716384
225.716384
225.716384
225.716384
225.716384
225.716384
225.716384
225.716384
202.650524
202.650524
202.650524
202.650524
202.650524
202.650524
202.650524
202.650524
202.650524
202.650524
202.650524
202.650524
202.650524
202.650524
202.650524
202.650524
202.650524
202.650524
202.650524
202.650524
180.784621
180.784621
180.784621
180.784621
180.784621
180.784621
180.784621
180.784621
180.784621
180.784621
180.784621
180.784621
180.784621
180.784621
180.784621
180.784621
180.784621
180.784621
180.784621
180.784621
160.000000
160.000000
160.000000
160.000000
160.000000
160.000000
160.000000
160.000000
160.000000
160.000000
160.000000
160.000000
160.000000
160.000000
160.000000
160.000000
160.000000
160.000000
160.000000
160.000000
