0.000000
0.000000
0.000000
0.000000
0.000000
0.000000
0.000000
0.000000
0.000000
0.000000
0.000000
0.000000
0.000000
0.000000
0.000000
0.000000
0.000000
0.000000
0.000000
0.000000
-0.000000
-0.000000
-0.000000
-0.000000
-0.000000
-0.000000
-0.000000
-0.000000
-0.000000
-0.000000
-0.000000
-0.000000
-0.000000
-0.000000
-0.000000
-0.000000
-0.000000
-0.000000
-0.000000
-0.000000
-0.000000
-0.000000
-0.000000
-0.000000
-0.000000
-0.000000
-0.000000
-0.000000
-0.000000
-0.000000
-0.000000
-0.000000
-0.000000
-0.000000
-0.000000
-0.000000
-0.000000
-0.000000
-0.000000
-0.000000
-0.000000
-0.000000
-0.000000
-0.000000
-0.000000
-0.000000
-0.000000
-0.000000
-0.000000
-0.000000
-0.000000
-0.000000
-0.000000
-0.000000
-0.000000
-0.000000
-0.000000
-0.000000
-0.000000
-0.000000
-0.000000
-0.000000
-0.000000
-0.000000
-0.000000
-0.000000
-0.000000
-0.000000
-0.000000
-0.000000
-0.000000
-0.000000
-0.000000
-0.000000
-0.000000
-0.000000
-0.000000
-0.000000
-0.000000
-0.000000
-0.000000
-0.000000
-0.000000
-0.000000
-0.000000
-0.000000
-0.000000
-0.000000
-0.000000
-0.000000
-0.000000
-0.000000
-0.000000
-0.000000
-0.000000
-0.000000
-0.000000
-0.000000
-0.000000
-0.000000
-0.000000
-0.000000
-0.000000
-0.000000
-0.000000
-0.000000
-0.000000
-0.000000
-0.000000
-0.000000
-0.000000
-0.000000
-0.000000
-0.000000
-0.000000
-0.000000
-0.000000
-0.000000
-0.000000
-0.000000
-0.000000
-0.000000
-0.000000
-0.000000
-0.000000
-0.000000
-0.000000
-0.000000
-0.000000
-0.000000
-0.000000
-0.000000
-0.000000
-0.000000
-0.000000
-0.000000
-0.000000
-0.000000
-0.000000
-0.000000
-0.000000
-0.000000
-0.000000
-0.000000
-0.000000
-0.000000
-0.000000
-0.000000
-0.000000
-0.000000
-0.000000
-0.000000
-0.000000
-0.000000
-0.000000
-0.000000
-0.000000
-0.000000
-0.000000
-0.000000
-0.000000
-0.000000
-0.000000
-0.000000
-0.000000
-0.000000
-0.000000
-0.000000
-0.000000
-0.000000
-0.000000
-0.000000
-0.000000
-0.000000
-0.000000
-0.000000
-0.000000
-0.000000
-0.000000
-0.000000
-0.000000
-0.000000
-0.000000
-0.000000
-0.000000
-0.000000
-0.000000
-0.000000
-0.000000
-0.000000
-0.000000
-0.000000
-0.000000
-0.000000
-0.000000
-0.000000
-0.000000
-0.000000
-0.000000
-0.000000
-0.000000
-0.000000
-0.000000
-0.000000
-0.000000
-0.000000
-0.000000
-0.000000
-0.000000
-0.000000
-0.000000
-0.000000
-0.000000
-0.000000
-0.000000
-0.000000
-0.000000
-0.000000
-0.000000
-0.000000
-0.000000
-0.000000
-0.000000
-0.000000
-0.000000
-0.000000
-0.000000
-0.000000
-0.000000
-0.000000
-0.000000
-0.000000
-0.000000
-0.000000
-0.000000
-0.000000
-0.000000
-0.000000
-0.000000
-0.000000
-0.000000
-0.000000
-0.000000
-0.000000
-0.000000
-0.000000
-0.000000
-0.000000
-0.000000
-0.000000
-0.000000
-0.000000
-0.000000
-0.000000
-0.000000
-0.000000
-0.000000
-0.000000
-0.000000
-0.000000
-0.000000
-0.000000
-0.000000
-0.000000
-0.000000
-0.000000
-0.000000
-0.000000
-0.000000
-0.000000
-0.000000
-0.000000
-0.000000
-0.000000
-0.000000
-0.000000
-0.000000
-0.000000
-0.000000
-0.000000
-0.000000
-0.000000
-0.000000
-0.000000
-0.000000
-0.000000
-0.000000
-0.000000
-0.000000
-0.000000
-0.000000
-0.000000
-0.000000
-0.000000
-0.000000
-0.000000
-0.000000
-0.000000
-0.000000
-0.000000
-0.000000
-0.000000
-0.000000
-0.000000
-0.000000
-0.000000
-0.000000
-0.000000
-0.000000
-0.000000
-0.000000
-0.000000
-0.000000
-0.000000
-0.000000
-0.000000
-0.000000
-0.000000
-0.000000
-0.000000
-0.000000
-0.000000
-0.000000
-0.000000
-0.000000
-0.000000
-0.000000
-0.000000
-0.000000
-0.000000
-0.000000
-0.000000
-0.000000
-0.000000
-0.000000
-0.000000
-0.000000
-0.000000
-0.000000
-0.000000
-0.000000
-0.000000
-0.000000
-0.000000
-0.000000
-0.000000
-0.000000
-0.000000
-0.000000
-0.000000
-0.000000
-0.000000
-0.000000
-0.000000
-0.000000
-0.000000
-0.000000
-0.000000
-0.000000
-0.000000
0.000000
0.000000
0.000000
0.000000
0.000000
0.000000
0.000000
0.000000
0.000000
0.000000
0.000000
0.000000
0.000000
0.000000
0.000000
0.000000
0.000000
0.000000
0.000000
0.000000
150.000000
150.000000
150.000000
150.000000
150.000000
150.000000
150.000000
150.000000
150.000000
150.000000
150.000000
150.000000
150.000000
150.000000
150.000000
150.000000
150.000000
150.000000
150.000000
150.000000
125.697685
125.697685
125.697685
125.697685
125.697685
125.697685
125.697685
125.697685
125.697685
125.697685
125.697685
125.697685
125.697685
125.697685
125.697685
125.697685
125.697685
125.697685
125.697685
125.697685
109.206828
109.206828
109.206828
109.206828
109.206828
109.206828
109.206828
109.206828
109.206828
109.206828
109.206828
109.206828
109.206828
109.206828
109.206828
109.206828
109.206828
109.206828
109.206828
109.206828
96.727260
96.727260
96.727260
96.727260
96.727260
96.727260
96.727260
96.727260
96.727260
96.727260
96.727260
96.727260
96.727260
96.727260
96.727260
96.727260
96.727260
96.727260
96.727260
96.727260
86.689347
86.689347
86.689347
86.689347
86.689347
86.689347
86.689347
86.689347
86.689347
86.689347
86.689347
86.689347
86.689347
86.689347
86.689347
86.689347
86.689347
86.689347
86.689347
86.689347
78.294002
78.294002
78.294002
78.294002
78.294002
78.294002
78.294002
78.294002
78.294002
78.294002
78.294002
78.294002
78.294002
78.294002
78.294002
78.294002
78.294002
78.294002
78.294002
78.294002
71.079252
71.079252
71.079252
71.079252
71.079252
71.079252
71.079252
71.079252
71.079252
71.079252
71.079252
71.079252
71.079252
71.079252
71.079252
71.079252
71.079252
71.079252
71.079252
71.079252
64.753992
64.753992
64.753992
64.753992
64.753992
64.753992
64.753992
64.753992
64.753992
64.753992
64.753992
64.753992
64.753992
64.753992
64.753992
64.753992
64.753992
64.753992
64.753992
64.753992
59.122968
59.122968
59.122968
59.122968
59.122968
59.122968
59.122968
59.122968
59.122968
59.122968
59.122968
59.122968
59.122968
59.122968
59.122968
59.122968
59.122968
59.122968
59.122968
59.122968
54.048858
54.048858
54.048858
54.048858
54.048858
54.048858
54.048858
54.048858
54.048858
54.048858
54.048858
54.048858
54.048858
54.048858
54.048858
54.048858
54.048858
54.048858
54.048858
54.048858
49.431418
49.431418
49.431418
49.431418
49.431418
49.431418
49.431418
49.431418
49.431418
49.431418
49.431418
49.431418
49.431418
49.431418
49.431418
49.431418
49.431418
49.431418
49.431418
49.431418
45.195235
45.195235
45.195235
45.195235
45.195235
45.195235
45.195235
45.195235
45.195235
45.195235
45.195235
45.195235
45.195235
45.195235
45.195235
45.195235
45.195235
45.195235
45.195235
45.195235
41.282150
41.282150
41.282150
41.282150
41.282150
41.282150
41.282150
41.282150
41.282150
41.282150
41.282150
41.282150
41.282150
41.282150
41.282150
41.282150
41.282150
41.282150
41.282150
41.282150
37.646370
37.646370
37.646370
37.646370
37.646370
37.646370
37.646370
37.646370
37.646370
37.646370
37.646370
37.646370
37.646370
37.646370
37.646370
37.646370
37.646370
37.646370
37.646370
37.646370
34.251194
34.251194
34.251194
34.251194
34.251194
34.251194
34.251194
34.251194
34.251194
34.251194
34.251194
34.251194
34.251194
34.251194
34.251194
34.251194
34.251194
34.251194
34.251194
34.251194
31.066753
31.066753
31.066753
31.066753
31.066753
31.066753
31.066753
31.066753
31.066753
31.066753
31.066753
31.066753
31.066753
31.066753
31.066753
31.066753
31.066753
31.066753
31.066753
31.066753
28.068415
28.068415
28.068415
28.068415
28.068415
28.068415
28.068415
28.068415
28.068415
28.068415
28.068415
28.068415
28.068415
28.068415
28.068415
28.068415
28.068415
28.068415
28.068415
28.068415
25.235630
25.235630
25.235630
25.235630
25.235630
25.235630
25.235630
25.235630
25.235630
25.235630
25.235630
25.235630
25.235630
25.235630
25.235630
25.235630
25.235630
25.235630
25.235630
25.235630
22.551072
22.551072
22.551072
22.551072
22.551072
22.551072
22.551072
22.551072
22.551072
22.551072
22.551072
22.551072
22.551072
22.551072
22.551072
22.551072
22.551072
22.551072
22.551072
22.551072
20.000000
20.000000
20.000000
20.000000
20.000000
20.000000
20.000000
20.000000
20.000000
20.000000
20.000000
20.000000
20.000000
20.000000
20.000000
20.000000
20.000000
20.000000
20.000000
20.000000
300.000000
300.000000
300.000000
300.000000
300.000000
300.000000
300.000000
300.000000
300.000000
300.000000
300.000000
300.000000
300.000000
300.000000
300.000000
300.000000
300.000000
300.000000
300.000000
300.000000
251.395369
251.395369
251.395369
251.395369
251.395369
251.395369
251.395369
251.395369
251.395369
251.395369
251.395369
251.395369
251.395369
251.395369
251.395369
251.395369
251.395369
251.395369
251.395369
251.395369
218.413655
218.413655
218.413655
218.413655
218.413655
218.413655
218.413655
218.413655
218.413655
218.413655
218.413655
218.413655
218.413655
218.413655
218.413655
218.413655
218.413655
218.413655
218.413655
218.413655
193.454521
193.454521
193.454521
193.454521
193.454521
193.454521
193.454521
193.454521
193.454521
193.454521
193.454521
193.454521
193.454521
193.454521
193.454521
193.454521
193.454521
193.454521
193.454521
193.454521
173.378695
173.378695
173.378695
173.378695
173.378695
173.378695
173.378695
173.378695
173.378695
173.378695
173.378695
173.378695
173.378695
173.378695
173.378695
173.378695
173.378695
173.378695
173.378695
173.378695
156.588004
156.588004
156.588004
156.588004
156.588004
156.588004
156.588004
156.588004
156.588004
156.588004
156.588004
156.588004
156.588004
156.588004
156.588004
156.588004
156.588004
156.588004
156.588004
156.588004
142.158505
142.158505
142.158505
142.158505
142.158505
142.158505
142.158505
142.158505
142.158505
142.158505
142.158505
142.158505
142.158505
142.158505
142.158505
142.158505
142.158505
142.158505
142.158505
142.158505
129.507984
129.507984
129.507984
129.507984
129.507984
129.507984
129.507984
129.507984
129.507984
129.507984
129.507984
129.507984
129.507984
129.507984
129.507984
129.507984
129.507984
129.507984
129.507984
129.507984
118.245936
118.245936
118.245936
118.245936
118.245936
118.245936
118.245936
118.245936
118.245936
118.245936
118.245936
118.245936
118.245936
118.245936
118.245936
118.245936
118.245936
118.245936
118.245936
118.245936
108.097716
108.097716
108.097716
108.097716
108.097716
108.097716
108.097716
108.097716
108.097716
108.097716
108.097716
108.097716
108.097716
108.097716
108.097716
108.097716
108.097716
108.097716
108.097716
108.097716
98.862836
98.862836
98.862836
98.862836
98.862836
98.862836
98.862836
98.862836
98.862836
98.862836
98.862836
98.862836
98.862836
98.862836
98.862836
98.862836
98.862836
98.862836
98.862836
98.862836
90.390469
90.390469
90.390469
90.390469
90.390469
90.390469
90.390469
90.390469
90.390469
90.390469
90.390469
90.390469
90.390469
90.390469
90.390469
90.390469
90.390469
90.390469
90.390469
90.390469
82.564300
82.564300
82.564300
82.564300
82.564300
82.564300
82.564300
82.564300
82.564300
82.564300
82.564300
82.564300
82.564300
82.564300
82.564300
82.564300
82.564300
82.564300
82.564300
82.564300
75.292741
75.292741
75.292741
75.292741
75.292741
75.292741
75.292741
75.292741
75.292741
75.292741
75.292741
75.292741
75.292741
75.292741
75.292741
75.292741
75.292741
75.292741
75.292741
75.292741
68.502388
68.502388
68.502388
68.502388
68.502388
68.502388
68.502388
68.502388
68.502388
68.502388
68.502388
68.502388
68.502388
68.502388
68.502388
68.502388
68.502388
68.502388
68.502388
68.502388
62.133505
62.133505
62.133505
62.133505
62.133505
62.133505
62.133505
62.133505
62.133505
62.133505
62.133505
62.133505
62.133505
62.133505
62.133505
62.133505
62.133505
62.133505
62.133505
62.133505
56.136830
56.136830
56.136830
56.136830
56.136830
56.136830
56.136830
56.136830
56.136830
56.136830
56.136830
56.136830
56.136830
56.136830
56.136830
56.136830
56.136830
56.136830
56.136830
56.136830
50.471260
50.471260
50.471260
50.471260
50.471260
50.471260
50.471260
50.471260
50.471260
50.471260
50.471260
50.471260
50.471260
50.471260
50.471260
50.471260
50.471260
50.471260
50.471260
50.471260
45.102144
45.102144
45.102144
45.102144
45.102144
45.102144
45.102144
45.102144
45.102144
45.102144
45.102144
45.102144
45.102144
45.102144
45.102144
45.102144
45.102144
45.102144
45.102144
45.102144
40.000000
40.000000
40.000000
40.000000
40.000000
40.000000
40.000000
40.000000
40.000000
40.000000
40.000000
40.000000
40.000000
40.000000
40.000000
40.000000
40.000000
40.000000
40.000000
40.000000
450.000000
450.000000
450.000000
450.000000
450.000000
450.000000
450.000000
450.000000
450.000000
450.000000
450.000000
450.000000
450.000000
450.000000
450.000000
450.000000
450.000000
450.000000
450.000000
450.000000
377.093054
377.093054
377.093054
377.093054
377.093054
377.093054
377.093054
377.093054
377.093054
377.093054
377.093054
377.093054
377.093054
377.093054
377.093054
377.093054
377.093054
377.093054
377.093054
377.093054
327.620483
327.620483
327.620483
327.620483
327.620483
327.620483
327.620483
327.620483
327.620483
327.620483
327.620483
327.620483
327.620483
327.620483
327.620483
327.620483
327.620483
327.620483
327.620483
327.620483
290.181781
290.181781
290.181781
290.181781
290.181781
290.181781
290.181781
290.181781
290.181781
290.181781
290.181781
290.181781
290.181781
290.181781
290.181781
290.181781
290.181781
290.181781
290.181781
290.181781
260.068042
260.068042
260.068042
260.068042
260.068042
260.068042
260.068042
260.068042
260.068042
260.068042
260.068042
260.068042
260.068042
260.068042
260.068042
260.068042
260.068042
260.068042
260.068042
260.068042
234.882006
234.882006
234.882006
234.882006
234.882006
234.882006
234.882006
234.882006
234.882006
234.882006
234.882006
234.882006
234.882006
234.882006
234.882006
234.882006
234.882006
234.882006
234.882006
234.882006
213.237757
213.237757
213.237757
213.237757
213.237757
213.237757
213.237757
213.237757
213.237757
213.237757
213.237757
213.237757
213.237757
213.237757
213.237757
213.237757
213.237757
213.237757
213.237757
213.237757
194.261976
194.261976
194.261976
194.261976
194.261976
194.261976
194.261976
194.261976
194.261976
194.261976
194.261976
194.261976
194.261976
194.261976
194.261976
194.261976
194.261976
194.261976
194.261976
194.261976
177.368903
177.368903
177.368903
177.368903
177.368903
177.368903
177.368903
177.368903
177.368903
177.368903
177.368903
177.368903
177.368903
177.368903
177.368903
177.368903
177.368903
177.368903
177.368903
177.368903
162.146574
162.146574
162.146574
162.146574
162.146574
162.146574
162.146574
162.146574
162.146574
162.146574
162.146574
162.146574
162.146574
162.146574
162.146574
162.146574
162.146574
162.146574
162.146574
162.146574
148.294254
148.294254
148.294254
148.294254
148.294254
148.294254
148.294254
148.294254
148.294254
148.294254
148.294254
148.294254
148.294254
148.294254
148.294254
148.294254
148.294254
148.294254
148.294254
148.294254
135.585704
135.585704
135.585704
135.585704
135.585704
135.585704
135.585704
135.585704
135.585704
135.585704
135.585704
135.585704
135.585704
135.585704
135.585704
135.585704
135.585704
135.585704
135.585704
135.585704
123.846450
123.846450
123.846450
123.846450
123.846450
123.846450
123.846450
123.846450
123.846450
123.846450
123.846450
123.846450
123.846450
123.846450
123.846450
123.846450
123.846450
123.846450
123.846450
123.846450
112.939111
112.939111
112.939111
112.939111
112.939111
112.939111
112.939111
112.939111
112.939111
112.939111
112.939111
112.939111
112.939111
112.939111
112.939111
112.939111
112.939111
112.939111
112.939111
112.939111
102.753582
102.753582
102.753582
102.753582
102.753582
102.753582
102.753582
102.753582
102.753582
102.753582
102.753582
102.753582
102.753582
102.753582
102.753582
102.753582
102.753582
102.753582
102.753582
102.753582
93.200258
93.200258
93.200258
93.200258
93.200258
93.200258
93.200258
93.200258
93.200258
93.200258
93.200258
93.200258
93.200258
93.200258
93.200258
93.200258
93.200258
93.200258
93.200258
93.200258
84.205245
84.205245
84.205245
84.205245
84.205245
84.205245
84.205245
84.205245
84.205245
84.205245
84.205245
84.205245
84.205245
84.205245
84.205245
84.205245
84.205245
84.205245
84.205245
84.205245
75.706890
75.706890
75.706890
75.706890
75.706890
75.706890
75.706890
75.706890
75.706890
75.706890
75.706890
75.706890
75.706890
75.706890
75.706890
75.706890
75.706890
75.706890
75.706890
75.706890
67.653215
67.653215
67.653215
67.653215
67.653215
67.653215
67.653215
67.653215
67.653215
67.653215
67.653215
67.653215
67.653215
67.653215
67.653215
67.653215
67.653215
67.653215
67.653215
67.653215
60.000000
60.000000
60.000000
60.000000
60.000000
60.000000
60.000000
60.000000
60.000000
60.000000
60.000000
60.000000
60.000000
60.000000
60.000000
60.000000
60.000000
60.000000
60.000000
60.000000
600.000000
600.000000
600.000000
600.000000
600.000000
600.000000
600.000000
600.000000
600.000000
600.000000
600.000000
600.000000
600.000000
600.000000
600.000000
600.000000
600.000000
600.000000
600.000000
600.000000
502.790738
502.790738
502.790738
502.790738
502.790738
502.790738
502.790738
502.790738
502.790738
502.790738
502.790738
502.790738
502.790738
502.790738
502.790738
502.790738
502.790738
502.790738
502.790738
502.790738
436.827311
436.827311
436.827311
436.827311
436.827311
436.827311
436.827311
436.827311
436.827311
436.827311
436.827311
436.827311
436.827311
436.827311
436.827311
436.827311
436.827311
436.827311
436.827311
436.827311
386.909041
386.909041
386.909041
386.909041
386.909041
386.909041
386.909041
386.909041
386.909041
386.909041
386.909041
386.909041
386.909041
386.909041
386.909041
386.909041
386.909041
386.909041
386.909041
386.909041
346.757390
346.757390
346.757390
346.757390
346.757390
346.757390
346.757390
346.757390
346.757390
346.757390
346.757390
346.757390
346.757390
346.757390
346.757390
346.757390
346.757390
346.757390
346.757390
346.757390
313.176009
313.176009
313.176009
313.176009
313.176009
313.176009
313.176009
313.176009
313.176009
313.176009
313.176009
313.176009
313.176009
313.176009
313.176009
313.176009
313.176009
313.176009
313.176009
313.176009
284.317009
284.317009
284.317009
284.317009
284.317009
284.317009
284.317009
284.317009
284.317009
284.317009
284.317009
284.317009
284.317009
284.317009
284.317009
284.317009
284.317009
284.317009
284.317009
284.317009
259.015968
259.015968
259.015968
259.015968
259.015968
259.015968
259.015968
259.015968
259.015968
259.015968
259.015968
259.015968
259.015968
259.015968
259.015968
259.015968
259.015968
259.015968
259.015968
259.015968
236.491871
236.491871
236.491871
236.491871
236.491871
236.491871
236.491871
236.491871
236.491871
236.491871
236.491871
236.491871
236.491871
236.491871
236.491871
236.491871
236.491871
236.491871
236.491871
236.491871
216.195432
216.195432
216.195432
216.195432
216.195432
216.195432
216.195432
216.195432
216.195432
216.195432
216.195432
216.195432
216.195432
216.195432
216.195432
216.195432
216.195432
216.195432
216.195432
216.195432
197.725672
197.725672
197.725672
197.725672
197.725672
197.725672
197.725672
197.725672
197.725672
197.725672
197.725672
197.725672
197.725672
197.725672
197.725672
197.725672
197.725672
197.725672
197.725672
197.725672
180.780938
180.780938
180.780938
180.780938
180.780938
180.780938
180.780938
180.780938
180.780938
180.780938
180.780938
180.780938
180.780938
180.780938
180.780938
180.780938
180.780938
180.780938
180.780938
180.780938
165.128600
165.128600
165.128600
165.128600
165.128600
165.128600
165.128600
165.128600
165.128600
165.128600
165.128600
165.128600
165.128600
165.128600
165.128600
165.128600
165.128600
165.128600
165.128600
165.128600
150.585482
150.585482
150.585482
150.585482
150.585482
150.585482
150.585482
150.585482
150.585482
150.585482
150.585482
150.585482
150.585482
150.585482
150.585482
150.585482
150.585482
150.585482
150.585482
150.585482
137.004776
137.004776
137.004776
137.004776
137.004776
137.004776
137.004776
137.004776
137.004776
137.004776
137.004776
137.004776
137.004776
137.004776
137.004776
137.004776
137.004776
137.004776
137.004776
137.004776
124.267011
124.267011
124.267011
124.267011
124.267011
124.267011
124.267011
124.267011
124.267011
124.267011
124.267011
124.267011
124.267011
124.267011
124.267011
124.267011
124.267011
124.267011
124.267011
124.267011
112.273660
112.273660
112.273660
112.273660
112.273660
112.273660
112.273660
112.273660
112.273660
112.273660
112.273660
112.273660
112.273660
112.273660
112.273660
112.273660
112.273660
112.273660
112.273660
112.273660
100.942520
100.942520
100.942520
100.942520
100.942520
100.942520
100.942520
100.942520
100.942520
100.942520
100.942520
100.942520
100.942520
100.942520
100.942520
100.942520
100.942520
100.942520
100.942520
100.942520
90.204287
90.204287
90.204287
90.204287
90.204287
90.204287
90.204287
90.204287
90.204287
90.204287
90.204287
90.204287
90.204287
90.204287
90.204287
90.204287
90.204287
90.204287
90.204287
90.204287
80.000000
80.000000
80.000000
80.000000
80.000000
80.000000
80.000000
80.000000
80.000000
80.000000
80.000000
80.000000
80.000000
80.000000
80.000000
80.000000
80.000000
80.000000
80.000000
80.000000
750.000000
750.000000
750.000000
750.000000
750.000000
750.000000
750.000000
750.000000
750.000000
750.000000
750.000000
750.000000
750.000000
750.000000
750.000000
750.000000
750.000000
750.000000
750.000000
750.000000
628.488423
628.488423
628.488423
628.488423
628.488423
628.488423
628.488423
628.488423
628.488423
628.488423
628.488423
628.488423
628.488423
628.488423
628.488423
628.488423
628.488423
628.488423
628.488423
628.488423
546.034139
546.034139
546.034139
546.034139
546.034139
546.034139
546.034139
546.034139
546.034139
546.034139
546.034139
546.034139
546.034139
546.034139
546.034139
546.034139
546.034139
546.034139
546.034139
546.034139
483.636302
483.636302
483.636302
483.636302
483.636302
483.636302
483.636302
483.636302
483.636302
483.636302
483.636302
483.636302
483.636302
483.636302
483.636302
483.636302
483.636302
483.636302
483.636302
483.636302
433.446737
433.446737
433.446737
433.446737
433.446737
433.446737
433.446737
433.446737
433.446737
433.446737
433.446737
433.446737
433.446737
433.446737
433.446737
433.446737
433.446737
433.446737
433.446737
433.446737
391.470011
391.470011
391.470011
391.470011
391.470011
391.470011
391.470011
391.470011
391.470011
391.470011
391.470011
391.470011
391.470011
391.470011
391.470011
391.470011
391.470011
391.470011
391.470011
391.470011
355.396261
355.396261
355.396261
355.396261
355.396261
355.396261
355.396261
355.396261
355.396261
355.396261
355.396261
355.396261
355.396261
355.396261
355.396261
355.396261
355.396261
355.396261
355.396261
355.396261
323.769960
323.769960
323.769960
323.769960
323.769960
323.769960
323.769960
323.769960
323.769960
323.769960
323.769960
323.769960
323.769960
323.769960
323.769960
323.769960
323.769960
323.769960
323.769960
323.769960
295.614839
295.614839
295.614839
295.614839
295.614839
295.614839
295.614839
295.614839
295.614839
295.614839
295.614839
295.614839
295.614839
295.614839
295.614839
295.614839
295.614839
295.614839
295.614839
295.614839
270.244290
270.244290
270.244290
270.244290
270.244290
270.244290
270.244290
270.244290
270.244290
270.244290
270.244290
270.244290
270.244290
270.244290
270.244290
270.244290
270.244290
270.244290
270.244290
270.244290
247.157090
247.157090
247.157090
247.157090
247.157090
247.157090
247.157090
247.157090
247.157090
247.157090
247.157090
247.157090
247.157090
247.157090
247.157090
247.157090
247.157090
247.157090
247.157090
247.157090
225.976173
225.976173
225.976173
225.976173
225.976173
225.976173
225.976173
225.976173
225.976173
225.976173
225.976173
225.976173
225.976173
225.976173
225.976173
225.976173
225.976173
225.976173
225.976173
225.976173
206.410750
206.410750
206.410750
206.410750
206.410750
206.410750
206.410750
206.410750
206.410750
206.410750
206.410750
206.410750
206.410750
206.410750
206.410750
206.410750
206.410750
206.410750
206.410750
206.410750
188.231852
188.231852
188.231852
188.231852
188.231852
188.231852
188.231852
188.231852
188.231852
188.231852
188.231852
188.231852
188.231852
188.231852
188.231852
188.231852
188.231852
188.231852
188.231852
188.231852
171.255970
171.255970
171.255970
171.255970
171.255970
171.255970
171.255970
171.255970
171.255970
171.255970
171.255970
171.255970
171.255970
171.255970
171.255970
171.255970
171.255970
171.255970
171.255970
171.255970
155.333764
155.333764
155.333764
155.333764
155.333764
155.333764
155.333764
155.333764
155.333764
155.333764
155.333764
155.333764
155.333764
155.333764
155.333764
155.333764
155.333764
155.333764
155.333764
155.333764
140.342076
140.342076
140.342076
140.342076
140.342076
140.342076
140.342076
140.342076
140.342076
140.342076
140.342076
140.342076
140.342076
140.342076
140.342076
140.342076
140.342076
140.342076
140.342076
140.342076
126.178149
126.178149
126.178149
126.178149
126.178149
126.178149
126.178149
126.178149
126.178149
126.178149
126.178149
126.178149
126.178149
126.178149
126.178149
126.178149
126.178149
126.178149
126.178149
126.178149
112.755359
112.755359
112.755359
112.755359
112.755359
112.755359
112.755359
112.755359
112.755359
112.755359
112.755359
112.755359
112.755359
112.755359
112.755359
112.755359
112.755359
112.755359
112.755359
112.755359
100.000000
100.000000
100.000000
100.000000
100.000000
100.000000
100.000000
100.000000
100.000000
100.000000
100.000000
100.000000
100.000000
100.000000
100.000000
100.000000
100.000000
100.000000
100.000000
100.000000
900.000000
900.000000
900.000000
900.000000
900.000000
900.000000
900.000000
900.000000
900.000000
900.000000
900.000000
900.000000
900.000000
900.000000
900.000000
900.000000
900.000000
900.000000
900.000000
900.000000
754.186108
754.186108
754.186108
754.186108
754.186108
754.186108
754.186108
754.186108
754.186108
754.186108
754.186108
754.186108
754.186108
754.186108
754.186108
754.186108
754.186108
754.186108
754.186108
754.186108
655.240966
655.240966
655.240966
655.240966
655.240966
655.240966
655.240966
655.240966
655.240966
655.240966
655.240966
655.240966
655.240966
655.240966
655.240966
655.240966
655.240966
655.240966
655.240966
655.240966
580.363562
580.363562
580.363562
580.363562
580.363562
580.363562
580.363562
580.363562
580.363562
580.363562
580.363562
580.363562
580.363562
580.363562
580.363562
580.363562
580.363562
580.363562
580.363562
580.363562
520.136085
520.136085
520.136085
520.136085
520.136085
520.136085
520.136085
520.136085
520.136085
520.136085
520.136085
520.136085
520.136085
520.136085
520.136085
520.136085
520.136085
520.136085
520.136085
520.136085
469.764013
469.764013
469.764013
469.764013
469.764013
469.764013
469.764013
469.764013
469.764013
469.764013
469.764013
469.764013
469.764013
469.764013
469.764013
469.764013
469.764013
469.764013
469.764013
469.764013
426.475514
426.475514
426.475514
426.475514
426.475514
426.475514
426.475514
426.475514
426.475514
426.475514
426.475514
426.475514
426.475514
426.475514
426.475514
426.475514
426.475514
426.475514
426.475514
426.475514
388.523952
388.523952
388.523952
388.523952
388.523952
388.523952
388.523952
388.523952
388.523952
388.523952
388.523952
388.523952
388.523952
388.523952
388.523952
388.523952
388.523952
388.523952
388.523952
388.523952
354.737807
354.737807
354.737807
354.737807
354.737807
354.737807
354.737807
354.737807
354.737807
354.737807
354.737807
354.737807
354.737807
354.737807
354.737807
354.737807
354.737807
354.737807
354.737807
354.737807
324.293148
324.293148
324.293148
324.293148
324.293148
324.293148
324.293148
324.293148
324.293148
324.293148
324.293148
324.293148
324.293148
324.293148
324.293148
324.293148
324.293148
324.293148
324.293148
324.293148
296.588508
296.588508
296.588508
296.588508
296.588508
296.588508
296.588508
296.588508
296.588508
296.588508
296.588508
296.588508
296.588508
296.588508
296.588508
296.588508
296.588508
296.588508
296.588508
296.588508
271.171408
271.171408
271.171408
271.171408
271.171408
271.171408
271.171408
271.171408
271.171408
271.171408
271.171408
271.171408
271.171408
271.171408
271.171408
271.171408
271.171408
271.171408
271.171408
271.171408
247.692900
247.692900
247.692900
247.692900
247.692900
247.692900
247.692900
247.692900
247.692900
247.692900
247.692900
247.692900
247.692900
247.692900
247.692900
247.692900
247.692900
247.692900
247.692900
247.692900
225.878223
225.878223
225.878223
225.878223
225.878223
225.878223
225.878223
225.878223
225.878223
225.878223
225.878223
225.878223
225.878223
225.878223
225.878223
225.878223
225.878223
225.878223
225.878223
225.878223
205.507164
205.507164
205.507164
205.507164
205.507164
205.507164
205.507164
205.507164
205.507164
205.507164
205.507164
205.507164
205.507164
205.507164
205.507164
205.507164
205.507164
205.507164
205.507164
205.507164
186.400516
186.400516
186.400516
186.400516
186.400516
186.400516
186.400516
186.400516
186.400516
186.400516
186.400516
186.400516
186.400516
186.400516
186.400516
186.400516
186.400516
186.400516
186.400516
186.400516
168.410491
168.410491
168.410491
168.410491
168.410491
168.410491
168.410491
168.410491
168.410491
168.410491
168.410491
168.410491
168.410491
168.410491
168.410491
168.410491
168.410491
168.410491
168.410491
168.410491
151.413779
151.413779
151.413779
151.413779
151.413779
151.413779
151.413779
151.413779
151.413779
151.413779
151.413779
151.413779
151.413779
151.413779
151.413779
151.413779
151.413779
151.413779
151.413779
151.413779
135.306431
135.306431
135.306431
135.306431
135.306431
135.306431
135.306431
135.306431
135.306431
135.306431
135.306431
135.306431
135.306431
135.306431
135.306431
135.306431
135.306431
135.306431
135.306431
135.306431
120.000000
120.000000
120.000000
120.000000
120.000000
120.000000
120.000000
120.000000
120.000000
120.000000
120.000000
120.000000
120.000000
120.000000
120.000000
120.000000
120.000000
120.000000
120.000000
120.000000
1050.000000
1050.000000
1050.000000
1050.000000
1050.000000
1050.000000
1050.000000
1050.000000
1050.000000
1050.000000
1050.000000
1050.000000
1050.000000
1050.000000
1050.000000
1050.000000
1050.000000
1050.000000
1050.000000
1050.000000
879.883792
879.883792
879.883792
879.883792
879.883792
879.883792
879.883792
879.883792
879.883792
879.883792
879.883792
879.883792
879.883792
879.883792
879.883792
879.883792
879.883792
879.883792
879.883792
879.883792
764.447794
764.447794
764.447794
764.447794
764.447794
764.447794
764.447794
764.447794
764.447794
764.447794
764.447794
764.447794
764.447794
764.447794
764.447794
764.447794
764.447794
764.447794
764.447794
764.447794
677.090822
677.090822
677.090822
677.090822
677.090822
677.090822
677.090822
677.090822
677.090822
677.090822
677.090822
677.090822
677.090822
677.090822
677.090822
677.090822
677.090822
677.090822
677.090822
677.090822
606.825432
606.825432
606.825432
606.825432
606.825432
606.825432
606.825432
606.825432
606.825432
606.825432
606.825432
606.825432
606.825432
606.825432
606.825432
606.825432
606.825432
606.825432
606.825432
606.825432
548.058015
548.058015
548.058015
548.058015
548.058015
548.058015
548.058015
548.058015
548.058015
548.058015
548.058015
548.058015
548.058015
548.058015
548.058015
548.058015
548.058015
548.058015
548.058015
548.058015
497.554766
497.554766
497.554766
497.554766
497.554766
497.554766
497.554766
497.554766
497.554766
497.554766
497.554766
497.554766
497.554766
497.554766
497.554766
497.554766
497.554766
497.554766
497.554766
497.554766
453.277945
453.277945
453.277945
453.277945
453.277945
453.277945
453.277945
453.277945
453.277945
453.277945
453.277945
453.277945
453.277945
453.277945
453.277945
453.277945
453.277945
453.277945
453.277945
453.277945
413.860774
413.860774
413.860774
413.860774
413.860774
413.860774
413.860774
413.860774
413.860774
413.860774
413.860774
413.860774
413.860774
413.860774
413.860774
413.860774
413.860774
413.860774
413.860774
413.860774
378.342006
378.342006
378.342006
378.342006
378.342006
378.342006
378.342006
378.342006
378.342006
378.342006
378.342006
378.342006
378.342006
378.342006
378.342006
378.342006
378.342006
378.342006
378.342006
378.342006
346.019926
346.019926
346.019926
346.019926
346.019926
346.019926
346.019926
346.019926
346.019926
346.019926
346.019926
346.019926
346.019926
346.019926
346.019926
346.019926
346.019926
346.019926
346.019926
346.019926
316.366642
316.366642
316.366642
316.366642
316.366642
316.366642
316.366642
316.366642
316.366642
316.366642
316.366642
316.366642
316.366642
316.366642
316.366642
316.366642
316.366642
316.366642
316.366642
316.366642
288.975050
288.975050
288.975050
288.975050
288.975050
288.975050
288.975050
288.975050
288.975050
288.975050
288.975050
288.975050
288.975050
288.975050
288.975050
288.975050
288.975050
288.975050
288.975050
288.975050
263.524593
263.524593
263.524593
263.524593
263.524593
263.524593
263.524593
263.524593
263.524593
263.524593
263.524593
263.524593
263.524593
263.524593
263.524593
263.524593
263.524593
263.524593
263.524593
263.524593
239.758358
239.758358
239.758358
239.758358
239.758358
239.758358
239.758358
239.758358
239.758358
239.758358
239.758358
239.758358
239.758358
239.758358
239.758358
239.758358
239.758358
239.758358
239.758358
239.758358
217.467269
217.467269
217.467269
217.467269
217.467269
217.467269
217.467269
217.467269
217.467269
217.467269
217.467269
217.467269
217.467269
217.467269
217.467269
217.467269
217.467269
217.467269
217.467269
217.467269
196.478906
196.478906
196.478906
196.478906
196.478906
196.478906
196.478906
196.478906
196.478906
196.478906
196.478906
196.478906
196.478906
196.478906
196.478906
196.478906
196.478906
196.478906
196.478906
196.478906
176.649409
176.649409
176.649409
176.649409
176.649409
176.649409
176.649409
176.649409
176.649409
176.649409
176.649409
176.649409
176.649409
176.649409
176.649409
176.649409
176.649409
176.649409
176.649409
176.649409
157.857502
157.857502
157.857502
157.857502
157.857502
157.857502
157.857502
157.857502
157.857502
157.857502
157.857502
157.857502
157.857502
157.857502
157.857502
157.857502
157.857502
157.857502
157.857502
157.857502
140.000000
140.000000
140.000000
140.000000
140.000000
140.000000
140.000000
140.000000
140.000000
140.000000
140.000000
140.000000
140.000000
140.000000
140.000000
140.000000
140.000000
140.000000
140.000000
140.000000
1200.000000
1200.000000
1200.000000
1200.000000
1200.000000
1200.000000
1200.000000
1200.000000
1200.000000
1200.000000
1200.000000
1200.000000
1200.000000
1200.000000
1200.000000
1200.000000
1200.000000
1200.000000
1200.000000
1200.000000
1005.581477
1005.581477
1005.581477
1005.581477
1005.581477
1005.581477
1005.581477
1005.581477
1005.581477
1005.581477
1005.581477
1005.581477
1005.581477
1005.581477
1005.581477
1005.581477
1005.581477
1005.581477
1005.581477
1005.581477
873.654622
873.654622
873.654622
873.654622
873.654622
873.654622
873.654622
873.654622
873.654622
873.654622
873.654622
873.654622
873.654622
873.654622
873.654622
873.654622
873.654622
873.654622
873.654622
873.654622
773.818083
773.818083
773.818083
773.818083
773.818083
773.818083
773.818083
773.818083
773.818083
773.818083
773.818083
773.818083
773.818083
773.818083
773.818083
773.818083
773.818083
773.818083
773.818083
773.818083
693.514780
693.514780
693.514780
693.514780
693.514780
693.514780
693.514780
693.514780
693.514780
693.514780
693.514780
693.514780
693.514780
693.514780
693.514780
693.514780
693.514780
693.514780
693.514780
693.514780
626.352017
626.352017
626.352017
626.352017
626.352017
626.352017
626.352017
626.352017
626.352017
626.352017
626.352017
626.352017
626.352017
626.352017
626.352017
626.352017
626.352017
626.352017
626.352017
626.352017
568.634018
568.634018
568.634018
568.634018
568.634018
568.634018
568.634018
568.634018
568.634018
568.634018
568.634018
568.634018
568.634018
568.634018
568.634018
568.634018
568.634018
568.634018
568.634018
568.634018
518.031937
518.031937
518.031937
518.031937
518.031937
518.031937
518.031937
518.031937
518.031937
518.031937
518.031937
518.031937
518.031937
518.031937
518.031937
518.031937
518.031937
518.031937
518.031937
518.031937
472.983742
472.983742
472.983742
472.983742
472.983742
472.983742
472.983742
472.983742
472.983742
472.983742
472.983742
472.983742
472.983742
472.983742
472.983742
472.983742
472.983742
472.983742
472.983742
472.983742
432.390864
432.390864
432.390864
432.390864
432.390864
432.390864
432.390864
432.390864
432.390864
432.390864
432.390864
432.390864
432.390864
432.390864
432.390864
432.390864
432.390864
432.390864
432.390864
432.390864
395.451344
395.451344
395.451344
395.451344
395.451344
395.451344
395.451344
395.451344
395.451344
395.451344
395.451344
395.451344
395.451344
395.451344
395.451344
395.451344
395.451344
395.451344
395.451344
395.451344
361.561877
361.561877
361.561877
361.561877
361.561877
361.561877
361.561877
361.561877
361.561877
361.561877
361.561877
361.561877
361.561877
361.561877
361.561877
361.561877
361.561877
361.561877
361.561877
361.561877
330.257200
330.257200
330.257200
330.257200
330.257200
330.257200
330.257200
330.257200
330.257200
330.257200
330.257200
330.257200
330.257200
330.257200
330.257200
330.257200
330.257200
330.257200
330.257200
330.257200
301.170964
301.170964
301.170964
301.170964
301.170964
301.170964
301.170964
301.170964
301.170964
301.170964
301.170964
301.170964
301.170964
301.170964
301.170964
301.170964
301.170964
301.170964
301.170964
301.170964
274.009552
274.009552
274.009552
274.009552
274.009552
274.009552
274.009552
274.009552
274.009552
274.009552
274.009552
274.009552
274.009552
274.009552
274.009552
274.009552
274.009552
274.009552
274.009552
274.009552
248.534022
248.534022
248.534022
248.534022
248.534022
248.534022
248.534022
248.534022
248.534022
248.534022
248.534022
248.534022
248.534022
248.534022
248.534022
248.534022
248.534022
248.534022
248.534022
248.534022
224.547321
224.547321
224.547321
224.547321
224.547321
224.547321
224.547321
224.547321
224.547321
224.547321
224.547321
224.547321
224.547321
224.547321
224.547321
224.547321
224.547321
224.547321
224.547321
224.547321
201.885039
201.885039
201.885039
201.885039
201.885039
201.885039
201.885039
201.885039
201.885039
201.885039
201.885039
201.885039
201.885039
201.885039
201.885039
201.885039
201.885039
201.885039
201.885039
201.885039
180.408574
180.408574
180.408574
180.408574
180.408574
180.408574
180.408574
180.408574
180.408574
180.408574
180.408574
180.408574
180.408574
180.408574
180.408574
180.408574
180.408574
180.408574
180.408574
180.408574
160.000000
160.000000
160.000000
160.000000
160.000000
160.000000
160.000000
160.000000
160.000000
160.000000
160.000000
160.000000
160.000000
160.000000
160.000000
160.000000
160.000000
160.000000
160.000000
160.000000
1350.000000
1350.000000
1350.000000
1350.000000
1350.000000
1350.000000
1350.000000
1350.000000
1350.000000
1350.000000
1350.000000
1350.000000
1350.000000
1350.000000
1350.000000
1350.000000
1350.000000
1350.000000
1350.000000
1350.000000
1131.279161
1131.279161
1131.279161
1131.279161
1131.279161
1131.279161
1131.279161
1131.279161
1131.279161
1131.279161
1131.279161
1131.279161
1131.279161
1131.279161
1131.279161
1131.279161
1131.279161
1131.279161
1131.279161
1131.279161
982.861449
982.861449
982.861449
982.861449
982.861449
982.861449
982.861449
982.861449
982.861449
982.861449
982.861449
982.861449
982.861449
982.861449
982.861449
982.861449
982.861449
982.861449
982.861449
982.861449
870.545343
870.545343
870.545343
870.545343
870.545343
870.545343
870.545343
870.545343
870.545343
870.545343
870.545343
870.545343
870.545343
870.545343
870.545343
870.545343
870.545343
870.545343
870.545343
870.545343
780.204127
780.204127
780.204127
780.204127
780.204127
780.204127
780.204127
780.204127
780.204127
780.204127
780.204127
780.204127
780.204127
780.204127
780.204127
780.204127
780.204127
780.204127
780.204127
780.204127
704.646019
704.646019
704.646019
704.646019
704.646019
704.646019
704.646019
704.646019
704.646019
704.646019
704.646019
704.646019
704.646019
704.646019
704.646019
704.646019
704.646019
704.646019
704.646019
704.646019
639.713270
639.713270
639.713270
639.713270
639.713270
639.713270
639.713270
639.713270
639.713270
639.713270
639.713270
639.713270
639.713270
639.713270
639.713270
639.713270
639.713270
639.713270
639.713270
639.713270
582.785929
582.785929
582.785929
582.785929
582.785929
582.785929
582.785929
582.785929
582.785929
582.785929
582.785929
582.785929
582.785929
582.785929
582.785929
582.785929
582.785929
582.785929
582.785929
582.785929
532.106710
532.106710
532.106710
532.106710
532.106710
532.106710
532.106710
532.106710
532.106710
532.106710
532.106710
532.106710
532.106710
532.106710
532.106710
532.106710
532.106710
532.106710
532.106710
532.106710
486.439722
486.439722
486.439722
486.439722
486.439722
486.439722
486.439722
486.439722
486.439722
486.439722
486.439722
486.439722
486.439722
486.439722
486.439722
486.439722
486.439722
486.439722
486.439722
486.439722
444.882762
444.882762
444.882762
444.882762
444.882762
444.882762
444.882762
444.882762
444.882762
444.882762
444.882762
444.882762
444.882762
444.882762
444.882762
444.882762
444.882762
444.882762
444.882762
444.882762
406.757112
406.757112
406.757112
406.757112
406.757112
406.757112
406.757112
406.757112
406.757112
406.757112
406.757112
406.757112
406.757112
406.757112
406.757112
406.757112
406.757112
406.757112
406.757112
406.757112
371.539349
371.539349
371.539349
371.539349
371.539349
371.539349
371.539349
371.539349
371.539349
371.539349
371.539349
371.539349
371.539349
371.539349
371.539349
371.539349
371.539349
371.539349
371.539349
371.539349
338.817334
338.817334
338.817334
338.817334
338.817334
338.817334
338.817334
338.817334
338.817334
338.817334
338.817334
338.817334
338.817334
338.817334
338.817334
338.817334
338.817334
338.817334
338.817334
338.817334
308.260746
308.260746
308.260746
308.260746
308.260746
308.260746
308.260746
308.260746
308.260746
308.260746
308.260746
308.260746
308.260746
308.260746
308.260746
308.260746
308.260746
308.260746
308.260746
308.260746
279.600775
279.600775
279.600775
279.600775
279.600775
279.600775
279.600775
279.600775
279.600775
279.600775
279.600775
279.600775
279.600775
279.600775
279.600775
279.600775
279.600775
279.600775
279.600775
279.600775
252.615736
252.615736
252.615736
252.615736
252.615736
252.615736
252.615736
252.615736
252.615736
252.615736
252.615736
252.615736
252.615736
252.615736
252.615736
252.615736
252.615736
252.615736
252.615736
252.615736
227.120669
227.120669
227.120669
227.120669
227.120669
227.120669
227.120669
227.120669
227.120669
227.120669
227.120669
227.120669
227.120669
227.120669
227.120669
227.120669
227.120669
227.120669
227.120669
227.120669
202.959646
202.959646
202.959646
202.959646
202.959646
202.959646
202.959646
202.959646
202.959646
202.959646
202.959646
202.959646
202.959646
202.959646
202.959646
202.959646
202.959646
202.959646
202.959646
202.959646
180.000000
180.000000
180.000000
180.000000
180.000000
180.000000
180.000000
180.000000
180.000000
180.000000
180.000000
180.000000
180.000000
180.000000
180.000000
180.000000
180.000000
180.000000
180.000000
180.000000
