0.000000
0.000000
0.000000
0.000000
0.000000
0.000000
0.000000
0.000000
0.000000
0.000000
0.000000
0.000000
0.000000
0.000000
0.000000
0.000000
0.000000
0.000000
0.000000
0.000000
-0.000000
-0.000000
-0.000000
-0.000000
-0.000000
-0.000000
-0.000000
-0.000000
-0.000000
-0.000000
-0.000000
-0.000000
-0.000000
-0.000000
-0.000000
-0.000000
-0.000000
-0.000000
-0.000000
-0.000000
-0.000000
-0.000000
-0.000000
-0.000000
-0.000000
-0.000000
-0.000000
-0.000000
-0.000000
-0.000000
-0.000000
-0.000000
-0.000000
-0.000000
-0.000000
-0.000000
-0.000000
-0.000000
-0.000000
-0.000000
-0.000000
-0.000000
-0.000000
-0.000000
-0.000000
-0.000000
-0.000000
-0.000000
-0.000000
-0.000000
-0.000000
-0.000000
-0.000000
-0.000000
-0.000000
-0.000000
-0.000000
-0.000000
-0.000000
-0.000000
-0.000000
-0.000000
-0.000000
-0.000000
-0.000000
-0.000000
-0.000000
-0.000000
-0.000000
-0.000000
-0.000000
-0.000000
-0.000000
-0.000000
-0.000000
-0.000000
-0.000000
-0.000000
-0.000000
-0.000000
-0.000000
-0.000000
-0.000000
-0.000000
-0.000000
-0.000000
-0.000000
-0.000000
-0.000000
-0.000000
-0.000000
-0.000000
-0.000000
-0.000000
-0.000000
-0.000000
-0.000000
-0.000000
-0.000000
-0.000000
-0.000000
-0.000000
-0.000000
-0.000000
-0.000000
-0.000000
-0.000000
-0.000000
-0.000000
-0.000000
-0.000000
-0.000000
-0.000000
-0.000000
-0.000000
-0.000000
-0.000000
-0.000000
-0.000000
-0.000000
-0.000000
-0.000000
-0.000000
-0.000000
-0.000000
-0.000000
-0.000000
-0.000000
-0.000000
-0.000000
-0.000000
-0.000000
-0.000000
-0.000000
-0.000000
-0.000000
-0.000000
-0.000000
-0.000000
-0.000000
-0.000000
-0.000000
-0.000000
-0.000000
-0.000000
-0.000000
-0.000000
-0.000000
-0.000000
-0.000000
-0.000000
-0.000000
-0.000000
-0.000000
-0.000000
-0.000000
-0.000000
-0.000000
-0.000000
-0.000000
-0.000000
-0.000000
-0.000000
-0.000000
-0.000000
-0.000000
-0.000000
-0.000000
-0.000000
-0.000000
-0.000000
-0.000000
-0.000000
-0.000000
-0.000000
-0.000000
-0.000000
-0.000000
-0.000000
-0.000000
-0.000000
-0.000000
-0.000000
-0.000000
-0.000000
-0.000000
-0.000000
-0.000000
-0.000000
-0.000000
-0.000000
-0.000000
-0.000000
-0.000000
-0.000000
-0.000000
-0.000000
-0.000000
-0.000000
-0.000000
-0.000000
-0.000000
-0.000000
-0.000000
-0.000000
-0.000000
-0.000000
-0.000000
-0.000000
-0.000000
-0.000000
-0.000000
-0.000000
-0.000000
-0.000000
-0.000000
-0.000000
-0.000000
-0.000000
-0.000000
-0.000000
-0.000000
-0.000000
-0.000000
-0.000000
-0.000000
-0.000000
-0.000000
-0.000000
-0.000000
-0.000000
-0.000000
-0.000000
-0.000000
-0.000000
-0.000000
-0.000000
-0.000000
-0.000000
-0.000000
-0.000000
-0.000000
-0.000000
-0.000000
-0.000000
-0.000000
-0.000000
-0.000000
-0.000000
-0.000000
-0.000000
-0.000000
-0.000000
-0.000000
-0.000000
-0.000000
-0.000000
-0.000000
-0.000000
-0.000000
-0.000000
-0.000000
-0.000000
-0.000000
-0.000000
-0.000000
-0.000000
-0.000000
-0.000000
-0.000000
-0.000000
-0.000000
-0.000000
-0.000000
-0.000000
-0.000000
-0.000000
-0.000000
-0.000000
-0.000000
-0.000000
-0.000000
-0.000000
-0.000000
-0.000000
-0.000000
-0.000000
-0.000000
-0.000000
-0.000000
-0.000000
-0.000000
-0.000000
-0.000000
-0.000000
-0.000000
-0.000000
-0.000000
-0.000000
-0.000000
-0.000000
-0.000000
-0.000000
-0.000000
-0.000000
-0.000000
-0.000000
-0.000000
-0.000000
-0.000000
-0.000000
-0.000000
-0.000000
-0.000000
-0.000000
-0.000000
-0.000000
-0.000000
-0.000000
-0.000000
-0.000000
-0.000000
-0.000000
-0.000000
-0.000000
-0.000000
-0.000000
-0.000000
-0.000000
-0.000000
-0.000000
-0.000000
-0.000000
-0.000000
-0.000000
-0.000000
-0.000000
-0.000000
-0.000000
-0.000000
-0.000000
-0.000000
-0.000000
-0.000000
-0.000000
-0.000000
-0.000000
-0.000000
-0.000000
-0.000000
-0.000000
-0.000000
-0.000000
-0.000000
-0.000000
-0.000000
-0.000000
-0.000000
-0.000000
-0.000000
0.000000
0.000000
0.000000
0.000000
0.000000
0.000000
0.000000
0.000000
0.000000
0.000000
0.000000
0.000000
0.000000
0.000000
0.000000
0.000000
0.000000
0.000000
0.000000
0.000000
100.000000
100.000000
100.000000
100.000000
100.000000
100.000000
100.000000
100.000000
100.000000
100.000000
100.000000
100.000000
100.000000
100.000000
100.000000
100.000000
100.000000
100.000000
100.000000
100.000000
84.238329
84.238329
84.238329
84.238329
84.238329
84.238329
84.238329
84.238329
84.238329
84.238329
84.238329
84.238329
84.238329
84.238329
84.238329
84.238329
84.238329
84.238329
84.238329
84.238329
73.368211
73.368211
73.368211
73.368211
73.368211
73.368211
73.368211
73.368211
73.368211
73.368211
73.368211
73.368211
73.368211
73.368211
73.368211
73.368211
73.368211
73.368211
73.368211
73.368211
65.072594
65.072594
65.072594
65.072594
65.072594
65.072594
65.072594
65.072594
65.072594
65.072594
65.072594
65.072594
65.072594
65.072594
65.072594
65.072594
65.072594
65.072594
65.072594
65.072594
58.365500
58.365500
58.365500
58.365500
58.365500
58.365500
58.365500
58.365500
58.365500
58.365500
58.365500
58.365500
58.365500
58.365500
58.365500
58.365500
58.365500
58.365500
58.365500
58.365500
52.736332
52.736332
52.736332
52.736332
52.736332
52.736332
52.736332
52.736332
52.736332
52.736332
52.736332
52.736332
52.736332
52.736332
52.736332
52.736332
52.736332
52.736332
52.736332
52.736332
47.886587
47.886587
47.886587
47.886587
47.886587
47.886587
47.886587
47.886587
47.886587
47.886587
47.886587
47.886587
47.886587
47.886587
47.886587
47.886587
47.886587
47.886587
47.886587
47.886587
43.626676
43.626676
43.626676
43.626676
43.626676
43.626676
43.626676
43.626676
43.626676
43.626676
43.626676
43.626676
43.626676
43.626676
43.626676
43.626676
43.626676
43.626676
43.626676
43.626676
39.828683
39.828683
39.828683
39.828683
39.828683
39.828683
39.828683
39.828683
39.828683
39.828683
39.828683
39.828683
39.828683
39.828683
39.828683
39.828683
39.828683
39.828683
39.828683
39.828683
36.402233
36.402233
36.402233
36.402233
36.402233
36.402233
36.402233
36.402233
36.402233
36.402233
36.402233
36.402233
36.402233
36.402233
36.402233
36.402233
36.402233
36.402233
36.402233
36.402233
33.281110
33.281110
33.281110
33.281110
33.281110
33.281110
33.281110
33.281110
33.281110
33.281110
33.281110
33.281110
33.281110
33.281110
33.281110
33.281110
33.281110
33.281110
33.281110
33.281110
30.415351
30.415351
30.415351
30.415351
30.415351
30.415351
30.415351
30.415351
30.415351
30.415351
30.415351
30.415351
30.415351
30.415351
30.415351
30.415351
30.415351
30.415351
30.415351
30.415351
27.766331
27.766331
27.766331
27.766331
27.766331
27.766331
27.766331
27.766331
27.766331
27.766331
27.766331
27.766331
27.766331
27.766331
27.766331
27.766331
27.766331
27.766331
27.766331
27.766331
25.303570
25.303570
25.303570
25.303570
25.303570
25.303570
25.303570
25.303570
25.303570
25.303570
25.303570
25.303570
25.303570
25.303570
25.303570
25.303570
25.303570
25.303570
25.303570
25.303570
23.002596
23.002596
23.002596
23.002596
23.002596
23.002596
23.002596
23.002596
23.002596
23.002596
23.002596
23.002596
23.002596
23.002596
23.002596
23.002596
23.002596
23.002596
23.002596
23.002596
20.843463
20.843463
20.843463
20.843463
20.843463
20.843463
20.843463
20.843463
20.843463
20.843463
20.843463
20.843463
20.843463
20.843463
20.843463
20.843463
20.843463
20.843463
20.843463
20.843463
18.809699
18.809699
18.809699
18.809699
18.809699
18.809699
18.809699
18.809699
18.809699
18.809699
18.809699
18.809699
18.809699
18.809699
18.809699
18.809699
18.809699
18.809699
18.809699
18.809699
16.887544
16.887544
16.887544
16.887544
16.887544
16.887544
16.887544
16.887544
16.887544
16.887544
16.887544
16.887544
16.887544
16.887544
16.887544
16.887544
16.887544
16.887544
16.887544
16.887544
15.065385
15.065385
15.065385
15.065385
15.065385
15.065385
15.065385
15.065385
15.065385
15.065385
15.065385
15.065385
15.065385
15.065385
15.065385
15.065385
15.065385
15.065385
15.065385
15.065385
13.333333
13.333333
13.333333
13.333333
13.333333
13.333333
13.333333
13.333333
13.333333
13.333333
13.333333
13.333333
13.333333
13.333333
13.333333
13.333333
13.333333
13.333333
13.333333
13.333333
200.000000
200.000000
200.000000
200.000000
200.000000
200.000000
200.000000
200.000000
200.000000
200.000000
200.000000
200.000000
200.000000
200.000000
200.000000
200.000000
200.000000
200.000000
200.000000
200.000000
168.476658
168.476658
168.476658
168.476658
168.476658
168.476658
168.476658
168.476658
168.476658
168.476658
168.476658
168.476658
168.476658
168.476658
168.476658
168.476658
168.476658
168.476658
168.476658
168.476658
146.736422
146.736422
146.736422
146.736422
146.736422
146.736422
146.736422
146.736422
146.736422
146.736422
146.736422
146.736422
146.736422
146.736422
146.736422
146.736422
146.736422
146.736422
146.736422
146.736422
130.145189
130.145189
130.145189
130.145189
130.145189
130.145189
130.145189
130.145189
130.145189
130.145189
130.145189
130.145189
130.145189
130.145189
130.145189
130.145189
130.145189
130.145189
130.145189
130.145189
116.731000
116.731000
116.731000
116.731000
116.731000
116.731000
116.731000
116.731000
116.731000
116.731000
116.731000
116.731000
116.731000
116.731000
116.731000
116.731000
116.731000
116.731000
116.731000
116.731000
105.472664
105.472664
105.472664
105.472664
105.472664
105.472664
105.472664
105.472664
105.472664
105.472664
105.472664
105.472664
105.472664
105.472664
105.472664
105.472664
105.472664
105.472664
105.472664
105.472664
95.773174
95.773174
95.773174
95.773174
95.773174
95.773174
95.773174
95.773174
95.773174
95.773174
95.773174
95.773174
95.773174
95.773174
95.773174
95.773174
95.773174
95.773174
95.773174
95.773174
87.253352
87.253352
87.253352
87.253352
87.253352
87.253352
87.253352
87.253352
87.253352
87.253352
87.253352
87.253352
87.253352
87.253352
87.253352
87.253352
87.253352
87.253352
87.253352
87.253352
79.657366
79.657366
79.657366
79.657366
79.657366
79.657366
79.657366
79.657366
79.657366
79.657366
79.657366
79.657366
79.657366
79.657366
79.657366
79.657366
79.657366
79.657366
79.657366
79.657366
72.804465
72.804465
72.804465
72.804465
72.804465
72.804465
72.804465
72.804465
72.804465
72.804465
72.804465
72.804465
72.804465
72.804465
72.804465
72.804465
72.804465
72.804465
72.804465
72.804465
66.562219
66.562219
66.562219
66.562219
66.562219
66.562219
66.562219
66.562219
66.562219
66.562219
66.562219
66.562219
66.562219
66.562219
66.562219
66.562219
66.562219
66.562219
66.562219
66.562219
60.830702
60.830702
60.830702
60.830702
60.830702
60.830702
60.830702
60.830702
60.830702
60.830702
60.830702
60.830702
60.830702
60.830702
60.830702
60.830702
60.830702
60.830702
60.830702
60.830702
55.532661
55.532661
55.532661
55.532661
55.532661
55.532661
55.532661
55.532661
55.532661
55.532661
55.532661
55.532661
55.532661
55.532661
55.532661
55.532661
55.532661
55.532661
55.532661
55.532661
50.607139
50.607139
50.607139
50.607139
50.607139
50.607139
50.607139
50.607139
50.607139
50.607139
50.607139
50.607139
50.607139
50.607139
50.607139
50.607139
50.607139
50.607139
50.607139
50.607139
46.005191
46.005191
46.005191
46.005191
46.005191
46.005191
46.005191
46.005191
46.005191
46.005191
46.005191
46.005191
46.005191
46.005191
46.005191
46.005191
46.005191
46.005191
46.005191
46.005191
41.686925
41.686925
41.686925
41.686925
41.686925
41.686925
41.686925
41.686925
41.686925
41.686925
41.686925
41.686925
41.686925
41.686925
41.686925
41.686925
41.686925
41.686925
41.686925
41.686925
37.619397
37.619397
37.619397
37.619397
37.619397
37.619397
37.619397
37.619397
37.619397
37.619397
37.619397
37.619397
37.619397
37.619397
37.619397
37.619397
37.619397
37.619397
37.619397
37.619397
33.775087
33.775087
33.775087
33.775087
33.775087
33.775087
33.775087
33.775087
33.775087
33.775087
33.775087
33.775087
33.775087
33.775087
33.775087
33.775087
33.775087
33.775087
33.775087
33.775087
30.130770
30.130770
30.130770
30.130770
30.130770
30.130770
30.130770
30.130770
30.130770
30.130770
30.130770
30.130770
30.130770
30.130770
30.130770
30.130770
30.130770
30.130770
30.130770
30.130770
26.666667
26.666667
26.666667
26.666667
26.666667
26.666667
26.666667
26.666667
26.666667
26.666667
26.666667
26.666667
26.666667
26.666667
26.666667
26.666667
26.666667
26.666667
26.666667
26.666667
300.000000
300.000000
300.000000
300.000000
300.000000
300.000000
300.000000
300.000000
300.000000
300.000000
300.000000
300.000000
300.000000
300.000000
300.000000
300.000000
300.000000
300.000000
300.000000
300.000000
252.714986
252.714986
252.714986
252.714986
252.714986
252.714986
252.714986
252.714986
252.714986
252.714986
252.714986
252.714986
252.714986
252.714986
252.714986
252.714986
252.714986
252.714986
252.714986
252.714986
220.104632
220.104632
220.104632
220.104632
220.104632
220.104632
220.104632
220.104632
220.104632
220.104632
220.104632
220.104632
220.104632
220.104632
220.104632
220.104632
220.104632
220.104632
220.104632
220.104632
195.217783
195.217783
195.217783
195.217783
195.217783
195.217783
195.217783
195.217783
195.217783
195.217783
195.217783
195.217783
195.217783
195.217783
195.217783
195.217783
195.217783
195.217783
195.217783
195.217783
175.096501
175.096501
175.096501
175.096501
175.096501
175.096501
175.096501
175.096501
175.096501
175.096501
175.096501
175.096501
175.096501
175.096501
175.096501
175.096501
175.096501
175.096501
175.096501
175.096501
158.208996
158.208996
158.208996
158.208996
158.208996
158.208996
158.208996
158.208996
158.208996
158.208996
158.208996
158.208996
158.208996
158.208996
158.208996
158.208996
158.208996
158.208996
158.208996
158.208996
143.659761
143.659761
143.659761
143.659761
143.659761
143.659761
143.659761
143.659761
143.659761
143.659761
143.659761
143.659761
143.659761
143.659761
143.659761
143.659761
143.659761
143.659761
143.659761
143.659761
130.880027
130.880027
130.880027
130.880027
130.880027
130.880027
130.880027
130.880027
130.880027
130.880027
130.880027
130.880027
130.880027
130.880027
130.880027
130.880027
130.880027
130.880027
130.880027
130.880027
119.486048
119.486048
119.486048
119.486048
119.486048
119.486048
119.486048
119.486048
119.486048
119.486048
119.486048
119.486048
119.486048
119.486048
119.486048
119.486048
119.486048
119.486048
119.486048
119.486048
109.206698
109.206698
109.206698
109.206698
109.206698
109.206698
109.206698
109.206698
109.206698
109.206698
109.206698
109.206698
109.206698
109.206698
109.206698
109.206698
109.206698
109.206698
109.206698
109.206698
99.843329
99.843329
99.843329
99.843329
99.843329
99.843329
99.843329
99.843329
99.843329
99.843329
99.843329
99.843329
99.843329
99.843329
99.843329
99.843329
99.843329
99.843329
99.843329
99.843329
91.246053
91.246053
91.246053
91.246053
91.246053
91.246053
91.246053
91.246053
91.246053
91.246053
91.246053
91.246053
91.246053
91.246053
91.246053
91.246053
91.246053
91.246053
91.246053
91.246053
83.298992
83.298992
83.298992
83.298992
83.298992
83.298992
83.298992
83.298992
83.298992
83.298992
83.298992
83.298992
83.298992
83.298992
83.298992
83.298992
83.298992
83.298992
83.298992
83.298992
75.910709
75.910709
75.910709
75.910709
75.910709
75.910709
75.910709
75.910709
75.910709
75.910709
75.910709
75.910709
75.910709
75.910709
75.910709
75.910709
75.910709
75.910709
75.910709
75.910709
69.007787
69.007787
69.007787
69.007787
69.007787
69.007787
69.007787
69.007787
69.007787
69.007787
69.007787
69.007787
69.007787
69.007787
69.007787
69.007787
69.007787
69.007787
69.007787
69.007787
62.530388
62.530388
62.530388
62.530388
62.530388
62.530388
62.530388
62.530388
62.530388
62.530388
62.530388
62.530388
62.530388
62.530388
62.530388
62.530388
62.530388
62.530388
62.530388
62.530388
56.429096
56.429096
56.429096
56.429096
56.429096
56.429096
56.429096
56.429096
56.429096
56.429096
56.429096
56.429096
56.429096
56.429096
56.429096
56.429096
56.429096
56.429096
56.429096
56.429096
50.662631
50.662631
50.662631
50.662631
50.662631
50.662631
50.662631
50.662631
50.662631
50.662631
50.662631
50.662631
50.662631
50.662631
50.662631
50.662631
50.662631
50.662631
50.662631
50.662631
45.196155
45.196155
45.196155
45.196155
45.196155
45.196155
45.196155
45.196155
45.196155
45.196155
45.196155
45.196155
45.196155
45.196155
45.196155
45.196155
45.196155
45.196155
45.196155
45.196155
40.000000
40.000000
40.000000
40.000000
40.000000
40.000000
40.000000
40.000000
40.000000
40.000000
40.000000
40.000000
40.000000
40.000000
40.000000
40.000000
40.000000
40.000000
40.000000
40.000000
400.000000
400.000000
400.000000
400.000000
400.000000
400.000000
400.000000
400.000000
400.000000
400.000000
400.000000
400.000000
400.000000
400.000000
400.000000
400.000000
400.000000
400.000000
400.000000
400.000000
336.953315
336.953315
336.953315
336.953315
336.953315
336.953315
336.953315
336.953315
336.953315
336.953315
336.953315
336.953315
336.953315
336.953315
336.953315
336.953315
336.953315
336.953315
336.953315
336.953315
293.472843
293.472843
293.472843
293.472843
293.472843
293.472843
293.472843
293.472843
293.472843
293.472843
293.472843
293.472843
293.472843
293.472843
293.472843
293.472843
293.472843
293.472843
293.472843
293.472843
260.290377
260.290377
260.290377
260.290377
260.290377
260.290377
260.290377
260.290377
260.290377
260.290377
260.290377
260.290377
260.290377
260.290377
260.290377
260.290377
260.290377
260.290377
260.290377
260.290377
233.462001
233.462001
233.462001
233.462001
233.462001
233.462001
233.462001
233.462001
233.462001
233.462001
233.462001
233.462001
233.462001
233.462001
233.462001
233.462001
233.462001
233.462001
233.462001
233.462001
210.945328
210.945328
210.945328
210.945328
210.945328
210.945328
210.945328
210.945328
210.945328
210.945328
210.945328
210.945328
210.945328
210.945328
210.945328
210.945328
210.945328
210.945328
210.945328
210.945328
191.546348
191.546348
191.546348
191.546348
191.546348
191.546348
191.546348
191.546348
191.546348
191.546348
191.546348
191.546348
191.546348
191.546348
191.546348
191.546348
191.546348
191.546348
191.546348
191.546348
174.506703
174.506703
174.506703
174.506703
174.506703
174.506703
174.506703
174.506703
174.506703
174.506703
174.506703
174.506703
174.506703
174.506703
174.506703
174.506703
174.506703
174.506703
174.506703
174.506703
159.314731
159.314731
159.314731
159.314731
159.314731
159.314731
159.314731
159.314731
159.314731
159.314731
159.314731
159.314731
159.314731
159.314731
159.314731
159.314731
159.314731
159.314731
159.314731
159.314731
145.608930
145.608930
145.608930
145.608930
145.608930
145.608930
145.608930
145.608930
145.608930
145.608930
145.608930
145.608930
145.608930
145.608930
145.608930
145.608930
145.608930
145.608930
145.608930
145.608930
133.124438
133.124438
133.124438
133.124438
133.124438
133.124438
133.124438
133.124438
133.124438
133.124438
133.124438
133.124438
133.124438
133.124438
133.124438
133.124438
133.124438
133.124438
133.124438
133.124438
121.661404
121.661404
121.661404
121.661404
121.661404
121.661404
121.661404
121.661404
121.661404
121.661404
121.661404
121.661404
121.661404
121.661404
121.661404
121.661404
121.661404
121.661404
121.661404
121.661404
111.065323
111.065323
111.065323
111.065323
111.065323
111.065323
111.065323
111.065323
111.065323
111.065323
111.065323
111.065323
111.065323
111.065323
111.065323
111.065323
111.065323
111.065323
111.065323
111.065323
101.214278
101.214278
101.214278
101.214278
101.214278
101.214278
101.214278
101.214278
101.214278
101.214278
101.214278
101.214278
101.214278
101.214278
101.214278
101.214278
101.214278
101.214278
101.214278
101.214278
92.010383
92.010383
92.010383
92.010383
92.010383
92.010383
92.010383
92.010383
92.010383
92.010383
92.010383
92.010383
92.010383
92.010383
92.010383
92.010383
92.010383
92.010383
92.010383
92.010383
83.373851
83.373851
83.373851
83.373851
83.373851
83.373851
83.373851
83.373851
83.373851
83.373851
83.373851
83.373851
83.373851
83.373851
83.373851
83.373851
83.373851
83.373851
83.373851
83.373851
75.238795
75.238795
75.238795
75.238795
75.238795
75.238795
75.238795
75.238795
75.238795
75.238795
75.238795
75.238795
75.238795
75.238795
75.238795
75.238795
75.238795
75.238795
75.238795
75.238795
67.550175
67.550175
67.550175
67.550175
67.550175
67.550175
67.550175
67.550175
67.550175
67.550175
67.550175
67.550175
67.550175
67.550175
67.550175
67.550175
67.550175
67.550175
67.550175
67.550175
60.261540
60.261540
60.261540
60.261540
60.261540
60.261540
60.261540
60.261540
60.261540
60.261540
60.261540
60.261540
60.261540
60.261540
60.261540
60.261540
60.261540
60.261540
60.261540
60.261540
53.333333
53.333333
53.333333
53.333333
53.333333
53.333333
53.333333
53.333333
53.333333
53.333333
53.333333
53.333333
53.333333
53.333333
53.333333
53.333333
53.333333
53.333333
53.333333
53.333333
500.000000
500.000000
500.000000
500.000000
500.000000
500.000000
500.000000
500.000000
500.000000
500.000000
500.000000
500.000000
500.000000
500.000000
500.000000
500.000000
500.000000
500.000000
500.000000
500.000000
421.191644
421.191644
421.191644
421.191644
421.191644
421.191644
421.191644
421.191644
421.191644
421.191644
421.191644
421.191644
421.191644
421.191644
421.191644
421.191644
421.191644
421.191644
421.191644
421.191644
366.841054
366.841054
366.841054
366.841054
366.841054
366.841054
366.841054
366.841054
366.841054
366.841054
366.841054
366.841054
366.841054
366.841054
366.841054
366.841054
366.841054
366.841054
366.841054
366.841054
325.362972
325.362972
325.362972
325.362972
325.362972
325.362972
325.362972
325.362972
325.362972
325.362972
325.362972
325.362972
325.362972
325.362972
325.362972
325.362972
325.362972
325.362972
325.362972
325.362972
291.827501
291.827501
291.827501
291.827501
291.827501
291.827501
291.827501
291.827501
291.827501
291.827501
291.827501
291.827501
291.827501
291.827501
291.827501
291.827501
291.827501
291.827501
291.827501
291.827501
263.681660
263.681660
263.681660
263.681660
263.681660
263.681660
263.681660
263.681660
263.681660
263.681660
263.681660
263.681660
263.681660
263.681660
263.681660
263.681660
263.681660
263.681660
263.681660
263.681660
239.432935
239.432935
239.432935
239.432935
239.432935
239.432935
239.432935
239.432935
239.432935
239.432935
239.432935
239.432935
239.432935
239.432935
239.432935
239.432935
239.432935
239.432935
239.432935
239.432935
218.133379
218.133379
218.133379
218.133379
218.133379
218.133379
218.133379
218.133379
218.133379
218.133379
218.133379
218.133379
218.133379
218.133379
218.133379
218.133379
218.133379
218.133379
218.133379
218.133379
199.143414
199.143414
199.143414
199.143414
199.143414
199.143414
199.143414
199.143414
199.143414
199.143414
199.143414
199.143414
199.143414
199.143414
199.143414
199.143414
199.143414
199.143414
199.143414
199.143414
182.011163
182.011163
182.011163
182.011163
182.011163
182.011163
182.011163
182.011163
182.011163
182.011163
182.011163
182.011163
182.011163
182.011163
182.011163
182.011163
182.011163
182.011163
182.011163
182.011163
166.405548
166.405548
166.405548
166.405548
166.405548
166.405548
166.405548
166.405548
166.405548
166.405548
166.405548
166.405548
166.405548
166.405548
166.405548
166.405548
166.405548
166.405548
166.405548
166.405548
152.076756
152.076756
152.076756
152.076756
152.076756
152.076756
152.076756
152.076756
152.076756
152.076756
152.076756
152.076756
152.076756
152.076756
152.076756
152.076756
152.076756
152.076756
152.076756
152.076756
138.831654
138.831654
138.831654
138.831654
138.831654
138.831654
138.831654
138.831654
138.831654
138.831654
138.831654
138.831654
138.831654
138.831654
138.831654
138.831654
138.831654
138.831654
138.831654
138.831654
126.517848
126.517848
126.517848
126.517848
126.517848
126.517848
126.517848
126.517848
126.517848
126.517848
126.517848
126.517848
126.517848
126.517848
126.517848
126.517848
126.517848
126.517848
126.517848
126.517848
115.012979
115.012979
115.012979
115.012979
115.012979
115.012979
115.012979
115.012979
115.012979
115.012979
115.012979
115.012979
115.012979
115.012979
115.012979
115.012979
115.012979
115.012979
115.012979
115.012979
104.217313
104.217313
104.217313
104.217313
104.217313
104.217313
104.217313
104.217313
104.217313
104.217313
104.217313
104.217313
104.217313
104.217313
104.217313
104.217313
104.217313
104.217313
104.217313
104.217313
94.048493
94.048493
94.048493
94.048493
94.048493
94.048493
94.048493
94.048493
94.048493
94.048493
94.048493
94.048493
94.048493
94.048493
94.048493
94.048493
94.048493
94.048493
94.048493
94.048493
84.437718
84.437718
84.437718
84.437718
84.437718
84.437718
84.437718
84.437718
84.437718
84.437718
84.437718
84.437718
84.437718
84.437718
84.437718
84.437718
84.437718
84.437718
84.437718
84.437718
75.326926
75.326926
75.326926
75.326926
75.326926
75.326926
75.326926
75.326926
75.326926
75.326926
75.326926
75.326926
75.326926
75.326926
75.326926
75.326926
75.326926
75.326926
75.326926
75.326926
66.666667
66.666667
66.666667
66.666667
66.666667
66.666667
66.666667
66.666667
66.666667
66.666667
66.666667
66.666667
66.666667
66.666667
66.666667
66.666667
66.666667
66.666667
66.666667
66.666667
600.000000
600.000000
600.000000
600.000000
600.000000
600.000000
600.000000
600.000000
600.000000
600.000000
600.000000
600.000000
600.000000
600.000000
600.000000
600.000000
600.000000
600.000000
600.000000
600.000000
505.429973
505.429973
505.429973
505.429973
505.429973
505.429973
505.429973
505.429973
505.429973
505.429973
505.429973
505.429973
505.429973
505.429973
505.429973
505.429973
505.429973
505.429973
505.429973
505.429973
440.209265
440.209265
440.209265
440.209265
440.209265
440.209265
440.209265
440.209265
440.209265
440.209265
440.209265
440.209265
440.209265
440.209265
440.209265
440.209265
440.209265
440.209265
440.209265
440.209265
390.435566
390.435566
390.435566
390.435566
390.435566
390.435566
390.435566
390.435566
390.435566
390.435566
390.435566
390.435566
390.435566
390.435566
390.435566
390.435566
390.435566
390.435566
390.435566
390.435566
350.193001
350.193001
350.193001
350.193001
350.193001
350.193001
350.193001
350.193001
350.193001
350.193001
350.193001
350.193001
350.193001
350.193001
350.193001
350.193001
350.193001
350.193001
350.193001
350.193001
316.417992
316.417992
316.417992
316.417992
316.417992
316.417992
316.417992
316.417992
316.417992
316.417992
316.417992
316.417992
316.417992
316.417992
316.417992
316.417992
316.417992
316.417992
316.417992
316.417992
287.319522
287.319522
287.319522
287.319522
287.319522
287.319522
287.319522
287.319522
287.319522
287.319522
287.319522
287.319522
287.319522
287.319522
287.319522
287.319522
287.319522
287.319522
287.319522
287.319522
261.760055
261.760055
261.760055
261.760055
261.760055
261.760055
261.760055
261.760055
261.760055
261.760055
261.760055
261.760055
261.760055
261.760055
261.760055
261.760055
261.760055
261.760055
261.760055
261.760055
238.972097
238.972097
238.972097
238.972097
238.972097
238.972097
238.972097
238.972097
238.972097
238.972097
238.972097
238.972097
238.972097
238.972097
238.972097
238.972097
238.972097
238.972097
238.972097
238.972097
218.413395
218.413395
218.413395
218.413395
218.413395
218.413395
218.413395
218.413395
218.413395
218.413395
218.413395
218.413395
218.413395
218.413395
218.413395
218.413395
218.413395
218.413395
218.413395
218.413395
199.686657
199.686657
199.686657
199.686657
199.686657
199.686657
199.686657
199.686657
199.686657
199.686657
199.686657
199.686657
199.686657
199.686657
199.686657
199.686657
199.686657
199.686657
199.686657
199.686657
182.492107
182.492107
182.492107
182.492107
182.492107
182.492107
182.492107
182.492107
182.492107
182.492107
182.492107
182.492107
182.492107
182.492107
182.492107
182.492107
182.492107
182.492107
182.492107
182.492107
166.597984
166.597984
166.597984
166.597984
166.597984
166.597984
166.597984
166.597984
166.597984
166.597984
166.597984
166.597984
166.597984
166.597984
166.597984
166.597984
166.597984
166.597984
166.597984
166.597984
151.821418
151.821418
151.821418
151.821418
151.821418
151.821418
151.821418
151.821418
151.821418
151.821418
151.821418
151.821418
151.821418
151.821418
151.821418
151.821418
151.821418
151.821418
151.821418
151.821418
138.015574
138.015574
138.015574
138.015574
138.015574
138.015574
138.015574
138.015574
138.015574
138.015574
138.015574
138.015574
138.015574
138.015574
138.015574
138.015574
138.015574
138.015574
138.015574
138.015574
125.060776
125.060776
125.060776
125.060776
125.060776
125.060776
125.060776
125.060776
125.060776
125.060776
125.060776
125.060776
125.060776
125.060776
125.060776
125.060776
125.060776
125.060776
125.060776
125.060776
112.858192
112.858192
112.858192
112.858192
112.858192
112.858192
112.858192
112.858192
112.858192
112.858192
112.858192
112.858192
112.858192
112.858192
112.858192
112.858192
112.858192
112.858192
112.858192
112.858192
101.325262
101.325262
101.325262
101.325262
101.325262
101.325262
101.325262
101.325262
101.325262
101.325262
101.325262
101.325262
101.325262
101.325262
101.325262
101.325262
101.325262
101.325262
101.325262
101.325262
90.392311
90.392311
90.392311
90.392311
90.392311
90.392311
90.392311
90.392311
90.392311
90.392311
90.392311
90.392311
90.392311
90.392311
90.392311
90.392311
90.392311
90.392311
90.392311
90.392311
80.000000
80.000000
80.000000
80.000000
80.000000
80.000000
80.000000
80.000000
80.000000
80.000000
80.000000
80.000000
80.000000
80.000000
80.000000
80.000000
80.000000
80.000000
80.000000
80.000000
700.000000
700.000000
700.000000
700.000000
700.000000
700.000000
700.000000
700.000000
700.000000
700.000000
700.000000
700.000000
700.000000
700.000000
700.000000
700.000000
700.000000
700.000000
700.000000
700.000000
589.668302
589.668302
589.668302
589.668302
589.668302
589.668302
589.668302
589.668302
589.668302
589.668302
589.668302
589.668302
589.668302
589.668302
589.668302
589.668302
589.668302
589.668302
589.668302
589.668302
513.577475
513.577475
513.577475
513.577475
513.577475
513.577475
513.577475
513.577475
513.577475
513.577475
513.577475
513.577475
513.577475
513.577475
513.577475
513.577475
513.577475
513.577475
513.577475
513.577475
455.508160
455.508160
455.508160
455.508160
455.508160
455.508160
455.508160
455.508160
455.508160
455.508160
455.508160
455.508160
455.508160
455.508160
455.508160
455.508160
455.508160
455.508160
455.508160
455.508160
408.558502
408.558502
408.558502
408.558502
408.558502
408.558502
408.558502
408.558502
408.558502
408.558502
408.558502
408.558502
408.558502
408.558502
408.558502
408.558502
408.558502
408.558502
408.558502
408.558502
369.154324
369.154324
369.154324
369.154324
369.154324
369.154324
369.154324
369.154324
369.154324
369.154324
369.154324
369.154324
369.154324
369.154324
369.154324
369.154324
369.154324
369.154324
369.154324
369.154324
335.206109
335.206109
335.206109
335.206109
335.206109
335.206109
335.206109
335.206109
335.206109
335.206109
335.206109
335.206109
335.206109
335.206109
335.206109
335.206109
335.206109
335.206109
335.206109
335.206109
305.386731
305.386731
305.386731
305.386731
305.386731
305.386731
305.386731
305.386731
305.386731
305.386731
305.386731
305.386731
305.386731
305.386731
305.386731
305.386731
305.386731
305.386731
305.386731
305.386731
278.800779
278.800779
278.800779
278.800779
278.800779
278.800779
278.800779
278.800779
278.800779
278.800779
278.800779
278.800779
278.800779
278.800779
278.800779
278.800779
278.800779
278.800779
278.800779
278.800779
254.815628
254.815628
254.815628
254.815628
254.815628
254.815628
254.815628
254.815628
254.815628
254.815628
254.815628
254.815628
254.815628
254.815628
254.815628
254.815628
254.815628
254.815628
254.815628
254.815628
232.967767
232.967767
232.967767
232.967767
232.967767
232.967767
232.967767
232.967767
232.967767
232.967767
232.967767
232.967767
232.967767
232.967767
232.967767
232.967767
232.967767
232.967767
232.967767
232.967767
212.907458
212.907458
212.907458
212.907458
212.907458
212.907458
212.907458
212.907458
212.907458
212.907458
212.907458
212.907458
212.907458
212.907458
212.907458
212.907458
212.907458
212.907458
212.907458
212.907458
194.364315
194.364315
194.364315
194.364315
194.364315
194.364315
194.364315
194.364315
194.364315
194.364315
194.364315
194.364315
194.364315
194.364315
194.364315
194.364315
194.364315
194.364315
194.364315
194.364315
177.124987
177.124987
177.124987
177.124987
177.124987
177.124987
177.124987
177.124987
177.124987
177.124987
177.124987
177.124987
177.124987
177.124987
177.124987
177.124987
177.124987
177.124987
177.124987
177.124987
161.018170
161.018170
161.018170
161.018170
161.018170
161.018170
161.018170
161.018170
161.018170
161.018170
161.018170
161.018170
161.018170
161.018170
161.018170
161.018170
161.018170
161.018170
161.018170
161.018170
145.904239
145.904239
145.904239
145.904239
145.904239
145.904239
145.904239
145.904239
145.904239
145.904239
145.904239
145.904239
145.904239
145.904239
145.904239
145.904239
145.904239
145.904239
145.904239
145.904239
131.667891
131.667891
131.667891
131.667891
131.667891
131.667891
131.667891
131.667891
131.667891
131.667891
131.667891
131.667891
131.667891
131.667891
131.667891
131.667891
131.667891
131.667891
131.667891
131.667891
118.212805
118.212805
118.212805
118.212805
118.212805
118.212805
118.212805
118.212805
118.212805
118.212805
118.212805
118.212805
118.212805
118.212805
118.212805
118.212805
118.212805
118.212805
118.212805
118.212805
105.457696
105.457696
105.457696
105.457696
105.457696
105.457696
105.457696
105.457696
105.457696
105.457696
105.457696
105.457696
105.457696
105.457696
105.457696
105.457696
105.457696
105.457696
105.457696
105.457696
93.333333
93.333333
93.333333
93.333333
93.333333
93.333333
93.333333
93.333333
93.333333
93.333333
93.333333
93.333333
93.333333
93.333333
93.333333
93.333333
93.333333
93.333333
93.333333
93.333333
800.000000
800.000000
800.000000
800.000000
800.000000
800.000000
800.000000
800.000000
800.000000
800.000000
800.000000
800.000000
800.000000
800.000000
800.000000
800.000000
800.000000
800.000000
800.000000
800.000000
673.906631
673.906631
673.906631
673.906631
673.906631
673.906631
673.906631
673.906631
673.906631
673.906631
673.906631
673.906631
673.906631
673.906631
673.906631
673.906631
673.906631
673.906631
673.906631
673.906631
586.945686
586.945686
586.945686
586.945686
586.945686
586.945686
586.945686
586.945686
586.945686
586.945686
586.945686
586.945686
586.945686
586.945686
586.945686
586.945686
586.945686
586.945686
586.945686
586.945686
520.580755
520.580755
520.580755
520.580755
520.580755
520.580755
520.580755
520.580755
520.580755
520.580755
520.580755
520.580755
520.580755
520.580755
520.580755
520.580755
520.580755
520.580755
520.580755
520.580755
466.924002
466.924002
466.924002
466.924002
466.924002
466.924002
466.924002
466.924002
466.924002
466.924002
466.924002
466.924002
466.924002
466.924002
466.924002
466.924002
466.924002
466.924002
466.924002
466.924002
421.890655
421.890655
421.890655
421.890655
421.890655
421.890655
421.890655
421.890655
421.890655
421.890655
421.890655
421.890655
421.890655
421.890655
421.890655
421.890655
421.890655
421.890655
421.890655
421.890655
383.092696
383.092696
383.092696
383.092696
383.092696
383.092696
383.092696
383.092696
383.092696
383.092696
383.092696
383.092696
383.092696
383.092696
383.092696
383.092696
383.092696
383.092696
383.092696
383.092696
349.013407
349.013407
349.013407
349.013407
349.013407
349.013407
349.013407
349.013407
349.013407
349.013407
349.013407
349.013407
349.013407
349.013407
349.013407
349.013407
349.013407
349.013407
349.013407
349.013407
318.629462
318.629462
318.629462
318.629462
318.629462
318.629462
318.629462
318.629462
318.629462
318.629462
318.629462
318.629462
318.629462
318.629462
318.629462
318.629462
318.629462
318.629462
318.629462
318.629462
291.217860
291.217860
291.217860
291.217860
291.217860
291.217860
291.217860
291.217860
291.217860
291.217860
291.217860
291.217860
291.217860
291.217860
291.217860
291.217860
291.217860
291.217860
291.217860
291.217860
266.248876
266.248876
266.248876
266.248876
266.248876
266.248876
266.248876
266.248876
266.248876
266.248876
266.248876
266.248876
266.248876
266.248876
266.248876
266.248876
266.248876
266.248876
266.248876
266.248876
243.322809
243.322809
243.322809
243.322809
243.322809
243.322809
243.322809
243.322809
243.322809
243.322809
243.322809
243.322809
243.322809
243.322809
243.322809
243.322809
243.322809
243.322809
243.322809
243.322809
222.130646
222.130646
222.130646
222.130646
222.130646
222.130646
222.130646
222.130646
222.130646
222.130646
222.130646
222.130646
222.130646
222.130646
222.130646
222.130646
222.130646
222.130646
222.130646
222.130646
202.428557
202.428557
202.428557
202.428557
202.428557
202.428557
202.428557
202.428557
202.428557
202.428557
202.428557
202.428557
202.428557
202.428557
202.428557
202.428557
202.428557
202.428557
202.428557
202.428557
184.020766
184.020766
184.020766
184.020766
184.020766
184.020766
184.020766
184.020766
184.020766
184.020766
184.020766
184.020766
184.020766
184.020766
184.020766
184.020766
184.020766
184.020766
184.020766
184.020766
166.747701
166.747701
166.747701
166.747701
166.747701
166.747701
166.747701
166.747701
166.747701
166.747701
166.747701
166.747701
166.747701
166.747701
166.747701
166.747701
166.747701
166.747701
166.747701
166.747701
150.477589
150.477589
150.477589
150.477589
150.477589
150.477589
150.477589
150.477589
150.477589
150.477589
150.477589
150.477589
150.477589
150.477589
150.477589
150.477589
150.477589
150.477589
150.477589
150.477589
135.100349
135.100349
135.100349
135.100349
135.100349
135.100349
135.100349
135.100349
135.100349
135.100349
135.100349
135.100349
135.100349
135.100349
135.100349
135.100349
135.100349
135.100349
135.100349
135.100349
120.523081
120.523081
120.523081
120.523081
120.523081
120.523081
120.523081
120.523081
120.523081
120.523081
120.523081
120.523081
120.523081
120.523081
120.523081
120.523081
120.523081
120.523081
120.523081
120.523081
106.666667
106.666667
106.666667
106.666667
106.666667
106.666667
106.666667
106.666667
106.666667
106.666667
106.666667
106.666667
106.666667
106.666667
106.666667
106.666667
106.666667
106.666667
106.666667
106.666667
900.000000
900.000000
900.000000
900.000000
900.000000
900.000000
900.000000
900.000000
900.000000
900.000000
900.000000
900.000000
900.000000
900.000000
900.000000
900.000000
900.000000
900.000000
900.000000
900.000000
758.144959
758.144959
758.144959
758.144959
758.144959
758.144959
758.144959
758.144959
758.144959
758.144959
758.144959
758.144959
758.144959
758.144959
758.144959
758.144959
758.144959
758.144959
758.144959
758.144959
660.313897
660.313897
660.313897
660.313897
660.313897
660.313897
660.313897
660.313897
660.313897
660.313897
660.313897
660.313897
660.313897
660.313897
660.313897
660.313897
660.313897
660.313897
660.313897
660.313897
585.653349
585.653349
585.653349
585.653349
585.653349
585.653349
585.653349
585.653349
585.653349
585.653349
585.653349
585.653349
585.653349
585.653349
585.653349
585.653349
585.653349
585.653349
585.653349
585.653349
525.289502
525.289502
525.289502
525.289502
525.289502
525.289502
525.289502
525.289502
525.289502
525.289502
525.289502
525.289502
525.289502
525.289502
525.289502
525.289502
525.289502
525.289502
525.289502
525.289502
474.626987
474.626987
474.626987
474.626987
474.626987
474.626987
474.626987
474.626987
474.626987
474.626987
474.626987
474.626987
474.626987
474.626987
474.626987
474.626987
474.626987
474.626987
474.626987
474.626987
430.979283
430.979283
430.979283
430.979283
430.979283
430.979283
430.979283
430.979283
430.979283
430.979283
430.979283
430.979283
430.979283
430.979283
430.979283
430.979283
430.979283
430.979283
430.979283
430.979283
392.640082
392.640082
392.640082
392.640082
392.640082
392.640082
392.640082
392.640082
392.640082
392.640082
392.640082
392.640082
392.640082
392.640082
392.640082
392.640082
392.640082
392.640082
392.640082
392.640082
358.458145
358.458145
358.458145
358.458145
358.458145
358.458145
358.458145
358.458145
358.458145
358.458145
358.458145
358.458145
358.458145
358.458145
358.458145
358.458145
358.458145
358.458145
358.458145
358.458145
327.620093
327.620093
327.620093
327.620093
327.620093
327.620093
327.620093
327.620093
327.620093
327.620093
327.620093
327.620093
327.620093
327.620093
327.620093
327.620093
327.620093
327.620093
327.620093
327.620093
299.529986
299.529986
299.529986
299.529986
299.529986
299.529986
299.529986
299.529986
299.529986
299.529986
299.529986
299.529986
299.529986
299.529986
299.529986
299.529986
299.529986
299.529986
299.529986
299.529986
273.738160
273.738160
273.738160
273.738160
273.738160
273.738160
273.738160
273.738160
273.738160
273.738160
273.738160
273.738160
273.738160
273.738160
273.738160
273.738160
273.738160
273.738160
273.738160
273.738160
249.896977
249.896977
249.896977
249.896977
249.896977
249.896977
249.896977
249.896977
249.896977
249.896977
249.896977
249.896977
249.896977
249.896977
249.896977
249.896977
249.896977
249.896977
249.896977
249.896977
227.732127
227.732127
227.732127
227.732127
227.732127
227.732127
227.732127
227.732127
227.732127
227.732127
227.732127
227.732127
227.732127
227.732127
227.732127
227.732127
227.732127
227.732127
227.732127
227.732127
207.023361
207.023361
207.023361
207.023361
207.023361
207.023361
207.023361
207.023361
207.023361
207.023361
207.023361
207.023361
207.023361
207.023361
207.023361
207.023361
207.023361
207.023361
207.023361
207.023361
187.591164
187.591164
187.591164
187.591164
187.591164
187.591164
187.591164
187.591164
187.591164
187.591164
187.591164
187.591164
187.591164
187.591164
187.591164
187.591164
187.591164
187.591164
187.591164
187.591164
169.287288
169.287288
169.287288
169.287288
169.287288
169.287288
169.287288
169.287288
169.287288
169.287288
169.287288
169.287288
169.287288
169.287288
169.287288
169.287288
169.287288
169.287288
169.287288
169.287288
151.987893
151.987893
151.987893
151.987893
151.987893
151.987893
151.987893
151.987893
151.987893
151.987893
151.987893
151.987893
151.987893
151.987893
151.987893
151.987893
151.987893
151.987893
151.987893
151.987893
135.588466
135.588466
135.588466
135.588466
135.588466
135.588466
135.588466
135.588466
135.588466
135.588466
135.588466
135.588466
135.588466
135.588466
135.588466
135.588466
135.588466
135.588466
135.588466
135.588466
120.000000
120.000000
120.000000
120.000000
120.000000
120.000000
120.000000
120.000000
120.000000
120.000000
120.000000
120.000000
120.000000
120.000000
120.000000
120.000000
120.000000
120.000000
120.000000
120.000000
1000.000000
1000.000000
1000.000000
1000.000000
1000.000000
1000.000000
1000.000000
1000.000000
1000.000000
1000.000000
1000.000000
1000.000000
1000.000000
1000.000000
1000.000000
1000.000000
1000.000000
1000.000000
1000.000000
1000.000000
842.383288
842.383288
842.383288
842.383288
842.383288
842.383288
842.383288
842.383288
842.383288
842.383288
842.383288
842.383288
842.383288
842.383288
842.383288
842.383288
842.383288
842.383288
842.383288
842.383288
733.682108
733.682108
733.682108
733.682108
733.682108
733.682108
733.682108
733.682108
733.682108
733.682108
733.682108
733.682108
733.682108
733.682108
733.682108
733.682108
733.682108
733.682108
733.682108
733.682108
650.725943
650.725943
650.725943
650.725943
650.725943
650.725943
650.725943
650.725943
650.725943
650.725943
650.725943
650.725943
650.725943
650.725943
650.725943
650.725943
650.725943
650.725943
650.725943
650.725943
583.655002
583.655002
583.655002
583.655002
583.655002
583.655002
583.655002
583.655002
583.655002
583.655002
583.655002
583.655002
583.655002
583.655002
583.655002
583.655002
583.655002
583.655002
583.655002
583.655002
527.363319
527.363319
527.363319
527.363319
527.363319
527.363319
527.363319
527.363319
527.363319
527.363319
527.363319
527.363319
527.363319
527.363319
527.363319
527.363319
527.363319
527.363319
527.363319
527.363319
478.865870
478.865870
478.865870
478.865870
478.865870
478.865870
478.865870
478.865870
478.865870
478.865870
478.865870
478.865870
478.865870
478.865870
478.865870
478.865870
478.865870
478.865870
478.865870
478.865870
436.266758
436.266758
436.266758
436.266758
436.266758
436.266758
436.266758
436.266758
436.266758
436.266758
436.266758
436.266758
436.266758
436.266758
436.266758
436.266758
436.266758
436.266758
436.266758
436.266758
398.286828
398.286828
398.286828
398.286828
398.286828
398.286828
398.286828
398.286828
398.286828
398.286828
398.286828
398.286828
398.286828
398.286828
398.286828
398.286828
398.286828
398.286828
398.286828
398.286828
364.022325
364.022325
364.022325
364.022325
364.022325
364.022325
364.022325
364.022325
364.022325
364.022325
364.022325
364.022325
364.022325
364.022325
364.022325
364.022325
364.022325
364.022325
364.022325
364.022325
332.811095
332.811095
332.811095
332.811095
332.811095
332.811095
332.811095
332.811095
332.811095
332.811095
332.811095
332.811095
332.811095
332.811095
332.811095
332.811095
332.811095
332.811095
332.811095
332.811095
304.153511
304.153511
304.153511
304.153511
304.153511
304.153511
304.153511
304.153511
304.153511
304.153511
304.153511
304.153511
304.153511
304.153511
304.153511
304.153511
304.153511
304.153511
304.153511
304.153511
277.663307
277.663307
277.663307
277.663307
277.663307
277.663307
277.663307
277.663307
277.663307
277.663307
277.663307
277.663307
277.663307
277.663307
277.663307
277.663307
277.663307
277.663307
277.663307
277.663307
253.035696
253.035696
253.035696
253.035696
253.035696
253.035696
253.035696
253.035696
253.035696
253.035696
253.035696
253.035696
253.035696
253.035696
253.035696
253.035696
253.035696
253.035696
253.035696
253.035696
230.025957
230.025957
230.025957
230.025957
230.025957
230.025957
230.025957
230.025957
230.025957
230.025957
230.025957
230.025957
230.025957
230.025957
230.025957
230.025957
230.025957
230.025957
230.025957
230.025957
208.434627
208.434627
208.434627
208.434627
208.434627
208.434627
208.434627
208.434627
208.434627
208.434627
208.434627
208.434627
208.434627
208.434627
208.434627
208.434627
208.434627
208.434627
208.434627
208.434627
188.096987
188.096987
188.096987
188.096987
188.096987
188.096987
188.096987
188.096987
188.096987
188.096987
188.096987
188.096987
188.096987
188.096987
188.096987
188.096987
188.096987
188.096987
188.096987
188.096987
168.875436
168.875436
168.875436
168.875436
168.875436
168.875436
168.875436
168.875436
168.875436
168.875436
168.875436
168.875436
168.875436
168.875436
168.875436
168.875436
168.875436
168.875436
168.875436
168.875436
150.653851
150.653851
150.653851
150.653851
150.653851
150.653851
150.653851
150.653851
150.653851
150.653851
150.653851
150.653851
150.653851
150.653851
150.653851
150.653851
150.653851
150.653851
150.653851
150.653851
133.333333
133.333333
133.333333
133.333333
133.333333
133.333333
133.333333
133.333333
133.333333
133.333333
133.333333
133.333333
133.333333
133.333333
133.333333
133.333333
133.333333
133.333333
133.333333
133.333333
1100.000000
1100.000000
1100.000000
1100.000000
1100.000000
1100.000000
1100.000000
1100.000000
1100.000000
1100.000000
1100.000000
1100.000000
1100.000000
1100.000000
1100.000000
1100.000000
1100.000000
1100.000000
1100.000000
1100.000000
926.621617
926.621617
926.621617
926.621617
926.621617
926.621617
926.621617
926.621617
926.621617
926.621617
926.621617
926.621617
926.621617
926.621617
926.621617
926.621617
926.621617
926.621617
926.621617
926.621617
807.050318
807.050318
807.050318
807.050318
807.050318
807.050318
807.050318
807.050318
807.050318
807.050318
807.050318
807.050318
807.050318
807.050318
807.050318
807.050318
807.050318
807.050318
807.050318
807.050318
715.798538
715.798538
715.798538
715.798538
715.798538
715.798538
715.798538
715.798538
715.798538
715.798538
715.798538
715.798538
715.798538
715.798538
715.798538
715.798538
715.798538
715.798538
715.798538
715.798538
642.020502
642.020502
642.020502
642.020502
642.020502
642.020502
642.020502
642.020502
642.020502
642.020502
642.020502
642.020502
642.020502
642.020502
642.020502
642.020502
642.020502
642.020502
642.020502
642.020502
580.099651
580.099651
580.099651
580.099651
580.099651
580.099651
580.099651
580.099651
580.099651
580.099651
580.099651
580.099651
580.099651
580.099651
580.099651
580.099651
580.099651
580.099651
580.099651
580.099651
526.752457
526.752457
526.752457
526.752457
526.752457
526.752457
526.752457
526.752457
526.752457
526.752457
526.752457
526.752457
526.752457
526.752457
526.752457
526.752457
526.752457
526.752457
526.752457
526.752457
479.893434
479.893434
479.893434
479.893434
479.893434
479.893434
479.893434
479.893434
479.893434
479.893434
479.893434
479.893434
479.893434
479.893434
479.893434
479.893434
479.893434
479.893434
479.893434
479.893434
438.115510
438.115510
438.115510
438.115510
438.115510
438.115510
438.115510
438.115510
438.115510
438.115510
438.115510
438.115510
438.115510
438.115510
438.115510
438.115510
438.115510
438.115510
438.115510
438.115510
400.424558
400.424558
400.424558
400.424558
400.424558
400.424558
400.424558
400.424558
400.424558
400.424558
400.424558
400.424558
400.424558
400.424558
400.424558
400.424558
400.424558
400.424558
400.424558
400.424558
366.092205
366.092205
366.092205
366.092205
366.092205
366.092205
366.092205
366.092205
366.092205
366.092205
366.092205
366.092205
366.092205
366.092205
366.092205
366.092205
366.092205
366.092205
366.092205
366.092205
334.568862
334.568862
334.568862
334.568862
334.568862
334.568862
334.568862
334.568862
334.568862
334.568862
334.568862
334.568862
334.568862
334.568862
334.568862
334.568862
334.568862
334.568862
334.568862
334.568862
305.429638
305.429638
305.429638
305.429638
305.429638
305.429638
305.429638
305.429638
305.429638
305.429638
305.429638
305.429638
305.429638
305.429638
305.429638
305.429638
305.429638
305.429638
305.429638
305.429638
278.339266
278.339266
278.339266
278.339266
278.339266
278.339266
278.339266
278.339266
278.339266
278.339266
278.339266
278.339266
278.339266
278.339266
278.339266
278.339266
278.339266
278.339266
278.339266
278.339266
253.028553
253.028553
253.028553
253.028553
253.028553
253.028553
253.028553
253.028553
253.028553
253.028553
253.028553
253.028553
253.028553
253.028553
253.028553
253.028553
253.028553
253.028553
253.028553
253.028553
229.278089
229.278089
229.278089
229.278089
229.278089
229.278089
229.278089
229.278089
229.278089
229.278089
229.278089
229.278089
229.278089
229.278089
229.278089
229.278089
229.278089
229.278089
229.278089
229.278089
206.906685
206.906685
206.906685
206.906685
206.906685
206.906685
206.906685
206.906685
206.906685
206.906685
206.906685
206.906685
206.906685
206.906685
206.906685
206.906685
206.906685
206.906685
206.906685
206.906685
185.762980
185.762980
185.762980
185.762980
185.762980
185.762980
185.762980
185.762980
185.762980
185.762980
185.762980
185.762980
185.762980
185.762980
185.762980
185.762980
185.762980
185.762980
185.762980
185.762980
165.719236
165.719236
165.719236
165.719236
165.719236
165.719236
165.719236
165.719236
165.719236
165.719236
165.719236
165.719236
165.719236
165.719236
165.719236
165.719236
165.719236
165.719236
165.719236
165.719236
146.666667
146.666667
146.666667
146.666667
146.666667
146.666667
146.666667
146.666667
146.666667
146.666667
146.666667
146.666667
146.666667
146.666667
146.666667
146.666667
146.666667
146.666667
146.666667
146.666667
1200.000000
1200.000000
1200.000000
1200.000000
1200.000000
1200.000000
1200.000000
1200.000000
1200.000000
1200.000000
1200.000000
1200.000000
1200.000000
1200.000000
1200.000000
1200.000000
1200.000000
1200.000000
1200.000000
1200.000000
1010.859946
1010.859946
1010.859946
1010.859946
1010.859946
1010.859946
1010.859946
1010.859946
1010.859946
1010.859946
1010.859946
1010.859946
1010.859946
1010.859946
1010.859946
1010.859946
1010.859946
1010.859946
1010.859946
1010.859946
880.418529
880.418529
880.418529
880.418529
880.418529
880.418529
880.418529
880.418529
880.418529
880.418529
880.418529
880.418529
880.418529
880.418529
880.418529
880.418529
880.418529
880.418529
880.418529
880.418529
780.871132
780.871132
780.871132
780.871132
780.871132
780.871132
780.871132
780.871132
780.871132
780.871132
780.871132
780.871132
780.871132
780.871132
780.871132
780.871132
780.871132
780.871132
780.871132
780.871132
700.386003
700.386003
700.386003
700.386003
700.386003
700.386003
700.386003
700.386003
700.386003
700.386003
700.386003
700.386003
700.386003
700.386003
700.386003
700.386003
700.386003
700.386003
700.386003
700.386003
632.835983
632.835983
632.835983
632.835983
632.835983
632.835983
632.835983
632.835983
632.835983
632.835983
632.835983
632.835983
632.835983
632.835983
632.835983
632.835983
632.835983
632.835983
632.835983
632.835983
574.639043
574.639043
574.639043
574.639043
574.639043
574.639043
574.639043
574.639043
574.639043
574.639043
574.639043
574.639043
574.639043
574.639043
574.639043
574.639043
574.639043
574.639043
574.639043
574.639043
523.520110
523.520110
523.520110
523.520110
523.520110
523.520110
523.520110
523.520110
523.520110
523.520110
523.520110
523.520110
523.520110
523.520110
523.520110
523.520110
523.520110
523.520110
523.520110
523.520110
477.944193
477.944193
477.944193
477.944193
477.944193
477.944193
477.944193
477.944193
477.944193
477.944193
477.944193
477.944193
477.944193
477.944193
477.944193
477.944193
477.944193
477.944193
477.944193
477.944193
436.826790
436.826790
436.826790
436.826790
436.826790
436.826790
436.826790
436.826790
436.826790
436.826790
436.826790
436.826790
436.826790
436.826790
436.826790
436.826790
436.826790
436.826790
436.826790
436.826790
399.373314
399.373314
399.373314
399.373314
399.373314
399.373314
399.373314
399.373314
399.373314
399.373314
399.373314
399.373314
399.373314
399.373314
399.373314
399.373314
399.373314
399.373314
399.373314
399.373314
364.984213
364.984213
364.984213
364.984213
364.984213
364.984213
364.984213
364.984213
364.984213
364.984213
364.984213
364.984213
364.984213
364.984213
364.984213
364.984213
364.984213
364.984213
364.984213
364.984213
333.195969
333.195969
333.195969
333.195969
333.195969
333.195969
333.195969
333.195969
333.195969
333.195969
333.195969
333.195969
333.195969
333.195969
333.195969
333.195969
333.195969
333.195969
333.195969
333.195969
303.642835
303.642835
303.642835
303.642835
303.642835
303.642835
303.642835
303.642835
303.642835
303.642835
303.642835
303.642835
303.642835
303.642835
303.642835
303.642835
303.642835
303.642835
303.642835
303.642835
276.031149
276.031149
276.031149
276.031149
276.031149
276.031149
276.031149
276.031149
276.031149
276.031149
276.031149
276.031149
276.031149
276.031149
276.031149
276.031149
276.031149
276.031149
276.031149
276.031149
250.121552
250.121552
250.121552
250.121552
250.121552
250.121552
250.121552
250.121552
250.121552
250.121552
250.121552
250.121552
250.121552
250.121552
250.121552
250.121552
250.121552
250.121552
250.121552
250.121552
225.716384
225.716384
225.716384
225.716384
225.716384
225.716384
225.716384
225.716384
225.716384
225.716384
225.716384
225.716384
225.716384
225.716384
225.716384
225.716384
225.716384
225.716384
225.716384
225.716384
202.650524
202.650524
202.650524
202.650524
202.650524
202.650524
202.650524
202.650524
202.650524
202.650524
202.650524
202.650524
202.650524
202.650524
202.650524
202.650524
202.650524
202.650524
202.650524
202.650524
180.784621
180.784621
180.784621
180.784621
180.784621
180.784621
180.784621
180.784621
180.784621
180.784621
180.784621
180.784621
180.784621
180.784621
180.784621
180.784621
180.784621
180.784621
180.784621
180.784621
160.000000
160.000000
160.000000
160.000000
160.000000
160.000000
160.000000
160.000000
160.000000
160.000000
160.000000
160.000000
160.000000
160.000000
160.000000
160.000000
160.000000
160.000000
160.000000
160.000000
1300.000000
1300.000000
1300.000000
1300.000000
1300.000000
1300.000000
1300.000000
1300.000000
1300.000000
1300.000000
1300.000000
1300.000000
1300.000000
1300.000000
1300.000000
1300.000000
1300.000000
1300.000000
1300.000000
1300.000000
1095.098275
1095.098275
1095.098275
1095.098275
1095.098275
1095.098275
1095.098275
1095.098275
1095.098275
1095.098275
1095.098275
1095.098275
1095.098275
1095.098275
1095.098275
1095.098275
1095.098275
1095.098275
1095.098275
1095.098275
953.786740
953.786740
953.786740
953.786740
953.786740
953.786740
953.786740
953.786740
953.786740
953.786740
953.786740
953.786740
953.786740
953.786740
953.786740
953.786740
953.786740
953.786740
953.786740
953.786740
845.943726
845.943726
845.943726
845.943726
845.943726
845.943726
845.943726
845.943726
845.943726
845.943726
845.943726
845.943726
845.943726
845.943726
845.943726
845.943726
845.943726
845.943726
845.943726
845.943726
758.751503
758.751503
758.751503
758.751503
758.751503
758.751503
758.751503
758.751503
758.751503
758.751503
758.751503
758.751503
758.751503
758.751503
758.751503
758.751503
758.751503
758.751503
758.751503
758.751503
685.572315
685.572315
685.572315
685.572315
685.572315
685.572315
685.572315
685.572315
685.572315
685.572315
685.572315
685.572315
685.572315
685.572315
685.572315
685.572315
685.572315
685.572315
685.572315
685.572315
622.525630
622.525630
622.525630
622.525630
622.525630
622.525630
622.525630
622.525630
622.525630
622.525630
622.525630
622.525630
622.525630
622.525630
622.525630
622.525630
622.525630
622.525630
622.525630
622.525630
567.146786
567.146786
567.146786
567.146786
567.146786
567.146786
567.146786
567.146786
567.146786
567.146786
567.146786
567.146786
567.146786
567.146786
567.146786
567.146786
567.146786
567.146786
567.146786
567.146786
517.772876
517.772876
517.772876
517.772876
517.772876
517.772876
517.772876
517.772876
517.772876
517.772876
517.772876
517.772876
517.772876
517.772876
517.772876
517.772876
517.772876
517.772876
517.772876
517.772876
473.229023
473.229023
473.229023
473.229023
473.229023
473.229023
473.229023
473.229023
473.229023
473.229023
473.229023
473.229023
473.229023
473.229023
473.229023
473.229023
473.229023
473.229023
473.229023
473.229023
432.654424
432.654424
432.654424
432.654424
432.654424
432.654424
432.654424
432.654424
432.654424
432.654424
432.654424
432.654424
432.654424
432.654424
432.654424
432.654424
432.654424
432.654424
432.654424
432.654424
395.399564
395.399564
395.399564
395.399564
395.399564
395.399564
395.399564
395.399564
395.399564
395.399564
395.399564
395.399564
395.399564
395.399564
395.399564
395.399564
395.399564
395.399564
395.399564
395.399564
360.962300
360.962300
360.962300
360.962300
360.962300
360.962300
360.962300
360.962300
360.962300
360.962300
360.962300
360.962300
360.962300
360.962300
360.962300
360.962300
360.962300
360.962300
360.962300
360.962300
328.946405
328.946405
328.946405
328.946405
328.946405
328.946405
328.946405
328.946405
328.946405
328.946405
328.946405
328.946405
328.946405
328.946405
328.946405
328.946405
328.946405
328.946405
328.946405
328.946405
299.033744
299.033744
299.033744
299.033744
299.033744
299.033744
299.033744
299.033744
299.033744
299.033744
299.033744
299.033744
299.033744
299.033744
299.033744
299.033744
299.033744
299.033744
299.033744
299.033744
270.965015
270.965015
270.965015
270.965015
270.965015
270.965015
270.965015
270.965015
270.965015
270.965015
270.965015
270.965015
270.965015
270.965015
270.965015
270.965015
270.965015
270.965015
270.965015
270.965015
244.526082
244.526082
244.526082
244.526082
244.526082
244.526082
244.526082
244.526082
244.526082
244.526082
244.526082
244.526082
244.526082
244.526082
244.526082
244.526082
244.526082
244.526082
244.526082
244.526082
219.538067
219.538067
219.538067
219.538067
219.538067
219.538067
219.538067
219.538067
219.538067
219.538067
219.538067
219.538067
219.538067
219.538067
219.538067
219.538067
219.538067
219.538067
219.538067
219.538067
195.850006
195.850006
195.850006
195.850006
195.850006
195.850006
195.850006
195.850006
195.850006
195.850006
195.850006
195.850006
195.850006
195.850006
195.850006
195.850006
195.850006
195.850006
195.850006
195.850006
173.333333
173.333333
173.333333
173.333333
173.333333
173.333333
173.333333
173.333333
173.333333
173.333333
173.333333
173.333333
173.333333
173.333333
173.333333
173.333333
173.333333
173.333333
173.333333
173.333333
1400.000000
1400.000000
1400.000000
1400.000000
1400.000000
1400.000000
1400.000000
1400.000000
1400.000000
1400.000000
1400.000000
1400.000000
1400.000000
1400.000000
1400.000000
1400.000000
1400.000000
1400.000000
1400.000000
1400.000000
1179.336603
1179.336603
1179.336603
1179.336603
1179.336603
1179.336603
1179.336603
1179.336603
1179.336603
1179.336603
1179.336603
1179.336603
1179.336603
1179.336603
1179.336603
1179.336603
1179.336603
1179.336603
1179.336603
1179.336603
1027.154951
1027.154951
1027.154951
1027.154951
1027.154951
1027.154951
1027.154951
1027.154951
1027.154951
1027.154951
1027.154951
1027.154951
1027.154951
1027.154951
1027.154951
1027.154951
1027.154951
1027.154951
1027.154951
1027.154951
911.016321
911.016321
911.016321
911.016321
911.016321
911.016321
911.016321
911.016321
911.016321
911.016321
911.016321
911.016321
911.016321
911.016321
911.016321
911.016321
911.016321
911.016321
911.016321
911.016321
817.117003
817.117003
817.117003
817.117003
817.117003
817.117003
817.117003
817.117003
817.117003
817.117003
817.117003
817.117003
817.117003
817.117003
817.117003
817.117003
817.117003
817.117003
817.117003
817.117003
738.308647
738.308647
738.308647
738.308647
738.308647
738.308647
738.308647
738.308647
738.308647
738.308647
738.308647
738.308647
738.308647
738.308647
738.308647
738.308647
738.308647
738.308647
738.308647
738.308647
670.412217
670.412217
670.412217
670.412217
670.412217
670.412217
670.412217
670.412217
670.412217
670.412217
670.412217
670.412217
670.412217
670.412217
670.412217
670.412217
670.412217
670.412217
670.412217
670.412217
610.773462
610.773462
610.773462
610.773462
610.773462
610.773462
610.773462
610.773462
610.773462
610.773462
610.773462
610.773462
610.773462
610.773462
610.773462
610.773462
610.773462
610.773462
610.773462
610.773462
557.601559
557.601559
557.601559
557.601559
557.601559
557.601559
557.601559
557.601559
557.601559
557.601559
557.601559
557.601559
557.601559
557.601559
557.601559
557.601559
557.601559
557.601559
557.601559
557.601559
509.631255
509.631255
509.631255
509.631255
509.631255
509.631255
509.631255
509.631255
509.631255
509.631255
509.631255
509.631255
509.631255
509.631255
509.631255
509.631255
509.631255
509.631255
509.631255
509.631255
465.935533
465.935533
465.935533
465.935533
465.935533
465.935533
465.935533
465.935533
465.935533
465.935533
465.935533
465.935533
465.935533
465.935533
465.935533
465.935533
465.935533
465.935533
465.935533
465.935533
425.814915
425.814915
425.814915
425.814915
425.814915
425.814915
425.814915
425.814915
425.814915
425.814915
425.814915
425.814915
425.814915
425.814915
425.814915
425.814915
425.814915
425.814915
425.814915
425.814915
388.728630
388.728630
388.728630
388.728630
388.728630
388.728630
388.728630
388.728630
388.728630
388.728630
388.728630
388.728630
388.728630
388.728630
388.728630
388.728630
388.728630
388.728630
388.728630
388.728630
354.249975
354.249975
354.249975
354.249975
354.249975
354.249975
354.249975
354.249975
354.249975
354.249975
354.249975
354.249975
354.249975
354.249975
354.249975
354.249975
354.249975
354.249975
354.249975
354.249975
322.036340
322.036340
322.036340
322.036340
322.036340
322.036340
322.036340
322.036340
322.036340
322.036340
322.036340
322.036340
322.036340
322.036340
322.036340
322.036340
322.036340
322.036340
322.036340
322.036340
291.808477
291.808477
291.808477
291.808477
291.808477
291.808477
291.808477
291.808477
291.808477
291.808477
291.808477
291.808477
291.808477
291.808477
291.808477
291.808477
291.808477
291.808477
291.808477
291.808477
263.335781
263.335781
263.335781
263.335781
263.335781
263.335781
263.335781
263.335781
263.335781
263.335781
263.335781
263.335781
263.335781
263.335781
263.335781
263.335781
263.335781
263.335781
263.335781
263.335781
236.425611
236.425611
236.425611
236.425611
236.425611
236.425611
236.425611
236.425611
236.425611
236.425611
236.425611
236.425611
236.425611
236.425611
236.425611
236.425611
236.425611
236.425611
236.425611
236.425611
210.915392
210.915392
210.915392
210.915392
210.915392
210.915392
210.915392
210.915392
210.915392
210.915392
210.915392
210.915392
210.915392
210.915392
210.915392
210.915392
210.915392
210.915392
210.915392
210.915392
186.666667
186.666667
186.666667
186.666667
186.666667
186.666667
186.666667
186.666667
186.666667
186.666667
186.666667
186.666667
186.666667
186.666667
186.666667
186.666667
186.666667
186.666667
186.666667
186.666667
