1500.000000
1500.000000
1500.000000
1500.000000
1500.000000
1500.000000
1500.000000
1500.000000
1500.000000
1500.000000
1500.000000
1500.000000
1016.509331
1015.212303
1012.701851
1011.404822
1012.701851
1015.212303
1016.509331
1015.212303
1012.701851
1011.404822
1012.701851
1015.212303
777.129493
773.924964
767.946266
764.741737
767.946266
773.924964
777.129493
773.924964
767.946266
764.741737
767.946266
773.924964
620.140428
614.191067
603.651548
597.702187
603.651548
614.191067
620.140428
614.191067
603.651548
597.702187
603.651548
614.191067
505.111212
495.437074
479.384079
469.709941
479.384079
495.437074
505.111212
495.437074
479.384079
469.709941
479.384079
495.437074
415.910801
401.364571
379.039412
364.493183
379.039412
401.364571
415.910801
401.364571
379.039412
364.493183
379.039412
401.364571
344.524808
323.758989
294.630687
273.864868
294.630687
323.758989
344.524808
323.758989
294.630687
273.864868
294.630687
323.758989
286.428430
257.862423
221.657846
193.091839
221.657846
257.862423
286.428430
257.862423
221.657846
193.091839
221.657846
257.862423
238.850235
200.638274
157.371265
119.159304
157.371265
200.638274
238.850235
200.638274
157.371265
119.159304
157.371265
200.638274
200.000000
150.000000
100.000000
50.000000
100.000000
150.000000
200.000000
150.000000
100.000000
50.000000
100.000000
150.000000
