1500.000000
1500.000000
1500.000000
1500.000000
1500.000000
1500.000000
1500.000000
1500.000000
1500.000000
1500.000000
1500.000000
1500.000000
1500.000000
1500.000000
1500.000000
1500.000000
1016.247192
1015.569838
1013.957077
1012.344315
1011.666961
1012.344315
1013.957077
1015.569838
1016.247192
1015.569838
1013.957077
1012.344315
1011.666961
1012.344315
1013.957077
1015.569838
776.566956
774.871184
770.935615
767.000046
765.304274
767.000046
770.935615
774.871184
776.566956
774.871184
770.935615
767.000046
765.304274
767.000046
770.935615
774.871184
619.223761
616.019203
608.921307
601.823412
598.618854
601.823412
608.921307
616.019203
619.223761
616.019203
608.921307
601.823412
598.618854
601.823412
608.921307
616.019203
503.813881
498.458127
487.410577
476.363026
471.007272
476.363026
487.410577
498.458127
503.813881
498.458127
487.410577
476.363026
471.007272
476.363026
487.410577
498.458127
414.264352
405.885617
390.201992
374.518366
366.139632
374.518366
390.201992
405.885617
414.264352
405.885617
390.201992
374.518366
366.139632
374.518366
390.201992
405.885617
342.658210
330.057664
309.194838
288.332012
275.731466
288.332012
309.194838
330.057664
342.658210
330.057664
309.194838
288.332012
275.731466
288.332012
309.194838
330.057664
284.616575
266.155688
239.760135
213.364581
194.903694
213.364581
239.760135
266.155688
284.616575
266.155688
239.760135
213.364581
194.903694
213.364581
239.760135
266.155688
237.571103
211.045409
179.004769
146.964130
120.438436
146.964130
179.004769
211.045409
237.571103
211.045409
179.004769
146.964130
120.438436
146.964130
179.004769
211.045409
200.000000
162.500000
125.000000
87.500000
50.000000
87.500000
125.000000
162.500000
200.000000
162.500000
125.000000
87.500000
50.000000
87.500000
125.000000
162.500000
