1500.000000
1500.000000
1500.000000
1500.000000
1500.000000
1500.000000
1500.000000
1500.000000
1500.000000
1500.000000
1500.000000
1500.000000
1500.000000
1500.000000
1500.000000
1500.000000
1500.000000
1500.000000
1500.000000
1500.000000
1500.000000
1500.000000
1500.000000
1500.000000
1046.124458
1045.363585
1043.291441
1040.468509
1037.645577
1035.573433
1034.812560
1035.573433
1037.645577
1040.468509
1043.291441
1045.363585
1046.124458
1045.363585
1043.291441
1040.468509
1037.645577
1035.573433
1034.812560
1035.573433
1037.645577
1040.468509
1043.291441
1045.363585
824.737350
822.828324
817.675703
810.702763
803.729824
798.577202
796.668176
798.577202
803.729824
810.702763
817.675703
822.828324
824.737350
822.828324
817.675703
810.702763
803.729824
798.577202
796.668176
798.577202
803.729824
810.702763
817.675703
822.828324
683.335539
679.729802
670.216200
657.525600
644.834999
635.321397
631.715661
635.321397
644.834999
657.525600
670.216200
679.729802
683.335539
679.729802
670.216200
657.525600
644.834999
635.321397
631.715661
635.321397
644.834999
657.525600
670.216200
679.729802
583.860255
577.793237
562.518647
542.642727
522.766806
507.492216
501.425199
507.492216
522.766806
542.642727
562.518647
577.793237
583.860255
577.793237
562.518647
542.642727
522.766806
507.492216
501.425199
507.492216
522.766806
542.642727
562.518647
577.793237
511.361572
501.617617
479.045988
450.736429
422.426869
399.855240
390.111285
399.855240
422.426869
450.736429
479.045988
501.617617
511.361572
501.617617
479.045988
450.736429
422.426869
399.855240
390.111285
399.855240
422.426869
450.736429
479.045988
501.617617
458.844156
443.336794
411.810935
374.147847
336.484759
304.958900
289.451537
304.958900
336.484759
374.147847
411.810935
443.336794
458.844156
443.336794
411.810935
374.147847
336.484759
304.958900
289.451537
304.958900
336.484759
374.147847
411.810935
443.336794
423.064180
398.151473
356.008311
308.500491
260.992671
218.849508
193.936802
218.849508
260.992671
308.500491
356.008311
398.151473
423.064180
398.151473
356.008311
308.500491
260.992671
218.849508
193.936802
218.849508
260.992671
308.500491
356.008311
398.151473
403.115532
362.542391
308.404011
251.059055
193.714098
139.575718
99.002577
139.575718
193.714098
251.059055
308.404011
362.542391
403.115532
362.542391
308.404011
251.059055
193.714098
139.575718
99.002577
139.575718
193.714098
251.059055
308.404011
362.542391
400.000000
333.333333
266.666667
200.000000
133.333333
66.666667
0.000000
66.666667
133.333333
200.000000
266.666667
333.333333
400.000000
333.333333
266.666667
200.000000
133.333333
66.666667
0.000000
66.666667
133.333333
200.000000
266.666667
333.333333
