1500.000000
1500.000000
1500.000000
1500.000000
1500.000000
1500.000000
1500.000000
1500.000000
1500.000000
1500.000000
1500.000000
1500.000000
1500.000000
1500.000000
1500.000000
1500.000000
1500.000000
1500.000000
1500.000000
1500.000000
1500.000000
1500.000000
1500.000000
1500.000000
1500.000000
1500.000000
1500.000000
1500.000000
1046.033738
1045.480805
1043.934466
1041.704763
1039.232255
1037.002551
1035.456213
1034.903280
1035.456213
1037.002551
1039.232255
1041.704763
1043.934466
1045.480805
1046.033738
1045.480805
1043.934466
1041.704763
1039.232255
1037.002551
1035.456213
1034.903280
1035.456213
1037.002551
1039.232255
1041.704763
1043.934466
1045.480805
824.540944
823.153206
819.294425
813.762611
807.642916
802.111102
798.252320
796.864583
798.252320
802.111102
807.642916
813.762611
819.294425
823.153206
824.540944
823.153206
819.294425
813.762611
807.642916
802.111102
798.252320
796.864583
798.252320
802.111102
807.642916
813.762611
819.294425
823.153206
683.003304
680.387291
673.226028
663.098363
651.952836
641.825171
634.663908
632.047896
634.663908
641.825171
651.952836
663.098363
673.226028
680.387291
683.003304
680.387291
673.226028
663.098363
651.952836
641.825171
634.663908
632.047896
634.663908
641.825171
651.952836
663.098363
673.226028
680.387291
583.343983
578.954348
567.356584
551.363531
533.921923
517.928870
506.331106
501.941471
506.331106
517.928870
533.921923
551.363531
567.356584
578.954348
583.343983
578.954348
567.356584
551.363531
533.921923
517.928870
506.331106
501.941471
506.331106
517.928870
533.921923
551.363531
567.356584
578.954348
510.590412
503.533828
486.152461
463.126336
438.346521
415.320396
397.939029
390.882446
397.939029
415.320396
438.346521
463.126336
486.152461
503.533828
510.590412
503.533828
486.152461
463.126336
438.346521
415.320396
397.939029
390.882446
397.939029
415.320396
438.346521
463.126336
486.152461
503.533828
457.747788
446.378934
421.596220
390.562741
357.732953
326.699474
301.916760
290.547905
301.916760
326.699474
357.732953
390.562741
421.596220
446.378934
457.747788
446.378934
421.596220
390.562741
357.732953
326.699474
301.916760
290.547905
301.916760
326.699474
357.732953
390.562741
421.596220
446.378934
421.669358
402.825457
368.795638
329.093390
287.907591
248.205343
214.175525
195.331624
214.175525
248.205343
287.907591
329.093390
368.795638
402.825457
421.669358
402.825457
368.795638
329.093390
287.907591
248.205343
214.175525
195.331624
214.175525
248.205343
287.907591
329.093390
368.795638
402.825457
401.795109
369.428296
324.355263
275.768049
226.350060
177.762847
132.689813
100.323000
132.689813
177.762847
226.350060
275.768049
324.355263
369.428296
401.795109
369.428296
324.355263
275.768049
226.350060
177.762847
132.689813
100.323000
132.689813
177.762847
226.350060
275.768049
324.355263
369.428296
400.000000
342.857143
285.714286
228.571429
171.428571
114.285714
57.142857
0.000000
57.142857
114.285714
171.428571
228.571429
285.714286
342.857143
400.000000
342.857143
285.714286
228.571429
171.428571
114.285714
57.142857
0.000000
57.142857
114.285714
171.428571
228.571429
285.714286
342.857143
