1500.000000
1500.000000
1500.000000
1500.000000
1500.000000
1500.000000
1500.000000
1500.000000
1500.000000
1500.000000
1500.000000
1500.000000
1500.000000
1500.000000
1500.000000
1500.000000
1500.000000
1500.000000
1500.000000
1500.000000
1046.278648
1045.162475
1042.258182
1038.678836
1035.774543
1034.658370
1035.774543
1038.678836
1042.258182
1045.162475
1046.278648
1045.162475
1042.258182
1038.678836
1035.774543
1034.658370
1035.774543
1038.678836
1042.258182
1045.162475
825.072567
822.273076
815.097201
806.308326
799.132451
796.332960
799.132451
806.308326
815.097201
822.273076
825.072567
822.273076
815.097201
806.308326
799.132451
796.332960
799.132451
806.308326
815.097201
822.273076
683.905129
678.607037
665.472449
649.578750
636.444163
631.146071
636.444163
649.578750
665.472449
678.607037
683.905129
678.607037
665.472449
649.578750
636.444163
631.146071
636.444163
649.578750
665.472449
678.607037
584.739662
575.820026
555.001113
530.284340
509.465428
500.545792
509.465428
530.284340
555.001113
575.820026
584.739662
575.820026
555.001113
530.284340
509.465428
500.545792
509.465428
530.284340
555.001113
575.820026
512.637273
498.413013
468.203788
433.269069
403.059845
388.835585
403.059845
433.269069
468.203788
498.413013
512.637273
498.413013
468.203788
433.269069
403.059845
388.835585
403.059845
433.269069
468.203788
498.413013
460.558720
438.406100
397.202663
351.093031
309.889594
287.736974
309.889594
351.093031
397.202663
438.406100
460.558720
438.406100
397.202663
351.093031
309.889594
287.736974
309.889594
351.093031
397.202663
438.406100
425.081306
390.910892
337.359048
279.641933
226.090090
191.919676
226.090090
279.641933
337.359048
390.910892
425.081306
390.910892
337.359048
279.641933
226.090090
191.919676
226.090090
279.641933
337.359048
390.910892
404.857903
352.420944
285.655308
216.462801
149.697165
97.260207
149.697165
216.462801
285.655308
352.420944
404.857903
352.420944
285.655308
216.462801
149.697165
97.260207
149.697165
216.462801
285.655308
352.420944
400.000000
320.000000
240.000000
160.000000
80.000000
0.000000
80.000000
160.000000
240.000000
320.000000
400.000000
320.000000
240.000000
160.000000
80.000000
0.000000
80.000000
160.000000
240.000000
320.000000
