1500.000000
1500.000000
1500.000000
1500.000000
1500.000000
1500.000000
1500.000000
1500.000000
1500.000000
1500.000000
1500.000000
1500.000000
1500.000000
1500.000000
1500.000000
1500.000000
1500.000000
1500.000000
1500.000000
1500.000000
1500.000000
1500.000000
1500.000000
1500.000000
1500.000000
1500.000000
1500.000000
1500.000000
1500.000000
1500.000000
1500.000000
1500.000000
1045.975715
1045.555324
1044.359667
1042.573272
1040.468509
1038.363746
1036.577350
1035.381694
1034.961303
1035.381694
1036.577350
1038.363746
1040.468509
1042.573272
1044.359667
1045.555324
1045.975715
1045.555324
1044.359667
1042.573272
1040.468509
1038.363746
1036.577350
1035.381694
1034.961303
1035.381694
1036.577350
1038.363746
1040.468509
1042.573272
1044.359667
1045.555324
824.415677
823.360232
820.370182
815.924383
810.702763
805.481144
801.035345
798.045295
796.989849
798.045295
801.035345
805.481144
810.702763
815.924383
820.370182
823.360232
824.415677
823.360232
820.370182
815.924383
810.702763
805.481144
801.035345
798.045295
796.989849
798.045295
801.035345
805.481144
810.702763
815.924383
820.370182
823.360232
682.792624
680.805749
675.239363
667.061059
657.525600
647.990141
639.811836
634.245450
632.258575
634.245450
639.811836
647.990141
657.525600
667.061059
675.239363
680.805749
682.792624
680.805749
675.239363
667.061059
657.525600
647.990141
639.811836
634.245450
632.258575
634.245450
639.811836
647.990141
657.525600
667.061059
675.239363
680.805749
583.017335
579.692773
570.625532
557.613701
542.642727
527.671753
514.659922
505.592681
502.268119
505.592681
514.659922
527.671753
542.642727
557.613701
570.625532
579.692773
583.017335
579.692773
570.625532
557.613701
542.642727
527.671753
514.659922
505.592681
502.268119
505.592681
514.659922
527.671753
542.642727
557.613701
570.625532
579.692773
510.095763
504.760586
491.027094
472.088483
450.736429
429.384374
410.445763
396.712272
391.377094
396.712272
410.445763
429.384374
450.736429
472.088483
491.027094
504.760586
510.095763
504.760586
491.027094
472.088483
450.736429
429.384374
410.445763
396.712272
391.377094
396.712272
410.445763
429.384374
450.736429
472.088483
491.027094
504.760586
457.015844
448.368133
428.445384
402.556368
374.147847
345.739325
319.850310
299.927560
291.279850
299.927560
319.850310
345.739325
374.147847
402.556368
428.445384
448.368133
457.015844
448.368133
428.445384
402.556368
374.147847
345.739325
319.850310
299.927560
291.279850
299.927560
319.850310
345.739325
374.147847
402.556368
428.445384
448.368133
420.674126
406.000205
377.962169
344.291117
308.500491
272.709865
239.038813
211.000777
196.326856
211.000777
239.038813
272.709865
308.500491
344.291117
377.962169
406.000205
420.674126
406.000205
377.962169
344.291117
308.500491
272.709865
239.038813
211.000777
196.326856
211.000777
239.038813
272.709865
308.500491
344.291117
377.962169
406.000205
400.769356
374.344539
336.072331
294.168053
251.059055
207.950056
166.045778
127.773570
101.348753
127.773570
166.045778
207.950056
251.059055
294.168053
336.072331
374.344539
400.769356
374.344539
336.072331
294.168053
251.059055
207.950056
166.045778
127.773570
101.348753
127.773570
166.045778
207.950056
251.059055
294.168053
336.072331
374.344539
400.000000
350.000000
300.000000
250.000000
200.000000
150.000000
100.000000
50.000000
0.000000
50.000000
100.000000
150.000000
200.000000
250.000000
300.000000
350.000000
400.000000
350.000000
300.000000
250.000000
200.000000
150.000000
100.000000
50.000000
0.000000
50.000000
100.000000
150.000000
200.000000
250.000000
300.000000
350.000000
