1500.000000
1500.000000
1500.000000
1500.000000
1500.000000
1500.000000
1500.000000
1500.000000
1500.000000
1500.000000
1500.000000
1500.000000
1500.000000
1500.000000
1500.000000
1500.000000
1500.000000
1500.000000
1500.000000
1500.000000
1500.000000
1500.000000
1500.000000
1500.000000
1500.000000
1500.000000
1500.000000
1500.000000
1500.000000
1500.000000
1500.000000
1500.000000
1500.000000
1500.000000
1500.000000
1035.147456
1035.204323
1035.307972
1035.443236
1035.594250
1035.747906
1035.894587
1036.028479
1036.146470
1036.247725
1036.332520
1036.402068
1036.457691
1036.500952
1036.533074
1036.555254
1036.568194
1036.572486
1036.568194
1036.555254
1036.533074
1036.500952
1036.457691
1036.402068
1036.332520
1036.247725
1036.146470
1036.028479
1035.894587
1035.747906
1035.594250
1035.443236
1035.307972
1035.204323
1035.147456
790.092295
790.249308
790.513113
790.830013
791.151774
791.453267
791.717616
791.943653
792.129555
792.282182
792.403151
792.500116
792.574119
792.631636
792.672333
792.701305
792.716915
792.723045
792.716915
792.701305
792.672333
792.631636
792.574119
792.500116
792.403151
792.282182
792.129555
791.943653
791.717616
791.453267
791.151774
790.830013
790.513113
790.249308
790.092295
623.301500
623.687475
624.232099
624.826888
625.345071
625.800981
626.148922
626.443335
626.653321
626.835626
626.956606
627.068829
627.134549
627.202810
627.232991
627.271820
627.276798
627.293083
627.276798
627.271820
627.232991
627.202810
627.134549
627.068829
626.956606
626.835626
626.653321
626.443335
626.148922
625.800981
625.345071
624.826888
624.232099
623.687475
623.301500
496.372813
497.349412
498.305716
499.343547
499.984057
500.640718
500.951969
501.354853
501.478885
501.745415
501.769893
501.962960
501.932372
502.083341
502.019771
502.144088
502.058113
502.162636
502.058113
502.144088
502.019771
502.083341
501.932372
501.962960
501.769893
501.745415
501.478885
501.354853
500.951969
500.640718
499.984057
499.343547
498.305716
497.349412
496.372813
393.117990
395.753771
396.920268
398.883232
399.131015
400.378612
400.141229
401.071428
400.625838
401.416889
400.875981
401.599984
401.010618
401.698599
401.081618
401.747656
401.112459
401.762542
401.112459
401.747656
401.081618
401.698599
401.010618
401.599984
400.875981
401.416889
400.625838
401.071428
400.141229
400.378612
399.131015
398.883232
396.920268
395.753771
393.117990
304.569405
312.003663
311.463401
316.286980
313.950478
317.756867
314.856678
318.341126
315.248521
318.612449
315.440999
318.751287
315.542017
318.824711
315.594589
318.860894
315.617278
318.871829
315.617278
318.860894
315.594589
318.824711
315.542017
318.751287
315.440999
318.612449
315.248521
318.341126
314.856678
317.756867
313.950478
316.286980
311.463401
312.003663
304.569405
223.911134
244.924260
234.732533
249.699414
236.979036
250.869112
237.647507
251.280603
237.915516
251.462639
238.042971
251.553736
238.108822
251.601376
238.142818
251.624719
238.157433
251.631757
238.157433
251.624719
238.142818
251.601376
238.108822
251.553736
238.042971
251.462639
237.915516
251.280603
237.647507
250.869112
236.979036
249.699414
234.732533
244.924260
223.911134
143.286289
200.832548
155.595690
204.379845
156.946525
205.014895
157.291378
205.221386
157.423694
205.310337
157.485549
205.354339
157.517251
205.377219
157.533550
205.388398
157.540544
205.391764
157.540544
205.388398
157.533550
205.377219
157.517251
205.354339
157.485549
205.310337
157.423694
205.221386
157.291378
205.014895
156.946525
204.379845
155.595690
200.832548
143.286289
50.000000
200.000000
50.000000
200.000000
50.000000
200.000000
50.000000
200.000000
50.000000
200.000000
50.000000
200.000000
50.000000
200.000000
50.000000
200.000000
50.000000
200.000000
50.000000
200.000000
50.000000
200.000000
50.000000
200.000000
50.000000
200.000000
50.000000
200.000000
50.000000
200.000000
50.000000
200.000000
50.000000
200.000000
50.000000
