1500.000000
1500.000000
1500.000000
1500.000000
1500.000000
1500.000000
1500.000000
1500.000000
1500.000000
1500.000000
1500.000000
1500.000000
1500.000000
1500.000000
1500.000000
1500.000000
1500.000000
1500.000000
1500.000000
1500.000000
1500.000000
1500.000000
1500.000000
1500.000000
1500.000000
1500.000000
1500.000000
1500.000000
1500.000000
1500.000000
1500.000000
1500.000000
1500.000000
1500.000000
1500.000000
1500.000000
1016.007502
1015.883532
1015.526898
1014.981240
1014.312661
1013.601492
1012.932914
1012.387255
1012.030622
1011.906651
1012.030622
1012.387255
1012.932914
1013.601492
1014.312661
1014.981240
1015.526898
1015.883532
1016.007502
1015.883532
1015.526898
1014.981240
1014.312661
1013.601492
1012.932914
1012.387255
1012.030622
1011.906651
1012.030622
1012.387255
1012.932914
1013.601492
1014.312661
1014.981240
1015.526898
1015.883532
776.046109
775.734767
774.841677
773.480670
771.818526
770.052704
768.390560
767.029553
766.136464
765.825121
766.136464
767.029553
768.390560
770.052704
771.818526
773.480670
774.841677
775.734767
776.046109
775.734767
774.841677
773.480670
771.818526
770.052704
768.390560
767.029553
766.136464
765.825121
766.136464
767.029553
768.390560
770.052704
771.818526
773.480670
774.841677
775.734767
618.343127
617.757549
616.091622
613.578708
610.533937
607.308678
604.263907
601.750993
600.085065
599.499488
600.085065
601.750993
604.263907
607.308678
610.533937
613.578708
616.091622
617.757549
618.343127
617.757549
616.091622
613.578708
610.533937
607.308678
604.263907
601.750993
600.085065
599.499488
600.085065
601.750993
604.263907
607.308678
610.533937
613.578708
616.091622
617.757549
502.468810
501.491250
498.766888
494.743476
489.940810
484.880343
480.077677
476.054265
473.329903
472.352343
473.329903
476.054265
480.077677
484.880343
489.940810
494.743476
498.766888
501.491250
502.468810
501.491250
498.766888
494.743476
489.940810
484.880343
480.077677
476.054265
473.329903
472.352343
473.329903
476.054265
480.077677
484.880343
489.940810
494.743476
498.766888
501.491250
412.336668
410.771976
406.612914
400.698547
393.804833
386.599150
379.705437
373.791070
369.632008
368.067316
369.632008
373.791070
379.705437
386.599150
393.804833
400.698547
406.612914
410.771976
412.336668
410.771976
406.612914
400.698547
393.804833
386.599150
379.705437
373.791070
369.632008
368.067316
369.632008
373.791070
379.705437
386.599150
393.804833
400.698547
406.612914
410.771976
340.080205
337.538362
331.418582
323.220830
313.976001
304.413675
295.168846
286.971094
280.851314
278.309471
280.851314
286.971094
295.168846
304.413675
313.976001
323.220830
331.418582
337.538362
340.080205
337.538362
331.418582
323.220830
313.976001
304.413675
295.168846
286.971094
280.851314
278.309471
280.851314
286.971094
295.168846
304.413675
313.976001
323.220830
331.418582
337.538362
281.551963
277.163770
268.358455
257.512857
245.763999
233.756270
222.007412
211.161814
202.356499
197.968306
202.356499
211.161814
222.007412
233.756270
245.763999
257.512857
268.358455
277.163770
281.551963
277.163770
268.358455
257.512857
245.763999
233.756270
222.007412
211.161814
202.356499
197.968306
202.356499
211.161814
222.007412
233.756270
245.763999
257.512857
268.358455
277.163770
234.841497
226.601714
214.227384
200.481699
186.211283
171.798256
157.527840
143.782154
131.407824
123.168041
131.407824
143.782154
157.527840
171.798256
186.211283
200.481699
214.227384
226.601714
234.841497
226.601714
214.227384
200.481699
186.211283
171.798256
157.527840
143.782154
131.407824
123.168041
131.407824
143.782154
157.527840
171.798256
186.211283
200.481699
214.227384
226.601714
200.000000
183.333333
166.666667
150.000000
133.333333
116.666667
100.000000
83.333333
66.666667
50.000000
66.666667
83.333333
100.000000
116.666667
133.333333
150.000000
166.666667
183.333333
200.000000
183.333333
166.666667
150.000000
133.333333
116.666667
100.000000
83.333333
66.666667
50.000000
66.666667
83.333333
100.000000
116.666667
133.333333
150.000000
166.666667
183.333333
