1500.000000
1500.000000
1500.000000
1500.000000
1500.000000
1500.000000
1500.000000
1500.000000
1500.000000
1500.000000
1500.000000
1500.000000
1500.000000
1500.000000
1500.000000
1500.000000
1500.000000
1500.000000
1500.000000
1500.000000
1500.000000
1500.000000
1500.000000
1500.000000
1500.000000
1500.000000
1500.000000
1500.000000
1500.000000
1500.000000
1500.000000
1500.000000
1500.000000
1500.000000
1500.000000
1500.000000
1500.000000
1500.000000
1500.000000
1500.000000
1045.908307
1045.641433
1044.867471
1043.663311
1042.147599
1040.468509
1038.789419
1037.273707
1036.069547
1035.295585
1035.028711
1035.295585
1036.069547
1037.273707
1038.789419
1040.468509
1042.147599
1043.663311
1044.867471
1045.641433
1045.908307
1045.641433
1044.867471
1043.663311
1042.147599
1040.468509
1038.789419
1037.273707
1036.069547
1035.295585
1035.028711
1035.295585
1036.069547
1037.273707
1038.789419
1040.468509
1042.147599
1043.663311
1044.867471
1045.641433
824.270448
823.600033
821.660017
818.651652
814.876766
810.702763
806.528761
802.753875
799.745510
797.805494
797.135079
797.805494
799.745510
802.753875
806.528761
810.702763
814.876766
818.651652
821.660017
823.600033
824.270448
823.600033
821.660017
818.651652
814.876766
810.702763
806.528761
802.753875
799.745510
797.805494
797.135079
797.805494
799.745510
802.753875
806.528761
810.702763
814.876766
818.651652
821.660017
823.600033
682.549853
681.289655
677.665996
672.095651
665.160164
657.525600
649.891036
642.955549
637.385203
633.761545
632.501346
633.761545
637.385203
642.955549
649.891036
657.525600
665.160164
672.095651
677.665996
681.289655
682.549853
681.289655
677.665996
672.095651
665.160164
657.525600
649.891036
642.955549
637.385203
633.761545
632.501346
633.761545
637.385203
642.955549
649.891036
657.525600
665.160164
672.095651
677.665996
681.289655
582.643649
580.543583
574.601497
565.636593
554.643494
542.642727
530.641960
519.648861
510.683957
504.741870
502.641805
504.741870
510.683957
519.648861
530.641960
542.642727
554.643494
565.636593
574.601497
580.543583
582.643649
580.543583
574.601497
565.636593
554.643494
542.642727
530.641960
519.648861
510.683957
504.741870
502.641805
504.741870
510.683957
519.648861
530.641960
542.642727
554.643494
565.636593
574.601497
580.543583
509.527683
506.175176
497.050306
483.757333
467.863728
450.736429
433.609129
417.715524
404.422552
395.297682
391.945175
395.297682
404.422552
417.715524
433.609129
450.736429
467.863728
483.757333
497.050306
506.175176
509.527683
506.175176
497.050306
483.757333
467.863728
450.736429
433.609129
417.715524
404.422552
395.297682
391.945175
395.297682
404.422552
417.715524
433.609129
450.736429
467.863728
483.757333
497.050306
506.175176
456.146154
450.699977
437.116725
418.452386
396.936137
374.147847
351.359556
329.843308
311.178969
297.595717
292.149540
297.595717
311.178969
329.843308
351.359556
374.147847
396.936137
418.452386
437.116725
450.699977
456.146154
450.699977
437.116725
418.452386
396.936137
374.147847
351.359556
329.843308
311.178969
297.595717
292.149540
297.595717
311.178969
329.843308
351.359556
374.147847
396.936137
418.452386
437.116725
450.699977
419.399751
409.880077
389.947711
364.835563
337.193181
308.500491
279.807801
252.165418
227.053271
207.120905
197.601231
207.120905
227.053271
252.165418
279.807801
308.500491
337.193181
364.835563
389.947711
409.880077
419.399751
409.880077
389.947711
364.835563
337.193181
308.500491
279.807801
252.165418
227.053271
207.120905
197.601231
207.120905
227.053271
252.165418
279.807801
308.500491
337.193181
364.835563
389.947711
409.880077
399.303456
380.756578
351.954958
319.523134
285.583210
251.059055
216.534899
182.594975
150.163151
121.361531
102.814653
121.361531
150.163151
182.594975
216.534899
251.059055
285.583210
319.523134
351.954958
380.756578
399.303456
380.756578
351.954958
319.523134
285.583210
251.059055
216.534899
182.594975
150.163151
121.361531
102.814653
121.361531
150.163151
182.594975
216.534899
251.059055
285.583210
319.523134
351.954958
380.756578
400.000000
360.000000
320.000000
280.000000
240.000000
200.000000
160.000000
120.000000
80.000000
40.000000
0.000000
40.000000
80.000000
120.000000
160.000000
200.000000
240.000000
280.000000
320.000000
360.000000
400.000000
360.000000
320.000000
280.000000
240.000000
200.000000
160.000000
120.000000
80.000000
40.000000
0.000000
40.000000
80.000000
120.000000
160.000000
200.000000
240.000000
280.000000
320.000000
360.000000
