1500.000000
1500.000000
1500.000000
1500.000000
1500.000000
1024.272789
1039.620913
1030.667735
1039.620913
1024.272789
771.709259
800.769060
781.106470
800.769060
771.709259
598.425602
641.878719
609.188444
641.878719
598.425602
465.663917
524.490330
476.638631
524.490330
465.663917
357.451337
432.655213
367.702535
432.655213
357.451337
265.671064
358.224245
274.389587
358.224245
265.671064
185.638357
296.469022
192.099064
296.469022
185.638357
114.405904
244.398852
117.944739
244.398852
114.405904
50.000000
200.000000
50.000000
200.000000
50.000000
