1500.000000
1500.000000
1500.000000
1500.000000
1500.000000
1500.000000
1500.000000
1500.000000
1500.000000
1500.000000
1500.000000
1500.000000
1500.000000
1500.000000
1500.000000
1500.000000
1500.000000
1500.000000
1500.000000
1500.000000
1500.000000
1500.000000
1500.000000
1500.000000
1500.000000
1500.000000
1500.000000
1500.000000
1500.000000
1500.000000
1500.000000
1500.000000
1500.000000
1500.000000
1500.000000
1500.000000
1500.000000
1500.000000
1500.000000
1500.000000
1500.000000
1500.000000
1500.000000
1500.000000
1500.000000
1500.000000
1500.000000
1500.000000
1500.000000
1500.000000
1036.744722
1036.744722
1036.744722
1036.744722
1036.744722
1036.744722
1036.744722
1036.744722
1036.744722
1036.744722
1036.744722
1036.744722
1036.744722
1036.744722
1036.744722
1036.744722
1036.744722
1036.744722
1036.744722
1036.744722
1036.744722
1036.744722
1036.744722
1036.744722
1036.744722
1036.744722
1036.744722
1036.744722
1036.744722
1036.744722
1036.744722
1036.744722
1036.744722
1036.744722
1036.744722
1036.744722
1036.744722
1036.744722
1036.744722
1036.744722
1036.744722
1036.744722
1036.744722
1036.744722
1036.744722
1036.744722
1036.744722
1036.744722
1036.744722
1036.744722
792.926146
792.926164
792.926146
792.926164
792.926146
792.926164
792.926146
792.926164
792.926146
792.926164
792.926146
792.926164
792.926146
792.926164
792.926146
792.926164
792.926146
792.926164
792.926146
792.926164
792.926146
792.926164
792.926146
792.926164
792.926146
792.926164
792.926146
792.926164
792.926146
792.926164
792.926146
792.926164
792.926146
792.926164
792.926146
792.926164
792.926146
792.926164
792.926146
792.926164
792.926146
792.926164
792.926146
792.926164
792.926146
792.926164
792.926146
792.926164
792.926146
792.926164
627.477588
627.478094
627.477588
627.478094
627.477588
627.478094
627.477588
627.478094
627.477588
627.478094
627.477588
627.478094
627.477588
627.478094
627.477588
627.478094
627.477588
627.478094
627.477588
627.478094
627.477588
627.478094
627.477588
627.478094
627.477588
627.478094
627.477588
627.478094
627.477588
627.478094
627.477588
627.478094
627.477588
627.478094
627.477588
627.478094
627.477588
627.478094
627.477588
627.478094
627.477588
627.478094
627.477588
627.478094
627.477588
627.478094
627.477588
627.478094
627.477588
627.478094
502.269482
502.277941
502.269482
502.277941
502.269482
502.277941
502.269482
502.277941
502.269482
502.277941
502.269482
502.277941
502.269482
502.277941
502.269482
502.277941
502.269482
502.277941
502.269482
502.277941
502.269482
502.277941
502.269482
502.277941
502.269482
502.277941
502.269482
502.277941
502.269482
502.277941
502.269482
502.277941
502.269482
502.277941
502.269482
502.277941
502.269482
502.277941
502.269482
502.277941
502.269482
502.277941
502.269482
502.277941
502.269482
502.277941
502.269482
502.277941
502.269482
502.277941
401.517604
401.614482
401.517604
401.614482
401.517604
401.614482
401.517604
401.614482
401.517604
401.614482
401.517604
401.614482
401.517604
401.614482
401.517604
401.614482
401.517604
401.614482
401.517604
401.614482
401.517604
401.614482
401.517604
401.614482
401.517604
401.614482
401.517604
401.614482
401.517604
401.614482
401.517604
401.614482
401.517604
401.614482
401.517604
401.614482
401.517604
401.614482
401.517604
401.614482
401.517604
401.614482
401.517604
401.614482
401.517604
401.614482
401.517604
401.614482
401.517604
401.614482
316.923851
317.751770
316.923851
317.751770
316.923851
317.751770
316.923851
317.751770
316.923851
317.751770
316.923851
317.751770
316.923851
317.751770
316.923851
317.751770
316.923851
317.751770
316.923851
317.751770
316.923851
317.751770
316.923851
317.751770
316.923851
317.751770
316.923851
317.751770
316.923851
317.751770
316.923851
317.751770
316.923851
317.751770
316.923851
317.751770
316.923851
317.751770
316.923851
317.751770
316.923851
317.751770
316.923851
317.751770
316.923851
317.751770
316.923851
317.751770
316.923851
317.751770
242.152505
247.755842
242.152505
247.755842
242.152505
247.755842
242.152505
247.755842
242.152505
247.755842
242.152505
247.755842
242.152505
247.755842
242.152505
247.755842
242.152505
247.755842
242.152505
247.755842
242.152505
247.755842
242.152505
247.755842
242.152505
247.755842
242.152505
247.755842
242.152505
247.755842
242.152505
247.755842
242.152505
247.755842
242.152505
247.755842
242.152505
247.755842
242.152505
247.755842
242.152505
247.755842
242.152505
247.755842
242.152505
247.755842
242.152505
247.755842
242.152505
247.755842
165.812651
197.176441
165.812651
197.176441
165.812651
197.176441
165.812651
197.176441
165.812651
197.176441
165.812651
197.176441
165.812651
197.176441
165.812651
197.176441
165.812651
197.176441
165.812651
197.176441
165.812651
197.176441
165.812651
197.176441
165.812651
197.176441
165.812651
197.176441
165.812651
197.176441
165.812651
197.176441
165.812651
197.176441
165.812651
197.176441
165.812651
197.176441
165.812651
197.176441
165.812651
197.176441
165.812651
197.176441
165.812651
197.176441
165.812651
197.176441
165.812651
197.176441
50.000000
200.000000
50.000000
200.000000
50.000000
200.000000
50.000000
200.000000
50.000000
200.000000
50.000000
200.000000
50.000000
200.000000
50.000000
200.000000
50.000000
200.000000
50.000000
200.000000
50.000000
200.000000
50.000000
200.000000
50.000000
200.000000
50.000000
200.000000
50.000000
200.000000
50.000000
200.000000
50.000000
200.000000
50.000000
200.000000
50.000000
200.000000
50.000000
200.000000
50.000000
200.000000
50.000000
200.000000
50.000000
200.000000
50.000000
200.000000
50.000000
200.000000
