1500.000000
1500.000000
1500.000000
1500.000000
1500.000000
1500.000000
1500.000000
1500.000000
1017.372349
1013.957077
1010.541805
1013.957077
1017.372349
1013.957077
1010.541805
1013.957077
778.826838
770.935615
763.044392
770.935615
778.826838
770.935615
763.044392
770.935615
622.639335
608.921307
595.203279
608.921307
622.639335
608.921307
595.203279
608.921307
508.278562
487.410577
466.542591
487.410577
508.278562
487.410577
466.542591
487.410577
419.496335
390.201992
360.907649
390.201992
419.496335
390.201992
360.907649
390.201992
348.149491
309.194838
270.240185
309.194838
348.149491
309.194838
270.240185
309.194838
289.572641
239.760135
189.947628
239.760135
289.572641
239.760135
189.947628
239.760135
240.841428
179.004769
117.168110
179.004769
240.841428
179.004769
117.168110
179.004769
200.000000
125.000000
50.000000
125.000000
200.000000
125.000000
50.000000
125.000000
