1500.000000
1500.000000
1500.000000
1500.000000
1500.000000
1500.000000
1500.000000
1500.000000
1500.000000
1500.000000
1500.000000
1500.000000
1164.890912
1164.051972
1162.413822
1161.574883
1162.413822
1164.051972
1164.890912
1164.051972
1162.413822
1161.574883
1162.413822
1164.051972
961.848582
960.008237
956.480215
954.639870
956.480215
960.008237
961.848582
960.008237
956.480215
954.639870
956.480215
960.008237
816.973889
813.838743
807.978494
804.843348
807.978494
813.838743
816.973889
813.838743
807.978494
804.843348
807.978494
813.838743
705.003025
700.234200
691.595747
686.826922
691.595747
700.234200
705.003025
700.234200
691.595747
686.826922
691.595747
700.234200
614.314086
607.535792
595.704578
588.926284
595.704578
607.535792
614.314086
607.535792
595.704578
588.926284
595.704578
607.535792
538.609678
529.406689
514.012005
504.809016
514.012005
529.406689
538.609678
529.406689
514.012005
504.809016
514.012005
529.406689
474.101030
462.013823
442.736064
430.648857
442.736064
462.013823
474.101030
462.013823
442.736064
430.648857
442.736064
462.013823
418.337008
402.856364
379.432758
363.952115
379.432758
402.856364
418.337008
402.856364
379.432758
363.952115
379.432758
402.856364
369.645585
350.207104
322.436915
302.998434
322.436915
350.207104
369.645585
350.207104
322.436915
302.998434
322.436915
350.207104
326.839754
302.818425
270.567922
246.546593
270.567922
302.818425
326.839754
302.818425
270.567922
246.546593
270.567922
302.818425
289.050619
259.755480
222.962801
193.667662
222.962801
259.755480
289.050619
259.755480
222.962801
193.667662
222.962801
259.755480
255.626915
220.295807
178.975759
143.644650
178.975759
220.295807
255.626915
220.295807
178.975759
143.644650
178.975759
220.295807
226.071564
183.865975
138.114779
95.909190
138.114779
183.865975
226.071564
183.865975
138.114779
95.909190
138.114779
183.865975
200.000000
150.000000
100.000000
50.000000
100.000000
150.000000
200.000000
150.000000
100.000000
50.000000
100.000000
150.000000
