1500.000000
1500.000000
1500.000000
1500.000000
1500.000000
1500.000000
1500.000000
1500.000000
1500.000000
1500.000000
1500.000000
1500.000000
1500.000000
1500.000000
1500.000000
1500.000000
1164.715435
1164.278651
1163.232897
1162.187144
1161.750360
1162.187144
1163.232897
1164.278651
1164.715435
1164.278651
1163.232897
1162.187144
1161.750360
1162.187144
1163.232897
1164.278651
961.496552
960.531177
958.244226
955.957275
954.991900
955.957275
958.244226
960.531177
961.496552
960.531177
958.244226
955.957275
954.991900
955.957275
958.244226
960.531177
816.423336
814.765567
810.908619
807.051671
805.393901
807.051671
810.908619
814.765567
816.423336
814.765567
810.908619
807.051671
805.393901
807.051671
810.908619
814.765567
704.231441
701.684446
695.914974
690.145501
687.598507
690.145501
695.914974
701.684446
704.231441
701.684446
695.914974
690.145501
687.598507
690.145501
695.914974
701.684446
613.304331
609.634969
601.620185
593.605402
589.936039
593.605402
601.620185
609.634969
613.304331
609.634969
601.620185
593.605402
589.936039
593.605402
601.620185
609.634969
537.354802
532.282618
521.709347
511.136076
506.063893
511.136076
521.709347
532.282618
537.354802
532.282618
521.709347
511.136076
506.063893
511.136076
521.709347
532.282618
472.609733
465.792958
452.374944
438.956929
432.140154
438.956929
452.374944
465.792958
472.609733
465.792958
452.374944
438.956929
432.140154
438.956929
452.374944
465.792958
416.640064
407.659620
391.144561
374.629503
365.649058
374.629503
391.144561
407.659620
416.640064
407.659620
391.144561
374.629503
365.649058
374.629503
391.144561
407.659620
367.803232
356.145096
336.322010
316.498924
304.840787
316.498924
336.322010
356.145096
367.803232
356.145096
336.322010
316.498924
304.840787
316.498924
336.322010
356.145096
324.950039
309.986090
286.693174
263.400257
248.436308
263.400257
286.693174
309.986090
324.950039
309.986090
286.693174
263.400257
248.436308
263.400257
286.693174
309.986090
287.258660
268.226086
241.359140
214.492195
195.459620
214.492195
241.359140
268.226086
287.258660
268.226086
241.359140
214.492195
195.459620
214.492195
241.359140
268.226086
254.135049
230.114365
199.635783
169.157200
145.136516
169.157200
199.635783
230.114365
254.135049
230.114365
199.635783
169.157200
145.136516
169.157200
199.635783
230.114365
225.150338
195.042061
160.990377
126.938694
96.830416
126.938694
160.990377
195.042061
225.150338
195.042061
160.990377
126.938694
96.830416
126.938694
160.990377
195.042061
200.000000
162.500000
125.000000
87.500000
50.000000
87.500000
125.000000
162.500000
200.000000
162.500000
125.000000
87.500000
50.000000
87.500000
125.000000
162.500000
