1500.000000
1500.000000
1500.000000
1500.000000
1500.000000
1500.000000
1500.000000
1500.000000
1500.000000
1500.000000
1500.000000
1500.000000
1500.000000
1500.000000
1500.000000
1500.000000
1500.000000
1500.000000
1500.000000
1500.000000
1500.000000
1500.000000
1500.000000
1500.000000
1500.000000
1173.342984
1173.440724
1173.607715
1173.807492
1174.008112
1174.190102
1174.343320
1174.466044
1174.559399
1174.627305
1174.672666
1174.698908
1174.707255
1174.698908
1174.672666
1174.627305
1174.559399
1174.466044
1174.343320
1174.190102
1174.008112
1173.807492
1173.607715
1173.440724
1173.342984
968.964752
969.187000
969.539548
969.935298
970.304657
970.622973
970.875783
971.072703
971.215684
971.319560
971.385650
971.425563
971.436458
971.425563
971.385650
971.319560
971.215684
971.072703
970.875783
970.622973
970.304657
969.935298
969.539548
969.187000
968.964752
820.064330
820.485403
821.075464
821.695689
822.216793
822.651289
822.965206
823.213789
823.375393
823.503875
823.571374
823.624571
823.628809
823.624571
823.571374
823.503875
823.375393
823.213789
822.965206
822.651289
822.216793
821.695689
821.075464
820.485403
820.064330
702.765040
703.525587
704.403185
705.293766
705.925003
706.475478
706.797248
707.102158
707.239243
707.407311
707.441982
707.530812
707.500391
707.530812
707.441982
707.407311
707.239243
707.102158
706.797248
706.475478
705.925003
705.293766
704.403185
703.525587
702.765040
605.790661
607.148030
608.313732
609.561222
610.195110
610.914036
611.137830
611.563556
611.582432
611.864145
611.779310
611.982980
611.835225
611.982980
611.779310
611.864145
611.582432
611.563556
611.137830
610.914036
610.195110
609.561222
608.313732
607.148030
605.790661
522.878933
525.295381
526.608562
528.407128
528.794411
529.863180
529.755396
530.500667
530.180518
530.783020
530.363272
530.892503
530.414572
530.892503
530.363272
530.783020
530.180518
530.500667
529.755396
529.863180
528.794411
528.407128
526.608562
525.295381
522.878933
450.130922
454.416322
455.429853
458.218471
457.827640
459.701072
458.758297
460.298162
459.147735
460.553031
459.311114
460.650318
459.356549
460.650318
459.311114
460.553031
459.147735
460.298162
458.758297
459.701072
457.827640
458.218471
455.429853
454.416322
450.130922
384.873664
392.405240
392.089930
396.798649
394.572096
398.228174
395.429896
398.762990
395.772363
398.984465
395.913251
399.067961
395.952144
399.067961
395.913251
398.984465
395.772363
398.762990
395.429896
398.228174
394.572096
396.798649
392.089930
392.405240
384.873664
325.091151
338.138523
334.451239
342.907581
336.863590
344.208043
337.613926
344.664894
337.902192
344.849586
338.018986
344.918550
338.051047
344.918550
338.018986
344.849586
337.902192
344.664894
337.613926
344.208043
336.863590
342.907581
334.451239
338.138523
325.091151
269.097792
291.287829
280.526468
296.086427
282.702341
297.191760
283.319580
297.560577
283.549680
297.706969
283.641846
297.761245
283.667042
297.761245
283.641846
297.706969
283.549680
297.560577
283.319580
297.191760
282.702341
296.086427
280.526468
291.287829
269.097792
215.322884
252.285571
228.162320
256.645071
229.941445
257.504256
230.409118
257.779824
230.579640
257.887769
230.647389
257.927591
230.665856
257.927591
230.647389
257.887769
230.579640
257.779824
230.409118
257.504256
229.941445
256.645071
228.162320
252.285571
215.322884
162.146166
222.389933
174.741425
225.762878
175.991285
226.343205
176.301524
226.524296
176.412981
226.594622
176.457030
226.620481
176.469014
226.620481
176.457030
226.594622
176.412981
226.524296
176.301524
226.343205
175.991285
225.762878
174.741425
222.389933
162.146166
107.754118
203.826817
116.866030
205.683658
117.502148
205.971674
117.654525
206.060156
117.708824
206.094356
117.730222
206.106909
117.736038
206.106909
117.730222
206.094356
117.708824
206.060156
117.654525
205.971674
117.502148
205.683658
116.866030
203.826817
107.754118
50.000000
200.000000
50.000000
200.000000
50.000000
200.000000
50.000000
200.000000
50.000000
200.000000
50.000000
200.000000
50.000000
200.000000
50.000000
200.000000
50.000000
200.000000
50.000000
200.000000
50.000000
200.000000
50.000000
200.000000
50.000000
