1500.000000
1500.000000
1500.000000
1500.000000
1500.000000
1500.000000
1500.000000
1500.000000
1500.000000
1500.000000
1500.000000
1500.000000
1500.000000
1500.000000
1500.000000
1500.000000
1500.000000
1500.000000
1500.000000
1500.000000
1500.000000
1500.000000
1500.000000
1500.000000
1500.000000
1500.000000
1500.000000
1500.000000
1185.193401
1184.837192
1183.839992
1182.400504
1180.803520
1179.364032
1178.366832
1178.010623
1178.366832
1179.364032
1180.803520
1182.400504
1183.839992
1184.837192
1185.193401
1184.837192
1183.839992
1182.400504
1180.803520
1179.364032
1178.366832
1178.010623
1178.366832
1179.364032
1180.803520
1182.400504
1183.839992
1184.837192
995.738304
994.948076
992.739672
989.557984
986.031098
982.849410
980.641006
979.850778
980.641006
982.849410
986.031098
989.557984
992.739672
994.948076
995.738304
994.948076
992.739672
989.557984
986.031098
982.849410
980.641006
979.850778
980.641006
982.849410
986.031098
989.557984
992.739672
994.948076
862.050149
860.693050
856.915225
851.494683
845.496159
840.075617
836.297793
834.940693
836.297793
840.075617
845.496159
851.494683
856.915225
860.693050
862.050149
860.693050
856.915225
851.494683
845.496159
840.075617
836.297793
834.940693
836.297793
840.075617
845.496159
851.494683
856.915225
860.693050
760.305434
758.225069
752.477843
744.291041
735.257273
727.070472
721.323245
719.242880
721.323245
727.070472
735.257273
744.291041
752.477843
758.225069
760.305434
758.225069
752.477843
744.291041
735.257273
727.070472
721.323245
719.242880
721.323245
727.070472
735.257273
744.291041
752.477843
758.225069
679.551906
676.560693
668.408885
656.929018
644.316422
632.836556
624.684747
621.693535
624.684747
632.836556
644.316422
656.929018
668.408885
676.560693
679.551906
676.560693
668.408885
656.929018
644.316422
632.836556
624.684747
621.693535
624.684747
632.836556
644.316422
656.929018
668.408885
676.560693
613.881200
609.738315
598.701905
583.416842
566.724469
551.439406
540.402996
536.260111
540.402996
551.439406
566.724469
583.416842
598.701905
609.738315
613.881200
609.738315
598.701905
583.416842
566.724469
551.439406
540.402996
536.260111
540.402996
551.439406
566.724469
583.416842
598.701905
609.738315
559.784619
554.158161
539.698850
520.123787
498.912470
479.337407
464.878096
459.251638
464.878096
479.337407
498.912470
520.123787
539.698850
554.158161
559.784619
554.158161
539.698850
520.123787
498.912470
479.337407
464.878096
459.251638
464.878096
479.337407
498.912470
520.123787
539.698850
554.158161
515.064002
507.470798
488.980192
464.672547
438.582623
414.274978
395.784373
388.191169
395.784373
414.274978
438.582623
464.672547
488.980192
507.470798
515.064002
507.470798
488.980192
464.672547
438.582623
414.274978
395.784373
388.191169
395.784373
414.274978
438.582623
464.672547
488.980192
507.470798
478.326380
468.039426
444.834463
415.411977
384.178733
354.756246
331.551284
321.264329
331.551284
354.756246
384.178733
415.411977
444.834463
468.039426
478.326380
468.039426
444.834463
415.411977
384.178733
354.756246
331.551284
321.264329
331.551284
354.756246
384.178733
415.411977
444.834463
468.039426
448.736166
434.646104
405.979145
371.140938
334.606154
299.767947
271.100988
257.010926
271.100988
299.767947
334.606154
371.140938
405.979145
434.646104
448.736166
434.646104
405.979145
371.140938
334.606154
299.767947
271.100988
257.010926
271.100988
299.767947
334.606154
371.140938
405.979145
434.646104
425.897641
406.310492
371.404105
330.953365
289.071191
248.620451
213.714064
194.126915
213.714064
248.620451
289.071191
330.953365
371.404105
406.310492
425.897641
406.310492
371.404105
330.953365
289.071191
248.620451
213.714064
194.126915
213.714064
248.620451
289.071191
330.953365
371.404105
406.310492
409.813098
382.161540
340.281280
294.146898
246.982582
200.848200
158.967940
131.316382
158.967940
200.848200
246.982582
294.146898
340.281280
382.161540
409.813098
382.161540
340.281280
294.146898
246.982582
200.848200
158.967940
131.316382
158.967940
200.848200
246.982582
294.146898
340.281280
382.161540
400.891954
361.331822
311.914161
260.166970
207.887562
156.140370
106.722710
67.162577
106.722710
156.140370
207.887562
260.166970
311.914161
361.331822
400.891954
361.331822
311.914161
260.166970
207.887562
156.140370
106.722710
67.162577
106.722710
156.140370
207.887562
260.166970
311.914161
361.331822
400.000000
342.857143
285.714286
228.571429
171.428571
114.285714
57.142857
0.000000
57.142857
114.285714
171.428571
228.571429
285.714286
342.857143
400.000000
342.857143
285.714286
228.571429
171.428571
114.285714
57.142857
0.000000
57.142857
114.285714
171.428571
228.571429
285.714286
342.857143
