1500.000000
1500.000000
1500.000000
1500.000000
1500.000000
1500.000000
1500.000000
1500.000000
1500.000000
1500.000000
1500.000000
1500.000000
1500.000000
1500.000000
1500.000000
1500.000000
1500.000000
1500.000000
1500.000000
1500.000000
1500.000000
1500.000000
1500.000000
1500.000000
1185.254114
1184.763839
1183.426422
1181.602012
1179.777602
1178.440185
1177.949910
1178.440185
1179.777602
1181.602012
1183.426422
1184.763839
1185.254114
1184.763839
1183.426422
1181.602012
1179.777602
1178.440185
1177.949910
1178.440185
1179.777602
1181.602012
1183.426422
1184.763839
995.860255
994.773512
991.817428
987.794541
983.771654
980.815570
979.728827
980.815570
983.771654
987.794541
991.817428
994.773512
995.860255
994.773512
991.817428
987.794541
983.771654
980.815570
979.728827
980.815570
983.771654
987.794541
991.817428
994.773512
862.241866
860.375393
855.329672
848.495421
841.661170
836.615449
834.748977
836.615449
841.661170
848.495421
855.329672
860.375393
862.241866
860.375393
855.329672
848.495421
841.661170
836.615449
834.748977
836.615449
841.661170
848.495421
855.329672
860.375393
760.578752
757.714439
750.060052
739.774157
729.488263
721.833875
718.969563
721.833875
729.488263
739.774157
750.060052
757.714439
760.578752
757.714439
750.060052
739.774157
729.488263
721.833875
718.969563
721.833875
729.488263
739.774157
750.060052
757.714439
679.923057
675.796840
664.982940
650.622720
636.262501
625.448600
621.322384
625.448600
636.262501
650.622720
664.982940
675.796840
679.923057
675.796840
664.982940
650.622720
636.262501
625.448600
621.322384
625.448600
636.262501
650.622720
664.982940
675.796840
614.372501
608.645636
594.087678
575.070655
556.053633
541.495675
535.768810
541.495675
556.053633
575.070655
594.087678
608.645636
614.372501
608.645636
594.087678
575.070655
556.053633
541.495675
535.768810
541.495675
556.053633
575.070655
594.087678
608.645636
560.425118
552.639158
533.715269
509.518129
485.320988
466.397099
458.611139
466.397099
485.320988
509.518129
533.715269
552.639158
560.425118
552.639158
533.715269
509.518129
485.320988
466.397099
458.611139
466.397099
485.320988
509.518129
533.715269
552.639158
515.887179
505.398983
481.450477
451.627585
421.804693
397.856188
387.367991
397.856188
421.804693
451.627585
481.450477
505.398983
515.887179
505.398983
481.450477
451.627585
421.804693
397.856188
387.367991
397.856188
421.804693
451.627585
481.450477
505.398983
479.362015
465.253376
435.593927
399.795355
363.996782
334.337334
320.228695
334.337334
363.996782
399.795355
435.593927
465.253376
479.362015
465.253376
435.593927
399.795355
363.996782
334.337334
320.228695
334.337334
363.996782
399.795355
435.593927
465.253376
449.992140
430.947392
394.885591
352.873546
310.861500
274.799700
255.754952
274.799700
310.861500
352.873546
394.885591
430.947392
449.992140
430.947392
394.885591
352.873546
310.861500
274.799700
255.754952
274.799700
310.861500
352.873546
394.885591
430.947392
427.325737
401.469563
358.350246
310.012278
261.674311
218.554993
192.698819
218.554993
261.674311
310.012278
358.350246
401.469563
427.325737
401.469563
358.350246
310.012278
261.674311
218.554993
192.698819
218.554993
261.674311
310.012278
358.350246
401.469563
411.250761
375.937284
325.207797
270.564740
215.921683
165.192196
129.878719
165.192196
215.921683
270.564740
325.207797
375.937284
411.250761
375.937284
325.207797
270.564740
215.921683
165.192196
129.878719
165.192196
215.921683
270.564740
325.207797
375.937284
401.969521
353.512585
294.821026
234.027266
173.233505
114.541946
66.085010
114.541946
173.233505
234.027266
294.821026
353.512585
401.969521
353.512585
294.821026
234.027266
173.233505
114.541946
66.085010
114.541946
173.233505
234.027266
294.821026
353.512585
400.000000
333.333333
266.666667
200.000000
133.333333
66.666667
0.000000
66.666667
133.333333
200.000000
266.666667
333.333333
400.000000
333.333333
266.666667
200.000000
133.333333
66.666667
0.000000
66.666667
133.333333
200.000000
266.666667
333.333333
