1500.000000
1500.000000
1500.000000
1500.000000
1500.000000
1500.000000
1500.000000
1500.000000
1500.000000
1500.000000
1500.000000
1500.000000
1500.000000
1500.000000
1500.000000
1500.000000
1500.000000
1500.000000
1500.000000
1500.000000
1185.357205
1184.637812
1182.760410
1180.443614
1178.566212
1177.846819
1178.566212
1180.443614
1182.760410
1184.637812
1185.357205
1184.637812
1182.760410
1180.443614
1178.566212
1177.846819
1178.566212
1180.443614
1182.760410
1184.637812
996.067665
994.474780
990.339736
985.249346
981.114302
979.521417
981.114302
985.249346
990.339736
994.474780
996.067665
994.474780
990.339736
985.249346
981.114302
979.521417
981.114302
985.249346
990.339736
994.474780
862.569096
859.832556
852.803054
844.187789
837.158286
834.421747
837.158286
844.187789
852.803054
859.832556
862.569096
859.832556
852.803054
844.187789
837.158286
834.421747
837.158286
844.187789
852.803054
859.832556
761.047169
756.841862
746.231554
733.316760
722.706452
718.501145
722.706452
733.316760
746.231554
756.841862
761.047169
756.841862
746.231554
733.316760
722.706452
718.501145
722.706452
733.316760
746.231554
756.841862
680.560231
674.492131
659.599444
641.645997
626.753310
620.685210
626.753310
641.645997
659.599444
674.492131
680.560231
674.492131
659.599444
641.645997
626.753310
620.685210
626.753310
641.645997
659.599444
674.492131
615.212266
606.784762
586.904023
563.237287
543.356549
534.929045
543.356549
563.237287
586.904023
606.784762
615.212266
606.784762
586.904023
563.237287
543.356549
534.929045
543.356549
563.237287
586.904023
606.784762
561.504846
550.071466
524.502023
494.534234
468.964791
457.531411
468.964791
494.534234
524.502023
550.071466
561.504846
550.071466
524.502023
494.534234
468.964791
457.531411
468.964791
494.534234
524.502023
550.071466
517.240171
501.943733
470.002589
433.252582
401.311437
386.014999
401.311437
433.252582
470.002589
501.943733
517.240171
501.943733
470.002589
433.252582
401.311437
386.014999
401.311437
433.252582
470.002589
501.943733
481.002603
460.699613
421.740202
377.850508
338.891096
318.588107
338.891096
377.850508
421.740202
460.699613
481.002603
460.699613
421.740202
377.850508
338.891096
318.588107
338.891096
377.850508
421.740202
460.699613
451.890631
425.059380
378.498383
327.248709
280.687711
253.856461
280.687711
327.248709
378.498383
425.059380
451.890631
425.059380
378.498383
327.248709
280.687711
253.856461
280.687711
327.248709
378.498383
425.059380
429.369793
394.000462
339.354415
280.670142
226.024095
190.654764
226.024095
280.670142
339.354415
394.000462
429.369793
394.000462
339.354415
280.670142
226.024095
190.654764
226.024095
280.670142
339.354415
394.000462
413.189234
366.654234
303.587657
237.541823
174.475246
127.940245
174.475246
237.541823
303.587657
366.654234
413.189234
366.654234
303.587657
237.541823
174.475246
127.940245
174.475246
237.541823
303.587657
366.654234
403.334190
342.236899
270.623706
197.430826
125.817633
64.720342
125.817633
197.430826
270.623706
342.236899
403.334190
342.236899
270.623706
197.430826
125.817633
64.720342
125.817633
197.430826
270.623706
342.236899
400.000000
320.000000
240.000000
160.000000
80.000000
0.000000
80.000000
160.000000
240.000000
320.000000
400.000000
320.000000
240.000000
160.000000
80.000000
0.000000
80.000000
160.000000
240.000000
320.000000
