1500.000000
1500.000000
1500.000000
1500.000000
1500.000000
1500.000000
1500.000000
1500.000000
1500.000000
1500.000000
1500.000000
1500.000000
1500.000000
1500.000000
1500.000000
1500.000000
1500.000000
1500.000000
1500.000000
1500.000000
1500.000000
1500.000000
1500.000000
1500.000000
1500.000000
1500.000000
1500.000000
1500.000000
1500.000000
1500.000000
1500.000000
1500.000000
1500.000000
1500.000000
1500.000000
1500.000000
1164.555202
1164.475365
1164.245576
1163.893737
1163.462373
1163.003422
1162.572058
1162.220218
1161.990430
1161.910592
1161.990430
1162.220218
1162.572058
1163.003422
1163.462373
1163.893737
1164.245576
1164.475365
1164.555202
1164.475365
1164.245576
1163.893737
1163.462373
1163.003422
1162.572058
1162.220218
1161.990430
1161.910592
1161.990430
1162.220218
1162.572058
1163.003422
1163.462373
1163.893737
1164.245576
1164.475365
961.174033
960.996724
960.486820
959.707053
958.752054
957.736398
956.781400
956.001632
955.491728
955.314419
955.491728
956.001632
956.781400
957.736398
958.752054
959.707053
960.486820
960.996724
961.174033
960.996724
960.486820
959.707053
958.752054
957.736398
956.781400
956.001632
955.491728
955.314419
955.491728
956.001632
956.781400
957.736398
958.752054
959.707053
960.486820
960.996724
815.914673
815.610119
814.735979
813.402906
811.774024
810.043213
808.414331
807.081258
806.207119
805.902565
806.207119
807.081258
808.414331
810.043213
811.774024
813.402906
814.735979
815.610119
815.914673
815.610119
814.735979
813.402906
811.774024
810.043213
808.414331
807.081258
806.207119
805.902565
806.207119
807.081258
808.414331
810.043213
811.774024
813.402906
814.735979
815.610119
703.505024
703.038639
701.705186
699.682228
697.220698
694.609250
692.147720
690.124762
688.791309
688.324923
688.791309
690.124762
692.147720
694.609250
697.220698
699.682228
701.705186
703.038639
703.505024
703.038639
701.705186
699.682228
697.220698
694.609250
692.147720
690.124762
688.791309
688.324923
688.791309
690.124762
692.147720
694.609250
697.220698
699.682228
701.705186
703.038639
612.321235
611.652265
609.753312
606.897749
603.446427
599.793943
596.342621
593.487058
591.588105
590.919135
591.588105
593.487058
596.342621
599.793943
603.446427
606.897749
609.753312
611.652265
612.321235
611.652265
609.753312
606.897749
603.446427
599.793943
596.342621
593.487058
591.588105
590.919135
591.588105
593.487058
596.342621
599.793943
603.446427
606.897749
609.753312
611.652265
536.068866
535.145746
532.558732
528.721925
524.130369
519.288325
514.696769
510.859962
508.272948
507.349828
508.272948
510.859962
514.696769
519.288325
524.130369
528.721925
532.558732
535.145746
536.068866
535.145746
532.558732
528.721925
524.130369
519.288325
514.696769
510.859962
508.272948
507.349828
508.272948
510.859962
514.696769
519.288325
524.130369
528.721925
532.558732
535.145746
470.970419
469.721928
466.299787
461.326926
455.456071
449.293816
443.422961
438.450100
435.027959
433.779468
435.027959
438.450100
443.422961
449.293816
455.456071
461.326926
466.299787
469.721928
470.970419
469.721928
466.299787
461.326926
455.456071
449.293816
443.422961
438.450100
435.027959
433.779468
435.027959
438.450100
443.422961
449.293816
455.456071
461.326926
466.299787
469.721928
414.600743
412.919901
408.480870
402.212003
394.939327
387.349795
380.077119
373.808253
369.369221
367.688379
369.369221
373.808253
380.077119
387.349795
394.939327
402.212003
408.480870
412.919901
414.600743
412.919901
408.480870
402.212003
394.939327
387.349795
380.077119
373.808253
369.369221
367.688379
369.369221
373.808253
380.077119
387.349795
394.939327
402.212003
408.480870
412.919901
365.338841
363.053920
357.370647
349.644424
340.869650
331.774369
322.999596
315.273373
309.590099
307.305178
309.590099
315.273373
322.999596
331.774369
340.869650
349.644424
357.370647
363.053920
365.338841
363.053920
357.370647
349.644424
340.869650
331.774369
322.999596
315.273373
309.590099
307.305178
309.590099
315.273373
322.999596
331.774369
340.869650
349.644424
357.370647
363.053920
322.090287
318.913356
311.704368
302.365870
292.016796
281.369551
271.020477
261.681979
254.472991
251.296060
254.472991
261.681979
271.020477
281.369551
292.016796
302.365870
311.704368
318.913356
322.090287
318.913356
311.704368
302.365870
292.016796
281.369551
271.020477
261.681979
254.472991
251.296060
254.472991
261.681979
271.020477
281.369551
292.016796
302.365870
311.704368
318.913356
284.146470
279.583914
270.513510
259.427175
247.464897
235.253384
223.291106
212.204771
203.134367
198.571811
203.134367
212.204771
223.291106
235.253384
247.464897
259.427175
270.513510
279.583914
284.146470
279.583914
270.513510
259.427175
247.464897
235.253384
223.291106
212.204771
203.134367
198.571811
203.134367
212.204771
223.291106
235.253384
247.464897
259.427175
270.513510
279.583914
251.124980
244.325640
233.023147
220.090787
206.513280
192.758285
179.180778
166.248418
154.945925
148.146585
154.945925
166.248418
179.180778
192.758285
206.513280
220.090787
233.023147
244.325640
251.124980
244.325640
233.023147
220.090787
206.513280
192.758285
179.180778
166.248418
154.945925
148.146585
154.945925
166.248418
179.180778
192.758285
206.513280
220.090787
233.023147
244.325640
222.968948
212.472889
198.589647
183.771521
168.614394
153.366361
138.209233
123.391108
109.507866
99.011807
109.507866
123.391108
138.209233
153.366361
168.614394
183.771521
198.589647
212.472889
222.968948
212.472889
198.589647
183.771521
168.614394
153.366361
138.209233
123.391108
109.507866
99.011807
109.507866
123.391108
138.209233
153.366361
168.614394
183.771521
198.589647
212.472889
200.000000
183.333333
166.666667
150.000000
133.333333
116.666667
100.000000
83.333333
66.666667
50.000000
66.666667
83.333333
100.000000
116.666667
133.333333
150.000000
166.666667
183.333333
200.000000
183.333333
166.666667
150.000000
133.333333
116.666667
100.000000
83.333333
66.666667
50.000000
66.666667
83.333333
100.000000
116.666667
133.333333
150.000000
166.666667
183.333333
