1500.000000
1500.000000
1500.000000
1500.000000
1500.000000
1500.000000
1500.000000
1500.000000
1500.000000
1500.000000
1500.000000
1500.000000
1500.000000
1500.000000
1500.000000
1500.000000
1500.000000
1500.000000
1500.000000
1500.000000
1500.000000
1500.000000
1500.000000
1500.000000
1500.000000
1500.000000
1500.000000
1500.000000
1500.000000
1500.000000
1500.000000
1500.000000
1164.565099
1164.463559
1164.174564
1163.742394
1163.232897
1162.723400
1162.291231
1162.002236
1161.900696
1162.002236
1162.291231
1162.723400
1163.232897
1163.742394
1164.174564
1164.463559
1164.565099
1164.463559
1164.174564
1163.742394
1163.232897
1162.723400
1162.291231
1162.002236
1161.900696
1162.002236
1162.291231
1162.723400
1163.232897
1163.742394
1164.174564
1164.463559
961.193893
960.968491
960.327715
959.370970
958.244226
957.117482
956.160738
955.519961
955.294559
955.519961
956.160738
957.117482
958.244226
959.370970
960.327715
960.968491
961.193893
960.968491
960.327715
959.370970
958.244226
957.117482
956.160738
955.519961
955.294559
955.519961
956.160738
957.117482
958.244226
959.370970
960.327715
960.968491
815.945777
815.558659
814.461079
812.827808
810.908619
808.989430
807.356158
806.258578
805.871460
806.258578
807.356158
808.989430
810.908619
812.827808
814.461079
815.558659
815.945777
815.558659
814.461079
812.827808
810.908619
808.989430
807.356158
806.258578
805.871460
806.258578
807.356158
808.989430
810.908619
812.827808
814.461079
815.558659
703.549072
702.956029
701.283481
698.810010
695.914974
693.019937
690.546466
688.873919
688.280875
688.873919
690.546466
693.019937
695.914974
698.810010
701.283481
702.956029
703.549072
702.956029
701.283481
698.810010
695.914974
693.019937
690.546466
688.873919
688.280875
688.873919
690.546466
693.019937
695.914974
698.810010
701.283481
702.956029
612.380560
611.529086
609.150946
605.669699
601.620185
597.570671
594.089424
591.711285
590.859810
591.711285
594.089424
597.570671
601.620185
605.669699
609.150946
611.529086
612.380560
611.529086
609.150946
605.669699
601.620185
597.570671
594.089424
591.711285
590.859810
591.711285
594.089424
597.570671
601.620185
605.669699
609.150946
611.529086
536.146942
534.970061
531.738318
527.080216
521.709347
516.338478
511.680376
508.448633
507.271752
508.448633
511.680376
516.338478
521.709347
527.080216
531.738318
534.970061
536.146942
534.970061
531.738318
527.080216
521.709347
516.338478
511.680376
508.448633
507.271752
508.448633
511.680376
516.338478
521.709347
527.080216
531.738318
534.970061
471.072542
469.477511
465.219571
459.216141
452.374944
445.533746
439.530316
435.272376
433.677345
435.272376
439.530316
445.533746
452.374944
459.216141
465.219571
469.477511
471.072542
469.477511
465.219571
459.216141
452.374944
445.533746
439.530316
435.272376
433.677345
435.272376
439.530316
445.533746
452.374944
459.216141
465.219571
469.477511
414.734668
412.583561
407.094273
399.581102
391.144561
382.708021
375.194850
369.705562
367.554454
369.705562
375.194850
382.708021
391.144561
399.581102
407.094273
412.583561
414.734668
412.583561
407.094273
399.581102
391.144561
382.708021
375.194850
369.705562
367.554454
369.705562
375.194850
382.708021
391.144561
399.581102
407.094273
412.583561
365.514757
362.591912
355.626784
346.449242
336.322010
326.194778
317.017236
310.052108
307.129262
310.052108
317.017236
326.194778
336.322010
346.449242
355.626784
362.591912
365.514757
362.591912
355.626784
346.449242
336.322010
326.194778
317.017236
310.052108
307.129262
310.052108
317.017236
326.194778
336.322010
346.449242
355.626784
362.591912
322.318646
318.277347
309.550206
298.572012
286.693174
274.814335
263.836142
255.109000
251.067701
255.109000
263.836142
274.814335
286.693174
298.572012
309.550206
318.277347
322.318646
318.277347
309.550206
298.572012
286.693174
274.814335
263.836142
255.109000
251.067701
255.109000
263.836142
274.814335
286.693174
298.572012
309.550206
318.277347
284.430697
278.707915
267.898288
255.012953
241.359140
227.705328
214.819993
204.010366
198.287584
204.010366
214.819993
227.705328
241.359140
255.012953
267.898288
278.707915
284.430697
278.707915
267.898288
255.012953
241.359140
227.705328
214.819993
204.010366
198.287584
204.010366
214.819993
227.705328
241.359140
255.012953
267.898288
278.707915
251.443610
243.127015
229.905315
215.049643
199.635783
184.221922
169.366251
156.144550
147.827955
156.144550
169.366251
184.221922
199.635783
215.049643
229.905315
243.127015
251.443610
243.127015
229.905315
215.049643
199.635783
184.221922
169.366251
156.144550
147.827955
156.144550
169.366251
184.221922
199.635783
215.049643
229.905315
243.127015
223.237906
210.863331
194.945750
178.113240
160.990377
143.867515
127.035005
111.117424
98.742849
111.117424
127.035005
143.867515
160.990377
178.113240
194.945750
210.863331
223.237906
210.863331
194.945750
178.113240
160.990377
143.867515
127.035005
111.117424
98.742849
111.117424
127.035005
143.867515
160.990377
178.113240
194.945750
210.863331
200.000000
181.250000
162.500000
143.750000
125.000000
106.250000
87.500000
68.750000
50.000000
68.750000
87.500000
106.250000
125.000000
143.750000
162.500000
181.250000
200.000000
181.250000
162.500000
143.750000
125.000000
106.250000
87.500000
68.750000
50.000000
68.750000
87.500000
106.250000
125.000000
143.750000
162.500000
181.250000
