1500.000000
1500.000000
1500.000000
1500.000000
1500.000000
1500.000000
1500.000000
1500.000000
1500.000000
1500.000000
1500.000000
1500.000000
1500.000000
1500.000000
1500.000000
1500.000000
1500.000000
1500.000000
1500.000000
1500.000000
1500.000000
1500.000000
1500.000000
1500.000000
1500.000000
1500.000000
1500.000000
1500.000000
1500.000000
1500.000000
1500.000000
1500.000000
1500.000000
1500.000000
1500.000000
1173.786336
1173.821228
1173.886015
1173.972435
1174.071205
1174.173878
1174.273825
1174.366534
1174.449374
1174.521205
1174.581901
1174.631974
1174.672243
1174.703638
1174.727035
1174.743185
1174.752643
1174.755759
1174.752643
1174.743185
1174.727035
1174.703638
1174.672243
1174.631974
1174.581901
1174.521205
1174.449374
1174.366534
1174.273825
1174.173878
1174.071205
1173.972435
1173.886015
1173.821228
1173.786336
969.750541
969.829048
969.970380
970.151318
970.348681
970.544441
970.726554
970.888681
971.028267
971.145546
971.241945
971.319740
971.381114
971.428314
971.463051
971.486880
971.500719
971.505301
971.500719
971.486880
971.463051
971.428314
971.381114
971.319740
971.241945
971.145546
971.028267
970.888681
970.726554
970.544441
970.348681
970.151318
969.970380
969.829048
969.750541
821.179679
821.326100
821.576689
821.879871
822.190543
822.481799
822.738306
822.956811
823.137128
823.284170
823.401275
823.494197
823.565733
823.620479
823.659877
823.687166
823.702504
823.707938
823.702504
823.687166
823.659877
823.620479
823.565733
823.494197
823.401275
823.284170
823.137128
822.956811
822.738306
822.481799
822.190543
821.879871
821.576689
821.326100
821.179679
704.236805
704.496791
704.906711
705.370205
705.808240
706.196381
706.515970
706.779040
706.984360
707.150027
707.275206
707.376028
707.448998
707.507620
707.546065
707.575847
707.589448
707.596923
707.589448
707.575847
707.546065
707.507620
707.448998
707.376028
707.275206
707.150027
706.984360
706.779040
706.515970
706.196381
705.808240
705.370205
704.906711
704.496791
704.236805
607.679678
608.139536
608.773782
609.445671
610.012204
610.498161
610.858074
611.159032
611.367458
611.549270
611.665509
611.776215
611.837317
611.904762
611.931297
611.970396
611.972850
611.990533
611.972850
611.970396
611.931297
611.904762
611.837317
611.776215
611.665509
611.549270
611.367458
611.159032
610.858074
610.498161
610.012204
609.445671
608.773782
608.139536
607.679678
525.285064
526.114116
527.034513
527.983372
528.641830
529.242672
529.590023
529.946628
530.111671
530.334407
530.401130
530.551005
530.562959
530.670895
530.649972
530.731347
530.688111
530.749791
530.688111
530.731347
530.649972
530.670895
530.562959
530.551005
530.401130
530.334407
530.111671
529.946628
529.590023
529.242672
528.641830
527.983372
527.034513
526.114116
525.285064
453.199905
454.739441
455.941862
457.299897
457.915399
458.719548
458.917268
459.428273
459.424009
459.795149
459.692556
459.993198
459.838935
460.100776
459.916556
460.154479
459.950343
460.170793
459.950343
460.154479
459.916556
460.100776
459.838935
459.993198
459.692556
459.795149
459.424009
459.428273
458.917268
458.719548
457.915399
457.299897
455.941862
454.739441
453.199905
388.796257
391.739574
392.987922
395.078959
395.271777
396.584233
396.269639
397.259518
396.737529
397.590743
396.976081
397.764604
397.103475
397.857638
397.170294
397.903717
397.199221
397.917667
397.199221
397.903717
397.170294
397.857638
397.103475
397.764604
396.976081
397.590743
396.737529
397.259518
396.269639
396.584233
395.271777
395.078959
392.987922
391.739574
388.796257
330.077683
335.819774
336.266631
339.925003
338.736737
341.416995
339.669629
342.024052
340.079201
342.308705
340.281569
342.454830
340.387922
342.532120
340.443237
342.570171
340.467086
342.581662
340.467086
342.570171
340.443237
342.532120
340.387922
342.454830
340.281569
342.308705
340.079201
342.024052
339.669629
341.416995
338.736737
339.925003
336.266631
335.819774
330.077683
275.297986
286.586577
283.987113
291.263510
286.446829
292.629192
287.257225
293.139414
287.594157
293.370234
287.756630
293.486732
287.840994
293.547819
287.884600
293.577761
287.903343
293.586786
287.903343
293.577761
287.884600
293.547819
287.840994
293.486732
287.756630
293.370234
287.594157
293.139414
287.257225
292.629192
286.446829
291.263510
283.987113
286.586577
275.297986
222.640201
244.739466
233.937270
249.529894
236.131431
250.657273
236.771673
251.050033
237.026875
251.223026
237.147773
251.309280
237.210014
251.354233
237.242044
251.376198
237.255782
251.382809
237.255782
251.376198
237.242044
251.354233
237.210014
251.309280
237.147773
251.223026
237.026875
251.050033
236.771673
250.657273
236.131431
249.529894
233.937270
244.739466
222.640201
169.865659
212.559147
182.734029
216.697852
184.387800
217.493639
184.824973
217.756952
184.994194
217.870857
185.073424
217.927200
185.113987
217.956447
185.134802
217.970710
185.143718
217.975000
185.143718
217.970710
185.134802
217.956447
185.113987
217.927200
185.073424
217.870857
184.994194
217.756952
184.824973
217.493639
184.387800
216.697852
182.734029
212.559147
169.865659
113.859950
194.781086
124.680035
197.278310
125.562670
197.683808
125.780938
197.813893
125.864027
197.869606
125.902680
197.897045
125.922410
197.911258
125.932519
197.918182
125.936846
197.920263
125.936846
197.918182
125.932519
197.911258
125.922410
197.897045
125.902680
197.869606
125.864027
197.813893
125.780938
197.683808
125.562670
197.278310
124.680035
194.781086
113.859950
50.000000
200.000000
50.000000
200.000000
50.000000
200.000000
50.000000
200.000000
50.000000
200.000000
50.000000
200.000000
50.000000
200.000000
50.000000
200.000000
50.000000
200.000000
50.000000
200.000000
50.000000
200.000000
50.000000
200.000000
50.000000
200.000000
50.000000
200.000000
50.000000
200.000000
50.000000
200.000000
50.000000
200.000000
50.000000
