1500.000000
1500.000000
1500.000000
1500.000000
1168.622277
1157.843518
1168.622277
1157.843518
968.251889
948.236564
968.251889
948.236564
825.519001
796.298236
825.519001
796.298236
715.259021
676.570927
715.259021
676.570927
625.861881
577.378489
625.861881
577.378489
551.016053
492.402642
551.016053
492.402642
486.908541
417.841347
486.908541
417.841347
431.058946
351.230177
431.058946
351.230177
381.762736
290.881284
381.762736
290.881284
337.797848
235.588499
337.797848
235.588499
298.258053
184.460228
298.258053
184.460228
262.452576
136.818990
262.452576
136.818990
229.842679
92.138076
229.842679
92.138076
200.000000
50.000000
200.000000
50.000000
