1500.000000
1500.000000
1500.000000
1500.000000
1500.000000
1500.000000
1500.000000
1500.000000
1500.000000
1500.000000
1500.000000
1500.000000
1500.000000
1500.000000
1500.000000
1500.000000
1500.000000
1500.000000
1500.000000
1500.000000
1500.000000
1500.000000
1500.000000
1500.000000
1500.000000
1500.000000
1500.000000
1500.000000
1500.000000
1500.000000
1500.000000
1500.000000
1500.000000
1500.000000
1500.000000
1500.000000
1500.000000
1500.000000
1500.000000
1500.000000
1185.109400
1184.937553
1184.438986
1183.662830
1182.685295
1181.602012
1180.518729
1179.541194
1178.765038
1178.266471
1178.094624
1178.266471
1178.765038
1179.541194
1180.518729
1181.602012
1182.685295
1183.662830
1184.438986
1184.937553
1185.109400
1184.937553
1184.438986
1183.662830
1182.685295
1181.602012
1180.518729
1179.541194
1178.765038
1178.266471
1178.094624
1178.266471
1178.765038
1179.541194
1180.518729
1181.602012
1182.685295
1183.662830
1184.438986
1184.937553
995.569721
995.187933
994.080990
992.359475
990.193443
987.794541
985.395639
983.229607
981.508092
980.401149
980.019361
980.401149
981.508092
983.229607
985.395639
987.794541
990.193443
992.359475
994.080990
995.187933
995.569721
995.187933
994.080990
992.359475
990.193443
987.794541
985.395639
983.229607
981.508092
980.401149
980.019361
980.401149
981.508092
983.229607
985.395639
987.794541
990.193443
992.359475
994.080990
995.187933
861.785996
861.130147
859.231411
856.285254
852.586475
848.495421
844.404368
840.705589
837.759431
835.860695
835.204846
835.860695
837.759431
840.705589
844.404368
848.495421
852.586475
856.285254
859.231411
861.130147
861.785996
861.130147
859.231411
856.285254
852.586475
848.495421
844.404368
840.705589
837.759431
835.860695
835.204846
835.860695
837.759431
840.705589
844.404368
848.495421
852.586475
856.285254
859.231411
861.130147
759.931032
758.926899
756.028459
751.550769
745.951983
739.774157
733.596331
727.997545
723.519855
720.621415
719.617282
720.621415
723.519855
727.997545
733.596331
739.774157
745.951983
751.550769
756.028459
758.926899
759.931032
758.926899
756.028459
751.550769
745.951983
739.774157
733.596331
727.997545
723.519855
720.621415
719.617282
720.621415
723.519855
727.997545
733.596331
739.774157
745.951983
751.550769
756.028459
758.926899
679.047061
677.607693
673.475786
667.140628
659.272050
650.622720
641.973391
634.104812
627.769655
623.637748
622.198380
623.637748
627.769655
634.104812
641.973391
650.622720
659.272050
667.140628
673.475786
677.607693
679.047061
677.607693
673.475786
667.140628
659.272050
650.622720
641.973391
634.104812
627.769655
623.637748
622.198380
623.637748
627.769655
634.104812
641.973391
650.622720
659.272050
667.140628
673.475786
677.607693
613.216156
611.232347
605.593700
597.052725
586.550778
575.070655
563.590533
553.088586
544.547611
538.908964
536.925155
538.908964
544.547611
553.088586
563.590533
575.070655
586.550778
597.052725
605.593700
611.232347
613.216156
611.232347
605.593700
597.052725
586.550778
575.070655
563.590533
553.088586
544.547611
538.908964
536.925155
538.908964
544.547611
553.088586
563.590533
575.070655
586.550778
597.052725
605.593700
611.232347
558.914972
556.236725
548.756515
537.633353
524.148836
509.518129
494.887421
481.402904
470.279742
462.799532
460.121285
462.799532
470.279742
481.402904
494.887421
509.518129
524.148836
537.633353
548.756515
556.236725
558.914972
556.236725
548.756515
537.633353
524.148836
509.518129
494.887421
481.402904
470.279742
462.799532
460.121285
462.799532
470.279742
481.402904
494.887421
509.518129
524.148836
537.633353
548.756515
556.236725
513.926499
510.327944
500.579688
486.466554
469.675257
451.627585
433.579914
416.788617
402.675482
392.927227
389.328672
392.927227
402.675482
416.788617
433.579914
451.627585
469.675257
486.466554
500.579688
510.327944
513.926499
510.327944
500.579688
486.466554
469.675257
451.627585
433.579914
416.788617
402.675482
392.927227
389.328672
392.927227
402.675482
416.788617
433.579914
451.627585
469.675257
486.466554
500.579688
510.327944
476.840647
471.953191
459.382029
441.843155
421.460058
399.795355
378.130651
357.747555
340.208680
327.637518
322.750062
327.637518
340.208680
357.747555
378.130651
399.795355
421.460058
441.843155
459.382029
471.953191
476.840647
471.953191
459.382029
441.843155
421.460058
399.795355
378.130651
357.747555
340.208680
327.637518
322.750062
327.637518
340.208680
357.747555
378.130651
399.795355
421.460058
441.843155
459.382029
471.953191
446.823776
440.008858
423.894290
402.481809
378.278795
352.873546
327.468297
303.265282
281.852802
265.738234
258.923316
265.738234
281.852802
303.265282
327.468297
352.873546
378.278795
402.481809
423.894290
440.008858
446.823776
440.008858
423.894290
402.481809
378.278795
352.873546
327.468297
303.265282
281.852802
265.738234
258.923316
265.738234
281.852802
303.265282
327.468297
352.873546
378.278795
402.481809
423.894290
440.008858
423.541363
413.651510
393.085596
367.373700
339.199266
310.012278
280.825291
252.650856
226.938961
206.373046
196.483193
206.373046
226.938961
252.650856
280.825291
310.012278
339.199266
367.373700
393.085596
413.651510
423.541363
413.651510
393.085596
367.373700
339.199266
310.012278
280.825291
252.650856
226.938961
206.373046
196.483193
206.373046
226.938961
252.650856
280.825291
310.012278
339.199266
367.373700
393.085596
413.651510
407.198504
392.138150
366.053681
335.694911
303.492585
270.564740
237.636895
205.434568
175.075799
148.991330
133.930976
148.991330
175.075799
205.434568
237.636895
270.564740
303.492585
335.694911
366.053681
392.138150
407.198504
392.138150
366.053681
335.694911
303.492585
270.564740
237.636895
205.434568
175.075799
148.991330
133.930976
148.991330
175.075799
205.434568
237.636895
270.564740
303.492585
335.694911
366.053681
392.138150
398.704672
374.643313
341.958662
306.759696
270.580024
234.027266
197.474508
161.294836
126.095870
93.411219
69.349860
93.411219
126.095870
161.294836
197.474508
234.027266
270.580024
306.759696
341.958662
374.643313
398.704672
374.643313
341.958662
306.759696
270.580024
234.027266
197.474508
161.294836
126.095870
93.411219
69.349860
93.411219
126.095870
161.294836
197.474508
234.027266
270.580024
306.759696
341.958662
374.643313
400.000000
360.000000
320.000000
280.000000
240.000000
200.000000
160.000000
120.000000
80.000000
40.000000
0.000000
40.000000
80.000000
120.000000
160.000000
200.000000
240.000000
280.000000
320.000000
360.000000
400.000000
360.000000
320.000000
280.000000
240.000000
200.000000
160.000000
120.000000
80.000000
40.000000
0.000000
40.000000
80.000000
120.000000
160.000000
200.000000
240.000000
280.000000
320.000000
360.000000
