1500.000000
1500.000000
1500.000000
1500.000000
1500.000000
1500.000000
1500.000000
1500.000000
1500.000000
1500.000000
1500.000000
1500.000000
1500.000000
1500.000000
1500.000000
1500.000000
1500.000000
1500.000000
1500.000000
1500.000000
1500.000000
1500.000000
1500.000000
1500.000000
1500.000000
1500.000000
1500.000000
1500.000000
1500.000000
1500.000000
1500.000000
1500.000000
1500.000000
1500.000000
1500.000000
1500.000000
1500.000000
1500.000000
1500.000000
1500.000000
1500.000000
1500.000000
1500.000000
1500.000000
1500.000000
1500.000000
1500.000000
1500.000000
1500.000000
1500.000000
1174.878827
1174.878827
1174.878827
1174.878827
1174.878827
1174.878827
1174.878827
1174.878827
1174.878827
1174.878827
1174.878827
1174.878827
1174.878827
1174.878827
1174.878827
1174.878827
1174.878827
1174.878827
1174.878827
1174.878827
1174.878827
1174.878827
1174.878827
1174.878827
1174.878827
1174.878827
1174.878827
1174.878827
1174.878827
1174.878827
1174.878827
1174.878827
1174.878827
1174.878827
1174.878827
1174.878827
1174.878827
1174.878827
1174.878827
1174.878827
1174.878827
1174.878827
1174.878827
1174.878827
1174.878827
1174.878827
1174.878827
1174.878827
1174.878827
1174.878827
971.678094
971.678094
971.678094
971.678094
971.678094
971.678094
971.678094
971.678094
971.678094
971.678094
971.678094
971.678094
971.678094
971.678094
971.678094
971.678094
971.678094
971.678094
971.678094
971.678094
971.678094
971.678094
971.678094
971.678094
971.678094
971.678094
971.678094
971.678094
971.678094
971.678094
971.678094
971.678094
971.678094
971.678094
971.678094
971.678094
971.678094
971.678094
971.678094
971.678094
971.678094
971.678094
971.678094
971.678094
971.678094
971.678094
971.678094
971.678094
971.678094
971.678094
823.895742
823.895745
823.895742
823.895745
823.895742
823.895745
823.895742
823.895745
823.895742
823.895745
823.895742
823.895745
823.895742
823.895745
823.895742
823.895745
823.895742
823.895745
823.895742
823.895745
823.895742
823.895745
823.895742
823.895745
823.895742
823.895745
823.895742
823.895745
823.895742
823.895745
823.895742
823.895745
823.895742
823.895745
823.895742
823.895745
823.895742
823.895745
823.895742
823.895745
823.895742
823.895745
823.895742
823.895745
823.895742
823.895745
823.895742
823.895745
823.895742
823.895745
707.781018
707.781059
707.781018
707.781059
707.781018
707.781059
707.781018
707.781059
707.781018
707.781059
707.781018
707.781059
707.781018
707.781059
707.781018
707.781059
707.781018
707.781059
707.781018
707.781059
707.781018
707.781059
707.781018
707.781059
707.781018
707.781059
707.781018
707.781059
707.781018
707.781059
707.781018
707.781059
707.781018
707.781059
707.781018
707.781059
707.781018
707.781059
707.781018
707.781059
707.781018
707.781059
707.781018
707.781059
707.781018
707.781059
707.781018
707.781059
707.781018
707.781059
612.156971
612.157358
612.156971
612.157358
612.156971
612.157358
612.156971
612.157358
612.156971
612.157358
612.156971
612.157358
612.156971
612.157358
612.156971
612.157358
612.156971
612.157358
612.156971
612.157358
612.156971
612.157358
612.156971
612.157358
612.156971
612.157358
612.156971
612.157358
612.156971
612.157358
612.156971
612.157358
612.156971
612.157358
612.156971
612.157358
612.156971
612.157358
612.156971
612.157358
612.156971
612.157358
612.156971
612.157358
612.156971
612.157358
612.156971
612.157358
612.156971
612.157358
530.875426
530.878315
530.875426
530.878315
530.875426
530.878315
530.875426
530.878315
530.875426
530.878315
530.875426
530.878315
530.875426
530.878315
530.875426
530.878315
530.875426
530.878315
530.875426
530.878315
530.875426
530.878315
530.875426
530.878315
530.875426
530.878315
530.875426
530.878315
530.875426
530.878315
530.875426
530.878315
530.875426
530.878315
530.875426
530.878315
530.875426
530.878315
530.875426
530.878315
530.875426
530.878315
530.875426
530.878315
530.875426
530.878315
530.875426
530.878315
530.875426
530.878315
460.189598
460.207112
460.189598
460.207112
460.189598
460.207112
460.189598
460.207112
460.189598
460.207112
460.189598
460.207112
460.189598
460.207112
460.189598
460.207112
460.189598
460.207112
460.189598
460.207112
460.189598
460.207112
460.189598
460.207112
460.189598
460.207112
460.189598
460.207112
460.189598
460.207112
460.189598
460.207112
460.189598
460.207112
460.189598
460.207112
460.189598
460.207112
460.189598
460.207112
460.189598
460.207112
460.189598
460.207112
460.189598
460.207112
460.189598
460.207112
460.189598
460.207112
397.630295
397.719811
397.630295
397.719811
397.630295
397.719811
397.630295
397.719811
397.630295
397.719811
397.630295
397.719811
397.630295
397.719811
397.630295
397.719811
397.630295
397.719811
397.630295
397.719811
397.630295
397.719811
397.630295
397.719811
397.630295
397.719811
397.630295
397.719811
397.630295
397.719811
397.630295
397.719811
397.630295
397.719811
397.630295
397.719811
397.630295
397.719811
397.630295
397.719811
397.630295
397.719811
397.630295
397.719811
397.630295
397.719811
397.630295
397.719811
397.630295
397.719811
341.421316
341.818040
341.421316
341.818040
341.421316
341.818040
341.421316
341.818040
341.421316
341.818040
341.421316
341.818040
341.421316
341.818040
341.421316
341.818040
341.421316
341.818040
341.421316
341.818040
341.421316
341.818040
341.421316
341.818040
341.421316
341.818040
341.421316
341.818040
341.421316
341.818040
341.421316
341.818040
341.421316
341.818040
341.421316
341.818040
341.421316
341.818040
341.421316
341.818040
341.421316
341.818040
341.421316
341.818040
341.421316
341.818040
341.421316
341.818040
341.421316
341.818040
290.040318
291.598672
290.040318
291.598672
290.040318
291.598672
290.040318
291.598672
290.040318
291.598672
290.040318
291.598672
290.040318
291.598672
290.040318
291.598672
290.040318
291.598672
290.040318
291.598672
290.040318
291.598672
290.040318
291.598672
290.040318
291.598672
290.040318
291.598672
290.040318
291.598672
290.040318
291.598672
290.040318
291.598672
290.040318
291.598672
290.040318
291.598672
290.040318
291.598672
290.040318
291.598672
290.040318
291.598672
290.040318
291.598672
290.040318
291.598672
290.040318
291.598672
241.613356
247.133870
241.613356
247.133870
241.613356
247.133870
241.613356
247.133870
241.613356
247.133870
241.613356
247.133870
241.613356
247.133870
241.613356
247.133870
241.613356
247.133870
241.613356
247.133870
241.613356
247.133870
241.613356
247.133870
241.613356
247.133870
241.613356
247.133870
241.613356
247.133870
241.613356
247.133870
241.613356
247.133870
241.613356
247.133870
241.613356
247.133870
241.613356
247.133870
241.613356
247.133870
241.613356
247.133870
241.613356
247.133870
241.613356
247.133870
241.613356
247.133870
192.651798
210.537225
192.651798
210.537225
192.651798
210.537225
192.651798
210.537225
192.651798
210.537225
192.651798
210.537225
192.651798
210.537225
192.651798
210.537225
192.651798
210.537225
192.651798
210.537225
192.651798
210.537225
192.651798
210.537225
192.651798
210.537225
192.651798
210.537225
192.651798
210.537225
192.651798
210.537225
192.651798
210.537225
192.651798
210.537225
192.651798
210.537225
192.651798
210.537225
192.651798
210.537225
192.651798
210.537225
192.651798
210.537225
192.651798
210.537225
192.651798
210.537225
135.144926
188.746249
135.144926
188.746249
135.144926
188.746249
135.144926
188.746249
135.144926
188.746249
135.144926
188.746249
135.144926
188.746249
135.144926
188.746249
135.144926
188.746249
135.144926
188.746249
135.144926
188.746249
135.144926
188.746249
135.144926
188.746249
135.144926
188.746249
135.144926
188.746249
135.144926
188.746249
135.144926
188.746249
135.144926
188.746249
135.144926
188.746249
135.144926
188.746249
135.144926
188.746249
135.144926
188.746249
135.144926
188.746249
135.144926
188.746249
135.144926
188.746249
50.000000
200.000000
50.000000
200.000000
50.000000
200.000000
50.000000
200.000000
50.000000
200.000000
50.000000
200.000000
50.000000
200.000000
50.000000
200.000000
50.000000
200.000000
50.000000
200.000000
50.000000
200.000000
50.000000
200.000000
50.000000
200.000000
50.000000
200.000000
50.000000
200.000000
50.000000
200.000000
50.000000
200.000000
50.000000
200.000000
50.000000
200.000000
50.000000
200.000000
50.000000
200.000000
50.000000
200.000000
50.000000
200.000000
50.000000
200.000000
50.000000
200.000000
