1500.000000
1500.000000
1500.000000
1500.000000
1500.000000
1500.000000
1500.000000
1500.000000
1187.592361
1181.602012
1175.611663
1181.602012
1187.592361
1181.602012
1175.611663
1181.602012
1000.405125
987.794541
975.183957
987.794541
1000.405125
987.794541
975.183957
987.794541
869.098527
848.495421
827.892316
848.495421
869.098527
848.495421
827.892316
848.495421
769.834174
739.774157
709.714140
739.774157
769.834174
739.774157
709.714140
739.774157
691.595204
650.622720
609.650237
650.622720
691.595204
650.622720
609.650237
650.622720
628.382166
575.070655
521.759145
575.070655
628.382166
575.070655
521.759145
575.070655
576.563438
509.518129
442.472819
509.518129
576.563438
509.518129
442.472819
509.518129
533.771210
451.627585
369.483960
451.627585
533.771210
451.627585
369.483960
451.627585
498.374076
399.795355
301.216633
399.795355
498.374076
399.795355
301.216633
399.795355
469.198963
352.873546
236.548129
352.873546
469.198963
352.873546
236.548129
352.873546
445.373130
310.012278
174.651427
310.012278
445.373130
310.012278
174.651427
310.012278
426.228943
270.564740
114.900537
270.564740
426.228943
270.564740
114.900537
270.564740
411.243689
234.027266
56.810843
234.027266
411.243689
234.027266
56.810843
234.027266
400.000000
200.000000
0.000000
200.000000
400.000000
200.000000
0.000000
200.000000
