1500.000000
1500.000000
1500.000000
1500.000000
1500.000000
1500.000000
1500.000000
1500.000000
1500.000000
1500.000000
1500.000000
1500.000000
1500.000000
1500.000000
1500.000000
1247.947197
1248.308897
1248.739354
1249.142451
1249.408145
1249.601114
1249.682088
1249.726967
1249.682088
1249.601114
1249.408145
1249.142451
1248.739354
1248.308897
1247.947197
1073.919133
1074.691084
1075.471168
1076.212668
1076.626096
1076.973703
1077.068860
1077.174145
1077.068860
1076.973703
1076.626096
1076.212668
1075.471168
1074.691084
1073.919133
940.861450
942.190680
943.252518
944.344824
944.787155
945.312439
945.334474
945.556415
945.334474
945.312439
944.787155
944.344824
943.252518
942.190680
940.861450
833.005111
835.118573
836.345967
837.864102
838.176633
838.968078
838.784044
839.234845
838.784044
838.968078
838.176633
837.864102
836.345967
835.118573
833.005111
742.171707
745.384921
746.578025
748.673829
748.629444
749.858374
749.264337
750.133393
749.264337
749.858374
748.629444
748.673829
746.578025
745.384921
742.171707
663.564144
668.296655
669.140858
672.066826
671.341968
673.286122
671.979802
673.558980
671.979802
673.286122
671.341968
672.066826
669.140858
668.296655
663.564144
594.117995
600.911787
600.946225
605.084667
603.229314
606.300738
603.851480
606.563932
603.851480
606.300738
603.229314
605.084667
600.946225
600.911787
594.117995
531.746886
541.286668
539.871173
545.767290
542.172217
546.948780
542.764671
547.196939
542.764671
546.948780
542.172217
545.767290
539.871173
541.286668
531.746886
474.956978
488.091965
484.372064
492.770369
486.631489
493.891726
487.183791
494.121078
487.183791
493.891726
486.631489
492.770369
484.372064
488.091965
474.956978
422.633136
440.400150
433.270013
445.153823
435.433561
446.194655
435.938149
446.402640
435.938149
446.194655
435.433561
445.153823
433.270013
440.400150
422.633136
373.912480
397.560280
385.623610
402.257426
387.643140
403.201945
388.094776
403.386930
388.094776
403.201945
387.643140
402.257426
385.623610
397.560280
373.912480
328.105668
359.120443
340.649327
363.623973
342.483487
364.460487
342.878800
364.621550
342.878800
364.460487
342.483487
363.623973
340.649327
359.120443
328.105668
284.645758
324.777749
297.669499
328.949947
299.284219
329.670372
299.621338
329.807131
299.621338
329.670372
299.284219
328.949947
297.669499
324.777749
284.645758
243.053787
294.344994
256.077028
298.052816
257.445816
298.652209
257.724065
298.764698
257.724065
298.652209
257.445816
298.052816
256.077028
294.344994
243.053787
202.914882
267.727831
215.310622
270.848814
216.414644
271.324929
216.634287
271.413489
216.634287
271.324929
216.414644
270.848814
215.310622
267.727831
202.914882
163.861230
244.908779
174.836916
247.337538
175.664855
247.690395
175.826884
247.755600
175.826884
247.690395
175.664855
247.337538
174.836916
244.908779
163.861230
125.559661
225.935815
134.137204
227.591115
134.684889
227.822599
134.790853
227.865187
134.790853
227.822599
134.684889
227.591115
134.137204
225.935815
125.559661
87.702392
210.914114
92.697362
211.746504
92.967165
211.859988
93.019022
211.880815
93.019022
211.859988
92.967165
211.746504
92.697362
210.914114
87.702392
50.000000
200.000000
50.000000
200.000000
50.000000
200.000000
50.000000
200.000000
50.000000
200.000000
50.000000
200.000000
50.000000
200.000000
50.000000
