1500.000000
1500.000000
1500.000000
1500.000000
1500.000000
1500.000000
1500.000000
1500.000000
1500.000000
1500.000000
1500.000000
1500.000000
1500.000000
1500.000000
1500.000000
1500.000000
1259.958405
1259.081066
1256.976846
1254.872626
1253.995287
1254.872626
1256.976846
1259.081066
1259.958405
1259.081066
1256.976846
1254.872626
1253.995287
1254.872626
1256.976846
1259.081066
1098.248602
1096.422322
1092.068277
1087.714232
1085.887953
1087.714232
1092.068277
1096.422322
1098.248602
1096.422322
1092.068277
1087.714232
1085.887953
1087.714232
1092.068277
1096.422322
977.275006
974.299056
967.272603
960.246151
957.270201
960.246151
967.272603
974.299056
977.275006
974.299056
967.272603
960.246151
957.270201
960.246151
967.272603
974.299056
881.447580
877.074918
866.893475
856.712031
852.339369
856.712031
866.893475
877.074918
881.447580
877.074918
866.893475
856.712031
852.339369
856.712031
866.893475
877.074918
802.819510
796.768798
782.940021
769.111245
763.060533
769.111245
782.940021
796.768798
802.819510
796.768798
782.940021
769.111245
763.060533
769.111245
782.940021
796.768798
736.800334
728.753143
710.792523
692.831902
684.784711
692.831902
710.792523
728.753143
736.800334
728.753143
710.792523
692.831902
684.784711
692.831902
710.792523
728.753143
680.506839
670.100090
647.539921
624.979752
614.573003
624.979752
647.539921
670.100090
680.506839
670.100090
647.539921
624.979752
614.573003
624.979752
647.539921
670.100090
632.017756
618.833938
591.229678
563.625417
550.441599
563.625417
591.229678
618.833938
632.017756
618.833938
591.229678
563.625417
550.441599
563.625417
591.229678
618.833938
589.996750
573.552728
540.488580
507.424431
490.980410
507.424431
540.488580
573.552728
589.996750
573.552728
540.488580
507.424431
490.980410
507.424431
540.488580
573.552728
553.485075
533.219797
494.314180
455.408564
435.143286
455.408564
494.314180
533.219797
553.485075
533.219797
494.314180
455.408564
435.143286
455.408564
494.314180
533.219797
521.779947
497.041182
451.952346
406.863510
382.124746
406.863510
451.952346
497.041182
521.779947
497.041182
451.952346
406.863510
382.124746
406.863510
451.952346
497.041182
494.359426
464.389610
412.821499
361.253389
331.283573
361.253389
412.821499
464.389610
494.359426
464.389610
412.821499
361.253389
331.283573
361.253389
412.821499
464.389610
470.834056
434.755288
376.463705
318.172121
282.093353
318.172121
376.463705
434.755288
470.834056
434.755288
376.463705
318.172121
282.093353
318.172121
376.463705
434.755288
450.914640
407.712860
342.511941
277.311021
234.109241
277.311021
342.511941
407.712860
450.914640
407.712860
342.511941
277.311021
234.109241
277.311021
342.511941
407.712860
434.390146
382.898513
310.667527
238.436542
186.944909
238.436542
310.667527
382.898513
434.390146
382.898513
310.667527
238.436542
186.944909
238.436542
310.667527
382.898513
421.112186
359.993679
280.684151
201.374624
140.256116
201.374624
280.684151
359.993679
421.112186
359.993679
280.684151
201.374624
140.256116
201.374624
280.684151
359.993679
410.983898
338.713151
252.356299
165.999447
93.728700
165.999447
252.356299
338.713151
410.983898
338.713151
252.356299
165.999447
93.728700
165.999447
252.356299
338.713151
403.951840
318.796231
225.510718
132.225205
47.069596
132.225205
225.510718
318.796231
403.951840
318.796231
225.510718
132.225205
47.069596
132.225205
225.510718
318.796231
400.000000
300.000000
200.000000
100.000000
0.000000
100.000000
200.000000
300.000000
400.000000
300.000000
200.000000
100.000000
0.000000
100.000000
200.000000
300.000000
