1500.000000
1500.000000
1500.000000
1500.000000
1500.000000
1500.000000
1500.000000
1500.000000
1500.000000
1500.000000
1500.000000
1500.000000
1244.208221
1243.575708
1242.336851
1241.704338
1242.336851
1243.575708
1244.208221
1243.575708
1242.336851
1241.704338
1242.336851
1243.575708
1071.111957
1069.802011
1067.265498
1065.955553
1067.265498
1069.802011
1071.111957
1069.802011
1067.265498
1065.955553
1067.265498
1069.802011
940.685604
938.562306
934.514355
932.391057
934.514355
938.562306
940.685604
938.562306
934.514355
932.391057
934.514355
938.562306
836.370394
833.268670
827.467527
824.365802
827.467527
833.268670
836.370394
833.268670
827.467527
824.365802
827.467527
833.268670
749.730839
745.468554
737.673799
733.411514
737.673799
745.468554
749.730839
745.468554
737.673799
733.411514
737.673799
745.468554
675.889864
670.270134
660.252510
654.632779
660.252510
670.270134
675.889864
670.270134
660.252510
654.632779
660.252510
670.270134
611.775715
604.586581
592.132482
584.943349
592.132482
604.586581
611.775715
604.586581
592.132482
584.943349
592.132482
604.586581
555.330265
546.343542
531.257700
522.270976
531.257700
546.343542
555.330265
546.343542
531.257700
522.270976
531.257700
546.343542
505.108596
494.078409
476.185894
465.155708
476.185894
494.078409
505.108596
494.078409
476.185894
465.155708
476.185894
494.078409
460.058656
446.719888
425.867801
412.529034
425.867801
446.719888
460.058656
446.719888
425.867801
412.529034
425.867801
446.719888
419.391843
403.458542
379.517575
363.584274
379.517575
403.458542
419.391843
403.458542
379.517575
363.584274
379.517575
403.458542
382.502913
363.666705
336.532621
317.696413
336.532621
363.666705
382.502913
363.666705
336.532621
317.696413
336.532621
363.666705
348.918245
326.846763
296.441843
274.370361
296.441843
326.846763
348.918245
326.846763
296.441843
274.370361
296.441843
326.846763
318.261226
292.596552
258.871015
233.206341
258.871015
292.596552
318.261226
292.596552
258.871015
233.206341
258.871015
292.596552
290.228359
260.585490
223.518894
193.876026
223.518894
260.585490
290.228359
260.585490
223.518894
193.876026
223.518894
260.585490
264.572355
230.537690
190.140322
156.105657
190.140322
230.537690
264.572355
230.537690
190.140322
156.105657
190.140322
230.537690
241.089884
202.219725
158.533984
119.663825
158.533984
202.219725
241.089884
202.219725
158.533984
119.663825
158.533984
202.219725
219.612532
175.431607
128.533373
84.352448
128.533373
175.431607
219.612532
175.431607
128.533373
84.352448
128.533373
175.431607
200.000000
150.000000
100.000000
50.000000
100.000000
150.000000
200.000000
150.000000
100.000000
50.000000
100.000000
150.000000
