1500.000000
1500.000000
1500.000000
1500.000000
1500.000000
1500.000000
1500.000000
1500.000000
1500.000000
1500.000000
1500.000000
1500.000000
1500.000000
1500.000000
1500.000000
1500.000000
1500.000000
1500.000000
1500.000000
1500.000000
1500.000000
1500.000000
1500.000000
1500.000000
1500.000000
1500.000000
1500.000000
1500.000000
1259.682266
1259.414055
1258.663004
1257.578504
1256.375188
1255.290688
1254.539637
1254.271426
1254.539637
1255.290688
1256.375188
1257.578504
1258.663004
1259.414055
1259.682266
1259.414055
1258.663004
1257.578504
1256.375188
1255.290688
1254.539637
1254.271426
1254.539637
1255.290688
1256.375188
1257.578504
1258.663004
1259.414055
1097.710120
1097.149978
1095.582770
1093.321984
1090.814571
1088.553784
1086.986577
1086.426434
1086.986577
1088.553784
1090.814571
1093.321984
1095.582770
1097.149978
1097.710120
1097.149978
1095.582770
1093.321984
1090.814571
1088.553784
1086.986577
1086.426434
1086.986577
1088.553784
1090.814571
1093.321984
1095.582770
1097.149978
976.452939
975.538842
972.985657
969.309538
965.235669
961.559550
959.006365
958.092268
959.006365
961.559550
965.235669
969.309538
972.985657
975.538842
976.452939
975.538842
972.985657
969.309538
965.235669
961.559550
959.006365
958.092268
959.006365
961.559550
965.235669
969.309538
972.985657
975.538842
880.309776
878.967218
875.228584
869.862765
863.924184
858.558365
854.819731
853.477173
854.819731
858.558365
863.924184
869.862765
875.228584
878.967218
880.309776
878.967218
875.228584
869.862765
863.924184
858.558365
854.819731
853.477173
854.819731
858.558365
863.924184
869.862765
875.228584
878.967218
801.326969
799.472361
794.333397
786.993673
778.886370
771.546646
766.407682
764.553074
766.407682
771.546646
778.886370
786.993673
794.333397
799.472361
801.326969
799.472361
794.333397
786.993673
778.886370
771.546646
766.407682
764.553074
766.407682
771.546646
778.886370
786.993673
794.333397
799.472361
734.907797
732.446296
725.678374
716.079488
705.505557
695.906671
689.138749
686.677248
689.138749
695.906671
705.505557
716.079488
725.678374
732.446296
734.907797
732.446296
725.678374
716.079488
705.505557
695.906671
689.138749
686.677248
689.138749
695.906671
705.505557
716.079488
725.678374
732.446296
678.163314
674.983624
666.342205
654.202470
640.877372
628.737637
620.096217
616.916528
620.096217
628.737637
640.877372
654.202470
666.342205
674.983624
678.163314
674.983624
666.342205
654.202470
640.877372
628.737637
620.096217
616.916528
620.096217
628.737637
640.877372
654.202470
666.342205
674.983624
629.168231
625.134435
614.355440
599.400404
583.058952
568.103915
557.324921
553.291124
557.324921
568.103915
583.058952
599.400404
614.355440
625.134435
629.168231
625.134435
614.355440
599.400404
583.058952
568.103915
557.324921
553.291124
557.324921
568.103915
583.058952
599.400404
614.355440
625.134435
586.585937
581.525632
568.321415
550.287632
530.689527
512.655744
499.451527
494.391222
499.451527
512.655744
530.689527
550.287632
568.321415
581.525632
586.585937
581.525632
568.321415
550.287632
530.689527
512.655744
499.451527
494.391222
499.451527
512.655744
530.689527
550.287632
568.321415
581.525632
549.464025
543.151632
527.207324
505.846643
482.781718
461.421036
445.476729
439.164335
445.476729
461.421036
482.781718
505.846643
527.207324
543.151632
549.464025
543.151632
527.207324
505.846643
482.781718
461.421036
445.476729
439.164335
445.476729
461.421036
482.781718
505.846643
527.207324
543.151632
517.116503
509.250196
490.221301
465.305832
438.598861
413.683391
394.654496
386.788190
394.654496
413.683391
438.598861
465.305832
490.221301
509.250196
517.116503
509.250196
490.221301
465.305832
438.598861
413.683391
394.654496
386.788190
394.654496
413.683391
438.598861
465.305832
490.221301
509.250196
489.053680
479.224026
456.736294
428.064080
397.578919
368.906705
346.418973
336.589319
346.418973
368.906705
397.578919
428.064080
456.736294
479.224026
489.053680
479.224026
456.736294
428.064080
397.578919
368.906705
346.418973
336.589319
346.418973
368.906705
397.578919
428.064080
456.736294
479.224026
464.940220
452.588108
426.241030
393.642317
359.285093
326.686379
300.339301
287.987190
300.339301
326.686379
359.285093
393.642317
426.241030
452.588108
464.940220
452.588108
426.241030
393.642317
359.285093
326.686379
300.339301
287.987190
300.339301
326.686379
359.285093
393.642317
426.241030
452.588108
444.571000
428.931987
398.307532
361.651399
323.372482
286.716349
256.091894
240.452881
256.091894
286.716349
323.372482
361.651399
398.307532
428.931987
444.571000
428.931987
398.307532
361.651399
323.372482
286.716349
256.091894
240.452881
256.091894
286.716349
323.372482
361.651399
398.307532
428.931987
427.859088
407.890678
372.569308
331.770281
289.564774
248.765746
213.444376
193.475966
213.444376
248.765746
289.564774
331.770281
372.569308
407.890678
427.859088
407.890678
372.569308
331.770281
289.564774
248.765746
213.444376
193.475966
213.444376
248.765746
289.564774
331.770281
372.569308
407.890678
414.832624
389.120396
348.706796
303.730858
257.637444
212.661506
172.247906
146.535678
172.247906
212.661506
257.637444
303.730858
348.706796
389.120396
414.832624
389.120396
348.706796
303.730858
257.637444
212.661506
172.247906
146.535678
172.247906
212.661506
257.637444
303.730858
348.706796
389.120396
405.638820
372.276579
326.438066
277.307280
227.405317
178.274532
132.436019
99.073778
132.436019
178.274532
227.405317
277.307280
326.438066
372.276579
405.638820
372.276579
326.438066
277.307280
227.405317
178.274532
132.436019
99.073778
132.436019
178.274532
227.405317
277.307280
326.438066
372.276579
400.554106
356.992498
305.513571
252.308263
198.713173
145.507865
94.028937
50.467330
94.028937
145.507865
198.713173
252.308263
305.513571
356.992498
400.554106
356.992498
305.513571
252.308263
198.713173
145.507865
94.028937
50.467330
94.028937
145.507865
198.713173
252.308263
305.513571
356.992498
400.000000
342.857143
285.714286
228.571429
171.428571
114.285714
57.142857
0.000000
57.142857
114.285714
171.428571
228.571429
285.714286
342.857143
400.000000
342.857143
285.714286
228.571429
171.428571
114.285714
57.142857
0.000000
57.142857
114.285714
171.428571
228.571429
285.714286
342.857143
