1500.000000
1500.000000
1500.000000
1500.000000
1500.000000
1500.000000
1500.000000
1500.000000
1500.000000
1500.000000
1500.000000
1500.000000
1500.000000
1500.000000
1500.000000
1500.000000
1500.000000
1500.000000
1500.000000
1500.000000
1249.934614
1249.935435
1249.934614
1249.935435
1249.934614
1249.935435
1249.934614
1249.935435
1249.934614
1249.935435
1249.934614
1249.935435
1249.934614
1249.935435
1249.934614
1249.935435
1249.934614
1249.935435
1249.934614
1249.935435
1077.474123
1077.478718
1077.474123
1077.478718
1077.474123
1077.478718
1077.474123
1077.478718
1077.474123
1077.478718
1077.474123
1077.478718
1077.474123
1077.478718
1077.474123
1077.478718
1077.474123
1077.478718
1077.474123
1077.478718
945.854315
945.872236
945.854315
945.872236
945.854315
945.872236
945.854315
945.872236
945.854315
945.872236
945.854315
945.872236
945.854315
945.872236
945.854315
945.872236
945.854315
945.872236
945.854315
945.872236
839.424983
839.480312
839.424983
839.480312
839.424983
839.480312
839.424983
839.480312
839.424983
839.480312
839.424983
839.480312
839.424983
839.480312
839.424983
839.480312
839.424983
839.480312
839.424983
839.480312
750.071406
750.216049
750.071406
750.216049
750.071406
750.216049
750.071406
750.216049
750.071406
750.216049
750.071406
750.216049
750.071406
750.216049
750.071406
750.216049
750.071406
750.216049
750.071406
750.216049
673.033669
673.367647
673.033669
673.367647
673.033669
673.367647
673.033669
673.367647
673.033669
673.367647
673.033669
673.367647
673.033669
673.367647
673.033669
673.367647
673.033669
673.367647
673.033669
673.367647
605.265279
605.965781
605.265279
605.965781
605.265279
605.965781
605.265279
605.965781
605.265279
605.965781
605.265279
605.965781
605.265279
605.965781
605.265279
605.965781
605.265279
605.965781
605.265279
605.965781
544.678364
546.039455
544.678364
546.039455
544.678364
546.039455
544.678364
546.039455
544.678364
546.039455
544.678364
546.039455
544.678364
546.039455
544.678364
546.039455
544.678364
546.039455
544.678364
546.039455
489.754476
492.239440
489.754476
492.239440
489.754476
492.239440
489.754476
492.239440
489.754476
492.239440
489.754476
492.239440
489.754476
492.239440
489.754476
492.239440
489.754476
492.239440
489.754476
492.239440
439.324950
443.633333
439.324950
443.633333
439.324950
443.633333
439.324950
443.633333
439.324950
443.633333
439.324950
443.633333
439.324950
443.633333
439.324950
443.633333
439.324950
443.633333
439.324950
443.633333
392.437030
399.588534
392.437030
399.588534
392.437030
399.588534
392.437030
399.588534
392.437030
399.588534
392.437030
399.588534
392.437030
399.588534
392.437030
399.588534
392.437030
399.588534
392.437030
399.588534
348.266324
359.703786
348.266324
359.703786
348.266324
359.703786
348.266324
359.703786
348.266324
359.703786
348.266324
359.703786
348.266324
359.703786
348.266324
359.703786
348.266324
359.703786
348.266324
359.703786
306.055528
323.769277
306.055528
323.769277
306.055528
323.769277
306.055528
323.769277
306.055528
323.769277
306.055528
323.769277
306.055528
323.769277
306.055528
323.769277
306.055528
323.769277
306.055528
323.769277
265.068586
291.744547
265.068586
291.744547
265.068586
291.744547
265.068586
291.744547
265.068586
291.744547
265.068586
291.744547
265.068586
291.744547
265.068586
291.744547
265.068586
291.744547
265.068586
291.744547
224.554098
263.748083
224.554098
263.748083
224.554098
263.748083
224.554098
263.748083
224.554098
263.748083
224.554098
263.748083
224.554098
263.748083
224.554098
263.748083
224.554098
263.748083
224.554098
263.748083
183.714306
240.054978
183.714306
240.054978
183.714306
240.054978
183.714306
240.054978
183.714306
240.054978
183.714306
240.054978
183.714306
240.054978
183.714306
240.054978
183.714306
240.054978
183.714306
240.054978
141.677377
221.100450
141.677377
221.100450
141.677377
221.100450
141.677377
221.100450
141.677377
221.100450
141.677377
221.100450
141.677377
221.100450
141.677377
221.100450
141.677377
221.100450
141.677377
221.100450
97.471521
207.487814
97.471521
207.487814
97.471521
207.487814
97.471521
207.487814
97.471521
207.487814
97.471521
207.487814
97.471521
207.487814
97.471521
207.487814
97.471521
207.487814
97.471521
207.487814
50.000000
200.000000
50.000000
200.000000
50.000000
200.000000
50.000000
200.000000
50.000000
200.000000
50.000000
200.000000
50.000000
200.000000
50.000000
200.000000
50.000000
200.000000
50.000000
200.000000
