1500.000000
1500.000000
1500.000000
1500.000000
1500.000000
1500.000000
1500.000000
1500.000000
1500.000000
1500.000000
1500.000000
1500.000000
1500.000000
1500.000000
1500.000000
1500.000000
1500.000000
1500.000000
1500.000000
1500.000000
1259.807249
1259.265460
1257.850349
1256.103342
1254.688232
1254.146443
1254.688232
1256.103342
1257.850349
1259.265460
1259.807249
1259.265460
1257.850349
1256.103342
1254.688232
1254.146443
1254.688232
1256.103342
1257.850349
1259.265460
1097.953616
1096.824084
1093.881949
1090.254605
1087.312471
1086.182938
1087.312471
1090.254605
1093.881949
1096.824084
1097.953616
1096.824084
1093.881949
1090.254605
1087.312471
1086.182938
1087.312471
1090.254605
1093.881949
1096.824084
976.824072
974.982111
970.208530
964.336677
959.563096
957.721135
959.563096
964.336677
970.208530
974.982111
976.824072
974.982111
970.208530
964.336677
959.563096
957.721135
959.563096
964.336677
970.208530
974.982111
880.822614
878.115830
871.158053
862.628896
855.671120
852.964335
855.671120
862.628896
871.158053
878.115830
880.822614
878.115830
871.158053
862.628896
855.671120
852.964335
855.671120
862.628896
871.158053
878.115830
801.999222
798.253715
788.742163
777.137880
767.626328
763.880821
767.626328
777.137880
788.742163
798.253715
801.999222
798.253715
788.742163
777.137880
767.626328
763.880821
767.626328
777.137880
788.742163
798.253715
735.761318
730.777533
718.335320
703.249725
690.807512
685.823727
690.807512
703.249725
718.335320
730.777533
735.761318
730.777533
718.335320
703.249725
690.807512
685.823727
690.807512
703.249725
718.335320
730.777533
679.224804
672.768980
657.015872
638.063969
622.310862
615.855038
622.310862
638.063969
657.015872
672.768980
679.224804
672.768980
657.015872
638.063969
622.310862
615.855038
622.310862
638.063969
657.015872
672.768980
630.469455
622.262004
602.817038
579.642317
560.197351
551.989900
560.197351
579.642317
602.817038
622.262004
630.469455
622.262004
602.817038
579.642317
560.197351
551.989900
560.197351
579.642317
602.817038
622.262004
588.162889
577.863936
554.348171
526.628988
503.113224
492.814270
503.113224
526.628988
554.348171
577.863936
588.162889
577.863936
554.348171
526.628988
503.113224
492.814270
503.113224
526.628988
554.348171
577.863936
551.354387
538.546399
510.586478
478.041883
450.081962
437.273974
450.081962
478.041883
510.586478
538.546399
551.354387
538.546399
510.586478
478.041883
450.081962
437.273974
450.081962
478.041883
510.586478
538.546399
519.354589
503.521912
470.754830
433.149862
400.382781
384.550103
400.382781
433.149862
470.754830
503.521912
519.354589
503.521912
470.754830
433.149862
400.382781
384.550103
400.382781
433.149862
470.754830
503.521912
491.661858
472.166923
434.246342
391.396657
353.476076
333.981141
353.476076
391.396657
434.246342
472.166923
491.661858
472.166923
434.246342
391.396657
353.476076
333.981141
353.476076
391.396657
434.246342
472.166923
467.915548
443.971505
400.575880
352.351530
308.955904
285.011861
308.955904
352.351530
400.575880
443.971505
467.915548
443.971505
400.575880
352.351530
308.955904
285.011861
308.955904
352.351530
400.575880
443.971505
447.865568
418.505062
369.347869
315.676012
266.518819
237.158313
266.518819
315.676012
369.347869
418.505062
447.865568
418.505062
369.347869
315.676012
266.518819
237.158313
266.518819
315.676012
369.347869
418.505062
431.352218
395.392051
340.234377
281.100678
225.943004
189.982836
225.943004
281.100678
340.234377
395.392051
431.352218
395.392051
340.234377
281.100678
225.943004
189.982836
225.943004
281.100678
340.234377
395.392051
418.292766
374.294137
312.959914
248.408388
187.074166
143.075536
187.074166
248.408388
312.959914
374.294137
418.292766
374.294137
312.959914
248.408388
187.074166
143.075536
187.074166
248.408388
312.959914
374.294137
408.672574
354.896625
287.290784
217.421813
149.815973
96.040024
149.815973
217.421813
287.290784
354.896625
408.672574
354.896625
287.290784
217.421813
149.815973
96.040024
149.815973
217.421813
287.290784
354.896625
402.539404
336.897760
263.027589
187.993846
114.123676
48.482031
114.123676
187.993846
263.027589
336.897760
402.539404
336.897760
263.027589
187.993846
114.123676
48.482031
114.123676
187.993846
263.027589
336.897760
400.000000
320.000000
240.000000
160.000000
80.000000
0.000000
80.000000
160.000000
240.000000
320.000000
400.000000
320.000000
240.000000
160.000000
80.000000
0.000000
80.000000
160.000000
240.000000
320.000000
