1500.000000
1500.000000
1500.000000
1500.000000
1500.000000
1500.000000
1500.000000
1500.000000
1500.000000
1500.000000
1500.000000
1500.000000
1500.000000
1500.000000
1500.000000
1500.000000
1500.000000
1500.000000
1500.000000
1500.000000
1500.000000
1500.000000
1500.000000
1500.000000
1259.728600
1259.359406
1258.351833
1256.976846
1255.601858
1254.594286
1254.225092
1254.594286
1255.601858
1256.976846
1258.351833
1259.359406
1259.728600
1259.359406
1258.351833
1256.976846
1255.601858
1254.594286
1254.225092
1254.594286
1255.601858
1256.976846
1258.351833
1259.359406
1097.800348
1097.029873
1094.930137
1092.068277
1089.206417
1087.106681
1086.336206
1087.106681
1089.206417
1092.068277
1094.930137
1097.029873
1097.800348
1097.029873
1094.930137
1092.068277
1089.206417
1087.106681
1086.336206
1087.106681
1089.206417
1092.068277
1094.930137
1097.029873
976.590299
975.333407
971.917579
967.272603
962.627627
959.211800
957.954908
959.211800
962.627627
967.272603
971.917579
975.333407
976.590299
975.333407
971.917579
967.272603
962.627627
959.211800
957.954908
959.211800
962.627627
967.272603
971.917579
975.333407
880.499236
878.652909
873.659190
866.893475
860.127760
855.134040
853.287713
855.134040
860.127760
866.893475
873.659190
878.652909
880.499236
878.652909
873.659190
866.893475
860.127760
855.134040
853.287713
855.134040
860.127760
866.893475
873.659190
878.652909
801.574815
799.022483
792.171731
782.940021
773.708312
766.857559
764.305228
766.857559
773.708312
782.940021
792.171731
799.022483
801.574815
799.022483
792.171731
782.940021
773.708312
766.857559
764.305228
766.857559
773.708312
782.940021
792.171731
799.022483
735.221978
731.830301
722.830418
710.792523
698.754627
689.754744
686.363067
689.754744
698.754627
710.792523
722.830418
731.830301
735.221978
731.830301
722.830418
710.792523
698.754627
689.754744
686.363067
689.754744
698.754627
710.792523
722.830418
731.830301
678.553970
674.165816
662.711773
647.539921
632.368069
620.914026
616.525872
620.914026
632.368069
647.539921
662.711773
674.165816
678.553970
674.165816
662.711773
647.539921
632.368069
620.914026
616.525872
620.914026
632.368069
647.539921
662.711773
674.165816
629.648145
624.072260
609.844958
591.229678
572.614398
558.387096
552.811210
558.387096
572.614398
591.229678
609.844958
624.072260
629.648145
624.072260
609.844958
591.229678
572.614398
558.387096
552.811210
558.387096
572.614398
591.229678
609.844958
624.072260
587.170668
580.167686
562.832953
540.488580
518.144207
500.809474
493.806491
500.809474
518.144207
540.488580
562.832953
580.167686
587.170668
580.167686
562.832953
540.488580
518.144207
500.809474
493.806491
500.809474
518.144207
540.488580
562.832953
580.167686
550.171404
541.435540
520.644073
494.314180
467.984288
447.192821
438.456957
447.192821
467.984288
494.314180
520.644073
541.435540
550.171404
541.435540
520.644073
494.314180
467.984288
447.192821
438.456957
447.192821
467.984288
494.314180
520.644073
541.435540
517.965048
507.100640
482.489588
451.952346
421.415104
396.804053
385.939645
396.804053
421.415104
451.952346
482.489588
507.100640
517.965048
507.100640
482.489588
451.952346
421.415104
396.804053
385.939645
396.804053
421.415104
451.952346
482.489588
507.100640
490.059359
476.551260
447.748182
412.821499
377.894817
349.091739
335.583640
349.091739
377.894817
412.821499
447.748182
476.551260
490.059359
476.551260
447.748182
412.821499
377.894817
349.091739
335.583640
349.091739
377.894817
412.821499
447.748182
476.551260
466.110780
449.287496
415.917456
376.463705
337.009954
303.639913
286.816630
303.639913
337.009954
376.463705
415.917456
449.287496
466.110780
449.287496
415.917456
376.463705
337.009954
303.639913
286.816630
303.639913
337.009954
376.463705
415.917456
449.287496
445.896895
424.885215
386.581897
342.511941
298.441985
260.138667
239.126986
260.138667
298.441985
342.511941
386.581897
424.885215
445.896895
424.885215
386.581897
342.511941
298.441985
260.138667
239.126986
260.138667
298.441985
342.511941
386.581897
424.885215
429.299789
402.969516
359.391306
310.667527
261.943748
218.365538
192.035265
218.365538
261.943748
310.667527
359.391306
402.969516
429.299789
402.969516
359.391306
310.667527
261.943748
218.365538
192.035265
218.365538
261.943748
310.667527
359.391306
402.969516
416.296812
383.194101
334.046190
280.684151
227.322113
178.174201
145.071490
178.174201
227.322113
280.684151
334.046190
383.194101
416.296812
383.194101
334.046190
280.684151
227.322113
178.174201
145.071490
178.174201
227.322113
280.684151
334.046190
383.194101
406.956661
365.224283
310.287944
252.356299
194.424654
139.488315
97.755937
139.488315
194.424654
252.356299
310.287944
365.224283
406.956661
365.224283
310.287944
252.356299
194.424654
139.488315
97.755937
139.488315
194.424654
252.356299
310.287944
365.224283
401.439457
348.722213
287.892518
225.510718
163.128918
102.299223
49.581979
102.299223
163.128918
225.510718
287.892518
348.722213
401.439457
348.722213
287.892518
225.510718
163.128918
102.299223
49.581979
102.299223
163.128918
225.510718
287.892518
348.722213
400.000000
333.333333
266.666667
200.000000
133.333333
66.666667
0.000000
66.666667
133.333333
200.000000
266.666667
333.333333
400.000000
333.333333
266.666667
200.000000
133.333333
66.666667
0.000000
66.666667
133.333333
200.000000
266.666667
333.333333
