1500.000000
1500.000000
1500.000000
1500.000000
1500.000000
1500.000000
1500.000000
1500.000000
1500.000000
1500.000000
1500.000000
1500.000000
1500.000000
1500.000000
1500.000000
1500.000000
1500.000000
1500.000000
1500.000000
1500.000000
1500.000000
1500.000000
1500.000000
1500.000000
1500.000000
1500.000000
1500.000000
1500.000000
1500.000000
1500.000000
1249.935023
1249.935026
1249.935023
1249.935026
1249.935023
1249.935026
1249.935023
1249.935026
1249.935023
1249.935026
1249.935023
1249.935026
1249.935023
1249.935026
1249.935023
1249.935026
1249.935023
1249.935026
1249.935023
1249.935026
1249.935023
1249.935026
1249.935023
1249.935026
1249.935023
1249.935026
1249.935023
1249.935026
1249.935023
1249.935026
1077.476402
1077.476439
1077.476402
1077.476439
1077.476402
1077.476439
1077.476402
1077.476439
1077.476402
1077.476439
1077.476402
1077.476439
1077.476402
1077.476439
1077.476402
1077.476439
1077.476402
1077.476439
1077.476402
1077.476439
1077.476402
1077.476439
1077.476402
1077.476439
1077.476402
1077.476439
1077.476402
1077.476439
1077.476402
1077.476439
945.863150
945.863402
945.863150
945.863402
945.863150
945.863402
945.863150
945.863402
945.863150
945.863402
945.863150
945.863402
945.863150
945.863402
945.863150
945.863402
945.863150
945.863402
945.863150
945.863402
945.863150
945.863402
945.863150
945.863402
945.863150
945.863402
945.863150
945.863402
945.863150
945.863402
839.452013
839.453282
839.452013
839.453282
839.452013
839.453282
839.452013
839.453282
839.452013
839.453282
839.452013
839.453282
839.452013
839.453282
839.452013
839.453282
839.452013
839.453282
839.452013
839.453282
839.452013
839.453282
839.452013
839.453282
839.452013
839.453282
839.452013
839.453282
839.452013
839.453282
750.141173
750.146283
750.141173
750.146283
750.141173
750.146283
750.141173
750.146283
750.141173
750.146283
750.141173
750.146283
750.141173
750.146283
750.141173
750.146283
750.141173
750.146283
750.141173
750.146283
750.141173
750.146283
750.141173
750.146283
750.141173
750.146283
750.141173
750.146283
750.141173
750.146283
673.191982
673.209334
673.191982
673.209334
673.191982
673.209334
673.191982
673.209334
673.191982
673.209334
673.191982
673.209334
673.191982
673.209334
673.191982
673.209334
673.191982
673.209334
673.191982
673.209334
673.191982
673.209334
673.191982
673.209334
673.191982
673.209334
673.191982
673.209334
673.191982
673.209334
605.589775
605.641285
605.589775
605.641285
605.589775
605.641285
605.589775
605.641285
605.589775
605.641285
605.589775
605.641285
605.589775
605.641285
605.589775
605.641285
605.589775
605.641285
605.589775
605.641285
605.589775
605.641285
605.589775
605.641285
605.589775
605.641285
605.589775
605.641285
605.589775
605.641285
545.290312
545.427506
545.290312
545.427506
545.290312
545.427506
545.290312
545.427506
545.290312
545.427506
545.290312
545.427506
545.290312
545.427506
545.290312
545.427506
545.290312
545.427506
545.290312
545.427506
545.290312
545.427506
545.290312
545.427506
545.290312
545.427506
545.290312
545.427506
545.290312
545.427506
490.829847
491.164069
490.829847
491.164069
490.829847
491.164069
490.829847
491.164069
490.829847
491.164069
490.829847
491.164069
490.829847
491.164069
490.829847
491.164069
490.829847
491.164069
490.829847
491.164069
490.829847
491.164069
490.829847
491.164069
490.829847
491.164069
490.829847
491.164069
490.829847
491.164069
441.101294
441.856988
441.101294
441.856988
441.101294
441.856988
441.101294
441.856988
441.101294
441.856988
441.101294
441.856988
441.101294
441.856988
441.101294
441.856988
441.101294
441.856988
441.101294
441.856988
441.101294
441.856988
441.101294
441.856988
441.101294
441.856988
441.101294
441.856988
441.101294
441.856988
395.210788
396.814776
395.210788
396.814776
395.210788
396.814776
395.210788
396.814776
395.210788
396.814776
395.210788
396.814776
395.210788
396.814776
395.210788
396.814776
395.210788
396.814776
395.210788
396.814776
395.210788
396.814776
395.210788
396.814776
395.210788
396.814776
395.210788
396.814776
395.210788
396.814776
352.372675
355.597435
352.372675
355.597435
352.372675
355.597435
352.372675
355.597435
352.372675
355.597435
352.372675
355.597435
352.372675
355.597435
352.372675
355.597435
352.372675
355.597435
352.372675
355.597435
352.372675
355.597435
352.372675
355.597435
352.372675
355.597435
352.372675
355.597435
352.372675
355.597435
311.819717
318.005088
311.819717
318.005088
311.819717
318.005088
311.819717
318.005088
311.819717
318.005088
311.819717
318.005088
311.819717
318.005088
311.819717
318.005088
311.819717
318.005088
311.819717
318.005088
311.819717
318.005088
311.819717
318.005088
311.819717
318.005088
311.819717
318.005088
311.819717
318.005088
272.713732
284.099401
272.713732
284.099401
272.713732
284.099401
272.713732
284.099401
272.713732
284.099401
272.713732
284.099401
272.713732
284.099401
272.713732
284.099401
272.713732
284.099401
272.713732
284.099401
272.713732
284.099401
272.713732
284.099401
272.713732
284.099401
272.713732
284.099401
272.713732
284.099401
234.045737
254.256444
234.045737
254.256444
234.045737
254.256444
234.045737
254.256444
234.045737
254.256444
234.045737
254.256444
234.045737
254.256444
234.045737
254.256444
234.045737
254.256444
234.045737
254.256444
234.045737
254.256444
234.045737
254.256444
234.045737
254.256444
234.045737
254.256444
234.045737
254.256444
194.516162
229.253122
194.516162
229.253122
194.516162
229.253122
194.516162
229.253122
194.516162
229.253122
194.516162
229.253122
194.516162
229.253122
194.516162
229.253122
194.516162
229.253122
194.516162
229.253122
194.516162
229.253122
194.516162
229.253122
194.516162
229.253122
194.516162
229.253122
194.516162
229.253122
152.386075
210.391752
152.386075
210.391752
152.386075
210.391752
152.386075
210.391752
152.386075
210.391752
152.386075
210.391752
152.386075
210.391752
152.386075
210.391752
152.386075
210.391752
152.386075
210.391752
152.386075
210.391752
152.386075
210.391752
152.386075
210.391752
152.386075
210.391752
152.386075
210.391752
105.289983
199.669352
105.289983
199.669352
105.289983
199.669352
105.289983
199.669352
105.289983
199.669352
105.289983
199.669352
105.289983
199.669352
105.289983
199.669352
105.289983
199.669352
105.289983
199.669352
105.289983
199.669352
105.289983
199.669352
105.289983
199.669352
105.289983
199.669352
105.289983
199.669352
50.000000
200.000000
50.000000
200.000000
50.000000
200.000000
50.000000
200.000000
50.000000
200.000000
50.000000
200.000000
50.000000
200.000000
50.000000
200.000000
50.000000
200.000000
50.000000
200.000000
50.000000
200.000000
50.000000
200.000000
50.000000
200.000000
50.000000
200.000000
50.000000
200.000000
