1500.000000
1500.000000
1500.000000
1500.000000
1500.000000
1500.000000
1500.000000
1500.000000
1500.000000
1500.000000
1500.000000
1500.000000
1500.000000
1500.000000
1500.000000
1500.000000
1500.000000
1500.000000
1500.000000
1500.000000
1500.000000
1500.000000
1500.000000
1500.000000
1500.000000
1500.000000
1500.000000
1500.000000
1500.000000
1500.000000
1500.000000
1500.000000
1243.959691
1243.883242
1243.665620
1243.340104
1242.956279
1242.572455
1242.246939
1242.029317
1241.952868
1242.029317
1242.246939
1242.572455
1242.956279
1243.340104
1243.665620
1243.883242
1243.959691
1243.883242
1243.665620
1243.340104
1242.956279
1242.572455
1242.246939
1242.029317
1241.952868
1242.029317
1242.246939
1242.572455
1242.956279
1243.340104
1243.665620
1243.883242
1070.627795
1070.468050
1070.013571
1069.334290
1068.533755
1067.733220
1067.053938
1066.599459
1066.439715
1066.599459
1067.053938
1067.733220
1068.533755
1069.334290
1070.013571
1070.468050
1070.627795
1070.468050
1070.013571
1069.334290
1068.533755
1067.733220
1067.053938
1066.599459
1066.439715
1066.599459
1067.053938
1067.733220
1068.533755
1069.334290
1070.013571
1070.468050
939.948029
939.687260
938.946212
937.840302
936.538331
935.236359
934.130449
933.389401
933.128632
933.389401
934.130449
935.236359
936.538331
937.840302
938.946212
939.687260
939.948029
939.687260
938.946212
937.840302
936.538331
935.236359
934.130449
933.389401
933.128632
933.389401
934.130449
935.236359
936.538331
937.840302
938.946212
939.687260
835.353882
834.970890
833.884741
832.268069
830.368098
828.468127
826.851455
825.765306
825.382314
825.765306
826.851455
828.468127
830.368098
832.268069
833.884741
834.970890
835.353882
834.970890
833.884741
832.268069
830.368098
828.468127
826.851455
825.765306
825.382314
825.765306
826.851455
828.468127
830.368098
832.268069
833.884741
834.970890
748.407152
747.878299
746.383620
744.168056
741.571176
738.974297
736.758733
735.264054
734.735201
735.264054
736.758733
738.974297
741.571176
744.168056
746.383620
747.878299
748.407152
747.878299
746.383620
744.168056
741.571176
738.974297
736.758733
735.264054
734.735201
735.264054
736.758733
738.974297
741.571176
744.168056
746.383620
747.878299
674.229844
673.528511
671.557114
668.652698
665.261322
661.869945
658.965529
656.994132
656.292799
656.994132
658.965529
661.869945
665.261322
668.652698
671.557114
673.528511
674.229844
673.528511
671.557114
668.652698
665.261322
661.869945
658.965529
656.994132
656.292799
656.994132
658.965529
661.869945
665.261322
668.652698
671.557114
673.528511
609.750695
608.845868
606.323644
602.639441
598.359532
594.079622
590.395420
587.873195
586.968368
587.873195
590.395420
594.079622
598.359532
602.639441
606.323644
608.845868
609.750695
608.845868
606.323644
602.639441
598.359532
594.079622
590.395420
587.873195
586.968368
587.873195
590.395420
594.079622
598.359532
602.639441
606.323644
608.845868
552.913974
551.767915
548.613018
544.057677
538.800621
533.543564
528.988223
525.833326
524.687267
525.833326
528.988223
533.543564
538.800621
544.057677
548.613018
551.767915
552.913974
551.767915
548.613018
544.057677
538.800621
533.543564
528.988223
525.833326
524.687267
525.833326
528.988223
533.543564
538.800621
544.057677
548.613018
551.767915
502.280007
500.844703
496.965348
491.447748
485.132152
478.816555
473.298955
469.419601
467.984296
469.419601
473.298955
478.816555
485.132152
491.447748
496.965348
500.844703
502.280007
500.844703
496.965348
491.447748
485.132152
478.816555
473.298955
469.419601
467.984296
469.419601
473.298955
478.816555
485.132152
491.447748
496.965348
500.844703
456.806211
455.018073
450.310162
443.740372
436.293845
428.847317
422.277527
417.569616
415.781478
417.569616
422.277527
428.847317
436.293845
443.740372
450.310162
455.018073
456.806211
455.018073
450.310162
443.740372
436.293845
428.847317
422.277527
417.569616
415.781478
417.569616
422.277527
428.847317
436.293845
443.740372
450.310162
455.018073
415.719549
413.491616
407.836488
400.127176
391.488059
382.848941
375.139629
369.484501
367.256568
369.484501
375.139629
382.848941
391.488059
400.127176
407.836488
413.491616
415.719549
413.491616
407.836488
400.127176
391.488059
382.848941
375.139629
369.484501
367.256568
369.484501
375.139629
382.848941
391.488059
400.127176
407.836488
413.491616
378.438962
375.649562
368.912288
359.980708
350.099663
340.218617
331.287037
324.549763
321.760364
324.549763
331.287037
340.218617
350.099663
359.980708
368.912288
375.649562
378.438962
375.649562
368.912288
359.980708
350.099663
340.218617
331.287037
324.549763
321.760364
324.549763
331.287037
340.218617
350.099663
359.980708
368.912288
375.649562
344.527012
341.003487
333.032331
322.802946
311.644303
300.485660
290.256275
282.285119
278.761594
282.285119
290.256275
300.485660
311.644303
322.802946
333.032331
341.003487
344.527012
341.003487
333.032331
322.802946
311.644303
300.485660
290.256275
282.285119
278.761594
282.285119
290.256275
300.485660
311.644303
322.802946
333.032331
341.003487
313.659723
309.155381
299.783299
288.191032
275.733783
263.276534
251.684268
242.312185
237.807844
242.312185
251.684268
263.276534
275.733783
288.191032
299.783299
309.155381
313.659723
309.155381
299.783299
288.191032
275.733783
263.276534
251.684268
242.312185
237.807844
242.312185
251.684268
263.276534
275.733783
288.191032
299.783299
309.155381
285.608558
279.770480
268.819859
255.813881
242.052192
228.290504
215.284525
204.333904
198.495826
204.333904
215.284525
228.290504
242.052192
255.813881
268.819859
279.770480
285.608558
279.770480
268.819859
255.813881
242.052192
228.290504
215.284525
204.333904
198.495826
204.333904
215.284525
228.290504
242.052192
255.813881
268.819859
279.770480
260.231136
252.555798
239.848055
225.395849
210.339006
195.282163
180.829956
168.122214
160.446876
168.122214
180.829956
195.282163
210.339006
225.395849
239.848055
252.555798
260.231136
252.555798
239.848055
225.395849
210.339006
195.282163
180.829956
168.122214
160.446876
168.122214
180.829956
195.282163
210.339006
225.395849
239.848055
252.555798
237.468806
227.241715
212.613869
196.705153
180.376854
164.048556
148.139840
133.511994
123.284903
133.511994
148.139840
164.048556
180.376854
196.705153
212.613869
227.241715
237.468806
227.241715
212.613869
196.705153
180.376854
164.048556
148.139840
133.511994
123.284903
133.511994
148.139840
164.048556
180.376854
196.705153
212.613869
227.241715
217.350143
203.564738
186.895691
169.545512
151.982490
134.419468
117.069289
100.400242
86.614837
100.400242
117.069289
134.419468
151.982490
169.545512
186.895691
203.564738
217.350143
203.564738
186.895691
169.545512
151.982490
134.419468
117.069289
100.400242
86.614837
100.400242
117.069289
134.419468
151.982490
169.545512
186.895691
203.564738
200.000000
181.250000
162.500000
143.750000
125.000000
106.250000
87.500000
68.750000
50.000000
68.750000
87.500000
106.250000
125.000000
143.750000
162.500000
181.250000
200.000000
181.250000
162.500000
143.750000
125.000000
106.250000
87.500000
68.750000
50.000000
68.750000
87.500000
106.250000
125.000000
143.750000
162.500000
181.250000
