1500.000000
1500.000000
1500.000000
1500.000000
1500.000000
1500.000000
1500.000000
1500.000000
1500.000000
1500.000000
1500.000000
1500.000000
1500.000000
1500.000000
1500.000000
1500.000000
1500.000000
1500.000000
1500.000000
1500.000000
1500.000000
1500.000000
1500.000000
1500.000000
1500.000000
1500.000000
1500.000000
1500.000000
1500.000000
1500.000000
1500.000000
1500.000000
1500.000000
1500.000000
1500.000000
1500.000000
1259.632464
1259.472184
1259.010802
1258.304223
1257.437796
1256.515896
1255.649469
1254.942890
1254.481508
1254.321228
1254.481508
1254.942890
1255.649469
1256.515896
1257.437796
1258.304223
1259.010802
1259.472184
1259.632464
1259.472184
1259.010802
1258.304223
1257.437796
1256.515896
1255.649469
1254.942890
1254.481508
1254.321228
1254.481508
1254.942890
1255.649469
1256.515896
1257.437796
1258.304223
1259.010802
1259.472184
1097.613162
1097.278116
1096.314048
1094.838530
1093.030156
1091.106398
1089.298024
1087.822506
1086.858438
1086.523393
1086.858438
1087.822506
1089.298024
1091.106398
1093.030156
1094.838530
1096.314048
1097.278116
1097.613162
1097.278116
1096.314048
1094.838530
1093.030156
1091.106398
1089.298024
1087.822506
1086.858438
1086.523393
1086.858438
1087.822506
1089.298024
1091.106398
1093.030156
1094.838530
1096.314048
1097.278116
976.305509
975.758439
974.185593
971.781285
968.837680
965.707527
962.763922
960.359614
958.786768
958.239698
958.786768
960.359614
962.763922
965.707527
968.837680
971.781285
974.185593
975.758439
976.305509
975.758439
974.185593
971.781285
968.837680
965.707527
962.763922
960.359614
958.786768
958.239698
958.786768
960.359614
962.763922
965.707527
968.837680
971.781285
974.185593
975.758439
880.106914
879.303394
876.996694
873.478166
869.178156
864.608794
860.308783
856.790256
854.483556
853.680036
854.483556
856.790256
860.308783
864.608794
869.178156
873.478166
876.996694
879.303394
880.106914
879.303394
876.996694
873.478166
869.178156
864.608794
860.308783
856.790256
854.483556
853.680035
854.483556
856.790256
860.308783
864.608794
869.178156
873.478166
876.996694
879.303394
801.062547
799.953245
796.776668
791.947960
786.063323
779.816720
773.932083
769.103375
765.926798
764.817496
765.926798
769.103375
773.932083
779.816720
786.063323
791.947960
796.776668
799.953245
801.062547
799.953245
796.776668
791.947960
786.063323
779.816720
773.932083
769.103375
765.926798
764.817496
765.926798
769.103375
773.932083
779.816720
786.063323
791.947960
796.776668
799.953245
734.574085
733.103761
728.910127
722.568435
714.871498
706.713547
699.016610
692.674918
688.481284
687.010960
688.481284
692.674918
699.016610
706.713547
714.871498
722.568435
728.910127
733.103761
734.574085
733.103761
728.910127
722.568435
714.871498
706.713547
699.016610
692.674918
688.481284
687.010960
688.481284
692.674918
699.016610
706.713547
714.871498
722.568435
728.910127
733.103761
677.750160
675.854876
670.482535
662.418792
652.686784
642.393057
632.661049
624.597306
619.224966
617.329681
619.224966
624.597306
632.661049
642.393057
652.686784
662.418792
670.482535
675.854876
677.750160
675.854876
670.482535
662.418792
652.686784
642.393057
632.661049
624.597306
619.224966
617.329681
619.224966
624.597306
632.661049
642.393057
652.686784
662.418792
670.482535
675.854876
628.662026
626.264441
619.532070
609.530672
597.549360
584.909996
572.928684
562.927286
556.194914
553.797329
556.194914
562.927286
572.928684
584.909996
597.549360
609.530672
619.532070
626.264441
628.662026
626.264441
619.532070
609.530672
597.549360
584.909996
572.928684
562.927286
556.194914
553.797329
556.194914
562.927286
572.928684
584.909996
597.549360
609.530672
619.532070
626.264441
585.968517
582.970478
574.670363
562.509006
548.076391
532.900768
518.468154
506.306796
498.006681
495.008642
498.006681
506.306796
518.468154
532.900768
548.076391
562.509006
574.670363
582.970478
585.968517
582.970478
574.670363
562.509006
548.076391
532.900768
518.468154
506.306796
498.006681
495.008642
498.006681
506.306796
518.468154
532.900768
548.076391
562.509006
574.670363
582.970478
548.711825
544.982833
534.872943
520.323234
503.253561
485.374800
468.305127
453.755418
443.645528
439.916536
443.645528
453.755418
468.305127
485.374800
503.253561
520.323234
534.872943
544.982833
548.711825
544.982833
534.872943
520.323234
503.253561
485.374800
468.305127
453.755418
443.645528
439.916536
443.645528
453.755418
468.305127
485.374800
503.253561
520.323234
534.872943
544.982833
516.200535
511.559884
499.355219
482.184680
462.312779
441.591913
421.720012
404.549474
392.344808
387.704157
392.344808
404.549474
421.720012
441.591913
462.312779
482.184680
499.355219
511.559884
516.200535
511.559884
499.355219
482.184680
462.312779
441.591913
421.720012
404.549474
392.344808
387.704157
392.344808
404.549474
421.720012
441.591913
462.312779
482.184680
499.355219
511.559884
487.941375
482.130647
467.494809
447.470880
424.656727
400.986272
378.172119
358.148190
343.512352
337.701623
343.512352
358.148190
378.172119
400.986272
424.656727
447.470880
467.494809
482.130647
487.941375
482.130647
467.494809
447.470880
424.656727
400.986272
378.172119
358.148190
343.512352
337.701623
343.512352
358.148190
378.172119
400.986272
424.656727
447.470880
467.494809
482.130647
463.600780
456.241879
438.780520
415.677118
389.810386
363.117024
337.250292
314.146890
296.685531
289.326629
296.685531
314.146890
337.250292
363.117024
389.810386
415.677118
438.780520
456.241879
463.600780
456.241879
438.780520
415.677118
389.810386
363.117024
337.250292
314.146890
296.685531
289.326629
296.685531
314.146890
337.250292
363.117024
389.810386
415.677118
438.780520
456.241879
442.986861
433.518715
412.777567
386.384624
357.388893
327.634988
298.639257
272.246314
251.505166
242.037020
251.505166
272.246314
298.639257
327.634988
357.388893
386.384624
412.777567
433.518715
442.986861
433.518715
412.777567
386.384624
357.388893
327.634988
298.639257
272.246314
251.505166
242.037020
251.505166
272.246314
298.639257
327.634988
357.388893
386.384624
412.777567
433.518715
426.047336
413.631674
389.103385
359.239465
327.075656
294.259399
262.095590
232.231669
207.703380
195.287718
207.703380
232.231669
262.095590
294.259399
327.075656
359.239465
389.103385
413.631674
426.047336
413.631674
389.103385
359.239465
327.075656
294.259399
262.095590
232.231669
207.703380
195.287718
207.703380
232.231669
262.095590
294.259399
327.075656
359.239465
389.103385
413.631674
412.881909
396.264948
367.410998
333.938577
298.607125
262.761177
227.429725
193.957304
165.103354
148.486394
165.103354
193.957304
227.429725
262.761177
298.607125
333.938577
367.410998
396.264948
412.881909
396.264948
367.410998
333.938577
298.607125
262.761177
227.429725
193.957304
165.103354
148.486394
165.103354
193.957304
227.429725
262.761177
298.607125
333.938577
367.410998
396.264948
403.769517
381.081821
347.378575
310.220727
271.761968
232.950629
194.491871
157.334022
123.630776
100.943081
123.630776
157.334022
194.491871
232.950629
271.761968
310.220727
347.378575
381.081821
403.769517
381.081821
347.378575
310.220727
271.761968
232.950629
194.491871
157.334022
123.630776
100.943081
123.630776
157.334022
194.491871
232.950629
271.761968
310.220727
347.378575
381.081821
399.212373
367.683262
328.704868
287.860855
246.353191
204.668245
163.160580
122.316568
83.338174
51.809062
83.338174
122.316568
163.160580
204.668245
246.353191
287.860855
328.704868
367.683262
399.212373
367.683262
328.704868
287.860855
246.353191
204.668245
163.160580
122.316568
83.338174
51.809062
83.338174
122.316568
163.160580
204.668245
246.353191
287.860855
328.704868
367.683262
400.000000
355.555556
311.111111
266.666667
222.222222
177.777778
133.333333
88.888889
44.444444
0.000000
44.444444
88.888889
133.333333
177.777778
222.222222
266.666667
311.111111
355.555556
400.000000
355.555556
311.111111
266.666667
222.222222
177.777778
133.333333
88.888889
44.444444
0.000000
44.444444
88.888889
133.333333
177.777778
222.222222
266.666667
311.111111
355.555556
