1500.000000
1500.000000
1500.000000
1500.000000
1500.000000
1500.000000
1500.000000
1500.000000
1500.000000
1500.000000
1500.000000
1500.000000
1500.000000
1500.000000
1500.000000
1500.000000
1500.000000
1500.000000
1500.000000
1500.000000
1500.000000
1500.000000
1500.000000
1500.000000
1500.000000
1500.000000
1500.000000
1500.000000
1500.000000
1500.000000
1500.000000
1500.000000
1500.000000
1500.000000
1500.000000
1249.100563
1249.126270
1249.174268
1249.238770
1249.313089
1249.390947
1249.467273
1249.538488
1249.602428
1249.658073
1249.705220
1249.744186
1249.775562
1249.800040
1249.818291
1249.830889
1249.838268
1249.840698
1249.838268
1249.830889
1249.818291
1249.800040
1249.775562
1249.744186
1249.705220
1249.658073
1249.602428
1249.538488
1249.467273
1249.390947
1249.313089
1249.238770
1249.174268
1249.126270
1249.100563
1075.989640
1076.043283
1076.141684
1076.270650
1076.414984
1076.561700
1076.701355
1076.828156
1076.939237
1077.033864
1077.112579
1077.176654
1077.227600
1077.266957
1077.296072
1077.316064
1077.327727
1077.331566
1077.327727
1077.316064
1077.296072
1077.266957
1077.227600
1077.176654
1077.112579
1077.033864
1076.939237
1076.828156
1076.701355
1076.561700
1076.414984
1076.270650
1076.141684
1076.043283
1075.989640
943.785303
943.875732
944.037301
944.241914
944.462285
944.677986
944.876056
945.050262
945.198600
945.322032
945.422626
945.503230
945.566430
945.614802
945.650255
945.674512
945.688566
945.693221
945.688566
945.674512
945.650255
945.614802
945.566430
945.503230
945.422626
945.322032
945.198600
945.050262
944.876056
944.677986
944.462285
944.241914
944.037301
943.875732
943.785303
836.793800
836.935918
837.180526
837.477348
837.782436
838.068660
838.321051
838.535864
838.713234
838.857598
838.972642
839.063670
839.133846
839.187332
839.225953
839.252524
839.267599
839.272811
839.267599
839.252524
839.225953
839.187332
839.133846
839.063670
838.972642
838.857598
838.713234
838.535864
838.321051
838.068660
837.782436
837.477348
837.180526
836.935918
836.793800
746.883456
747.100717
747.455313
747.864749
748.262683
748.620093
748.921074
749.169862
749.368041
749.527017
749.649940
749.747180
749.819873
749.876192
749.915212
749.943285
749.957906
749.964035
749.957906
749.943285
749.915212
749.876192
749.819873
749.747180
749.649940
749.527017
749.368041
749.169862
748.921074
748.620093
748.262683
747.864749
747.455313
747.100717
746.883456
669.292992
669.622539
670.120967
670.666889
671.162079
671.590282
671.930603
672.207722
672.417040
672.586735
672.710275
672.812191
672.882192
672.941500
672.977086
673.007944
673.019222
673.028382
673.019222
673.007944
672.977086
672.941500
672.882192
672.812191
672.710275
672.586735
672.417040
672.207722
671.930603
671.590282
671.162079
670.666889
670.120967
669.622539
669.292992
600.987949
601.489867
602.170351
602.881244
603.469322
603.969297
604.332847
604.636962
604.843132
605.025238
605.138062
605.248809
605.306705
605.374619
605.398469
605.438590
605.438918
605.458177
605.438918
605.438590
605.398469
605.374619
605.306705
605.248809
605.138062
605.025238
604.843132
604.636962
604.332847
603.969297
603.469322
602.881244
602.170351
601.489867
600.987949
539.906355
540.679928
541.576779
542.490658
543.148887
543.730481
544.086653
544.428886
544.605296
544.814963
544.893714
545.030859
545.055024
545.150343
545.141717
545.210553
545.179692
545.228914
545.179692
545.210553
545.141717
545.150343
545.055024
545.030859
544.893714
544.814963
544.605296
544.428886
544.086653
543.730481
543.148887
542.490658
541.576779
540.679928
539.906355
484.570421
485.782180
486.905783
488.083763
488.752121
489.451532
489.738248
490.159971
490.250415
490.533700
490.525495
490.737345
490.676401
490.848440
490.756645
490.903993
490.791609
490.920878
490.791609
490.903993
490.756645
490.848440
490.676401
490.737345
490.525495
490.533700
490.250415
490.159971
489.738248
489.451532
488.752121
488.083763
486.905783
485.782180
484.570421
433.866850
435.798030
437.093062
438.650571
439.194941
440.111004
440.199506
440.808524
440.691524
441.161201
440.947749
441.349080
441.085993
441.450325
441.158846
441.500627
441.190448
441.515873
441.190448
441.500627
441.158846
441.450325
441.085993
441.349080
440.947749
441.161201
440.691524
440.808524
440.199506
440.111004
439.194941
438.650571
437.093062
435.798030
433.866850
386.910610
390.035632
391.301406
393.472360
393.615232
394.979328
394.605813
395.645730
395.065587
395.970169
395.298663
396.139686
395.422654
396.230099
395.487509
396.274778
395.515537
396.288289
395.515537
396.274778
395.487509
396.230099
395.422654
396.139686
395.298663
395.970169
395.065587
395.645730
394.605813
394.979328
393.615232
393.472360
391.301406
390.035632
386.910610
342.951031
348.064250
348.812327
352.070949
351.265975
353.569377
352.209517
354.186149
352.626832
354.476682
352.833573
354.626025
352.942271
354.705002
352.998776
354.743858
353.023122
354.755586
353.023122
354.743858
352.998776
354.705002
352.942271
354.626025
352.833573
354.476682
352.626832
354.186149
352.209517
353.569377
351.265975
352.070949
348.812327
348.064250
342.951031
301.297962
309.713617
308.925629
314.203952
311.417558
315.633028
312.282372
316.184130
312.649067
316.436546
312.827276
316.564562
312.920079
316.631796
312.968082
316.664757
312.988715
316.674691
312.988715
316.664757
312.968082
316.631796
312.920079
316.564562
312.827276
316.436546
312.649067
316.184130
312.282372
315.633028
311.417558
314.203952
308.925629
309.713617
301.297962
261.254268
275.114850
270.846872
279.904533
273.249284
281.202045
274.006992
281.674476
274.316999
281.885912
274.465336
281.991997
274.541997
282.047409
274.581495
282.074500
274.598440
282.082654
274.598440
282.074500
274.581495
282.047409
274.541997
281.991997
274.465336
281.885912
274.316999
281.674476
274.006992
281.202045
273.249284
279.904533
270.846872
275.114850
261.254268
222.044700
244.786446
233.544192
249.572192
235.711400
250.679619
236.338592
251.063742
236.587877
251.232542
236.705724
251.316535
236.766274
251.360226
236.797378
251.381542
236.810703
251.387952
236.810703
251.381542
236.797378
251.360226
236.766274
251.316535
236.705724
251.232542
236.587877
251.063742
236.338592
250.679619
235.711400
249.572192
233.544192
244.786446
222.044700
182.732667
219.774316
195.554569
224.127929
197.337159
224.995677
197.816602
225.285299
198.003005
225.410848
198.090345
225.472944
198.135030
225.505147
198.157935
225.520834
198.167738
225.525548
198.167738
225.520834
198.157935
225.505147
198.135030
225.472944
198.090345
225.410848
198.003005
225.285299
197.816602
224.995677
197.337159
224.127929
195.554569
219.774316
182.732667
142.116505
201.859605
154.716291
205.253709
155.980602
205.845727
156.301857
206.037939
156.424869
206.120496
156.482163
206.161164
156.511394
206.182212
156.526356
206.192454
156.532755
206.195531
156.532755
206.192454
156.526356
206.182212
156.511394
206.161164
156.482163
206.120496
156.424869
206.037939
156.301857
205.845727
155.980602
205.253709
154.716291
201.859605
142.116505
98.596174
193.853057
107.799446
195.743342
108.450042
196.040256
108.609436
196.135101
108.669941
196.175626
108.698028
196.195544
108.712335
196.205841
108.719653
196.210849
108.722781
196.212354
108.722781
196.210849
108.719653
196.205841
108.712335
196.195544
108.698028
196.175626
108.669941
196.135101
108.609436
196.040256
108.450042
195.743342
107.799446
193.853057
98.596174
50.000000
200.000000
50.000000
200.000000
50.000000
200.000000
50.000000
200.000000
50.000000
200.000000
50.000000
200.000000
50.000000
200.000000
50.000000
200.000000
50.000000
200.000000
50.000000
200.000000
50.000000
200.000000
50.000000
200.000000
50.000000
200.000000
50.000000
200.000000
50.000000
200.000000
50.000000
200.000000
50.000000
200.000000
50.000000
