1500.000000
1500.000000
1500.000000
1500.000000
1500.000000
1500.000000
1500.000000
1500.000000
1500.000000
1500.000000
1500.000000
1500.000000
1500.000000
1500.000000
1500.000000
1500.000000
1500.000000
1500.000000
1500.000000
1500.000000
1500.000000
1500.000000
1500.000000
1500.000000
1500.000000
1500.000000
1500.000000
1500.000000
1500.000000
1500.000000
1500.000000
1500.000000
1500.000000
1500.000000
1500.000000
1500.000000
1500.000000
1500.000000
1500.000000
1500.000000
1259.618145
1259.488777
1259.113413
1258.528966
1257.792764
1256.976846
1256.160927
1255.424726
1254.840279
1254.464915
1254.335547
1254.464915
1254.840279
1255.424726
1256.160927
1256.976846
1257.792764
1258.528966
1259.113413
1259.488777
1259.618145
1259.488777
1259.113413
1258.528966
1257.792764
1256.976846
1256.160927
1255.424726
1254.840279
1254.464915
1254.335547
1254.464915
1254.840279
1255.424726
1256.160927
1256.976846
1257.792764
1258.528966
1259.113413
1259.488777
1097.585281
1097.314776
1096.530143
1095.309055
1093.771650
1092.068277
1090.364904
1088.827499
1087.606411
1086.821778
1086.551273
1086.821778
1087.606411
1088.827499
1090.364904
1092.068277
1093.771650
1095.309055
1096.530143
1097.314776
1097.585281
1097.314776
1096.530143
1095.309055
1093.771650
1092.068277
1090.364904
1088.827499
1087.606411
1086.821778
1086.551273
1086.821778
1087.606411
1088.827499
1090.364904
1092.068277
1093.771650
1095.309055
1096.530143
1097.314776
976.263138
975.821364
974.540756
972.549800
970.045549
967.272603
964.499658
961.995407
960.004451
958.723843
958.282069
958.723843
960.004451
961.995407
964.499658
967.272603
970.045549
972.549800
974.540756
975.821364
976.263138
975.821364
974.540756
972.549800
970.045549
967.272603
964.499658
961.995407
960.004451
958.723843
958.282069
958.723843
960.004451
961.995407
964.499658
967.272603
970.045549
972.549800
974.540756
975.821364
880.048689
879.399787
877.520906
874.604999
870.943584
866.893475
862.843365
859.181950
856.266043
854.387162
853.738260
854.387162
856.266043
859.181950
862.843365
866.893475
870.943584
874.604999
877.520906
879.399787
880.048689
879.399787
877.520906
874.604999
870.943584
866.893475
862.843365
859.181950
856.266043
854.387162
853.738260
854.387162
856.266043
859.181950
862.843365
866.893475
870.943584
874.604999
877.520906
879.399787
800.986833
800.091090
797.502439
793.496572
788.480127
782.940021
777.399916
772.383471
768.377604
765.788952
764.893210
765.788952
768.377604
772.383471
777.399916
782.940021
788.480127
793.496572
797.502439
800.091090
800.986833
800.091090
797.502439
793.496572
788.480127
782.940021
777.399916
772.383471
768.377604
765.788952
764.893210
765.788952
768.377604
772.383471
777.399916
782.940021
788.480127
793.496572
797.502439
800.091090
734.478864
733.291989
729.872419
724.603961
718.032789
710.792523
703.552256
696.981084
691.712626
688.293056
687.106181
688.293056
691.712626
696.981084
703.552256
710.792523
718.032789
724.603961
729.872419
733.291989
734.478864
733.291989
729.872419
724.603961
718.032789
710.792523
703.552256
696.981084
691.712626
688.293056
687.106181
688.293056
691.712626
696.981084
703.552256
710.792523
718.032789
724.603961
729.872419
733.291989
677.632801
676.103794
671.719311
665.007467
656.682919
647.539921
638.396923
630.072374
623.360531
618.976048
617.447041
618.976048
623.360531
630.072374
638.396923
647.539921
656.682919
665.007467
671.719311
676.103794
677.632801
676.103794
671.719311
665.007467
656.682919
647.539921
638.396923
630.072374
623.360531
618.976048
617.447041
618.976048
623.360531
630.072374
638.396923
647.539921
656.682919
665.007467
671.719311
676.103794
628.518931
626.586459
621.085130
612.739410
602.466156
591.229678
579.993200
569.719945
561.374225
555.872897
553.940425
555.872897
561.374225
569.719945
579.993200
591.229678
602.466156
612.739410
621.085130
626.586459
628.518931
626.586459
621.085130
612.739410
602.466156
591.229678
579.993200
569.719945
561.374225
555.872897
553.940425
555.872897
561.374225
569.719945
579.993200
591.229678
602.466156
612.739410
621.085130
626.586459
585.794641
583.381231
576.586317
566.404847
553.993338
540.488580
526.983822
514.572312
504.390842
497.595928
495.182518
497.595928
504.390842
514.572312
526.983822
540.488580
553.993338
566.404847
576.586317
583.381231
585.794641
583.381231
576.586317
566.404847
553.993338
540.488580
526.983822
514.572312
504.390842
497.595928
495.182518
497.595928
504.390842
514.572312
526.983822
540.488580
553.993338
566.404847
576.586317
583.381231
548.500089
545.502837
537.204138
524.972474
510.241966
494.314180
478.386395
463.655887
451.424223
443.125524
440.128271
443.125524
451.424223
463.655887
478.386395
494.314180
510.241966
524.972474
537.204138
545.502837
548.500089
545.502837
537.204138
524.972474
510.241966
494.314180
478.386395
463.655887
451.424223
443.125524
440.128271
443.125524
451.424223
463.655887
478.386395
494.314180
510.241966
524.972474
537.204138
545.502837
515.941229
512.216846
502.160405
487.651570
470.433909
451.952346
433.470784
416.253122
401.744288
391.687847
387.963463
391.687847
401.744288
416.253122
433.470784
451.952346
470.433909
487.651570
502.160405
512.216846
515.941229
512.216846
502.160405
487.651570
470.433909
451.952346
433.470784
416.253122
401.744288
391.687847
387.963463
391.687847
401.744288
416.253122
433.470784
451.952346
470.433909
487.651570
502.160405
512.216846
487.621838
482.962500
470.839222
453.815826
433.960044
412.821499
391.682955
371.827173
354.803777
342.680499
338.021161
342.680499
354.803777
371.827173
391.682955
412.821499
433.960044
453.815826
470.839222
482.962500
487.621838
482.962500
470.839222
453.815826
433.960044
412.821499
391.682955
371.827173
354.803777
342.680499
338.021161
342.680499
354.803777
371.827173
391.682955
412.821499
433.960044
453.815826
470.839222
482.962500
463.206004
457.300465
442.734992
422.954378
400.332028
376.463705
352.595381
329.973031
310.192417
295.626944
289.721405
295.626944
310.192417
329.973031
352.595381
376.463705
400.332028
422.954378
442.734993
457.300465
463.206004
457.300465
442.734993
422.954378
400.332028
376.463705
352.595381
329.973031
310.192417
295.626944
289.721405
295.626944
310.192417
329.973031
352.595381
376.463705
400.332028
422.954378
442.734992
457.300465
442.502241
434.873683
417.416224
394.639604
369.150540
342.511941
315.873341
290.384277
267.607657
250.150198
242.521640
250.150198
267.607657
290.384277
315.873341
342.511941
369.150540
394.639604
417.416224
434.873683
442.502241
434.873683
417.416224
394.639604
369.150540
342.511941
315.873341
290.384277
267.607657
250.150198
242.521640
250.150198
267.607657
290.384277
315.873341
342.511941
369.150540
394.639604
417.416224
434.873683
425.465759
415.373575
394.499489
368.505816
340.083942
310.667527
281.251113
252.829239
226.835565
205.961480
195.869296
205.961480
226.835565
252.829239
281.251113
310.667527
340.083942
368.505816
394.499489
415.373575
425.465759
415.373575
394.499489
368.505816
340.083942
310.667527
281.251113
252.829239
226.835565
205.961480
195.869296
205.961480
226.835565
252.829239
281.251113
310.667527
340.083942
368.505816
394.499489
415.373575
412.218867
398.505531
373.630706
344.235441
312.853706
280.684151
248.514596
217.132861
187.737596
162.862771
149.149435
162.862771
187.737596
217.132861
248.514596
280.684151
312.853706
344.235441
373.630706
398.505531
412.218867
398.505531
373.630706
344.235441
312.853706
280.684151
248.514596
217.132861
187.737596
162.862771
149.149435
162.862771
187.737596
217.132861
248.514596
280.684151
312.853706
344.235441
373.630706
398.505531
403.092177
383.947940
354.472722
321.550593
287.224322
252.356299
217.488276
183.162004
150.239876
120.764657
101.620421
120.764657
150.239876
183.162004
217.488276
252.356299
287.224322
321.550593
354.472722
383.947940
403.092177
383.947940
354.472722
321.550593
287.224322
252.356299
217.488276
183.162004
150.239876
120.764657
101.620421
120.764657
150.239876
183.162004
217.488276
252.356299
287.224322
321.550593
354.472722
383.947940
398.691750
371.298468
336.699679
300.208554
262.996125
225.510718
188.025310
150.812881
114.321756
79.722968
52.329686
79.722968
114.321756
150.812881
188.025310
225.510718
262.996125
300.208554
336.699679
371.298468
398.691750
371.298468
336.699679
300.208554
262.996125
225.510718
188.025310
150.812881
114.321756
79.722968
52.329686
79.722968
114.321756
150.812881
188.025310
225.510718
262.996125
300.208554
336.699679
371.298468
400.000000
360.000000
320.000000
280.000000
240.000000
200.000000
160.000000
120.000000
80.000000
40.000000
0.000000
40.000000
80.000000
120.000000
160.000000
200.000000
240.000000
280.000000
320.000000
360.000000
400.000000
360.000000
320.000000
280.000000
240.000000
200.000000
160.000000
120.000000
80.000000
40.000000
0.000000
40.000000
80.000000
120.000000
160.000000
200.000000
240.000000
280.000000
320.000000
360.000000
