1500.000000
1500.000000
1500.000000
1500.000000
1500.000000
1500.000000
1500.000000
1500.000000
1500.000000
1500.000000
1500.000000
1500.000000
1500.000000
1500.000000
1500.000000
1500.000000
1500.000000
1500.000000
1500.000000
1500.000000
1500.000000
1500.000000
1500.000000
1500.000000
1500.000000
1500.000000
1500.000000
1500.000000
1500.000000
1500.000000
1500.000000
1500.000000
1500.000000
1500.000000
1500.000000
1500.000000
1500.000000
1500.000000
1500.000000
1500.000000
1249.935024
1249.935024
1249.935024
1249.935024
1249.935024
1249.935024
1249.935024
1249.935024
1249.935024
1249.935024
1249.935024
1249.935024
1249.935024
1249.935024
1249.935024
1249.935024
1249.935024
1249.935024
1249.935024
1249.935024
1249.935024
1249.935024
1249.935024
1249.935024
1249.935024
1249.935024
1249.935024
1249.935024
1249.935024
1249.935024
1249.935024
1249.935024
1249.935024
1249.935024
1249.935024
1249.935024
1249.935024
1249.935024
1249.935024
1249.935024
1077.476420
1077.476421
1077.476420
1077.476421
1077.476420
1077.476421
1077.476420
1077.476421
1077.476420
1077.476421
1077.476420
1077.476421
1077.476420
1077.476421
1077.476420
1077.476421
1077.476420
1077.476421
1077.476420
1077.476421
1077.476420
1077.476421
1077.476420
1077.476421
1077.476420
1077.476421
1077.476420
1077.476421
1077.476420
1077.476421
1077.476420
1077.476421
1077.476420
1077.476421
1077.476420
1077.476421
1077.476420
1077.476421
1077.476420
1077.476421
945.863273
945.863278
945.863273
945.863278
945.863273
945.863278
945.863273
945.863278
945.863273
945.863278
945.863273
945.863278
945.863273
945.863278
945.863273
945.863278
945.863273
945.863278
945.863273
945.863278
945.863273
945.863278
945.863273
945.863278
945.863273
945.863278
945.863273
945.863278
945.863273
945.863278
945.863273
945.863278
945.863273
945.863278
945.863273
945.863278
945.863273
945.863278
945.863273
945.863278
839.452630
839.452665
839.452630
839.452665
839.452630
839.452665
839.452630
839.452665
839.452630
839.452665
839.452630
839.452665
839.452630
839.452665
839.452630
839.452665
839.452630
839.452665
839.452630
839.452665
839.452630
839.452665
839.452630
839.452665
839.452630
839.452665
839.452630
839.452665
839.452630
839.452665
839.452630
839.452665
839.452630
839.452665
839.452630
839.452665
839.452630
839.452665
839.452630
839.452665
750.143623
750.143833
750.143623
750.143833
750.143623
750.143833
750.143623
750.143833
750.143623
750.143833
750.143623
750.143833
750.143623
750.143833
750.143623
750.143833
750.143623
750.143833
750.143623
750.143833
750.143623
750.143833
750.143623
750.143833
750.143623
750.143833
750.143623
750.143833
750.143623
750.143833
750.143623
750.143833
750.143623
750.143833
750.143623
750.143833
750.143623
750.143833
750.143623
750.143833
673.200151
673.201166
673.200151
673.201166
673.200151
673.201166
673.200151
673.201166
673.200151
673.201166
673.200151
673.201166
673.200151
673.201166
673.200151
673.201166
673.200151
673.201166
673.200151
673.201166
673.200151
673.201166
673.200151
673.201166
673.200151
673.201166
673.200151
673.201166
673.200151
673.201166
673.200151
673.201166
673.200151
673.201166
673.200151
673.201166
673.200151
673.201166
673.200151
673.201166
605.613453
605.617607
605.613453
605.617607
605.613453
605.617607
605.613453
605.617607
605.613453
605.617607
605.613453
605.617607
605.613453
605.617607
605.613453
605.617607
605.613453
605.617607
605.613453
605.617607
605.613453
605.617607
605.613453
605.617607
605.613453
605.617607
605.613453
605.617607
605.613453
605.617607
605.613453
605.617607
605.613453
605.617607
605.613453
605.617607
605.613453
605.617607
605.613453
605.617607
545.351474
545.366345
545.351474
545.366345
545.351474
545.366345
545.351474
545.366345
545.351474
545.366345
545.351474
545.366345
545.351474
545.366345
545.351474
545.366345
545.351474
545.366345
545.351474
545.366345
545.351474
545.366345
545.351474
545.366345
545.351474
545.366345
545.351474
545.366345
545.351474
545.366345
545.351474
545.366345
545.351474
545.366345
545.351474
545.366345
545.351474
545.366345
545.351474
545.366345
490.973153
491.020763
490.973153
491.020763
490.973153
491.020763
490.973153
491.020763
490.973153
491.020763
490.973153
491.020763
490.973153
491.020763
490.973153
491.020763
490.973153
491.020763
490.973153
491.020763
490.973153
491.020763
490.973153
491.020763
490.973153
491.020763
490.973153
491.020763
490.973153
491.020763
490.973153
491.020763
490.973153
491.020763
490.973153
491.020763
490.973153
491.020763
490.973153
491.020763
441.409783
441.548500
441.409783
441.548500
441.409783
441.548500
441.409783
441.548500
441.409783
441.548500
441.409783
441.548500
441.409783
441.548500
441.409783
441.548500
441.409783
441.548500
441.409783
441.548500
441.409783
441.548500
441.409783
441.548500
441.409783
441.548500
441.409783
441.548500
441.409783
441.548500
441.409783
441.548500
441.409783
441.548500
441.409783
441.548500
441.409783
441.548500
441.409783
441.548500
395.826327
396.199237
395.826327
396.199237
395.826327
396.199237
395.826327
396.199237
395.826327
396.199237
395.826327
396.199237
395.826327
396.199237
395.826327
396.199237
395.826327
396.199237
395.826327
396.199237
395.826327
396.199237
395.826327
396.199237
395.826327
396.199237
395.826327
396.199237
395.826327
396.199237
395.826327
396.199237
395.826327
396.199237
395.826327
396.199237
395.826327
396.199237
395.826327
396.199237
353.517464
354.452646
353.517464
354.452646
353.517464
354.452646
353.517464
354.452646
353.517464
354.452646
353.517464
354.452646
353.517464
354.452646
353.517464
354.452646
353.517464
354.452646
353.517464
354.452646
353.517464
354.452646
353.517464
354.452646
353.517464
354.452646
353.517464
354.452646
353.517464
354.452646
353.517464
354.452646
353.517464
354.452646
353.517464
354.452646
353.517464
354.452646
353.517464
354.452646
313.808685
316.016120
313.808685
316.016120
313.808685
316.016120
313.808685
316.016120
313.808685
316.016120
313.808685
316.016120
313.808685
316.016120
313.808685
316.016120
313.808685
316.016120
313.808685
316.016120
313.808685
316.016120
313.808685
316.016120
313.808685
316.016120
313.808685
316.016120
313.808685
316.016120
313.808685
316.016120
313.808685
316.016120
313.808685
316.016120
313.808685
316.016120
313.808685
316.016120
275.936325
280.876808
275.936325
280.876808
275.936325
280.876808
275.936325
280.876808
275.936325
280.876808
275.936325
280.876808
275.936325
280.876808
275.936325
280.876808
275.936325
280.876808
275.936325
280.876808
275.936325
280.876808
275.936325
280.876808
275.936325
280.876808
275.936325
280.876808
275.936325
280.876808
275.936325
280.876808
275.936325
280.876808
275.936325
280.876808
275.936325
280.876808
275.936325
280.876808
238.876828
249.425353
238.876828
249.425353
238.876828
249.425353
238.876828
249.425353
238.876828
249.425353
238.876828
249.425353
238.876828
249.425353
238.876828
249.425353
238.876828
249.425353
238.876828
249.425353
238.876828
249.425353
238.876828
249.425353
238.876828
249.425353
238.876828
249.425353
238.876828
249.425353
238.876828
249.425353
238.876828
249.425353
238.876828
249.425353
238.876828
249.425353
238.876828
249.425353
201.086445
222.682839
201.086445
222.682839
201.086445
222.682839
201.086445
222.682839
201.086445
222.682839
201.086445
222.682839
201.086445
222.682839
201.086445
222.682839
201.086445
222.682839
201.086445
222.682839
201.086445
222.682839
201.086445
222.682839
201.086445
222.682839
201.086445
222.682839
201.086445
222.682839
201.086445
222.682839
201.086445
222.682839
201.086445
222.682839
201.086445
222.682839
201.086445
222.682839
160.098004
202.679823
160.098004
202.679823
160.098004
202.679823
160.098004
202.679823
160.098004
202.679823
160.098004
202.679823
160.098004
202.679823
160.098004
202.679823
160.098004
202.679823
160.098004
202.679823
160.098004
202.679823
160.098004
202.679823
160.098004
202.679823
160.098004
202.679823
160.098004
202.679823
160.098004
202.679823
160.098004
202.679823
160.098004
202.679823
160.098004
202.679823
160.098004
202.679823
111.900611
193.058724
111.900611
193.058724
111.900611
193.058724
111.900611
193.058724
111.900611
193.058724
111.900611
193.058724
111.900611
193.058724
111.900611
193.058724
111.900611
193.058724
111.900611
193.058724
111.900611
193.058724
111.900611
193.058724
111.900611
193.058724
111.900611
193.058724
111.900611
193.058724
111.900611
193.058724
111.900611
193.058724
111.900611
193.058724
111.900611
193.058724
111.900611
193.058724
50.000000
200.000000
50.000000
200.000000
50.000000
200.000000
50.000000
200.000000
50.000000
200.000000
50.000000
200.000000
50.000000
200.000000
50.000000
200.000000
50.000000
200.000000
50.000000
200.000000
50.000000
200.000000
50.000000
200.000000
50.000000
200.000000
50.000000
200.000000
50.000000
200.000000
50.000000
200.000000
50.000000
200.000000
50.000000
200.000000
50.000000
200.000000
50.000000
200.000000
