1500.000000
1500.000000
1500.000000
1500.000000
1247.089523
1238.823036
1247.089523
1238.823036
1076.163977
1060.903532
1076.163977
1060.903532
947.546794
925.529867
947.546794
925.529867
844.776992
815.959204
844.776992
815.959204
759.449543
723.692810
759.449543
723.692810
686.694423
643.828221
686.694423
643.828221
623.437247
573.281817
623.437247
573.281817
567.612671
509.988570
567.612671
509.988570
517.766082
452.498222
517.766082
452.498222
472.834209
399.753481
472.834209
399.753481
432.016161
350.959956
432.016161
350.959956
394.693561
305.505764
394.693561
305.505764
360.378925
262.909681
360.378925
262.909681
328.681102
222.786464
328.681102
222.786464
299.281414
184.822970
299.281414
184.822970
271.916760
148.761252
271.916760
148.761252
246.367374
114.386335
246.367374
114.386335
222.447782
81.517198
222.447782
81.517198
200.000000
50.000000
200.000000
50.000000
