1500.000000
1500.000000
1500.000000
1500.000000
1500.000000
1243.342468
1251.244054
1246.862170
1251.244054
1243.342468
1065.855345
1080.437416
1071.749840
1080.437416
1065.855345
929.886660
950.911568
937.494283
950.911568
929.886660
819.466325
846.988303
828.324127
846.988303
819.466325
726.341953
760.522433
736.088615
760.522433
726.341953
645.696756
686.740371
656.030893
686.740371
645.696756
574.475301
622.603916
585.134609
622.603916
574.475301
510.618300
566.059358
521.367898
566.059358
510.618300
452.672194
515.653160
463.297554
515.653160
452.672194
399.572914
470.318552
409.875273
470.318552
399.572914
350.518218
429.249270
360.311449
429.249270
350.518218
304.888363
391.820953
313.996738
391.820953
304.888363
262.194694
357.540123
270.451236
357.540123
262.194694
222.045150
326.009894
229.290377
326.009894
222.045150
184.120401
296.906226
190.201349
296.906226
184.120401
148.156934
269.961066
152.926372
269.961066
148.156934
113.934777
244.950098
117.250575
244.950098
113.934777
81.268423
221.683677
82.993028
221.683677
81.268423
50.000000
200.000000
50.000000
200.000000
50.000000
