1500.000000
1500.000000
1500.000000
1500.000000
1500.000000
1500.000000
1500.000000
1500.000000
1244.659757
1242.956279
1241.252802
1242.956279
1244.659757
1242.956279
1241.252802
1242.956279
1071.963794
1068.533755
1065.103715
1068.533755
1071.963794
1068.533755
1065.103715
1068.533755
941.932965
936.538331
931.143696
936.538331
941.932965
936.538331
931.143696
936.538331
838.012499
830.368098
822.723697
830.368098
838.012499
830.368098
822.723697
830.368098
751.760871
741.571176
731.381482
741.571176
751.760871
741.571176
731.381482
741.571176
678.291715
665.261322
652.230929
665.261322
678.291715
665.261322
652.230929
665.261322
614.522565
598.359532
582.196498
598.359532
614.522565
598.359532
582.196498
598.359532
558.383760
538.800621
519.217481
538.800621
558.383760
538.800621
519.217481
538.800621
508.418207
485.132152
461.846096
485.132152
508.418207
485.132152
461.846096
485.132152
463.561102
436.293845
409.026587
436.293845
463.561102
436.293845
409.026587
436.293845
423.010526
391.488059
359.965591
391.488059
423.010526
391.488059
359.965591
391.488059
386.147345
350.099663
314.051980
350.099663
386.147345
350.099663
314.051980
350.099663
352.483471
311.644303
270.805135
311.644303
352.483471
311.644303
270.805135
311.644303
321.627228
275.733783
229.840338
275.733783
321.627228
275.733783
229.840338
275.733783
293.259458
242.052192
190.844927
242.052192
293.259458
242.052192
190.844927
242.052192
267.116600
210.339006
153.561412
210.339006
267.116600
210.339006
153.561412
210.339006
242.978437
180.376854
117.775272
180.376854
242.978437
180.376854
117.775272
180.376854
220.659048
151.982490
83.305932
151.982490
220.659048
151.982490
83.305932
151.982490
200.000000
125.000000
50.000000
125.000000
200.000000
125.000000
50.000000
125.000000
