1500.000000
1500.000000
1500.000000
1500.000000
1500.000000
1500.000000
1500.000000
1500.000000
1500.000000
1500.000000
1500.000000
1500.000000
1306.350142
1304.985700
1302.309600
1300.945158
1302.309600
1304.985700
1306.350142
1304.985700
1302.309600
1300.945158
1302.309600
1304.985700
1166.254245
1163.512979
1158.178903
1155.437637
1158.178903
1163.512979
1166.254245
1163.512979
1158.178903
1155.437637
1158.178903
1163.512979
1057.097168
1052.790111
1044.499085
1040.192028
1044.499085
1052.790111
1057.097168
1052.790111
1044.499085
1040.192028
1044.499085
1052.790111
968.181597
962.059120
950.427864
944.305387
950.427864
962.059120
968.181597
962.059120
950.427864
944.305387
950.427864
962.059120
893.608308
885.389884
870.015220
861.796796
870.015220
885.389884
893.608308
885.389884
870.015220
861.796796
870.015220
885.389884
829.781988
819.165076
799.647089
789.030177
799.647089
819.165076
829.781988
819.165076
799.647089
789.030177
799.647089
819.165076
774.351405
761.013849
736.966101
723.628545
736.966101
761.013849
774.351405
761.013849
736.966101
723.628545
736.966101
761.013849
725.696271
709.296333
680.351285
663.951347
680.351285
709.296333
725.696271
709.296333
680.351285
663.951347
680.351285
709.296333
682.654077
662.829514
628.641929
608.817367
628.641929
662.829514
682.654077
662.829514
628.641929
608.817367
628.641929
662.829514
644.363747
620.730471
580.979898
557.346622
580.979898
620.730471
644.363747
620.730471
580.979898
557.346622
580.979898
620.730471
610.170901
582.321450
536.714246
508.864795
536.714246
582.321450
610.170901
582.321450
536.714246
508.864795
536.714246
582.321450
579.567708
547.069634
495.340755
462.842680
495.340755
547.069634
579.567708
547.069634
495.340755
462.842680
495.340755
547.069634
552.153214
514.547440
456.462093
418.856320
456.462093
514.547440
552.153214
514.547440
456.462093
418.856320
456.462093
514.547440
527.606303
484.405480
419.760701
376.559877
419.760701
484.405480
527.606303
484.405480
419.760701
376.559877
419.760701
484.405480
505.666766
456.353622
384.979806
335.666662
384.979806
456.353622
505.666766
456.353622
384.979806
335.666662
384.979806
456.353622
486.121711
430.147423
351.909824
295.935536
351.909824
430.147423
486.121711
430.147423
351.909824
295.935536
351.909824
430.147423
468.795604
405.578182
320.378393
257.160972
320.378393
405.578182
468.795604
405.578182
320.378393
257.160972
320.378393
405.578182
453.542848
382.465533
290.242947
219.165633
290.242947
382.465533
453.542848
382.465533
290.242947
219.165633
290.242947
382.465533
440.242139
360.651820
261.385086
181.794767
261.385086
360.651820
440.242139
360.651820
261.385086
181.794767
261.385086
360.651820
428.792137
339.997779
233.706241
144.911884
233.706241
339.997779
428.792137
339.997779
233.706241
144.911884
233.706241
339.997779
419.108071
320.379167
207.124301
108.395396
207.124301
320.379167
419.108071
320.379167
207.124301
108.395396
207.124301
320.379167
411.119079
301.684106
181.570945
72.135972
181.570945
301.684106
411.119079
301.684106
181.570945
72.135972
181.570945
301.684106
404.766068
283.810968
156.989521
36.034421
156.989521
283.810968
404.766068
283.810968
156.989521
36.034421
156.989521
283.810968
400.000000
266.666667
133.333333
0.000000
133.333333
266.666667
400.000000
266.666667
133.333333
0.000000
133.333333
266.666667
