1500.000000
1500.000000
1500.000000
1500.000000
1500.000000
1500.000000
1500.000000
1500.000000
1500.000000
1500.000000
1500.000000
1500.000000
1500.000000
1500.000000
1500.000000
1500.000000
1293.224288
1292.958231
1292.319630
1291.681028
1291.414972
1291.681028
1292.319630
1292.958231
1293.224288
1292.958231
1292.319630
1291.681028
1291.414972
1291.681028
1292.319630
1292.958231
1143.098601
1142.562087
1141.279360
1139.996634
1139.460120
1139.996634
1141.279360
1142.562087
1143.098601
1142.562087
1141.279360
1139.996634
1139.460120
1139.996634
1141.279360
1142.562087
1025.462210
1024.615879
1022.604863
1020.593847
1019.747517
1020.593847
1022.604863
1024.615879
1025.462210
1024.615879
1022.604863
1020.593847
1019.747517
1020.593847
1022.604863
1024.615879
928.927000
927.718907
924.872924
922.026942
920.818849
922.026942
924.872924
927.718907
928.927000
927.718907
924.872924
922.026942
920.818849
922.026942
924.872924
927.718907
847.224599
845.595452
841.800776
838.006100
836.376954
838.006100
841.800776
845.595452
847.224599
845.595452
841.800776
838.006100
836.376954
838.006100
841.800776
845.595452
776.538498
774.422661
769.564126
764.705591
762.589753
764.705591
769.564126
774.422661
776.538498
774.422661
769.564126
764.705591
762.589753
764.705591
769.564126
774.422661
714.373819
711.698899
705.662473
699.626047
696.951128
699.626047
705.662473
711.698899
714.373819
711.698899
705.662473
699.626047
696.951128
699.626047
705.662473
711.698899
659.011219
655.697074
648.371337
641.045599
637.731454
641.045599
648.371337
655.697074
659.011219
655.697074
648.371337
641.045599
637.731454
641.045599
648.371337
655.697074
609.216630
605.174053
596.451244
587.728435
583.685858
587.728435
596.451244
605.174053
609.216630
605.174053
596.451244
587.728435
583.685858
587.728435
596.451244
605.174053
564.075339
559.204551
548.981445
538.758340
533.887551
538.758340
548.981445
559.204551
564.075339
559.204551
548.981445
538.758340
533.887551
538.758340
548.981445
559.204551
522.891551
517.080540
505.259262
493.437984
487.626972
493.437984
505.259262
517.080540
522.891551
517.080540
505.259262
493.437984
487.626972
493.437984
505.259262
517.080540
485.124706
478.247438
464.736263
451.225088
444.347820
451.225088
464.736263
478.247438
485.124706
478.247438
464.736263
451.225088
444.347820
451.225088
464.736263
478.247438
450.347504
442.262028
426.976196
411.690363
403.604887
411.690363
426.976196
442.262028
450.347504
442.262028
426.976196
411.690363
403.604887
411.690363
426.976196
442.262028
418.217355
408.763790
391.626345
374.488901
365.035335
374.488901
391.626345
408.763790
418.217355
408.763790
391.626345
374.488901
365.035335
374.488901
391.626345
408.763790
388.456391
377.454822
358.397486
339.340150
328.338581
339.340150
358.397486
377.454822
388.456391
377.454822
358.397486
339.340150
328.338581
339.340150
358.397486
377.454822
360.837156
348.085430
327.049506
306.013582
293.261855
306.013582
327.049506
348.085430
360.837156
348.085430
327.049506
306.013582
293.261855
306.013582
327.049506
348.085430
335.172143
320.443567
297.380881
274.318196
259.589620
274.318196
297.380881
320.443567
335.172143
320.443567
297.380881
274.318196
259.589620
274.318196
297.380881
320.443567
311.305996
294.346948
269.220831
244.094714
227.135666
244.094714
269.220831
294.346948
311.305996
294.346948
269.220831
244.094714
227.135666
244.094714
269.220831
294.346948
289.109620
269.637065
242.423364
215.209663
195.737108
215.209663
242.423364
269.637065
289.109620
269.637065
242.423364
215.209663
195.737108
215.209663
242.423364
269.637065
268.475651
246.174568
216.862703
187.550838
165.249755
187.550838
216.862703
246.174568
268.475651
246.174568
216.862703
187.550838
165.249755
187.550838
216.862703
246.174568
249.314943
223.835667
192.429718
161.023770
135.544494
161.023770
192.429718
223.835667
249.314943
223.835667
192.429718
161.023770
135.544494
161.023770
192.429718
223.835667
231.553802
202.509278
169.029113
135.548949
106.504424
135.548949
169.029113
202.509278
231.553802
202.509278
169.029113
135.548949
106.504424
135.548949
169.029113
202.509278
215.131798
182.094745
146.577181
111.059618
78.022565
111.059618
146.577181
182.094745
215.131798
182.094745
146.577181
111.059618
78.022565
111.059618
146.577181
182.094745
200.000000
162.500000
125.000000
87.500000
50.000000
87.500000
125.000000
162.500000
200.000000
162.500000
125.000000
87.500000
50.000000
87.500000
125.000000
162.500000
