1500.000000
1500.000000
1500.000000
1500.000000
1500.000000
1500.000000
1500.000000
1500.000000
1500.000000
1500.000000
1500.000000
1500.000000
1500.000000
1500.000000
1500.000000
1500.000000
1500.000000
1500.000000
1500.000000
1500.000000
1305.937247
1305.499128
1304.354386
1302.940914
1301.796172
1301.358052
1301.796172
1302.940914
1304.354386
1305.499128
1305.937247
1305.499128
1304.354386
1302.940914
1301.796172
1301.358052
1301.796172
1302.940914
1304.354386
1305.499128
1165.461059
1164.576479
1162.269188
1159.422693
1157.115402
1156.230823
1157.115402
1159.422693
1162.269188
1164.576479
1165.461059
1164.576479
1162.269188
1159.422693
1157.115402
1156.230823
1157.115402
1159.422693
1162.269188
1164.576479
1055.910013
1054.513458
1050.881684
1046.407512
1042.775738
1041.379183
1042.775738
1046.407512
1050.881684
1054.513458
1055.910013
1054.513458
1050.881684
1046.407512
1042.775738
1041.379183
1042.775738
1046.407512
1050.881684
1054.513458
966.572822
964.578609
959.416602
953.070382
947.908375
945.914162
947.908375
953.070382
959.416602
964.578609
966.572822
964.578609
959.416602
953.070382
947.908375
945.914162
947.908375
953.070382
959.416602
964.578609
891.545462
888.856157
881.941251
873.463853
866.548947
863.859642
866.548947
873.463853
881.941251
888.856157
891.545462
888.856157
881.941251
873.463853
866.548947
863.859642
866.548947
873.463853
881.941251
888.856157
827.231445
823.738957
814.840723
803.971442
795.073208
791.580720
795.073208
803.971442
814.840723
823.738957
827.231445
823.738957
814.840723
803.971442
795.073208
791.580720
795.073208
803.971442
814.840723
823.738957
771.280515
766.864488
755.748448
742.231502
731.115461
726.699435
731.115461
742.231502
755.748448
766.864488
771.280515
766.864488
755.748448
742.231502
731.115461
726.699435
731.115461
742.231502
755.748448
766.864488
722.075265
716.600063
703.029495
686.618123
673.047555
667.572353
673.047555
686.618123
703.029495
716.600063
722.075265
716.600063
703.029495
686.618123
673.047555
667.572353
673.047555
686.618123
703.029495
716.600063
678.458161
671.768835
655.505923
635.965521
619.702608
613.013282
619.702608
635.965521
655.505923
671.768835
678.458161
671.768835
655.505923
635.965521
619.702608
613.013282
619.702608
635.965521
655.505923
671.768835
639.575574
631.492943
612.299776
589.410593
570.217427
562.134795
570.217427
589.410593
612.299776
631.492943
639.575574
631.492943
612.299776
589.410593
570.217427
562.134795
570.217427
589.410593
612.299776
631.492943
604.783506
595.098359
572.738046
546.297650
523.937336
514.252190
523.937336
546.297650
572.738046
595.098359
604.783506
595.098359
572.738046
546.297650
523.937336
514.252190
523.937336
546.297650
572.738046
595.098359
573.587977
562.054383
536.292408
506.117980
480.356005
468.822411
480.356005
506.117980
536.292408
562.054383
573.587977
562.054383
536.292408
506.117980
480.356005
468.822411
480.356005
506.117980
536.292408
562.054383
545.605923
531.933587
502.539534
468.469999
439.075946
425.403611
439.075946
468.469999
502.539534
531.933587
545.605923
531.933587
502.539534
468.469999
439.075946
425.403611
439.075946
468.469999
502.539534
531.933587
520.538764
504.384399
471.134107
433.032073
399.781781
383.627416
399.781781
433.032073
471.134107
504.384399
520.538764
504.384399
471.134107
433.032073
399.781781
383.627416
399.781781
433.032073
471.134107
504.384399
498.154116
479.111746
441.789975
399.543453
362.221682
343.179312
362.221682
399.543453
441.789975
479.111746
498.154116
479.111746
441.789975
399.543453
362.221682
343.179312
362.221682
399.543453
441.789975
479.111746
478.272875
455.863029
414.266705
367.790542
326.194218
303.784372
326.194218
367.790542
414.266705
455.863029
478.272875
455.863029
414.266705
367.790542
326.194218
303.784372
326.194218
367.790542
414.266705
455.863029
460.759974
434.417686
388.359793
337.596783
291.538890
265.196601
291.538890
337.596783
388.359793
434.417686
460.759974
434.417686
388.359793
337.596783
291.538890
265.196601
291.538890
337.596783
388.359793
434.417686
445.517697
414.579258
363.893438
308.815043
258.129222
227.190784
258.129222
308.815043
363.893438
414.579258
445.517697
414.579258
363.893438
308.815043
258.129222
227.190784
258.129222
308.815043
363.893438
414.579258
432.480820
396.169211
340.715141
281.321766
225.867696
189.556087
225.867696
281.321766
340.715141
396.169211
432.480820
396.169211
340.715141
281.321766
225.867696
189.556087
225.867696
281.321766
340.715141
396.169211
421.613087
379.022013
318.691634
255.012386
194.682007
152.090933
194.682007
255.012386
318.691634
379.022013
421.613087
379.022013
318.691634
255.012386
194.682007
152.090933
194.682007
255.012386
318.691634
379.022013
412.904674
362.981144
297.705796
229.797672
164.522324
114.598793
164.522324
229.797672
297.705796
362.981144
412.904674
362.981144
297.705796
229.797672
164.522324
114.598793
164.522324
229.797672
297.705796
362.981144
406.370405
347.895764
277.654308
205.600743
135.359287
76.884646
135.359287
205.600743
277.654308
347.895764
406.370405
347.895764
277.654308
205.600743
135.359287
76.884646
135.359287
205.600743
277.654308
347.895764
402.048535
333.617900
258.445895
182.354594
107.182588
38.751954
107.182588
182.354594
258.445895
333.617900
402.048535
333.617900
258.445895
182.354594
107.182588
38.751954
107.182588
182.354594
258.445895
333.617900
400.000000
320.000000
240.000000
160.000000
80.000000
0.000000
80.000000
160.000000
240.000000
320.000000
400.000000
320.000000
240.000000
160.000000
80.000000
0.000000
80.000000
160.000000
240.000000
320.000000
