1500.000000
1500.000000
1500.000000
1500.000000
1500.000000
1500.000000
1500.000000
1500.000000
1500.000000
1500.000000
1500.000000
1500.000000
1500.000000
1500.000000
1500.000000
1500.000000
1500.000000
1500.000000
1500.000000
1500.000000
1500.000000
1500.000000
1500.000000
1500.000000
1500.000000
1500.000000
1500.000000
1500.000000
1305.835651
1305.618778
1305.011417
1304.134289
1303.161011
1302.283883
1301.676521
1301.459648
1301.676521
1302.283883
1303.161011
1304.134289
1305.011417
1305.618778
1305.835651
1305.618778
1305.011417
1304.134289
1303.161011
1302.283883
1301.676521
1301.459648
1301.676521
1302.283883
1303.161011
1304.134289
1305.011417
1305.618778
1165.265908
1164.827412
1163.600015
1161.828524
1159.863358
1158.091867
1156.864469
1156.425974
1156.864469
1158.091867
1159.863358
1161.828524
1163.600015
1164.827412
1165.265908
1164.827412
1163.600015
1161.828524
1159.863358
1158.091867
1156.864469
1156.425974
1156.864469
1158.091867
1159.863358
1161.828524
1163.600015
1164.827412
1055.617971
1054.925017
1052.987209
1050.193463
1047.095733
1044.301986
1042.364179
1041.671225
1042.364179
1044.301986
1047.095733
1050.193463
1052.987210
1054.925017
1055.617971
1054.925017
1052.987210
1050.193463
1047.095733
1044.301986
1042.364179
1041.671225
1042.364179
1044.301986
1047.095733
1050.193463
1052.987209
1054.925017
966.176778
965.187035
962.423662
958.446702
954.040282
950.063322
947.299949
946.310206
947.299949
950.063322
954.040282
958.446702
962.423662
965.187035
966.176778
965.187035
962.423662
958.446702
954.040282
950.063322
947.299949
946.310206
947.299949
950.063322
954.040282
958.446702
962.423662
965.187035
891.036251
889.702256
885.986910
880.653850
874.751254
869.418194
865.702848
864.368853
865.702848
869.418194
874.751254
880.653850
885.986910
889.702256
891.036251
889.702256
885.986910
880.653850
874.751254
869.418194
865.702848
864.368853
865.702848
869.418194
874.751254
880.653850
885.986910
889.702256
826.598082
824.867892
820.066738
813.200318
805.611847
798.745427
793.944273
792.214083
793.944273
798.745427
805.611847
813.200318
820.066738
824.867892
826.598082
824.867892
820.066738
813.200318
805.611847
798.745427
793.944273
792.214083
793.944273
798.745427
805.611847
813.200318
820.066738
824.867892
770.509992
768.326362
762.298784
753.720792
744.259157
735.681166
729.653587
727.469958
729.653587
735.681166
744.259157
753.720792
762.298784
768.326362
770.509992
768.326362
762.298784
753.720792
744.259157
735.681166
729.653587
727.469958
729.653587
735.681166
744.259157
753.720792
762.298784
768.326362
721.152254
718.450877
711.048842
700.582114
689.065504
678.598776
671.196741
668.495364
671.196741
678.598776
689.065504
700.582114
711.048842
718.450877
721.152254
718.450877
711.048842
700.582114
689.065504
678.598776
671.196741
668.495364
671.196741
678.598776
689.065504
700.582114
711.048842
718.450877
677.364810
674.071680
665.138499
652.608435
638.863008
626.332944
617.399764
614.106634
617.399764
626.332944
638.863008
652.608435
665.138499
674.071680
677.364810
674.071680
665.138499
652.608435
638.863008
626.332944
617.399764
614.106634
617.399764
626.332944
638.863008
652.608435
665.138499
674.071680
638.291527
634.319311
623.688123
608.924110
592.786259
578.022246
567.391058
563.418842
567.391058
578.022246
592.786259
608.924110
623.688123
634.319311
638.291527
634.319311
623.688123
608.924110
592.786259
578.022246
567.391058
563.418842
567.391058
578.022246
592.786259
608.924110
623.688123
634.319311
603.286296
598.529498
586.021683
568.858595
550.177101
533.014012
520.506197
515.749400
520.506197
533.014012
550.177101
568.858595
586.021683
598.529498
603.286296
598.529498
586.021683
568.858595
550.177101
533.014012
520.506197
515.749400
520.506197
533.014012
550.177101
568.858595
586.021683
598.529498
571.853946
566.182572
551.606292
531.886145
510.524243
490.804096
476.227816
470.556442
476.227816
490.804096
510.524243
531.886145
551.606292
566.182572
571.853946
566.182572
551.606292
531.886145
510.524243
490.804096
476.227816
470.556442
476.227816
490.804096
510.524243
531.886145
551.606292
566.182572
543.611868
536.863214
520.012284
497.586110
473.423424
450.997250
434.146319
427.397666
434.146319
450.997250
473.423424
497.586110
520.012284
536.863214
543.611868
536.863214
520.012284
497.586110
473.423424
450.997250
434.146319
427.397666
434.146319
450.997250
473.423424
497.586110
520.012284
536.863214
518.264545
510.232681
490.886008
465.615940
438.550240
413.280172
393.933499
385.901636
393.933499
413.280172
438.550240
465.615940
490.886008
510.232681
518.264545
510.232681
490.886008
465.615940
438.550240
413.280172
393.933499
385.901636
393.933499
413.280172
438.550240
465.615940
490.886008
510.232681
495.586493
486.008902
463.930786
435.692354
405.641074
377.402642
355.324526
345.746935
355.324526
377.402642
405.641074
435.692354
463.930786
486.008902
495.586493
486.008902
463.930786
435.692354
405.641074
377.402642
355.324526
345.746935
355.324526
377.402642
405.641074
435.692354
463.930786
486.008902
475.410907
463.951661
438.893299
407.577904
374.479343
343.163948
318.105586
306.646340
318.105586
343.163948
374.479343
407.577904
438.893299
463.951661
475.410907
463.951661
438.893299
407.577904
374.479343
343.163948
318.105586
306.646340
318.105586
343.163948
374.479343
407.577904
438.893299
463.951661
457.622353
443.851114
415.553714
381.071213
344.885363
310.402862
282.105461
268.334223
282.105461
310.402862
344.885363
381.071213
415.553714
443.851114
457.622353
443.851114
415.553714
381.071213
344.885363
310.402862
282.105461
268.334223
282.105461
310.402862
344.885363
381.071213
415.553714
443.851114
442.152460
425.518470
393.718459
355.999777
316.708703
278.990022
247.190011
230.556021
247.190011
278.990022
316.708703
355.999777
393.718459
425.518470
442.152460
425.518470
393.718459
355.999777
316.708703
278.990022
247.190011
230.556021
247.190011
278.990022
316.708703
355.999777
393.718459
425.518470
428.977937
408.778047
373.214943
332.214586
289.822320
248.821964
213.258859
193.058969
213.258859
248.821964
289.822320
332.214586
373.214943
408.778047
428.977937
408.778047
373.214943
332.214586
289.822320
248.821964
213.258859
193.058969
213.258859
248.821964
289.822320
332.214586
373.214943
408.778047
418.120505
393.460172
353.887755
309.586055
264.117966
219.816265
180.243849
155.583515
180.243849
219.816265
264.117966
309.586055
353.887755
393.460172
418.120505
393.460172
353.887755
309.586055
264.117966
219.816265
180.243849
155.583515
180.243849
219.816265
264.117966
309.586055
353.887755
393.460172
409.648460
379.394478
335.596038
288.000925
239.502542
191.907429
148.108989
117.855008
148.108989
191.907429
239.502542
288.000925
335.596038
379.394478
409.648460
379.394478
335.596038
288.000925
239.502542
191.907429
148.108989
117.855008
148.108989
191.907429
239.502542
288.000925
335.596038
379.394478
403.679721
366.403334
318.211823
267.359869
215.895181
165.043228
116.851717
79.575330
116.851717
165.043228
215.895181
267.359869
318.211823
366.403334
403.679721
366.403334
318.211823
267.359869
215.895181
165.043228
116.851717
79.575330
116.851717
165.043228
215.895181
267.359869
318.211823
366.403334
400.386278
354.295115
301.619207
247.575612
193.224876
139.181281
86.505373
40.414211
86.505373
139.181281
193.224876
247.575612
301.619207
354.295115
400.386278
354.295115
301.619207
247.575612
193.224876
139.181281
86.505373
40.414211
86.505373
139.181281
193.224876
247.575612
301.619207
354.295115
400.000000
342.857143
285.714286
228.571429
171.428571
114.285714
57.142857
0.000000
57.142857
114.285714
171.428571
228.571429
285.714286
342.857143
400.000000
342.857143
285.714286
228.571429
171.428571
114.285714
57.142857
0.000000
57.142857
114.285714
171.428571
228.571429
285.714286
342.857143
