1500.000000
1500.000000
1500.000000
1500.000000
1500.000000
1500.000000
1500.000000
1500.000000
1500.000000
1500.000000
1500.000000
1500.000000
1500.000000
1500.000000
1500.000000
1500.000000
1500.000000
1500.000000
1500.000000
1500.000000
1500.000000
1500.000000
1500.000000
1500.000000
1305.873320
1305.574780
1304.759883
1303.647650
1302.535417
1301.720519
1301.421980
1301.720519
1302.535417
1303.647650
1304.759883
1305.574781
1305.873320
1305.574781
1304.759883
1303.647650
1302.535417
1301.720519
1301.421980
1301.720519
1302.535417
1303.647650
1304.759883
1305.574780
1165.338245
1164.734986
1163.089746
1160.845941
1158.602135
1156.956896
1156.353637
1156.956896
1158.602135
1160.845941
1163.089746
1164.734986
1165.338245
1164.734986
1163.089746
1160.845941
1158.602135
1156.956896
1156.353637
1156.956896
1158.602135
1160.845941
1163.089746
1164.734986
1055.726149
1054.773233
1052.178511
1048.644598
1045.110685
1042.515963
1041.563047
1042.515963
1045.110685
1048.644598
1052.178511
1054.773233
1055.726149
1054.773233
1052.178511
1048.644598
1045.110685
1042.515963
1041.563047
1042.515963
1045.110685
1048.644598
1052.178511
1054.773233
966.323312
964.962478
961.266586
956.243492
951.220399
947.524506
946.163672
947.524506
951.220399
956.243492
961.266586
964.962478
966.323312
964.962478
961.266586
956.243492
951.220399
947.524506
946.163672
947.524506
951.220399
956.243492
961.266586
964.962478
891.224371
889.389892
884.427143
877.702552
870.977961
866.015212
864.180733
866.015212
870.977961
877.702552
884.427143
889.389892
891.224371
889.389892
884.427143
877.702552
870.977961
866.015212
864.180733
866.015212
870.977961
877.702552
884.427143
889.389892
826.831680
824.451122
818.047574
809.406082
800.764591
794.361043
791.980485
794.361043
800.764591
809.406082
818.047574
824.451122
826.831680
824.451122
818.047574
809.406082
800.764591
794.361043
791.980485
794.361043
800.764591
809.406082
818.047574
824.451122
770.793757
767.786748
759.761903
748.989975
738.218046
730.193202
727.186193
730.193202
738.218046
748.989975
759.761903
767.786748
770.793757
767.786748
759.761903
748.989975
738.218046
730.193202
727.186193
730.193202
738.218046
748.989975
759.761903
767.786748
721.491878
717.767681
707.934710
694.823809
681.712908
671.879937
668.155741
671.879937
681.712908
694.823809
707.934710
717.767681
721.491878
717.767681
707.934710
694.823809
681.712908
671.879937
668.155741
671.879937
681.712908
694.823809
707.934710
717.767681
677.767192
673.221259
661.386660
645.735722
630.084783
618.250184
613.704251
618.250184
630.084783
645.735722
661.386660
673.221259
677.767192
673.221259
661.386660
645.735722
630.084783
618.250184
613.704251
618.250184
630.084783
645.735722
661.386660
673.221259
638.764927
633.274400
619.237530
600.855185
582.472839
568.435969
562.945442
568.435969
582.472839
600.855185
619.237530
633.274400
638.764927
633.274400
619.237530
600.855185
582.472839
568.435969
562.945442
568.435969
582.472839
600.855185
619.237530
633.274400
603.840366
597.258415
580.811126
559.517848
538.224570
521.777280
515.195329
521.777280
538.224570
559.517848
580.811126
597.258415
603.840366
597.258415
580.811126
559.517848
538.224570
521.777280
515.195329
521.777280
538.224570
559.517848
580.811126
597.258415
572.499567
564.648383
545.574956
521.205194
496.835432
477.762005
469.910821
477.762005
496.835432
521.205194
545.574956
564.648383
572.499567
564.648383
545.574956
521.205194
496.835432
477.762005
469.910821
477.762005
496.835432
521.205194
545.574956
564.648383
544.360678
535.022928
513.100485
485.504767
457.909048
435.986606
426.648855
435.986606
457.909048
485.504767
513.100485
535.022928
544.360678
535.022928
513.100485
485.504767
457.909048
435.986606
426.648855
435.986606
457.909048
485.504767
513.100485
535.022928
519.128039
508.036546
483.036096
452.083090
421.130084
396.129634
385.038141
396.129634
421.130084
452.083090
483.036096
508.036546
519.128039
508.036546
483.036096
452.083090
421.130084
396.129634
385.038141
396.129634
421.130084
452.083090
483.036096
508.036546
496.574517
483.399914
455.088228
420.666714
386.245200
357.933514
344.758911
357.933514
386.245200
420.666714
455.088228
483.399914
496.574517
483.399914
455.088228
420.666714
386.245200
357.933514
344.758911
357.933514
386.245200
420.666714
455.088228
483.399914
476.529355
460.865421
429.007931
391.028624
353.049317
321.191826
305.527892
321.191826
353.049317
391.028624
429.007931
460.865421
476.529355
460.865421
429.007931
391.028624
353.049317
321.191826
305.527892
321.191826
353.049317
391.028624
429.007931
460.865421
458.869819
440.216199
404.581128
362.978288
321.375448
285.740377
267.086757
285.740377
321.375448
362.978288
404.581128
440.216199
458.869819
440.216199
404.581128
362.978288
321.375448
285.740377
267.086757
285.740377
321.375448
362.978288
404.581128
440.216199
443.515549
421.257521
381.621485
336.354240
291.086995
251.450960
229.192931
251.450960
291.086995
336.354240
381.621485
421.257521
443.515549
421.257521
381.621485
336.354240
291.086995
251.450960
229.192931
251.450960
291.086995
336.354240
381.621485
421.257521
430.424911
403.809836
359.965157
311.018453
262.071749
218.227070
191.611995
218.227070
262.071749
311.018453
359.965157
403.809836
430.424911
403.809836
359.965157
311.018453
262.071749
218.227070
191.611995
218.227070
262.071749
311.018453
359.965157
403.809836
419.592840
387.702922
339.466922
286.852010
234.237098
186.001098
154.111180
186.001098
234.237098
286.852010
339.466922
387.702922
419.592840
387.702922
339.466922
286.852010
234.237098
186.001098
154.111180
186.001098
234.237098
286.852010
339.466922
387.702922
411.049873
372.770803
319.997373
263.751734
207.506094
154.732664
116.453595
154.732664
207.506094
263.751734
319.997373
372.770803
411.049873
372.770803
319.997373
263.751734
207.506094
154.732664
116.453595
154.732664
207.506094
263.751734
319.997373
372.770803
404.862128
358.847180
301.440928
241.627525
181.814122
124.407870
78.392923
124.407870
181.814122
241.627525
301.440928
358.847180
404.862128
358.847180
301.440928
241.627525
181.814122
124.407870
78.392923
124.407870
181.814122
241.627525
301.440928
358.847180
401.132076
345.761187
283.694494
220.400244
157.105994
95.039301
39.668412
95.039301
157.105994
220.400244
283.694494
345.761187
401.132076
345.761187
283.694494
220.400244
157.105994
95.039301
39.668412
95.039301
157.105994
220.400244
283.694494
345.761187
400.000000
333.333333
266.666667
200.000000
133.333333
66.666667
0.000000
66.666667
133.333333
200.000000
266.666667
333.333333
400.000000
333.333333
266.666667
200.000000
133.333333
66.666667
0.000000
66.666667
133.333333
200.000000
266.666667
333.333333
