1500.000000
1500.000000
1500.000000
1500.000000
1500.000000
1500.000000
1500.000000
1500.000000
1500.000000
1500.000000
1500.000000
1500.000000
1500.000000
1500.000000
1500.000000
1500.000000
1500.000000
1500.000000
1500.000000
1500.000000
1296.947854
1296.948351
1296.947854
1296.948351
1296.947854
1296.948351
1296.947854
1296.948351
1296.947854
1296.948351
1296.947854
1296.948351
1296.947854
1296.948351
1296.947854
1296.948351
1296.947854
1296.948351
1296.947854
1296.948351
1147.644099
1147.646374
1147.644099
1147.646374
1147.644099
1147.646374
1147.644099
1147.646374
1147.644099
1147.646374
1147.644099
1147.646374
1147.644099
1147.646374
1147.644099
1147.646374
1147.644099
1147.646374
1147.644099
1147.646374
1029.587947
1029.595667
1029.587947
1029.595667
1029.587947
1029.595667
1029.587947
1029.595667
1029.587947
1029.595667
1029.587947
1029.595667
1029.587947
1029.595667
1029.587947
1029.595667
1029.587947
1029.595667
1029.587947
1029.595667
931.959905
931.981500
931.959905
931.981500
931.959905
931.981500
931.959905
931.981500
931.959905
931.981500
931.959905
931.981500
931.959905
931.981500
931.959905
931.981500
931.959905
931.981500
931.959905
931.981500
848.726474
848.778949
848.726474
848.778949
848.726474
848.778949
848.726474
848.778949
848.726474
848.778949
848.726474
848.778949
848.726474
848.778949
848.726474
848.778949
848.726474
848.778949
848.726474
848.778949
776.176906
776.291447
776.176906
776.291448
776.176906
776.291448
776.176906
776.291448
776.176906
776.291448
776.176906
776.291448
776.176906
776.291448
776.176906
776.291448
776.176906
776.291447
776.176906
776.291447
711.862354
712.092140
711.862354
712.092140
711.862354
712.092140
711.862354
712.092140
711.862354
712.092140
711.862354
712.092140
711.862354
712.092140
711.862354
712.092140
711.862354
712.092140
711.862354
712.092140
654.076721
654.507376
654.076721
654.507376
654.076721
654.507376
654.076721
654.507376
654.076721
654.507376
654.076721
654.507376
654.076721
654.507376
654.076721
654.507376
654.076721
654.507376
654.076721
654.507376
601.577515
602.340656
601.577515
602.340656
601.577515
602.340656
601.577515
602.340656
601.577515
602.340656
601.577515
602.340656
601.577515
602.340656
601.577515
602.340656
601.577515
602.340656
601.577515
602.340656
553.424305
554.714669
553.424305
554.714669
553.424305
554.714669
553.424305
554.714669
553.424305
554.714669
553.424305
554.714669
553.424305
554.714669
553.424305
554.714669
553.424305
554.714669
553.424305
554.714669
508.879455
510.976086
508.879455
510.976086
508.879455
510.976086
508.879455
510.976086
508.879455
510.976086
508.879455
510.976086
508.879455
510.976086
508.879455
510.976086
508.879455
510.976086
508.879455
510.976086
467.343881
470.635894
467.343881
470.635894
467.343881
470.635894
467.343881
470.635894
467.343881
470.635894
467.343881
470.635894
467.343881
470.635894
467.343881
470.635894
467.343881
470.635894
467.343881
470.635894
428.313512
433.330963
428.313512
433.330963
428.313512
433.330963
428.313512
433.330963
428.313512
433.330963
428.313512
433.330963
428.313512
433.330963
428.313512
433.330963
428.313512
433.330963
428.313512
433.330963
391.348465
398.798862
391.348465
398.798862
391.348465
398.798862
391.348465
398.798862
391.348465
398.798862
391.348465
398.798862
391.348465
398.798862
391.348465
398.798862
391.348465
398.798862
391.348465
398.798862
356.050293
366.861308
356.050293
366.861308
356.050293
366.861308
356.050293
366.861308
356.050293
366.861308
356.050293
366.861308
356.050293
366.861308
356.050293
366.861308
356.050293
366.861308
356.050293
366.861308
322.044469
337.413414
322.044469
337.413414
322.044469
337.413414
322.044469
337.413414
322.044469
337.413414
322.044469
337.413414
322.044469
337.413414
322.044469
337.413414
322.044469
337.413414
322.044469
337.413414
288.966351
310.417005
288.966351
310.417005
288.966351
310.417005
288.966351
310.417005
288.966351
310.417005
288.966351
310.417005
288.966351
310.417005
288.966351
310.417005
288.966351
310.417005
288.966351
310.417005
256.449462
285.896844
256.449462
285.896844
256.449462
285.896844
256.449462
285.896844
256.449462
285.896844
256.449462
285.896844
256.449462
285.896844
256.449462
285.896844
256.449462
285.896844
256.449462
285.896844
224.115333
263.939022
224.115333
263.939022
224.115333
263.939022
224.115333
263.939022
224.115333
263.939022
224.115333
263.939022
224.115333
263.939022
224.115333
263.939022
224.115333
263.939022
224.115333
263.939022
191.564384
244.691018
191.564384
244.691018
191.564384
244.691018
191.564384
244.691018
191.564384
244.691018
191.564384
244.691018
191.564384
244.691018
191.564384
244.691018
191.564384
244.691018
191.564384
244.691018
158.367492
228.363056
158.367492
228.363056
158.367492
228.363056
158.367492
228.363056
158.367492
228.363056
158.367492
228.363056
158.367492
228.363056
158.367492
228.363056
158.367492
228.363056
158.367492
228.363056
124.057977
215.230539
124.057977
215.230539
124.057977
215.230539
124.057977
215.230539
124.057977
215.230539
124.057977
215.230539
124.057977
215.230539
124.057977
215.230539
124.057977
215.230539
124.057977
215.230539
88.123822
205.637363
88.123822
205.637363
88.123822
205.637363
88.123822
205.637363
88.123822
205.637363
88.123822
205.637363
88.123822
205.637363
88.123822
205.637363
88.123822
205.637363
88.123822
205.637363
50.000000
200.000000
50.000000
200.000000
50.000000
200.000000
50.000000
200.000000
50.000000
200.000000
50.000000
200.000000
50.000000
200.000000
50.000000
200.000000
50.000000
200.000000
50.000000
200.000000
