1500.000000
1500.000000
1500.000000
1500.000000
1500.000000
1500.000000
1500.000000
1500.000000
1500.000000
1500.000000
1500.000000
1500.000000
1500.000000
1500.000000
1500.000000
1500.000000
1500.000000
1500.000000
1500.000000
1500.000000
1500.000000
1500.000000
1500.000000
1500.000000
1500.000000
1295.997772
1296.055081
1296.154868
1296.276267
1296.400225
1296.513924
1296.610601
1296.688352
1296.747803
1296.790995
1296.819973
1296.836629
1296.842015
1296.836629
1296.819973
1296.790995
1296.747803
1296.688352
1296.610601
1296.513924
1296.400225
1296.276267
1296.154868
1296.055081
1295.997772
1145.932562
1146.048461
1146.244766
1146.476567
1146.705888
1146.910693
1147.080567
1147.214792
1147.315694
1147.388379
1147.436561
1147.464301
1147.473094
1147.464301
1147.436561
1147.388379
1147.315694
1147.214792
1147.080567
1146.910693
1146.705888
1146.476567
1146.244766
1146.048461
1145.932562
1027.195970
1027.382810
1027.686578
1028.032014
1028.359926
1028.643992
1028.872241
1029.049508
1029.179641
1029.273070
1029.333623
1029.369087
1029.379632
1029.369087
1029.333623
1029.273070
1029.179641
1029.049508
1028.872241
1028.643992
1028.359926
1028.032014
1027.686578
1027.382810
1027.195970
928.921334
929.199994
929.628317
930.095790
930.517711
930.872999
931.147226
931.358260
931.507621
931.616386
931.683477
931.725248
931.735423
931.725248
931.683477
931.616386
931.507621
931.358260
931.147226
930.872999
930.517711
930.095790
929.628317
929.199994
928.921334
845.050202
845.451591
846.024175
846.624870
847.134197
847.555170
847.862434
848.101728
848.260216
848.382428
848.449455
848.498766
848.504751
848.498766
848.449455
848.382428
848.260216
848.101728
847.862434
847.555170
847.134197
846.624870
846.024175
845.451591
845.050202
771.857456
772.426036
773.161780
773.909838
774.494544
774.979391
775.303475
775.570755
775.725543
775.864420
775.921586
775.984170
775.978298
775.984170
775.921586
775.864420
775.725543
775.570755
775.303475
774.979391
774.494544
773.909838
773.161780
772.426036
771.857456
706.886297
707.685502
708.597635
709.512361
710.150812
710.704770
711.022398
711.325918
711.457582
711.624747
711.655273
711.744796
711.711939
711.744796
711.655273
711.624747
711.457582
711.325918
711.022397
710.704770
710.150812
709.512361
708.597635
707.685502
706.886297
648.427573
649.547458
650.636211
651.746738
652.401680
653.042825
653.317857
653.680034
653.756602
653.977668
653.951881
654.095623
654.007395
654.095623
653.951881
653.977668
653.756602
653.680034
653.317857
653.042825
652.401680
651.746738
650.636211
649.547458
648.427573
595.240227
596.807909
598.049684
599.402903
600.012595
600.780855
600.955469
601.421663
601.389628
601.712930
601.579306
601.826958
601.632831
601.826958
601.579306
601.712930
601.389628
601.421663
600.955469
600.780855
600.012595
599.402903
598.049684
596.807909
595.240227
546.389870
548.583441
549.915332
551.588214
552.053544
553.023974
553.005667
553.657186
553.428353
553.937911
553.609946
554.046618
553.660853
554.046618
553.609946
553.937911
553.428353
553.657186
553.005667
553.023974
552.053544
551.588214
549.915332
548.583441
546.389870
501.149888
504.216614
505.514953
507.632633
507.798832
509.100459
508.743510
509.716160
509.148971
509.983017
509.320568
510.085355
509.368394
510.085355
509.320568
509.983017
509.148971
509.716160
508.743510
509.100459
507.798832
507.632633
505.514953
504.216614
501.149888
458.937690
463.217442
464.268849
467.030128
466.661463
468.503266
467.583040
469.092823
467.966554
469.343204
468.126710
469.438406
468.171121
469.438406
468.126710
469.343204
467.966554
469.092823
467.583040
468.503266
466.661463
467.030128
464.268849
463.217442
458.937690
419.271700
425.226685
425.689880
429.402063
428.147580
430.853481
429.031705
431.409532
429.389470
431.641441
429.537128
431.728963
429.577893
431.728963
429.537128
431.641441
429.389470
431.409532
429.031705
430.853481
428.147580
429.402063
425.689880
425.226685
419.271700
381.741040
389.993049
389.349434
394.474735
391.822853
395.877892
392.656687
396.394306
392.985729
396.606268
393.120148
396.685746
393.157117
396.685746
393.120148
396.606268
392.985729
396.394306
392.656687
395.877892
391.822853
394.474735
389.349434
389.993049
381.741040
345.983207
357.359727
354.850527
362.066562
357.285974
363.396163
358.058346
363.867988
358.356425
364.058968
358.477122
364.130183
358.510209
364.130183
358.477122
364.058968
358.356425
363.867988
358.058346
363.396163
357.285974
362.066562
354.850527
357.359727
345.983207
311.666884
327.257588
321.805030
332.082281
324.146258
333.314980
324.847768
333.738373
325.113285
333.907707
325.219991
333.970554
325.249162
333.970554
325.219991
333.907707
325.113285
333.738373
324.847768
333.314980
324.146258
332.082281
321.805030
327.257588
311.666884
278.478058
299.703333
289.813108
304.512544
292.003401
305.627580
292.626460
305.999723
292.858381
306.147057
292.950997
306.201525
292.976259
306.201525
292.950997
306.147057
292.858381
305.999723
292.626460
305.627580
292.003401
304.512544
289.813108
299.703333
278.478058
246.108268
274.801607
258.443538
279.437995
260.428050
280.417711
260.966869
280.736713
261.164640
280.861951
261.243210
280.908102
261.264600
280.908102
261.243210
280.861951
261.164640
280.736713
260.966869
280.417711
260.428050
279.437995
258.443538
274.801607
246.108268
214.244171
252.750438
227.213981
257.037241
228.942217
257.867472
229.392742
258.132276
229.556222
258.235532
229.620897
258.273485
229.638479
258.273485
229.620897
258.235532
229.556222
258.132276
229.392742
257.867472
228.942217
257.037241
227.213981
252.750438
214.244171
182.557862
233.849603
195.570497
237.598436
196.998795
238.268744
197.358606
238.479022
197.487996
238.560584
197.539020
238.590503
197.552874
238.590503
197.539020
238.560584
197.487996
238.479022
197.358606
238.268744
196.998795
237.598436
195.570497
233.849603
182.557862
150.697548
218.511715
162.865760
221.534332
163.959608
222.038083
164.227775
222.194134
164.323563
222.254426
164.361247
222.276510
164.371470
222.276510
164.361247
222.254426
164.323563
222.194134
164.227775
222.038083
163.959608
221.534332
162.865760
218.511715
150.697548
118.278271
207.275919
128.335503
209.400780
129.071482
209.735052
129.248402
209.837705
129.311309
209.877261
129.336018
209.891736
129.342717
209.891736
129.336018
209.877261
129.311309
209.837705
129.248402
209.735052
129.071482
209.400780
128.335503
207.275919
118.278271
84.872441
200.824152
91.072827
201.918755
91.439925
202.084087
91.527138
202.134606
91.558068
202.154044
91.570205
202.161153
91.573495
202.161153
91.570205
202.154044
91.558068
202.134606
91.527138
202.084087
91.439925
201.918755
91.072827
200.824152
84.872441
50.000000
200.000000
50.000000
200.000000
50.000000
200.000000
50.000000
200.000000
50.000000
200.000000
50.000000
200.000000
50.000000
200.000000
50.000000
200.000000
50.000000
200.000000
50.000000
200.000000
50.000000
200.000000
50.000000
200.000000
50.000000
