1500.000000
1500.000000
1500.000000
1500.000000
1500.000000
1500.000000
1500.000000
1500.000000
1500.000000
1500.000000
1500.000000
1500.000000
1500.000000
1500.000000
1500.000000
1500.000000
1500.000000
1500.000000
1500.000000
1500.000000
1500.000000
1500.000000
1500.000000
1500.000000
1500.000000
1500.000000
1500.000000
1500.000000
1500.000000
1500.000000
1500.000000
1500.000000
1305.811541
1305.646703
1305.177437
1304.475445
1303.647650
1302.819855
1302.117863
1301.648596
1301.483759
1301.648596
1302.117863
1302.819855
1303.647650
1304.475445
1305.177437
1305.646703
1305.811541
1305.646703
1305.177437
1304.475445
1303.647650
1302.819855
1302.117863
1301.648596
1301.483759
1301.648596
1302.117863
1302.819855
1303.647650
1304.475445
1305.177437
1305.646703
1165.219609
1164.886184
1163.937294
1162.518479
1160.845941
1159.173403
1157.754588
1156.805698
1156.472273
1156.805698
1157.754588
1159.173403
1160.845941
1162.518479
1163.937294
1164.886184
1165.219609
1164.886184
1163.937294
1162.518479
1160.845941
1159.173403
1157.754588
1156.805698
1156.472273
1156.805698
1157.754588
1159.173403
1160.845941
1162.518479
1163.937294
1164.886184
1055.548766
1055.021676
1053.522595
1051.283057
1048.644598
1046.006139
1043.766601
1042.267520
1041.740430
1042.267520
1043.766601
1046.006139
1048.644598
1051.283057
1053.522595
1055.021676
1055.548766
1055.021676
1053.522595
1051.283057
1048.644598
1046.006139
1043.766601
1042.267520
1041.740430
1042.267520
1043.766601
1046.006139
1048.644598
1051.283057
1053.522595
1055.021676
966.083132
965.330162
963.190959
959.999649
956.243492
952.487335
949.296025
947.156822
946.403852
947.156822
949.296025
952.487335
956.243492
959.999649
963.190959
965.330162
966.083132
965.330162
963.190959
959.999649
956.243492
952.487335
949.296025
947.156822
946.403852
947.156822
949.296025
952.487335
956.243492
959.999649
963.190959
965.330162
890.916223
889.901396
887.023088
882.738403
877.702552
872.666701
868.382016
865.503708
864.488881
865.503708
868.382016
872.666701
877.702552
882.738403
887.023088
889.901396
890.916223
889.901396
887.023088
882.738403
877.702552
872.666701
868.382016
865.503708
864.488881
865.503708
868.382016
872.666701
877.702552
882.738403
887.023088
889.901396
826.449366
825.133505
821.410782
815.886196
809.406082
802.925969
797.401383
793.678660
792.362799
793.678660
797.401383
802.925969
809.406082
815.886196
821.410782
825.133505
826.449366
825.133505
821.410782
815.886196
809.406082
802.925969
797.401383
793.678660
792.362799
793.678660
797.401383
802.925969
809.406082
815.886196
821.410782
825.133505
770.329809
768.669996
763.991367
757.077678
748.989975
740.902272
733.988583
729.309953
727.650140
729.309953
733.988583
740.902272
748.989975
757.077678
763.991367
768.669996
770.329809
768.669996
763.991367
757.077678
748.989975
740.902272
733.988583
729.309953
727.650140
729.309953
733.988583
740.902272
748.989975
757.077678
763.991367
768.669996
720.937183
718.885501
713.132296
704.678681
694.823809
684.968937
676.515322
670.762118
668.710436
670.762118
676.515322
684.968937
694.823809
704.678681
713.132296
718.885501
720.937183
718.885501
713.132296
704.678681
694.823809
684.968937
676.515322
670.762118
668.710436
670.762118
676.515322
684.968937
694.823809
704.678681
713.132296
718.885501
677.110570
674.612148
667.656884
657.511538
645.735722
633.959905
623.814559
616.859296
614.360874
616.859296
623.814559
633.959905
645.735722
657.511538
667.656884
674.612148
677.110570
674.612148
667.656884
657.511538
645.735722
633.959905
623.814559
616.859296
614.360874
616.859296
623.814559
633.959905
645.735722
657.511538
667.656884
674.612148
637.992755
634.982978
626.687287
614.698007
600.855185
587.012362
575.023082
566.727391
563.717614
566.727391
575.023082
587.012362
600.855185
614.698007
626.687287
634.982978
637.992755
634.982978
626.687287
614.698007
600.855185
587.012362
575.023082
566.727391
563.717614
566.727391
575.023082
587.012362
600.855185
614.698007
626.687287
634.982978
602.936339
599.336973
589.549256
575.564144
559.517848
543.471552
529.486440
519.698722
516.099357
519.698722
529.486440
543.471552
559.517848
575.564144
589.549256
599.336973
602.936339
599.336973
589.549256
575.564144
559.517848
543.471552
529.486440
519.698722
516.099357
519.698722
529.486440
543.471552
559.517848
575.564144
589.549256
599.336973
571.444729
567.158603
555.711542
539.579975
521.205194
502.830413
486.698846
475.251785
470.965659
475.251785
486.698846
502.830413
521.205194
539.579975
555.711542
567.158603
571.444729
567.158603
555.711542
539.579975
521.205194
502.830413
486.698846
475.251785
470.965659
475.251785
486.698846
502.830413
521.205194
539.579975
555.711542
567.158603
543.133922
538.037681
524.745806
506.319760
485.504767
464.689774
446.263728
432.971852
427.875612
432.971852
446.263728
464.689774
485.504767
506.319760
524.745806
538.037681
543.133922
538.037681
524.745806
506.319760
485.504767
464.689774
446.263728
432.971852
427.875612
432.971852
446.263728
464.689774
485.504767
506.319760
524.745806
538.037681
517.707315
511.641645
496.299178
475.434998
452.083090
428.731183
407.867003
392.524535
386.458866
392.524535
407.867003
428.731183
452.083090
475.434998
496.299178
511.641645
517.707315
511.641645
496.299178
475.434998
452.083090
428.731183
407.867003
392.524535
386.458866
392.524535
407.867003
428.731183
452.083090
475.434998
496.299178
511.641645
494.939099
487.695617
470.074951
446.635619
420.666714
394.697809
371.258477
353.637811
346.394329
353.637811
371.258477
394.697809
420.666714
446.635619
470.074951
487.695617
494.939099
487.695617
470.074951
446.635619
420.666714
394.697809
371.258477
353.637811
346.394329
353.637811
371.258477
394.697809
420.666714
446.635619
470.074951
487.695617
474.663600
465.967427
445.818680
419.676617
391.028624
362.380630
336.238567
316.089820
307.393647
316.089820
336.238567
362.380630
391.028624
419.676617
445.818680
465.967427
474.663600
465.967427
445.818680
419.676617
391.028624
362.380630
336.238567
316.089820
307.393647
316.089820
336.238567
362.380630
391.028624
419.676617
445.818680
465.967427
456.768975
446.255778
423.307995
394.348388
362.978288
331.608188
302.648581
279.700797
269.187600
279.700797
302.648581
331.608188
362.978288
394.348388
423.307995
446.255778
456.768975
446.255778
423.307995
394.348388
362.978288
331.608188
302.648581
279.700797
269.187600
279.700797
302.648581
331.608188
362.978288
394.348388
423.307995
446.255778
441.194326
428.380309
402.345087
370.469688
336.354240
302.238792
270.363394
244.328172
231.514154
244.328172
270.363394
302.238792
336.354240
370.469688
402.345087
428.380309
441.194326
428.380309
402.345087
370.469688
336.354240
302.238792
270.363394
244.328172
231.514154
244.328172
270.363394
302.238792
336.354240
370.469688
402.345087
428.380309
427.929666
412.172698
382.751185
347.882447
311.018453
274.154460
239.285722
209.864209
194.107241
209.864209
239.285722
274.154460
311.018453
347.882447
382.751185
412.172698
427.929666
412.172698
382.751185
347.882447
311.018453
274.154460
239.285722
209.864209
194.107241
209.864209
239.285722
274.154460
311.018453
347.882447
382.751185
412.172698
417.018461
397.468138
364.362592
326.447937
286.852010
247.256083
209.341429
176.235882
156.685560
176.235882
209.341429
247.256083
286.852010
326.447937
364.362592
397.468138
417.018461
397.468138
364.362592
326.447937
286.852010
247.256083
209.341429
176.235882
156.685560
176.235882
209.341429
247.256083
286.852010
326.447937
364.362592
397.468138
408.562640
384.096648
347.028049
306.043948
263.751734
221.459520
180.475418
143.406819
118.940828
143.406819
180.475418
221.459520
263.751734
306.043948
347.028049
384.096648
408.562640
384.096648
347.028049
306.043948
263.751734
221.459520
180.475418
143.406819
118.940828
143.406819
180.475418
221.459520
263.751734
306.043948
347.028049
384.096648
402.730101
371.873766
330.607276
286.562676
241.627525
196.692375
152.647775
111.381284
80.524949
111.381284
152.647775
196.692375
241.627525
286.562676
330.607276
371.873766
402.730101
371.873766
330.607276
286.562676
241.627525
196.692375
152.647775
111.381284
80.524949
111.381284
152.647775
196.692375
241.627525
286.562676
330.607276
371.873766
399.764852
360.590195
314.970641
267.909149
220.400244
172.891339
125.829847
80.210293
41.035636
80.210293
125.829847
172.891339
220.400244
267.909149
314.970641
360.590195
399.764852
360.590195
314.970641
267.909149
220.400244
172.891339
125.829847
80.210293
41.035636
80.210293
125.829847
172.891339
220.400244
267.909149
314.970641
360.590195
400.000000
350.000000
300.000000
250.000000
200.000000
150.000000
100.000000
50.000000
0.000000
50.000000
100.000000
150.000000
200.000000
250.000000
300.000000
350.000000
400.000000
350.000000
300.000000
250.000000
200.000000
150.000000
100.000000
50.000000
0.000000
50.000000
100.000000
150.000000
200.000000
250.000000
300.000000
350.000000
