1500.000000
1500.000000
1500.000000
1500.000000
1500.000000
1500.000000
1500.000000
1500.000000
1500.000000
1500.000000
1500.000000
1500.000000
1500.000000
1500.000000
1500.000000
1500.000000
1500.000000
1500.000000
1500.000000
1500.000000
1500.000000
1500.000000
1500.000000
1500.000000
1500.000000
1500.000000
1500.000000
1500.000000
1500.000000
1500.000000
1296.948101
1296.948103
1296.948101
1296.948103
1296.948101
1296.948103
1296.948101
1296.948103
1296.948101
1296.948103
1296.948101
1296.948103
1296.948101
1296.948103
1296.948101
1296.948103
1296.948101
1296.948103
1296.948101
1296.948103
1296.948101
1296.948103
1296.948101
1296.948103
1296.948101
1296.948103
1296.948101
1296.948103
1296.948101
1296.948103
1147.645230
1147.645242
1147.645230
1147.645242
1147.645230
1147.645242
1147.645230
1147.645242
1147.645230
1147.645242
1147.645230
1147.645242
1147.645230
1147.645242
1147.645230
1147.645242
1147.645230
1147.645242
1147.645230
1147.645242
1147.645230
1147.645242
1147.645230
1147.645242
1147.645230
1147.645242
1147.645230
1147.645242
1147.645230
1147.645242
1029.591773
1029.591842
1029.591773
1029.591842
1029.591773
1029.591842
1029.591773
1029.591842
1029.591773
1029.591842
1029.591773
1029.591842
1029.591773
1029.591842
1029.591773
1029.591842
1029.591773
1029.591842
1029.591773
1029.591842
1029.591773
1029.591842
1029.591773
1029.591842
1029.591773
1029.591842
1029.591773
1029.591842
1029.591773
1029.591842
931.970551
931.970854
931.970551
931.970854
931.970551
931.970854
931.970551
931.970854
931.970551
931.970854
931.970551
931.970854
931.970551
931.970854
931.970551
931.970854
931.970551
931.970854
931.970551
931.970854
931.970551
931.970854
931.970551
931.970854
931.970551
931.970854
931.970551
931.970854
931.970551
931.970854
848.752161
848.753263
848.752161
848.753263
848.752161
848.753263
848.752161
848.753263
848.752161
848.753263
848.752161
848.753263
848.752161
848.753263
848.752161
848.753263
848.752161
848.753263
848.752161
848.753263
848.752161
848.753263
848.752161
848.753263
848.752161
848.753263
848.752161
848.753263
848.752161
848.753263
776.232447
776.235906
776.232447
776.235906
776.232447
776.235906
776.232447
776.235906
776.232447
776.235906
776.232447
776.235906
776.232447
776.235906
776.232447
776.235906
776.232447
776.235906
776.232447
776.235906
776.232447
776.235906
776.232447
776.235906
776.232447
776.235906
776.232447
776.235906
776.232447
776.235906
711.972427
711.982068
711.972427
711.982068
711.972427
711.982068
711.972427
711.982068
711.972427
711.982068
711.972427
711.982068
711.972427
711.982068
711.972427
711.982068
711.972427
711.982068
711.972427
711.982068
711.972427
711.982068
711.972427
711.982068
711.972427
711.982068
711.972427
711.982068
711.972427
711.982068
654.279855
654.304242
654.279855
654.304242
654.279855
654.304242
654.279855
654.304242
654.279855
654.304242
654.279855
654.304242
654.279855
654.304242
654.279855
654.304242
654.279855
654.304242
654.279855
654.304242
654.279855
654.304242
654.279855
654.304242
654.279855
654.304242
654.279855
654.304242
654.279855
654.304242
601.930631
601.987540
601.930631
601.987540
601.930631
601.987540
601.930631
601.987540
601.930631
601.987540
601.930631
601.987540
601.930631
601.987540
601.930631
601.987540
601.930631
601.987540
601.930631
601.987540
601.930631
601.987540
601.930631
601.987540
601.930631
601.987540
601.930631
601.987540
601.930631
601.987540
554.007447
554.131527
554.007447
554.131527
554.007447
554.131527
554.007447
554.131527
554.007447
554.131527
554.007447
554.131527
554.007447
554.131527
554.007447
554.131527
554.007447
554.131527
554.007447
554.131527
554.007447
554.131527
554.007447
554.131527
554.007447
554.131527
554.007447
554.131527
554.007447
554.131527
509.800123
510.055417
509.800123
510.055417
509.800123
510.055417
509.800123
510.055417
509.800123
510.055417
509.800123
510.055417
509.800123
510.055417
509.800123
510.055417
509.800123
510.055417
509.800123
510.055417
509.800123
510.055417
509.800123
510.055417
509.800123
510.055417
509.800123
510.055417
509.800123
510.055417
468.740076
469.239699
468.740076
469.239699
468.740076
469.239699
468.740076
469.239699
468.740076
469.239699
468.740076
469.239699
468.740076
469.239699
468.740076
469.239699
468.740076
469.239699
468.740076
469.239699
468.740076
469.239699
468.740076
469.239699
468.740076
469.239699
468.740076
469.239699
468.740076
469.239699
430.354216
431.290259
430.354216
431.290259
430.354216
431.290259
430.354216
431.290259
430.354216
431.290259
430.354216
431.290259
430.354216
431.290259
430.354216
431.290259
430.354216
431.290259
430.354216
431.290259
430.354216
431.290259
430.354216
431.290259
430.354216
431.290259
430.354216
431.290259
430.354216
431.290259
394.229821
395.917507
394.229821
395.917507
394.229821
395.917507
394.229821
395.917507
394.229821
395.917507
394.229821
395.917507
394.229821
395.917507
394.229821
395.917507
394.229821
395.917507
394.229821
395.917507
394.229821
395.917507
394.229821
395.917507
394.229821
395.917507
394.229821
395.917507
394.229821
395.917507
359.985175
362.926425
359.985175
362.926425
359.985175
362.926425
359.985175
362.926425
359.985175
362.926425
359.985175
362.926425
359.985175
362.926425
359.985175
362.926425
359.985175
362.926425
359.985175
362.926425
359.985175
362.926425
359.985175
362.926425
359.985175
362.926425
359.985175
362.926425
359.985175
362.926425
327.242475
332.215407
327.242475
332.215407
327.242475
332.215407
327.242475
332.215407
327.242475
332.215407
327.242475
332.215407
327.242475
332.215407
327.242475
332.215407
327.242475
332.215407
327.242475
332.215407
327.242475
332.215407
327.242475
332.215407
327.242475
332.215407
327.242475
332.215407
327.242475
332.215407
295.600430
303.782926
295.600430
303.782926
295.600430
303.782926
295.600430
303.782926
295.600430
303.782926
295.600430
303.782926
295.600430
303.782926
295.600430
303.782926
295.600430
303.782926
295.600430
303.782926
295.600430
303.782926
295.600430
303.782926
295.600430
303.782926
295.600430
303.782926
295.600430
303.782926
264.604493
277.741813
264.604493
277.741813
264.604493
277.741813
264.604493
277.741813
264.604493
277.741813
264.604493
277.741813
264.604493
277.741813
264.604493
277.741813
264.604493
277.741813
264.604493
277.741813
264.604493
277.741813
264.604493
277.741813
264.604493
277.741813
264.604493
277.741813
264.604493
277.741813
233.712877
254.341478
233.712877
254.341478
233.712877
254.341478
233.712877
254.341478
233.712877
254.341478
233.712877
254.341478
233.712877
254.341478
233.712877
254.341478
233.712877
254.341478
233.712877
254.341478
233.712877
254.341478
233.712877
254.341478
233.712877
254.341478
233.712877
254.341478
233.712877
254.341478
202.256605
233.998797
202.256605
233.998797
202.256605
233.998797
202.256605
233.998797
202.256605
233.998797
202.256605
233.998797
202.256605
233.998797
202.256605
233.998797
202.256605
233.998797
202.256605
233.998797
202.256605
233.998797
202.256605
233.998797
202.256605
233.998797
202.256605
233.998797
202.256605
233.998797
169.391835
217.338713
169.391835
217.338713
169.391835
217.338713
169.391835
217.338713
169.391835
217.338713
169.391835
217.338713
169.391835
217.338713
169.391835
217.338713
169.391835
217.338713
169.391835
217.338713
169.391835
217.338713
169.391835
217.338713
169.391835
217.338713
169.391835
217.338713
169.391835
217.338713
134.042617
205.245899
134.042617
205.245899
134.042617
205.245899
134.042617
205.245899
134.042617
205.245899
134.042617
205.245899
134.042617
205.245899
134.042617
205.245899
134.042617
205.245899
134.042617
205.245899
134.042617
205.245899
134.042617
205.245899
134.042617
205.245899
134.042617
205.245899
134.042617
205.245899
94.832090
198.929095
94.832090
198.929095
94.832090
198.929095
94.832090
198.929095
94.832090
198.929095
94.832090
198.929095
94.832090
198.929095
94.832090
198.929095
94.832090
198.929095
94.832090
198.929095
94.832090
198.929095
94.832090
198.929095
94.832090
198.929095
94.832090
198.929095
94.832090
198.929095
50.000000
200.000000
50.000000
200.000000
50.000000
200.000000
50.000000
200.000000
50.000000
200.000000
50.000000
200.000000
50.000000
200.000000
50.000000
200.000000
50.000000
200.000000
50.000000
200.000000
50.000000
200.000000
50.000000
200.000000
50.000000
200.000000
50.000000
200.000000
50.000000
200.000000
