1500.000000
1500.000000
1500.000000
1500.000000
1500.000000
1500.000000
1500.000000
1500.000000
1500.000000
1500.000000
1500.000000
1500.000000
1500.000000
1500.000000
1500.000000
1500.000000
1500.000000
1500.000000
1500.000000
1500.000000
1500.000000
1500.000000
1500.000000
1500.000000
1500.000000
1500.000000
1500.000000
1500.000000
1500.000000
1500.000000
1500.000000
1500.000000
1500.000000
1500.000000
1500.000000
1296.271940
1296.292456
1296.330856
1296.382630
1296.442503
1296.505450
1296.567350
1296.625256
1296.677350
1296.722752
1296.761257
1296.793099
1296.818744
1296.838752
1296.853668
1296.863963
1296.869993
1296.871978
1296.869993
1296.863963
1296.853668
1296.838752
1296.818744
1296.793099
1296.761257
1296.722752
1296.677350
1296.625256
1296.567350
1296.505450
1296.442503
1296.382630
1296.330856
1296.292456
1296.271940
1146.427288
1146.468614
1146.545054
1146.646368
1146.761191
1146.879378
1146.993206
1147.097638
1147.189953
1147.269181
1147.335494
1147.389730
1147.433020
1147.466553
1147.491413
1147.508504
1147.518487
1147.521771
1147.518487
1147.508504
1147.491413
1147.466553
1147.433020
1147.389730
1147.335494
1147.269181
1147.189953
1147.097638
1146.993206
1146.879378
1146.761191
1146.646368
1146.545054
1146.468614
1146.427288
1027.889293
1027.955521
1028.075957
1028.231890
1028.403953
1028.576315
1028.738052
1028.882969
1029.008405
1029.114146
1029.201305
1029.271715
1029.327337
1029.370091
1029.401585
1029.423153
1029.435706
1029.439837
1029.435706
1029.423153
1029.401585
1029.370091
1029.327337
1029.271715
1029.201305
1029.114146
1029.008405
1028.882969
1028.738052
1028.576315
1028.403953
1028.231890
1028.075957
1027.955521
1027.889293
929.805931
929.903923
930.078131
930.297232
930.531344
930.758657
930.965769
931.146639
931.299664
931.426292
931.528988
931.610949
931.674984
931.723868
931.759609
931.784030
931.798157
931.802840
931.798157
931.784030
931.759609
931.723868
931.674984
931.610949
931.528988
931.426292
931.299664
931.146639
930.965769
930.758657
930.531344
930.297232
930.078131
929.903923
929.805931
846.127693
846.267474
846.508677
846.801810
847.103549
847.386759
847.636632
847.849231
848.024796
848.167565
848.281346
848.371255
848.440590
848.493341
848.531471
848.557634
848.572527
848.577628
848.572527
848.557634
848.531471
848.493341
848.440590
848.371255
848.281346
848.167565
848.024796
847.849231
847.636632
847.386759
847.103549
846.801810
846.508677
846.267474
846.127693
773.136387
773.332260
773.657231
774.037100
774.411689
774.751204
775.040360
775.280486
775.473518
775.628402
775.749216
775.844362
775.916268
775.971381
776.010233
776.037554
776.052359
776.058032
776.052359
776.037554
776.010233
775.971381
775.916268
775.844362
775.749216
775.628402
775.473518
775.280486
775.040360
774.751204
774.411689
774.037100
773.657231
773.332260
773.136387
708.381663
708.654130
709.083208
709.564167
710.015305
710.410866
710.734295
710.998033
711.202939
711.366914
711.490578
711.589385
711.660973
711.717966
711.755552
711.784296
711.797660
711.804732
711.797660
711.784296
711.755552
711.717966
711.660973
711.589385
711.490578
711.366914
711.202939
710.998033
710.734295
710.410866
710.015305
709.564167
709.083208
708.654130
708.381663
650.161150
650.539978
651.096507
651.694736
652.222952
652.674201
653.024360
653.309016
653.518773
653.690707
653.811914
653.914774
653.981979
654.042222
654.075242
654.107385
654.116505
654.127383
654.116505
654.107385
654.075242
654.042222
653.981979
653.914774
653.811914
653.690707
653.518773
653.309016
653.024360
652.674201
652.222952
651.694736
651.096507
650.539978
650.161150
597.241344
597.770393
598.478876
599.213336
599.813337
600.321550
600.686454
600.992595
601.196849
601.379450
601.489780
601.600940
601.656504
601.725108
601.746947
601.788091
601.786741
601.807352
601.786741
601.788091
601.746947
601.725108
601.656504
601.600940
601.489780
601.379450
601.196849
600.992595
600.686454
600.321550
599.813337
599.213336
598.478876
597.770393
597.241344
548.696386
549.441106
550.322970
551.217981
551.874127
552.445992
552.805476
553.140926
553.322197
553.525882
553.609905
553.741283
553.770842
553.860473
553.857302
553.920507
553.895158
553.938809
553.895158
553.920507
553.857302
553.860473
553.770842
553.741283
553.609905
553.525882
553.322197
553.140926
552.805476
552.445992
551.874127
551.217981
550.322970
549.441106
548.696386
503.809065
504.868047
505.933288
507.024180
507.702698
508.357580
508.676273
509.063472
509.189997
509.440118
509.468151
509.646515
509.621336
509.759403
509.702928
509.815910
509.738499
509.833090
509.738499
509.815910
509.702928
509.759403
509.621336
509.646515
509.468151
509.440118
509.189997
509.063472
508.676273
508.357580
507.702698
507.024180
505.933288
504.868047
503.809065
462.006591
463.529106
464.761245
466.105402
466.741124
467.524088
467.738798
468.227798
468.240737
468.590429
468.505661
468.785446
468.649545
468.891018
468.725607
468.943576
468.758643
468.959518
468.758643
468.943576
468.725607
468.891018
468.649545
468.785446
468.505661
468.590429
468.240737
468.227798
467.738798
467.524088
466.741124
466.105402
464.761245
463.529106
462.006591
422.816524
425.028797
426.359363
428.056224
428.530465
429.534506
429.532554
430.223084
430.014630
430.566737
430.263269
430.748475
430.396662
430.845976
430.466714
430.894287
430.497040
430.908911
430.497040
430.894287
430.466714
430.845976
430.396662
430.748475
430.263269
430.566737
430.014630
430.223084
429.532554
429.534506
428.530465
428.056224
426.359363
425.028797
422.816524
385.834579
389.078551
390.345745
392.571011
392.675570
394.078110
393.661517
394.739175
394.116503
395.059643
394.346385
395.226631
394.468397
395.315520
394.532110
395.359384
394.559614
395.372639
394.559614
395.359384
394.532110
395.315520
394.468397
395.226631
394.346385
395.059643
394.116503
394.739175
393.661517
394.078110
392.675570
392.571011
390.345745
389.078551
385.834579
350.699268
355.488939
356.373024
359.434580
358.814642
360.935535
359.763774
361.557632
360.185397
361.851454
360.394588
362.002595
360.504592
362.082509
360.561754
362.121808
360.586373
362.133665
360.586373
362.121808
360.561754
362.082509
360.504592
362.002595
360.394588
361.851454
360.185397
361.557632
359.763774
360.935535
358.814642
359.434580
356.373024
355.488939
350.699268
317.070069
324.172192
324.097486
328.523520
326.589298
329.980502
327.481616
330.553396
327.864618
330.817833
328.051670
330.952359
328.149257
331.023082
328.199759
331.057760
328.221465
331.068210
328.221465
331.057760
328.199759
331.023082
328.149257
330.952359
328.051670
330.817833
327.864618
330.553396
327.481616
329.980502
326.589298
328.523520
324.097486
324.172192
317.070069
284.606780
295.154769
293.144693
299.818321
295.611453
301.192296
296.428401
301.707210
296.768561
301.940202
296.932468
302.057625
297.017412
302.119063
297.061220
302.149114
297.080018
302.158160
297.080018
302.149114
297.061220
302.119063
297.017412
302.057625
296.932468
301.940202
296.768561
301.707210
296.428401
301.192296
295.611453
299.818321
293.144693
295.154769
284.606780
252.948152
268.600713
263.068077
273.427627
265.423473
274.680291
266.148635
275.130058
266.442758
275.330175
266.582896
275.430249
266.655125
275.482405
266.692271
275.507866
266.708189
275.515523
266.708189
275.507866
266.692271
275.482405
266.655125
275.430249
266.582896
275.330175
266.442758
275.130058
266.148635
274.680291
265.423473
273.427627
263.068077
268.600713
252.948152
221.688173
244.847347
233.296746
249.626965
235.447757
250.722813
236.067430
251.101962
236.313302
251.268339
236.429383
251.351022
236.488951
251.393979
236.519516
251.414915
236.532600
251.421208
236.532600
251.414915
236.519516
251.393979
236.488951
251.351022
236.429383
251.268339
236.313302
251.101962
236.067430
250.722813
235.447757
249.626965
233.296746
244.847347
221.688173
190.348393
224.455613
203.068341
228.915295
204.921408
229.823646
205.425017
230.128404
205.621335
230.260681
205.713359
230.326097
205.760421
230.360001
205.784527
230.376505
205.794838
230.381463
205.794838
230.376505
205.784527
230.360001
205.760421
230.326097
205.713359
230.260681
205.621335
230.128404
205.425017
229.823646
204.921408
228.915295
203.068341
224.455613
190.348393
158.344647
208.278097
171.342088
212.093761
172.810898
212.790552
173.191226
213.018776
173.337509
213.117027
173.405717
213.165442
173.440511
213.190489
173.458311
213.202671
173.465919
213.206329
173.465919
213.202671
173.458311
213.190489
173.440511
213.165442
173.405717
213.117027
173.337509
213.018776
173.191226
212.790552
172.810898
212.093761
171.342088
208.278097
158.344647
124.946382
197.548556
136.686423
200.372169
137.700706
200.841296
137.953917
200.992355
138.050409
201.057024
138.095238
201.088813
138.118068
201.105239
138.129737
201.113223
138.134723
201.115620
138.134723
201.113223
138.129737
201.105239
138.118068
201.088813
138.095238
201.057024
138.050409
200.992355
137.953917
200.841296
137.700706
200.372169
136.686423
197.548556
124.946382
89.226576
193.997587
97.134530
195.509980
97.648735
195.743991
97.774210
195.818594
97.821771
195.850430
97.843822
195.866058
97.855041
195.874128
97.860773
195.878049
97.863221
195.879226
97.863221
195.878049
97.860773
195.874128
97.855041
195.866058
97.843822
195.850430
97.821771
195.818594
97.774210
195.743991
97.648735
195.509980
97.134530
193.997587
89.226576
50.000000
200.000000
50.000000
200.000000
50.000000
200.000000
50.000000
200.000000
50.000000
200.000000
50.000000
200.000000
50.000000
200.000000
50.000000
200.000000
50.000000
200.000000
50.000000
200.000000
50.000000
200.000000
50.000000
200.000000
50.000000
200.000000
50.000000
200.000000
50.000000
200.000000
50.000000
200.000000
50.000000
200.000000
50.000000
