1500.000000
1500.000000
1500.000000
1500.000000
1500.000000
1500.000000
1500.000000
1500.000000
1500.000000
1500.000000
1500.000000
1500.000000
1500.000000
1500.000000
1500.000000
1500.000000
1500.000000
1500.000000
1500.000000
1500.000000
1500.000000
1500.000000
1500.000000
1500.000000
1500.000000
1500.000000
1500.000000
1500.000000
1500.000000
1500.000000
1500.000000
1500.000000
1500.000000
1500.000000
1500.000000
1500.000000
1293.124946
1293.076348
1292.936448
1292.722182
1292.459424
1292.179836
1291.917078
1291.702812
1291.562911
1291.514313
1291.562911
1291.702812
1291.917078
1292.179836
1292.459424
1292.722182
1292.936448
1293.076348
1293.124946
1293.076348
1292.936448
1292.722182
1292.459424
1292.179836
1291.917078
1291.702812
1291.562911
1291.514313
1291.562911
1291.702812
1291.917078
1292.179836
1292.459424
1292.722181
1292.936448
1293.076348
1142.907690
1142.809359
1142.526357
1142.093081
1141.561918
1140.996803
1140.465640
1140.032364
1139.749362
1139.651031
1139.749362
1140.032364
1140.465640
1140.996803
1141.561918
1142.093081
1142.526357
1142.809359
1142.907690
1142.809359
1142.526357
1142.093081
1141.561918
1140.996803
1140.465640
1140.032364
1139.749362
1139.651031
1139.749362
1140.032364
1140.465640
1140.996803
1141.561918
1142.093081
1142.526357
1142.809359
1025.176298
1025.020812
1024.573526
1023.889202
1023.050771
1022.158955
1021.320525
1020.636201
1020.188914
1020.033429
1020.188914
1020.636201
1021.320525
1022.158955
1023.050771
1023.889202
1024.573526
1025.020812
1025.176298
1025.020812
1024.573526
1023.889202
1023.050771
1022.158955
1021.320525
1020.636201
1020.188914
1020.033429
1020.188914
1020.636201
1021.320525
1022.158955
1023.050771
1023.889202
1024.573526
1025.020812
928.538947
928.316796
927.678230
926.702377
925.507933
924.237915
923.043471
922.067619
921.429052
921.206902
921.429052
922.067619
923.043471
924.237915
925.507933
926.702377
927.678230
928.316796
928.538947
928.316796
927.678230
926.702377
925.507933
924.237915
923.043471
922.067619
921.429052
921.206902
921.429052
922.067619
923.043471
924.237915
925.507933
926.702377
927.678230
928.316796
846.725373
846.425961
845.566359
844.255035
842.652342
840.949210
839.346517
838.035194
837.175592
836.876180
837.175592
838.035194
839.346517
840.949210
842.652342
844.255035
845.566359
846.425961
846.725373
846.425961
845.566359
844.255035
842.652342
840.949210
839.346517
838.035194
837.175592
836.876180
837.175592
838.035194
839.346517
840.949210
842.652342
844.255035
845.566359
846.425961
775.917585
775.529411
774.417023
772.724428
770.660098
768.468153
766.403823
764.711228
763.598840
763.210667
763.598840
764.711228
766.403823
768.468153
770.660098
772.724428
774.417023
775.529411
775.917585
775.529411
774.417023
772.724428
770.660098
768.468153
766.403823
764.711228
763.598840
763.210667
763.598840
764.711228
766.403823
768.468153
770.660098
772.724428
774.417023
775.529411
713.619236
713.129757
711.730811
709.609823
707.030426
704.294520
701.715123
699.594135
698.195189
697.705710
698.195189
699.594135
701.715123
704.294520
707.030426
709.609823
711.730811
713.129757
713.619236
713.129757
711.730811
709.609823
707.030426
704.294520
701.715123
699.594135
698.195189
697.705710
698.195189
699.594135
701.715123
704.294520
707.030426
709.609823
711.730811
713.129757
658.109463
657.504747
655.783041
653.185359
650.038118
646.704555
643.557314
640.959632
639.237927
638.633210
639.237927
640.959632
643.557314
646.704555
650.038118
653.185359
655.783041
657.504747
658.109463
657.504747
655.783041
653.185359
650.038118
646.704555
643.557314
640.959632
639.237927
638.633210
639.237927
640.959632
643.557314
646.704555
650.038118
653.185359
655.783041
657.504747
608.152686
607.416863
605.333119
602.209252
598.442597
594.459891
590.693236
587.569369
585.485625
584.749802
585.485625
587.569369
590.693236
594.459891
598.442597
602.209252
605.333119
607.416863
608.152686
607.416863
605.333119
602.209252
598.442597
594.459891
590.693236
587.569369
585.485625
584.749802
585.485625
587.569369
590.693236
594.459891
598.442597
602.209252
605.333119
607.416863
562.832859
561.947325
559.458338
555.757557
551.321658
546.641232
542.205334
538.504552
536.015565
535.130031
536.015565
538.504552
542.205334
546.641232
551.321658
555.757557
559.458338
561.947325
562.832859
561.947325
559.458338
555.757557
551.321658
546.641232
542.205334
538.504552
536.015565
535.130031
536.015565
538.504552
542.205334
546.641232
551.321658
555.757557
559.458338
561.947325
521.453286
520.395566
517.453193
513.123510
507.970825
502.547699
497.395014
493.065331
490.122958
489.065238
490.122958
493.065331
497.395014
502.547699
507.970825
513.123510
517.453193
520.395566
521.453286
520.395566
517.453193
513.123510
507.970825
502.547699
497.395014
493.065331
490.122958
489.065238
490.122958
493.065331
497.395014
502.547699
507.970825
513.123510
517.453193
520.395566
483.473296
482.215426
478.765428
473.753680
467.839537
461.632989
455.718846
450.707098
447.257100
445.999229
447.257100
450.707098
455.718846
461.632989
467.839537
473.753680
478.765428
482.215426
483.473296
482.215426
478.765428
473.753680
467.839537
461.632989
455.718846
450.707098
447.257100
445.999229
447.257100
450.707098
455.718846
461.632989
467.839537
473.753680
478.765428
482.215426
448.466778
446.973018
442.953803
437.205870
430.489097
423.463295
416.746521
410.998588
406.979373
405.485613
406.979373
410.998588
416.746521
423.463295
430.489097
437.205870
442.953803
446.973018
448.466778
446.973018
442.953803
437.205870
430.489097
423.463295
416.746521
410.998588
406.979373
405.485613
406.979373
410.998588
416.746521
423.463295
430.489097
437.205870
442.953803
446.973018
416.094297
414.317904
409.659242
403.120481
395.564060
387.688631
380.132210
373.593449
368.934787
367.158393
368.934787
373.593449
380.132210
387.688631
395.564060
403.120481
409.659242
414.317904
416.094297
414.317904
409.659242
403.120481
395.564060
387.688631
380.132210
373.593449
368.934787
367.158393
368.934787
373.593449
380.132210
387.688631
395.564060
403.120481
409.659242
414.317904
386.084038
383.962725
378.584546
371.200483
362.772225
354.022747
345.594489
338.210426
332.832247
330.710934
332.832247
338.210426
345.594489
354.022747
362.772225
371.200483
378.584546
383.962725
386.084038
383.962725
378.584546
371.200483
362.772225
354.022747
345.594489
338.210426
332.832247
330.710934
332.832247
338.210426
345.594489
354.022747
362.772225
371.200483
378.584546
383.962725
358.218715
355.668324
349.479776
341.197107
331.870319
322.228692
312.901905
304.619235
298.430687
295.880297
298.430687
304.619235
312.901905
322.228692
331.870319
341.197107
349.479776
355.668324
358.218715
355.668324
349.479776
341.197107
331.870319
322.228692
312.901905
304.619235
298.430687
295.880297
298.430687
304.619235
312.901905
322.228692
331.870319
341.197107
349.479776
355.668324
332.326737
329.232457
322.131484
312.899424
302.653534
292.108229
281.862339
272.630278
265.529306
262.435026
265.529306
272.630278
281.862339
292.108229
302.653534
312.899424
322.131484
329.232457
332.326737
329.232457
322.131484
312.899424
302.653534
292.108229
281.862339
272.630278
265.529306
262.435026
265.529306
272.630278
281.862339
292.108229
302.653534
312.899424
322.131484
329.232457
308.276560
304.480857
296.354661
286.126656
274.947761
263.493901
252.315007
242.087001
233.960805
230.165102
233.960805
242.087001
252.315007
263.493901
274.947761
286.126656
296.354661
304.480857
308.276560
304.480857
296.354661
286.126656
274.947761
263.493901
252.315007
242.087001
233.960805
230.165102
233.960805
242.087001
252.315007
263.493901
274.947761
286.126656
296.354661
304.480857
285.973582
281.259761
271.986650
260.722430
248.603724
236.243004
224.124298
212.860078
203.586967
198.873146
203.586967
212.860078
224.124298
236.243004
248.603724
260.722430
271.986650
281.259761
285.973582
281.259761
271.986650
260.722430
248.603724
236.243004
224.124298
212.860078
203.586967
198.873146
203.586967
212.860078
224.124298
236.243004
248.603724
260.722430
271.986650
281.259761
265.359243
259.429237
248.882554
236.550461
223.492490
210.232916
197.174945
184.842852
174.296170
168.366163
174.296170
184.842852
197.174945
210.232916
223.492490
236.550461
248.882554
259.429237
265.359243
259.429237
248.882554
236.550461
223.492490
210.232916
197.174945
184.842852
174.296170
168.366163
174.296170
184.842852
197.174945
210.232916
223.492490
236.550461
248.882554
259.429237
246.412161
238.856808
226.911836
213.491283
199.501986
185.357450
171.368154
157.947601
146.002629
138.447276
146.002629
157.947601
171.368154
185.357450
199.501986
213.491283
226.911836
238.856808
246.412161
238.856808
226.911836
213.491283
199.501986
185.357450
171.368154
157.947601
146.002629
138.447276
146.002629
157.947601
171.368154
185.357450
199.501986
213.491283
226.911836
238.856808
229.151297
219.410913
205.955942
191.439770
176.534264
161.523962
146.618457
132.102285
118.647314
108.906929
118.647314
132.102285
146.618457
161.523962
176.534264
191.439770
205.955942
219.410913
229.151297
219.410913
205.955942
191.439770
176.534264
161.523962
146.618457
132.102285
118.647314
108.906929
118.647314
132.102285
146.618457
161.523962
176.534264
191.439770
205.955942
219.410913
213.641265
200.953781
185.906867
170.303243
154.503320
138.651043
122.851119
107.247496
92.200582
79.513097
92.200582
107.247496
122.851119
138.651043
154.503320
170.303243
185.906867
200.953781
213.641265
200.953781
185.906867
170.303243
154.503320
138.651043
122.851119
107.247496
92.200582
79.513097
92.200582
107.247496
122.851119
138.651043
154.503320
170.303243
185.906867
200.953781
200.000000
183.333333
166.666667
150.000000
133.333333
116.666667
100.000000
83.333333
66.666667
50.000000
66.666667
83.333333
100.000000
116.666667
133.333333
150.000000
166.666667
183.333333
200.000000
183.333333
166.666667
150.000000
133.333333
116.666667
100.000000
83.333333
66.666667
50.000000
66.666667
83.333333
100.000000
116.666667
133.333333
150.000000
166.666667
183.333333
