1500.000000
1500.000000
1500.000000
1500.000000
1295.681774
1288.957485
1295.681774
1288.957485
1147.492110
1135.066611
1147.492110
1135.066611
1031.519851
1013.689875
1031.519851
1013.689875
936.463361
913.282487
936.463361
913.282487
856.088113
827.513439
856.088113
827.513439
786.590649
752.537602
786.590649
752.537602
725.479611
685.845336
725.479611
685.845336
671.034205
625.708468
671.034205
625.708468
622.015964
570.886525
622.015964
570.886525
577.503772
520.459119
577.503772
520.459119
536.793891
473.724632
536.793891
473.724632
499.336488
430.136038
499.336488
430.136038
464.693755
389.258636
464.693755
389.258636
432.511382
350.741308
432.511382
350.741308
402.498561
314.296412
402.498561
314.296412
374.413644
279.685368
374.413644
279.685368
348.053638
246.708125
348.053638
246.708125
323.246361
215.195301
323.246361
215.195301
299.844495
185.002233
299.844495
185.002233
277.721008
156.004398
277.721008
156.004398
256.765585
128.093851
256.765585
128.093851
236.881812
101.176415
236.881812
101.176415
217.984924
75.169439
217.984924
75.169439
200.000000
50.000000
200.000000
50.000000
