1500.000000
1500.000000
1500.000000
1500.000000
1500.000000
1500.000000
1500.000000
1500.000000
1500.000000
1500.000000
1500.000000
1500.000000
1500.000000
1500.000000
1500.000000
1500.000000
1500.000000
1500.000000
1500.000000
1500.000000
1500.000000
1500.000000
1500.000000
1500.000000
1500.000000
1500.000000
1500.000000
1500.000000
1500.000000
1500.000000
1500.000000
1500.000000
1500.000000
1500.000000
1500.000000
1500.000000
1500.000000
1500.000000
1500.000000
1500.000000
1296.948102
1296.948102
1296.948102
1296.948102
1296.948102
1296.948102
1296.948102
1296.948102
1296.948102
1296.948102
1296.948102
1296.948102
1296.948102
1296.948102
1296.948102
1296.948102
1296.948102
1296.948102
1296.948102
1296.948102
1296.948102
1296.948102
1296.948102
1296.948102
1296.948102
1296.948102
1296.948102
1296.948102
1296.948102
1296.948102
1296.948102
1296.948102
1296.948102
1296.948102
1296.948102
1296.948102
1296.948102
1296.948102
1296.948102
1296.948102
1147.645236
1147.645236
1147.645236
1147.645236
1147.645236
1147.645236
1147.645236
1147.645236
1147.645236
1147.645236
1147.645236
1147.645236
1147.645236
1147.645236
1147.645236
1147.645236
1147.645236
1147.645236
1147.645236
1147.645236
1147.645236
1147.645236
1147.645236
1147.645236
1147.645236
1147.645236
1147.645236
1147.645236
1147.645236
1147.645236
1147.645236
1147.645236
1147.645236
1147.645236
1147.645236
1147.645236
1147.645236
1147.645236
1147.645236
1147.645236
1029.591807
1029.591808
1029.591807
1029.591808
1029.591807
1029.591808
1029.591807
1029.591808
1029.591807
1029.591808
1029.591807
1029.591808
1029.591807
1029.591808
1029.591807
1029.591808
1029.591807
1029.591808
1029.591807
1029.591808
1029.591807
1029.591808
1029.591807
1029.591808
1029.591807
1029.591808
1029.591807
1029.591808
1029.591807
1029.591808
1029.591807
1029.591808
1029.591807
1029.591808
1029.591807
1029.591808
1029.591807
1029.591808
1029.591807
1029.591808
931.970700
931.970705
931.970700
931.970705
931.970700
931.970705
931.970700
931.970705
931.970700
931.970705
931.970700
931.970705
931.970700
931.970705
931.970700
931.970705
931.970700
931.970705
931.970700
931.970705
931.970700
931.970705
931.970700
931.970705
931.970700
931.970705
931.970700
931.970705
931.970700
931.970705
931.970700
931.970705
931.970700
931.970705
931.970700
931.970705
931.970700
931.970705
931.970700
931.970705
848.752698
848.752725
848.752698
848.752725
848.752698
848.752725
848.752698
848.752725
848.752698
848.752725
848.752698
848.752725
848.752698
848.752725
848.752698
848.752725
848.752698
848.752725
848.752698
848.752725
848.752698
848.752725
848.752698
848.752725
848.752698
848.752725
848.752698
848.752725
848.752698
848.752725
848.752698
848.752725
848.752698
848.752725
848.752698
848.752725
848.752698
848.752725
848.752698
848.752725
776.234118
776.234235
776.234118
776.234235
776.234118
776.234235
776.234118
776.234235
776.234118
776.234235
776.234118
776.234235
776.234118
776.234235
776.234118
776.234235
776.234118
776.234235
776.234118
776.234235
776.234118
776.234235
776.234118
776.234235
776.234118
776.234235
776.234118
776.234235
776.234118
776.234235
776.234118
776.234235
776.234118
776.234235
776.234118
776.234235
776.234118
776.234235
776.234118
776.234235
711.977026
711.977468
711.977026
711.977468
711.977026
711.977468
711.977026
711.977468
711.977026
711.977468
711.977026
711.977468
711.977026
711.977468
711.977026
711.977468
711.977026
711.977468
711.977026
711.977468
711.977026
711.977468
711.977026
711.977468
711.977026
711.977468
711.977026
711.977468
711.977026
711.977468
711.977026
711.977468
711.977026
711.977468
711.977026
711.977468
711.977026
711.977468
711.977026
711.977468
654.291306
654.292791
654.291306
654.292791
654.291306
654.292791
654.291306
654.292791
654.291306
654.292791
654.291306
654.292791
654.291306
654.292791
654.291306
654.292791
654.291306
654.292791
654.291306
654.292791
654.291306
654.292791
654.291306
654.292791
654.291306
654.292791
654.291306
654.292791
654.291306
654.292791
654.291306
654.292791
654.291306
654.292791
654.291306
654.292791
654.291306
654.292791
654.291306
654.292791
601.956834
601.961337
601.956834
601.961337
601.956834
601.961337
601.956834
601.961337
601.956834
601.961337
601.956834
601.961337
601.956834
601.961337
601.956834
601.961337
601.956834
601.961337
601.956834
601.961337
601.956834
601.961337
601.956834
601.961337
601.956834
601.961337
601.956834
601.961337
601.956834
601.961337
601.956834
601.961337
601.956834
601.961337
601.956834
601.961337
601.956834
601.961337
601.956834
601.961337
554.063223
554.075751
554.063223
554.075751
554.063223
554.075751
554.063223
554.075751
554.063223
554.075751
554.063223
554.075751
554.063223
554.075751
554.063223
554.075751
554.063223
554.075751
554.063223
554.075751
554.063223
554.075751
554.063223
554.075751
554.063223
554.075751
554.063223
554.075751
554.063223
554.075751
554.063223
554.075751
554.063223
554.075751
554.063223
554.075751
554.063223
554.075751
554.063223
554.075751
509.911589
509.943951
509.911589
509.943951
509.911589
509.943951
509.911589
509.943951
509.911589
509.943951
509.911589
509.943951
509.911589
509.943951
509.911589
509.943951
509.911589
509.943951
509.911589
509.943951
509.911589
509.943951
509.911589
509.943951
509.911589
509.943951
509.911589
509.943951
509.911589
509.943951
509.911589
509.943951
509.911589
509.943951
509.911589
509.943951
509.911589
509.943951
509.911589
509.943951
468.950690
469.029085
468.950690
469.029085
468.950690
469.029085
468.950690
469.029085
468.950690
469.029085
468.950690
469.029085
468.950690
469.029085
468.950690
469.029085
468.950690
469.029085
468.950690
469.029085
468.950690
469.029085
468.950690
469.029085
468.950690
469.029085
468.950690
469.029085
468.950690
469.029085
468.950690
469.029085
468.950690
469.029085
468.950690
469.029085
468.950690
469.029085
468.950690
469.029085
430.732484
430.911991
430.732484
430.911991
430.732484
430.911991
430.732484
430.911991
430.732484
430.911991
430.732484
430.911991
430.732484
430.911991
430.732484
430.911991
430.732484
430.911991
430.732484
430.911991
430.732484
430.911991
430.732484
430.911991
430.732484
430.911991
430.732484
430.911991
430.732484
430.911991
430.732484
430.911991
430.732484
430.911991
430.732484
430.911991
430.732484
430.911991
430.732484
430.911991
394.878109
395.269219
394.878109
395.269219
394.878109
395.269219
394.878109
395.269219
394.878109
395.269219
394.878109
395.269219
394.878109
395.269219
394.878109
395.269219
394.878109
395.269219
394.878109
395.269219
394.878109
395.269219
394.878109
395.269219
394.878109
395.269219
394.878109
395.269219
394.878109
395.269219
394.878109
395.269219
394.878109
395.269219
394.878109
395.269219
394.878109
395.269219
394.878109
395.269219
361.048128
361.863473
361.048128
361.863473
361.048128
361.863473
361.048128
361.863473
361.048128
361.863473
361.048128
361.863473
361.048128
361.863473
361.048128
361.863473
361.048128
361.863473
361.048128
361.863473
361.048128
361.863473
361.048128
361.863473
361.048128
361.863473
361.048128
361.863473
361.048128
361.863473
361.048128
361.863473
361.048128
361.863473
361.048128
361.863473
361.048128
361.863473
361.048128
361.863473
328.911972
330.545910
328.911972
330.545910
328.911972
330.545910
328.911972
330.545910
328.911972
330.545910
328.911972
330.545910
328.911972
330.545910
328.911972
330.545910
328.911972
330.545910
328.911972
330.545910
328.911972
330.545910
328.911972
330.545910
328.911972
330.545910
328.911972
330.545910
328.911972
330.545910
328.911972
330.545910
328.911972
330.545910
328.911972
330.545910
328.911972
330.545910
328.911972
330.545910
298.111600
301.271757
298.111600
301.271757
298.111600
301.271757
298.111600
301.271757
298.111600
301.271757
298.111600
301.271757
298.111600
301.271757
298.111600
301.271757
298.111600
301.271757
298.111600
301.271757
298.111600
301.271757
298.111600
301.271757
298.111600
301.271757
298.111600
301.271757
298.111600
301.271757
298.111600
301.271757
298.111600
301.271757
298.111600
301.271757
298.111600
301.271757
298.111600
301.271757
268.213696
274.132610
268.213696
274.132610
268.213696
274.132610
268.213696
274.132610
268.213696
274.132610
268.213696
274.132610
268.213696
274.132610
268.213696
274.132610
268.213696
274.132610
268.213696
274.132610
268.213696
274.132610
268.213696
274.132610
268.213696
274.132610
268.213696
274.132610
268.213696
274.132610
268.213696
274.132610
268.213696
274.132610
268.213696
274.132610
268.213696
274.132610
268.213696
274.132610
238.643422
249.410933
238.643422
249.410933
238.643422
249.410933
238.643422
249.410933
238.643422
249.410933
238.643422
249.410933
238.643422
249.410933
238.643422
249.410933
238.643422
249.410933
238.643422
249.410933
238.643422
249.410933
238.643422
249.410933
238.643422
249.410933
238.643422
249.410933
238.643422
249.410933
238.643422
249.410933
238.643422
249.410933
238.643422
249.410933
238.643422
249.410933
238.643422
249.410933
208.590710
227.664691
208.590710
227.664691
208.590710
227.664691
208.590710
227.664691
208.590710
227.664691
208.590710
227.664691
208.590710
227.664691
208.590710
227.664691
208.590710
227.664691
208.590710
227.664691
208.590710
227.664691
208.590710
227.664691
208.590710
227.664691
208.590710
227.664691
208.590710
227.664691
208.590710
227.664691
208.590710
227.664691
208.590710
227.664691
208.590710
227.664691
208.590710
227.664691
176.877436
209.853112
176.877436
209.853112
176.877436
209.853112
176.877436
209.853112
176.877436
209.853112
176.877436
209.853112
176.877436
209.853112
176.877436
209.853112
176.877436
209.853112
176.877436
209.853112
176.877436
209.853112
176.877436
209.853112
176.877436
209.853112
176.877436
209.853112
176.877436
209.853112
176.877436
209.853112
176.877436
209.853112
176.877436
209.853112
176.877436
209.853112
176.877436
209.853112
141.770290
197.518226
141.770290
197.518226
141.770290
197.518226
141.770290
197.518226
141.770290
197.518226
141.770290
197.518226
141.770290
197.518226
141.770290
197.518226
141.770290
197.518226
141.770290
197.518226
141.770290
197.518226
141.770290
197.518226
141.770290
197.518226
141.770290
197.518226
141.770290
197.518226
141.770290
197.518226
141.770290
197.518226
141.770290
197.518226
141.770290
197.518226
141.770290
197.518226
100.719744
193.041440
100.719744
193.041440
100.719744
193.041440
100.719744
193.041440
100.719744
193.041440
100.719744
193.041440
100.719744
193.041440
100.719744
193.041440
100.719744
193.041440
100.719744
193.041440
100.719744
193.041440
100.719744
193.041440
100.719744
193.041440
100.719744
193.041440
100.719744
193.041440
100.719744
193.041440
100.719744
193.041440
100.719744
193.041440
100.719744
193.041440
100.719744
193.041440
50.000000
200.000000
50.000000
200.000000
50.000000
200.000000
50.000000
200.000000
50.000000
200.000000
50.000000
200.000000
50.000000
200.000000
50.000000
200.000000
50.000000
200.000000
50.000000
200.000000
50.000000
200.000000
50.000000
200.000000
50.000000
200.000000
50.000000
200.000000
50.000000
200.000000
50.000000
200.000000
50.000000
200.000000
50.000000
200.000000
50.000000
200.000000
50.000000
200.000000
