1500.000000
1500.000000
1500.000000
1500.000000
1500.000000
1500.000000
1500.000000
1500.000000
1500.000000
1500.000000
1500.000000
1500.000000
1500.000000
1500.000000
1500.000000
1500.000000
1500.000000
1500.000000
1500.000000
1500.000000
1500.000000
1500.000000
1500.000000
1500.000000
1500.000000
1500.000000
1500.000000
1500.000000
1500.000000
1500.000000
1500.000000
1500.000000
1500.000000
1500.000000
1500.000000
1500.000000
1500.000000
1500.000000
1500.000000
1500.000000
1293.120580
1293.081356
1292.967541
1292.790319
1292.567066
1292.319630
1292.072193
1291.848940
1291.671718
1291.557904
1291.518679
1291.557904
1291.671718
1291.848940
1292.072193
1292.319630
1292.567066
1292.790319
1292.967541
1293.081356
1293.120580
1293.081356
1292.967541
1292.790319
1292.567066
1292.319630
1292.072193
1291.848940
1291.671718
1291.557904
1291.518679
1291.557904
1291.671718
1291.848940
1292.072193
1292.319630
1292.567066
1292.790319
1292.967541
1293.081356
1142.899305
1142.819922
1142.589624
1142.231130
1141.779653
1141.279360
1140.779068
1140.327591
1139.969097
1139.738799
1139.659416
1139.738799
1139.969097
1140.327591
1140.779068
1141.279360
1141.779653
1142.231130
1142.589624
1142.819922
1142.899305
1142.819922
1142.589624
1142.231130
1141.779653
1141.279360
1140.779068
1140.327591
1139.969097
1139.738799
1139.659416
1139.738799
1139.969097
1140.327591
1140.779068
1141.279360
1141.779653
1142.231130
1142.589624
1142.819922
1025.163767
1025.038219
1024.674121
1024.107663
1023.394676
1022.604863
1021.815050
1021.102064
1020.535605
1020.171507
1020.045959
1020.171507
1020.535605
1021.102064
1021.815050
1022.604863
1023.394676
1024.107663
1024.674121
1025.038219
1025.163767
1025.038219
1024.674121
1024.107663
1023.394676
1022.604863
1021.815050
1021.102064
1020.535605
1020.171507
1020.045959
1020.171507
1020.535605
1021.102064
1021.815050
1022.604863
1023.394676
1024.107663
1024.674121
1025.038219
928.522004
928.342605
927.822643
927.014451
925.998131
924.872924
923.747718
922.731398
921.923206
921.403243
921.223844
921.403243
921.923206
922.731398
923.747718
924.872924
925.998131
927.014451
927.822643
928.342605
928.522004
928.342605
927.822643
927.014451
925.998131
924.872924
923.747718
922.731398
921.923206
921.403243
921.223844
921.403243
921.923206
922.731398
923.747718
924.872924
925.998131
927.014451
927.822643
928.342605
846.703690
846.461890
845.761720
844.675010
843.310360
841.800776
840.291192
838.926542
837.839832
837.139663
836.897862
837.139663
837.839832
838.926542
840.291192
841.800776
843.310360
844.675010
845.761720
846.461890
846.703690
846.461890
845.761720
844.675010
843.310360
841.800776
840.291192
838.926542
837.839832
837.139663
836.897862
837.139663
837.839832
838.926542
840.291192
841.800776
843.310360
844.675010
845.761720
846.461890
775.890782
775.577322
774.670925
773.267141
771.507886
769.564126
767.620365
765.861110
764.457327
763.550929
763.237469
763.550929
764.457327
765.861110
767.620365
769.564126
771.507886
773.267141
774.670925
775.577322
775.890782
775.577322
774.670925
773.267141
771.507886
769.564126
767.620365
765.861110
764.457327
763.550929
763.237469
763.550929
764.457327
765.861110
767.620365
769.564126
771.507886
773.267141
774.670925
775.577322
713.586869
713.191680
712.051293
710.290447
708.089868
705.662473
703.235078
701.034499
699.273654
698.133267
697.738077
698.133267
699.273654
701.034499
703.235078
705.662473
708.089868
710.290447
712.051293
713.191680
713.586869
713.191680
712.051293
710.290447
708.089868
705.662473
703.235078
701.034499
699.273654
698.133267
697.738077
698.133267
699.273654
701.034499
703.235078
705.662473
708.089868
710.290447
712.051293
713.191680
658.070990
657.582930
656.178657
654.019304
651.330709
648.371337
645.411964
642.723369
640.564016
639.159744
638.671684
639.159744
640.564016
642.723369
645.411964
648.371337
651.330709
654.019304
656.178657
657.582930
658.070990
657.582930
656.178657
654.019304
651.330709
648.371337
645.411964
642.723369
640.564016
639.159744
638.671684
639.159743
640.564016
642.723369
645.411964
648.371337
651.330709
654.019304
656.178657
657.582930
608.107424
607.513862
605.813047
603.212100
599.989175
596.451244
592.913313
589.690388
587.089441
585.388626
584.795064
585.388626
587.089441
589.690388
592.913313
596.451244
599.989175
603.212100
605.813047
607.513862
608.107424
607.513862
605.813047
603.212100
599.989175
596.451244
592.913313
589.690388
587.089441
585.388626
584.795064
585.388626
587.089441
589.690388
592.913313
596.451244
599.989175
603.212100
605.813047
607.513862
562.779929
562.066124
560.032512
556.944999
553.142139
548.981445
544.820751
541.017891
537.930378
535.896766
535.182961
535.896766
537.930378
541.017891
544.820751
548.981445
553.142139
556.944999
560.032512
562.066124
562.779929
562.066124
560.032512
556.944999
553.142139
548.981445
544.820751
541.017891
537.930378
535.896766
535.182961
535.896766
537.930378
541.017891
544.820751
548.981445
553.142139
556.944999
560.032512
562.066124
521.391537
520.539750
518.132446
514.511263
510.083943
505.259262
500.434581
496.007261
492.386077
489.978774
489.126987
489.978774
492.386077
496.007261
500.434581
505.259262
510.083943
514.511263
518.132446
520.539750
521.391537
520.539750
518.132446
514.511263
510.083943
505.259262
500.434581
496.007261
492.386077
489.978774
489.126987
489.978774
492.386077
496.007261
500.434581
505.259262
510.083943
514.511263
518.132446
520.539750
483.401218
482.389419
479.561636
475.357355
470.262569
464.736263
459.209957
454.115171
449.910889
447.083106
446.071308
447.083106
449.910889
454.115171
459.209957
464.736263
470.262569
475.357355
479.561636
482.389419
483.401218
482.389419
479.561636
475.357355
470.262569
464.736263
459.209957
454.115171
449.910889
447.083106
446.071308
447.083106
449.910889
454.115171
459.209957
464.736263
470.262569
475.357355
479.561636
482.389419
448.382408
447.182392
443.879997
439.040809
433.237590
426.976196
420.714801
414.911582
410.072394
406.769999
405.569983
406.769999
410.072394
414.911582
420.714801
426.976196
433.237591
439.040809
443.879997
447.182392
448.382408
447.182392
443.879997
439.040809
433.237591
426.976196
420.714801
414.911582
410.072394
406.769999
405.569983
406.769999
410.072394
414.911582
420.714801
426.976196
433.237590
439.040809
443.879997
447.182392
415.995142
414.569773
410.729668
405.201524
398.651564
391.626345
384.601127
378.051167
372.523023
368.682918
367.257549
368.682918
372.523023
378.051167
384.601127
391.626345
398.651564
405.201524
410.729668
414.569773
415.995142
414.569773
410.729668
405.201524
398.651564
391.626345
384.601127
378.051167
372.523023
368.682918
367.257549
368.682918
372.523023
378.051167
384.601127
391.626345
398.651564
405.201524
410.729668
414.569773
385.967042
384.266226
379.814648
373.541681
366.210040
358.397486
350.584932
343.253291
336.980324
332.528746
330.827930
332.528746
336.980324
343.253291
350.584932
358.397486
366.210040
373.541681
379.814648
384.266226
385.967042
384.266226
379.814648
373.541681
366.210040
358.397486
350.584932
343.253291
336.980324
332.528746
330.827930
332.528746
336.980324
343.253291
350.584932
358.397486
366.210040
373.541681
379.814648
384.266226
358.080356
356.035169
350.886047
343.811377
335.667277
327.049506
318.431734
310.287634
303.212964
298.063843
296.018655
298.063843
303.212964
310.287634
318.431734
327.049506
335.667277
343.811377
350.886047
356.035169
358.080356
356.035169
350.886047
343.811377
335.667277
327.049506
318.431734
310.287634
303.212964
298.063843
296.018655
298.063843
303.212964
310.287634
318.431734
327.049506
335.667277
343.811377
350.886047
356.035169
332.163362
329.677516
323.731158
315.798156
306.815827
297.380881
287.945936
278.963607
271.030605
265.084247
262.598401
265.084247
271.030605
278.963607
287.945936
297.380881
306.815827
315.798156
323.731158
329.677516
332.163362
329.677516
323.731158
315.798156
306.815827
297.380881
287.945936
278.963607
271.030605
265.084247
262.598401
265.084247
271.030605
278.963607
287.945936
297.380881
306.815827
315.798156
323.731158
329.677516
308.085140
305.022693
298.165197
289.319289
279.478828
269.220831
258.962835
249.122373
240.276466
233.418970
230.356523
233.418970
240.276466
249.122373
258.962835
269.220831
279.478828
289.319289
298.165197
305.022693
308.085140
305.022693
298.165197
289.319289
279.478828
269.220831
258.962835
249.122373
240.276466
233.418970
230.356523
233.418970
240.276466
249.122373
258.962835
269.220831
279.478828
289.319289
298.165197
305.022693
285.753182
281.920956
274.024978
264.216031
253.504206
242.423364
231.342522
220.630697
210.821750
202.925772
199.093546
202.925772
210.821750
220.630697
231.342522
242.423364
253.504206
264.216031
274.024978
281.920956
285.753182
281.920956
274.024978
264.216031
253.504206
242.423364
231.342522
220.630697
210.821750
202.925772
199.093546
202.925772
210.821750
220.630697
231.342522
242.423364
253.504206
264.216031
274.024978
281.920956
265.113625
260.236288
251.164075
240.349333
228.760271
216.862703
204.965135
193.376074
182.561331
173.489118
168.611781
173.489118
182.561331
193.376074
204.965135
216.862703
228.760271
240.349333
251.164075
260.236288
265.113625
260.236288
251.164075
240.349333
228.760271
216.862703
204.965135
193.376074
182.561331
173.489118
168.611781
173.489118
182.561331
193.376074
204.965135
216.862703
228.760271
240.349333
251.164075
260.236288
246.154116
239.839202
229.449198
217.596658
205.132317
192.429718
179.727120
167.262779
155.410239
145.020235
138.705320
145.020235
155.410239
167.262779
179.727120
192.429718
205.132317
217.596658
229.449198
239.839202
246.154116
239.839202
229.449198
217.596658
205.132317
192.429718
179.727120
167.262779
155.410239
145.020235
138.705320
145.020235
155.410239
167.262779
179.727120
192.429718
205.132317
217.596658
229.449198
239.839202
228.909582
220.598830
208.757677
195.849632
182.519967
169.029113
155.538260
142.208595
129.300550
117.459396
109.148644
117.459396
129.300550
142.208595
155.538260
169.029113
182.519967
195.849632
208.757677
220.598830
228.909582
220.598830
208.757677
195.849632
182.519967
169.029113
155.538260
142.208595
129.300550
117.459396
109.148644
117.459396
129.300550
142.208595
155.538260
169.029113
182.519967
195.849632
208.757677
220.598830
213.471309
202.373633
188.976067
175.012327
160.835070
146.577181
132.319293
118.142036
104.178296
90.780729
79.683054
90.780729
104.178296
118.142036
132.319293
146.577181
160.835070
175.012327
188.976067
202.373633
213.471309
202.373633
188.976067
175.012327
160.835070
146.577181
132.319293
118.142036
104.178296
90.780729
79.683054
90.780729
104.178296
118.142036
132.319293
146.577181
160.835070
175.012327
188.976067
202.373633
200.000000
185.000000
170.000000
155.000000
140.000000
125.000000
110.000000
95.000000
80.000000
65.000000
50.000000
65.000000
80.000000
95.000000
110.000000
125.000000
140.000000
155.000000
170.000000
185.000000
200.000000
185.000000
170.000000
155.000000
140.000000
125.000000
110.000000
95.000000
80.000000
65.000000
50.000000
65.000000
80.000000
95.000000
110.000000
125.000000
140.000000
155.000000
170.000000
185.000000
