1500.000000
1500.000000
1500.000000
1500.000000
1500.000000
1500.000000
1500.000000
1500.000000
1307.330987
1303.647650
1299.964313
1303.647650
1307.330987
1303.647650
1299.964313
1303.647650
1168.096346
1160.845941
1153.595536
1160.845941
1168.096346
1160.845941
1153.595536
1160.845941
1059.777141
1048.644598
1037.512055
1048.644598
1059.777141
1048.644598
1037.512055
1048.644598
971.697149
956.243492
940.789835
956.243492
971.697149
956.243492
940.789835
956.243492
897.956519
877.702552
857.448585
877.702552
897.956519
877.702552
857.448585
877.702552
834.951475
809.406082
783.860690
809.406082
834.951475
809.406082
783.860690
809.406082
780.318946
748.989975
717.661003
748.989975
780.318946
748.989975
717.661003
748.989975
732.425092
694.823809
657.222527
694.823809
732.425092
694.823809
657.222527
694.823809
690.092794
645.735722
601.378649
645.735722
690.092794
645.735722
601.378649
645.735722
652.445601
600.855185
549.264768
600.855185
652.445601
600.855185
549.264768
600.855185
618.813099
559.517848
500.222596
559.517848
618.813099
559.517848
500.222596
559.517848
588.670819
521.205194
453.739569
521.205194
588.670819
521.205194
453.739569
521.205194
561.600575
485.504767
409.408959
485.504767
561.600575
485.504767
409.408959
485.504767
537.263431
452.083090
366.902749
452.083090
537.263431
452.083090
366.902749
452.083090
515.380758
420.666714
325.952671
420.666714
515.380758
420.666714
325.952671
420.666714
495.720636
391.028624
286.336611
391.028624
495.720636
391.028624
286.336611
391.028624
478.087895
362.978288
247.868680
362.978288
478.087895
362.978288
247.868680
362.978288
462.316675
336.354240
210.391806
336.354240
462.316675
336.354240
210.391806
336.354240
448.264781
311.018453
173.772125
311.018453
448.264781
311.018453
173.772125
311.018453
435.809346
286.852010
137.894674
286.852010
435.809346
286.852010
137.894674
286.852010
424.843435
263.751734
102.660033
263.751734
424.843435
263.751734
102.660033
263.751734
415.273372
241.627525
67.981678
241.627525
415.273372
241.627525
67.981678
241.627525
407.016609
220.400244
33.783879
220.400244
407.016609
220.400244
33.783879
220.400244
400.000000
200.000000
0.000000
200.000000
400.000000
200.000000
0.000000
200.000000
