1500.000000
1500.000000
1500.000000
1500.000000
1500.000000
1500.000000
1500.000000
1500.000000
1500.000000
1500.000000
1500.000000
1500.000000
1500.000000
1500.000000
1500.000000
1327.769023
1328.008901
1328.303866
1328.578394
1328.763863
1328.894728
1328.952861
1328.981508
1328.952861
1328.894728
1328.763863
1328.578394
1328.303866
1328.008901
1327.769023
1195.210850
1195.691335
1196.236120
1196.742650
1197.060330
1197.297364
1197.387089
1197.446210
1197.387089
1197.297364
1197.060330
1196.742650
1196.236120
1195.691335
1195.210850
1087.411061
1088.170429
1088.938741
1089.663948
1090.067368
1090.404020
1090.496031
1090.597473
1090.496031
1090.404020
1090.067368
1089.663948
1088.938741
1088.170429
1087.411061
996.524394
997.625239
998.589177
999.538131
999.977519
1000.423334
1000.481168
1000.648417
1000.481168
1000.423334
999.977519
999.538131
998.589177
997.625239
996.524394
917.914696
919.441628
920.561597
921.756202
922.171969
922.753860
922.729464
923.000590
922.729464
922.753860
922.171969
921.756202
920.561597
919.441628
917.914696
848.612847
850.673451
851.891202
853.372024
853.689450
854.454480
854.283711
854.715006
854.283711
854.454480
853.689450
853.372024
851.891202
850.673451
848.612847
786.601380
789.328436
790.561137
792.390838
792.515059
793.534116
793.132040
793.802170
793.132040
793.534116
792.515059
792.390838
790.561137
789.328436
786.601380
730.445464
733.999798
735.134374
737.402088
737.213009
738.585125
737.841044
738.855661
737.841044
738.585125
737.213009
737.402088
735.134374
733.999798
730.445464
679.086770
683.660468
684.547929
687.374300
686.721278
688.578474
687.350628
688.847415
687.350628
688.578474
686.721278
687.374300
684.547929
683.660468
679.086770
631.720926
637.540822
637.990439
641.533184
640.229418
642.742007
640.851943
643.006055
640.851943
642.742007
640.229418
641.533184
637.990439
637.540822
631.720926
587.720942
595.052313
594.825601
599.285525
597.102100
600.484419
597.711009
600.740913
597.711009
600.484419
597.102100
599.285525
594.825601
595.052313
587.720942
546.587342
555.737790
554.542248
560.169673
556.829263
561.345802
557.418915
561.592609
557.418915
561.345802
556.829263
560.169673
554.542248
555.737790
546.587342
507.914553
519.238055
516.720676
523.822243
518.992456
524.964381
519.558201
525.199804
519.558201
524.964381
518.992456
523.822243
516.720676
519.238055
507.914553
471.367576
485.268687
481.009215
489.955063
483.241425
491.053470
483.779470
491.276179
483.779470
491.053470
483.241425
489.955063
481.009215
485.268687
471.367576
436.665379
453.603590
447.107531
458.338812
449.277407
459.385135
449.784701
459.594105
449.784701
459.385135
449.277407
458.338812
447.107531
453.603590
436.665379
403.568814
424.063046
414.754434
428.791180
416.840927
429.778348
417.315067
429.972814
417.315067
429.778348
416.840927
428.791180
414.754434
424.063046
403.568814
371.871647
396.504892
383.718805
401.168121
385.702713
402.090253
386.141855
402.269666
386.141855
402.090253
385.702713
401.168121
383.718805
396.504892
371.871647
341.393789
370.817881
353.792725
375.357301
355.656794
376.209617
356.059582
376.373611
356.059582
376.209617
355.656794
375.357301
353.792725
370.817881
341.393789
311.976105
346.916628
324.786175
351.273122
326.515188
352.051854
326.880688
352.200215
326.880688
352.051854
326.515188
351.273122
324.786175
346.916628
311.976105
283.476380
324.737706
296.522895
328.852892
298.103737
329.555199
298.431376
329.687840
298.431376
329.555199
298.103737
328.852892
296.522895
324.737706
283.476380
255.766143
304.236595
268.837107
308.053850
270.258794
308.677732
270.548315
308.794675
270.548315
308.677732
270.258794
308.053850
268.837107
304.236595
255.766143
228.728135
285.385278
241.570879
288.850834
242.824573
289.395053
243.075985
289.496407
243.075985
289.395053
242.824573
288.850834
241.570879
285.385278
228.728135
202.254272
268.170331
214.571985
271.234439
215.650975
271.698439
215.864515
271.784388
215.864515
271.698439
215.650975
271.234439
214.571985
268.170331
202.254272
176.243991
252.591388
187.692149
255.209553
188.591808
255.593386
188.767903
255.664171
188.767903
255.593386
188.591808
255.209553
187.692149
252.591388
176.243991
150.602892
238.659902
160.785584
240.794190
161.503299
241.098437
161.642539
241.154350
161.642539
241.098437
161.503299
240.794190
160.785584
238.659902
150.602892
125.241613
226.398143
133.707774
228.018550
134.242844
228.244257
134.345950
228.285629
134.345950
228.244257
134.242844
228.018550
133.707774
226.398143
125.241613
100.074893
215.838381
106.314433
216.924270
106.667946
217.072877
106.735746
217.100068
106.735746
217.072877
106.667946
216.924270
106.314433
215.838381
100.074893
75.020788
207.022210
78.460626
207.563817
78.635299
207.637097
78.668708
207.650491
78.668708
207.637097
78.635299
207.563817
78.460626
207.022210
75.020788
50.000000
200.000000
50.000000
200.000000
50.000000
200.000000
50.000000
200.000000
50.000000
200.000000
50.000000
200.000000
50.000000
200.000000
50.000000
