1500.000000
1500.000000
1500.000000
1500.000000
1500.000000
1500.000000
1500.000000
1500.000000
1500.000000
1500.000000
1500.000000
1500.000000
1337.612584
1336.462954
1334.206584
1333.056954
1334.206584
1336.462954
1337.612584
1336.462954
1334.206584
1333.056954
1334.206584
1336.462954
1214.155791
1211.884813
1207.453583
1205.182605
1207.453583
1211.884813
1214.155791
1211.884813
1207.453583
1205.182605
1207.453583
1211.884813
1114.947144
1111.450993
1104.683501
1101.187349
1104.683501
1111.450993
1114.947144
1111.450993
1104.683501
1101.187349
1104.683501
1111.450993
1032.341512
1027.466526
1018.121835
1013.246850
1018.121835
1027.466526
1032.341512
1027.466526
1018.121835
1013.246850
1018.121835
1027.466526
961.855393
955.423243
943.233066
936.800916
943.233066
955.423243
961.855393
955.423243
943.233066
936.800916
943.233066
955.423243
900.635993
892.452649
877.141722
868.958378
877.141722
892.452649
900.635993
892.452649
877.141722
868.958378
877.141722
892.452649
846.756768
836.615877
817.911224
807.770333
817.911224
836.615877
846.756768
836.615877
817.911224
807.770333
817.911224
836.615877
798.856313
786.540333
764.176079
751.860099
764.176079
786.540333
798.856313
786.540333
764.176079
751.860099
764.176079
786.540333
755.937633
741.217995
714.938185
700.218548
714.938185
741.217995
755.937633
741.217995
714.938185
700.218548
714.938185
741.217995
717.249316
699.886120
669.446575
652.083379
669.446575
699.886120
717.249316
699.886120
669.446575
652.083379
669.446575
699.886120
682.211532
661.953008
627.122684
606.864159
627.122684
661.953008
682.211532
661.953008
627.122684
606.864159
627.122684
661.953008
650.367986
626.949841
587.511918
564.093772
587.511918
626.949841
650.367986
626.949841
587.511918
564.093772
587.511918
626.949841
621.353627
594.498327
550.251144
523.395845
550.251144
594.498327
621.353627
594.498327
550.251144
523.395845
550.251144
594.498327
594.872284
564.288311
515.046205
484.462232
515.046205
564.288311
594.872284
564.288311
515.046205
484.462232
515.046205
564.288311
570.680794
536.061878
481.655972
447.037055
481.655972
536.061878
570.680794
536.061878
481.655972
447.037055
481.655972
536.061878
548.577464
509.601816
449.880769
410.905121
449.880769
509.601816
548.577464
509.601816
449.880769
410.905121
449.880769
509.601816
528.393535
484.723083
419.553817
375.883365
419.553817
484.723083
528.393535
484.723083
419.553817
375.883365
419.553817
484.723083
509.986759
461.266378
390.534789
341.814409
390.534789
461.266378
509.986759
461.266378
390.534789
341.814409
390.534789
461.266378
493.236471
439.093227
362.704885
308.561642
362.704885
439.093227
493.236471
439.093227
362.704885
308.561642
362.704885
439.093227
478.039784
418.082178
335.963018
276.005412
335.963018
418.082178
478.039784
418.082178
335.963018
276.005412
335.963018
418.082178
464.308591
398.125808
310.222817
244.040033
310.222817
398.125808
464.308591
398.125808
310.222817
244.040033
310.222817
398.125808
451.967188
379.128358
285.410251
212.571422
285.410251
379.128358
451.967188
379.128358
285.410251
212.571422
285.410251
379.128358
440.950365
361.003826
261.461728
181.515190
261.461728
361.003826
440.950365
361.003826
261.461728
181.515190
261.461728
361.003826
431.201865
343.674433
238.322547
150.795115
238.322547
343.674433
431.201865
343.674433
238.322547
150.795115
238.322547
343.674433
422.673122
327.069366
215.945642
120.341886
215.945642
327.069366
422.673122
327.069366
215.945642
120.341886
215.945642
327.069366
415.322218
311.123740
194.290545
90.092068
194.290545
311.123740
415.322218
311.123740
194.290545
90.092068
194.290545
311.123740
409.113024
295.777751
173.322529
59.987256
173.322529
295.777751
409.113024
295.777751
173.322529
59.987256
173.322529
295.777751
404.014483
280.975955
153.011887
29.973358
153.011887
280.975955
404.014483
280.975955
153.011887
29.973358
153.011887
280.975955
400.000000
266.666667
133.333333
0.000000
133.333333
266.666667
400.000000
266.666667
133.333333
0.000000
133.333333
266.666667
