1500.000000
1500.000000
1500.000000
1500.000000
1500.000000
1500.000000
1500.000000
1500.000000
1500.000000
1500.000000
1500.000000
1500.000000
1500.000000
1500.000000
1500.000000
1500.000000
1337.367737
1336.770016
1335.334769
1333.899522
1333.301801
1333.899522
1335.334769
1336.770016
1337.367737
1336.770016
1335.334769
1333.899522
1333.301801
1333.899522
1335.334769
1336.770016
1213.688478
1212.504411
1209.669198
1206.833985
1205.649918
1206.833985
1209.669198
1212.504411
1213.688478
1212.504411
1209.669198
1206.833985
1205.649918
1206.833985
1209.669198
1212.504411
1114.255569
1112.426952
1108.067247
1103.707541
1101.878924
1103.707541
1108.067247
1112.426952
1114.255569
1112.426952
1108.067247
1103.707541
1101.878924
1103.707541
1108.067247
1112.426952
1031.415500
1028.857303
1022.794181
1016.731058
1014.172862
1016.731058
1022.794181
1028.857303
1031.415500
1028.857303
1022.794181
1016.731058
1014.172862
1016.731058
1022.794181
1028.857303
960.681660
957.294566
949.328155
941.361743
937.974649
941.361743
949.328155
957.294566
960.681660
957.294566
949.328155
941.361743
937.974649
941.361743
949.328155
957.294566
899.200354
894.874646
884.797186
874.719726
870.394017
874.719726
884.797186
894.874646
899.200354
894.874646
884.797186
874.719726
870.394017
874.719726
884.797186
894.874646
845.045319
839.661690
827.263551
814.865411
809.481782
814.865411
827.263551
839.661690
845.045319
839.661690
827.263551
814.865411
809.481782
814.865411
827.263551
839.661690
796.856242
790.285301
775.358206
760.431111
753.860171
760.431111
775.358206
790.285301
796.856242
790.285301
775.358206
760.431111
753.860171
760.431111
775.358206
790.285301
753.637915
745.739045
728.078090
710.417135
702.518266
710.417135
728.078090
745.739045
753.637915
745.739045
728.078090
710.417135
702.518266
710.417135
728.078090
745.739045
714.641397
705.261246
684.666348
664.071449
654.691298
664.071449
684.666348
705.261246
714.641397
705.261246
684.666348
664.071449
654.691298
664.071449
684.666348
705.261246
679.290039
668.260762
644.537846
620.814930
609.785652
620.814930
644.537846
668.260762
679.290039
668.260762
644.537846
620.814930
609.785652
620.814930
644.537846
668.260762
647.131491
634.268815
607.230879
580.192944
567.330268
580.192944
607.230879
634.268815
647.131491
634.268815
607.230879
580.192944
567.330268
580.192944
607.230879
634.268815
617.805470
602.906610
572.374736
541.842861
526.944001
541.842861
572.374736
602.906610
617.805470
602.906610
572.374736
541.842861
526.944001
541.842861
572.374736
602.906610
591.021465
573.862905
539.667258
505.471611
488.313051
505.471611
539.667258
573.862905
591.021465
573.862905
539.667258
505.471611
488.313051
505.471611
539.667258
573.862905
566.542922
546.878084
508.858925
470.839765
451.174927
470.839765
508.858925
546.878084
566.542922
546.878084
508.858925
470.839765
451.174927
470.839765
508.858925
546.878084
544.175779
521.732577
479.741292
437.750008
415.306806
437.750008
479.741292
521.732577
544.175779
521.732577
479.741292
437.750008
415.306806
437.750008
479.741292
521.732577
523.759993
498.238283
452.138450
406.038617
380.516907
406.038617
452.138450
498.238283
523.759993
498.238283
452.138450
406.038617
380.516907
406.038617
452.138450
498.238283
505.163177
476.232104
425.900584
375.569064
346.637990
375.569064
425.900584
476.232104
505.163177
476.232104
425.900584
375.569064
346.637990
375.569064
425.900584
476.232104
488.275743
455.570985
400.899056
346.227127
313.522370
346.227127
400.899056
455.570985
488.275743
455.570985
400.899056
346.227127
313.522370
346.227127
400.899056
455.570985
473.007151
436.128073
377.022598
317.917122
281.038045
317.917122
377.022598
436.128073
473.007151
436.128073
377.022598
317.917122
281.038045
317.917122
377.022598
436.128073
459.282975
417.789681
354.174312
290.558944
249.065650
290.558944
354.174312
417.789681
459.282975
417.789681
354.174312
290.558944
249.065650
290.558944
354.174312
417.789681
447.042584
400.452877
332.269305
264.085732
217.496025
264.085732
332.269305
400.452877
447.042584
400.452877
332.269305
264.085732
217.496025
264.085732
332.269305
400.452877
436.237299
384.023548
311.232777
238.442006
186.228256
238.442006
311.232777
384.023548
436.237299
384.023548
311.232777
238.442006
186.228256
238.442006
311.232777
384.023548
426.828898
368.414816
290.998490
213.582165
155.168083
213.582165
290.998490
368.414816
426.828898
368.414816
290.998490
213.582165
155.168083
213.582165
290.998490
368.414816
418.788416
353.545745
271.507504
189.469263
124.226591
189.469263
271.507504
353.545745
418.788416
353.545745
271.507504
189.469263
124.226591
189.469263
271.507504
353.545745
412.095164
339.340270
252.707143
166.074016
93.319121
166.074016
252.707143
339.340270
412.095164
339.340270
252.707143
166.074016
93.319121
166.074016
252.707143
339.340270
406.735918
325.726300
234.550140
143.373980
62.364363
143.373980
234.550140
325.726300
406.735918
325.726300
234.550140
143.373980
62.364363
143.373980
234.550140
325.726300
402.704253
312.634971
216.993921
121.352870
31.283588
121.352870
216.993921
312.634971
402.704253
312.634971
216.993921
121.352870
31.283588
121.352870
216.993921
312.634971
400.000000
300.000000
200.000000
100.000000
0.000000
100.000000
200.000000
300.000000
400.000000
300.000000
200.000000
100.000000
0.000000
100.000000
200.000000
300.000000
