1500.000000
1500.000000
1500.000000
1500.000000
1500.000000
1500.000000
1500.000000
1500.000000
1500.000000
1500.000000
1500.000000
1500.000000
1500.000000
1500.000000
1500.000000
1500.000000
1500.000000
1500.000000
1500.000000
1500.000000
1329.122848
1329.123198
1329.122848
1329.123198
1329.122848
1329.123198
1329.122848
1329.123198
1329.122848
1329.123198
1329.122848
1329.123198
1329.122848
1329.123198
1329.122848
1329.123198
1329.122848
1329.123198
1329.122848
1329.123198
1197.678507
1197.679881
1197.678507
1197.679881
1197.678507
1197.679881
1197.678507
1197.679881
1197.678507
1197.679881
1197.678507
1197.679881
1197.678507
1197.679881
1197.678507
1197.679881
1197.678507
1197.679881
1197.678507
1197.679881
1090.879001
1090.883165
1090.879001
1090.883165
1090.879001
1090.883166
1090.879001
1090.883166
1090.879001
1090.883166
1090.879001
1090.883166
1090.879001
1090.883166
1090.879001
1090.883165
1090.879001
1090.883165
1090.879001
1090.883165
1000.940471
1000.951193
1000.940471
1000.951193
1000.940471
1000.951193
1000.940471
1000.951193
1000.940471
1000.951193
1000.940471
1000.951193
1000.940471
1000.951193
1000.940471
1000.951193
1000.940471
1000.951193
1000.940471
1000.951193
923.262245
923.286712
923.262245
923.286712
923.262245
923.286712
923.262245
923.286712
923.262245
923.286712
923.262245
923.286712
923.262245
923.286712
923.262245
923.286712
923.262245
923.286712
923.262245
923.286712
854.898267
854.949108
854.898267
854.949108
854.898267
854.949108
854.898267
854.949108
854.898267
854.949108
854.898267
854.949108
854.898267
854.949108
854.898267
854.949108
854.898267
854.949108
854.898267
854.949108
793.847174
793.945218
793.847174
793.945218
793.847174
793.945218
793.847174
793.945218
793.847174
793.945218
793.847174
793.945218
793.847174
793.945218
793.847174
793.945218
793.847174
793.945218
793.847174
793.945218
738.685644
738.863536
738.685644
738.863536
738.685644
738.863536
738.685644
738.863536
738.685644
738.863536
738.685644
738.863536
738.685644
738.863536
738.685644
738.863536
738.685644
738.863536
738.685644
738.863536
688.363243
688.670068
688.363243
688.670068
688.363243
688.670068
688.363243
688.670068
688.363243
688.670068
688.363243
688.670068
688.363243
688.670068
688.363243
688.670068
688.363243
688.670068
688.363243
688.670068
642.080161
642.587216
642.080161
642.587216
642.080161
642.587216
642.080161
642.587216
642.080161
642.587216
642.080161
642.587216
642.080161
642.587216
642.080161
642.587216
642.080161
642.587216
642.080161
642.587216
599.210513
600.018376
599.210513
600.018376
599.210513
600.018376
599.210513
600.018376
599.210513
600.018376
599.210513
600.018376
599.210513
600.018376
599.210513
600.018376
599.210513
600.018376
599.210513
600.018376
559.252087
560.499138
559.252087
560.499138
559.252087
560.499138
559.252087
560.499138
559.252087
560.499139
559.252087
560.499138
559.252087
560.499138
559.252087
560.499138
559.252087
560.499138
559.252087
560.499138
521.792161
523.664726
521.792161
523.664726
521.792161
523.664726
521.792161
523.664726
521.792161
523.664726
521.792161
523.664726
521.792161
523.664726
521.792161
523.664726
521.792161
523.664726
521.792161
523.664726
486.483461
489.227721
486.483461
489.227721
486.483461
489.227721
486.483461
489.227721
486.483461
489.227721
486.483461
489.227721
486.483461
489.227721
486.483461
489.227721
486.483461
489.227721
486.483461
489.227721
453.026709
456.962559
453.026709
456.962559
453.026709
456.962559
453.026709
456.962559
453.026709
456.962559
453.026709
456.962559
453.026709
456.962559
453.026709
456.962559
453.026709
456.962559
453.026709
456.962559
421.157576
426.694609
421.157576
426.694609
421.157576
426.694609
421.157576
426.694609
421.157576
426.694609
421.157576
426.694609
421.157576
426.694609
421.157576
426.694609
421.157576
426.694609
421.157576
426.694609
390.636658
398.292431
390.636658
398.292431
390.636658
398.292431
390.636658
398.292431
390.636658
398.292431
390.636658
398.292431
390.636658
398.292431
390.636658
398.292431
390.636658
398.292431
390.636658
398.292431
361.241536
371.662315
361.241536
371.662315
361.241536
371.662315
361.241536
371.662315
361.241536
371.662315
361.241536
371.662315
361.241536
371.662315
361.241536
371.662315
361.241536
371.662315
361.241536
371.662315
332.760315
346.744481
332.760315
346.744481
332.760315
346.744481
332.760315
346.744481
332.760315
346.744481
332.760315
346.744481
332.760315
346.744481
332.760315
346.744481
332.760315
346.744481
332.760315
346.744481
304.986226
323.510516
304.986226
323.510516
304.986226
323.510516
304.986226
323.510516
304.986226
323.510516
304.986226
323.510516
304.986226
323.510516
304.986226
323.510516
304.986226
323.510516
304.986226
323.510516
277.712982
301.961768
277.712982
301.961768
277.712982
301.961768
277.712982
301.961768
277.712982
301.961768
277.712982
301.961768
277.712982
301.961768
277.712982
301.961768
277.712982
301.961768
277.712982
301.961768
250.730672
282.128467
250.730672
282.128467
250.730672
282.128467
250.730672
282.128467
250.730672
282.128467
250.730672
282.128467
250.730672
282.128467
250.730672
282.128467
250.730672
282.128467
250.730672
282.128467
223.822063
264.069451
223.822063
264.069451
223.822063
264.069451
223.822063
264.069451
223.822063
264.069451
223.822063
264.069451
223.822063
264.069451
223.822063
264.069451
223.822063
264.069451
223.822063
264.069451
196.759167
247.872352
196.759167
247.872352
196.759167
247.872352
196.759167
247.872352
196.759167
247.872352
196.759167
247.872352
196.759167
247.872352
196.759167
247.872352
196.759167
247.872352
196.759167
247.872352
169.300011
233.654197
169.300011
233.654197
169.300011
233.654197
169.300011
233.654197
169.300011
233.654197
169.300011
233.654197
169.300011
233.654197
169.300011
233.654197
169.300011
233.654197
169.300011
233.654197
141.185532
221.562328
141.185532
221.562328
141.185532
221.562328
141.185532
221.562328
141.185532
221.562328
141.185532
221.562328
141.185532
221.562328
141.185532
221.562328
141.185532
221.562328
141.185532
221.562328
112.136555
211.775628
112.136555
211.775628
112.136555
211.775628
112.136555
211.775628
112.136555
211.775628
112.136555
211.775628
112.136555
211.775628
112.136555
211.775628
112.136555
211.775628
112.136555
211.775628
81.850817
204.505986
81.850817
204.505986
81.850817
204.505986
81.850817
204.505986
81.850817
204.505986
81.850817
204.505986
81.850817
204.505986
81.850817
204.505986
81.850817
204.505986
81.850817
204.505986
50.000000
200.000000
50.000000
200.000000
50.000000
200.000000
50.000000
200.000000
50.000000
200.000000
50.000000
200.000000
50.000000
200.000000
50.000000
200.000000
50.000000
200.000000
50.000000
200.000000
