1500.000000
1500.000000
1500.000000
1500.000000
1500.000000
1500.000000
1500.000000
1500.000000
1500.000000
1500.000000
1500.000000
1500.000000
1500.000000
1500.000000
1500.000000
1500.000000
1500.000000
1500.000000
1500.000000
1500.000000
1337.264062
1336.894952
1335.930346
1334.739192
1333.774586
1333.405476
1333.774586
1334.739192
1335.930346
1336.894952
1337.264062
1336.894952
1335.930346
1334.739192
1333.774586
1333.405476
1333.774586
1334.739192
1335.930346
1336.894952
1213.490415
1212.758498
1210.848053
1208.490342
1206.579897
1205.847980
1206.579897
1208.490342
1210.848053
1212.758498
1213.490415
1212.758498
1210.848053
1208.490342
1206.579897
1205.847980
1206.579897
1208.490342
1210.848053
1212.758498
1113.961958
1112.830709
1109.883860
1106.250633
1103.303784
1102.172535
1103.303784
1106.250633
1109.883860
1112.830709
1113.961958
1112.830709
1109.883860
1106.250633
1103.303784
1102.172535
1103.303784
1106.250633
1109.883860
1112.830709
1031.021249
1029.437892
1025.325683
1020.262679
1016.150469
1014.567112
1016.150469
1020.262679
1025.325683
1029.437892
1031.021249
1029.437892
1025.325683
1020.262679
1016.150469
1014.567112
1016.150469
1020.262679
1025.325683
1029.437892
960.179769
958.083000
952.660251
945.996058
940.573309
938.476540
940.573309
945.996058
952.660251
958.083000
960.179769
958.083000
952.660251
945.996058
940.573309
938.476540
940.573309
945.996058
952.660251
958.083000
898.582640
895.904878
889.018565
880.575806
873.689494
871.011731
873.689494
880.575806
889.018565
895.904878
898.582640
895.904878
889.018565
880.575806
873.689494
871.011731
873.689494
880.575806
889.018565
895.904878
844.302734
840.970336
832.463208
822.063894
813.556766
810.224368
813.556766
822.063894
832.463208
840.970336
844.302734
840.970336
832.463208
822.063894
813.556766
810.224368
813.556766
822.063894
832.463208
840.970336
795.979062
791.911586
781.623914
769.092499
758.804826
754.737351
758.804826
769.092499
781.623914
791.911586
795.979062
791.911586
781.623914
769.092499
758.804826
754.737351
758.804826
769.092499
781.623914
791.911586
752.615941
747.724842
735.495369
720.660811
708.431338
703.540239
708.431338
720.660811
735.495369
747.724842
752.615941
747.724842
735.495369
720.660811
708.431338
703.540239
708.431338
720.660811
735.495369
747.724842
713.464206
707.651114
693.317673
676.015023
661.681581
655.868490
661.681581
676.015023
693.317673
707.651114
713.464206
707.651114
693.317673
676.015023
661.681581
655.868490
661.681581
676.015023
693.317673
707.651114
677.947322
671.101970
654.501966
634.573725
617.973722
611.128370
617.973722
634.573725
654.501966
671.101970
677.947322
671.101970
654.501966
634.573725
617.973722
611.128370
617.973722
634.573725
654.501966
671.101970
645.613508
637.611313
618.582206
595.879552
576.850446
568.848250
576.850446
595.879552
618.582206
637.611313
645.613509
637.611313
618.582206
595.879552
576.850446
568.848250
576.850446
595.879552
618.582206
637.611313
616.103630
606.802941
585.182770
559.566701
537.946530
528.645842
537.946530
559.566701
585.182770
606.802941
616.103630
606.802941
585.182770
559.566701
537.946530
528.645842
537.946530
559.566701
585.182770
606.802941
589.129037
578.368035
553.996052
525.338465
500.966481
490.205480
500.966481
525.338465
553.996052
578.368035
589.129037
578.368035
553.996052
525.338465
500.966481
490.205480
500.966481
525.338465
553.996051
578.368035
564.455909
552.049144
524.766572
492.951277
465.668705
453.261940
465.668705
492.951277
524.766572
552.049144
564.455909
552.049144
524.766572
492.951277
465.668705
453.261940
465.668705
492.951277
524.766572
552.049144
541.893952
527.628501
497.279461
462.203124
431.854084
417.588633
431.854084
462.203124
497.279461
527.628501
541.893952
527.628501
497.279461
462.203124
431.854084
417.588633
431.854084
462.203124
497.279461
527.628501
521.288102
504.919334
471.351945
432.924955
399.357566
382.988799
399.357566
432.924955
471.351945
504.919334
521.288102
504.919334
471.351945
432.924955
399.357566
382.988799
399.357566
432.924955
471.351945
504.919334
502.512348
483.759272
446.826964
404.974204
368.041895
349.288819
368.041895
404.974204
446.826964
483.759272
502.512348
483.759272
446.826964
404.974204
368.041895
349.288819
368.041895
404.974204
446.826964
483.759272
485.465080
464.005254
423.568304
378.229809
337.792859
316.333033
337.792859
378.229809
423.568304
464.005254
485.465080
464.005254
423.568304
378.229809
337.792859
316.333033
337.792859
378.229809
423.568304
464.005254
470.065545
445.529530
401.456851
352.588345
308.515666
283.979651
308.515666
352.588345
401.456851
445.529530
470.065545
445.529530
401.456851
352.588345
308.515666
283.979651
308.515666
352.588345
401.456851
445.529530
456.251139
428.216476
380.387672
327.960952
280.132148
252.097486
280.132148
327.960952
380.387672
428.216476
456.251139
428.216476
380.387672
327.960952
280.132148
252.097486
280.132148
327.960952
380.387672
428.216476
443.975325
411.960011
360.267725
304.270884
252.578598
220.563284
252.578598
304.270884
360.267725
411.960011
443.975325
411.960011
360.267725
304.270884
252.578598
220.563284
252.578598
304.270884
360.267725
411.960011
433.206032
396.661470
341.014043
281.451512
225.804084
189.259522
225.804084
281.451512
341.014043
396.661470
433.206032
396.661470
341.014043
281.451512
225.804084
189.259522
225.804084
281.451512
341.014043
396.661470
423.924428
382.227836
322.552302
259.444679
199.769145
158.072553
199.769145
259.444679
322.552302
382.227836
423.924428
382.227836
322.552302
259.444679
199.769145
158.072553
199.769145
259.444679
322.552302
382.227836
416.123988
368.570237
304.815673
238.199334
174.444771
126.891019
174.444771
238.199334
304.815673
368.570237
416.123988
368.570237
304.815673
238.199334
174.444771
126.891019
174.444771
238.199334
304.815673
368.570237
409.809795
355.602658
287.743912
217.670373
149.811628
95.604491
149.811628
217.670373
287.743912
355.602658
409.809795
355.602658
287.743912
217.670373
149.811628
95.604491
149.811628
217.670373
287.743912
355.602658
404.998030
343.240814
271.282635
197.817645
125.859466
64.102251
125.859466
197.817645
271.282635
343.240814
404.998030
343.240814
271.282635
197.817645
125.859466
64.102251
125.859466
197.817645
271.282635
343.240814
401.715618
331.401161
255.382747
178.605094
102.586680
32.272223
102.586680
178.605094
255.382747
331.401161
401.715618
331.401161
255.382747
178.605094
102.586680
32.272223
102.586680
178.605094
255.382747
331.401161
400.000000
320.000000
240.000000
160.000000
80.000000
0.000000
80.000000
160.000000
240.000000
320.000000
400.000000
320.000000
240.000000
160.000000
80.000000
0.000000
80.000000
160.000000
240.000000
320.000000
