1500.000000
1500.000000
1500.000000
1500.000000
1500.000000
1500.000000
1500.000000
1500.000000
1500.000000
1500.000000
1500.000000
1500.000000
1500.000000
1500.000000
1500.000000
1500.000000
1500.000000
1500.000000
1500.000000
1500.000000
1500.000000
1500.000000
1500.000000
1500.000000
1337.210091
1336.958575
1336.271973
1335.334769
1334.397565
1333.710962
1333.459447
1333.710962
1334.397565
1335.334769
1336.271973
1336.958575
1337.210091
1336.958575
1336.271973
1335.334769
1334.397565
1333.710962
1333.459447
1333.710962
1334.397565
1335.334769
1336.271973
1336.958575
1213.387380
1212.888313
1211.526735
1209.669198
1207.811661
1206.450083
1205.951016
1206.450083
1207.811661
1209.669198
1211.526735
1212.888313
1213.387380
1212.888313
1211.526735
1209.669198
1207.811661
1206.450083
1205.951016
1206.450083
1207.811661
1209.669198
1211.526735
1212.888313
1113.809401
1113.037628
1110.934220
1108.067247
1105.200273
1103.096866
1102.325093
1103.096866
1105.200273
1108.067247
1110.934220
1113.037628
1113.809401
1113.037628
1110.934220
1108.067247
1105.200273
1103.096866
1102.325093
1103.096866
1105.200273
1108.067247
1110.934220
1113.037628
1030.816714
1029.736205
1026.796112
1022.794181
1018.792250
1015.852157
1014.771647
1015.852157
1018.792250
1022.794181
1026.796112
1029.736205
1030.816714
1029.736205
1026.796112
1022.794181
1018.792250
1015.852157
1014.771647
1015.852157
1018.792250
1022.794181
1026.796112
1029.736205
959.919800
958.488984
954.604911
949.328155
944.051398
940.167325
938.736509
940.167325
944.051398
949.328155
954.604911
958.488984
959.919800
958.488984
954.604911
949.328155
944.051398
940.167325
938.736509
940.167325
944.051398
949.328155
954.604911
958.488984
898.263070
896.436419
891.494284
884.797186
878.100087
873.157952
871.331301
873.157952
878.100087
884.797186
891.494284
896.436419
898.263070
896.436419
891.494284
884.797186
878.100087
873.157952
871.331301
873.157952
878.100087
884.797186
891.494284
896.436419
843.918735
841.646908
835.528044
827.263551
818.999058
812.880193
810.608367
812.880193
818.999058
827.263551
835.528044
841.646908
843.918735
841.646908
835.528044
827.263551
818.999058
812.880193
810.608367
812.880193
818.999058
827.263551
835.528044
841.646908
795.525114
792.754394
785.336351
775.358206
765.380061
757.962018
755.191299
757.962018
765.380061
775.358206
785.336351
792.754394
795.525114
792.754394
785.336351
775.358206
765.380061
757.962018
755.191299
757.962018
765.380061
775.358206
785.336351
792.754394
752.085784
748.757043
739.913779
728.078090
716.242402
707.399138
704.070396
707.399138
716.242402
728.078090
739.913779
748.757043
752.085784
748.757043
739.913779
728.078090
716.242402
707.399138
704.070396
707.399138
716.242402
728.078090
739.913779
748.757043
712.850820
708.898079
698.499870
684.666348
670.832825
660.434616
656.481875
660.434616
670.832825
684.666348
698.499870
708.898079
712.850820
708.898079
698.499870
684.666348
670.832825
660.434616
656.481875
660.434616
670.832825
684.666348
698.499870
708.898079
677.242961
672.591568
660.504801
644.537846
628.570891
616.484124
611.832731
616.484124
628.570891
644.537846
660.504801
672.591568
677.242961
672.591568
660.504801
644.537846
628.570891
616.484124
611.832731
616.484124
628.570891
644.537846
660.504801
672.591568
644.809807
639.374186
625.461146
607.230879
589.000613
575.087573
569.651952
575.087573
589.000613
607.230879
625.461146
639.374186
644.809807
639.374186
625.461146
607.230879
589.000613
575.087573
569.651952
575.087573
589.000613
607.230879
625.461146
639.374186
615.191818
608.872757
592.991467
572.374736
551.758004
535.876714
529.557653
535.876714
551.758004
572.374736
592.991467
608.872757
615.191818
608.872757
592.991467
572.374736
551.758004
535.876714
529.557653
535.876714
551.758004
572.374736
592.991467
608.872757
588.100284
580.781707
562.785888
539.667258
516.548628
498.552810
491.234233
498.552810
516.548628
539.667258
562.785888
580.781707
588.100284
580.781707
562.785888
539.667258
516.548628
498.552810
491.234233
498.552810
516.548628
539.667258
562.785888
580.781707
563.301820
554.846973
534.586177
508.858925
483.131672
462.870877
454.416029
462.870877
483.131672
508.858925
534.586177
554.846973
563.301820
554.846973
534.586177
508.858925
483.131672
462.870877
454.416029
462.870877
483.131672
508.858925
534.586177
554.846973
540.607260
530.854239
508.174207
479.741292
451.308378
428.628346
418.875325
428.628346
451.308378
479.741292
508.174207
530.854239
540.607260
530.854239
508.174207
479.741292
451.308378
428.628346
418.875325
428.628346
451.308378
479.741292
508.174207
530.854239
519.863579
508.620133
483.363435
452.138450
420.913465
395.656767
384.413321
395.656767
420.913465
452.138450
483.363435
508.620133
519.863579
508.620133
483.363435
452.138450
420.913465
395.656767
384.413321
395.656767
420.913465
452.138450
483.363435
508.620133
500.947980
487.985486
459.992508
425.900584
391.808659
363.815681
350.853187
363.815681
391.808659
425.900584
459.992508
487.985486
500.947980
487.985486
459.992508
425.900584
391.808659
363.815681
350.853187
363.815681
391.808659
425.900584
459.992508
487.985486
483.763538
468.810068
437.920406
400.899056
363.877707
332.988045
318.034575
332.988045
363.877707
400.899056
437.920406
468.810068
483.763538
468.810068
437.920406
400.899056
363.877707
332.988045
318.034575
332.988045
363.877707
400.899056
437.920406
468.810068
468.236005
450.968382
417.022711
377.022598
337.022485
303.076814
285.809191
303.076814
337.022485
377.022598
417.022711
450.968382
468.236005
450.968382
417.022711
377.022598
337.022485
303.076814
285.809191
303.076814
337.022485
377.022598
417.022711
450.968382
454.311488
434.346232
397.188722
354.174312
311.159902
274.002393
254.037137
274.002393
311.159902
354.174312
397.188722
434.346232
454.311488
434.346232
397.188722
354.174312
311.159902
274.002393
254.037137
274.002393
311.159902
354.174312
397.188722
434.346232
441.954815
418.837848
378.319215
332.269305
286.219394
245.700761
222.583794
245.700761
286.219394
332.269305
378.319215
418.837848
441.954815
418.837848
378.319215
332.269305
286.219394
245.700761
222.583794
245.700761
286.219394
332.269305
378.319215
418.837848
431.148423
404.343438
360.324698
311.232777
262.140857
218.122116
191.317132
218.122116
262.140857
311.232777
360.324698
404.343438
431.148423
404.343438
360.324698
311.232777
262.140857
218.122116
191.317132
218.122116
262.140857
311.232777
360.324698
404.343438
421.891686
390.767039
343.124059
290.998490
238.872922
191.229941
160.105295
191.229941
238.872922
290.998490
343.124059
390.767039
421.891686
390.767039
343.124059
290.998490
238.872922
191.229941
160.105295
191.229941
238.872922
290.998490
343.124059
390.767039
414.200595
378.014589
326.643537
271.507504
216.371471
165.000419
128.814412
165.000419
216.371471
271.507504
326.643537
378.014589
414.200595
378.014589
326.643537
271.507504
216.371471
165.000419
128.814412
165.000419
216.371471
271.507504
326.643537
378.014589
408.107742
365.992158
310.815937
252.707143
194.598348
139.422128
97.306544
139.422128
194.598348
252.707143
310.815937
365.992158
408.107742
365.992158
310.815937
252.707143
194.598348
139.422128
97.306544
139.422128
194.598348
252.707143
310.815937
365.992158
403.662549
354.604293
295.580072
234.550140
173.520208
114.495987
65.437732
114.495987
173.520208
234.550140
295.580072
354.604293
403.662549
354.604293
295.580072
234.550140
173.520208
114.495987
65.437732
114.495987
173.520208
234.550140
295.580072
354.604293
400.931739
343.752427
280.880374
216.993921
153.107468
90.235414
33.056102
90.235414
153.107468
216.993921
280.880374
343.752427
400.931739
343.752427
280.880374
216.993921
153.107468
90.235414
33.056102
90.235414
153.107468
216.993921
280.880374
343.752427
400.000000
333.333333
266.666667
200.000000
133.333333
66.666667
0.000000
66.666667
133.333333
200.000000
266.666667
333.333333
400.000000
333.333333
266.666667
200.000000
133.333333
66.666667
0.000000
66.666667
133.333333
200.000000
266.666667
333.333333
