1500.000000
1500.000000
1500.000000
1500.000000
1500.000000
1500.000000
1500.000000
1500.000000
1500.000000
1500.000000
1500.000000
1500.000000
1500.000000
1500.000000
1500.000000
1500.000000
1500.000000
1500.000000
1500.000000
1500.000000
1500.000000
1500.000000
1500.000000
1500.000000
1500.000000
1500.000000
1500.000000
1500.000000
1337.178285
1336.995575
1336.483859
1335.744811
1334.924726
1334.185679
1333.673963
1333.491253
1333.673963
1334.185679
1334.924726
1335.744811
1336.483859
1336.995575
1337.178285
1336.995575
1336.483859
1335.744811
1334.924726
1334.185679
1333.673963
1333.491253
1333.673963
1334.185679
1334.924726
1335.744811
1336.483859
1336.995575
1213.326676
1212.963963
1211.948468
1210.482440
1208.855955
1207.389928
1206.374433
1206.011720
1206.374433
1207.389928
1208.855955
1210.482440
1211.948468
1212.963963
1213.326676
1212.963963
1211.948468
1210.482440
1208.855955
1207.389928
1206.374433
1206.011720
1206.374433
1207.389928
1208.855955
1210.482440
1211.948468
1212.963963
1113.719582
1113.158436
1111.588353
1109.323325
1106.811169
1104.546141
1102.976058
1102.414912
1102.976058
1104.546141
1106.811169
1109.323325
1111.588353
1113.158436
1113.719582
1113.158436
1111.588353
1109.323325
1106.811169
1104.546141
1102.976058
1102.414912
1102.976058
1104.546141
1106.811169
1109.323325
1111.588353
1113.158436
1030.696436
1029.910606
1027.714005
1024.548686
1021.039676
1017.874356
1015.677755
1014.891925
1015.677755
1017.874356
1021.039676
1024.548686
1027.714005
1029.910606
1030.696436
1029.910606
1027.714005
1024.548686
1021.039676
1017.874356
1015.677755
1014.891925
1015.677755
1017.874356
1021.039676
1024.548686
1027.714005
1029.910606
959.767179
958.726518
955.821848
951.642926
947.013383
942.834461
939.929791
938.889131
939.929791
942.834461
947.013383
951.642926
955.821848
958.726518
959.767179
958.726518
955.821848
951.642926
947.013383
942.834461
939.929791
938.889131
939.929791
942.834461
947.013383
951.642926
955.821848
958.726518
898.075840
896.747508
893.047642
887.736452
881.857919
876.546729
872.846863
871.518531
872.846863
876.546729
881.857919
887.736452
893.047642
896.747508
898.075840
896.747508
893.047642
887.736452
881.857919
876.546729
872.846863
871.518531
872.846863
876.546729
881.857919
887.736452
893.047642
896.747508
843.694252
842.042864
837.456521
830.892071
823.635030
817.070581
812.484237
810.832849
812.484237
817.070581
823.635030
830.892071
837.456521
842.042864
843.694252
842.042864
837.456521
830.892071
823.635030
817.070581
812.484237
810.832849
812.484237
817.070581
823.635030
830.892071
837.456521
842.042864
795.260292
793.247547
787.679598
779.740179
770.976233
763.036814
757.468865
755.456120
757.468865
763.036814
770.976233
779.740179
787.679598
793.247547
795.260292
793.247547
787.679598
779.740179
770.976233
763.036814
757.468865
755.456120
757.468865
763.036814
770.976233
779.740179
787.679598
793.247547
751.777000
749.360940
742.712196
733.276394
722.879786
713.443985
706.795240
704.379180
706.795240
713.443985
722.879786
733.276394
742.712196
749.360940
751.777000
749.360940
742.712196
733.276394
722.879786
713.443985
706.795240
704.379180
706.795240
713.443985
722.879786
733.276394
742.712196
749.360940
712.493815
709.627749
701.794456
690.741922
678.590773
667.538239
659.704946
656.838880
659.704946
667.538239
678.590773
690.741922
701.794456
709.627749
712.493815
709.627749
701.794456
690.741922
678.590773
667.538239
659.704946
656.838880
659.704946
667.538239
678.590773
690.741922
701.794456
709.627749
676.832751
673.463827
664.337014
651.549136
637.526555
624.738677
615.611865
612.242941
615.611865
624.738677
637.526555
651.549136
664.337014
673.463827
676.832751
673.463827
664.337014
651.549136
637.526555
624.738677
615.611865
612.242941
615.611865
624.738677
637.526555
651.549136
664.337014
673.463827
644.340624
640.407988
629.872741
615.233316
599.228443
584.589018
574.053771
570.121135
574.053771
584.589018
599.228443
615.233316
629.872741
640.407988
644.340624
640.407988
629.872741
615.233316
599.228443
584.589018
574.053771
570.121135
574.053771
584.589018
599.228443
615.233316
629.872741
640.407988
614.657101
610.089569
598.024289
581.420231
563.329241
546.725183
534.659903
530.092370
534.659903
546.725183
563.329241
581.420231
598.024289
610.089569
614.657101
610.089569
598.024289
581.420231
563.329241
546.725183
534.659903
530.092370
534.659903
546.725183
563.329241
581.420231
598.024289
610.089569
587.492746
582.205898
568.481608
549.803722
529.530794
510.852909
497.128619
491.841770
497.128619
510.852909
529.530794
549.803722
568.481608
582.205898
587.492746
582.205898
568.481608
549.803722
529.530794
510.852909
497.128619
491.841770
497.128619
510.852909
529.530794
549.803722
568.481608
582.205898
562.613630
556.506201
540.985972
520.129806
497.588043
476.731877
461.211648
455.104219
461.211648
476.731877
497.588043
520.129806
540.985972
556.506201
562.613630
556.506201
540.985972
520.129806
497.588043
476.731877
461.211648
455.104219
461.211648
476.731877
497.588043
520.129806
540.985972
556.506201
539.830368
532.779807
515.318371
492.185147
467.297437
444.164213
426.702778
419.652216
426.702778
444.164213
467.297437
492.185147
515.318371
532.779807
539.830368
532.779807
515.318371
492.185147
467.297437
444.164213
426.702778
419.652216
426.702778
444.164213
467.297437
492.185147
515.318371
532.779807
518.990247
510.847281
491.290917
465.788554
438.488346
412.985983
393.429620
385.286653
393.429620
412.985983
438.488346
465.788554
491.290917
510.847281
518.990247
510.847281
491.290917
465.788554
438.488346
412.985983
393.429620
385.286653
393.429620
412.985983
438.488346
465.788554
491.290917
510.847281
499.971562
490.553590
468.740385
440.784595
411.016573
383.060783
361.247578
351.829605
361.247578
383.060783
411.016573
440.784595
468.740385
490.553590
499.971562
490.553590
468.740385
440.784595
411.016573
383.060783
361.247578
351.829605
361.247578
383.060783
411.016573
440.784595
468.740385
490.553590
482.679589
471.762695
447.523291
417.038740
384.759373
354.274822
330.035418
319.118524
330.035418
354.274822
384.759373
417.038740
447.523291
471.762695
482.679589
471.762695
447.523291
417.038740
384.759373
354.274822
330.035418
319.118524
330.035418
354.274822
384.759373
417.038740
447.523291
471.762695
467.043786
454.353148
427.512111
394.433626
359.611570
326.533085
299.692048
287.001410
299.692048
326.533085
359.611570
394.433626
427.512111
454.353148
467.043786
454.353148
427.512111
394.433626
359.611570
326.533085
299.692048
287.001410
299.692048
326.533085
359.611570
394.433626
427.512111
454.353148
453.015974
438.214389
408.592354
372.866145
335.482479
299.756271
270.134236
255.332651
270.134236
299.756271
335.482479
372.866145
408.592354
438.214389
453.015974
438.214389
408.592354
372.866145
335.482479
299.756271
270.134236
255.332651
270.134236
299.756271
335.482479
372.866145
408.592354
438.214389
440.569289
423.243547
390.660299
352.245167
312.293442
273.878310
241.295062
223.969320
241.295062
273.878310
312.293442
352.245167
390.660299
423.243547
440.569289
423.243547
390.660299
352.245167
312.293442
273.878310
241.295062
223.969320
241.295062
273.878310
312.293442
352.245167
390.660299
423.243547
429.697797
409.342554
373.621261
332.489728
289.975827
248.844294
213.123001
192.767757
213.123001
248.844294
289.975827
332.489728
373.621261
409.342554
429.697797
409.342554
373.621261
332.489728
289.975827
248.844294
213.123001
192.767757
213.123001
248.844294
289.975827
332.489728
373.621261
409.342554
420.416669
396.415475
357.388271
313.527598
268.469382
224.608710
185.581505
161.580312
185.581505
224.608710
268.469382
313.527598
357.388271
396.415475
420.416669
396.415475
357.388271
313.527598
268.469382
224.608710
185.581505
161.580312
185.581505
224.608710
268.469382
313.527598
357.388271
396.415475
412.762868
384.365943
341.881124
295.294129
247.720878
201.133883
158.649065
130.252139
158.649065
201.133883
247.720878
295.294129
341.881124
384.365943
412.762868
384.365943
341.881124
295.294129
247.720878
201.133883
158.649065
130.252139
158.649065
201.133883
247.720878
295.294129
341.881124
384.365943
406.796304
373.094615
327.025723
277.731319
227.682967
178.388563
132.319670
98.617981
132.319670
178.388563
227.682967
277.731319
327.025723
373.094615
406.796304
373.094615
327.025723
277.731319
227.682967
178.388563
132.319670
98.617981
132.319670
178.388563
227.682967
277.731319
327.025723
373.094615
402.601434
362.496606
312.753693
260.787050
208.313230
156.346587
106.603674
66.498847
106.603674
156.346587
208.313230
260.787050
312.753693
362.496606
402.601434
362.496606
312.753693
260.787050
208.313230
156.346587
106.603674
66.498847
106.603674
156.346587
208.313230
260.787050
312.753693
362.496606
400.289298
352.458820
299.002248
244.414465
189.573376
134.985593
81.529021
33.698543
81.529021
134.985593
189.573376
244.414465
299.002248
352.458820
400.289298
352.458820
299.002248
244.414465
189.573376
134.985593
81.529021
33.698543
81.529021
134.985593
189.573376
244.414465
299.002248
352.458820
400.000000
342.857143
285.714286
228.571429
171.428571
114.285714
57.142857
0.000000
57.142857
114.285714
171.428571
228.571429
285.714286
342.857143
400.000000
342.857143
285.714286
228.571429
171.428571
114.285714
57.142857
0.000000
57.142857
114.285714
171.428571
228.571429
285.714286
342.857143
