1500.000000
1500.000000
1500.000000
1500.000000
1500.000000
1500.000000
1500.000000
1500.000000
1500.000000
1500.000000
1500.000000
1500.000000
1500.000000
1500.000000
1500.000000
1500.000000
1500.000000
1500.000000
1500.000000
1500.000000
1500.000000
1500.000000
1500.000000
1500.000000
1500.000000
1500.000000
1500.000000
1500.000000
1500.000000
1500.000000
1500.000000
1500.000000
1337.157926
1337.019056
1336.623700
1336.032244
1335.334769
1334.637294
1334.045838
1333.650482
1333.511612
1333.650482
1334.045838
1334.637294
1335.334769
1336.032244
1336.623700
1337.019056
1337.157926
1337.019056
1336.623700
1336.032244
1335.334769
1334.637294
1334.045838
1333.650482
1333.511612
1333.650482
1334.045838
1334.637294
1335.334769
1336.032244
1336.623700
1337.019056
1213.287819
1213.012045
1212.227109
1211.053211
1209.669198
1208.285185
1207.111287
1206.326351
1206.050576
1206.326351
1207.111287
1208.285185
1209.669198
1211.053211
1212.227109
1213.012045
1213.287819
1213.012045
1212.227109
1211.053211
1209.669198
1208.285185
1207.111287
1206.326351
1206.050576
1206.326351
1207.111287
1208.285185
1209.669198
1211.053211
1212.227109
1213.012045
1113.662102
1113.235325
1112.021087
1110.206175
1108.067247
1105.928318
1104.113407
1102.899169
1102.472391
1102.899169
1104.113407
1105.928318
1108.067247
1110.206175
1112.021087
1113.235325
1113.662102
1113.235325
1112.021087
1110.206175
1108.067247
1105.928318
1104.113407
1102.899169
1102.472391
1102.899169
1104.113407
1105.928318
1108.067247
1110.206175
1112.021087
1113.235325
1030.619510
1030.021716
1028.322031
1025.783778
1022.794181
1019.804584
1017.266330
1015.566646
1014.968851
1015.566646
1017.266330
1019.804584
1022.794181
1025.783778
1028.322031
1030.021716
1030.619510
1030.021716
1028.322031
1025.783778
1022.794181
1019.804584
1017.266330
1015.566646
1014.968851
1015.566646
1017.266330
1019.804584
1022.794181
1025.783778
1028.322031
1030.021716
959.669661
958.877936
956.629077
953.275078
949.328155
945.381231
942.027232
939.778373
938.986648
939.778373
942.027232
945.381231
949.328155
953.275078
956.629077
958.877936
959.669661
958.877936
956.629077
953.275078
949.328155
945.381231
942.027232
939.778373
938.986648
939.778373
942.027232
945.381231
949.328155
953.275078
956.629077
958.877936
897.956377
896.945842
894.079548
889.812494
884.797186
879.781878
875.514823
872.648530
871.637994
872.648530
875.514823
879.781878
884.797186
889.812494
894.079548
896.945842
897.956377
896.945842
894.079548
889.812494
884.797186
879.781878
875.514823
872.648530
871.637994
872.648530
875.514823
879.781878
884.797186
889.812494
894.079548
896.945842
843.551277
842.295242
838.739701
833.459595
827.263551
821.067506
815.787400
812.231860
810.975825
812.231860
815.787400
821.067506
827.263551
833.459595
838.739701
842.295242
843.551277
842.295242
838.739701
833.459595
827.263551
821.067506
815.787400
812.231860
810.975825
812.231860
815.787400
821.067506
827.263551
833.459595
838.739701
842.295242
795.091979
793.561696
789.241619
782.846842
775.358206
767.869571
761.474794
757.154716
755.624433
757.154716
761.474794
767.869571
775.358206
782.846842
789.241619
793.561696
795.091979
793.561696
789.241619
782.846842
775.358206
767.869571
761.474794
757.154716
755.624433
757.154716
761.474794
767.869571
775.358206
782.846842
789.241619
793.561696
751.581191
749.745330
744.581561
736.969426
728.078090
719.186754
711.574619
706.410851
704.574990
706.410851
711.574619
719.186754
728.078090
736.969426
744.581561
749.745330
751.581191
749.745330
744.581561
736.969426
728.078090
719.186754
711.574619
706.410851
704.574990
706.410851
711.574619
719.186754
728.078090
736.969426
744.581561
749.745330
712.267919
710.091783
704.000633
695.067733
684.666348
674.264962
665.332062
659.240912
657.064776
659.240912
665.332062
674.264962
684.666348
695.067733
704.000633
710.091783
712.267919
710.091783
704.000633
695.067733
684.666348
674.264962
665.332062
659.240912
657.064776
659.240912
665.332062
674.264962
684.666348
695.067733
704.000633
710.091783
676.573644
674.018095
666.910467
656.552946
644.537846
632.522745
622.165224
615.057597
612.502048
615.057597
622.165224
632.522745
644.537846
656.552946
666.910467
674.018095
676.573644
674.018095
666.910467
656.552946
644.537846
632.522745
622.165224
615.057597
612.502048
615.057597
622.165224
632.522745
644.537846
656.552946
666.910467
674.018095
644.044543
641.064572
632.844952
620.958790
607.230879
593.502969
581.616806
573.397187
570.417216
573.397187
581.616806
593.502969
607.230879
620.958790
632.844952
641.064572
644.044543
641.064572
632.844952
620.958790
607.230879
593.502969
581.616806
573.397187
570.417216
573.397187
581.616806
593.502969
607.230879
620.958790
632.844952
641.064572
614.319544
610.862404
601.427750
587.909101
572.374736
556.840370
543.321722
533.887067
530.429927
533.887067
543.321722
556.840370
572.374736
587.909101
601.427750
610.862404
614.319544
610.862404
601.427750
587.909101
572.374736
556.840370
543.321722
533.887067
530.429927
533.887067
543.321722
556.840370
572.374736
587.909101
601.427750
610.862404
587.108409
583.111183
572.349760
557.095399
539.667258
522.239117
506.984757
496.223334
492.226108
496.223334
506.984757
522.239118
539.667258
557.095399
572.349760
583.111183
587.108409
583.111183
572.349760
557.095399
539.667258
522.239118
506.984757
496.223334
492.226108
496.223334
506.984757
522.239117
539.667258
557.095399
572.349760
583.111183
562.176393
557.562855
545.353079
528.260978
508.858925
489.456872
472.364771
460.154995
455.541456
460.154995
472.364771
489.456872
508.858925
528.260978
545.353079
557.562855
562.176393
557.562855
545.353079
528.260978
508.858925
489.456872
472.364771
460.154995
455.541456
460.154995
472.364771
489.456872
508.858925
528.260978
545.353079
557.562855
539.333377
534.009953
520.219308
501.189376
479.741292
458.293208
439.263277
425.472631
420.149208
425.472631
439.263277
458.293208
479.741292
501.189376
520.219308
534.009953
539.333377
534.009953
520.219308
501.189376
479.741292
458.293208
439.263277
425.472631
420.149208
425.472631
439.263277
458.293208
479.741292
501.189376
520.219308
534.009953
518.426126
512.276741
496.760869
475.695877
452.138450
428.581023
407.516031
392.000160
385.850774
392.000160
407.516031
428.581023
452.138450
475.695877
496.760869
512.276741
518.426126
512.276741
496.760869
475.695877
452.138450
428.581023
407.516031
392.000160
385.850774
392.000160
407.516031
428.581023
452.138450
475.695877
496.760869
512.276741
499.332840
492.212347
474.814434
451.621136
425.900584
400.180032
376.986734
359.588821
352.468327
359.588821
376.986734
400.180032
425.900584
451.621136
474.814434
492.212347
499.332840
492.212347
474.814434
451.621136
425.900584
400.180032
376.986734
359.588821
352.468327
359.588821
376.986734
400.180032
425.900584
451.621136
474.814434
492.212347
481.959398
473.685288
454.235889
428.826355
400.899056
372.971758
347.562224
328.112825
319.838715
328.112825
347.562224
372.971758
400.899056
428.826355
454.235889
473.685288
481.959398
473.685288
454.235889
428.826355
400.899056
372.971758
347.562224
328.112825
319.838715
328.112825
347.562224
372.971758
400.899056
428.826355
454.235889
473.685288
466.236954
456.578927
434.896434
407.189584
377.022598
346.855612
319.148762
297.466269
287.808242
297.466269
319.148762
346.855612
377.022598
407.189584
434.896434
456.578927
466.236954
456.578927
434.896434
407.189584
377.022598
346.855612
319.148762
297.466269
287.808242
297.466269
319.148762
346.855612
377.022598
407.189584
434.896434
456.578927
452.120628
440.787565
416.679541
386.602870
354.174312
321.745755
291.669083
267.561060
256.227996
267.561060
291.669083
321.745755
354.174312
386.602870
416.679541
440.787565
452.120628
440.787565
416.679541
386.602870
354.174312
321.745755
291.669083
267.561060
256.227996
267.561060
291.669083
321.745755
354.174312
386.602870
416.679541
440.787565
439.589137
426.212910
399.478591
366.970041
332.269305
297.568569
265.060018
238.325700
224.949472
238.325700
265.060018
297.568569
332.269305
366.970041
399.478591
426.212910
439.589137
426.212910
399.478591
366.970041
332.269305
297.568569
265.060018
238.325700
224.949472
238.325700
265.060018
297.568569
332.269305
366.970041
399.478591
426.212910
428.645270
412.760754
383.195051
348.204988
311.232777
274.260567
239.270504
209.704800
193.820285
209.704800
239.270504
274.260567
311.232777
348.204988
383.195051
412.760754
428.645270
412.760754
383.195051
348.204988
311.232777
274.260567
239.270504
209.704800
193.820285
209.704800
239.270504
274.260567
311.232777
348.204988
383.195051
412.760754
419.317163
400.337695
367.737113
330.230323
290.998490
251.766658
214.259867
181.659286
162.679818
181.659286
214.259867
251.766658
290.998490
330.230323
367.737113
400.337695
419.317163
400.337695
367.737113
330.230323
290.998490
251.766658
214.259867
181.659286
162.679818
181.659286
214.259867
251.766658
290.998490
330.230323
367.737113
400.337695
411.660360
388.847759
353.018746
312.976332
271.507504
230.038676
189.996262
154.167249
131.354648
154.167249
189.996262
230.038676
271.507504
312.976332
353.018746
388.847759
411.660360
388.847759
353.018746
312.976332
271.507504
230.038676
189.996262
154.167249
131.354648
154.167249
189.996262
230.038676
271.507504
312.976332
353.018746
388.847759
405.760669
378.188833
338.959106
296.380154
252.707143
209.034131
166.455179
127.225453
99.653617
127.225453
166.455179
209.034131
252.707143
296.380154
338.959106
378.188833
405.760669
378.188833
338.959106
296.380154
252.707143
209.034131
166.455179
127.225453
99.653617
127.225453
166.455179
209.034131
252.707143
296.380154
338.959106
378.188833
401.737847
368.248767
325.482328
280.385139
234.550140
188.715141
143.617953
100.851513
67.362433
100.851513
143.617953
188.715141
234.550140
280.385139
325.482328
368.248767
401.737847
368.248767
325.482328
280.385139
234.550140
188.715141
143.617953
100.851513
67.362433
100.851513
143.617953
188.715141
234.550140
280.385139
325.482328
368.248767
399.750178
358.901059
312.517660
264.940322
216.993921
169.047519
121.470181
75.086782
34.237663
75.086782
121.470181
169.047519
216.993921
264.940322
312.517660
358.901059
399.750178
358.901059
312.517660
264.940322
216.993921
169.047519
121.470181
75.086782
34.237663
75.086782
121.470181
169.047519
216.993921
264.940322
312.517660
358.901059
400.000000
350.000000
300.000000
250.000000
200.000000
150.000000
100.000000
50.000000
0.000000
50.000000
100.000000
150.000000
200.000000
250.000000
300.000000
350.000000
400.000000
350.000000
300.000000
250.000000
200.000000
150.000000
100.000000
50.000000
0.000000
50.000000
100.000000
150.000000
200.000000
250.000000
300.000000
350.000000
