1500.000000
1500.000000
1500.000000
1500.000000
1500.000000
1500.000000
1500.000000
1500.000000
1500.000000
1500.000000
1500.000000
1500.000000
1500.000000
1500.000000
1500.000000
1500.000000
1500.000000
1500.000000
1500.000000
1500.000000
1500.000000
1500.000000
1500.000000
1500.000000
1500.000000
1500.000000
1500.000000
1500.000000
1500.000000
1500.000000
1500.000000
1500.000000
1500.000000
1500.000000
1500.000000
1328.554279
1328.571413
1328.603521
1328.646886
1328.697130
1328.750050
1328.802172
1328.850992
1328.894954
1328.933290
1328.965815
1328.992713
1329.014377
1329.031275
1329.043870
1329.052562
1329.057652
1329.059327
1329.057652
1329.052562
1329.043870
1329.031275
1329.014377
1328.992713
1328.965815
1328.933290
1328.894954
1328.850992
1328.802172
1328.750050
1328.697130
1328.646886
1328.603521
1328.571413
1328.554279
1196.644644
1196.678524
1196.741473
1196.825432
1196.921272
1197.020636
1197.116993
1197.205939
1197.284982
1197.353118
1197.410353
1197.457297
1197.494848
1197.523982
1197.545606
1197.560484
1197.569179
1197.572040
1197.569179
1197.560484
1197.545606
1197.523982
1197.494848
1197.457297
1197.410353
1197.353118
1197.284982
1197.205939
1197.116993
1197.020636
1196.921272
1196.825432
1196.741473
1196.678524
1196.644644
1089.431105
1089.483840
1089.580638
1089.707542
1089.849541
1089.993766
1090.130870
1090.255135
1090.363777
1090.456121
1090.532768
1090.595018
1090.644413
1090.682497
1090.710627
1090.729916
1090.741161
1090.744858
1090.741161
1090.729916
1090.710627
1090.682497
1090.644413
1090.595018
1090.532768
1090.456121
1090.363777
1090.255135
1090.130870
1089.993766
1089.849541
1089.707542
1089.580638
1089.483840
1089.431105
999.105225
999.180547
999.316646
999.491323
999.682153
999.871385
1000.047226
1000.203385
1000.337477
1000.449741
1000.541727
1000.615675
1000.673848
1000.718422
1000.751167
1000.773555
1000.786564
1000.790847
1000.786564
1000.773555
1000.751167
1000.718422
1000.673848
1000.615675
1000.541727
1000.449741
1000.337477
1000.203385
1000.047226
999.871385
999.682153
999.491323
999.316646
999.180547
999.105225
921.053050
921.156271
921.339120
921.567997
921.811239
922.046146
922.259071
922.444153
922.600084
922.728658
922.832600
922.915345
922.979844
923.029001
923.064882
923.089383
923.103537
923.108234
923.103537
923.089383
923.064882
923.029001
922.979844
922.915345
922.832600
922.728658
922.600084
922.444153
922.259071
922.046146
921.811239
921.567997
921.339120
921.156271
921.053050
852.321015
852.459327
852.698332
852.989052
853.288558
853.569758
853.817935
854.029054
854.203402
854.345111
854.458039
854.547208
854.615975
854.668241
854.706038
854.731933
854.746700
854.751732
854.746700
854.731933
854.706038
854.668241
854.615975
854.547208
854.458039
854.345111
854.203402
854.029054
853.817935
853.569758
853.288558
852.989052
852.698332
852.459327
852.321015
790.903858
791.086903
791.393492
791.754720
792.114115
792.441888
792.722979
792.957243
793.146562
793.298625
793.417788
793.511496
793.582684
793.637003
793.675594
793.702461
793.717276
793.722726
793.717276
793.702461
793.675594
793.637003
793.582684
793.511496
793.417788
793.298625
793.146562
792.957243
792.722979
792.441888
792.114115
791.754720
791.393492
791.086903
790.903858
735.377104
735.617844
736.005501
736.446824
736.868969
737.243185
737.554045
737.808669
738.009276
738.169423
738.292055
738.389010
738.460744
738.516584
738.554729
738.582569
738.596647
738.602921
738.596647
738.582569
738.554729
738.516584
738.460744
738.389010
738.292055
738.169423
738.009276
737.808669
737.554045
737.243185
736.868969
736.446824
736.005501
735.617844
735.377104
684.691611
685.007621
685.491721
686.023669
686.509973
686.930260
687.266543
687.539194
687.746818
687.913626
688.036559
688.136366
688.206343
688.264006
688.299960
688.329521
688.341489
688.349659
688.341489
688.329521
688.299960
688.264006
688.206343
688.136366
688.036559
687.913626
687.746818
687.539194
687.266543
686.930260
686.509973
686.023669
685.491721
685.007621
684.691611
638.051289
638.466641
639.063892
639.698190
640.247606
640.713899
641.069388
641.358888
641.568021
641.741573
641.860552
641.964345
642.029136
642.090390
642.121205
642.154633
642.161848
642.174319
642.161848
642.154633
642.121205
642.090390
642.029136
641.964345
641.860552
641.741573
641.568021
641.358888
641.069388
640.713899
640.247606
639.698190
639.063892
638.466641
638.051289
594.836495
595.384486
596.111684
596.861937
597.469425
597.983104
598.348537
598.656133
598.858843
599.041950
599.150396
599.262033
599.315836
599.385107
599.405402
599.447437
599.444763
599.466483
599.444763
599.447437
599.405402
599.385107
599.315836
599.262033
599.150396
599.041950
598.858843
598.656133
598.348537
597.983104
597.469425
596.861937
596.111684
595.384486
594.836495
554.553919
555.280996
556.152659
557.035823
557.689937
558.255918
558.616945
558.948481
559.132337
559.332647
559.419535
559.547688
559.580198
559.666661
559.666487
559.726565
559.704256
559.744824
559.704256
559.726565
559.666487
559.666661
559.580198
559.547688
559.419535
559.332647
559.132337
558.948481
558.616945
558.255918
557.689937
557.035823
556.152659
555.280996
554.553919
516.802510
517.773869
518.798140
519.837293
520.516394
521.146685
521.480437
521.849949
521.994518
522.228051
522.274372
522.436032
522.428893
522.549982
522.511288
522.607059
522.547222
522.624416
522.547222
522.607059
522.511288
522.549982
522.428893
522.436032
522.274372
522.228051
521.994518
521.849949
521.480437
521.146685
520.516394
519.837293
518.798140
517.773869
516.802510
481.249430
482.556941
483.728901
484.958104
485.624461
486.343936
486.613434
487.048919
487.120095
487.416940
487.389987
487.616151
487.537244
487.724338
487.615258
487.778274
487.649171
487.794643
487.649171
487.778274
487.615258
487.724338
487.537244
487.616151
487.389987
487.416940
487.120095
487.048919
486.613434
486.343936
485.624461
484.958104
483.728901
482.556941
481.249430
447.612451
449.385760
450.676976
452.149305
452.740037
453.595512
453.740845
454.293267
454.234351
454.647603
454.492021
454.836616
454.631103
454.938453
454.704358
454.989013
454.736111
455.004328
454.736111
454.989013
454.704358
454.938453
454.631103
454.836616
454.492021
454.647603
454.234351
454.293267
453.740845
453.595512
452.740037
452.149305
450.676976
449.385760
447.612451
415.646506
418.068422
419.411162
421.211466
421.624868
422.698926
422.623724
423.380725
423.098785
423.718199
423.342314
423.895842
423.472494
423.990876
423.540707
424.037883
423.570199
424.052100
423.570199
424.037883
423.540707
423.990876
423.472494
423.895842
423.342314
423.718199
423.098785
423.380725
422.623724
422.698926
421.624868
421.211466
419.411162
418.068422
415.646506
385.132913
388.460535
389.724561
391.988995
392.064260
393.495846
393.047023
394.153357
393.498853
394.471218
393.726642
394.636550
393.847359
394.724441
393.910324
394.767773
393.937486
394.780860
393.937486
394.767773
393.910324
394.724441
393.847359
394.636550
393.726642
394.471218
393.498853
394.153357
393.047023
393.495846
392.064260
391.988995
389.724561
388.460535
385.132913
355.870245
360.463650
361.422875
364.367995
363.855658
365.870110
364.808197
366.495554
365.232555
366.791472
365.443307
366.943759
365.554142
367.024266
365.611720
367.063844
365.636509
367.075782
365.636509
367.063844
365.611720
367.024266
365.554142
366.943759
365.443307
366.791472
365.232555
366.495554
364.808197
365.870110
363.855658
364.367995
361.422875
360.463650
355.870245
327.666085
334.026898
334.312431
338.277460
336.797056
339.749079
337.705620
340.335366
338.098842
340.607420
338.291534
340.746113
338.392191
340.819079
338.444298
340.854859
338.466694
340.865640
338.466694
340.854859
338.444298
340.819079
338.392191
340.746113
338.291534
340.607420
338.098842
340.335366
337.705620
339.749079
336.797056
338.277460
334.312431
334.026898
327.666085
300.329084
309.151833
308.186981
313.693926
310.674287
315.108421
311.525865
315.649267
311.884871
315.895924
312.058735
316.020639
312.149026
316.085975
312.195626
316.117946
312.215625
316.127570
312.215625
316.117946
312.195626
316.085975
312.149026
316.020639
312.058735
315.895924
311.884871
315.649267
311.525865
315.108421
310.674287
313.693926
308.186981
309.151833
300.329084
273.660832
285.900668
282.812345
290.649929
285.246252
291.980689
286.028912
292.470695
286.351210
292.690789
286.505704
292.801285
286.585534
292.858965
286.626628
292.887137
286.644243
292.895611
286.644243
292.887137
286.626628
292.858965
286.585534
292.801285
286.505704
292.690789
286.351210
292.470695
286.028912
291.980689
285.246252
290.649929
282.812345
285.900668
273.660832
247.447107
264.408304
257.907929
269.246854
260.227105
270.468232
260.930294
270.902940
261.213958
271.095644
261.348748
271.191809
261.418100
271.241854
261.453723
271.266260
261.468976
271.273596
261.468976
271.266260
261.453723
271.241854
261.418100
271.191809
261.348748
271.095644
261.213958
270.902940
260.930294
270.468232
260.227105
269.246854
257.907929
264.408304
247.447107
221.448069
244.898677
233.124062
249.672968
235.264303
250.761259
235.879085
251.137173
236.122736
251.301972
236.237665
251.383798
236.296591
251.426275
236.326804
251.446963
236.339729
251.453179
236.339729
251.446963
236.326804
251.426275
236.296591
251.383798
236.237665
251.301972
236.122736
251.137173
235.879085
250.761259
235.264303
249.672968
233.124062
244.898677
221.448069
195.386990
227.706147
208.013960
232.227655
209.911267
233.162029
210.430500
233.476612
210.633266
233.613267
210.728339
233.680844
210.776945
233.715852
210.801831
233.732885
210.812470
233.738000
210.812470
233.732885
210.801831
233.715852
210.776945
233.680844
210.728339
233.613267
210.633266
233.476612
210.430500
233.162029
209.911267
232.227655
208.013960
227.706147
195.386990
168.937060
213.302789
181.998986
217.353110
183.593250
218.116446
184.011686
218.368086
184.173166
218.476610
184.248525
218.530103
184.286965
218.557771
184.306625
218.571223
184.315024
218.575261
184.315024
218.571223
184.306625
218.557771
184.286965
218.530103
184.248525
218.476610
184.173166
218.368086
184.011686
218.116446
183.593250
217.353110
181.998986
213.302789
168.937060
141.705797
202.332624
154.325672
205.674998
155.564772
206.254547
155.879085
206.442504
155.999298
206.523123
156.055201
206.562767
156.083670
206.583248
156.098217
206.593199
156.104430
206.596186
156.104430
206.593199
156.098217
206.583248
156.083670
206.562767
156.055201
206.523123
155.999298
206.442504
155.879085
206.254547
155.564772
205.674998
154.325672
202.332624
141.705797
113.216530
195.654027
124.012750
198.053869
124.856730
198.441676
125.065462
198.566007
125.144799
198.619136
125.181604
198.645220
125.200327
198.658685
125.209888
198.665224
125.213970
198.667187
125.213970
198.665224
125.209888
198.658685
125.200327
198.645220
125.181604
198.619136
125.144799
198.566007
125.065462
198.441676
124.856730
198.053869
124.012750
195.654027
113.216530
82.886366
194.391720
89.786195
195.649415
90.210996
195.842457
90.314434
195.903930
90.353609
195.930143
90.371758
195.943000
90.380984
195.949634
90.385694
195.952855
90.387705
195.953821
90.387705
195.952855
90.385694
195.949634
90.380984
195.943000
90.371758
195.930143
90.353609
195.903930
90.314434
195.842457
90.210996
195.649415
89.786195
194.391720
82.886366
50.000000
200.000000
50.000000
200.000000
50.000000
200.000000
50.000000
200.000000
50.000000
200.000000
50.000000
200.000000
50.000000
200.000000
50.000000
200.000000
50.000000
200.000000
50.000000
200.000000
50.000000
200.000000
50.000000
200.000000
50.000000
200.000000
50.000000
200.000000
50.000000
200.000000
50.000000
200.000000
50.000000
200.000000
50.000000
