1500.000000
1500.000000
1500.000000
1500.000000
1500.000000
1500.000000
1500.000000
1500.000000
1500.000000
1500.000000
1500.000000
1500.000000
1500.000000
1500.000000
1500.000000
1500.000000
1500.000000
1500.000000
1500.000000
1500.000000
1500.000000
1500.000000
1500.000000
1500.000000
1500.000000
1500.000000
1500.000000
1500.000000
1500.000000
1500.000000
1500.000000
1500.000000
1500.000000
1500.000000
1500.000000
1500.000000
1337.144094
1337.034917
1336.720614
1336.239220
1335.648860
1335.020678
1334.430318
1333.948924
1333.634621
1333.525443
1333.634621
1333.948924
1334.430318
1335.020678
1335.648860
1336.239220
1336.720614
1337.034917
1337.144094
1337.034917
1336.720614
1336.239220
1335.648860
1335.020678
1334.430318
1333.948924
1333.634621
1333.525443
1333.634621
1333.948924
1334.430318
1335.020678
1335.648860
1336.239220
1336.720614
1337.034917
1213.261419
1213.044556
1212.420353
1211.464545
1210.292638
1209.045757
1207.873851
1206.918043
1206.293839
1206.076977
1206.293839
1206.918043
1207.873851
1209.045758
1210.292638
1211.464545
1212.420353
1213.044556
1213.261419
1213.044556
1212.420353
1211.464545
1210.292638
1209.045758
1207.873851
1206.918043
1206.293839
1206.076977
1206.293839
1206.918043
1207.873851
1209.045757
1210.292638
1211.464545
1212.420353
1213.044556
1113.623052
1113.287367
1112.321436
1110.843021
1109.031049
1107.103445
1105.291473
1103.813057
1102.847127
1102.511442
1102.847127
1103.813057
1105.291473
1107.103445
1109.031049
1110.843021
1112.321436
1113.287367
1113.623052
1113.287367
1112.321436
1110.843021
1109.031049
1107.103445
1105.291473
1103.813057
1102.847127
1102.511442
1102.847127
1103.813057
1105.291473
1107.103445
1109.031049
1110.843021
1112.321436
1113.287367
1030.567260
1030.096979
1028.744392
1026.675642
1024.141690
1021.446671
1018.912719
1016.843970
1015.491383
1015.021101
1015.491383
1016.843970
1018.912719
1021.446671
1024.141690
1026.675642
1028.744392
1030.096979
1030.567260
1030.096979
1028.744392
1026.675642
1024.141690
1021.446671
1018.912719
1016.843970
1015.491383
1015.021101
1015.491383
1016.843970
1018.912719
1021.446671
1024.141690
1026.675642
1028.744392
1030.096979
959.603461
958.980554
957.190282
954.454992
951.107613
947.548697
944.201317
941.466027
939.675755
939.052848
939.675755
941.466027
944.201317
947.548697
951.107613
954.454992
957.190282
958.980554
959.603461
958.980554
957.190282
954.454992
951.107613
947.548697
944.201317
941.466027
939.675755
939.052848
939.675755
941.466027
944.201317
947.548697
951.107613
954.454992
957.190282
958.980554
897.875344
897.080281
894.797587
891.315156
887.058778
882.535594
878.279215
874.796785
872.514091
871.719027
872.514091
874.796785
878.279215
882.535594
887.058778
891.315156
894.797587
897.080281
897.875344
897.080281
894.797587
891.315156
887.058778
882.535594
878.279215
874.796785
872.514091
871.719027
872.514091
874.796785
878.279215
882.535594
887.058778
891.315156
894.797587
897.080281
843.454408
842.466293
839.633449
835.320543
830.057981
824.469121
819.206558
814.893652
812.060808
811.072693
812.060808
814.893652
819.206558
824.469121
830.057981
835.320543
839.633449
842.466293
843.454408
842.466293
839.633449
835.320543
830.057981
824.469121
819.206558
814.893652
812.060808
811.072693
812.060808
814.893652
819.206558
824.469121
830.057981
835.320543
839.633449
842.466293
794.978117
793.774524
790.330783
785.102011
778.735859
771.980553
765.614402
760.385629
756.941888
755.738295
756.941888
760.385629
765.614402
771.980553
778.735859
785.102011
790.330783
793.774524
794.978117
793.774524
790.330783
785.102011
778.735859
771.980553
765.614402
760.385629
756.941888
755.738295
756.941888
760.385629
765.614402
771.980553
778.735859
785.102011
790.330783
793.774524
751.448971
750.005560
745.886724
739.654875
732.088436
724.067744
716.501305
710.269456
706.150620
704.707210
706.150620
710.269456
716.501305
724.067744
732.088436
739.654875
745.886724
750.005560
751.448971
750.005560
745.886724
739.654875
732.088436
724.067744
716.501305
710.269456
706.150620
704.707210
706.150620
710.269456
716.501305
724.067744
732.088436
739.654875
745.886724
750.005560
712.115703
710.405640
705.543350
698.219428
689.357446
679.975249
671.113267
663.789345
658.927055
657.216992
658.927055
663.789345
671.113267
679.975249
689.357446
698.219428
705.543350
710.405640
712.115703
710.405640
705.543350
698.219428
689.357446
679.975249
671.113267
663.789345
658.927055
657.216992
658.927055
663.789345
671.113267
679.975249
689.357446
698.219428
705.543350
710.405640
676.399432
674.392579
668.713386
660.206564
649.955895
639.119797
628.869128
620.362306
614.683113
612.676259
614.683113
620.362306
628.869128
639.119797
649.955895
660.206564
668.713386
674.392579
676.399432
674.392579
668.713386
660.206564
649.955895
639.119797
628.869128
620.362306
614.683113
612.676259
614.683113
620.362306
628.869128
639.119797
649.955895
660.206564
668.713386
674.392579
643.845874
641.507695
634.931944
625.149499
613.419779
601.041980
589.312260
579.529815
572.954064
570.615885
572.954064
579.529815
589.312260
601.041980
613.419779
625.149499
634.931944
641.507695
643.845874
641.507695
634.931944
625.149499
613.419779
601.041980
589.312260
579.529815
572.954064
570.615885
572.954064
579.529815
589.312260
601.041980
613.419779
625.149499
634.931944
641.507695
614.093388
611.383485
603.824026
592.671331
579.375661
565.373811
552.078140
540.925445
533.365986
530.656083
533.365986
540.925445
552.078140
565.373811
579.375661
592.671331
603.824026
611.383485
614.093388
611.383485
603.824026
592.671331
579.375661
565.373811
552.078140
540.925445
533.365986
530.656083
533.365986
540.925445
552.078140
565.373811
579.375661
592.671331
603.824026
611.383485
586.851055
583.721207
575.081958
562.462569
547.518246
531.816271
516.871948
504.252558
495.613310
492.483462
495.613310
504.252558
516.871948
531.816271
547.518246
562.462569
575.081958
583.721207
586.851055
583.721207
575.081958
562.462569
547.518246
531.816271
516.871948
504.252558
495.613310
492.483462
495.613310
504.252558
516.871948
531.816271
547.518246
562.462569
575.081958
583.721207
561.883354
558.274902
548.449305
534.265185
517.594472
500.123377
483.452664
469.268544
459.442947
455.834495
459.442947
469.268544
483.452664
500.123377
517.594472
534.265185
548.449305
558.274902
561.883354
558.274902
548.449305
534.265185
517.594472
500.123377
483.452664
469.268544
459.442947
455.834495
459.442947
469.268544
483.452664
500.123377
517.594472
534.265185
548.449305
558.274902
538.999332
534.839700
523.709105
507.861057
489.391987
470.090598
451.621528
435.773480
424.642885
420.483253
424.642885
435.773480
451.621528
470.090598
489.391987
507.861057
523.709105
534.839700
538.999332
534.839700
523.709105
507.861057
489.391987
470.090598
451.621528
435.773480
424.642885
420.483253
424.642885
435.773480
451.621528
470.090598
489.391987
507.861057
523.709105
534.839700
518.044941
513.243012
500.675094
483.063420
462.730631
441.546269
421.213480
403.601806
391.033888
386.231960
391.033888
403.601806
421.213480
441.546269
462.730631
483.063420
500.675094
513.243012
518.044941
513.243012
500.675094
483.063420
462.730631
441.546269
421.213480
403.601806
391.033888
386.231960
391.033888
403.601806
421.213480
441.546269
462.730631
483.063420
500.675094
513.243012
498.897718
493.337717
479.185022
459.710482
437.456055
414.345112
392.090685
372.616145
358.463450
352.903449
358.463450
372.616145
392.090685
414.345112
437.456055
459.710482
479.185022
493.337717
498.897718
493.337717
479.185022
459.710482
437.456055
414.345112
392.090685
372.616145
358.463450
352.903449
358.463450
372.616145
392.090685
414.345112
437.456055
459.710482
479.185022
493.337717
481.463250
474.996684
459.095477
437.660568
413.434859
388.363254
364.137545
342.702636
326.801429
320.334863
326.801429
342.702636
364.137545
388.363254
413.434859
437.660568
459.095477
474.996684
481.463250
474.996684
459.095477
437.660568
413.434859
388.363254
364.137545
342.702636
326.801429
320.334863
326.801429
342.702636
364.137545
388.363254
413.434859
437.660568
459.095477
474.996684
465.673086
458.108181
440.277824
416.788424
390.550849
363.494347
337.256772
313.767372
295.937015
288.372109
295.937015
313.767372
337.256772
363.494347
390.550849
416.788424
440.277824
458.108181
465.673086
458.108181
440.277824
416.788424
390.550849
363.494347
337.256772
313.767372
295.937015
288.372109
295.937015
313.767372
337.256772
363.494347
390.550849
416.788424
440.277824
458.108181
451.483907
442.571843
422.614994
396.982374
368.702127
339.646498
311.366251
285.733631
265.776782
256.864718
265.776782
285.733631
311.366251
339.646498
368.702127
396.982374
422.614994
442.571843
451.483907
442.571843
422.614994
396.982374
368.702127
339.646498
311.366251
285.733631
265.776782
256.864718
265.776782
285.733631
311.366251
339.646498
368.702127
396.982374
422.614994
442.571843
438.877818
428.294893
405.998935
378.142146
347.798801
316.739808
286.396463
258.539674
236.243716
225.660791
236.243716
258.539674
286.396463
316.739808
347.798801
378.142146
405.998935
428.294893
438.877818
428.294893
405.998935
378.142146
347.798801
316.739808
286.396463
258.539674
236.243716
225.660791
236.243716
258.539674
286.396463
316.739808
347.798801
378.142146
405.998935
428.294893
427.863761
415.188422
390.328621
360.177203
327.761170
294.704384
262.288352
232.136933
207.277132
194.601794
207.277132
232.136933
262.288352
294.704384
327.761170
360.177203
390.328621
415.188422
427.863761
415.188422
390.328621
360.177203
327.761170
294.704384
262.288352
232.136933
207.277132
194.601794
207.277132
232.136933
262.288352
294.704384
327.761170
360.177203
390.328621
415.188422
418.480039
403.163493
375.508539
343.005481
308.518278
273.478702
238.991499
206.488442
178.833488
163.516942
178.833488
206.488442
238.991499
273.478702
308.518278
343.005481
375.508539
403.163493
418.480039
403.163493
375.508539
343.005481
308.518278
273.478702
238.991499
206.488442
178.833488
163.516942
178.833488
206.488442
238.991499
273.478702
308.518278
343.005481
375.508539
403.163493
410.798053
392.126880
361.447637
326.552455
290.006738
253.008270
216.462553
181.567371
150.888128
132.216954
150.888128
181.567371
216.462553
253.008270
290.006738
326.552455
361.447637
392.126880
410.798053
392.126880
361.447637
326.552455
290.006738
253.008270
216.462553
181.567371
150.888128
132.216954
150.888128
181.567371
216.462553
253.008270
290.006738
326.552455
361.447637
392.126880
404.927356
381.976249
348.058718
310.750437
272.169779
233.244507
194.663848
157.355567
123.438036
100.486930
123.438036
157.355567
194.663848
233.244507
272.169779
310.750437
348.058718
381.976249
404.927356
381.976249
348.058718
310.750437
272.169779
233.244507
194.663848
157.355567
123.438036
100.486930
123.438036
157.355567
194.663848
233.244507
272.169779
310.750437
348.058718
381.976249
401.022182
372.594562
335.258327
295.538087
254.956458
214.143823
173.562193
133.841954
96.505718
68.078098
96.505718
133.841954
173.562193
214.143823
254.956458
295.538087
335.258327
372.594562
401.022182
372.594562
335.258327
295.538087
254.956458
214.143823
173.562193
133.841954
96.505718
68.078098
96.505718
133.841954
173.562193
214.143823
254.956458
295.538087
335.258327
372.594562
399.289668
363.843485
322.967161
280.860046
238.320998
195.666844
153.127795
111.020680
70.144356
34.698173
70.144356
111.020680
153.127795
195.666844
238.320998
280.860046
322.967161
363.843485
399.289668
363.843485
322.967161
280.860046
238.320998
195.666844
153.127795
111.020680
70.144356
34.698173
70.144356
111.020680
153.127795
195.666844
238.320998
280.860046
322.967161
363.843485
400.000000
355.555556
311.111111
266.666667
222.222222
177.777778
133.333333
88.888889
44.444444
0.000000
44.444444
88.888889
133.333333
177.777778
222.222222
266.666667
311.111111
355.555556
400.000000
355.555556
311.111111
266.666667
222.222222
177.777778
133.333333
88.888889
44.444444
0.000000
44.444444
88.888889
133.333333
177.777778
222.222222
266.666667
311.111111
355.555556
