1500.000000
1500.000000
1500.000000
1500.000000
1500.000000
1500.000000
1500.000000
1500.000000
1500.000000
1500.000000
1500.000000
1500.000000
1500.000000
1500.000000
1500.000000
1500.000000
1500.000000
1500.000000
1500.000000
1500.000000
1500.000000
1500.000000
1500.000000
1500.000000
1500.000000
1500.000000
1500.000000
1500.000000
1500.000000
1500.000000
1500.000000
1500.000000
1500.000000
1500.000000
1500.000000
1500.000000
1500.000000
1500.000000
1500.000000
1500.000000
1326.509662
1326.476617
1326.380732
1326.231423
1326.043327
1325.834852
1325.626376
1325.438281
1325.288971
1325.193086
1325.160042
1325.193086
1325.288971
1325.438281
1325.626377
1325.834852
1326.043327
1326.231423
1326.380732
1326.476617
1326.509662
1326.476617
1326.380732
1326.231423
1326.043327
1325.834852
1325.626376
1325.438281
1325.288971
1325.193086
1325.160042
1325.193086
1325.288971
1325.438281
1325.626376
1325.834852
1326.043327
1326.231423
1326.380732
1326.476617
1194.259389
1194.193740
1194.003272
1193.706739
1193.333250
1192.919344
1192.505438
1192.131948
1191.835416
1191.644947
1191.579299
1191.644948
1191.835416
1192.131948
1192.505438
1192.919344
1193.333250
1193.706739
1194.003272
1194.193740
1194.259389
1194.193740
1194.003272
1193.706739
1193.333250
1192.919344
1192.505438
1192.131948
1191.835416
1191.644947
1191.579299
1191.644947
1191.835416
1192.131948
1192.505438
1192.919344
1193.333250
1193.706739
1194.003272
1194.193740
1087.528759
1087.427122
1087.132308
1086.673490
1086.095802
1085.455742
1084.815681
1084.237994
1083.779175
1083.484361
1083.382725
1083.484361
1083.779175
1084.237994
1084.815681
1085.455742
1086.095802
1086.673490
1087.132308
1087.427122
1087.528759
1087.427122
1087.132308
1086.673490
1086.095802
1085.455742
1084.815681
1084.237994
1083.779175
1083.484361
1083.382725
1083.484361
1083.779175
1084.237994
1084.815681
1085.455742
1086.095802
1086.673490
1087.132308
1087.427122
998.164054
998.021646
997.608717
996.966447
996.158238
995.263076
994.367914
993.559705
992.917435
992.504505
992.362097
992.504505
992.917435
993.559705
994.367914
995.263076
996.158238
996.966447
997.608717
998.021646
998.164054
998.021646
997.608717
996.966447
996.158238
995.263076
994.367914
993.559705
992.917435
992.504505
992.362097
992.504505
992.917435
993.559705
994.367914
995.263076
996.158238
996.966447
997.608717
998.021646
921.394225
921.205584
920.658896
919.809313
918.741129
917.558625
916.376121
915.307937
914.458354
913.911666
913.723025
913.911666
914.458354
915.307937
916.376121
917.558625
918.741129
919.809313
920.658896
921.205584
921.394225
921.205584
920.658896
919.809313
918.741129
917.558625
916.376121
915.307937
914.458354
913.911666
913.723025
913.911666
914.458354
915.307937
916.376121
917.558625
918.741129
919.809313
920.658896
921.205584
854.187443
853.946661
853.249420
852.167205
850.808147
849.304716
847.801284
846.442226
845.360012
844.662770
844.421988
844.662770
845.360012
846.442226
847.801284
849.304716
850.808147
852.167205
853.249420
853.946661
854.187443
853.946661
853.249420
852.167205
850.808147
849.304716
847.801284
846.442226
845.360012
844.662770
844.421988
844.662770
845.360012
846.442226
847.801284
849.304716
850.808147
852.167205
853.249420
853.946661
794.497623
794.198391
793.332855
791.991706
790.310191
788.451832
786.593474
784.911959
783.570810
782.705274
782.406042
782.705274
783.570810
784.911959
786.593474
788.451832
790.310191
791.991706
793.332855
794.198391
794.497623
794.198391
793.332855
791.991706
790.310191
788.451832
786.593474
784.911959
783.570810
782.705274
782.406042
782.705274
783.570810
784.911959
786.593474
788.451832
790.310191
791.991706
793.332855
794.198391
740.879142
740.514704
739.462163
737.834954
735.799102
733.551949
731.304795
729.268943
727.641735
726.589193
726.224756
726.589193
727.641735
729.268943
731.304795
733.551949
735.799102
737.834954
739.462163
740.514704
740.879142
740.514704
739.462163
737.834954
735.799102
733.551949
731.304795
729.268943
727.641735
726.589193
726.224756
726.589193
727.641735
729.268943
731.304795
733.551949
735.799102
737.834954
739.462163
740.514704
692.273105
691.836153
690.576764
688.635558
686.213436
683.544134
680.874832
678.452710
676.511504
675.252115
674.815162
675.252115
676.511504
678.452710
680.874832
683.544134
686.213436
688.635558
690.576764
691.836153
692.273105
691.836153
690.576764
688.635558
686.213436
683.544134
680.874832
678.452710
676.511504
675.252115
674.815162
675.252115
676.511504
678.452710
680.874831
683.544134
686.213436
688.635558
690.576764
691.836153
647.881023
647.363524
645.876061
643.592043
640.751841
637.627868
634.503894
631.663692
629.379674
627.892211
627.374712
627.892211
629.379674
631.663692
634.503894
637.627868
640.751841
643.592043
645.876061
647.363524
647.881023
647.363524
645.876061
643.592043
640.751841
637.627868
634.503894
631.663692
629.379674
627.892211
627.374712
627.892211
629.379674
631.663692
634.503894
637.627868
640.751841
643.592043
645.876061
647.363524
607.086258
606.479229
604.740741
602.084115
598.794302
595.184260
591.574218
588.284405
585.627780
583.889291
583.282262
583.889291
585.627780
588.284405
591.574218
595.184260
598.794302
602.084115
604.740741
606.479229
607.086258
606.479229
604.740741
602.084115
598.794302
595.184260
591.574218
588.284405
585.627780
583.889291
583.282262
583.889291
585.627780
588.284405
591.574218
595.184260
598.794302
602.084115
604.740741
606.479229
569.403132
568.696317
566.681712
563.621582
559.851066
555.724969
551.598871
547.828355
544.768226
542.753620
542.046806
542.753620
544.768226
547.828355
551.598871
555.724969
559.851066
563.621582
566.681712
568.696317
569.403132
568.696317
566.681712
563.621582
559.851066
555.724969
551.598871
547.828355
544.768226
542.753620
542.046806
542.753620
544.768226
547.828355
551.598871
555.724969
559.851066
563.621582
566.681712
568.696317
534.442791
533.624234
531.305779
527.810036
523.528338
518.857893
514.187449
509.905751
506.410008
504.091553
503.272996
504.091553
506.410008
509.905751
514.187449
518.857893
523.528338
527.810036
531.305779
533.624234
534.442791
533.624234
531.305779
527.810036
523.528338
518.857893
514.187449
509.905751
506.410008
504.091553
503.272996
504.091553
506.410008
509.905751
514.187449
518.857893
523.528338
527.810036
531.305779
533.624234
501.889667
500.945124
498.291865
494.327092
489.504552
484.263446
479.022341
474.199800
470.235027
467.581769
466.637226
467.581769
470.235027
474.199800
479.022341
484.263446
489.504552
494.327092
498.291865
500.945124
501.889667
500.945124
498.291865
494.327092
489.504552
484.263446
479.022341
474.199800
470.235027
467.581769
466.637226
467.581769
470.235027
474.199800
479.022341
484.263446
489.504552
494.327092
498.291865
500.945124
471.484851
470.396991
467.374095
462.905527
457.513534
451.677709
445.841884
440.449891
435.981322
432.958427
431.870567
432.958427
435.981322
440.449891
445.841884
451.677709
457.513534
462.905527
467.374095
470.396991
471.484851
470.396991
467.374095
462.905527
457.513534
451.677709
445.841884
440.449891
435.981322
432.958427
431.870567
432.958427
435.981322
440.449891
445.841884
451.677709
457.513534
462.905527
467.374095
470.396991
443.014151
441.761462
438.329484
433.321024
427.332292
420.880213
414.428134
408.439402
403.430942
399.998964
398.746276
399.998964
403.430942
408.439402
414.428134
420.880213
427.332292
433.321024
438.329484
441.761462
443.014151
441.761462
438.329484
433.321024
427.332292
420.880213
414.428134
408.439402
403.430942
399.998964
398.746276
399.998964
403.430942
408.439402
414.428134
420.880213
427.332292
433.321024
438.329484
441.761462
416.299391
414.854681
410.968784
405.383123
398.771996
391.684899
384.597803
377.986676
372.401015
368.515117
367.070407
368.515117
372.401015
377.986676
384.597803
391.684899
398.771996
405.383123
410.968784
414.854681
416.299391
414.854681
410.968784
405.383123
398.771996
391.684899
384.597803
377.986676
372.401015
368.515117
367.070407
368.515117
372.401015
377.986676
384.597803
391.684899
398.771996
405.383123
410.968784
414.854681
391.192051
389.520393
385.129542
378.928396
371.671194
363.933310
356.195426
348.938224
342.737077
338.346226
336.674568
338.346226
342.737077
348.938224
356.195426
363.933310
371.671194
378.928396
385.129542
389.520393
391.192051
389.520393
385.129542
378.928396
371.671194
363.933310
356.195426
348.938224
342.737077
338.346226
336.674568
338.346226
342.737077
348.938224
356.195426
363.933310
371.671194
378.928396
385.129542
389.520393
367.568634
365.624559
360.670760
353.815258
345.890648
337.489387
329.088126
321.163515
314.308014
309.354214
307.410139
309.354214
314.308014
321.163515
329.088126
337.489387
345.890648
353.815258
360.670760
365.624559
367.568634
365.624559
360.670760
353.815258
345.890648
337.489387
329.088126
321.163515
314.308014
309.354214
307.410139
309.354214
314.308014
321.163515
329.088126
337.489387
345.890648
353.815258
360.670760
365.624559
345.327372
343.051046
337.468695
329.919953
321.309345
312.235440
303.161535
294.550927
287.002185
281.419834
279.143508
281.419834
287.002185
294.550927
303.161535
312.235440
321.309345
329.919953
337.468695
343.051046
345.327372
343.051046
337.468695
329.919953
321.309345
312.235440
303.161535
294.550927
287.002185
281.419834
279.143508
281.419834
287.002185
294.550927
303.161535
312.235440
321.309345
329.919953
337.468695
343.051046
324.386018
321.698059
315.413545
307.133436
297.821386
288.068984
278.316582
269.004532
260.724424
254.439909
251.751950
254.439909
260.724424
269.004532
278.316582
288.068984
297.821386
307.133436
315.413545
321.698059
324.386018
321.698059
315.413545
307.133436
297.821386
288.068984
278.316582
269.004532
260.724424
254.439909
251.751950
254.439909
260.724424
269.004532
278.316582
288.068984
297.821386
307.133436
315.413545
321.698059
304.680567
301.475056
294.406778
285.358931
275.333531
264.900226
254.466920
244.441521
235.393674
228.325396
225.119885
228.325396
235.393674
244.441521
254.466920
264.900226
275.333531
285.358931
294.406778
301.475056
304.680567
301.475056
294.406778
285.358931
275.333531
264.900226
254.466920
244.441521
235.393674
228.325396
225.119885
228.325396
235.393674
244.441521
254.466920
264.900226
275.333531
285.358931
294.406778
301.475056
286.164822
282.299935
274.358992
264.510009
253.763253
242.650053
231.536853
220.790097
210.941114
203.000170
199.135284
203.000170
210.941114
220.790097
231.536853
242.650053
253.763253
264.510009
274.358992
282.299935
286.164822
282.299935
274.358992
264.510009
253.763253
242.650053
231.536853
220.790097
210.941114
203.000170
199.135284
203.000170
210.941114
220.790097
231.536853
242.650053
253.763253
264.510009
274.358992
282.299935
268.810790
264.096318
255.188203
244.509090
233.037168
221.248403
209.459638
197.987717
187.308603
178.400488
173.686017
178.400488
187.308603
197.987717
209.459638
221.248403
233.037168
244.509090
255.188203
264.096318
268.810790
264.096318
255.188203
244.509090
233.037168
221.248403
209.459638
197.987717
187.308603
178.400488
173.686017
178.400488
187.308603
197.987717
209.459638
221.248403
233.037168
244.509090
255.188203
264.096318
252.609928
246.790758
236.818505
225.286257
213.089778
200.632937
188.176095
175.979617
164.447369
154.475115
148.655945
154.475115
164.447369
175.979617
188.176095
200.632937
213.089778
225.286257
236.818505
246.790758
252.609928
246.790758
236.818505
225.286257
213.089778
200.632937
188.176095
175.979617
164.447369
154.475115
148.655945
154.475115
164.447369
175.979617
188.176095
200.632937
213.089778
225.286257
236.818505
246.790758
237.575313
230.309712
219.179079
206.778347
193.862434
180.747939
167.633445
154.717532
142.316800
131.186167
123.920566
131.186167
142.316800
154.717532
167.633445
180.747939
193.862434
206.778347
219.179079
230.309712
237.575313
230.309712
219.179079
206.778347
193.862434
180.747939
167.633445
154.717532
142.316800
131.186167
123.920566
131.186167
142.316800
154.717532
167.633445
180.747939
193.862434
206.778347
219.179079
230.309712
223.744852
214.576092
202.203564
188.928238
175.302484
161.543417
147.784351
134.158597
120.883271
108.510743
99.341983
108.510743
120.883271
134.158597
147.784351
161.543417
175.302484
188.928238
202.203564
214.576092
223.744852
214.576092
202.203564
188.928238
175.302484
161.543417
147.784351
134.158597
120.883271
108.510743
99.341983
108.510743
120.883271
134.158597
147.784351
161.543417
175.302484
188.928238
202.203564
214.576092
211.185685
199.505227
185.829797
171.684307
157.362566
142.974339
128.586112
114.264372
100.118881
86.443451
74.762993
86.443451
100.118881
114.264372
128.586112
142.974339
157.362566
171.684307
185.829797
199.505227
211.185685
199.505227
185.829797
171.684307
157.362566
142.974339
128.586112
114.264372
100.118881
86.443451
74.762993
86.443451
100.118881
114.264372
128.586112
142.974339
157.362566
171.684307
185.829797
199.505227
200.000000
185.000000
170.000000
155.000000
140.000000
125.000000
110.000000
95.000000
80.000000
65.000000
50.000000
65.000000
80.000000
95.000000
110.000000
125.000000
140.000000
155.000000
170.000000
185.000000
200.000000
185.000000
170.000000
155.000000
140.000000
125.000000
110.000000
95.000000
80.000000
65.000000
50.000000
65.000000
80.000000
95.000000
110.000000
125.000000
140.000000
155.000000
170.000000
185.000000
