1500.000000
1500.000000
1500.000000
1500.000000
1342.899905
1327.769633
1342.899905
1327.769633
1223.695674
1195.642722
1223.695674
1195.642722
1128.151578
1087.982915
1128.151578
1087.982915
1048.803765
996.784596
1048.803765
996.784596
981.250946
917.405364
981.250946
917.405364
922.679505
846.914866
922.679505
846.914866
871.181265
783.345836
871.181265
783.345836
825.402245
725.314167
825.402245
725.314167
784.346735
671.809446
784.346735
671.809446
747.260953
622.071742
747.260953
622.071742
713.560407
575.515285
713.560407
575.515285
682.782622
531.679137
682.782622
531.679137
654.555314
490.194158
654.555314
490.194158
628.574299
450.760218
628.574299
450.760218
604.587794
413.130055
604.587794
413.130055
582.384991
377.097593
582.384991
377.097593
561.787593
342.489308
561.787593
342.489308
542.643425
309.157743
542.643425
309.157743
524.821551
276.976562
524.821551
276.976562
508.208474
245.836722
508.208474
245.836722
492.705160
215.643465
492.705160
215.643465
478.224661
186.313948
478.224661
186.313948
464.690220
157.775335
464.690220
157.775335
452.033723
129.963258
452.033723
129.963258
440.194443
102.820564
440.194443
102.820564
429.118002
76.296284
429.118002
76.296284
418.755505
50.344775
418.755505
50.344775
409.062826
24.925015
409.062826
24.925015
400.000000
0.000000
400.000000
0.000000
