1500.000000
1500.000000
1500.000000
1500.000000
1500.000000
1500.000000
1500.000000
1500.000000
1500.000000
1500.000000
1500.000000
1500.000000
1500.000000
1500.000000
1500.000000
1500.000000
1500.000000
1500.000000
1500.000000
1500.000000
1500.000000
1500.000000
1500.000000
1500.000000
1500.000000
1500.000000
1500.000000
1500.000000
1500.000000
1500.000000
1500.000000
1500.000000
1500.000000
1500.000000
1500.000000
1500.000000
1500.000000
1500.000000
1500.000000
1500.000000
1500.000000
1500.000000
1500.000000
1500.000000
1500.000000
1500.000000
1500.000000
1500.000000
1500.000000
1500.000000
1329.123023
1329.123023
1329.123023
1329.123023
1329.123023
1329.123023
1329.123023
1329.123023
1329.123023
1329.123023
1329.123023
1329.123023
1329.123023
1329.123023
1329.123023
1329.123023
1329.123023
1329.123023
1329.123023
1329.123023
1329.123023
1329.123023
1329.123023
1329.123023
1329.123023
1329.123023
1329.123023
1329.123023
1329.123023
1329.123023
1329.123023
1329.123023
1329.123023
1329.123023
1329.123023
1329.123023
1329.123023
1329.123023
1329.123023
1329.123023
1329.123023
1329.123023
1329.123023
1329.123023
1329.123023
1329.123023
1329.123023
1329.123023
1329.123023
1329.123023
1197.679194
1197.679194
1197.679194
1197.679194
1197.679194
1197.679194
1197.679194
1197.679194
1197.679194
1197.679194
1197.679194
1197.679194
1197.679194
1197.679194
1197.679194
1197.679194
1197.679194
1197.679194
1197.679194
1197.679194
1197.679194
1197.679194
1197.679194
1197.679194
1197.679194
1197.679194
1197.679194
1197.679194
1197.679194
1197.679194
1197.679194
1197.679194
1197.679194
1197.679194
1197.679194
1197.679194
1197.679194
1197.679194
1197.679194
1197.679194
1197.679194
1197.679194
1197.679194
1197.679194
1197.679194
1197.679194
1197.679194
1197.679194
1197.679194
1197.679194
1090.881083
1090.881083
1090.881083
1090.881083
1090.881083
1090.881083
1090.881083
1090.881083
1090.881083
1090.881083
1090.881083
1090.881083
1090.881083
1090.881083
1090.881083
1090.881083
1090.881083
1090.881083
1090.881083
1090.881083
1090.881083
1090.881083
1090.881083
1090.881083
1090.881083
1090.881083
1090.881083
1090.881083
1090.881083
1090.881083
1090.881083
1090.881083
1090.881083
1090.881083
1090.881083
1090.881083
1090.881083
1090.881083
1090.881083
1090.881083
1090.881083
1090.881083
1090.881083
1090.881083
1090.881083
1090.881083
1090.881083
1090.881083
1090.881083
1090.881083
1000.945832
1000.945832
1000.945832
1000.945832
1000.945832
1000.945832
1000.945832
1000.945832
1000.945832
1000.945832
1000.945832
1000.945832
1000.945832
1000.945832
1000.945832
1000.945832
1000.945832
1000.945832
1000.945832
1000.945832
1000.945832
1000.945832
1000.945832
1000.945832
1000.945832
1000.945832
1000.945832
1000.945832
1000.945832
1000.945832
1000.945832
1000.945832
1000.945832
1000.945832
1000.945832
1000.945832
1000.945832
1000.945832
1000.945832
1000.945832
1000.945832
1000.945832
1000.945832
1000.945832
1000.945832
1000.945832
1000.945832
1000.945832
1000.945832
1000.945832
923.274479
923.274479
923.274479
923.274479
923.274479
923.274479
923.274479
923.274479
923.274479
923.274479
923.274479
923.274479
923.274479
923.274479
923.274479
923.274479
923.274479
923.274479
923.274479
923.274479
923.274479
923.274479
923.274479
923.274479
923.274479
923.274479
923.274479
923.274479
923.274479
923.274479
923.274479
923.274479
923.274479
923.274479
923.274479
923.274479
923.274479
923.274479
923.274479
923.274479
923.274479
923.274479
923.274479
923.274479
923.274479
923.274479
923.274479
923.274479
923.274479
923.274479
854.923687
854.923688
854.923687
854.923688
854.923687
854.923688
854.923687
854.923688
854.923687
854.923688
854.923687
854.923688
854.923687
854.923688
854.923687
854.923688
854.923687
854.923688
854.923687
854.923688
854.923687
854.923688
854.923687
854.923688
854.923687
854.923688
854.923687
854.923688
854.923687
854.923688
854.923687
854.923688
854.923687
854.923688
854.923687
854.923688
854.923687
854.923688
854.923687
854.923688
854.923687
854.923688
854.923687
854.923688
854.923687
854.923688
854.923687
854.923688
854.923687
854.923688
793.896194
793.896197
793.896194
793.896197
793.896194
793.896197
793.896194
793.896197
793.896194
793.896197
793.896194
793.896197
793.896194
793.896197
793.896194
793.896197
793.896194
793.896197
793.896194
793.896197
793.896194
793.896197
793.896194
793.896197
793.896194
793.896197
793.896194
793.896197
793.896194
793.896197
793.896194
793.896197
793.896194
793.896197
793.896194
793.896197
793.896194
793.896197
793.896194
793.896197
793.896194
793.896197
793.896194
793.896197
793.896194
793.896197
793.896194
793.896197
793.896194
793.896197
738.774585
738.774595
738.774585
738.774595
738.774585
738.774595
738.774585
738.774595
738.774585
738.774595
738.774585
738.774595
738.774585
738.774596
738.774585
738.774596
738.774585
738.774596
738.774585
738.774596
738.774585
738.774596
738.774585
738.774596
738.774585
738.774596
738.774585
738.774596
738.774585
738.774596
738.774585
738.774596
738.774585
738.774596
738.774585
738.774596
738.774585
738.774595
738.774585
738.774595
738.774585
738.774595
738.774585
738.774595
738.774585
738.774595
738.774585
738.774595
738.774585
738.774595
688.516636
688.516675
688.516636
688.516675
688.516636
688.516675
688.516636
688.516675
688.516636
688.516675
688.516636
688.516675
688.516636
688.516675
688.516636
688.516675
688.516636
688.516675
688.516636
688.516675
688.516636
688.516675
688.516636
688.516675
688.516636
688.516675
688.516636
688.516675
688.516636
688.516675
688.516636
688.516675
688.516636
688.516675
688.516636
688.516675
688.516636
688.516675
688.516636
688.516675
688.516636
688.516675
688.516636
688.516675
688.516636
688.516675
688.516636
688.516675
688.516636
688.516675
642.333624
642.333754
642.333624
642.333754
642.333624
642.333754
642.333624
642.333754
642.333624
642.333754
642.333624
642.333754
642.333624
642.333754
642.333624
642.333754
642.333624
642.333754
642.333624
642.333754
642.333624
642.333754
642.333624
642.333754
642.333624
642.333754
642.333624
642.333754
642.333624
642.333754
642.333624
642.333754
642.333624
642.333754
642.333624
642.333754
642.333624
642.333754
642.333624
642.333754
642.333624
642.333754
642.333624
642.333754
642.333624
642.333754
642.333624
642.333754
642.333624
642.333754
599.614245
599.614644
599.614245
599.614644
599.614245
599.614644
599.614245
599.614644
599.614245
599.614644
599.614245
599.614644
599.614245
599.614644
599.614245
599.614644
599.614245
599.614644
599.614245
599.614644
599.614245
599.614644
599.614245
599.614644
599.614245
599.614644
599.614245
599.614644
599.614245
599.614644
599.614245
599.614644
599.614245
599.614644
599.614245
599.614644
599.614245
599.614644
599.614245
599.614644
599.614245
599.614644
599.614245
599.614644
599.614245
599.614644
599.614245
599.614644
599.614245
599.614644
559.875042
559.876183
559.875042
559.876183
559.875042
559.876183
559.875042
559.876183
559.875042
559.876183
559.875042
559.876183
559.875042
559.876183
559.875042
559.876183
559.875042
559.876183
559.875042
559.876183
559.875042
559.876183
559.875042
559.876183
559.875042
559.876183
559.875042
559.876183
559.875042
559.876183
559.875042
559.876183
559.875042
559.876183
559.875042
559.876183
559.875042
559.876183
559.875042
559.876183
559.875042
559.876183
559.875042
559.876183
559.875042
559.876183
559.875042
559.876183
559.875042
559.876183
522.726910
522.729977
522.726910
522.729977
522.726910
522.729977
522.726910
522.729977
522.726910
522.729977
522.726910
522.729977
522.726910
522.729977
522.726910
522.729977
522.726910
522.729977
522.726910
522.729977
522.726910
522.729977
522.726910
522.729977
522.726910
522.729977
522.726910
522.729977
522.726910
522.729977
522.726910
522.729977
522.726910
522.729977
522.726910
522.729977
522.726910
522.729977
522.726910
522.729977
522.726910
522.729977
522.726910
522.729977
522.726910
522.729977
522.726910
522.729977
522.726910
522.729977
487.851699
487.859483
487.851699
487.859483
487.851699
487.859483
487.851699
487.859483
487.851699
487.859483
487.851699
487.859483
487.851699
487.859483
487.851699
487.859483
487.851699
487.859483
487.851699
487.859483
487.851699
487.859483
487.851699
487.859483
487.851699
487.859483
487.851699
487.859483
487.851699
487.859483
487.851699
487.859483
487.851699
487.859483
487.851699
487.859483
487.851699
487.859483
487.851699
487.859483
487.851699
487.859483
487.851699
487.859483
487.851699
487.859483
487.851699
487.859483
487.851699
487.859483
454.985238
455.004030
454.985238
455.004030
454.985238
455.004030
454.985238
455.004030
454.985238
455.004030
454.985238
455.004030
454.985238
455.004030
454.985238
455.004030
454.985238
455.004030
454.985238
455.004030
454.985238
455.004030
454.985238
455.004030
454.985238
455.004030
454.985238
455.004030
454.985238
455.004030
454.985238
455.004030
454.985238
455.004030
454.985238
455.004030
454.985238
455.004030
454.985238
455.004030
454.985238
455.004030
454.985238
455.004030
454.985238
455.004030
454.985238
455.004030
454.985238
455.004030
423.904411
423.947774
423.904411
423.947774
423.904411
423.947774
423.904411
423.947774
423.904411
423.947774
423.904411
423.947774
423.904411
423.947774
423.904411
423.947774
423.904411
423.947774
423.904411
423.947774
423.904411
423.947774
423.904411
423.947774
423.904411
423.947774
423.904411
423.947774
423.904411
423.947774
423.904411
423.947774
423.904411
423.947774
423.904411
423.947774
423.904411
423.947774
423.904411
423.947774
423.904411
423.947774
423.904411
423.947774
423.904411
423.947774
423.904411
423.947774
423.904411
423.947774
394.416520
394.512569
394.416520
394.512569
394.416520
394.512569
394.416520
394.512569
394.416520
394.512569
394.416520
394.512569
394.416520
394.512569
394.416520
394.512569
394.416520
394.512569
394.416520
394.512569
394.416520
394.512569
394.416520
394.512569
394.416520
394.512569
394.416520
394.512569
394.416520
394.512569
394.416520
394.512569
394.416520
394.512569
394.416520
394.512569
394.416520
394.512569
394.416520
394.512569
394.416520
394.512569
394.416520
394.512569
394.416520
394.512569
394.416520
394.512569
394.416520
394.512569
366.349431
366.554420
366.349431
366.554420
366.349431
366.554420
366.349431
366.554420
366.349431
366.554420
366.349431
366.554420
366.349431
366.554420
366.349431
366.554420
366.349431
366.554420
366.349431
366.554420
366.349431
366.554420
366.349431
366.554420
366.349431
366.554420
366.349431
366.554420
366.349431
366.554420
366.349431
366.554420
366.349431
366.554420
366.349431
366.554420
366.349431
366.554420
366.349431
366.554420
366.349431
366.554420
366.349431
366.554420
366.349431
366.554420
366.349431
366.554420
366.349431
366.554420
339.540940
339.963856
339.540940
339.963856
339.540940
339.963856
339.540940
339.963856
339.540940
339.963856
339.540940
339.963856
339.540940
339.963856
339.540940
339.963856
339.540940
339.963856
339.540940
339.963856
339.540940
339.963856
339.540940
339.963856
339.540940
339.963856
339.540940
339.963856
339.540940
339.963856
339.540940
339.963856
339.540940
339.963856
339.540940
339.963856
339.540940
339.963856
339.540940
339.963856
339.540940
339.963856
339.540940
339.963856
339.540940
339.963856
339.540940
339.963856
339.540940
339.963856
313.825441
314.671301
313.825441
314.671301
313.825441
314.671301
313.825441
314.671301
313.825441
314.671301
313.825441
314.671301
313.825441
314.671301
313.825441
314.671301
313.825441
314.671301
313.825441
314.671301
313.825441
314.671301
313.825441
314.671301
313.825441
314.671301
313.825441
314.671301
313.825441
314.671301
313.825441
314.671301
313.825441
314.671301
313.825441
314.671301
313.825441
314.671301
313.825441
314.671301
313.825441
314.671301
313.825441
314.671301
313.825441
314.671301
313.825441
314.671301
313.825441
314.671301
289.015267
290.659482
289.015267
290.659482
289.015267
290.659482
289.015267
290.659482
289.015267
290.659482
289.015267
290.659482
289.015267
290.659482
289.015267
290.659482
289.015267
290.659482
289.015267
290.659482
289.015267
290.659482
289.015267
290.659482
289.015267
290.659482
289.015267
290.659482
289.015267
290.659482
289.015267
290.659482
289.015267
290.659482
289.015267
290.659482
289.015267
290.659482
289.015267
290.659482
289.015267
290.659482
289.015267
290.659482
289.015267
290.659482
289.015267
290.659482
289.015267
290.659482
264.872994
267.986145
264.872994
267.986145
264.872994
267.986145
264.872994
267.986145
264.872994
267.986145
264.872994
267.986145
264.872994
267.986145
264.872994
267.986145
264.872994
267.986145
264.872994
267.986145
264.872994
267.986145
264.872994
267.986145
264.872994
267.986145
264.872994
267.986145
264.872994
267.986145
264.872994
267.986145
264.872994
267.986145
264.872994
267.986145
264.872994
267.986145
264.872994
267.986145
264.872994
267.986145
264.872994
267.986145
264.872994
267.986145
264.872994
267.986145
264.872994
267.986145
241.069342
246.822171
241.069342
246.822171
241.069342
246.822171
241.069342
246.822171
241.069342
246.822171
241.069342
246.822171
241.069342
246.822171
241.069342
246.822171
241.069342
246.822171
241.069342
246.822171
241.069342
246.822171
241.069342
246.822171
241.069342
246.822171
241.069342
246.822171
241.069342
246.822171
241.069342
246.822171
241.069342
246.822171
241.069342
246.822171
241.069342
246.822171
241.069342
246.822171
241.069342
246.822171
241.069342
246.822171
241.069342
246.822171
241.069342
246.822171
241.069342
246.822171
217.118922
227.512597
217.118922
227.512597
217.118922
227.512597
217.118922
227.512597
217.118922
227.512597
217.118922
227.512597
217.118922
227.512597
217.118922
227.512597
217.118922
227.512597
217.118922
227.512597
217.118922
227.512597
217.118922
227.512597
217.118922
227.512597
217.118922
227.512597
217.118922
227.512597
217.118922
227.512597
217.118922
227.512597
217.118922
227.512597
217.118922
227.512597
217.118922
227.512597
217.118922
227.512597
217.118922
227.512597
217.118922
227.512597
217.118922
227.512597
217.118922
227.512597
192.282785
210.671422
192.282785
210.671422
192.282785
210.671422
192.282785
210.671422
192.282785
210.671422
192.282785
210.671422
192.282785
210.671422
192.282785
210.671422
192.282785
210.671422
192.282785
210.671422
192.282785
210.671422
192.282785
210.671422
192.282785
210.671422
192.282785
210.671422
192.282785
210.671422
192.282785
210.671422
192.282785
210.671422
192.282785
210.671422
192.282785
210.671422
192.282785
210.671422
192.282785
210.671422
192.282785
210.671422
192.282785
210.671422
192.282785
210.671422
192.282785
210.671422
165.422106
197.325754
165.422106
197.325754
165.422106
197.325754
165.422106
197.325754
165.422106
197.325754
165.422106
197.325754
165.422106
197.325754
165.422106
197.325754
165.422106
197.325754
165.422106
197.325754
165.422106
197.325754
165.422106
197.325754
165.422106
197.325754
165.422106
197.325754
165.422106
197.325754
165.422106
197.325754
165.422106
197.325754
165.422106
197.325754
165.422106
197.325754
165.422106
197.325754
165.422106
197.325754
165.422106
197.325754
165.422106
197.325754
165.422106
197.325754
165.422106
197.325754
134.781135
189.131048
134.781135
189.131048
134.781135
189.131048
134.781135
189.131048
134.781135
189.131048
134.781135
189.131048
134.781135
189.131048
134.781135
189.131048
134.781135
189.131048
134.781135
189.131048
134.781135
189.131048
134.781135
189.131048
134.781135
189.131048
134.781135
189.131048
134.781135
189.131048
134.781135
189.131048
134.781135
189.131048
134.781135
189.131048
134.781135
189.131048
134.781135
189.131048
134.781135
189.131048
134.781135
189.131048
134.781135
189.131048
134.781135
189.131048
134.781135
189.131048
97.669148
188.687655
97.669148
188.687655
97.669148
188.687655
97.669148
188.687655
97.669148
188.687655
97.669148
188.687655
97.669148
188.687655
97.669148
188.687655
97.669148
188.687655
97.669148
188.687655
97.669148
188.687655
97.669148
188.687655
97.669148
188.687655
97.669148
188.687655
97.669148
188.687655
97.669148
188.687655
97.669148
188.687655
97.669148
188.687655
97.669148
188.687655
97.669148
188.687655
97.669148
188.687655
97.669148
188.687655
97.669148
188.687655
97.669148
188.687655
97.669148
188.687655
50.000000
200.000000
50.000000
200.000000
50.000000
200.000000
50.000000
200.000000
50.000000
200.000000
50.000000
200.000000
50.000000
200.000000
50.000000
200.000000
50.000000
200.000000
50.000000
200.000000
50.000000
200.000000
50.000000
200.000000
50.000000
200.000000
50.000000
200.000000
50.000000
200.000000
50.000000
200.000000
50.000000
200.000000
50.000000
200.000000
50.000000
200.000000
50.000000
200.000000
50.000000
200.000000
50.000000
200.000000
50.000000
200.000000
50.000000
200.000000
50.000000
200.000000
