1500.000000
1500.000000
1500.000000
1500.000000
1500.000000
1500.000000
1500.000000
1500.000000
1338.441362
1335.334769
1332.228176
1335.334769
1338.441362
1335.334769
1332.228176
1335.334769
1215.711616
1209.669198
1203.626780
1209.669198
1215.711616
1209.669198
1203.626780
1209.669198
1117.201685
1108.067247
1098.932809
1108.067247
1117.201685
1108.067247
1098.932809
1108.067247
1035.288671
1022.794181
1010.299690
1022.794181
1035.288671
1022.794181
1010.299690
1022.794181
965.494112
949.328155
933.162197
949.328155
965.494112
949.328155
933.162197
949.328155
904.963387
884.797186
864.630984
884.797186
904.963387
884.797186
864.630984
884.797186
851.765016
827.263551
802.762085
827.263551
851.765016
827.263551
802.762085
827.263551
804.531076
775.358206
746.185337
775.358206
804.531076
775.358206
746.185337
775.358206
762.257155
728.078090
693.899026
728.078090
762.257155
728.078090
693.899026
728.078090
724.183849
684.666348
645.148846
684.666348
724.183849
684.666348
645.148846
684.666348
689.722913
644.537846
599.352778
644.537846
689.722913
644.537846
599.352778
644.537846
658.409299
607.230879
556.052460
607.230879
658.409299
607.230879
556.052460
607.230879
629.868895
572.374736
514.880577
572.374736
629.868895
572.374736
514.880577
572.374736
603.796190
539.667258
475.538327
539.667258
603.796190
539.667258
475.538327
539.667258
579.938396
508.858925
437.779453
508.858925
579.938396
508.858925
437.779453
508.858925
558.083923
479.741292
401.398661
479.741292
558.083923
479.741292
401.398661
479.741292
538.053839
452.138450
366.223062
452.138450
538.053839
452.138450
366.223062
452.138450
519.695435
425.900584
332.105733
425.900584
519.695435
425.900584
332.105733
425.900584
502.877310
400.899056
298.920803
400.899056
502.877310
400.899056
298.920803
400.899056
487.485551
377.022598
266.559645
377.022598
487.485551
377.022598
266.559645
377.022598
473.420734
354.174312
234.927890
354.174312
473.420734
354.174312
234.927890
354.174312
460.595548
332.269305
203.943061
332.269305
460.595548
332.269305
203.943061
332.269305
448.932882
311.232777
173.532673
311.232777
448.932882
311.232777
173.532673
311.232777
438.364278
290.998490
143.632702
290.998490
438.364278
290.998490
143.632702
290.998490
428.828672
271.507504
114.186336
271.507504
428.828672
271.507504
114.186336
271.507504
420.271346
252.707143
85.142940
252.707143
420.271346
252.707143
85.142940
252.707143
412.643073
234.550140
56.457207
234.550140
412.643073
234.550140
56.457207
234.550140
405.899392
216.993921
28.088450
216.993921
405.899392
216.993921
28.088450
216.993921
400.000000
200.000000
0.000000
200.000000
400.000000
200.000000
0.000000
200.000000
