1500.000000
1500.000000
1500.000000
1500.000000
1500.000000
1500.000000
1500.000000
1500.000000
1500.000000
1500.000000
1500.000000
1500.000000
1500.000000
1500.000000
1500.000000
1351.345604
1351.551706
1351.806787
1352.043843
1352.204701
1352.317521
1352.368160
1352.392544
1352.368160
1352.317521
1352.204701
1352.043843
1351.806787
1351.551706
1351.345604
1233.048643
1233.456158
1233.930119
1234.369616
1234.651713
1234.857650
1234.940002
1234.989152
1234.940002
1234.857650
1234.651713
1234.369616
1233.930119
1233.456158
1233.048643
1134.772873
1135.403650
1136.075909
1136.703672
1137.073070
1137.364105
1137.457932
1137.538339
1137.457932
1137.364105
1137.073070
1136.703672
1136.075909
1135.403650
1134.772873
1050.687187
1051.579589
1052.431685
1053.246071
1053.668479
1054.046533
1054.128097
1054.252926
1054.128097
1054.046533
1053.668479
1053.246071
1052.431685
1051.579589
1050.687187
977.178525
978.384805
979.393704
980.403498
980.840363
981.317495
981.357236
981.547681
981.357236
981.317495
980.840363
980.403498
979.393704
978.384805
977.178525
911.852577
913.438671
914.572431
915.797042
916.202506
916.802023
916.762226
917.049251
916.762226
916.802023
916.202506
915.797042
914.572431
913.438671
911.852577
853.040184
855.086486
856.300823
857.771564
858.089752
858.847848
858.680248
859.106590
858.680248
858.847848
858.089752
857.771564
856.300823
855.086486
853.040184
799.530567
802.133166
803.368365
805.130357
805.292737
806.260492
805.903780
806.526181
805.903780
806.260492
805.292737
805.130357
803.368365
802.133166
799.530567
750.416818
753.689000
754.866928
756.981415
756.904119
758.149776
757.526975
758.418616
757.526975
758.149776
756.904119
756.981415
754.866928
753.689000
750.416818
705.001357
709.075282
710.096403
712.643361
712.224403
713.835890
712.851585
714.104715
712.851585
713.835890
712.224403
712.643361
710.096403
709.075282
705.001357
662.735445
667.763948
668.504274
671.585276
670.701636
672.789298
671.326718
673.055462
671.326718
672.789298
670.701636
671.585276
668.504274
667.763948
662.735445
623.179005
629.337504
629.645468
633.386753
631.891321
634.590842
632.508787
634.852140
632.508787
634.590842
631.891321
633.386753
629.645468
629.337504
623.179005
585.973102
593.461585
593.154813
597.710555
595.428909
598.904431
596.034036
599.159027
596.034036
598.904431
595.428909
597.710555
593.154813
593.461585
585.973102
550.820551
559.865657
558.727630
564.283381
561.010422
565.457829
561.599180
565.704205
561.599180
565.457829
561.010422
564.283381
558.727630
559.865657
550.820551
517.471959
528.329120
526.105733
532.882044
528.378452
534.028842
528.947423
534.265746
528.947423
534.028842
528.378452
532.882044
526.105733
528.329120
517.471959
485.715450
498.671112
495.067119
503.323315
497.311859
504.435171
497.858165
504.661584
497.858165
504.435171
497.311859
503.323315
495.067119
498.671112
485.715450
455.368972
470.742878
465.418224
475.456346
467.618028
476.526843
468.139269
476.741946
468.139269
476.526843
467.618028
475.456346
465.418224
470.742878
455.368972
426.274446
444.421988
436.988031
449.156926
439.126968
450.180468
439.621169
450.383613
439.621169
450.180468
439.126968
449.156926
436.988031
444.421988
426.274446
398.293240
419.607875
409.623497
424.323065
411.686736
425.294826
412.152298
425.485514
412.152298
425.294826
411.686736
424.323065
409.623497
419.607875
398.293240
371.302641
396.218364
383.185975
400.871555
385.159847
401.787429
385.595504
401.965289
385.595504
401.787429
385.159847
400.871555
383.185975
396.218364
371.302641
345.193050
374.186932
357.548361
378.735272
359.420416
379.591829
359.825199
379.756599
359.825199
379.591829
359.420416
378.735272
357.548361
374.186932
345.193050
319.865747
353.460534
332.592817
357.861029
334.351865
358.655466
334.725065
358.806980
334.725065
358.655466
334.351865
357.861029
332.592817
353.460534
319.865747
295.231079
333.997846
308.208906
338.207865
309.845053
338.937960
310.186194
339.076133
310.186194
338.937960
309.845053
338.207865
308.208906
333.997846
295.231079
271.206989
315.767853
284.292073
319.745653
285.796743
320.409725
286.105551
320.534542
286.105551
320.409725
285.796743
319.745653
284.292073
315.767853
271.206989
247.717797
298.748689
260.742385
302.453986
262.108330
303.050844
262.384710
303.162351
262.384710
303.050844
262.108330
302.453986
260.742385
298.748689
247.717797
224.693199
282.926691
237.463481
286.321250
238.684779
286.850158
238.928791
286.948451
238.928791
286.850158
238.684779
286.321250
237.463481
282.926691
224.693199
202.067426
268.295611
214.361681
271.343880
215.433724
271.804511
215.645562
271.889729
215.645562
271.804511
215.433724
271.343880
214.361681
268.295611
202.067426
179.778538
254.855971
191.345240
257.525735
192.264708
257.918133
192.444684
257.990453
192.444684
257.918133
192.264708
257.525735
191.345240
254.855971
179.778538
157.767826
242.614513
168.323702
244.877587
169.088524
245.202129
169.237050
245.261758
169.237050
245.202129
169.088524
244.877587
168.323702
242.614513
157.767826
135.979306
231.583749
145.207350
233.416700
145.816653
233.674057
145.934227
233.721224
145.934227
233.674057
145.816653
233.416700
145.207350
231.583749
135.979306
114.359280
221.781579
121.906722
223.166472
122.360770
223.357573
122.447960
223.392533
122.447960
223.357573
122.360770
223.166472
121.906722
221.781579
114.359280
92.855965
213.230966
98.332198
214.156148
98.632313
214.282147
98.689749
214.305168
98.689749
214.282147
98.632313
214.156148
98.332198
213.230966
92.855965
71.419168
205.959667
74.393626
206.420575
74.542102
206.482820
74.570461
206.494184
74.570461
206.482820
74.542102
206.420575
74.393626
205.959667
71.419168
50.000000
200.000000
50.000000
200.000000
50.000000
200.000000
50.000000
200.000000
50.000000
200.000000
50.000000
200.000000
50.000000
200.000000
50.000000
