1500.000000
1500.000000
1500.000000
1500.000000
1500.000000
1500.000000
1500.000000
1500.000000
1500.000000
1500.000000
1500.000000
1500.000000
1360.210488
1359.215492
1357.261862
1356.266866
1357.261862
1359.215492
1360.210488
1359.215492
1357.261862
1356.266866
1357.261862
1359.215492
1249.997228
1248.050689
1244.245967
1242.299429
1244.245967
1248.050689
1249.997228
1248.050689
1244.245967
1242.299429
1244.245967
1248.050689
1159.284717
1156.328983
1150.587482
1147.631748
1150.587482
1156.328983
1159.284717
1156.328983
1150.587482
1147.631748
1150.587482
1156.328983
1082.425398
1078.361181
1070.526268
1066.462051
1070.526268
1078.361181
1082.425398
1078.361181
1070.526268
1066.462051
1070.526268
1078.361181
1015.938107
1010.645171
1000.531279
995.238343
1000.531279
1010.645171
1015.938107
1010.645171
1000.531279
995.238343
1000.531279
1010.645171
957.526458
950.871869
938.282175
931.627586
938.282175
950.871869
957.526458
950.871869
938.282175
931.627586
938.282175
950.871869
905.596506
897.438185
882.173019
874.014697
882.173019
897.438185
905.596506
897.438185
882.173019
874.014697
882.173019
897.438185
858.997157
849.185428
831.046704
821.234975
831.046704
849.185428
858.997157
849.185428
831.046704
821.234975
831.046704
849.185428
816.870359
805.248563
784.042343
772.420547
784.042343
805.248563
816.870359
805.248563
784.042343
772.420547
784.042343
805.248563
778.559713
764.964355
740.502464
726.907106
740.502464
764.964355
778.559713
764.964355
740.502464
726.907106
740.502464
764.964355
743.552153
727.812804
699.913935
684.174586
699.913935
727.812804
743.552153
727.812804
699.913935
684.174586
699.913935
727.812804
711.439302
693.378363
661.868902
643.807963
661.868902
693.378363
711.439302
693.378363
661.868902
643.807963
661.868902
693.378363
681.891048
661.323441
626.038120
605.470513
626.038120
661.323441
681.891048
661.323441
626.038120
605.470513
626.038120
661.323441
654.636973
631.369788
592.152237
568.885052
592.152237
631.369788
654.636973
631.369788
592.152237
568.885052
592.152237
631.369788
629.452998
603.285112
559.988350
533.820464
559.988350
603.285112
629.452998
603.285112
559.988350
533.820464
559.988350
603.285112
606.151575
576.873262
529.360142
500.081828
529.360142
576.873262
606.151575
576.873262
529.360142
500.081828
529.360142
576.873262
584.574354
551.966882
500.110511
467.503039
500.110511
551.966882
584.574354
551.966882
500.110511
467.503039
500.110511
551.966882
564.586608
528.421838
472.105983
435.941213
472.105983
528.421838
564.586608
528.421838
472.105983
435.941213
472.105983
528.421838
546.072944
506.112923
445.232397
405.272377
445.232397
506.112923
546.072944
506.112923
445.232397
405.272377
445.232397
506.112923
528.933945
484.930504
419.391549
375.388107
419.391549
484.930504
528.933945
484.930504
419.391549
375.388107
419.391549
484.930504
513.083521
464.777870
394.498528
346.192877
394.498528
464.777870
513.083521
464.777870
394.498528
346.192877
394.498528
464.777870
498.446792
445.569123
370.479607
317.601938
370.479607
445.569123
498.446792
445.569123
370.479607
317.601938
370.479607
445.569123
484.958383
427.227468
347.270529
289.539614
347.270529
427.227468
484.958383
427.227468
347.270529
289.539614
347.270529
427.227468
472.561035
409.683834
324.815118
261.937917
324.815118
409.683834
472.561035
409.683834
324.815118
261.937917
324.815118
409.683834
461.204462
392.875729
303.064143
234.735410
303.064143
392.875729
461.204462
392.875729
303.064143
234.735410
303.064143
392.875729
450.844415
376.746309
281.974374
207.876268
281.974374
376.746309
450.844415
376.746309
281.974374
207.876268
281.974374
376.746309
441.441895
361.243592
261.507800
181.309497
261.507800
361.243592
441.441895
361.243592
261.507800
181.309497
261.507800
361.243592
432.962495
346.319804
241.630974
154.988284
241.630974
346.319804
432.962495
346.319804
241.630974
154.988284
241.630974
346.319804
425.375847
331.930830
222.314459
128.869442
222.314459
331.930830
425.375847
331.930830
222.314459
128.869442
222.314459
331.930830
418.655154
318.035744
203.532359
102.912949
203.532359
318.035744
418.655154
318.035744
203.532359
102.912949
203.532359
318.035744
412.776786
304.596412
185.261921
77.081547
185.261921
304.596412
412.776786
304.596412
185.261921
77.081547
185.261921
304.596412
407.719941
291.577153
167.483192
51.340405
167.483192
291.577153
407.719941
291.577153
167.483192
51.340405
167.483192
291.577153
403.466344
278.944444
150.178728
25.656828
150.178728
278.944444
403.466344
278.944444
150.178728
25.656828
150.178728
278.944444
400.000000
266.666667
133.333333
0.000000
133.333333
266.666667
400.000000
266.666667
133.333333
0.000000
133.333333
266.666667
