1500.000000
1500.000000
1500.000000
1500.000000
1500.000000
1500.000000
1500.000000
1500.000000
1500.000000
1500.000000
1500.000000
1500.000000
1500.000000
1500.000000
1500.000000
1500.000000
1359.998439
1359.481126
1358.238677
1356.996228
1356.478915
1356.996228
1358.238677
1359.481126
1359.998439
1359.481126
1358.238677
1356.996228
1356.478915
1356.996228
1358.238677
1359.481126
1249.593437
1248.579170
1246.148328
1243.717487
1242.703219
1243.717487
1246.148328
1248.579170
1249.593437
1248.579170
1246.148328
1243.717487
1242.703219
1243.717487
1246.148328
1248.579170
1158.691035
1157.146951
1153.458232
1149.769514
1148.225430
1149.769514
1153.458232
1157.146951
1158.691035
1157.146951
1153.458232
1149.769514
1148.225430
1149.769514
1153.458232
1157.146951
1081.636382
1079.507464
1074.443724
1069.379985
1067.251067
1069.379985
1074.443724
1079.507464
1081.636382
1079.507464
1074.443724
1069.379985
1067.251067
1069.379985
1074.443724
1079.507464
1014.945169
1012.164792
1005.588225
999.011658
996.231281
999.011658
1005.588225
1012.164792
1014.945169
1012.164792
1005.588225
999.011658
996.231281
999.011658
1005.588225
1012.164792
956.319687
952.813560
944.577022
936.340484
932.834357
936.340484
944.577022
952.813560
956.319687
952.813560
944.577022
936.340484
932.834357
936.340484
944.577022
952.813560
904.165611
899.853189
889.805602
879.758015
875.445593
879.758015
889.805602
899.853189
904.165611
899.853189
889.805602
879.758015
875.445593
879.758015
889.805602
899.853189
857.332047
852.126827
840.116066
828.105305
822.900085
828.105305
840.116066
852.126827
857.332047
852.126827
840.116066
828.105305
822.900085
828.105305
840.116066
852.126827
814.961575
808.770841
794.645453
780.520065
774.329331
780.520065
794.645453
808.770841
814.961575
808.770841
794.645453
780.520065
774.329331
780.520065
794.645453
808.770841
776.398799
769.123069
752.733410
736.343751
729.068020
736.343751
752.733410
769.123069
776.398799
769.123069
752.733410
736.343751
729.068020
736.343751
752.733410
769.123069
741.132017
732.664291
713.863369
695.062447
686.594721
695.062447
713.863369
732.664291
741.132017
732.664291
713.863369
695.062447
686.594721
695.062447
713.863369
732.664291
708.754583
698.979479
677.623633
656.267786
646.492682
656.267786
677.623633
698.979479
708.754583
698.979479
677.623633
656.267786
646.492682
656.267786
677.623633
698.979479
678.938500
667.731284
643.680781
619.630277
608.423062
619.630277
643.680781
667.731284
678.938500
667.731284
643.680781
619.630277
608.423062
619.630277
643.680781
667.731284
651.415878
638.641426
611.761012
584.880599
572.106147
584.880599
611.761012
638.641426
651.415878
638.641426
611.761012
584.880599
572.106147
584.880599
611.761012
638.641426
625.965604
611.477291
581.636731
551.796171
537.307858
551.796171
581.636731
611.477291
625.965604
611.477291
581.636731
551.796171
537.307858
551.796171
581.636731
611.477291
602.403563
586.042102
553.116702
520.191302
503.829840
520.191302
553.116702
586.042102
602.403563
586.042102
553.116702
520.191302
503.829840
520.191302
553.116702
586.042102
580.575333
562.167554
526.038696
489.909838
471.502059
489.909838
526.038696
562.167554
580.575333
562.167554
526.038696
489.909838
471.502059
489.909838
526.038696
562.167554
560.350645
539.708227
500.263910
460.819594
440.177175
460.819594
500.263910
539.708227
560.350645
539.708227
500.263910
460.819594
440.177175
460.819594
500.263910
539.708227
541.619115
518.537267
475.672660
432.808053
409.726205
432.808053
475.672660
518.537267
541.619115
518.537267
475.672660
432.808053
409.726205
432.808053
475.672660
518.537267
524.286922
498.543019
452.161026
405.779034
380.035131
405.779034
452.161026
498.543019
524.286922
498.543019
452.161026
405.779034
380.035131
405.779034
452.161026
498.543019
508.274182
479.626355
429.638199
379.650043
351.002216
379.650043
429.638199
479.626355
508.274182
479.626355
429.638199
379.650043
351.002216
379.650043
429.638199
479.626355
493.512867
461.698545
408.024365
354.350185
322.535863
354.350185
408.024365
461.698545
493.512867
461.698545
408.024365
354.350185
322.535863
354.350185
408.024365
461.698545
479.945117
444.679533
387.248999
329.818464
294.552880
329.818464
387.248999
444.679533
479.945117
444.679533
387.248999
329.818464
294.552880
329.818464
387.248999
444.679533
467.521888
428.496533
367.249476
306.002419
266.977064
306.002419
367.249476
428.496533
467.521888
428.496533
367.249476
306.002419
266.977064
306.002419
367.249476
428.496533
456.201832
413.082871
347.969936
282.857001
239.738040
282.857001
347.969936
413.082871
456.201832
413.082871
347.969936
282.857001
239.738040
282.857001
347.969936
413.082871
445.950386
398.377033
329.360342
260.343650
212.770297
260.343650
329.360342
398.377033
445.950386
398.377033
329.360342
260.343650
212.770297
260.343650
329.360342
398.377033
436.739013
384.321863
311.375696
238.429529
186.012379
238.429529
311.375696
384.321863
436.739013
384.321863
311.375696
238.429529
186.012379
238.429529
311.375696
384.321863
428.544571
370.863891
293.975389
217.086887
159.406208
217.086887
293.975389
370.863891
428.544571
370.863891
293.975389
217.086887
159.406208
217.086887
293.975389
370.863891
421.348783
357.952764
277.122645
196.292525
132.896506
196.292525
277.122645
357.952764
421.348783
357.952764
277.122645
196.292525
132.896506
196.292525
277.122645
357.952764
415.137795
345.540761
260.784051
176.027342
106.430308
176.027342
260.784051
345.540761
415.137795
345.540761
260.784051
176.027342
106.430308
176.027342
260.784051
345.540761
409.901798
333.582379
244.929167
156.275954
79.956535
156.275954
244.929167
333.582379
409.901798
333.582379
244.929167
156.275954
79.956535
156.275954
244.929167
333.582379
405.634712
322.033974
229.530173
137.026372
53.425634
137.026372
229.530173
322.033974
405.634712
322.033974
229.530173
137.026372
53.425634
137.026372
229.530173
322.033974
402.333913
310.853453
214.561586
118.269719
26.789260
118.269719
214.561586
310.853453
402.333913
310.853453
214.561586
118.269719
26.789260
118.269719
214.561586
310.853453
400.000000
300.000000
200.000000
100.000000
0.000000
100.000000
200.000000
300.000000
400.000000
300.000000
200.000000
100.000000
0.000000
100.000000
200.000000
300.000000
