1500.000000
1500.000000
1500.000000
1500.000000
1500.000000
1500.000000
1500.000000
1500.000000
1500.000000
1500.000000
1500.000000
1500.000000
1500.000000
1500.000000
1500.000000
1500.000000
1500.000000
1500.000000
1500.000000
1500.000000
1500.000000
1500.000000
1500.000000
1500.000000
1350.668848
1350.587214
1350.364354
1350.060139
1349.755924
1349.533064
1349.451430
1349.533064
1349.755924
1350.060139
1350.364354
1350.587214
1350.668848
1350.587214
1350.364354
1350.060139
1349.755924
1349.533064
1349.451430
1349.533064
1349.755924
1350.060139
1350.364354
1350.587214
1232.697407
1232.537139
1232.099796
1231.503040
1230.906283
1230.468940
1230.308672
1230.468940
1230.906283
1231.503040
1232.099796
1232.537139
1232.697407
1232.537139
1232.099796
1231.503040
1230.906283
1230.468940
1230.308672
1230.468940
1230.906283
1231.503040
1232.099796
1232.537139
1135.284193
1135.039905
1134.373778
1133.465438
1132.557098
1131.890971
1131.646683
1131.890971
1132.557098
1133.465438
1134.373778
1135.039905
1135.284193
1135.039905
1134.373778
1133.465438
1132.557098
1131.890971
1131.646683
1131.890971
1132.557098
1133.465438
1134.373778
1135.039905
1052.398596
1052.061488
1051.143280
1049.892401
1048.641521
1047.723314
1047.386206
1047.723314
1048.641521
1049.892401
1051.143280
1052.061488
1052.398596
1052.061488
1051.143280
1049.892401
1048.641521
1047.723314
1047.386206
1047.723314
1048.641521
1049.892401
1051.143280
1052.061488
980.332329
979.891878
978.694083
977.064468
975.434854
974.237059
973.796608
974.237059
975.434854
977.064468
978.694083
979.891878
980.332329
979.891878
978.694083
977.064468
975.434854
974.237059
973.796608
974.237059
975.434854
977.064468
978.694083
979.891878
916.642953
916.087534
914.580361
912.533389
910.486417
908.979244
908.423825
908.979244
910.486417
912.533389
914.580361
916.087534
916.642953
916.087534
914.580361
912.533389
910.486417
908.979244
908.423825
908.979244
910.486417
912.533389
914.580361
916.087534
859.636787
858.953881
857.106104
854.602079
852.098054
850.250277
849.567371
850.250277
852.098054
854.602079
857.106104
858.953881
859.636787
858.953881
857.106104
854.602079
852.098054
850.250277
849.567371
850.250277
852.098054
854.602079
857.106104
858.953881
808.091406
807.267602
805.046937
802.045839
799.044741
796.824076
796.000272
796.824076
799.044741
802.045839
805.046937
807.267602
808.091406
807.267602
805.046937
802.045839
799.044741
796.824076
796.000272
796.824076
799.044741
802.045839
805.046937
807.267602
761.095816
760.116703
757.489975
753.951921
750.413868
747.787140
746.808027
747.787140
750.413868
753.951921
757.489975
760.116703
761.095816
760.116703
757.489975
753.951921
750.413868
747.787140
746.808027
747.787140
750.413868
753.951921
757.489975
760.116703
717.953132
716.803108
713.736299
709.621875
705.507452
702.440643
701.290619
702.440643
705.507452
709.621875
713.736299
716.803108
717.953132
716.803108
713.736299
709.621875
705.507452
702.440643
701.290619
702.440643
705.507452
709.621875
713.736299
716.803108
678.118555
676.780567
673.238814
668.509333
663.779852
660.238099
658.900111
660.238099
663.779852
668.509333
673.238814
676.780567
678.118555
676.780567
673.238814
668.509333
663.779852
660.238099
658.900111
660.238099
663.779852
668.509333
673.238814
676.780567
641.158335
639.613553
635.561113
630.178842
624.796572
620.744131
619.199350
620.744131
624.796572
630.178842
635.561113
639.613553
641.158335
639.613553
635.561113
630.178842
624.796572
620.744131
619.199350
620.744131
624.796572
630.178842
635.561113
639.613553
606.721742
604.949169
600.349376
594.277749
588.206121
583.606328
581.833755
583.606328
588.206121
594.277749
600.349376
604.949169
606.721742
604.949169
600.349376
594.277749
588.206121
583.606328
581.833755
583.606328
588.206121
594.277749
600.349376
604.949169
574.521412
572.497413
567.312640
560.516455
553.720271
548.535498
546.511499
548.535498
553.720271
560.516455
567.312640
572.497413
574.521412
572.497413
567.312640
560.516455
553.720271
548.535498
546.511499
548.535498
553.720271
560.516455
567.312640
572.497413
544.319225
542.016984
536.208610
528.654235
521.099860
515.291486
512.989245
515.291486
521.099860
528.654235
536.208610
542.016984
544.319225
542.016984
536.208610
528.654235
521.099860
515.291486
512.989245
515.291486
521.099860
528.654235
536.208610
542.016984
515.915964
513.304851
506.833254
498.488819
490.144384
483.672788
481.061674
483.672788
490.144384
498.488819
506.833254
513.304851
515.915964
513.304851
506.833254
498.488819
490.144384
483.672788
481.061674
483.672788
490.144384
498.488819
506.833254
513.304851
489.143612
486.188450
479.013026
469.848621
460.684216
453.508792
450.553630
453.508792
460.684216
469.848621
479.013026
486.188450
489.143612
486.188450
479.013026
469.848621
460.684216
453.508792
450.553630
453.508792
460.684216
469.848621
479.013026
486.188450
463.859513
460.519746
452.598959
442.586828
432.574698
424.653911
421.314143
424.653911
432.574698
442.586828
452.598959
460.519746
463.859513
460.519746
452.598959
442.586828
432.574698
424.653911
421.314143
424.653911
432.574698
442.586828
452.598959
460.519746
439.941905
436.170634
427.462119
416.576852
405.691585
396.983071
393.211799
396.983071
405.691585
416.576852
427.462119
436.170634
439.941905
436.170634
427.462119
416.576852
405.691585
396.983071
393.211799
396.983071
405.691585
416.576852
427.462119
436.170634
417.286447
413.029350
403.490062
391.708778
379.927493
370.388205
366.131108
370.388205
379.927493
391.708778
403.490062
413.029350
417.286447
413.029350
403.490062
391.708778
379.927493
370.388205
366.131108
370.388205
379.927493
391.708778
403.490062
413.029350
395.803505
390.997611
380.584033
367.886557
355.189081
344.775503
339.969608
344.775503
355.189081
367.886557
380.584033
390.997611
395.803505
390.997611
380.584033
367.886557
355.189081
344.775503
339.969608
344.775503
355.189081
367.886557
380.584033
390.997611
375.416013
369.988311
358.656738
345.025771
331.394803
320.063230
314.635529
320.063230
331.394803
345.025771
358.656738
369.988311
375.416013
369.988311
358.656738
345.025771
331.394803
320.063230
314.635529
320.063230
331.394803
345.025771
358.656738
369.988311
356.057765
349.923658
337.630560
323.051826
308.473091
296.179993
290.045886
296.179993
308.473091
323.051826
337.630560
349.923658
356.057765
349.923658
337.630560
323.051826
308.473091
296.179993
290.045886
296.179993
308.473091
323.051826
337.630560
349.923658
337.672069
330.733629
317.436098
301.898484
286.360870
273.063340
266.124899
273.063340
286.360870
301.898484
317.436098
330.733629
337.672069
330.733629
317.436098
301.898484
286.360870
273.063340
266.124899
273.063340
286.360870
301.898484
317.436098
330.733629
320.210655
312.354684
298.010995
281.506663
265.002331
250.658642
242.802671
250.658642
265.002331
281.506663
298.010995
312.354684
320.210655
312.354684
298.010995
281.506663
265.002331
250.658642
242.802671
250.658642
265.002331
281.506663
298.010995
312.354684
303.632817
294.728689
279.298961
261.823438
244.347915
228.918188
220.014060
228.918188
244.347915
261.823438
279.298961
294.728689
303.632817
294.728689
279.298961
261.823438
244.347915
228.918188
220.014060
228.918188
244.347915
261.823438
279.298961
294.728689
287.904718
277.801985
261.248978
242.801217
224.353456
207.800449
197.697716
207.800449
224.353456
242.801217
261.248978
277.801985
287.904718
277.801985
261.248978
242.801217
224.353456
207.800449
197.697716
207.800449
224.353456
242.801217
261.248978
277.801985
272.998853
261.524595
243.814641
224.397046
204.979452
187.269497
175.795240
187.269497
204.979452
224.397046
243.814641
261.524595
272.998853
261.524595
243.814641
224.397046
204.979452
187.269497
175.795240
187.269497
204.979452
224.397046
243.814641
261.524595
258.893620
245.849527
226.953609
206.572028
186.190447
167.294529
154.250436
167.294529
186.190447
206.572028
226.953609
245.849527
258.893620
245.849527
226.953609
206.572028
186.190447
167.294529
154.250436
167.294529
186.190447
206.572028
226.953609
245.849527
245.572997
230.732149
210.627157
189.290824
167.954491
147.849498
133.008650
147.849498
167.954491
189.290824
210.627157
230.732149
245.572997
230.732149
210.627157
189.290824
167.954491
147.849498
133.008650
147.849498
167.954491
189.290824
210.627157
230.732149
233.026302
216.129643
194.799800
172.521234
150.242668
128.912825
112.016166
128.912825
150.242668
172.521234
194.799800
216.129643
233.026302
216.129643
194.799800
172.521234
150.242668
128.912825
112.016166
128.912825
150.242668
172.521234
194.799800
216.129643
221.248027
202.000495
179.438987
156.233837
133.028687
110.467179
91.219647
110.467179
133.028687
156.233837
179.438987
202.000495
221.248027
202.000495
179.438987
156.233837
133.028687
110.467179
91.219647
110.467179
133.028687
156.233837
179.438987
202.000495
210.237733
188.304034
164.514850
140.401678
116.288505
92.499321
70.565622
92.499321
116.288505
140.401678
164.514850
188.304034
210.237733
188.304034
164.514850
140.401678
116.288505
92.499321
70.565622
92.499321
116.288505
140.401678
164.514850
188.304034
200.000000
175.000000
150.000000
125.000000
100.000000
75.000000
50.000000
75.000000
100.000000
125.000000
150.000000
175.000000
200.000000
175.000000
150.000000
125.000000
100.000000
75.000000
50.000000
75.000000
100.000000
125.000000
150.000000
175.000000
