1500.000000
1500.000000
1500.000000
1500.000000
1500.000000
1500.000000
1500.000000
1500.000000
1500.000000
1500.000000
1500.000000
1500.000000
1500.000000
1500.000000
1500.000000
1500.000000
1500.000000
1500.000000
1500.000000
1500.000000
1500.000000
1500.000000
1500.000000
1500.000000
1500.000000
1500.000000
1500.000000
1500.000000
1359.834349
1359.676211
1359.233301
1358.593603
1357.883750
1357.244052
1356.801143
1356.643005
1356.801143
1357.244052
1357.883750
1358.593603
1359.233301
1359.676211
1359.834349
1359.676211
1359.233301
1358.593603
1357.883750
1357.244052
1356.801143
1356.643005
1356.801143
1357.244052
1357.883750
1358.593603
1359.233301
1359.676211
1249.280845
1248.970260
1248.100601
1246.844927
1245.451730
1244.196056
1243.326397
1243.015812
1243.326397
1244.196056
1245.451730
1246.844927
1248.100601
1248.970260
1249.280845
1248.970260
1248.100601
1246.844927
1245.451730
1244.196056
1243.326397
1243.015812
1243.326397
1244.196056
1245.451730
1246.844927
1248.100601
1248.970260
1158.231128
1157.757541
1156.432041
1154.519177
1152.397287
1150.484424
1149.158924
1148.685337
1149.158924
1150.484424
1152.397287
1154.519177
1156.432041
1157.757541
1158.231128
1157.757541
1156.432041
1154.519177
1152.397287
1150.484424
1149.158924
1148.685337
1149.158924
1150.484424
1152.397287
1154.519177
1156.432041
1157.757541
1081.024435
1080.370714
1078.542266
1075.905621
1072.981828
1070.345183
1068.516735
1067.863014
1068.516735
1070.345183
1072.981828
1075.905621
1078.542266
1080.370714
1081.024435
1080.370714
1078.542266
1075.905621
1072.981828
1070.345183
1068.516735
1067.863014
1068.516735
1070.345183
1072.981828
1075.905621
1078.542266
1080.370714
1014.173525
1013.319263
1010.932206
1007.493788
1003.682661
1000.244243
997.857186
997.002924
997.857186
1000.244243
1003.682661
1007.493788
1010.932206
1013.319263
1014.173525
1013.319263
1010.932206
1007.493788
1003.682661
1000.244243
997.857186
997.002924
997.857186
1000.244243
1003.682661
1007.493788
1010.932206
1013.319263
955.378902
954.301652
951.295539
946.971771
942.182274
937.858505
934.852393
933.775142
934.852393
937.858505
942.182274
946.971771
951.295539
954.301652
955.378902
954.301652
951.295539
946.971771
942.182274
937.858505
934.852393
933.775142
934.852393
937.858505
942.182274
946.971771
951.295539
954.301652
903.044897
901.720594
898.031779
892.736246
886.874958
881.579425
877.890610
876.566307
877.890610
881.579425
886.874958
892.736246
898.031779
901.720594
903.044897
901.720594
898.031779
892.736246
886.874958
881.579425
877.890610
876.566307
877.890610
881.579425
886.874958
892.736246
898.031779
901.720594
856.019432
854.422431
849.984704
843.629606
836.602526
830.247428
825.809701
824.212700
825.809701
830.247428
836.602526
843.629606
849.984704
854.422431
856.019432
854.422431
849.984704
843.629606
836.602526
830.247428
825.809701
824.212700
825.809701
830.247428
836.602526
843.629606
849.984704
854.422431
813.443958
811.546836
806.291593
798.788601
790.502305
782.999313
777.744070
775.846948
777.744070
782.999313
790.502305
798.788601
806.291593
811.546836
813.443958
811.546836
806.291593
798.788601
790.502305
782.999313
777.744070
775.846948
777.744070
782.999313
790.502305
798.788601
806.291593
811.546836
774.661976
772.435175
766.291340
757.552166
747.914654
739.175479
733.031644
730.804843
733.031644
739.175479
747.914654
757.552166
766.291340
772.435175
774.661976
772.435175
766.291340
757.552166
747.914654
739.175479
733.031644
730.804843
733.031644
739.175479
747.914654
757.552166
766.291340
772.435175
739.160733
736.572047
729.465845
719.402678
708.324061
698.260894
691.154691
688.566005
691.154691
698.260894
708.324061
719.402678
729.465845
736.572047
739.160733
736.572047
729.465845
719.402678
708.324061
698.260894
691.154691
688.566005
691.154691
698.260894
708.324061
719.402678
729.465845
736.572047
706.532643
703.546555
695.401197
683.927076
671.320189
659.846069
651.700710
648.714623
651.700710
659.846069
671.320189
683.927076
695.401197
703.546555
706.532643
703.546555
695.401197
683.927076
671.320189
659.846069
651.700710
648.714623
651.700710
659.846069
671.320189
683.927076
695.401197
703.546555
676.448957
673.025807
663.761126
650.790294
636.571268
623.600435
614.335754
610.912604
614.335754
623.600435
636.571268
650.790294
663.761126
673.025807
676.448957
673.025807
663.761126
650.790294
636.571268
623.600435
614.335754
610.912604
614.335754
623.600435
636.571268
650.790294
663.761126
673.025807
648.641335
644.736287
634.268351
619.716609
603.805416
589.253674
578.785738
574.880690
578.785738
589.253674
603.805416
619.716609
634.268351
644.736287
648.641335
644.736287
634.268351
619.716609
603.805416
589.253674
578.785738
574.880690
578.785738
589.253674
603.805416
619.716609
634.268351
644.736287
622.888639
618.450431
606.691150
590.476241
572.797222
556.582313
544.823031
540.384824
544.823031
556.582313
572.797222
590.476241
606.691150
618.450431
622.888639
618.450431
606.691150
590.476241
572.797222
556.582313
544.823031
540.384824
544.823031
556.582313
572.797222
590.476241
606.691150
618.450431
599.007314
593.976742
580.833501
562.875512
543.357892
525.399903
512.256661
507.226090
512.256661
525.399903
543.357892
562.875512
580.833501
593.976742
599.007314
593.976742
580.833501
562.875512
543.357892
525.399903
512.256661
507.226090
512.256661
525.399903
543.357892
562.875512
580.833501
593.976742
576.844269
571.152361
556.527703
536.749506
515.327886
495.549690
480.925031
475.233124
480.925031
495.549690
515.327886
536.749506
556.527703
571.152361
576.844269
571.152361
556.527703
536.749506
515.327886
495.549690
480.925031
475.233124
480.925031
495.549690
515.327886
536.749506
556.527703
571.152361
556.271550
549.837387
533.628766
511.956500
488.571320
466.899055
450.690433
444.256271
450.690433
466.899055
488.571320
511.956500
533.628766
549.837387
556.271550
549.837387
533.628766
511.956500
488.571320
466.899055
450.690433
444.256271
450.690433
466.899055
488.571320
511.956500
533.628766
549.837387
537.182326
529.910443
512.010087
488.373672
462.971649
439.335234
421.434878
414.162994
421.434878
439.335234
462.971649
488.373672
512.010087
529.910443
537.182326
529.910443
512.010087
488.373672
462.971649
439.335234
421.434878
414.162994
421.434878
439.335234
462.971649
488.373672
512.010087
529.910443
519.487852
511.265162
491.560077
465.893769
438.428283
412.761975
393.056890
384.834200
393.056890
412.761975
438.428283
465.893769
491.560077
511.265162
519.487852
511.265162
491.560077
465.893769
438.428283
412.761975
393.056890
384.834200
393.056890
412.761975
438.428283
465.893769
491.560077
511.265162
503.115179
493.807345
472.179502
444.422479
414.853920
387.096896
365.469053
356.161219
365.469053
387.096896
414.853920
444.422479
472.179502
493.807345
503.115179
493.807345
472.179502
444.422479
414.853920
387.096896
365.469053
356.161219
365.469053
387.096896
414.853920
444.422479
472.179502
493.807345
488.005444
477.452617
453.779362
423.876340
392.172390
362.269368
338.596113
328.043286
338.596113
362.269368
392.172390
423.876340
453.779362
477.452617
488.005444
477.452617
453.779362
423.876340
392.172390
362.269368
338.596113
328.043286
338.596113
362.269368
392.172390
423.876340
453.779362
477.452617
474.112623
462.124455
436.279202
404.181072
370.316926
338.218796
312.373542
300.385374
312.373542
338.218796
370.316926
404.181072
436.279202
462.124455
474.112623
462.124455
436.279202
404.181072
370.316926
338.218796
312.373542
300.385374
312.373542
338.218796
370.316926
404.181072
436.279202
462.124455
461.402655
447.752491
419.605751
385.270222
349.228730
314.893201
286.746461
273.096298
286.746461
314.893201
349.228730
385.270222
419.605751
447.752491
461.402655
447.752491
419.605751
385.270222
349.228730
314.893201
286.746461
273.096298
286.746461
314.893201
349.228730
385.270222
419.605751
447.752491
449.852879
434.271019
403.691826
367.084069
328.855803
292.248046
261.668853
246.086993
261.668853
292.248046
328.855803
367.084069
403.691826
434.271019
449.852879
434.271019
403.691826
367.084069
328.855803
292.248046
261.668853
246.086993
261.668853
292.248046
328.855803
367.084069
403.691826
434.271019
439.451740
421.617645
388.475457
349.568727
309.151956
270.245226
237.103038
219.268943
237.103038
270.245226
309.151956
349.568727
388.475457
421.617645
439.451740
421.617645
388.475457
349.568727
309.151956
270.245226
237.103038
219.268943
237.103038
270.245226
309.151956
349.568727
388.475457
421.617645
430.198720
409.732039
373.899189
332.675406
290.075986
248.852203
213.019353
192.552672
213.019353
248.852203
290.075986
332.675406
373.899189
409.732039
430.198720
409.732039
373.899189
332.675406
290.075986
248.852203
213.019353
192.552672
213.019353
248.852203
290.075986
332.675406
373.899189
409.732039
422.104482
398.554749
359.909535
316.359805
271.590974
228.041243
189.396029
165.846296
189.396029
228.041243
271.590974
316.359805
359.909535
398.554749
422.104482
398.554749
359.909535
316.359805
271.590974
228.041243
189.396029
165.846296
189.396029
228.041243
271.590974
316.359805
359.909535
398.554749
415.191202
388.026056
346.456566
300.581606
253.663683
207.788723
166.219233
139.054087
166.219233
207.788723
253.663683
300.581606
346.456566
388.026056
415.191202
388.026056
346.456566
300.581606
253.663683
207.788723
166.219233
139.054087
166.219233
207.788723
253.663683
300.581606
346.456566
388.026056
409.493079
378.084828
333.493609
285.304054
236.264049
188.074493
143.483275
112.075023
143.483275
188.074493
236.264049
285.304054
333.493609
378.084828
409.493079
378.084828
333.493609
285.304054
236.264049
188.074493
143.483275
112.075023
143.483275
188.074493
236.264049
285.304054
333.493609
378.084828
405.057023
368.667373
320.977056
270.493601
219.364732
168.881277
121.190960
84.801310
121.190960
168.881277
219.364732
270.493601
320.977056
368.667373
405.057023
368.667373
320.977056
270.493601
219.364732
168.881277
121.190960
84.801310
121.190960
168.881277
219.364732
270.493601
320.977056
368.667373
401.943501
359.706255
308.866265
256.119604
202.940742
150.194081
99.354091
57.116845
99.354091
150.194081
202.940742
256.119604
308.866265
359.706255
401.943501
359.706255
308.866265
256.119604
202.940742
150.194081
99.354091
57.116845
99.354091
150.194081
202.940742
256.119604
308.866265
359.706255
400.227558
351.129068
297.123555
242.154071
186.969101
131.999617
77.994104
28.895614
77.994104
131.999617
186.969101
242.154071
297.123555
351.129068
400.227558
351.129068
297.123555
242.154071
186.969101
131.999617
77.994104
28.895614
77.994104
131.999617
186.969101
242.154071
297.123555
351.129068
400.000000
342.857143
285.714286
228.571429
171.428571
114.285714
57.142857
0.000000
57.142857
114.285714
171.428571
228.571429
285.714286
342.857143
400.000000
342.857143
285.714286
228.571429
171.428571
114.285714
57.142857
0.000000
57.142857
114.285714
171.428571
228.571429
285.714286
342.857143
