1500.000000
1500.000000
1500.000000
1500.000000
1500.000000
1500.000000
1500.000000
1500.000000
1500.000000
1500.000000
1500.000000
1500.000000
1500.000000
1500.000000
1500.000000
1500.000000
1500.000000
1500.000000
1500.000000
1500.000000
1359.908649
1359.589184
1358.754229
1357.723125
1356.888170
1356.568705
1356.888170
1357.723125
1358.754229
1359.589184
1359.908649
1359.589184
1358.754229
1357.723125
1356.888170
1356.568705
1356.888170
1357.723125
1358.754229
1359.589184
1249.422341
1248.795484
1247.158590
1245.138066
1243.501173
1242.874316
1243.501173
1245.138066
1247.158590
1248.795484
1249.422341
1248.795484
1247.158590
1245.138066
1243.501173
1242.874316
1243.501173
1245.138066
1247.158590
1248.795484
1158.439182
1157.484176
1154.994019
1151.922446
1149.432288
1148.477282
1149.432288
1151.922446
1154.994019
1157.484176
1158.439183
1157.484176
1154.994019
1151.922446
1149.432288
1148.477282
1149.432288
1151.922446
1154.994019
1157.484176
1081.301040
1079.983621
1076.555735
1072.331714
1068.903827
1067.586409
1068.903827
1072.331714
1076.555735
1079.983621
1081.301040
1079.983621
1076.555735
1072.331714
1068.903827
1067.586409
1068.903827
1072.331714
1076.555735
1079.983621
1014.521968
1012.800906
1008.335719
1002.840731
998.375543
996.654481
998.375543
1002.840731
1008.335719
1012.800906
1014.521968
1012.800906
1008.335719
1002.840731
998.375543
996.654481
998.375543
1002.840731
1008.335719
1012.800906
955.803283
953.632775
948.023023
941.131022
935.521270
933.350761
935.521270
941.131022
948.023023
953.632775
955.803283
953.632775
948.023023
941.131022
935.521270
933.350761
935.521270
941.131022
948.023023
953.632775
903.549975
900.880417
894.014563
885.596641
878.730787
876.061229
878.730787
885.596641
894.014563
900.880417
903.549975
900.880417
894.014563
885.596641
878.730787
876.061229
878.730787
885.596641
894.014563
900.880417
856.610618
853.388631
845.152576
835.079556
826.843501
823.621514
826.843501
835.079556
845.152576
853.388631
856.610618
853.388631
845.152576
835.079556
826.843501
823.621514
826.843501
835.079556
845.152576
853.388631
814.127359
810.295404
800.573425
788.717481
778.995502
775.163547
778.995502
788.717481
800.573425
810.295404
814.127359
810.295404
800.573425
788.717481
778.995502
775.163547
778.995502
788.717481
800.573425
810.295404
775.444475
770.940207
759.615504
745.851316
734.526612
730.022344
734.526612
745.851316
759.615504
770.940207
775.444475
770.940207
759.615504
745.851316
734.526612
730.022344
734.526612
745.851316
759.615504
770.940207
740.050055
734.805480
721.760543
705.966195
692.921259
687.676684
692.921259
705.966195
721.760543
734.805480
740.050055
734.805480
721.760543
705.966195
692.921259
687.676684
692.921259
705.966195
721.760543
734.805480
707.537402
701.477867
686.594759
668.652506
653.769398
647.709864
653.769398
668.652506
686.594759
701.477867
707.537402
701.477867
686.594759
668.652506
653.769398
647.709864
653.769398
668.652506
686.594759
701.477867
677.578672
670.621698
653.782303
633.579258
616.739863
609.782889
616.739863
633.579258
653.782303
670.621698
677.578672
670.621698
653.782303
633.579258
616.739863
609.782889
616.739863
633.579258
653.782303
670.621698
649.906382
641.960348
623.046629
600.475396
581.561677
573.615643
581.561677
600.475396
623.046629
641.960348
649.906382
641.960348
623.046629
600.475396
581.561677
573.615643
581.561677
600.475396
623.046629
641.960348
624.300137
615.262808
594.157091
569.116372
548.010655
538.973326
548.010655
569.116372
594.157091
615.262808
624.300137
615.262808
594.157091
569.116372
548.010655
538.973326
548.010655
569.116372
594.157091
615.262808
600.576914
590.333816
566.919121
539.314283
515.899588
505.656490
515.899588
539.314283
566.919121
590.333816
600.576914
590.333816
566.919121
539.314283
515.899588
505.656490
515.899588
539.314283
566.919121
590.333816
578.583828
567.006459
541.166888
510.910504
485.070934
473.493565
485.070934
510.910504
541.166888
567.006459
578.583828
567.006459
541.166888
510.910504
485.070934
473.493565
485.070934
510.910504
541.166888
567.006459
558.192660
545.136534
516.757728
483.770093
455.391286
442.335160
455.391286
483.770093
516.757728
545.136534
558.192660
545.136534
516.757728
483.770093
455.391286
442.335160
455.391286
483.770093
516.757728
545.136534
539.295672
524.598187
493.567857
457.777464
426.747134
412.049649
426.747134
457.777464
493.567857
524.598187
539.295672
524.598187
493.567857
457.777464
426.747134
412.049649
426.747134
457.777464
493.567857
524.598187
521.802359
505.280486
471.489037
432.833016
399.041566
382.519694
399.041566
432.833016
471.489037
505.280486
521.802359
505.280486
471.489037
432.833016
399.041566
382.519694
399.041566
432.833016
471.489037
505.280486
505.636916
487.084696
450.425942
408.850456
372.191702
353.639482
372.191702
408.850456
450.425942
487.084696
505.636916
487.084696
450.425942
408.850456
372.191702
353.639482
372.191702
408.850456
450.425942
487.084696
490.736243
469.922087
430.294070
385.754660
346.126643
325.312487
346.126643
385.754660
430.294070
469.922087
490.736243
469.922087
430.294070
385.754660
346.126643
325.312487
346.126643
385.754660
430.294070
469.922087
477.048357
453.712140
411.018065
363.479932
320.785858
297.449641
320.785858
363.479932
411.018065
453.712140
477.048357
453.712140
411.018065
363.479932
320.785858
297.449641
320.785858
363.479932
411.018065
453.712140
464.531131
438.381075
392.530359
341.968593
296.117877
269.967821
296.117877
341.968593
392.530359
438.381075
464.531131
438.381075
392.530359
341.968593
296.117877
269.967821
296.117877
341.968593
392.530359
438.381075
453.151291
423.860623
374.770071
321.169801
272.079249
242.788581
272.079249
321.169801
374.770071
423.860623
453.151291
423.860623
374.770071
321.169801
272.079249
242.788581
272.079249
321.169801
374.770071
423.860623
442.883601
410.086984
357.682111
301.038572
248.633699
215.837082
248.633699
301.038572
357.682111
410.086984
442.883601
410.086984
357.682111
301.038572
248.633699
215.837082
248.633699
301.038572
357.682111
410.086984
433.710227
396.999948
341.216434
281.534959
225.751444
189.041165
225.751444
281.534959
341.216434
396.999948
433.710227
396.999948
341.216434
281.534959
225.751444
189.041165
225.751444
281.534959
341.216434
396.999948
425.620220
384.542131
325.327435
262.623344
203.408647
162.330559
203.408647
262.623344
325.327435
384.542131
425.620220
384.542131
325.327435
262.623344
203.408647
162.330559
203.408647
262.623344
325.327435
384.542131
418.609108
372.658318
309.973451
244.271838
181.586971
135.636181
181.586971
244.271838
309.973451
372.658318
418.609108
372.658318
309.973451
244.271838
181.586971
135.636181
181.586971
244.271838
309.973451
372.658318
412.678585
361.294875
295.116343
226.451760
160.273228
108.889517
160.273228
226.451760
295.116343
361.294875
412.678585
361.294875
295.116343
226.451760
160.273228
108.889517
160.273228
226.451760
295.116343
361.294875
407.836265
350.399235
280.721161
209.137172
139.459098
82.022068
139.459098
209.137172
280.721161
350.399235
407.836265
350.399235
280.721161
209.137172
139.459098
82.022068
139.459098
209.137172
280.721161
350.399235
404.095499
339.919433
266.755865
192.304481
119.140913
54.964847
119.140913
192.304481
266.755865
339.919433
404.095499
339.919433
266.755865
192.304481
119.140913
54.964847
119.140913
192.304481
266.755865
339.919433
401.475248
329.803685
253.191096
175.932076
99.319487
27.647924
99.319487
175.932076
253.191096
329.803685
401.475248
329.803685
253.191096
175.932076
99.319487
27.647924
99.319487
175.932076
253.191096
329.803685
400.000000
320.000000
240.000000
160.000000
80.000000
0.000000
80.000000
160.000000
240.000000
320.000000
400.000000
320.000000
240.000000
160.000000
80.000000
0.000000
80.000000
160.000000
240.000000
320.000000
