1500.000000
1500.000000
1500.000000
1500.000000
1500.000000
1500.000000
1500.000000
1500.000000
1500.000000
1500.000000
1500.000000
1500.000000
1500.000000
1500.000000
1500.000000
1500.000000
1500.000000
1500.000000
1500.000000
1500.000000
1352.514123
1352.514392
1352.514123
1352.514392
1352.514123
1352.514392
1352.514123
1352.514392
1352.514123
1352.514392
1352.514123
1352.514392
1352.514123
1352.514392
1352.514123
1352.514392
1352.514123
1352.514392
1352.514123
1352.514392
1235.195584
1235.196523
1235.195584
1235.196523
1235.195584
1235.196523
1235.195584
1235.196523
1235.195584
1235.196523
1235.195584
1235.196523
1235.195584
1235.196523
1235.195584
1235.196523
1235.195584
1235.196523
1235.195584
1235.196523
1137.798512
1137.801106
1137.798512
1137.801106
1137.798512
1137.801106
1137.798512
1137.801106
1137.798512
1137.801106
1137.798512
1137.801106
1137.798512
1137.801106
1137.798512
1137.801106
1137.798512
1137.801106
1137.798512
1137.801106
1054.538617
1054.544840
1054.538617
1054.544840
1054.538617
1054.544840
1054.538617
1054.544840
1054.538617
1054.544840
1054.538617
1054.544840
1054.538617
1054.544840
1054.538617
1054.544840
1054.538617
1054.544840
1054.538617
1054.544840
981.830767
981.844212
981.830767
981.844212
981.830767
981.844212
981.830767
981.844212
981.830767
981.844212
981.830767
981.844212
981.830767
981.844212
981.830767
981.844212
981.830767
981.844212
981.830767
981.844212
917.299102
917.325852
917.299102
917.325852
917.299102
917.325852
917.299102
917.325852
917.299102
917.325852
917.299102
917.325852
917.299102
917.325852
917.299102
917.325852
917.299102
917.325852
917.299102
917.325852
859.287568
859.337364
859.287568
859.337364
859.287568
859.337364
859.287568
859.337364
859.287568
859.337364
859.287568
859.337364
859.287568
859.337364
859.287568
859.337364
859.287568
859.337364
859.287568
859.337364
806.595114
806.682860
806.595114
806.682860
806.595114
806.682860
806.595114
806.682860
806.595114
806.682860
806.595114
806.682860
806.595114
806.682860
806.595114
806.682860
806.595114
806.682860
806.595114
806.682860
758.322155
758.469819
758.322155
758.469819
758.322155
758.469819
758.322155
758.469819
758.322155
758.469819
758.322155
758.469819
758.322155
758.469819
758.322155
758.469819
758.322155
758.469819
758.322155
758.469819
713.776500
714.015458
713.776500
714.015458
713.776500
714.015458
713.776500
714.015458
713.776500
714.015458
713.776500
714.015458
713.776500
714.015458
713.776500
714.015458
713.776500
714.015458
713.776500
714.015458
672.413029
672.786913
672.413029
672.786913
672.413029
672.786913
672.413029
672.786913
672.413029
672.786913
672.413029
672.786913
672.413029
672.786913
672.413029
672.786913
672.413029
672.786913
672.413029
672.786913
633.793524
634.361627
633.793524
634.361627
633.793524
634.361627
633.793524
634.361627
633.793524
634.361627
633.793524
634.361627
633.793524
634.361627
633.793524
634.361627
633.793524
634.361627
633.793524
634.361627
597.559016
598.400317
597.559016
598.400317
597.559016
598.400317
597.559016
598.400317
597.559016
598.400317
597.559016
598.400317
597.559016
598.400317
597.559016
598.400317
597.559016
598.400317
597.559016
598.400317
563.410204
564.628064
563.410204
564.628064
563.410204
564.628064
563.410204
564.628064
563.410204
564.628064
563.410204
564.628064
563.410204
564.628064
563.410204
564.628064
563.410204
564.628064
563.410204
564.628064
531.093212
532.820820
531.093212
532.820820
531.093212
532.820820
531.093212
532.820820
531.093212
532.820820
531.093212
532.820820
531.093212
532.820820
531.093212
532.820820
531.093212
532.820820
531.093212
532.820820
500.388999
502.795609
500.388999
502.795609
500.388999
502.795609
500.388999
502.795609
500.388999
502.795609
500.388999
502.795609
500.388999
502.795609
500.388999
502.795609
500.388999
502.795609
500.388999
502.795609
471.105287
474.403333
471.105287
474.403333
471.105287
474.403333
471.105287
474.403333
471.105287
474.403333
471.105287
474.403333
471.105287
474.403333
471.105287
474.403333
471.105287
474.403333
471.105287
474.403333
443.070291
447.523425
443.070291
447.523425
443.070291
447.523425
443.070291
447.523425
443.070291
447.523425
443.070291
447.523425
443.070291
447.523425
443.070291
447.523425
443.070291
447.523425
443.070291
447.523425
416.127738
422.059876
416.127738
422.059876
416.127738
422.059876
416.127738
422.059876
416.127738
422.059876
416.127738
422.059876
416.127738
422.059876
416.127738
422.059876
416.127738
422.059876
416.127738
422.059876
390.132836
397.938264
390.132836
397.938264
390.132836
397.938264
390.132836
397.938264
390.132836
397.938264
390.132836
397.938264
390.132836
397.938264
390.132836
397.938264
390.132836
397.938264
390.132836
397.938264
364.948929
375.103557
364.948929
375.103557
364.948929
375.103557
364.948929
375.103557
364.948929
375.103557
364.948929
375.103557
364.948929
375.103557
364.948929
375.103557
364.948929
375.103557
364.948929
375.103557
340.444688
353.518504
340.444688
353.518504
340.444688
353.518504
340.444688
353.518504
340.444688
353.518504
340.444688
353.518504
340.444688
353.518504
340.444688
353.518504
340.444688
353.518504
340.444688
353.518504
316.491682
333.162489
316.491682
333.162489
316.491682
333.162489
316.491682
333.162489
316.491682
333.162489
316.491682
333.162489
316.491682
333.162489
316.491682
333.162489
316.491682
333.162489
316.491682
333.162489
292.962249
314.030756
292.962249
314.030756
292.962249
314.030756
292.962249
314.030756
292.962249
314.030756
292.962249
314.030756
292.962249
314.030756
292.962249
314.030756
292.962249
314.030756
292.962249
314.030756
269.727591
296.133933
269.727591
296.133933
269.727591
296.133933
269.727591
296.133933
269.727591
296.133933
269.727591
296.133933
269.727591
296.133933
269.727591
296.133933
269.727591
296.133933
269.727591
296.133933
246.656033
279.497791
246.656033
279.497791
246.656033
279.497791
246.656033
279.497791
246.656033
279.497791
246.656033
279.497791
246.656033
279.497791
246.656033
279.497791
246.656033
279.497791
246.656033
279.497791
223.611420
264.163215
223.611420
264.163215
223.611420
264.163215
223.611420
264.163215
223.611420
264.163215
223.611420
264.163215
223.611420
264.163215
223.611420
264.163215
223.611420
264.163215
223.611420
264.163215
200.451592
250.186345
200.451592
250.186345
200.451592
250.186345
200.451592
250.186345
200.451592
250.186345
200.451592
250.186345
200.451592
250.186345
200.451592
250.186345
200.451592
250.186345
200.451592
250.186345
177.026944
237.638861
177.026944
237.638861
177.026944
237.638861
177.026944
237.638861
177.026944
237.638861
177.026944
237.638861
177.026944
237.638861
177.026944
237.638861
177.026944
237.638861
177.026944
237.638861
153.179025
226.608395
153.179025
226.608395
153.179025
226.608395
153.179025
226.608395
153.179025
226.608395
153.179025
226.608395
153.179025
226.608395
153.179025
226.608395
153.179025
226.608395
153.179025
226.608395
128.739172
217.199061
128.739172
217.199061
128.739172
217.199061
128.739172
217.199061
128.739172
217.199061
128.739172
217.199061
128.739172
217.199061
128.739172
217.199061
128.739172
217.199061
128.739172
217.199061
103.527165
209.532081
103.527165
209.532081
103.527165
209.532081
103.527165
209.532081
103.527165
209.532081
103.527165
209.532081
103.527165
209.532081
103.527165
209.532081
103.527165
209.532081
103.527165
209.532081
77.349889
203.746503
77.349889
203.746503
77.349889
203.746503
77.349889
203.746503
77.349889
203.746503
77.349889
203.746503
77.349889
203.746503
77.349889
203.746503
77.349889
203.746503
77.349889
203.746503
50.000000
200.000000
50.000000
200.000000
50.000000
200.000000
50.000000
200.000000
50.000000
200.000000
50.000000
200.000000
50.000000
200.000000
50.000000
200.000000
50.000000
200.000000
50.000000
200.000000
