1500.000000
1500.000000
1500.000000
1500.000000
1500.000000
1500.000000
1500.000000
1500.000000
1500.000000
1500.000000
1500.000000
1500.000000
1500.000000
1500.000000
1500.000000
1500.000000
1500.000000
1500.000000
1500.000000
1500.000000
1500.000000
1500.000000
1500.000000
1500.000000
1500.000000
1500.000000
1500.000000
1500.000000
1500.000000
1500.000000
1500.000000
1500.000000
1350.651902
1350.606830
1350.478508
1350.286531
1350.060139
1349.833746
1349.641770
1349.513448
1349.468376
1349.513448
1349.641770
1349.833746
1350.060139
1350.286531
1350.478508
1350.606830
1350.651902
1350.606830
1350.478508
1350.286531
1350.060139
1349.833746
1349.641770
1349.513448
1349.468376
1349.513448
1349.641770
1349.833746
1350.060139
1350.286531
1350.478508
1350.606830
1232.665140
1232.576593
1232.324541
1231.947547
1231.503040
1231.058532
1230.681538
1230.429486
1230.340939
1230.429486
1230.681538
1231.058532
1231.503040
1231.947547
1232.324541
1232.576593
1232.665140
1232.576593
1232.324541
1231.947547
1231.503040
1231.058532
1230.681538
1230.429486
1230.340939
1230.429486
1230.681538
1231.058532
1231.503040
1231.947547
1232.324541
1232.576593
1135.236764
1135.101708
1134.717380
1134.142767
1133.465438
1132.788110
1132.213497
1131.829168
1131.694112
1131.829168
1132.213497
1132.788110
1133.465438
1134.142767
1134.717380
1135.101708
1135.236764
1135.101708
1134.717380
1134.142767
1133.465438
1132.788110
1132.213497
1131.829168
1131.694112
1131.829168
1132.213497
1132.788110
1133.465438
1134.142767
1134.717380
1135.101708
1052.335580
1052.149112
1051.618715
1050.826197
1049.892401
1048.958605
1048.166087
1047.635690
1047.449222
1047.635690
1048.166087
1048.958605
1049.892401
1050.826197
1051.618715
1052.149112
1052.335580
1052.149112
1051.618715
1050.826197
1049.892401
1048.958605
1048.166087
1047.635690
1047.449222
1047.635690
1048.166087
1048.958605
1049.892401
1050.826197
1051.618715
1052.149112
980.253025
980.009318
979.316556
978.282333
977.064468
975.846604
974.812381
974.119619
973.875911
974.119619
974.812381
975.846604
977.064468
978.282333
979.316556
980.009318
980.253025
980.009318
979.316556
978.282333
977.064468
975.846604
974.812381
974.119619
973.875911
974.119619
974.812381
975.846604
977.064468
978.282333
979.316556
980.009318
916.546492
916.239152
915.366302
914.064782
912.533389
911.001996
909.700475
908.827625
908.520285
908.827625
909.700475
911.001996
912.533389
914.064782
915.366302
916.239152
916.546492
916.239152
915.366302
914.064782
912.533389
911.001996
909.700475
908.827625
908.520285
908.827625
909.700475
911.001996
912.533389
914.064782
915.366302
916.239152
859.522167
859.144362
858.072717
856.477300
854.602079
852.726857
851.131441
850.059796
849.681991
850.059796
851.131441
852.726857
854.602079
856.477300
858.072717
859.144362
859.522167
859.144362
858.072717
856.477300
854.602079
852.726857
851.131441
850.059796
849.681991
850.059796
851.131441
852.726857
854.602079
856.477300
858.072717
859.144362
807.957484
807.501959
806.211987
804.295467
802.045839
799.796211
797.879691
796.589719
796.134195
796.589719
797.879691
799.796211
802.045839
804.295467
806.211987
807.501959
807.957484
807.501959
806.211987
804.295467
802.045839
799.796211
797.879691
796.589719
796.134195
796.589719
797.879691
799.796211
802.045839
804.295467
806.211987
807.501959
760.941289
760.400319
758.871684
756.606454
753.951921
751.297389
749.032159
747.503523
746.962554
747.503523
749.032159
751.297389
753.951921
756.606454
758.871684
760.400319
760.941289
760.400319
758.871684
756.606454
753.951921
751.297389
749.032159
747.503523
746.962554
747.503523
749.032159
751.297389
753.951921
756.606454
758.871684
760.400319
717.776505
717.141801
715.353293
712.711471
709.621875
706.532280
703.890458
702.101950
701.467246
702.101950
703.890458
706.532280
709.621875
712.711471
715.353293
717.141801
717.776505
717.141801
715.353293
712.711471
709.621875
706.532280
703.890458
702.101950
701.467246
702.101950
703.890458
706.532280
709.621875
712.711471
715.353293
717.141801
677.918102
677.180672
675.110094
672.063599
668.509333
664.955067
661.908572
659.837994
659.100564
659.837994
661.908572
664.955067
668.509333
672.063599
675.110094
677.180672
677.918102
677.180672
675.110094
672.063599
668.509333
664.955067
661.908572
659.837994
659.100564
659.837994
661.908572
664.955067
668.509333
672.063599
675.110094
677.180672
640.932060
640.082022
637.706031
634.226644
630.178842
626.131040
622.651653
620.275662
619.425624
620.275662
622.651653
626.131040
630.178842
634.226644
637.706032
640.082022
640.932060
640.082022
637.706031
634.226644
630.178842
626.131040
622.651653
620.275662
619.425624
620.275662
622.651653
626.131040
630.178842
634.226644
637.706031
640.082022
606.467344
605.493692
602.787618
598.847033
594.277749
589.708464
585.767879
583.061805
582.088153
583.061805
585.767879
589.708464
594.277749
598.847033
602.787618
605.493692
606.467344
605.493692
602.787618
598.847033
594.277749
589.708464
585.767879
583.061805
582.088153
583.061805
585.767879
589.708464
594.277749
598.847033
602.787618
605.493692
574.236251
573.126553
570.064189
565.634072
560.516455
555.398839
550.968722
547.906358
546.796660
547.906358
550.968722
555.398839
560.516455
565.634072
570.064189
573.126553
574.236251
573.126553
570.064189
565.634072
560.516455
555.398839
550.968722
547.906358
546.796660
547.906358
550.968722
555.398839
560.516455
565.634072
570.064189
573.126553
544.000302
542.740320
539.293704
534.345763
528.654235
522.962707
518.014766
514.568150
513.308168
514.568150
518.014766
522.962707
528.654235
534.345763
539.293704
542.740320
544.000302
542.740320
539.293704
534.345763
528.654235
522.962707
518.014766
514.568150
513.308168
514.568150
518.014766
522.962707
528.654235
534.345763
539.293704
542.740320
515.559925
514.133142
510.272325
504.778394
498.488819
492.199244
486.705314
482.844497
481.417713
482.844497
486.705314
492.199244
498.488819
504.778394
510.272325
514.133142
515.559925
514.133142
510.272325
504.778394
498.488819
492.199244
486.705314
482.844497
481.417713
482.844497
486.705314
492.199244
498.488819
504.778394
510.272325
514.133142
488.746768
487.133797
482.826612
476.758765
469.848621
462.938477
456.870630
452.563445
450.950475
452.563445
456.870630
462.938477
469.848621
476.758765
482.826612
487.133797
488.746768
487.133797
482.826612
476.758765
469.848621
462.938477
456.870630
452.563445
450.950475
452.563445
456.870630
462.938477
469.848621
476.758765
482.826612
487.133797
463.417903
461.595759
456.807598
450.138281
442.586828
435.035375
428.366058
423.577898
421.755754
423.577898
428.366058
435.035375
442.586828
450.138281
456.807598
461.595759
463.417903
461.595759
456.807598
450.138281
442.586828
435.035375
428.366058
423.577898
421.755754
423.577898
428.366058
435.035375
442.586828
450.138281
456.807598
461.595759
439.451406
437.392599
432.086218
424.788411
416.576852
408.365293
401.067487
395.761106
393.702298
395.761106
401.067487
408.365293
416.576852
424.788411
432.086218
437.392599
439.451406
437.392599
432.086218
424.788411
416.576852
408.365293
401.067487
395.761106
393.702298
395.761106
401.067487
408.365293
416.576852
424.788411
432.086218
437.392599
416.742953
414.414376
408.549725
400.597144
391.708778
382.820411
374.867830
369.003180
366.674602
369.003180
374.867830
382.820411
391.708778
400.597144
408.549725
414.414376
416.742953
414.414376
408.549725
400.597144
391.708778
382.820411
374.867830
369.003180
366.674602
369.003180
374.867830
382.820411
391.708778
400.597144
408.549725
414.414376
395.203187
392.564752
386.098873
377.466198
367.886557
358.306916
349.674240
343.208361
340.569927
343.208361
349.674240
358.306916
367.886557
377.466198
386.098873
392.564752
395.203187
392.564752
386.098873
377.466198
367.886557
358.306916
349.674240
343.208361
340.569927
343.208361
349.674240
358.306916
367.886557
377.466198
386.098873
392.564752
374.755680
371.758657
364.645655
355.308796
345.025771
334.742746
325.405887
318.292885
315.295862
318.292885
325.405887
334.742746
345.025771
355.308796
364.645655
371.758657
374.755680
371.758657
364.645655
355.308796
345.025771
334.742746
325.405887
318.292885
315.295862
318.292885
325.405887
334.742746
345.025771
355.308796
364.645655
371.758657
355.335370
351.920361
344.111480
334.047882
323.051826
312.055770
301.992171
294.183291
290.768281
294.183291
301.992171
312.055770
323.051826
334.047882
344.111480
351.920361
355.335370
351.920361
344.111480
334.047882
323.051826
312.055770
301.992171
294.183291
290.768281
294.183291
301.992171
312.055770
323.051826
334.047882
344.111480
351.920361
336.887366
332.981855
324.425703
313.614674
301.898484
290.182295
279.371265
270.815113
266.909602
270.815113
279.371265
290.182295
301.898484
313.614674
324.425703
332.981855
336.887366
332.981855
324.425703
313.614674
301.898484
290.182295
279.371265
270.815113
266.909602
270.815113
279.371265
290.182295
301.898484
313.614674
324.425703
332.981855
319.366065
314.881472
305.524414
293.947489
281.506663
269.065837
257.488912
248.131855
243.647261
248.131855
257.488912
269.065837
281.506663
293.947489
305.524414
314.881472
319.366065
314.881472
305.524414
293.947489
281.506663
269.065837
257.488912
248.131855
243.647261
248.131855
257.488912
269.065837
281.506663
293.947489
305.524414
314.881472
302.734530
297.562666
287.349454
274.990778
261.823438
248.656098
236.297423
226.084211
220.912346
226.084211
236.297423
248.656098
261.823438
274.990778
287.349454
297.562666
302.734530
297.562666
287.349454
274.990778
261.823438
248.656098
236.297423
226.084211
220.912346
226.084211
236.297423
248.656098
261.823438
274.990778
287.349454
297.562666
286.964092
280.972931
269.847605
256.694328
242.801217
228.908106
215.754829
204.629503
198.638342
204.629503
215.754829
228.908106
242.801217
256.694328
269.847605
280.972931
286.964092
280.972931
269.847605
256.694328
242.801217
228.908106
215.754829
204.629503
198.638342
204.629503
215.754829
228.908106
242.801217
256.694328
269.847605
280.972931
272.034150
265.062797
252.969939
239.012605
224.397046
209.781488
195.824154
183.731295
176.759942
183.731295
195.824154
209.781488
224.397046
239.012605
252.969939
265.062797
272.034150
265.062797
252.969939
239.012605
224.397046
209.781488
195.824154
183.731295
176.759942
183.731295
195.824154
209.781488
224.397046
239.012605
252.969939
265.062797
257.932162
249.784882
236.671278
221.904207
206.572028
191.239849
176.472778
163.359174
155.211894
163.359174
176.472778
191.239849
206.572028
221.904207
236.671278
249.784882
257.932162
249.784882
236.671278
221.904207
206.572028
191.239849
176.472778
163.359174
155.211894
163.359174
176.472778
191.239849
206.572028
221.904207
236.671278
249.784882
244.653794
235.092971
220.909783
205.331403
189.290824
173.250244
157.671864
143.488676
133.927853
143.488676
157.671864
173.250244
189.290824
205.331403
220.909783
235.092971
244.653794
235.092971
220.909783
205.331403
189.290824
173.250244
157.671864
143.488676
133.927853
143.488676
157.671864
173.250244
189.290824
205.331403
220.909783
235.092971
232.203250
220.941104
205.646630
189.259750
172.521234
155.782718
139.395838
124.101364
112.839218
124.101364
139.395838
155.782718
172.521234
189.259750
205.646630
220.941104
232.203250
220.941104
205.646630
189.259750
172.521234
155.782718
139.395838
124.101364
112.839218
124.101364
139.395838
155.782718
172.521234
189.259750
205.646630
220.941104
220.593753
207.282635
190.845781
173.657761
156.233837
138.809912
121.621893
105.185039
91.873920
105.185039
121.621893
138.809912
156.233837
173.657761
190.845781
207.282635
220.593753
207.282635
190.845781
173.657761
156.233837
138.809912
121.621893
105.185039
91.873920
105.185039
121.621893
138.809912
156.233837
173.657761
190.845781
207.282635
209.848204
194.069263
176.473841
158.496634
140.401678
122.306722
104.329514
86.734092
70.955151
86.734092
104.329514
122.306722
140.401678
158.496634
176.473841
194.069263
209.848204
194.069263
176.473841
158.496634
140.401678
122.306722
104.329514
86.734092
70.955151
86.734092
104.329514
122.306722
140.401678
158.496634
176.473841
194.069263
200.000000
181.250000
162.500000
143.750000
125.000000
106.250000
87.500000
68.750000
50.000000
68.750000
87.500000
106.250000
125.000000
143.750000
162.500000
181.250000
200.000000
181.250000
162.500000
143.750000
125.000000
106.250000
87.500000
68.750000
50.000000
68.750000
87.500000
106.250000
125.000000
143.750000
162.500000
181.250000
