1500.000000
1500.000000
1500.000000
1500.000000
1500.000000
1500.000000
1500.000000
1500.000000
1500.000000
1500.000000
1500.000000
1500.000000
1500.000000
1500.000000
1500.000000
1500.000000
1500.000000
1500.000000
1500.000000
1500.000000
1500.000000
1500.000000
1500.000000
1500.000000
1500.000000
1500.000000
1500.000000
1500.000000
1500.000000
1500.000000
1500.000000
1500.000000
1500.000000
1500.000000
1500.000000
1352.023316
1352.038052
1352.065687
1352.103048
1352.146382
1352.192069
1352.237107
1352.279320
1352.317347
1352.350518
1352.378661
1352.401935
1352.420677
1352.435293
1352.446185
1352.453700
1352.458100
1352.459549
1352.458100
1352.453700
1352.446185
1352.435293
1352.420677
1352.401935
1352.378661
1352.350518
1352.317347
1352.279320
1352.237107
1352.192069
1352.146382
1352.103048
1352.065687
1352.038052
1352.023316
1234.295459
1234.324301
1234.378038
1234.449991
1234.532494
1234.618422
1234.702112
1234.779665
1234.848816
1234.908592
1234.958918
1235.000268
1235.033389
1235.059111
1235.078218
1235.091369
1235.099057
1235.101586
1235.099057
1235.091369
1235.078218
1235.059111
1235.033389
1235.000268
1234.958918
1234.908592
1234.848816
1234.779665
1234.702112
1234.618422
1234.532494
1234.449991
1234.378038
1234.324301
1234.295459
1136.533317
1136.577404
1136.658786
1136.766316
1136.887710
1137.012113
1137.131380
1137.240300
1137.336160
1137.418091
1137.486408
1137.542095
1137.586412
1137.620654
1137.645988
1137.663378
1137.673525
1137.676861
1137.673525
1137.663378
1137.645988
1137.620654
1137.586412
1137.542095
1137.486408
1137.418091
1137.336160
1137.240300
1137.131380
1137.012113
1136.887710
1136.766316
1136.658786
1136.577404
1136.533317
1052.933629
1052.995187
1053.107489
1053.253464
1053.415202
1053.577821
1053.730906
1053.868415
1053.987674
1054.088338
1054.171391
1054.238512
1054.291550
1054.332313
1054.362341
1054.382896
1054.394862
1054.398796
1054.394862
1054.382896
1054.362341
1054.332313
1054.291550
1054.238512
1054.171391
1054.088338
1053.987674
1053.868415
1053.730906
1053.577821
1053.415202
1053.253464
1053.107489
1052.995187
1052.933629
979.900391
979.982597
980.130413
980.318889
980.523276
980.724460
980.910089
981.073898
981.213760
981.330293
981.425377
981.501559
981.561313
981.607001
981.640498
981.663378
981.676654
981.681029
981.676654
981.663378
981.640498
981.607001
981.561313
981.501559
981.425377
981.330293
981.213760
981.073898
980.910089
980.724460
980.523276
980.318889
980.130413
979.982597
979.900391
915.051109
915.158159
915.347289
915.583206
915.832951
916.073210
916.290183
916.478167
916.636072
916.765951
916.870713
916.953965
917.018751
917.068074
917.104033
917.128576
917.142741
917.147446
917.142741
917.128576
917.104033
917.068074
917.018751
916.953965
916.870713
916.765951
916.636072
916.478167
916.290183
916.073210
915.832951
915.583206
915.347289
915.158159
915.051109
856.725652
856.862955
857.100423
857.389440
857.687354
857.967116
858.214073
858.424134
858.597606
858.738557
858.850873
858.939515
859.007873
859.059795
859.097350
859.123058
859.137731
859.142718
859.137731
859.123058
859.097350
859.059795
859.007873
858.939515
858.850873
858.738557
858.597606
858.424134
858.214073
857.967116
857.687354
857.389440
857.100423
856.862955
856.725652
803.720681
803.895179
804.189268
804.537671
804.886409
805.205880
805.481140
805.711168
805.897713
806.047704
806.165582
806.258231
806.328825
806.382567
806.420912
806.447466
806.462246
806.467564
806.462246
806.447466
806.420912
806.382567
806.328825
806.258231
806.165582
806.047704
805.897713
805.711168
805.481140
805.205880
804.886409
804.537671
804.189268
803.895179
803.720681
755.135765
755.356383
755.716660
756.131304
756.533089
756.892212
757.193617
757.441549
757.638547
757.795842
757.917302
758.012924
758.084425
758.139514
758.177791
758.205115
758.219487
758.225365
758.219487
758.205115
758.177791
758.139514
758.084425
758.012924
757.917302
757.795842
757.638547
757.441549
757.193617
756.892212
756.533089
756.131304
755.716660
755.356383
755.135765
710.279160
710.557442
710.994703
711.483006
711.939289
712.337798
712.662527
712.926501
713.131042
713.294352
713.417249
713.515293
713.586191
713.642596
713.679717
713.708125
713.721287
713.728292
713.721287
713.708125
713.679717
713.642596
713.586191
713.515293
713.417249
713.294352
713.131042
712.926501
712.662527
712.337798
711.939289
711.483006
710.994703
710.557442
710.279160
668.607466
668.958452
669.484516
670.054536
670.565536
671.003171
671.347449
671.626097
671.834709
672.003470
672.125198
672.225859
672.294161
672.352559
672.386906
672.417370
672.427949
672.437260
672.427949
672.417370
672.386906
672.352559
672.294161
672.225859
672.125198
672.003470
671.834709
671.626097
671.347449
671.003171
670.565536
670.054536
669.484516
668.958452
668.607466
629.685488
630.128918
630.756173
631.416837
631.980886
632.457818
632.816451
633.109403
633.317589
633.492440
633.609442
633.714125
633.776862
633.839099
633.868036
633.902658
633.908221
633.922114
633.908221
633.902658
633.868036
633.839099
633.776862
633.714125
633.609442
633.492440
633.317589
633.109403
632.816451
632.457818
631.980886
631.416837
630.756173
630.128918
629.685488
593.158642
593.720606
594.461173
595.222755
595.835349
596.352936
596.718553
597.027256
597.228721
597.412292
597.519269
597.631362
597.683791
597.753656
597.772733
597.815521
597.811787
597.834414
597.811787
597.815521
597.772733
597.753656
597.683791
597.631362
597.519269
597.412292
597.228721
597.027256
596.718553
596.352936
595.835349
595.222755
594.461173
593.720606
593.158642
558.733437
559.448621
560.312933
561.187952
561.840343
562.402375
562.764222
563.093218
563.278641
563.476800
563.565458
563.691569
563.725912
563.810376
563.812071
563.870183
563.849775
563.888408
563.849775
563.870183
563.812071
563.810376
563.725912
563.691569
563.565458
563.476800
563.278641
563.093218
562.764222
562.402375
561.840343
561.187952
560.312933
559.448621
558.733437
526.163275
527.078000
528.072562
529.077303
529.754441
530.369083
530.711146
531.070034
531.225156
531.448941
531.506054
531.657929
531.661440
531.772573
531.744361
531.830025
531.780535
531.847498
531.780535
531.830025
531.744361
531.772573
531.661440
531.657929
531.506054
531.448941
531.225156
531.070034
530.711146
530.369083
529.754441
529.077303
528.072562
527.078000
526.163275
495.237863
496.414175
497.538148
498.695121
499.372639
500.055376
500.353533
500.759917
500.862648
501.131170
501.135672
501.333091
501.285139
501.443007
501.364450
501.497864
501.398951
501.514518
501.398951
501.497864
501.364450
501.443007
501.285139
501.333091
501.135672
501.131170
500.862648
500.759917
500.353533
500.055376
499.372639
498.695121
497.538148
496.414175
495.237863
465.775086
467.296212
468.536397
469.878144
470.518005
471.295990
471.513791
471.997592
472.013742
472.358466
472.277159
472.552214
472.419994
472.656937
472.495393
472.709008
472.528107
472.724791
472.528107
472.709008
472.495393
472.656937
472.419994
472.552214
472.277159
472.358466
472.013742
471.997592
471.513791
471.295990
470.518005
469.878144
468.536397
467.296212
465.775086
437.614590
439.592173
440.915804
442.490616
443.034887
443.953219
444.035759
444.645443
444.522535
444.993476
444.774828
445.178106
444.910438
445.277262
444.981686
445.326397
445.012528
445.341268
445.012528
445.326397
444.981686
445.277262
444.910438
445.178106
444.774828
444.993476
444.522535
444.645443
444.035759
443.953219
443.034887
442.490616
440.915804
439.592173
437.614590
410.612540
413.196152
414.540799
416.421037
416.783118
417.913740
417.778929
418.590330
418.248811
418.923322
418.488672
419.098046
418.616572
419.191333
418.683484
419.237420
418.712389
419.251350
418.712389
419.237420
418.683484
419.191333
418.616572
419.098046
418.488672
418.923322
418.248811
418.590330
417.778929
417.913740
416.783118
416.421037
414.540799
413.196152
410.612540
384.637169
388.026738
389.286377
391.580337
391.632752
393.086856
392.613199
393.741831
393.062792
394.057850
393.289104
394.222014
393.408908
394.309202
393.471346
394.352158
393.498266
394.365127
393.498266
394.352158
393.471346
394.309202
393.408908
394.222014
393.289104
394.057850
393.062792
393.741831
392.613199
393.086856
391.632752
391.580337
389.286377
388.026738
384.637169
359.564837
364.026737
365.032879
367.901360
367.458977
369.404055
368.413798
370.031792
368.840044
370.329161
369.051878
370.482240
369.163286
370.563157
369.221149
370.602926
369.246055
370.614920
369.246055
370.602926
369.221149
370.563157
369.163286
370.482240
369.051878
370.329161
368.840044
370.031792
368.413798
369.404055
367.458977
367.901360
365.032879
364.026737
359.564837
335.276372
341.164127
341.660563
345.339617
344.136879
346.819832
345.056042
347.415132
345.456244
347.692430
345.652838
347.834015
345.755628
347.908539
345.808852
347.945087
345.831728
347.956099
345.831728
347.945087
345.808852
347.908539
345.755628
347.834015
345.652838
347.692430
345.456244
347.415132
345.056042
346.819832
344.136879
345.339617
341.660563
341.164127
335.276372
311.653505
319.434222
319.043696
323.875369
321.535739
325.313829
322.409642
325.871985
322.781462
326.128034
322.962216
326.257817
323.056233
326.325874
323.104784
326.359186
323.125623
326.369215
323.125623
326.359186
323.104784
326.325874
323.056233
326.257817
322.962216
326.128034
322.781462
325.871985
322.409642
325.313829
321.535739
323.875369
319.043696
319.434222
311.653505
288.575248
298.863140
297.043831
303.517149
299.512583
304.894421
300.332230
305.411260
300.673696
305.645113
300.838155
305.762880
300.923305
305.824433
300.967172
305.854511
300.985980
305.863560
300.985980
305.854511
300.967172
305.824433
300.923305
305.762880
300.838155
305.645113
300.673696
305.411260
300.332230
304.894421
299.512583
303.517149
297.043831
298.863140
288.575248
265.914067
279.512678
275.501974
284.306916
277.904635
285.603896
278.661805
286.075815
278.971303
286.286743
279.119146
286.392364
279.195386
286.447411
279.234583
286.474270
279.251371
286.482346
279.251371
286.474270
279.234583
286.447411
279.195386
286.392364
279.119146
286.286743
278.971303
286.075815
278.661805
285.603896
277.904635
284.306916
275.501974
279.512678
265.914067
243.531709
261.486763
254.229306
266.327064
256.520353
267.525492
257.207745
267.949479
257.484006
268.136957
257.615032
268.230375
257.682367
268.278941
257.716924
268.302609
257.731712
268.309721
257.731712
268.302609
257.716924
268.278941
257.682367
268.230375
257.615032
268.136957
257.484006
267.949479
257.207745
267.525492
256.520353
266.327064
254.229306
261.486763
243.531709
221.274549
244.939680
232.996076
249.709602
235.128647
250.792574
235.739995
251.166216
235.982084
251.329904
236.096202
251.411127
236.154675
251.453265
236.184639
251.473778
236.197453
251.479939
236.197453
251.473778
236.184639
251.453265
236.154675
251.411127
236.096202
251.329904
235.982084
251.166216
235.739995
250.792574
235.128647
249.709602
232.996076
244.939680
221.274549
198.968317
230.086347
211.518277
234.647861
213.445868
235.600318
213.976025
235.921792
214.183319
236.061524
214.280534
236.130616
214.330224
236.166399
214.355656
236.183803
214.366524
236.189028
214.366524
236.183803
214.355656
236.166399
214.330224
236.130616
214.280534
236.061524
214.183319
235.921792
213.976025
235.600318
213.445868
234.647861
211.518277
230.086347
198.968317
176.412052
217.214915
189.441640
221.411169
191.120062
222.220335
191.565056
222.488393
191.737226
222.604155
191.817628
222.661232
191.858642
222.690749
191.879612
222.705096
191.888570
222.709402
191.888570
222.705096
191.879612
222.690749
191.858642
222.661232
191.817628
222.604155
191.737226
222.488393
191.565056
222.220335
191.120062
221.411169
189.441640
217.214915
176.412052
153.371127
206.702054
166.322438
210.362985
167.711976
211.018728
168.069026
211.232669
168.206006
211.324586
168.269761
211.369804
168.302233
211.393163
168.318822
211.404509
168.325905
211.407914
168.325905
211.404509
168.318822
211.393163
168.302233
211.369804
168.269761
211.324586
168.206006
211.232669
168.069026
211.018728
167.711976
210.362985
166.322438
206.702054
153.371127
129.569174
199.031330
141.604534
201.983092
142.672169
202.478183
142.939665
202.637816
143.041631
202.706136
143.088972
202.739688
143.113055
202.757006
143.125351
202.765415
143.130600
202.767938
143.130600
202.765415
143.125351
202.757006
143.113055
202.739688
143.088972
202.706136
143.041631
202.637816
142.939665
202.478183
142.672169
201.983092
141.604534
199.031330
129.569174
104.678722
194.815107
114.592024
196.894498
115.313546
197.224748
115.491005
197.330352
115.558349
197.375427
115.589561
197.397538
115.605426
197.408944
115.613523
197.414481
115.616979
197.416142
115.616979
197.414481
115.613523
197.408944
115.605426
197.397538
115.589561
197.375427
115.558349
197.330352
115.491005
197.224748
115.313546
196.894498
114.592024
194.815107
104.678722
78.310328
194.820508
84.416767
195.895820
84.778536
196.060077
84.866515
196.112347
84.899816
196.134623
84.915235
196.145543
84.923069
196.151175
84.927066
196.153908
84.928772
196.154728
84.928772
196.153908
84.927066
196.151175
84.923069
196.145543
84.915235
196.134623
84.899816
196.112347
84.866515
196.060077
84.778536
195.895820
84.416767
194.820508
78.310328
50.000000
200.000000
50.000000
200.000000
50.000000
200.000000
50.000000
200.000000
50.000000
200.000000
50.000000
200.000000
50.000000
200.000000
50.000000
200.000000
50.000000
200.000000
50.000000
200.000000
50.000000
200.000000
50.000000
200.000000
50.000000
200.000000
50.000000
200.000000
50.000000
200.000000
50.000000
200.000000
50.000000
200.000000
50.000000
