1500.000000
1500.000000
1500.000000
1500.000000
1500.000000
1500.000000
1500.000000
1500.000000
1500.000000
1500.000000
1500.000000
1500.000000
1500.000000
1500.000000
1500.000000
1500.000000
1500.000000
1500.000000
1500.000000
1500.000000
1500.000000
1500.000000
1500.000000
1500.000000
1500.000000
1500.000000
1500.000000
1500.000000
1500.000000
1500.000000
1500.000000
1500.000000
1500.000000
1500.000000
1500.000000
1500.000000
1359.804730
1359.710236
1359.438200
1359.021534
1358.510543
1357.966811
1357.455820
1357.039154
1356.767118
1356.672624
1356.767118
1357.039154
1357.455820
1357.966811
1358.510543
1359.021534
1359.438200
1359.710236
1359.804730
1359.710236
1359.438200
1359.021534
1358.510543
1357.966811
1357.455820
1357.039154
1356.767118
1356.672624
1356.767118
1357.039154
1357.455820
1357.966811
1358.510543
1359.021534
1359.438200
1359.710236
1249.224444
1249.038770
1248.504306
1247.685838
1246.682244
1245.614412
1244.610819
1243.792351
1243.257886
1243.072213
1243.257886
1243.792351
1244.610819
1245.614412
1246.682244
1247.685838
1248.504306
1249.038770
1249.224444
1249.038770
1248.504306
1247.685838
1246.682244
1245.614412
1244.610819
1243.792351
1243.257886
1243.072213
1243.257886
1243.792351
1244.610819
1245.614412
1246.682244
1247.685838
1248.504306
1249.038770
1158.148231
1157.864977
1157.049794
1155.801832
1154.272015
1152.644450
1151.114633
1149.866671
1149.051488
1148.768234
1149.051488
1149.866671
1151.114633
1152.644450
1154.272015
1155.801832
1157.049794
1157.864977
1158.148231
1157.864977
1157.049794
1155.801832
1154.272015
1152.644450
1151.114633
1149.866671
1149.051488
1148.768234
1149.051488
1149.866671
1151.114633
1152.644450
1154.272015
1155.801832
1157.049794
1157.864977
1080.914327
1080.523176
1079.397841
1077.675899
1075.565933
1073.321516
1071.211550
1069.489607
1068.364272
1067.973122
1068.364272
1069.489607
1071.211550
1073.321516
1075.565933
1077.675899
1079.397841
1080.523176
1080.914327
1080.523176
1079.397841
1077.675899
1075.565933
1073.321516
1071.211550
1069.489607
1068.364272
1067.973122
1068.364272
1069.489607
1071.211550
1073.321516
1075.565933
1077.675899
1079.397841
1080.523176
1014.035026
1013.523741
1012.053471
1009.805296
1007.052166
1004.124283
1001.371153
999.122978
997.652709
997.141423
997.652709
999.122978
1001.371153
1004.124283
1007.052166
1009.805296
1012.053471
1013.523741
1014.035026
1013.523741
1012.053471
1009.805296
1007.052166
1004.124283
1001.371153
999.122978
997.652709
997.141423
997.652709
999.122978
1001.371153
1004.124283
1007.052166
1009.805296
1012.053471
1013.523741
955.210567
954.565742
952.712682
949.881932
946.418221
942.735823
939.272112
936.441362
934.588303
933.943477
934.588303
936.441362
939.272112
942.735823
946.418221
949.881932
952.712682
954.565742
955.210567
954.565742
952.712682
949.881932
946.418221
942.735823
939.272112
936.441362
934.588303
933.943477
934.588303
936.441362
939.272112
942.735823
946.418221
949.881932
952.712682
954.565742
902.845077
902.052412
899.776549
896.304435
892.060566
887.550638
883.306769
879.834654
877.558792
876.766127
877.558792
879.834654
883.306769
887.550638
892.060566
896.304435
899.776549
902.052412
902.845077
902.052412
899.776549
896.304435
892.060566
887.550638
883.306769
879.834654
877.558792
876.766127
877.558792
879.834654
883.306769
887.550638
892.060566
896.304435
899.776549
902.052412
855.786269
854.830619
852.090089
847.916150
842.821596
837.410536
832.315982
828.142043
825.401513
824.445863
825.401513
828.142043
832.315982
837.410536
842.821596
847.916150
852.090089
854.830619
855.786269
854.830619
852.090089
847.916150
842.821596
837.410536
832.315982
828.142043
825.401513
824.445863
825.401513
828.142043
832.315982
837.410536
842.821596
847.916150
852.090089
854.830619
813.175343
812.040626
808.791705
803.854175
797.838196
791.452710
785.436731
780.499201
777.250280
776.115563
777.250280
780.499201
785.436731
791.452710
797.838196
803.854175
808.791705
812.040626
813.175343
812.040626
808.791705
803.854175
797.838196
791.452710
785.436731
780.499201
777.250280
776.115563
777.250280
780.499201
785.436731
791.452710
797.838196
803.854175
808.791705
812.040626
774.355486
773.024507
769.221408
763.457365
756.449530
749.017289
742.009454
736.245411
732.442312
731.111333
732.442312
736.245411
742.009454
749.017289
756.449530
763.457365
769.221408
773.024507
774.355486
773.024507
769.221408
763.457365
756.449530
749.017289
742.009454
736.245411
732.442312
731.111333
732.442312
736.245411
742.009454
749.017289
756.449530
763.457365
769.221408
773.024507
738.813550
737.267722
732.862268
726.207680
718.138276
709.588463
701.519059
694.864471
690.459017
688.913189
690.459017
694.864471
701.519059
709.588463
718.138276
726.207680
732.862268
737.267722
738.813550
737.267722
732.862268
726.207680
718.138276
709.588463
701.519059
694.864471
690.459017
688.913189
690.459017
694.864471
701.519059
709.588463
718.138276
726.207680
732.862268
737.267722
706.141455
704.360439
699.301619
691.691330
682.491729
672.755536
663.555935
655.945646
650.886826
649.105810
650.886826
655.945646
663.555935
672.755536
682.491729
691.691330
699.301619
704.360439
706.141455
704.360439
699.301619
691.691330
682.491729
672.755536
663.555935
655.945646
650.886826
649.105810
650.886826
655.945646
663.555935
672.755536
682.491729
691.691330
699.301619
704.360439
676.009861
673.971080
668.204521
659.572222
649.175232
638.186330
627.789339
619.157040
613.390481
611.351700
613.390481
619.157040
627.789339
638.186330
649.175232
659.572222
668.204521
673.971080
676.009861
673.971080
668.204521
659.572222
649.175232
638.186330
627.789339
619.157040
613.390481
611.351700
613.390481
619.157040
627.789339
638.186330
649.175232
659.572222
668.204521
673.971080
648.149718
645.827744
639.295098
629.573298
617.913515
605.608510
593.948727
584.226927
577.694281
575.372307
577.694281
584.226927
593.948727
605.608510
617.913515
629.573298
639.295098
645.827744
648.149718
645.827744
639.295098
629.573298
617.913515
605.608510
593.948727
584.226927
577.694281
575.372307
577.694281
584.226927
593.948727
605.608510
617.913515
629.573298
639.295098
645.827744
622.339075
619.704834
612.343088
601.463112
588.477290
574.796173
561.810350
550.930375
543.568629
540.934387
543.568629
550.930375
561.810350
574.796173
588.477290
601.463112
612.343088
619.704834
622.339075
619.704834
612.343088
601.463112
588.477290
574.796173
561.810350
550.930375
543.568629
540.934387
543.568629
550.930375
561.810350
574.796173
588.477290
601.463112
612.343088
619.704834
598.393468
595.413222
587.153944
575.045976
560.673407
545.559997
531.187428
519.079459
510.820182
507.839936
510.820182
519.079459
531.187428
545.559997
560.673407
575.045976
587.153944
595.413222
598.393468
595.413222
587.153944
575.045976
560.673407
545.559997
531.187428
519.079459
510.820182
507.839936
510.820182
519.079459
531.187428
545.559997
560.673407
575.045976
587.153944
595.413222
576.158827
572.792880
563.561410
550.154594
534.337513
517.739879
501.922799
488.515983
479.284513
475.918566
479.284513
488.515983
501.922799
517.739879
534.337513
550.154594
563.561410
572.792880
576.158827
572.792880
563.561410
550.154594
534.337513
517.739879
501.922799
488.515983
479.284513
475.918566
479.284513
488.515983
501.922799
517.739879
534.337513
550.154594
563.561410
572.792880
555.506201
551.707236
541.421841
526.644471
509.328476
491.199344
473.883350
459.105979
448.820584
445.021620
448.820584
459.105979
473.883350
491.199344
509.328476
526.644471
541.421841
551.707236
555.506201
551.707236
541.421841
526.644471
509.328476
491.199344
473.883350
459.105979
448.820584
445.021620
448.820584
459.105979
473.883350
491.199344
509.328476
526.644471
541.421841
551.707236
536.327822
532.038788
520.609811
504.389613
485.524097
465.821223
446.955708
430.735510
419.306533
415.017498
419.306533
430.735510
446.955708
465.821223
485.524097
504.389613
520.609811
532.038788
536.327822
532.038788
520.609811
504.389613
485.524097
465.821223
446.955708
430.735510
419.306533
415.017498
419.306533
430.735510
446.955708
465.821223
485.524097
504.389613
520.609811
532.038788
518.534186
513.685602
501.014637
483.279176
462.817771
441.504281
421.042877
403.307415
390.636450
385.787866
390.636450
403.307415
421.042877
441.504281
462.817771
483.279176
501.014637
513.685602
518.534186
513.685602
501.014637
483.279176
462.817771
441.504281
421.042877
403.307415
390.636450
385.787866
390.636450
403.307415
421.042877
441.504281
462.817771
483.279176
501.014637
513.685602
502.051932
496.558474
482.537622
463.214839
441.115859
418.160539
396.061560
376.738776
362.717924
357.224466
362.717924
376.738776
396.061560
418.160539
441.115859
463.214839
482.537622
496.558474
502.051932
496.558474
482.537622
463.214839
441.115859
418.160539
396.061560
376.738776
362.717924
357.224466
362.717924
376.738776
396.061560
418.160539
441.115859
463.214839
482.537622
496.558474
486.822365
480.578546
465.089816
444.108720
420.335598
395.713132
371.940011
350.958914
335.470184
329.226365
335.470184
350.958914
371.940011
395.713132
420.335598
444.108720
465.089816
480.578546
486.822365
480.578546
465.089816
444.108720
420.335598
395.713132
371.940011
350.958914
335.470184
329.226365
335.470184
350.958914
371.940011
395.713132
420.335598
444.108720
465.089816
480.578546
472.800528
465.675256
448.590206
425.881721
400.403429
374.094569
348.616277
325.907792
308.822741
301.697469
308.822741
325.907792
348.616277
374.094569
400.403429
425.881721
448.590206
465.675256
472.800528
465.675256
448.590206
425.881721
400.403429
374.094569
348.616277
325.907792
308.822741
301.697469
308.822741
325.907792
348.616277
374.094569
400.403429
425.881721
448.590206
465.675256
459.954749
451.784501
432.964216
408.462206
381.253639
353.245313
326.036746
301.534736
282.714451
274.544203
282.714451
301.534736
326.036746
353.245313
381.253639
408.462206
432.964216
451.784501
459.954749
451.784501
432.964216
408.462206
381.253639
353.245313
326.036746
301.534736
282.714451
274.544203
282.714451
301.534736
326.036746
353.245313
381.253639
408.462206
432.964216
451.784501
448.266628
438.846920
418.142492
391.784945
362.827268
333.112604
304.154927
277.797381
257.092952
247.673245
257.092952
277.797381
304.154927
333.112604
362.827268
391.784945
418.142492
438.846920
448.266628
438.846920
418.142492
391.784945
362.827268
333.112604
304.154927
277.797381
257.092952
247.673245
257.092952
277.797381
304.154927
333.112604
362.827268
391.784945
418.142492
438.846920
437.731446
426.806232
404.059896
375.790271
345.071203
313.649480
282.930412
254.660787
231.914451
220.989237
231.914451
254.660787
282.930412
313.649480
345.071203
375.790271
404.059896
426.806232
437.731446
426.806232
404.059896
375.790271
345.071203
313.649480
282.930412
254.660787
231.914451
220.989237
231.914451
254.660787
282.930412
313.649480
345.071203
375.790271
404.059896
426.806232
428.359006
415.607537
390.654707
360.423416
327.937436
294.813956
262.327976
232.096685
207.143855
194.392386
207.143855
232.096685
262.327976
294.813956
327.937436
360.423416
390.654707
415.607537
428.359006
415.607537
390.654707
360.423416
327.937436
294.813956
262.327976
232.096685
207.143855
194.392386
207.143855
232.096685
262.327976
294.813956
327.937436
360.423416
390.654707
415.607537
420.174900
405.195542
377.867993
345.633981
311.382456
276.568323
242.316797
210.082786
182.755237
167.775878
182.755237
210.082786
242.316797
276.568323
311.382456
345.633981
377.867993
405.195542
420.174900
405.195542
377.867993
345.633981
311.382456
276.568323
242.316797
210.082786
182.755237
167.775878
182.755237
210.082786
242.316797
276.568323
311.382456
345.633981
377.867993
405.195542
413.222252
395.512619
365.643160
331.375535
295.366726
258.878563
222.869754
188.602129
158.732670
141.023037
158.732670
188.602129
222.869754
258.878563
295.366726
331.375535
365.643160
395.512619
413.222252
395.512619
365.643160
331.375535
295.366726
258.878563
222.869754
188.602129
158.732670
141.023037
158.732670
188.602129
222.869754
258.878563
295.366726
331.375535
365.643160
395.512619
407.563964
386.496654
353.925675
317.605294
279.854258
241.713845
203.962808
167.642427
135.071449
114.004139
135.071449
167.642427
203.962808
241.713845
279.854258
317.605294
353.925675
386.496654
407.563964
386.496654
353.925675
317.605294
279.854258
241.713845
203.962808
167.642427
135.071449
114.004139
135.071449
167.642427
203.962808
241.713845
279.854258
317.605294
353.925675
386.496654
403.285525
378.078602
342.662971
304.283890
264.812244
225.046089
185.574444
147.195362
111.779731
86.572808
111.779731
147.195362
185.574444
225.046089
264.812244
304.283890
342.662971
378.078602
403.285525
378.078602
342.662971
304.283890
264.812244
225.046089
185.574444
147.195362
111.779731
86.572808
111.779731
147.195362
185.574444
225.046089
264.812244
304.283890
342.662971
378.078602
400.498440
370.179688
331.804548
291.375183
250.210742
208.849604
167.685163
127.255798
88.880658
58.561906
88.880658
127.255798
167.685163
208.849604
250.210742
291.375183
331.804548
370.179688
400.498440
370.179688
331.804548
291.375183
250.210742
208.849604
167.685163
127.255798
88.880658
58.561906
88.880658
127.255798
167.685163
208.849604
250.210742
291.375183
331.804548
370.179688
399.344360
362.708165
321.302304
278.846130
236.022401
193.100771
150.277042
107.820868
66.415007
29.778812
66.415007
107.820868
150.277042
193.100771
236.022401
278.846130
321.302304
362.708165
399.344360
362.708165
321.302304
278.846130
236.022401
193.100771
150.277042
107.820868
66.415007
29.778812
66.415007
107.820868
150.277042
193.100771
236.022401
278.846130
321.302304
362.708165
400.000000
355.555556
311.111111
266.666667
222.222222
177.777778
133.333333
88.888889
44.444444
0.000000
44.444444
88.888889
133.333333
177.777778
222.222222
266.666667
311.111111
355.555556
400.000000
355.555556
311.111111
266.666667
222.222222
177.777778
133.333333
88.888889
44.444444
0.000000
44.444444
88.888889
133.333333
177.777778
222.222222
266.666667
311.111111
355.555556
