1500.000000
1500.000000
1500.000000
1500.000000
1500.000000
1500.000000
1500.000000
1500.000000
1500.000000
1500.000000
1500.000000
1500.000000
1500.000000
1500.000000
1500.000000
1500.000000
1500.000000
1500.000000
1500.000000
1500.000000
1500.000000
1500.000000
1500.000000
1500.000000
1500.000000
1500.000000
1500.000000
1500.000000
1500.000000
1500.000000
1500.000000
1500.000000
1500.000000
1500.000000
1500.000000
1500.000000
1500.000000
1500.000000
1500.000000
1500.000000
1352.514258
1352.514258
1352.514258
1352.514258
1352.514258
1352.514258
1352.514258
1352.514258
1352.514258
1352.514258
1352.514258
1352.514258
1352.514258
1352.514258
1352.514258
1352.514258
1352.514258
1352.514258
1352.514258
1352.514258
1352.514258
1352.514258
1352.514258
1352.514258
1352.514258
1352.514258
1352.514258
1352.514258
1352.514258
1352.514258
1352.514258
1352.514258
1352.514258
1352.514258
1352.514258
1352.514258
1352.514258
1352.514258
1352.514258
1352.514258
1235.196054
1235.196054
1235.196054
1235.196054
1235.196054
1235.196054
1235.196054
1235.196054
1235.196054
1235.196054
1235.196054
1235.196054
1235.196054
1235.196054
1235.196054
1235.196054
1235.196054
1235.196054
1235.196054
1235.196054
1235.196054
1235.196054
1235.196054
1235.196054
1235.196054
1235.196054
1235.196054
1235.196054
1235.196054
1235.196054
1235.196054
1235.196054
1235.196054
1235.196054
1235.196054
1235.196054
1235.196054
1235.196054
1235.196054
1235.196054
1137.799809
1137.799809
1137.799809
1137.799809
1137.799809
1137.799809
1137.799809
1137.799809
1137.799809
1137.799809
1137.799809
1137.799809
1137.799809
1137.799809
1137.799809
1137.799809
1137.799809
1137.799809
1137.799809
1137.799809
1137.799809
1137.799809
1137.799809
1137.799809
1137.799809
1137.799809
1137.799809
1137.799809
1137.799809
1137.799809
1137.799809
1137.799809
1137.799809
1137.799809
1137.799809
1137.799809
1137.799809
1137.799809
1137.799809
1137.799809
1054.541728
1054.541729
1054.541728
1054.541729
1054.541728
1054.541729
1054.541728
1054.541729
1054.541728
1054.541729
1054.541728
1054.541729
1054.541728
1054.541729
1054.541728
1054.541729
1054.541728
1054.541729
1054.541728
1054.541729
1054.541728
1054.541729
1054.541728
1054.541729
1054.541728
1054.541729
1054.541728
1054.541729
1054.541728
1054.541729
1054.541728
1054.541729
1054.541728
1054.541729
1054.541728
1054.541729
1054.541728
1054.541729
1054.541728
1054.541729
981.837489
981.837490
981.837489
981.837490
981.837489
981.837490
981.837489
981.837490
981.837489
981.837490
981.837489
981.837490
981.837489
981.837490
981.837489
981.837490
981.837489
981.837490
981.837489
981.837490
981.837489
981.837490
981.837489
981.837490
981.837489
981.837490
981.837489
981.837490
981.837489
981.837490
981.837489
981.837490
981.837489
981.837490
981.837489
981.837490
981.837489
981.837490
981.837489
981.837490
917.312474
917.312480
917.312474
917.312480
917.312474
917.312480
917.312474
917.312480
917.312474
917.312480
917.312474
917.312480
917.312474
917.312480
917.312474
917.312480
917.312474
917.312480
917.312474
917.312480
917.312474
917.312480
917.312474
917.312480
917.312474
917.312480
917.312474
917.312480
917.312474
917.312480
917.312474
917.312480
917.312474
917.312480
917.312474
917.312480
917.312474
917.312480
917.312474
917.312480
859.312456
859.312476
859.312456
859.312476
859.312456
859.312476
859.312456
859.312476
859.312456
859.312476
859.312456
859.312476
859.312456
859.312476
859.312456
859.312476
859.312456
859.312476
859.312456
859.312476
859.312456
859.312476
859.312456
859.312476
859.312456
859.312476
859.312456
859.312476
859.312456
859.312476
859.312456
859.312476
859.312456
859.312476
859.312456
859.312476
859.312456
859.312476
859.312456
859.312476
806.638957
806.639017
806.638957
806.639017
806.638957
806.639017
806.638957
806.639017
806.638957
806.639017
806.638957
806.639017
806.638957
806.639017
806.638957
806.639017
806.638957
806.639017
806.638957
806.639017
806.638957
806.639017
806.638957
806.639017
806.638957
806.639017
806.638957
806.639017
806.638957
806.639017
806.638957
806.639017
806.638957
806.639017
806.638957
806.639017
806.638957
806.639017
806.638957
806.639017
758.395904
758.396070
758.395904
758.396070
758.395904
758.396070
758.395904
758.396070
758.395904
758.396070
758.395904
758.396070
758.395904
758.396070
758.395904
758.396070
758.395904
758.396070
758.395904
758.396070
758.395904
758.396070
758.395904
758.396070
758.395904
758.396070
758.395904
758.396070
758.395904
758.396070
758.395904
758.396070
758.395904
758.396070
758.395904
758.396070
758.395904
758.396070
758.395904
758.396070
713.895765
713.896192
713.895765
713.896192
713.895765
713.896192
713.895765
713.896192
713.895765
713.896192
713.895765
713.896192
713.895765
713.896192
713.895765
713.896192
713.895765
713.896192
713.895765
713.896192
713.895765
713.896192
713.895765
713.896192
713.895765
713.896192
713.895765
713.896192
713.895765
713.896192
713.895765
713.896192
713.895765
713.896192
713.895765
713.896192
713.895765
713.896192
713.895765
713.896192
672.599457
672.600484
672.599457
672.600484
672.599457
672.600484
672.599457
672.600484
672.599457
672.600484
672.599457
672.600484
672.599457
672.600484
672.599457
672.600484
672.599457
672.600484
672.599457
672.600484
672.599457
672.600484
672.599457
672.600484
672.599457
672.600484
672.599457
672.600484
672.599457
672.600484
672.599457
672.600484
672.599457
672.600484
672.599457
672.600484
672.599457
672.600484
672.599457
672.600484
634.076406
634.078745
634.076406
634.078745
634.076406
634.078745
634.076406
634.078745
634.076406
634.078745
634.076406
634.078745
634.076406
634.078745
634.076406
634.078745
634.076406
634.078745
634.076406
634.078745
634.076406
634.078745
634.076406
634.078745
634.076406
634.078745
634.076406
634.078745
634.076406
634.078745
634.076406
634.078745
634.076406
634.078745
634.076406
634.078745
634.076406
634.078745
634.076406
634.078745
597.977132
597.982201
597.977132
597.982201
597.977132
597.982201
597.977132
597.982201
597.977132
597.982201
597.977132
597.982201
597.977132
597.982201
597.977132
597.982201
597.977132
597.982201
597.977132
597.982201
597.977132
597.982201
597.977132
597.982201
597.977132
597.982201
597.977132
597.982201
597.977132
597.982201
597.977132
597.982201
597.977132
597.982201
597.977132
597.982201
597.977132
597.982201
597.977132
597.982201
564.013874
564.024393
564.013874
564.024393
564.013874
564.024393
564.013874
564.024393
564.013874
564.024393
564.013874
564.024393
564.013874
564.024393
564.013874
564.024393
564.013874
564.024393
564.013874
564.024393
564.013874
564.024393
564.013874
564.024393
564.013874
564.024393
564.013874
564.024393
564.013874
564.024393
564.013874
564.024393
564.013874
564.024393
564.013874
564.024393
564.013874
564.024393
564.013874
564.024393
531.946519
531.967513
531.946519
531.967513
531.946519
531.967513
531.946519
531.967513
531.946519
531.967513
531.946519
531.967513
531.946519
531.967513
531.946519
531.967513
531.946519
531.967513
531.946519
531.967513
531.946519
531.967513
531.946519
531.967513
531.946519
531.967513
531.946519
531.967513
531.946519
531.967513
531.946519
531.967513
531.946519
531.967513
531.946519
531.967513
531.946519
531.967513
531.946519
531.967513
501.572078
501.612530
501.572078
501.612530
501.572078
501.612530
501.572078
501.612530
501.572078
501.612530
501.572078
501.612530
501.572078
501.612530
501.572078
501.612530
501.572078
501.612530
501.572078
501.612530
501.572078
501.612530
501.572078
501.612530
501.572078
501.612530
501.572078
501.612530
501.572078
501.612530
501.572078
501.612530
501.572078
501.612530
501.572078
501.612530
501.572078
501.612530
501.572078
501.612530
472.716554
472.792065
472.716554
472.792065
472.716554
472.792065
472.716554
472.792065
472.716554
472.792065
472.716554
472.792065
472.716554
472.792065
472.716554
472.792065
472.716554
472.792065
472.716554
472.792065
472.716554
472.792065
472.716554
472.792065
472.716554
472.792065
472.716554
472.792065
472.716554
472.792065
472.716554
472.792065
472.716554
472.792065
472.716554
472.792065
472.716554
472.792065
472.716554
472.792065
445.228385
445.365331
445.228385
445.365331
445.228385
445.365331
445.228385
445.365331
445.228385
445.365331
445.228385
445.365331
445.228385
445.365331
445.228385
445.365331
445.228385
445.365331
445.228385
445.365331
445.228385
445.365331
445.228385
445.365331
445.228385
445.365331
445.228385
445.365331
445.228385
445.365331
445.228385
445.365331
445.228385
445.365331
445.228385
445.365331
445.228385
445.365331
445.228385
445.365331
418.972852
419.214762
418.972852
419.214762
418.972852
419.214762
418.972852
419.214762
418.972852
419.214762
418.972852
419.214762
418.972852
419.214762
418.972852
419.214762
418.972852
419.214762
418.972852
419.214762
418.972852
419.214762
418.972852
419.214762
418.972852
419.214762
418.972852
419.214762
418.972852
419.214762
418.972852
419.214762
418.972852
419.214762
418.972852
419.214762
418.972852
419.214762
418.972852
419.214762
393.826978
394.244122
393.826978
394.244122
393.826978
394.244122
393.826978
394.244122
393.826978
394.244122
393.826978
394.244122
393.826978
394.244122
393.826978
394.244122
393.826978
394.244122
393.826978
394.244122
393.826978
394.244122
393.826978
394.244122
393.826978
394.244122
393.826978
394.244122
393.826978
394.244122
393.826978
394.244122
393.826978
394.244122
393.826978
394.244122
393.826978
394.244122
393.826978
394.244122
369.674472
370.378014
369.674472
370.378014
369.674472
370.378014
369.674472
370.378014
369.674472
370.378014
369.674472
370.378014
369.674472
370.378014
369.674472
370.378014
369.674472
370.378014
369.674472
370.378014
369.674472
370.378014
369.674472
370.378014
369.674472
370.378014
369.674472
370.378014
369.674472
370.378014
369.674472
370.378014
369.674472
370.378014
369.674472
370.378014
369.674472
370.378014
369.674472
370.378014
346.400320
347.562872
346.400320
347.562872
346.400320
347.562872
346.400320
347.562872
346.400320
347.562872
346.400320
347.562872
346.400320
347.562872
346.400320
347.562872
346.400320
347.562872
346.400320
347.562872
346.400320
347.562872
346.400320
347.562872
346.400320
347.562872
346.400320
347.562872
346.400320
347.562872
346.400320
347.562872
346.400320
347.562872
346.400320
347.562872
346.400320
347.562872
346.400320
347.562872
323.884573
325.769598
323.884573
325.769598
323.884573
325.769598
323.884573
325.769598
323.884573
325.769598
323.884573
325.769598
323.884573
325.769598
323.884573
325.769598
323.884573
325.769598
323.884573
325.769598
323.884573
325.769598
323.884573
325.769598
323.884573
325.769598
323.884573
325.769598
323.884573
325.769598
323.884573
325.769598
323.884573
325.769598
323.884573
325.769598
323.884573
325.769598
323.884573
325.769598
301.994857
304.998148
301.994857
304.998148
301.994857
304.998148
301.994857
304.998148
301.994857
304.998148
301.994857
304.998148
301.994857
304.998148
301.994857
304.998148
301.994857
304.998148
301.994857
304.998148
301.994857
304.998148
301.994857
304.998148
301.994857
304.998148
301.994857
304.998148
301.994857
304.998148
301.994857
304.998148
301.994857
304.998148
301.994857
304.998148
301.994857
304.998148
301.994857
304.998148
280.577046
285.284478
280.577046
285.284478
280.577046
285.284478
280.577046
285.284478
280.577046
285.284478
280.577046
285.284478
280.577046
285.284478
280.577046
285.284478
280.577046
285.284478
280.577046
285.284478
280.577046
285.284478
280.577046
285.284478
280.577046
285.284478
280.577046
285.284478
280.577046
285.284478
280.577046
285.284478
280.577046
285.284478
280.577046
285.284478
280.577046
285.284478
280.577046
285.284478
259.443414
266.710410
259.443414
266.710410
259.443414
266.710410
259.443414
266.710410
259.443414
266.710410
259.443414
266.710410
259.443414
266.710410
259.443414
266.710410
259.443414
266.710410
259.443414
266.710410
259.443414
266.710410
259.443414
266.710410
259.443414
266.710410
259.443414
266.710410
259.443414
266.710410
259.443414
266.710410
259.443414
266.710410
259.443414
266.710410
259.443414
266.710410
259.443414
266.710410
238.357490
249.417145
238.357490
249.417145
238.357490
249.417145
238.357490
249.417145
238.357490
249.417145
238.357490
249.417145
238.357490
249.417145
238.357490
249.417145
238.357490
249.417145
238.357490
249.417145
238.357490
249.417145
238.357490
249.417145
238.357490
249.417145
238.357490
249.417145
238.357490
249.417145
238.357490
249.417145
238.357490
249.417145
238.357490
249.417145
238.357490
249.417145
238.357490
249.417145
217.014638
233.623299
217.014638
233.623299
217.014638
233.623299
217.014638
233.623299
217.014638
233.623299
217.014638
233.623299
217.014638
233.623299
217.014638
233.623299
217.014638
233.623299
217.014638
233.623299
217.014638
233.623299
217.014638
233.623299
217.014638
233.623299
217.014638
233.623299
217.014638
233.623299
217.014638
233.623299
217.014638
233.623299
217.014638
233.623299
217.014638
233.623299
217.014638
233.623299
195.017202
219.648602
195.017202
219.648602
195.017202
219.648602
195.017202
219.648602
195.017202
219.648602
195.017202
219.648602
195.017202
219.648602
195.017202
219.648602
195.017202
219.648602
195.017202
219.648602
195.017202
219.648602
195.017202
219.648602
195.017202
219.648602
195.017202
219.648602
195.017202
219.648602
195.017202
219.648602
195.017202
219.648602
195.017202
219.648602
195.017202
219.648602
195.017202
219.648602
171.842823
207.944597
171.842823
207.944597
171.842823
207.944597
171.842823
207.944597
171.842823
207.944597
171.842823
207.944597
171.842823
207.944597
171.842823
207.944597
171.842823
207.944597
171.842823
207.944597
171.842823
207.944597
171.842823
207.944597
171.842823
207.944597
171.842823
207.944597
171.842823
207.944597
171.842823
207.944597
171.842823
207.944597
171.842823
207.944597
171.842823
207.944597
171.842823
207.944597
146.804250
199.133983
146.804250
199.133983
146.804250
199.133983
146.804250
199.133983
146.804250
199.133983
146.804250
199.133983
146.804250
199.133983
146.804250
199.133983
146.804250
199.133983
146.804250
199.133983
146.804250
199.133983
146.804250
199.133983
146.804250
199.133983
146.804250
199.133983
146.804250
199.133983
146.804250
199.133983
146.804250
199.133983
146.804250
199.133983
146.804250
199.133983
146.804250
199.133983
118.998651
194.060595
118.998651
194.060595
118.998651
194.060595
118.998651
194.060595
118.998651
194.060595
118.998651
194.060595
118.998651
194.060595
118.998651
194.060595
118.998651
194.060595
118.998651
194.060595
118.998651
194.060595
118.998651
194.060595
118.998651
194.060595
118.998651
194.060595
118.998651
194.060595
118.998651
194.060595
118.998651
194.060595
118.998651
194.060595
118.998651
194.060595
118.998651
194.060595
87.244037
193.852355
87.244037
193.852355
87.244037
193.852355
87.244037
193.852355
87.244037
193.852355
87.244037
193.852355
87.244037
193.852355
87.244037
193.852355
87.244037
193.852355
87.244037
193.852355
87.244037
193.852355
87.244037
193.852355
87.244037
193.852355
87.244037
193.852355
87.244037
193.852355
87.244037
193.852355
87.244037
193.852355
87.244037
193.852355
87.244037
193.852355
87.244037
193.852355
50.000000
200.000000
50.000000
200.000000
50.000000
200.000000
50.000000
200.000000
50.000000
200.000000
50.000000
200.000000
50.000000
200.000000
50.000000
200.000000
50.000000
200.000000
50.000000
200.000000
50.000000
200.000000
50.000000
200.000000
50.000000
200.000000
50.000000
200.000000
50.000000
200.000000
50.000000
200.000000
50.000000
200.000000
50.000000
200.000000
50.000000
200.000000
50.000000
200.000000
