1500.000000
1500.000000
1500.000000
1500.000000
1500.000000
1500.000000
1500.000000
1500.000000
1500.000000
1500.000000
1500.000000
1500.000000
1500.000000
1500.000000
1500.000000
1500.000000
1500.000000
1500.000000
1500.000000
1500.000000
1500.000000
1500.000000
1500.000000
1500.000000
1500.000000
1500.000000
1500.000000
1500.000000
1500.000000
1500.000000
1500.000000
1500.000000
1500.000000
1500.000000
1500.000000
1500.000000
1500.000000
1500.000000
1500.000000
1500.000000
1350.644215
1350.615615
1350.532624
1350.403392
1350.240586
1350.060139
1349.879692
1349.716886
1349.587654
1349.504663
1349.476063
1349.504663
1349.587654
1349.716886
1349.879692
1350.060139
1350.240586
1350.403392
1350.532624
1350.615615
1350.644215
1350.615615
1350.532624
1350.403392
1350.240586
1350.060139
1349.879692
1349.716886
1349.587654
1349.504663
1349.476063
1349.504663
1349.587654
1349.716886
1349.879692
1350.060139
1350.240586
1350.403392
1350.532624
1350.615615
1232.650500
1232.594295
1232.431218
1232.177312
1231.857488
1231.503040
1231.148591
1230.828768
1230.574861
1230.411784
1230.355579
1230.411784
1230.574861
1230.828768
1231.148591
1231.503040
1231.857488
1232.177312
1232.431218
1232.594295
1232.650500
1232.594295
1232.431218
1232.177312
1231.857488
1231.503040
1231.148591
1230.828768
1230.574861
1230.411784
1230.355579
1230.411784
1230.574861
1230.828768
1231.148591
1231.503040
1231.857488
1232.177312
1232.431218
1232.594295
1135.215248
1135.129491
1134.880710
1134.493465
1134.005807
1133.465438
1132.925069
1132.437411
1132.050166
1131.801385
1131.715629
1131.801385
1132.050166
1132.437411
1132.925069
1133.465438
1134.005807
1134.493465
1134.880710
1135.129491
1135.215248
1135.129491
1134.880710
1134.493465
1134.005807
1133.465438
1132.925069
1132.437411
1132.050166
1131.801385
1131.715629
1131.801385
1132.050166
1132.437411
1132.925069
1133.465438
1134.005807
1134.493465
1134.880710
1135.129491
1052.307004
1052.188565
1051.845060
1051.310577
1050.637763
1049.892401
1049.147039
1048.474225
1047.939742
1047.596236
1047.477798
1047.596236
1047.939742
1048.474225
1049.147039
1049.892401
1050.637763
1051.310577
1051.845060
1052.188565
1052.307004
1052.188565
1051.845060
1051.310577
1050.637763
1049.892401
1049.147039
1048.474225
1047.939742
1047.596236
1047.477798
1047.596236
1047.939742
1048.474225
1049.147039
1049.892401
1050.637763
1051.310577
1051.845060
1052.188565
980.217089
980.062259
979.613368
978.915308
978.037072
977.064468
976.091865
975.213628
974.515568
974.066678
973.911848
974.066678
974.515568
975.213628
976.091865
977.064468
978.037072
978.915308
979.613369
980.062259
980.217089
980.062259
979.613369
978.915308
978.037072
977.064468
976.091865
975.213628
974.515568
974.066678
973.911848
974.066678
974.515568
975.213628
976.091865
977.064468
978.037072
978.915308
979.613368
980.062259
916.502833
916.307552
915.741669
914.862376
913.756984
912.533389
911.309794
910.204402
909.325109
908.759226
908.563945
908.759226
909.325109
910.204402
911.309794
912.533389
913.756984
914.862376
915.741669
916.307552
916.502833
916.307552
915.741669
914.862376
913.756984
912.533389
911.309794
910.204402
909.325109
908.759226
908.563945
908.759226
909.325109
910.204402
911.309794
912.533389
913.756984
914.862376
915.741669
916.307552
859.470373
859.230316
858.535162
857.456159
856.101103
854.602079
853.103055
851.747999
850.668996
849.973842
849.733785
849.973842
850.668996
851.747999
853.103055
854.602079
856.101103
857.456159
858.535162
859.230316
859.470373
859.230316
858.535162
857.456159
856.101103
854.602079
853.103055
851.747999
850.668996
849.973842
849.733785
849.973842
850.668996
851.747999
853.103055
854.602079
856.101103
857.456159
858.535162
859.230316
807.897096
807.607690
806.770400
805.472607
803.844968
802.045839
800.246710
798.619071
797.321278
796.483988
796.194582
796.483988
797.321278
798.619071
800.246710
802.045839
803.844968
805.472607
806.770400
807.607690
807.897096
807.607690
806.770400
805.472607
803.844968
802.045839
800.246710
798.619071
797.321278
796.483988
796.194582
796.483988
797.321278
798.619071
800.246710
802.045839
803.844968
805.472607
806.770400
807.607690
760.871793
760.528192
759.535304
757.999123
756.075779
753.951921
751.828064
749.904720
748.368539
747.375650
747.032050
747.375650
748.368539
749.904720
751.828064
753.951921
756.075779
757.999123
759.535304
760.528192
760.871793
760.528192
759.535304
757.999123
756.075779
753.951921
751.828064
749.904720
748.368539
747.375650
747.032050
747.375650
748.368539
749.904720
751.828064
753.951921
756.075779
757.999123
759.535304
760.528192
717.697313
717.294348
716.131728
714.337059
712.094821
709.621875
707.148930
704.906691
703.112023
701.949403
701.546438
701.949403
703.112023
704.906691
707.148930
709.621875
712.094821
714.337060
716.131728
717.294348
717.697313
717.294348
716.131728
714.337060
712.094821
709.621875
707.148930
704.906691
703.112023
701.949403
701.546438
701.949403
703.112023
704.906691
707.148930
709.621875
712.094821
714.337059
716.131728
717.294348
677.828533
677.360631
676.013355
673.939574
671.355285
668.509333
665.663381
663.079092
661.005311
659.658035
659.190133
659.658035
661.005311
663.079092
665.663381
668.509333
671.355285
673.939574
676.013355
677.360631
677.828533
677.360631
676.013355
673.939574
671.355285
668.509333
665.663381
663.079092
661.005311
659.658035
659.190133
659.658035
661.005311
663.079092
665.663381
668.509333
671.355285
673.939574
676.013355
677.360631
640.831311
640.292394
638.744588
636.370495
633.421121
630.178842
626.936563
623.987189
621.613097
620.065290
619.526374
620.065290
621.613097
623.987189
626.936563
630.178842
633.421121
636.370495
638.744588
640.292394
640.831311
640.292394
638.744588
636.370495
633.421121
630.178842
626.936563
623.987189
621.613097
620.065290
619.526374
620.065290
621.613097
623.987189
626.936563
630.178842
633.421121
636.370495
638.744588
640.292394
606.354460
605.737805
603.972449
601.276214
597.938921
594.277749
590.616576
587.279283
584.583049
582.817692
582.201038
582.817692
584.583049
587.279283
590.616576
594.277749
597.938921
601.276214
603.972449
605.737805
606.354460
605.737805
603.972449
601.276214
597.938921
594.277749
590.616576
587.279283
584.583049
582.817692
582.201038
582.817692
584.583049
587.279283
590.616576
594.277749
597.938921
601.276214
603.972449
605.737805
574.110088
573.408148
571.406846
568.365943
564.618186
560.516455
556.414725
552.666968
549.626065
547.624763
546.922823
547.624763
549.626065
552.666968
556.414725
560.516455
564.618186
568.365943
571.406846
573.408148
574.110088
573.408148
571.406846
568.365943
564.618186
560.516455
556.414725
552.666968
549.626065
547.624763
546.922823
547.624763
549.626065
552.666968
556.414725
560.516455
564.618186
568.365943
571.406846
573.408148
543.859488
543.063656
540.806371
537.397518
533.217133
528.654235
524.091337
519.910952
516.502099
514.244814
513.448982
514.244814
516.502099
519.910952
524.091337
528.654235
533.217133
537.397518
540.806371
543.063656
543.859488
543.063656
540.806371
537.397518
533.217133
528.654235
524.091337
519.910952
516.502099
514.244814
513.448982
514.244814
516.502099
519.910952
524.091337
528.654235
533.217133
537.397518
540.806371
543.063656
515.402812
514.503124
511.967869
508.166978
503.532292
498.488819
493.445346
488.810660
485.009770
482.474515
481.574826
482.474515
485.009770
488.810660
493.445346
498.488819
503.532292
508.166978
511.967869
514.503124
515.402812
514.503124
511.967869
508.166978
503.532292
498.488819
493.445346
488.810660
485.009770
482.474515
481.574826
482.474515
485.009770
488.810660
493.445346
498.488819
503.532292
508.166978
511.967869
514.503124
488.571392
487.556125
484.718627
480.500778
475.390724
469.848621
464.306518
459.196464
454.978615
452.141117
451.125850
452.141117
454.978615
459.196464
464.306518
469.848621
475.390724
480.500778
484.718627
487.556125
488.571392
487.556125
484.718627
480.500778
475.390724
469.848621
464.306518
459.196464
454.978615
452.141117
451.125850
452.141117
454.978615
459.196464
464.306518
469.848621
475.390724
480.500778
484.718627
487.556125
463.221946
462.077108
458.910429
454.249864
448.644124
442.586828
436.529532
430.923792
426.263227
423.096548
421.951710
423.096548
426.263227
430.923792
436.529532
442.586828
448.644124
454.249864
458.910429
462.077108
463.221946
462.077108
458.910429
454.249864
448.644124
442.586828
436.529532
430.923792
426.263227
423.096548
421.951710
423.096548
426.263227
430.923792
436.529532
442.586828
448.644124
454.249864
458.910429
462.077108
439.232167
437.940820
434.414961
429.285118
423.164271
416.576852
409.989434
403.868586
398.738743
395.212884
393.921537
395.212884
398.738743
403.868586
409.989434
416.576852
423.164271
429.285118
434.414961
437.940820
439.232167
437.940820
434.414961
429.285118
423.164271
416.576852
409.989434
403.868586
398.738743
395.212884
393.921537
395.212884
398.738743
403.868586
409.989434
416.576852
423.164271
429.285118
434.414961
437.940820
416.497347
415.038725
411.120200
405.493798
398.839492
391.708778
384.578064
377.923757
372.297356
368.378831
366.920208
368.378831
372.297356
377.923757
384.578064
391.708778
398.839492
405.493798
411.120200
415.038725
416.497347
415.038725
411.120200
405.493798
398.839492
391.708778
384.578064
377.923757
372.297356
368.378831
366.920208
368.378831
372.297356
377.923757
384.578064
391.708778
398.839492
405.493798
411.120200
415.038725
394.927781
393.276135
388.927551
382.776732
375.571868
367.886557
360.201246
352.996382
346.845563
342.496978
340.845332
342.496978
346.845563
352.996382
360.201246
367.886557
375.571868
382.776732
388.927551
393.276135
394.927781
393.276135
388.927551
382.776732
375.571868
367.886557
360.201246
352.996382
346.845563
342.496978
340.845332
342.496978
346.845563
352.996382
360.201246
367.886557
375.571868
382.776732
388.927551
393.276135
374.446800
372.569892
367.749542
361.046079
353.275012
345.025771
336.776530
329.005463
322.302000
317.481650
315.604742
317.481650
322.302000
329.005463
336.776530
345.025771
353.275012
361.046079
367.749542
372.569892
374.446800
372.569892
367.749542
361.046079
353.275012
345.025771
336.776530
329.005463
322.302000
317.481650
315.604742
317.481650
322.302000
329.005463
336.776530
345.025771
353.275012
361.046079
367.749542
372.569892
354.989290
352.846433
347.507947
340.223541
331.872285
323.051826
314.231366
305.880111
298.595704
293.257218
291.114361
293.257218
298.595704
305.880111
314.231366
323.051826
331.872285
340.223541
347.507947
352.846433
354.989290
352.846433
347.507947
340.223541
331.872285
323.051826
314.231366
305.880111
298.595704
293.257218
291.114361
293.257218
298.595704
305.880111
314.231366
323.051826
331.872285
340.223541
347.507947
352.846433
336.500643
334.040155
328.132249
320.238907
311.295350
301.898484
292.501618
283.558062
275.664720
269.756813
267.296326
269.756813
275.664720
283.558062
292.501618
301.898484
311.295350
320.238907
328.132249
334.040155
336.500643
334.040155
328.132249
320.238907
311.295350
301.898484
292.501618
283.558062
275.664720
269.756813
267.296326
269.756813
275.664720
283.558062
292.501618
301.898484
311.295350
320.238907
328.132249
334.040155
318.936060
316.091979
309.558360
301.028882
291.482995
281.506663
271.530331
261.984444
253.454966
246.921347
244.077266
246.921347
253.454966
261.984444
271.530331
281.506663
291.482995
301.028882
309.558360
316.091979
318.936060
316.091979
309.558360
301.028882
291.482995
281.506663
271.530331
261.984444
253.454966
246.921347
244.077266
246.921347
253.454966
261.984444
271.530331
281.506663
291.482995
301.028882
309.558360
316.091979
302.260197
298.948043
291.727569
282.536129
272.380165
261.823438
251.266711
241.110748
231.919307
224.698833
221.386679
224.698833
231.919307
241.110748
251.266711
261.823438
272.380165
282.536129
291.727569
298.948043
302.260197
298.948043
291.727569
282.536129
272.380165
261.823438
251.266711
241.110748
231.919307
224.698833
221.386679
224.698833
231.919307
241.110748
251.266711
261.823438
272.380165
282.536129
291.727569
298.948043
286.447117
282.558471
274.585659
264.708485
253.937166
242.801217
231.665268
220.893949
211.016775
203.043963
199.155317
203.043963
211.016775
220.893949
231.665268
242.801217
253.937166
264.708485
274.585659
282.558471
286.447117
282.558471
274.585659
264.708485
253.937166
242.801217
231.665268
220.893949
211.016775
203.043963
199.155317
203.043963
211.016775
220.893949
231.665268
242.801217
253.937166
264.708485
274.585659
282.558471
271.480566
266.876151
258.082184
247.498334
236.108998
224.397046
212.685095
201.295759
190.711909
181.917942
177.313527
181.917942
190.711909
201.295759
212.685095
224.397046
236.108998
247.498334
258.082184
266.876151
271.480566
266.876151
258.082184
247.498334
236.108998
224.397046
212.685095
201.295759
190.711909
181.917942
177.313527
181.917942
190.711909
201.295759
212.685095
224.397046
236.108998
247.498334
258.082184
266.876151
257.354578
251.855474
242.169884
230.862089
218.854804
206.572028
194.289252
182.281967
170.974172
161.288582
155.789478
161.288582
170.974172
182.281967
194.289252
206.572028
218.854804
230.862089
242.169884
251.855474
257.354578
251.855474
242.169884
230.862089
218.854804
206.572028
194.289252
182.281967
170.974172
161.288582
155.789478
161.288582
170.974172
182.281967
194.289252
206.572028
218.854804
230.862089
242.169884
251.855474
244.074433
237.450980
226.804237
214.759777
202.137402
189.290824
176.444245
163.821870
151.777410
141.130667
134.507214
141.130667
151.777410
163.821870
176.444245
189.290824
202.137402
214.759777
226.804237
237.450980
244.074433
237.450980
226.804237
214.759777
202.137402
189.290824
176.444245
163.821870
151.777410
141.130667
134.507214
141.130667
151.777410
163.821870
176.444245
189.290824
202.137402
214.759777
226.804237
237.450980
231.658008
223.615851
211.943145
199.154707
185.922887
172.521234
159.119581
145.887761
133.099323
121.426617
113.384460
121.426617
133.099323
145.887761
159.119581
172.521234
185.922887
199.154707
211.943145
223.615851
231.658008
223.615851
211.943145
199.154707
185.922887
172.521234
159.119581
145.887761
133.099323
121.426617
113.384460
121.426617
133.099323
145.887761
159.119581
172.521234
185.922887
199.154707
211.943145
223.615851
220.137567
210.300191
197.546754
184.013202
170.180294
156.233837
142.287379
128.454472
114.920919
102.167482
92.330106
102.167482
114.920919
128.454472
142.287379
156.233837
170.180294
184.013202
197.546754
210.300191
220.137567
210.300191
197.546754
184.013202
170.180294
156.233837
142.287379
128.454472
114.920919
102.167482
92.330106
102.167482
114.920919
128.454472
142.287379
156.233837
170.180294
184.013202
197.546754
210.300191
209.562062
197.449036
183.577447
169.304385
154.881308
140.401678
125.922047
111.498971
97.225908
83.354319
71.241293
83.354319
97.225908
111.498971
125.922047
140.401678
154.881308
169.304385
183.577447
197.449036
209.562062
197.449036
183.577447
169.304385
154.881308
140.401678
125.922047
111.498971
97.225908
83.354319
71.241293
83.354319
97.225908
111.498971
125.922047
140.401678
154.881308
169.304385
183.577447
197.449036
200.000000
185.000000
170.000000
155.000000
140.000000
125.000000
110.000000
95.000000
80.000000
65.000000
50.000000
65.000000
80.000000
95.000000
110.000000
125.000000
140.000000
155.000000
170.000000
185.000000
200.000000
185.000000
170.000000
155.000000
140.000000
125.000000
110.000000
95.000000
80.000000
65.000000
50.000000
65.000000
80.000000
95.000000
110.000000
125.000000
140.000000
155.000000
170.000000
185.000000
