1500.000000
1500.000000
1500.000000
1500.000000
1352.515120
1347.605158
1352.515120
1347.605158
1236.073516
1226.932563
1236.073516
1226.932563
1140.007219
1126.923657
1140.007219
1126.923657
1058.345495
1041.439307
1058.345495
1041.439307
987.409664
966.719272
987.409664
966.719272
924.772797
900.293981
924.772797
900.293981
868.749512
840.454646
868.749512
840.454646
818.121705
785.969973
818.121705
785.969973
771.980361
735.923482
771.980361
735.923482
729.629084
689.614667
729.629084
689.614667
690.522553
646.496113
690.522553
646.496113
654.225742
606.131943
654.225742
606.131943
620.386031
568.169467
620.386031
568.169467
588.713616
532.319295
588.713616
532.319295
558.967408
498.341062
558.967408
498.341062
530.944685
466.032953
530.944685
466.032953
504.473354
435.223888
504.473354
435.223888
479.406063
405.767594
479.406063
405.767594
455.615675
377.538029
455.615675
377.538029
432.991725
350.425831
432.991725
350.425831
411.437621
324.335492
411.437621
324.335492
390.868413
299.183128
390.868413
299.183128
371.208989
274.894662
371.208989
274.894662
352.392610
251.404358
352.392610
251.404358
334.359709
228.653617
334.359709
228.653617
317.056894
206.589982
317.056894
206.589982
300.436125
185.166309
300.436125
185.166309
284.454016
164.340077
284.454016
164.340077
269.071253
144.072803
269.071253
144.072803
254.252101
124.329547
254.252101
124.329547
239.963975
105.078492
239.963975
105.078492
226.177087
86.290587
226.177087
86.290587
212.864127
67.939228
212.864127
67.939228
200.000000
50.000000
200.000000
50.000000
