1500.000000
1500.000000
1500.000000
1500.000000
1500.000000
1500.000000
1500.000000
1500.000000
1500.000000
1500.000000
1500.000000
1500.000000
1500.000000
1500.000000
1500.000000
1500.000000
1500.000000
1500.000000
1500.000000
1500.000000
1500.000000
1500.000000
1500.000000
1500.000000
1500.000000
1500.000000
1500.000000
1500.000000
1500.000000
1500.000000
1500.000000
1500.000000
1500.000000
1500.000000
1500.000000
1500.000000
1500.000000
1500.000000
1500.000000
1500.000000
1500.000000
1500.000000
1500.000000
1500.000000
1500.000000
1500.000000
1500.000000
1500.000000
1500.000000
1500.000000
1352.514258
1352.514258
1352.514258
1352.514258
1352.514258
1352.514258
1352.514258
1352.514258
1352.514258
1352.514258
1352.514258
1352.514258
1352.514258
1352.514258
1352.514258
1352.514258
1352.514258
1352.514258
1352.514258
1352.514258
1352.514258
1352.514258
1352.514258
1352.514258
1352.514258
1352.514258
1352.514258
1352.514258
1352.514258
1352.514258
1352.514258
1352.514258
1352.514258
1352.514258
1352.514258
1352.514258
1352.514258
1352.514258
1352.514258
1352.514258
1352.514258
1352.514258
1352.514258
1352.514258
1352.514258
1352.514258
1352.514258
1352.514258
1352.514258
1352.514258
1235.196054
1235.196054
1235.196054
1235.196054
1235.196054
1235.196054
1235.196054
1235.196054
1235.196054
1235.196054
1235.196054
1235.196054
1235.196054
1235.196054
1235.196054
1235.196054
1235.196054
1235.196054
1235.196054
1235.196054
1235.196054
1235.196054
1235.196054
1235.196054
1235.196054
1235.196054
1235.196054
1235.196054
1235.196054
1235.196054
1235.196054
1235.196054
1235.196054
1235.196054
1235.196054
1235.196054
1235.196054
1235.196054
1235.196054
1235.196054
1235.196054
1235.196054
1235.196054
1235.196054
1235.196054
1235.196054
1235.196054
1235.196054
1235.196054
1235.196054
1137.799809
1137.799809
1137.799809
1137.799809
1137.799809
1137.799809
1137.799809
1137.799809
1137.799809
1137.799809
1137.799809
1137.799809
1137.799809
1137.799809
1137.799809
1137.799809
1137.799809
1137.799809
1137.799809
1137.799809
1137.799809
1137.799809
1137.799809
1137.799809
1137.799809
1137.799809
1137.799809
1137.799809
1137.799809
1137.799809
1137.799809
1137.799809
1137.799809
1137.799809
1137.799809
1137.799809
1137.799809
1137.799809
1137.799809
1137.799809
1137.799809
1137.799809
1137.799809
1137.799809
1137.799809
1137.799809
1137.799809
1137.799809
1137.799809
1137.799809
1054.541729
1054.541729
1054.541729
1054.541729
1054.541729
1054.541729
1054.541729
1054.541729
1054.541729
1054.541729
1054.541729
1054.541729
1054.541729
1054.541729
1054.541729
1054.541729
1054.541729
1054.541729
1054.541729
1054.541729
1054.541729
1054.541729
1054.541729
1054.541729
1054.541729
1054.541729
1054.541729
1054.541729
1054.541729
1054.541729
1054.541729
1054.541729
1054.541729
1054.541729
1054.541729
1054.541729
1054.541729
1054.541729
1054.541729
1054.541729
1054.541729
1054.541729
1054.541729
1054.541729
1054.541729
1054.541729
1054.541729
1054.541729
1054.541729
1054.541729
981.837489
981.837489
981.837489
981.837489
981.837489
981.837489
981.837489
981.837489
981.837489
981.837489
981.837489
981.837489
981.837489
981.837489
981.837489
981.837489
981.837489
981.837489
981.837489
981.837489
981.837489
981.837489
981.837489
981.837489
981.837489
981.837489
981.837489
981.837489
981.837489
981.837489
981.837489
981.837489
981.837489
981.837489
981.837489
981.837489
981.837489
981.837489
981.837489
981.837489
981.837489
981.837489
981.837489
981.837489
981.837489
981.837489
981.837489
981.837489
981.837489
981.837489
917.312477
917.312477
917.312477
917.312477
917.312477
917.312477
917.312477
917.312477
917.312477
917.312477
917.312477
917.312477
917.312477
917.312477
917.312477
917.312477
917.312477
917.312477
917.312477
917.312477
917.312477
917.312477
917.312477
917.312477
917.312477
917.312477
917.312477
917.312477
917.312477
917.312477
917.312477
917.312477
917.312477
917.312477
917.312477
917.312477
917.312477
917.312477
917.312477
917.312477
917.312477
917.312477
917.312477
917.312477
917.312477
917.312477
917.312477
917.312477
917.312477
917.312477
859.312466
859.312466
859.312466
859.312466
859.312466
859.312466
859.312466
859.312466
859.312466
859.312466
859.312466
859.312466
859.312466
859.312466
859.312466
859.312466
859.312466
859.312466
859.312466
859.312466
859.312466
859.312466
859.312466
859.312466
859.312466
859.312466
859.312466
859.312466
859.312466
859.312466
859.312466
859.312466
859.312466
859.312466
859.312466
859.312466
859.312466
859.312466
859.312466
859.312466
859.312466
859.312466
859.312466
859.312466
859.312466
859.312466
859.312466
859.312466
859.312466
859.312466
806.638986
806.638988
806.638986
806.638988
806.638986
806.638988
806.638986
806.638988
806.638986
806.638988
806.638986
806.638988
806.638986
806.638988
806.638986
806.638988
806.638986
806.638988
806.638986
806.638988
806.638986
806.638988
806.638986
806.638988
806.638986
806.638988
806.638986
806.638988
806.638986
806.638988
806.638986
806.638988
806.638986
806.638988
806.638986
806.638988
806.638986
806.638988
806.638986
806.638988
806.638986
806.638988
806.638986
806.638988
806.638986
806.638988
806.638986
806.638988
806.638986
806.638988
758.395984
758.395990
758.395984
758.395990
758.395984
758.395990
758.395984
758.395990
758.395984
758.395990
758.395984
758.395990
758.395984
758.395990
758.395984
758.395990
758.395984
758.395990
758.395984
758.395990
758.395984
758.395990
758.395984
758.395990
758.395984
758.395990
758.395984
758.395990
758.395984
758.395990
758.395984
758.395990
758.395984
758.395990
758.395984
758.395990
758.395984
758.395990
758.395984
758.395990
758.395984
758.395990
758.395984
758.395990
758.395984
758.395990
758.395984
758.395990
758.395984
758.395990
713.895969
713.895988
713.895969
713.895988
713.895969
713.895988
713.895969
713.895988
713.895969
713.895988
713.895969
713.895988
713.895969
713.895988
713.895969
713.895988
713.895969
713.895988
713.895969
713.895988
713.895969
713.895988
713.895969
713.895988
713.895969
713.895988
713.895969
713.895988
713.895969
713.895988
713.895969
713.895988
713.895969
713.895988
713.895969
713.895988
713.895969
713.895988
713.895969
713.895988
713.895969
713.895988
713.895969
713.895988
713.895969
713.895988
713.895969
713.895988
713.895969
713.895988
672.599942
672.600000
672.599942
672.600000
672.599942
672.600000
672.599942
672.600000
672.599942
672.600000
672.599942
672.600000
672.599942
672.600000
672.599942
672.600000
672.599942
672.600000
672.599942
672.600000
672.599942
672.600000
672.599942
672.600000
672.599942
672.600000
672.599942
672.600000
672.599942
672.600000
672.599942
672.600000
672.599942
672.600000
672.599942
672.600000
672.599942
672.600000
672.599942
672.600000
672.599942
672.600000
672.599942
672.600000
672.599942
672.600000
672.599942
672.600000
672.599942
672.600000
634.077496
634.077655
634.077496
634.077655
634.077496
634.077655
634.077496
634.077655
634.077496
634.077655
634.077496
634.077655
634.077496
634.077655
634.077496
634.077655
634.077496
634.077655
634.077496
634.077655
634.077496
634.077655
634.077496
634.077655
634.077496
634.077655
634.077496
634.077655
634.077496
634.077655
634.077496
634.077655
634.077496
634.077655
634.077496
634.077655
634.077496
634.077655
634.077496
634.077655
634.077496
634.077655
634.077496
634.077655
634.077496
634.077655
634.077496
634.077655
634.077496
634.077655
597.979459
597.979874
597.979459
597.979874
597.979459
597.979874
597.979459
597.979874
597.979459
597.979874
597.979459
597.979874
597.979459
597.979874
597.979459
597.979874
597.979459
597.979874
597.979459
597.979874
597.979459
597.979874
597.979459
597.979874
597.979459
597.979874
597.979459
597.979874
597.979459
597.979874
597.979459
597.979874
597.979459
597.979874
597.979459
597.979874
597.979459
597.979874
597.979459
597.979874
597.979459
597.979874
597.979459
597.979874
597.979459
597.979874
597.979459
597.979874
597.979459
597.979874
564.018621
564.019646
564.018621
564.019646
564.018621
564.019646
564.018621
564.019646
564.018621
564.019646
564.018621
564.019646
564.018621
564.019646
564.018621
564.019646
564.018621
564.019646
564.018621
564.019646
564.018621
564.019646
564.018621
564.019646
564.018621
564.019646
564.018621
564.019646
564.018621
564.019646
564.018621
564.019646
564.018621
564.019646
564.018621
564.019646
564.018621
564.019646
564.018621
564.019646
564.018621
564.019646
564.018621
564.019646
564.018621
564.019646
564.018621
564.019646
564.018621
564.019646
531.955810
531.958221
531.955810
531.958221
531.955810
531.958221
531.955810
531.958221
531.955810
531.958221
531.955810
531.958221
531.955810
531.958221
531.955810
531.958221
531.955810
531.958221
531.955810
531.958221
531.955810
531.958221
531.955810
531.958221
531.955810
531.958221
531.955810
531.958221
531.955810
531.958221
531.955810
531.958221
531.955810
531.958221
531.955810
531.958221
531.955810
531.958221
531.955810
531.958221
531.955810
531.958221
531.955810
531.958221
531.955810
531.958221
531.955810
531.958221
531.955810
531.958221
501.589586
501.595022
501.589586
501.595022
501.589586
501.595022
501.589586
501.595022
501.589586
501.595022
501.589586
501.595022
501.589586
501.595022
501.589586
501.595022
501.589586
501.595022
501.589586
501.595022
501.589586
501.595022
501.589586
501.595022
501.589586
501.595022
501.589586
501.595022
501.589586
501.595022
501.589586
501.595022
501.589586
501.595022
501.589586
501.595022
501.589586
501.595022
501.589586
501.595022
501.589586
501.595022
501.589586
501.595022
501.589586
501.595022
501.589586
501.595022
501.589586
501.595022
472.748416
472.760204
472.748416
472.760204
472.748416
472.760204
472.748416
472.760204
472.748416
472.760204
472.748416
472.760204
472.748416
472.760204
472.748416
472.760204
472.748416
472.760204
472.748416
472.760204
472.748416
472.760204
472.748416
472.760204
472.748416
472.760204
472.748416
472.760204
472.748416
472.760204
472.748416
472.760204
472.748416
472.760204
472.748416
472.760204
472.748416
472.760204
472.748416
472.760204
472.748416
472.760204
472.748416
472.760204
472.748416
472.760204
472.748416
472.760204
472.748416
472.760204
445.284517
445.309199
445.284517
445.309199
445.284517
445.309199
445.284517
445.309199
445.284517
445.309199
445.284517
445.309199
445.284517
445.309199
445.284517
445.309199
445.284517
445.309199
445.284517
445.309199
445.284517
445.309199
445.284517
445.309199
445.284517
445.309199
445.284517
445.309199
445.284517
445.309199
445.284517
445.309199
445.284517
445.309199
445.284517
445.309199
445.284517
445.309199
445.284517
445.309199
445.284517
445.309199
445.284517
445.309199
445.284517
445.309199
445.284517
445.309199
445.284517
445.309199
419.068791
419.118824
419.068791
419.118824
419.068791
419.118824
419.068791
419.118824
419.068791
419.118824
419.068791
419.118824
419.068791
419.118824
419.068791
419.118824
419.068791
419.118824
419.068791
419.118824
419.068791
419.118824
419.068791
419.118824
419.068791
419.118824
419.068791
419.118824
419.068791
419.118824
419.068791
419.118824
419.068791
419.118824
419.068791
419.118824
419.068791
419.118824
419.068791
419.118824
419.068791
419.118824
419.068791
419.118824
419.068791
419.118824
419.068791
419.118824
419.068791
419.118824
393.986316
394.084784
393.986316
394.084784
393.986316
394.084784
393.986316
394.084784
393.986316
394.084784
393.986316
394.084784
393.986316
394.084784
393.986316
394.084784
393.986316
394.084784
393.986316
394.084784
393.986316
394.084784
393.986316
394.084784
393.986316
394.084784
393.986316
394.084784
393.986316
394.084784
393.986316
394.084784
393.986316
394.084784
393.986316
394.084784
393.986316
394.084784
393.986316
394.084784
393.986316
394.084784
393.986316
394.084784
393.986316
394.084784
393.986316
394.084784
393.986316
394.084784
369.931952
370.120535
369.931952
370.120535
369.931952
370.120535
369.931952
370.120535
369.931952
370.120535
369.931952
370.120535
369.931952
370.120535
369.931952
370.120535
369.931952
370.120535
369.931952
370.120535
369.931952
370.120535
369.931952
370.120535
369.931952
370.120535
369.931952
370.120535
369.931952
370.120535
369.931952
370.120535
369.931952
370.120535
369.931952
370.120535
369.931952
370.120535
369.931952
370.120535
369.931952
370.120535
369.931952
370.120535
369.931952
370.120535
369.931952
370.120535
369.931952
370.120535
346.805501
347.157691
346.805501
347.157691
346.805501
347.157691
346.805501
347.157691
346.805501
347.157691
346.805501
347.157691
346.805501
347.157691
346.805501
347.157691
346.805501
347.157691
346.805501
347.157691
346.805501
347.157691
346.805501
347.157691
346.805501
347.157691
346.805501
347.157691
346.805501
347.157691
346.805501
347.157691
346.805501
347.157691
346.805501
347.157691
346.805501
347.157691
346.805501
347.157691
346.805501
347.157691
346.805501
347.157691
346.805501
347.157691
346.805501
347.157691
346.805501
347.157691
324.505794
325.148377
324.505794
325.148377
324.505794
325.148377
324.505794
325.148377
324.505794
325.148377
324.505794
325.148377
324.505794
325.148377
324.505794
325.148377
324.505794
325.148377
324.505794
325.148377
324.505794
325.148377
324.505794
325.148377
324.505794
325.148377
324.505794
325.148377
324.505794
325.148377
324.505794
325.148377
324.505794
325.148377
324.505794
325.148377
324.505794
325.148377
324.505794
325.148377
324.505794
325.148377
324.505794
325.148377
324.505794
325.148377
324.505794
325.148377
324.505794
325.148377
302.922853
304.070152
302.922853
304.070152
302.922853
304.070152
302.922853
304.070152
302.922853
304.070152
302.922853
304.070152
302.922853
304.070152
302.922853
304.070152
302.922853
304.070152
302.922853
304.070152
302.922853
304.070152
302.922853
304.070152
302.922853
304.070152
302.922853
304.070152
302.922853
304.070152
302.922853
304.070152
302.922853
304.070152
302.922853
304.070152
302.922853
304.070152
302.922853
304.070152
302.922853
304.070152
302.922853
304.070152
302.922853
304.070152
302.922853
304.070152
302.922853
304.070152
281.926982
283.934542
281.926982
283.934542
281.926982
283.934542
281.926982
283.934542
281.926982
283.934542
281.926982
283.934542
281.926982
283.934542
281.926982
283.934542
281.926982
283.934542
281.926982
283.934542
281.926982
283.934542
281.926982
283.934542
281.926982
283.934542
281.926982
283.934542
281.926982
283.934542
281.926982
283.934542
281.926982
283.934542
281.926982
283.934542
281.926982
283.934542
281.926982
283.934542
281.926982
283.934542
281.926982
283.934542
281.926982
283.934542
281.926982
283.934542
281.926982
283.934542
261.353230
264.800594
261.353230
264.800594
261.353230
264.800594
261.353230
264.800594
261.353230
264.800594
261.353230
264.800594
261.353230
264.800594
261.353230
264.800594
261.353230
264.800594
261.353230
264.800594
261.353230
264.800594
261.353230
264.800594
261.353230
264.800594
261.353230
264.800594
261.353230
264.800594
261.353230
264.800594
261.353230
264.800594
261.353230
264.800594
261.353230
264.800594
261.353230
264.800594
261.353230
264.800594
261.353230
264.800594
261.353230
264.800594
261.353230
264.800594
261.353230
264.800594
240.979079
246.795555
240.979079
246.795555
240.979079
246.795555
240.979079
246.795555
240.979079
246.795555
240.979079
246.795555
240.979079
246.795555
240.979079
246.795555
240.979079
246.795555
240.979079
246.795555
240.979079
246.795555
240.979079
246.795555
240.979079
246.795555
240.979079
246.795555
240.979079
246.795555
240.979079
246.795555
240.979079
246.795555
240.979079
246.795555
240.979079
246.795555
240.979079
246.795555
240.979079
246.795555
240.979079
246.795555
240.979079
246.795555
240.979079
246.795555
240.979079
246.795555
220.492437
230.145500
220.492437
230.145500
220.492437
230.145500
220.492437
230.145500
220.492437
230.145500
220.492437
230.145500
220.492437
230.145500
220.492437
230.145500
220.492437
230.145500
220.492437
230.145500
220.492437
230.145500
220.492437
230.145500
220.492437
230.145500
220.492437
230.145500
220.492437
230.145500
220.492437
230.145500
220.492437
230.145500
220.492437
230.145500
220.492437
230.145500
220.492437
230.145500
220.492437
230.145500
220.492437
230.145500
220.492437
230.145500
220.492437
230.145500
220.492437
230.145500
199.445978
215.219826
199.445978
215.219826
199.445978
215.219826
199.445978
215.219826
199.445978
215.219826
199.445978
215.219826
199.445978
215.219826
199.445978
215.219826
199.445978
215.219826
199.445978
215.219826
199.445978
215.219826
199.445978
215.219826
199.445978
215.219826
199.445978
215.219826
199.445978
215.219826
199.445978
215.219826
199.445978
215.219826
199.445978
215.219826
199.445978
215.219826
199.445978
215.219826
199.445978
215.219826
199.445978
215.219826
199.445978
215.219826
199.445978
215.219826
199.445978
215.219826
177.192519
202.594900
177.192519
202.594900
177.192519
202.594900
177.192519
202.594900
177.192519
202.594900
177.192519
202.594900
177.192519
202.594900
177.192519
202.594900
177.192519
202.594900
177.192519
202.594900
177.192519
202.594900
177.192519
202.594900
177.192519
202.594900
177.192519
202.594900
177.192519
202.594900
177.192519
202.594900
177.192519
202.594900
177.192519
202.594900
177.192519
202.594900
177.192519
202.594900
177.192519
202.594900
177.192519
202.594900
177.192519
202.594900
177.192519
202.594900
177.192519
202.594900
152.794353
193.143880
152.794353
193.143880
152.794353
193.143880
152.794353
193.143880
152.794353
193.143880
152.794353
193.143880
152.794353
193.143880
152.794353
193.143880
152.794353
193.143880
152.794353
193.143880
152.794353
193.143880
152.794353
193.143880
152.794353
193.143880
152.794353
193.143880
152.794353
193.143880
152.794353
193.143880
152.794353
193.143880
152.794353
193.143880
152.794353
193.143880
152.794353
193.143880
152.794353
193.143880
152.794353
193.143880
152.794353
193.143880
152.794353
193.143880
152.794353
193.143880
124.897187
188.162059
124.897187
188.162059
124.897187
188.162059
124.897187
188.162059
124.897187
188.162059
124.897187
188.162059
124.897187
188.162059
124.897187
188.162059
124.897187
188.162059
124.897187
188.162059
124.897187
188.162059
124.897187
188.162059
124.897187
188.162059
124.897187
188.162059
124.897187
188.162059
124.897187
188.162059
124.897187
188.162059
124.897187
188.162059
124.897187
188.162059
124.897187
188.162059
124.897187
188.162059
124.897187
188.162059
124.897187
188.162059
124.897187
188.162059
124.897187
188.162059
91.556447
189.539945
91.556447
189.539945
91.556447
189.539945
91.556447
189.539945
91.556447
189.539945
91.556447
189.539945
91.556447
189.539945
91.556447
189.539945
91.556447
189.539945
91.556447
189.539945
91.556447
189.539945
91.556447
189.539945
91.556447
189.539945
91.556447
189.539945
91.556447
189.539945
91.556447
189.539945
91.556447
189.539945
91.556447
189.539945
91.556447
189.539945
91.556447
189.539945
91.556447
189.539945
91.556447
189.539945
91.556447
189.539945
91.556447
189.539945
91.556447
189.539945
50.000000
200.000000
50.000000
200.000000
50.000000
200.000000
50.000000
200.000000
50.000000
200.000000
50.000000
200.000000
50.000000
200.000000
50.000000
200.000000
50.000000
200.000000
50.000000
200.000000
50.000000
200.000000
50.000000
200.000000
50.000000
200.000000
50.000000
200.000000
50.000000
200.000000
50.000000
200.000000
50.000000
200.000000
50.000000
200.000000
50.000000
200.000000
50.000000
200.000000
50.000000
200.000000
50.000000
200.000000
50.000000
200.000000
50.000000
200.000000
50.000000
200.000000
