1500.000000
1500.000000
1500.000000
1500.000000
1500.000000
1348.625049
1353.279824
1350.716866
1353.279824
1348.625049
1228.089829
1236.761825
1231.833108
1236.761825
1228.089829
1127.864499
1140.278258
1132.957157
1140.278258
1127.864499
1042.022359
1058.063710
1048.238782
1058.063710
1042.022359
966.898391
986.533921
974.059412
986.533921
966.898391
900.068498
923.308586
908.025264
923.308586
900.068498
839.846188
866.726288
848.470786
866.726288
839.846188
785.010935
815.581389
794.190596
815.581389
785.010935
734.651031
768.971193
744.284359
768.971193
734.651031
688.067534
726.202239
698.061947
726.202239
688.067534
644.712859
686.730217
654.982791
686.730217
644.712859
604.150037
650.120021
614.615628
650.120021
604.150037
566.024810
616.018332
576.610940
616.018332
566.024810
530.046006
584.134303
540.681550
584.134303
530.046006
495.971406
554.225630
506.588661
554.225630
495.971406
463.597362
526.088302
474.131592
526.088302
463.597362
432.751023
499.548916
443.140089
499.548916
432.751023
403.284428
474.458840
413.468492
474.458840
403.284428
375.069951
450.689693
384.991229
450.689693
375.069951
347.996742
428.129820
357.599294
428.129820
347.996742
321.967909
406.681499
331.197468
406.681499
321.967909
296.898277
386.258707
305.702100
386.258707
296.898277
272.712569
366.785321
281.039306
366.785321
272.712569
249.343935
348.193648
257.143520
348.193648
249.343935
226.732740
330.423220
233.956294
330.423220
226.732740
204.825561
313.419799
211.425308
313.419799
204.825561
183.574358
297.134544
189.503547
297.134544
183.574358
162.935772
281.523315
168.148612
281.523315
162.935772
142.870542
266.546087
147.322140
266.546087
142.870542
123.342998
252.166451
126.989308
252.166451
123.342998
104.320644
238.351187
107.118417
238.351187
104.320644
85.773788
225.069904
87.680528
225.069904
85.773788
67.675233
212.294721
68.649156
212.294721
67.675233
50.000000
200.000000
50.000000
200.000000
50.000000
