1500.000000
1500.000000
1500.000000
1500.000000
1500.000000
1500.000000
1500.000000
1500.000000
1351.068844
1350.060139
1349.051434
1350.060139
1351.068844
1350.060139
1349.051434
1350.060139
1233.452598
1231.503040
1229.553482
1231.503040
1233.452598
1231.503040
1229.553482
1231.503040
1136.382359
1133.465438
1130.548517
1133.465438
1136.382359
1133.465438
1130.548517
1133.465438
1053.839832
1049.892401
1045.944969
1049.892401
1053.839832
1049.892401
1045.944969
1049.892401
982.121486
977.064468
972.007451
977.064468
982.121486
977.064468
972.007451
977.064468
918.786386
912.533389
906.280392
912.533389
918.786386
912.533389
906.280392
912.533389
862.140799
854.602079
847.063359
854.602079
862.140799
854.602079
847.063359
854.602079
810.961410
802.045839
793.130268
802.045839
810.961410
802.045839
793.130268
802.045839
764.335828
753.951921
743.568015
753.951921
764.335828
753.951921
743.568015
753.951921
721.565411
709.621875
697.678340
709.621875
721.565411
709.621875
697.678340
709.621875
682.103295
668.509333
654.915371
668.509333
682.103295
668.509333
654.915371
668.509333
645.513375
630.178842
614.844310
630.178842
645.513375
630.178842
614.844310
630.178842
611.442257
594.277749
577.113240
594.277749
611.442257
594.277749
577.113240
594.277749
579.599571
560.516455
541.433340
560.516455
579.599571
560.516455
541.433340
560.516455
549.743806
528.654235
507.564664
528.654235
549.743806
528.654235
507.564664
528.654235
521.671915
498.488819
475.305723
498.488819
521.671915
498.488819
475.305723
498.488819
495.211552
469.848621
444.485690
469.848621
495.211552
469.848621
444.485690
469.848621
470.215163
442.586828
414.958493
442.586828
470.215163
442.586828
414.958493
442.586828
446.555443
416.576852
386.598261
416.576852
446.555443
416.576852
386.598261
416.576852
424.121787
391.708778
359.295768
391.708778
424.121787
391.708778
359.295768
391.708778
402.817480
367.886557
332.955634
367.886557
402.817480
367.886557
332.955634
367.886557
382.557462
345.025771
307.494080
345.025771
382.557462
345.025771
307.494080
345.025771
363.266522
323.051826
282.837129
323.051826
363.266522
323.051826
282.837129
323.051826
344.877829
301.898484
258.919139
301.898484
344.877829
301.898484
258.919139
301.898484
327.331728
281.506663
235.681598
281.506663
327.331728
281.506663
235.681598
281.506663
310.574744
261.823438
213.072132
261.823438
310.574744
261.823438
213.072132
261.823438
294.558754
242.801217
191.043680
242.801217
294.558754
242.801217
191.043680
242.801217
279.240292
224.397046
169.553801
224.397046
279.240292
224.397046
169.553801
224.397046
264.579966
206.572028
148.564090
206.572028
264.579966
206.572028
148.564090
206.572028
250.541961
189.290824
128.039686
189.290824
250.541961
189.290824
128.039686
189.290824
237.093616
172.521234
107.948852
172.521234
237.093616
172.521234
107.948852
172.521234
224.205063
156.233837
88.262610
156.233837
224.205063
156.233837
88.262610
156.233837
211.848916
140.401678
68.954439
140.401678
211.848916
140.401678
68.954439
140.401678
200.000000
125.000000
50.000000
125.000000
200.000000
125.000000
50.000000
125.000000
