1500.000000
1500.000000
1500.000000
1500.000000
1500.000000
1500.000000
1500.000000
1500.000000
1500.000000
1500.000000
1500.000000
1500.000000
1377.299937
1376.422079
1374.698054
1373.820196
1374.698054
1376.422079
1377.299937
1376.422079
1374.698054
1373.820196
1374.698054
1376.422079
1277.831280
1276.123526
1272.781716
1271.073962
1272.781716
1276.123526
1277.831280
1276.123526
1272.781716
1271.073962
1272.781716
1276.123526
1194.378794
1191.810181
1186.808835
1184.240223
1186.808835
1191.810181
1194.378794
1191.810181
1186.808835
1184.240223
1186.808835
1191.810181
1122.654633
1119.159115
1112.394526
1108.899008
1112.394526
1119.159115
1122.654633
1119.159115
1112.394526
1108.899008
1112.394526
1119.159115
1059.904575
1055.397885
1046.738225
1042.231535
1046.738225
1055.397885
1059.904575
1055.397885
1046.738225
1042.231535
1046.738225
1055.397885
1004.255151
998.642110
987.942633
982.329593
987.942633
998.642110
1004.255151
998.642110
987.942633
982.329593
987.942633
998.642110
954.374641
947.552584
934.663183
927.841126
934.663183
947.552584
954.374641
947.552584
934.663183
927.841126
934.663183
947.552584
909.282818
901.143257
885.912561
877.773000
885.912561
901.143257
909.282818
901.143257
885.912561
877.773000
885.912561
901.143257
868.237455
858.666892
840.944649
831.374085
840.944649
858.666892
868.237455
858.666892
840.944649
831.374085
840.944649
858.666892
830.663223
819.543506
799.182078
788.062360
799.182078
819.543506
830.663223
819.543506
799.182078
788.062360
799.182078
819.543506
796.105300
783.313740
760.169093
747.377533
760.169093
783.313740
796.105300
783.313740
760.169093
747.377533
760.169093
783.313740
764.198056
749.607406
723.539813
708.949163
723.539813
749.607406
764.198056
749.607406
723.539813
708.949163
723.539813
749.607406
734.643302
718.121645
688.996221
672.474564
688.996221
718.121645
734.643302
718.121645
688.996221
672.474564
688.996221
718.121645
707.194795
688.605387
656.292513
637.703104
656.292513
688.605387
707.194795
688.605387
656.292513
637.703104
656.292513
688.605387
681.646953
660.848037
625.223712
604.424796
625.223712
660.848037
681.646953
660.848037
625.223712
604.424796
625.223712
660.848037
657.826489
634.671088
595.617243
572.461841
595.617243
634.671088
657.826489
634.671088
595.617243
572.461841
595.617243
634.671088
635.586095
609.921792
567.326567
541.662264
567.326567
609.921792
635.586095
609.921792
567.326567
541.662264
567.326567
609.921792
614.799601
586.468314
540.226321
511.895035
540.226321
586.468314
614.799601
586.468314
540.226321
511.895035
540.226321
586.468314
595.358219
564.195974
514.208539
483.046293
514.208539
564.195974
595.358219
564.195974
514.208539
483.046293
514.208539
564.195974
577.167589
543.004284
489.179682
455.016377
489.179682
543.004284
577.167589
543.004284
489.179682
455.016377
489.179682
543.004284
560.145428
522.804604
465.058290
427.717465
465.058290
522.804604
560.145428
522.804604
465.058290
427.717465
465.058290
522.804604
544.219651
503.518255
441.773083
401.071687
441.773083
503.518255
544.219651
503.518255
441.773083
401.071687
441.773083
503.518255
529.326834
485.074990
419.261432
375.009589
419.261432
485.074990
529.326834
485.074990
419.261432
375.009589
419.261432
485.074990
515.410970
467.411748
397.468110
349.468888
397.468110
467.411748
515.410970
467.411748
397.468110
349.468888
397.468110
467.411748
502.422441
450.471623
376.344255
324.393438
376.344255
450.471623
502.422441
450.471623
376.344255
324.393438
376.344255
450.471623
490.317158
434.203013
355.846522
299.732377
355.846522
434.203013
490.317158
434.203013
355.846522
299.732377
355.846522
434.203013
479.055853
418.558904
335.936364
275.439415
335.936364
418.558904
479.055853
418.558904
335.936364
275.439415
335.936364
418.558904
468.603476
403.496278
316.579434
251.472236
316.579434
403.496278
468.603476
403.496278
316.579434
251.472236
316.579434
403.496278
458.928686
388.975601
297.745077
227.791992
297.745077
388.975601
458.928686
388.975601
297.745077
227.791992
297.745077
388.975601
450.003426
374.960394
279.405902
204.362870
279.405902
374.960394
450.003426
374.960394
279.405902
204.362870
279.405902
374.960394
441.802544
361.416866
261.537408
181.151729
261.537408
361.416866
441.802544
361.416866
261.537408
181.151729
261.537408
361.416866
434.303487
348.313600
244.117671
158.127784
244.117671
348.313600
434.303487
348.313600
244.117671
158.127784
244.117671
348.313600
427.486018
335.621280
227.127072
135.262333
227.127072
335.621280
427.486018
335.621280
227.127072
135.262333
227.127072
335.621280
421.331986
323.312452
210.548058
112.528524
210.548058
323.312452
421.331986
323.312452
210.548058
112.528524
210.548058
323.312452
415.825116
311.361324
194.364939
89.901147
194.364939
311.361324
415.825116
311.361324
194.364939
89.901147
194.364939
311.361324
410.950832
299.743587
178.563708
67.356463
178.563708
299.743587
410.950832
299.743587
178.563708
67.356463
178.563708
299.743587
406.696096
288.436253
163.131883
44.872040
163.131883
288.436253
406.696096
288.436253
163.131883
44.872040
163.131883
288.436253
403.049272
277.417524
148.058368
22.426620
148.058368
277.417524
403.049272
277.417524
148.058368
22.426620
148.058368
277.417524
400.000000
266.666667
133.333333
0.000000
133.333333
266.666667
400.000000
266.666667
133.333333
0.000000
133.333333
266.666667
