1500.000000
1500.000000
1500.000000
1500.000000
1500.000000
1500.000000
1500.000000
1500.000000
1500.000000
1500.000000
1500.000000
1500.000000
1500.000000
1500.000000
1500.000000
1500.000000
1368.963127
1368.791970
1368.380840
1367.969710
1367.798553
1367.969710
1368.380840
1368.791970
1368.963127
1368.791970
1368.380840
1367.969710
1367.798553
1367.969710
1368.380840
1368.791970
1262.573705
1262.240152
1261.440272
1260.640391
1260.306838
1260.640391
1261.440272
1262.240152
1262.573705
1262.240152
1261.440272
1260.640391
1260.306838
1260.640391
1261.440272
1262.240152
1173.090461
1172.587695
1171.385057
1170.182419
1169.679653
1170.182419
1171.385057
1172.587695
1173.090461
1172.587695
1171.385057
1170.182419
1169.679653
1170.182419
1171.385057
1172.587695
1095.930725
1095.244963
1093.610098
1091.975233
1091.289472
1091.975233
1093.610098
1095.244963
1095.930725
1095.244963
1093.610098
1091.975233
1091.289472
1091.975233
1093.610098
1095.244963
1028.158227
1027.271985
1025.168135
1023.064285
1022.178043
1023.064285
1025.168135
1027.271985
1028.158227
1027.271985
1025.168135
1023.064285
1022.178043
1023.064285
1025.168135
1027.271985
967.779012
966.672464
964.059239
961.446014
960.339466
961.446014
964.059239
966.672464
967.779012
966.672464
964.059239
961.446014
960.339466
961.446014
964.059239
966.672464
913.377348
912.028913
908.864107
905.699302
904.350867
905.699302
908.864107
912.028913
913.377348
912.028913
908.864107
905.699302
904.350867
905.699302
908.864107
912.028913
863.911982
862.298551
858.539134
854.779718
853.166287
854.779718
858.539134
862.298551
863.911982
862.298551
858.539134
854.779718
853.166287
854.779718
858.539134
862.298551
818.594884
816.691865
812.294564
807.897264
805.994245
807.897264
812.294564
816.691865
818.594884
816.691865
812.294564
807.897264
805.994245
807.897264
812.294564
816.691865
776.815396
774.596661
769.518337
764.440014
762.221279
764.440014
769.518337
774.596661
776.815396
774.596661
769.518337
764.440014
762.221279
764.440014
769.518337
774.596661
738.090818
735.528591
729.726498
723.924406
721.362179
723.924406
729.726498
735.528591
738.090818
735.528591
729.726498
723.924406
721.362179
723.924406
729.726498
735.528591
702.033092
699.097796
692.529779
685.961762
683.026465
685.961762
692.529779
699.097796
702.033092
699.097796
692.529779
685.961762
683.026465
685.961762
692.529779
699.097796
668.325679
664.985758
657.610410
650.235062
646.895140
650.235062
657.610410
664.985758
668.325679
664.985758
657.610410
650.235062
646.895140
650.235062
657.610410
664.985758
636.707097
632.928820
624.705620
616.482419
612.704143
616.482419
624.705620
632.928820
636.707097
632.928820
624.705620
616.482419
612.704143
616.482419
624.705620
632.928820
606.958952
602.706198
593.595636
584.485075
580.232320
584.485075
593.595636
602.706198
606.958952
602.706198
593.595636
584.485075
580.232320
584.485075
593.595636
602.706198
578.897064
574.131092
564.094790
554.058489
549.292516
554.058489
564.094790
574.131092
578.897064
574.131092
564.094790
554.058489
549.292516
554.058489
564.094790
574.131092
552.364770
547.043979
536.044805
525.045631
519.724840
525.045631
536.044805
547.043979
552.364770
547.043979
536.044805
525.045631
519.724840
525.045631
536.044805
547.043979
527.227802
521.307482
509.309663
497.311844
491.391524
497.311844
509.309663
521.307482
527.227802
521.307482
509.309663
497.311844
491.391524
497.311844
509.309663
521.307482
503.370309
496.802379
483.771617
470.740855
464.172926
470.740855
483.771617
496.802379
503.370309
496.802379
483.771617
470.740855
464.172926
470.740855
483.771617
496.802379
480.691733
473.424469
459.328059
445.231648
437.964385
445.231648
459.328059
473.424469
480.691733
473.424469
459.328059
445.231648
437.964385
445.231648
459.328059
473.424469
459.104329
451.082086
435.889030
420.695975
412.673732
420.695975
435.889030
451.082086
459.104329
451.082086
435.889030
420.695975
412.673732
420.695975
435.889030
451.082086
438.531174
429.694092
413.375227
397.056361
388.219279
397.056361
413.375227
429.694092
438.531174
429.694092
413.375227
397.056361
388.219279
397.056361
413.375227
429.694092
418.904553
409.188265
391.716377
374.244489
364.528202
374.244489
391.716377
409.188265
418.904553
409.188265
391.716377
374.244489
364.528202
374.244489
391.716377
409.188265
400.164644
389.499966
370.849925
352.199884
341.535206
352.199884
370.849925
389.499966
400.164644
389.499966
370.849925
352.199884
341.535206
352.199884
370.849925
389.499966
382.258435
370.571051
350.719936
330.868821
319.181436
330.868821
350.719936
370.571051
382.258435
370.571051
350.719936
330.868821
319.181436
330.868821
350.719936
370.571051
365.138824
352.348964
331.276196
310.203428
297.413568
310.203428
331.276196
352.348964
365.138824
352.348964
331.276196
310.203428
297.413568
310.203428
331.276196
352.348964
348.763871
334.785980
312.473459
290.160938
276.183047
290.160938
312.473459
334.785980
348.763871
334.785980
312.473459
290.160938
276.183047
290.160938
312.473459
334.785980
333.096168
317.838566
294.270809
270.703053
255.445450
270.703053
294.270809
317.838566
333.096168
317.838566
294.270809
270.703053
255.445450
270.703053
294.270809
317.838566
318.102309
301.466844
276.631128
251.795412
235.159946
251.795412
276.631128
301.466844
318.102309
301.466844
276.631128
251.795412
235.159946
251.795412
276.631128
301.466844
303.752439
285.634131
259.520637
233.407143
215.288835
233.407143
259.520637
285.634131
303.752439
285.634131
259.520637
233.407143
215.288835
233.407143
259.520637
285.634131
290.019866
270.306547
242.908510
215.510473
195.797154
215.510473
242.908510
270.306547
290.019866
270.306547
242.908510
215.510473
195.797154
215.510473
242.908510
270.306547
276.880738
255.452678
226.766538
198.080397
176.652337
198.080397
226.766538
255.452678
276.880738
255.452678
226.766538
198.080397
176.652337
198.080397
226.766538
255.452678
264.313752
241.043284
211.068840
181.094395
157.823927
181.094395
211.068840
241.043284
264.313752
241.043284
211.068840
181.094395
157.823927
181.094395
211.068840
241.043284
252.299913
227.051046
195.791616
164.532185
139.283318
164.532185
195.791616
227.051046
252.299913
227.051046
195.791616
164.532185
139.283318
164.532185
195.791616
227.051046
240.822322
213.450347
180.912928
148.375509
121.003534
148.375509
180.912928
213.450347
240.822322
213.450347
180.912928
148.375509
121.003534
148.375509
180.912928
213.450347
229.865987
200.217079
166.412512
132.607945
102.959037
132.607945
166.412512
200.217079
229.865987
200.217079
166.412512
132.607945
102.959037
132.607945
166.412512
200.217079
219.417666
187.328474
152.271610
117.214747
85.125554
117.214747
152.271610
187.328474
219.417666
187.328474
152.271610
117.214747
85.125554
117.214747
152.271610
187.328474
209.465722
174.762953
138.472827
102.182702
67.479932
102.182702
138.472827
174.762953
209.465722
174.762953
138.472827
102.182702
67.479932
102.182702
138.472827
174.762953
200.000000
162.500000
125.000000
87.500000
50.000000
87.500000
125.000000
162.500000
200.000000
162.500000
125.000000
87.500000
50.000000
87.500000
125.000000
162.500000
