1500.000000
1500.000000
1500.000000
1500.000000
1500.000000
1500.000000
1500.000000
1500.000000
1500.000000
1500.000000
1500.000000
1500.000000
1500.000000
1500.000000
1500.000000
1500.000000
1500.000000
1500.000000
1500.000000
1500.000000
1370.281435
1370.281654
1370.281435
1370.281654
1370.281435
1370.281654
1370.281435
1370.281654
1370.281435
1370.281654
1370.281435
1370.281654
1370.281435
1370.281654
1370.281435
1370.281654
1370.281435
1370.281654
1370.281435
1370.281654
1264.388579
1264.389276
1264.388579
1264.389276
1264.388579
1264.389276
1264.388579
1264.389276
1264.388579
1264.389276
1264.388579
1264.389276
1264.388579
1264.389276
1264.388579
1264.389276
1264.388579
1264.389276
1264.388579
1264.389276
1174.927033
1174.928814
1174.927033
1174.928814
1174.927033
1174.928814
1174.927033
1174.928814
1174.927033
1174.928814
1174.927033
1174.928814
1174.927033
1174.928814
1174.927033
1174.928814
1174.927033
1174.928814
1174.927033
1174.928814
1097.482058
1097.486080
1097.482058
1097.486080
1097.482058
1097.486080
1097.482058
1097.486080
1097.482058
1097.486080
1097.482058
1097.486080
1097.482058
1097.486080
1097.482058
1097.486080
1097.482058
1097.486080
1097.482058
1097.486080
1029.207056
1029.215339
1029.207056
1029.215339
1029.207056
1029.215339
1029.207056
1029.215339
1029.207056
1029.215339
1029.207056
1029.215339
1029.207056
1029.215339
1029.207056
1029.215339
1029.207056
1029.215339
1029.207056
1029.215339
968.159290
968.175147
968.159290
968.175147
968.159290
968.175147
968.159290
968.175147
968.159290
968.175147
968.159290
968.175147
968.159290
968.175147
968.159290
968.175147
968.159290
968.175147
968.159290
968.175147
912.953577
912.982174
912.953577
912.982174
912.953577
912.982174
912.953577
912.982174
912.953577
912.982174
912.953577
912.982174
912.953577
912.982174
912.953577
912.982174
912.953577
912.982174
912.953577
912.982174
862.567239
862.616313
862.567239
862.616313
862.567239
862.616313
862.567239
862.616313
862.567239
862.616313
862.567239
862.616313
862.567239
862.616313
862.567239
862.616313
862.567239
862.616313
862.567239
862.616313
816.223383
816.304130
816.223383
816.304130
816.223383
816.304130
816.223383
816.304130
816.223383
816.304130
816.223383
816.304130
816.223383
816.304130
816.223383
816.304130
816.223383
816.304130
816.223383
816.304130
773.317537
773.445707
773.317537
773.445707
773.317537
773.445707
773.317537
773.445707
773.317537
773.445707
773.317537
773.445707
773.317537
773.445707
773.317537
773.445707
773.317537
773.445707
773.317537
773.445707
733.369648
733.566854
733.369648
733.566854
733.369648
733.566854
733.369648
733.566854
733.369648
733.566854
733.369648
733.566854
733.369648
733.566854
733.369648
733.566854
733.369648
733.566854
733.369648
733.566854
695.991559
696.286839
695.991559
696.286839
695.991559
696.286839
695.991559
696.286839
695.991559
696.286839
695.991559
696.286839
695.991559
696.286839
695.991559
696.286839
695.991559
696.286839
695.991559
696.286839
660.864335
661.295979
660.864335
661.295979
660.864335
661.295979
660.864335
661.295979
660.864335
661.295979
660.864335
661.295979
660.864335
661.295979
660.864335
661.295979
660.864335
661.295979
660.864335
661.295979
627.722030
628.339708
627.722030
628.339708
627.722030
628.339708
627.722030
628.339708
627.722030
628.339708
627.722030
628.339708
627.722030
628.339708
627.722030
628.339708
627.722030
628.339708
627.722030
628.339708
596.339803
597.207016
596.339803
597.207016
596.339803
597.207016
596.339804
597.207016
596.339804
597.207016
596.339804
597.207016
596.339804
597.207016
596.339803
597.207016
596.339803
597.207016
596.339803
597.207016
566.525041
567.721913
566.525041
567.721913
566.525041
567.721913
566.525041
567.721913
566.525041
567.721913
566.525041
567.721913
566.525041
567.721913
566.525041
567.721913
566.525041
567.721913
566.525041
567.721913
538.110582
539.737043
538.110582
539.737043
538.110582
539.737043
538.110582
539.737043
538.110582
539.737043
538.110582
539.737043
538.110582
539.737043
538.110582
539.737043
538.110582
539.737043
538.110582
539.737043
510.949479
513.128838
510.949479
513.128838
510.949479
513.128838
510.949479
513.128838
510.949479
513.128838
510.949479
513.128838
510.949479
513.128838
510.949479
513.128838
510.949479
513.128838
510.949479
513.128838
484.910856
487.793816
484.910856
487.793816
484.910856
487.793816
484.910856
487.793816
484.910856
487.793816
484.910856
487.793816
484.910856
487.793816
484.910856
487.793816
484.910856
487.793816
484.910856
487.793816
459.876596
463.645723
459.876596
463.645723
459.876596
463.645723
459.876596
463.645723
459.876596
463.645723
459.876596
463.645723
459.876596
463.645723
459.876596
463.645723
459.876596
463.645723
459.876596
463.645723
435.738641
440.613330
435.738641
440.613330
435.738641
440.613330
435.738641
440.613330
435.738641
440.613330
435.738641
440.613330
435.738641
440.613330
435.738641
440.613330
435.738641
440.613330
435.738641
440.613330
412.396761
418.638718
412.396761
418.638718
412.396761
418.638718
412.396761
418.638718
412.396761
418.638718
412.396761
418.638718
412.396761
418.638718
412.396761
418.638718
412.396761
418.638718
412.396761
418.638718
389.756682
397.675956
389.756682
397.675956
389.756682
397.675956
389.756682
397.675956
389.756682
397.675956
389.756682
397.675956
389.756682
397.675956
389.756682
397.675956
389.756682
397.675956
389.756682
397.675956
367.728482
377.690081
367.728482
377.690081
367.728482
377.690081
367.728482
377.690081
367.728482
377.690081
367.728482
377.690081
367.728482
377.690081
367.728482
377.690081
367.728482
377.690081
367.728482
377.690081
346.225214
358.656331
346.225214
358.656331
346.225214
358.656331
346.225214
358.656331
346.225214
358.656331
346.225214
358.656331
346.225214
358.656331
346.225214
358.656331
346.225214
358.656331
346.225214
358.656331
325.161688
340.559569
325.161688
340.559569
325.161688
340.559569
325.161688
340.559569
325.161688
340.559569
325.161688
340.559569
325.161688
340.559569
325.161688
340.559569
325.161688
340.559569
325.161688
340.559569
304.453382
323.393873
304.453382
323.393873
304.453382
323.393873
304.453382
323.393873
304.453382
323.393873
304.453382
323.393873
304.453382
323.393873
304.453382
323.393873
304.453382
323.393873
304.453382
323.393873
284.015464
307.162263
284.015464
307.162263
284.015464
307.162263
284.015464
307.162263
284.015464
307.162263
284.015464
307.162263
284.015464
307.162263
284.015464
307.162263
284.015464
307.162263
284.015464
307.162263
263.761886
291.876538
263.761886
291.876538
263.761886
291.876538
263.761886
291.876538
263.761886
291.876538
263.761886
291.876538
263.761886
291.876538
263.761886
291.876538
263.761886
291.876538
263.761886
291.876538
243.604548
277.557210
243.604548
277.557210
243.604548
277.557210
243.604548
277.557210
243.604548
277.557210
243.604548
277.557210
243.604548
277.557210
243.604548
277.557210
243.604548
277.557210
243.604548
277.557210
223.452507
264.233520
223.452507
264.233520
223.452507
264.233520
223.452507
264.233520
223.452507
264.233520
223.452507
264.233520
223.452507
264.233520
223.452507
264.233520
223.452507
264.233520
223.452507
264.233520
203.211222
251.943532
203.211222
251.943532
203.211222
251.943532
203.211222
251.943532
203.211222
251.943532
203.211222
251.943532
203.211222
251.943532
203.211222
251.943532
203.211222
251.943532
203.211222
251.943532
182.781831
240.734274
182.781831
240.734274
182.781831
240.734274
182.781831
240.734274
182.781831
240.734274
182.781831
240.734274
182.781831
240.734274
182.781831
240.734274
182.781831
240.734274
182.781831
240.734274
162.060451
230.661956
162.060451
230.661956
162.060451
230.661956
162.060451
230.661956
162.060451
230.661956
162.060451
230.661956
162.060451
230.661956
162.060451
230.661956
162.060451
230.661956
162.060451
230.661956
140.937484
221.792216
140.937484
221.792216
140.937484
221.792216
140.937484
221.792216
140.937484
221.792216
140.937484
221.792216
140.937484
221.792216
140.937484
221.792216
140.937484
221.792216
140.937484
221.792216
119.296943
214.200430
119.296943
214.200430
119.296943
214.200430
119.296943
214.200430
119.296943
214.200430
119.296943
214.200430
119.296943
214.200430
119.296943
214.200430
119.296943
214.200430
119.296943
214.200430
97.015775
207.972047
97.015775
207.972047
97.015775
207.972047
97.015775
207.972047
97.015775
207.972047
97.015775
207.972047
97.015775
207.972047
97.015775
207.972047
97.015775
207.972047
97.015775
207.972047
73.963192
203.202977
73.963192
203.202977
73.963192
203.202977
73.963192
203.202977
73.963192
203.202977
73.963192
203.202977
73.963192
203.202977
73.963192
203.202977
73.963192
203.202977
73.963192
203.202977
50.000000
200.000000
50.000000
200.000000
50.000000
200.000000
50.000000
200.000000
50.000000
200.000000
50.000000
200.000000
50.000000
200.000000
50.000000
200.000000
50.000000
200.000000
50.000000
200.000000
