1500.000000
1500.000000
1500.000000
1500.000000
1500.000000
1500.000000
1500.000000
1500.000000
1500.000000
1500.000000
1500.000000
1500.000000
1500.000000
1500.000000
1500.000000
1500.000000
1500.000000
1500.000000
1500.000000
1500.000000
1500.000000
1500.000000
1500.000000
1500.000000
1500.000000
1500.000000
1500.000000
1500.000000
1376.968034
1376.828503
1376.437700
1375.873247
1375.246886
1374.682433
1374.291630
1374.152099
1374.291630
1374.682433
1375.246886
1375.873247
1376.437700
1376.828503
1376.968034
1376.828503
1376.437700
1375.873247
1375.246886
1374.682433
1374.291630
1374.152099
1374.291630
1374.682433
1375.246886
1375.873247
1376.437700
1376.828503
1277.199393
1276.927091
1276.164568
1275.063483
1273.841758
1272.740673
1271.978151
1271.705849
1271.978151
1272.740674
1273.841758
1275.063483
1276.164568
1276.927091
1277.199393
1276.927091
1276.164568
1275.063483
1273.841758
1272.740673
1271.978151
1271.705849
1271.978151
1272.740673
1273.841758
1275.063483
1276.164568
1276.927091
1193.453327
1193.042294
1191.891657
1190.230779
1188.388237
1186.727360
1185.576723
1185.165689
1185.576723
1186.727360
1188.388237
1190.230779
1191.891657
1193.042294
1193.453327
1193.042294
1191.891657
1190.230779
1188.388237
1186.727360
1185.576723
1185.165689
1185.576723
1186.727360
1188.388237
1190.230779
1191.891657
1193.042294
1121.430751
1120.869451
1119.298927
1117.033256
1114.520385
1112.254714
1110.684189
1110.122889
1110.684189
1112.254714
1114.520385
1117.033256
1119.298927
1120.869451
1121.430751
1120.869451
1119.298927
1117.033256
1114.520385
1112.254714
1110.684189
1110.122889
1110.684189
1112.254714
1114.520385
1117.033256
1119.298927
1120.869451
1058.371913
1057.645957
1055.616115
1052.690127
1049.445983
1046.519994
1044.490153
1043.764197
1044.490153
1046.519994
1049.445983
1052.690127
1055.616116
1057.645957
1058.371913
1057.645957
1055.616115
1052.690127
1049.445983
1046.519994
1044.490153
1043.764197
1044.490153
1046.519994
1049.445983
1052.690127
1055.616115
1057.645957
1002.400375
1001.493659
998.960759
995.313435
991.271308
987.623984
985.091084
984.184368
985.091084
987.623984
991.271308
995.313435
998.960759
1001.493659
1002.400375
1001.493659
998.960759
995.313435
991.271308
987.623984
985.091084
984.184368
985.091084
987.623984
991.271308
995.313435
998.960759
1001.493659
952.182707
951.077899
947.995444
943.562754
938.653013
934.220323
931.137868
930.033060
931.137868
934.220323
938.653013
943.562754
947.995444
951.077899
952.182707
951.077899
947.995444
943.562754
938.653013
934.220323
931.137868
930.033060
931.137868
934.220323
938.653013
943.562754
947.995444
951.077899
906.737641
905.416354
901.735830
896.452067
890.603751
885.319988
881.639463
880.318177
881.639463
885.319988
890.603751
896.452067
901.735830
905.416354
906.737641
905.416354
901.735830
896.452067
890.603751
885.319988
881.639463
880.318177
881.639463
885.319988
890.603751
896.452067
901.735830
905.416354
865.322312
863.765109
859.436308
853.234871
846.376669
840.175233
835.846432
834.289228
835.846432
840.175233
846.376669
853.234871
859.436308
863.765109
865.322312
863.765109
859.436308
853.234871
846.376669
840.175233
835.846432
834.289228
835.846432
840.175233
846.376669
853.234871
859.436308
863.765109
827.361033
825.547312
820.518435
813.332329
805.393254
798.207149
793.178271
791.364550
793.178271
798.207149
805.393254
813.332329
820.518435
825.547312
827.361033
825.547312
820.518435
813.332329
805.393254
798.207149
793.178271
791.364550
793.178271
798.207149
805.393254
813.332329
820.518435
825.547312
792.398857
790.306661
784.524288
776.286470
767.196363
758.958545
753.176172
751.083976
753.176172
758.958545
767.196363
776.286470
784.524288
790.306661
792.398857
790.306661
784.524288
776.286470
767.196363
758.958545
753.176172
751.083976
753.176172
758.958545
767.196363
776.286470
784.524288
790.306661
760.070262
757.676009
751.084987
741.728636
731.418583
722.062232
715.471209
713.076957
715.471209
722.062232
731.418583
741.728636
751.084987
757.676009
760.070262
757.676009
751.084987
741.728636
731.418583
722.062232
715.471209
713.076957
715.471209
722.062232
731.418583
741.728636
751.084987
757.676009
730.077425
727.355560
719.898841
709.357580
697.760286
687.219025
679.762306
677.040441
679.762306
687.219025
697.760286
709.357580
719.898841
727.355560
730.077425
727.355560
719.898841
709.357580
697.760286
687.219025
679.762306
677.040441
679.762306
687.219025
697.760286
709.357580
719.898841
727.355560
702.174767
699.097334
690.715780
678.923888
665.974011
654.182119
645.800565
642.723132
645.800565
654.182119
665.974011
678.923888
690.715780
699.097335
702.174767
699.097335
690.715780
678.923888
665.974011
654.182119
645.800565
642.723132
645.800565
654.182119
665.974011
678.923888
690.715780
699.097334
676.157729
672.693858
663.326021
650.218635
635.853114
622.745728
613.377891
609.914020
613.377891
622.745728
635.853114
650.218635
663.326021
672.693858
676.157729
672.693858
663.326021
650.218635
635.853114
622.745728
613.377891
609.914020
613.377891
622.745728
635.853114
650.218635
663.326021
672.693858
651.854474
647.969759
637.551657
623.064981
607.223349
592.736674
582.318572
578.433857
582.318572
592.736674
607.223349
623.064981
637.551657
647.969759
651.854474
647.969759
637.551657
623.064981
607.223349
592.736674
582.318572
578.433857
582.318572
592.736674
607.223349
623.064981
637.551657
647.969759
629.119649
624.775416
613.240310
597.311835
579.936523
564.008049
552.472942
548.128710
552.472942
564.008049
579.936523
597.311835
613.240310
624.775416
629.119649
624.775416
613.240310
597.311835
579.936523
564.008049
552.472942
548.128710
552.472942
564.008049
579.936523
597.311835
613.240310
624.775416
607.829644
602.982086
590.260263
572.829002
553.865634
536.434372
523.712550
518.864992
523.712550
536.434372
553.865634
572.829002
590.260263
602.982086
607.829644
602.982086
590.260263
572.829002
553.865634
536.434372
523.712550
518.864992
523.712550
536.434372
553.865634
572.829002
590.260263
602.982086
587.878936
582.478091
568.496682
549.503416
528.901097
509.907831
495.926421
490.525577
495.926421
509.907831
528.901097
549.503416
568.496682
582.478091
587.878936
582.478091
568.496682
549.503416
528.901097
509.907831
495.926421
490.525577
495.926421
509.907831
528.901097
549.503416
568.496682
582.478091
569.177256
563.165821
547.848636
527.236188
504.947777
484.335330
469.018145
463.006710
469.018145
484.335330
504.947777
527.236188
547.848636
563.165821
569.177256
563.165821
547.848636
527.236188
504.947777
484.335330
469.018145
463.006710
469.018145
484.335330
504.947777
527.236188
547.848636
563.165821
551.647377
544.959313
528.226739
505.940264
481.922630
459.636155
442.903581
436.215517
442.903581
459.636155
481.922630
505.940264
528.226739
544.959313
551.647377
544.959313
528.226739
505.940264
481.922630
459.636155
442.903581
436.215517
442.903581
459.636155
481.922630
505.940264
528.226739
544.959313
535.223373
527.782297
509.551248
485.538535
459.752802
435.740089
417.509041
410.067965
417.509041
435.740089
459.752802
485.538535
509.551248
527.782297
535.223373
527.782297
509.551248
485.538535
459.752802
435.740089
417.509041
410.067965
417.509041
435.740089
459.752802
485.538535
509.551248
527.782297
519.849262
511.566577
491.750530
465.962333
438.374090
412.585893
392.769845
384.487161
392.769845
412.585893
438.374090
465.962333
491.750530
511.566577
519.849262
511.566577
491.750530
465.962333
438.374090
412.585893
392.769845
384.487161
392.769845
412.585893
438.374090
465.962333
491.750530
511.566577
505.477942
496.250684
474.759803
447.150179
417.729679
390.120056
368.629174
359.401916
368.629174
390.120056
417.729679
447.150179
474.759803
496.250684
505.477942
496.250684
474.759803
447.150179
417.729679
390.120056
368.629174
359.401916
368.629174
390.120056
417.729679
447.150179
474.759803
496.250684
492.070370
481.778727
458.520112
429.046781
397.769097
368.295766
345.037152
334.745509
345.037152
368.295766
397.769097
429.046781
458.520112
481.778727
492.070370
481.778727
458.520112
429.046781
397.769097
368.295766
345.037152
334.745509
345.037152
368.295766
397.769097
429.046781
458.520112
481.778727
479.594933
468.099407
442.977483
411.602189
378.447346
347.072052
321.950127
310.454601
321.950127
347.072052
378.447346
411.602189
442.977483
468.099408
479.594933
468.099408
442.977483
411.602189
378.447346
347.072052
321.950127
310.454601
321.950127
347.072052
378.447346
411.602189
442.977483
468.099407
468.026996
455.165156
428.082215
394.771102
359.724166
326.413053
299.330112
286.468272
299.330112
326.413053
359.724166
394.771102
428.082215
455.165156
468.026996
455.165156
428.082215
394.771102
359.724166
326.413053
299.330112
286.468272
299.330112
326.413053
359.724166
394.771102
428.082215
455.165156
457.348575
442.931358
413.788309
378.512288
341.563424
306.287403
277.144354
262.727137
277.144354
306.287403
341.563424
378.512288
413.788309
442.931358
457.348575
442.931358
413.788309
378.512288
341.563424
306.287403
277.144354
262.727137
277.144354
306.287403
341.563424
378.512288
413.788309
442.931358
447.548144
431.355653
400.052983
362.788101
323.932577
286.667695
255.365025
239.172534
255.365025
286.667695
323.932577
362.788101
400.052983
431.355653
447.548144
431.355653
400.052983
362.788101
323.932577
286.667695
255.365025
239.172534
255.365025
286.667695
323.932577
362.788101
400.052983
431.355653
438.620545
420.397284
386.836280
347.564069
306.802226
267.530016
233.969012
215.745750
233.969012
267.530016
306.802226
347.564069
386.836280
420.397284
438.620545
420.397284
386.836280
347.564069
306.802226
267.530016
233.969012
215.745750
233.969012
267.530016
306.802226
347.564069
386.836280
420.397284
430.566991
410.016486
374.100746
332.808552
290.145722
248.853528
212.937787
192.387283
212.937787
248.853528
290.145722
332.808552
374.100746
410.016486
430.566991
410.016486
374.100746
332.808552
290.145722
248.853528
212.937787
192.387283
212.937787
248.853528
290.145722
332.808552
374.100746
410.016486
423.395159
400.173899
361.811175
318.492446
273.938825
230.620097
192.257372
169.036112
192.257372
230.620097
273.938825
318.492446
361.811175
400.173899
423.395159
400.173899
361.811175
318.492446
273.938825
230.620097
192.257372
169.036112
192.257372
230.620097
273.938825
318.492446
361.811175
400.173899
417.119370
390.829988
349.934403
304.588939
258.159412
212.813948
171.918363
145.628981
171.918363
212.813948
258.159412
304.588939
349.934403
390.829988
417.119370
390.829988
349.934403
304.588939
258.159412
212.813948
171.918363
145.628981
171.918363
212.813948
258.159412
304.588939
349.934403
390.829988
411.760841
381.944474
338.439163
291.073293
242.787217
195.421346
151.916036
122.099669
151.916036
195.421346
242.787217
291.073293
338.439163
381.944474
411.760841
381.944474
338.439163
291.073293
242.787217
195.421346
151.916036
122.099669
151.916036
195.421346
242.787217
291.073293
338.439163
381.944474
407.348011
373.475756
327.295973
277.922665
227.803599
178.430290
132.250508
98.378253
132.250508
178.430290
227.803599
277.922665
327.295973
373.475756
407.348011
373.475756
327.295973
277.922665
227.803599
178.430290
132.250508
98.378253
132.250508
178.430290
227.803599
277.922665
327.295973
373.475756
403.916951
365.380326
316.477077
265.115948
213.191347
161.830218
112.926970
74.390344
112.926970
161.830218
213.191347
265.115948
316.477077
365.380326
403.916951
365.380326
316.477077
265.115948
213.191347
161.830218
112.926970
74.390344
112.926970
161.830218
213.191347
265.115948
316.477077
365.380326
401.511833
357.612159
305.956422
252.633631
198.934505
145.611714
93.955977
50.056303
93.955977
145.611714
198.934505
252.633631
305.956422
357.612159
401.511833
357.612159
305.956422
252.633631
198.934505
145.611714
93.955977
50.056303
93.955977
145.611714
198.934505
252.633631
305.956422
357.612159
400.185483
350.122089
295.709678
240.457681
185.018211
129.766214
75.353803
25.290409
75.353803
129.766214
185.018211
240.457681
295.709678
350.122089
400.185483
350.122089
295.709678
240.457681
185.018211
129.766214
75.353803
25.290409
75.353803
129.766214
185.018211
240.457681
295.709678
350.122089
400.000000
342.857143
285.714286
228.571429
171.428571
114.285714
57.142857
0.000000
57.142857
114.285714
171.428571
228.571429
285.714286
342.857143
400.000000
342.857143
285.714286
228.571429
171.428571
114.285714
57.142857
0.000000
57.142857
114.285714
171.428571
228.571429
285.714286
342.857143
