1500.000000
1500.000000
1500.000000
1500.000000
1500.000000
1500.000000
1500.000000
1500.000000
1500.000000
1500.000000
1500.000000
1500.000000
1500.000000
1500.000000
1500.000000
1500.000000
1500.000000
1500.000000
1500.000000
1500.000000
1368.933416
1368.827714
1368.551436
1368.210243
1367.933965
1367.828264
1367.933965
1368.210243
1368.551436
1368.827714
1368.933416
1368.827714
1368.551436
1368.210243
1367.933965
1367.828264
1367.933965
1368.210243
1368.551436
1368.827714
1262.517119
1262.310993
1261.772601
1261.107943
1260.569551
1260.363425
1260.569551
1261.107943
1261.772601
1262.310993
1262.517119
1262.310993
1261.772601
1261.107943
1260.569551
1260.363425
1260.569551
1261.107943
1261.772601
1262.310993
1173.007531
1172.696632
1171.885477
1170.884637
1170.073482
1169.762583
1170.073482
1170.884637
1171.885477
1172.696632
1173.007531
1172.696632
1171.885477
1170.884637
1170.073482
1169.762583
1170.073482
1170.884637
1171.885477
1172.696632
1095.820947
1095.396663
1094.291427
1092.928770
1091.823534
1091.399250
1091.823534
1092.928770
1094.291427
1095.396663
1095.820947
1095.396663
1094.291427
1092.928770
1091.823534
1091.399250
1091.823534
1092.928770
1094.291427
1095.396663
1028.020561
1027.472043
1026.046220
1024.290050
1022.864227
1022.315710
1022.864227
1024.290050
1026.046220
1027.472043
1028.020561
1027.472043
1026.046220
1024.290050
1022.864227
1022.315710
1022.864227
1024.290050
1026.046220
1027.472043
967.612101
966.927102
965.151424
962.967055
961.191376
960.506378
961.191376
962.967055
965.151424
966.927102
967.612101
966.927102
965.151424
962.967055
961.191376
960.506378
961.191376
962.967055
965.151424
966.927102
913.179620
912.344844
910.188453
907.539762
905.383371
904.548595
905.383371
907.539762
910.188453
912.344844
913.179620
912.344844
910.188453
907.539762
905.383371
904.548595
905.383371
907.539762
910.188453
912.344844
863.681704
862.682921
860.113990
856.964279
854.395348
853.396565
854.395348
856.964279
860.113990
862.682921
863.681704
862.682921
860.113990
856.964279
854.395348
853.396565
854.395348
856.964279
860.113990
862.682921
818.330191
817.152227
814.138305
810.450824
807.436902
806.258938
807.436902
810.450824
814.138305
817.152227
818.330191
817.152227
814.138305
810.450824
807.436902
806.258938
807.436902
810.450824
814.138305
817.152227
776.514313
775.140973
771.649184
767.387491
763.895702
762.522362
763.895702
767.387491
771.649184
775.140973
776.514313
775.140973
771.649184
767.387491
763.895702
762.522362
763.895702
767.387491
771.649184
775.140973
737.751283
736.165214
732.162390
727.290606
723.287782
721.701714
723.287782
727.290606
732.162390
736.165214
737.751283
736.165214
732.162390
727.290606
723.287782
721.701714
723.287782
727.290606
732.162390
736.165214
701.652979
699.835503
695.288270
689.771288
685.224055
683.406579
685.224055
689.771288
695.288270
699.835503
701.652979
699.835503
695.288270
689.771288
685.224055
683.406579
685.224055
689.771288
695.288270
699.835503
667.902830
665.833735
660.708580
654.512240
649.387085
647.317989
649.387085
654.512240
660.708580
665.833735
667.902830
665.833735
660.708580
654.512240
649.387085
647.317989
649.387085
654.512240
660.708580
665.833735
636.239361
633.896669
628.159996
621.251243
615.514571
613.171879
615.514571
621.251243
628.159996
633.896669
636.239361
633.896669
628.159996
621.251243
615.514571
613.171879
615.514571
621.251243
628.159996
633.896669
606.444231
603.803937
597.422123
589.769150
583.387336
580.747042
583.387336
589.769150
597.422123
603.803937
606.444231
603.803937
597.422123
589.769150
583.387336
580.747042
583.387336
589.769150
597.422123
603.803937
578.333372
575.369148
568.308597
559.880984
552.820432
549.856209
552.820432
559.880984
568.308597
575.369148
578.333372
575.369148
568.308597
559.880984
552.820432
549.856209
552.820432
559.880984
568.308597
575.369148
551.750299
548.433178
540.660385
531.429225
523.656432
520.339311
523.656432
531.429225
540.660385
548.433179
551.750299
548.433179
540.660385
531.429225
523.656432
520.339311
523.656432
531.429225
540.660385
548.433178
526.561006
522.859029
514.340652
504.278675
495.760297
492.058320
495.760297
504.278675
514.340652
522.859029
526.561006
522.859029
514.340652
504.278675
495.760297
492.058320
495.760297
504.278675
514.340652
522.859029
502.649996
498.527830
489.230770
478.312464
469.015404
464.893239
469.015404
478.312464
489.230770
498.527831
502.649996
498.527831
489.230770
478.312464
469.015404
464.893239
469.015404
478.312464
489.230770
498.527830
479.917169
475.335703
465.227198
453.428920
443.320415
438.738948
443.320415
453.428920
465.227198
475.335703
479.917169
475.335703
465.227198
453.428920
443.320415
438.738948
443.320415
453.428920
465.227198
475.335703
458.275364
453.191254
442.238988
429.539072
418.586807
413.502697
418.586807
429.539072
442.238988
453.191254
458.275364
453.191254
442.238988
429.539072
418.586807
413.502697
418.586807
429.539072
442.238988
453.191254
437.648371
432.013572
420.185800
406.564653
394.736881
389.102082
394.736881
406.564653
420.185800
432.013572
437.648371
432.013572
420.185800
406.564653
394.736881
389.102082
394.736881
406.564653
420.185800
432.013572
417.969346
411.730593
398.996277
384.436477
371.702162
365.463409
371.702162
384.436477
398.996277
411.730593
417.969346
411.730593
398.996277
384.436477
371.702162
365.463409
371.702162
384.436477
398.996277
411.730593
399.179501
392.277765
378.606738
363.093112
349.422085
342.520349
349.422085
363.093112
378.606738
392.277765
399.179501
392.277765
378.606738
363.093112
349.422085
342.520349
349.422085
363.093112
378.606738
392.277765
381.227046
373.596945
358.960086
342.479786
327.842927
320.212826
327.842927
342.479786
358.960086
373.596945
381.227046
373.596945
358.960086
342.479786
327.842927
320.212826
327.842927
342.479786
358.960086
373.596945
364.066302
355.635479
340.004913
322.547479
306.916913
298.486091
306.916913
322.547479
340.004913
355.635479
364.066302
355.635479
340.004913
322.547479
306.916913
298.486091
306.916913
322.547479
340.004913
355.635479
347.656974
338.345432
321.694753
303.252165
286.601486
277.289944
286.601486
303.252165
321.694753
338.345432
347.656974
338.345432
321.694753
303.252165
286.601486
277.289944
286.601486
303.252165
321.694753
338.345432
331.963542
321.682936
303.987453
284.554165
266.858683
256.578076
266.858683
284.554165
303.987453
321.682936
331.963542
321.682936
303.987453
284.554165
266.858683
256.578076
266.858683
284.554165
303.987453
321.682936
316.954747
305.607637
286.844644
266.417612
247.654619
236.307509
247.654619
266.417612
286.844644
305.607637
316.954747
305.607637
286.844644
266.417612
247.654619
236.307509
247.654619
266.417612
286.844644
305.607637
302.603161
290.082222
270.231293
248.809981
228.959052
216.438113
228.959052
248.809981
270.231293
290.082222
302.603161
290.082222
270.231293
248.809981
228.959052
216.438113
228.959052
248.809981
270.231293
290.082222
288.884830
275.072008
254.115324
231.701696
210.745012
196.932191
210.745012
231.701696
254.115324
275.072008
288.884830
275.072008
254.115324
231.701696
210.745012
196.932191
210.745012
231.701696
254.115324
275.072008
275.778957
260.544590
238.467292
215.065783
192.988485
177.754119
192.988485
215.065783
238.467292
260.544590
275.778957
260.544590
238.467292
215.065783
192.988485
177.754119
192.988485
215.065783
238.467292
260.544590
263.267649
246.469530
223.260103
198.877576
175.668149
158.870030
175.668149
198.877576
223.260103
246.469530
263.267649
246.469530
223.260103
198.877576
175.668149
158.870030
175.668149
198.877576
223.260103
246.469530
251.335695
232.818087
208.468778
183.114454
158.765144
140.247536
158.765144
183.114454
208.468778
232.818087
251.335695
232.818087
208.468778
183.114454
158.765144
140.247536
158.765144
183.114454
208.468778
232.818087
239.970375
219.562980
194.070243
167.755613
142.262875
121.855481
142.262875
167.755613
194.070243
219.562980
239.970375
219.562980
194.070243
167.755613
142.262875
121.855481
142.262875
167.755613
194.070243
219.562980
229.161302
206.678172
180.043155
152.781869
126.146852
103.663722
126.146852
152.781869
180.043155
206.678172
229.161302
206.678172
180.043155
152.781869
126.146852
103.663722
126.146852
152.781869
180.043155
206.678172
218.900288
194.138680
166.367746
138.175475
110.404540
85.642933
110.404540
138.175475
166.367746
194.138680
218.900288
194.138680
166.367746
138.175475
110.404540
85.642933
110.404540
138.175475
166.367746
194.138680
209.181226
181.920411
153.025693
123.919962
95.025244
67.764429
95.025244
123.919962
153.025693
181.920411
209.181226
181.920411
153.025693
123.919962
95.025244
67.764429
95.025244
123.919962
153.025693
181.920411
200.000000
170.000000
140.000000
110.000000
80.000000
50.000000
80.000000
110.000000
140.000000
170.000000
200.000000
170.000000
140.000000
110.000000
80.000000
50.000000
80.000000
110.000000
140.000000
170.000000
