1500.000000
1500.000000
1500.000000
1500.000000
1500.000000
1500.000000
1500.000000
1500.000000
1500.000000
1500.000000
1500.000000
1500.000000
1500.000000
1500.000000
1500.000000
1500.000000
1500.000000
1500.000000
1500.000000
1500.000000
1500.000000
1500.000000
1500.000000
1500.000000
1376.992348
1376.800274
1376.275893
1375.560067
1374.844240
1374.319859
1374.127785
1374.319859
1374.844240
1375.560067
1376.275893
1376.800274
1376.992348
1376.800274
1376.275893
1375.560067
1374.844240
1374.319859
1374.127785
1374.319859
1374.844240
1375.560067
1376.275893
1376.800274
1277.245675
1276.870950
1275.848257
1274.452621
1273.056984
1272.034292
1271.659566
1272.034292
1273.056984
1274.452621
1275.848257
1276.870950
1277.245675
1276.870950
1275.848257
1274.452621
1273.056984
1272.034292
1271.659566
1272.034292
1273.056984
1274.452621
1275.848257
1276.870950
1193.521086
1192.955635
1191.413273
1189.309508
1187.205744
1185.663381
1185.097930
1185.663381
1187.205744
1189.309508
1191.413273
1192.955635
1193.521086
1192.955635
1191.413273
1189.309508
1187.205744
1185.663381
1185.097930
1185.663381
1187.205744
1189.309508
1191.413273
1192.955635
1121.520308
1120.748360
1118.644462
1115.776820
1112.909179
1110.805280
1110.033333
1110.805280
1112.909179
1115.776820
1118.644462
1120.748360
1121.520308
1120.748360
1118.644462
1115.776820
1112.909179
1110.805280
1110.033333
1110.805280
1112.909179
1115.776820
1118.644462
1120.748360
1058.483995
1057.485801
1054.768370
1051.068055
1047.367740
1044.650309
1043.652115
1044.650309
1047.367740
1051.068055
1054.768370
1057.485801
1058.483995
1057.485801
1054.768370
1051.068055
1047.367740
1044.650309
1043.652115
1044.650309
1047.367740
1051.068055
1054.768370
1057.485801
1002.535948
1001.289328
997.900769
993.292372
988.683975
985.295416
984.048795
985.295416
988.683975
993.292372
997.900769
1001.289328
1002.535948
1001.289328
997.900769
993.292372
988.683975
985.295416
984.048795
985.295416
988.683975
993.292372
997.900769
1001.289328
952.342907
950.823900
946.703164
941.107883
935.512603
931.391867
929.872859
931.391867
935.512603
941.107883
946.703164
950.823900
952.342907
950.823900
946.703164
941.107883
935.512603
931.391867
929.872859
931.391867
935.512603
941.107883
946.703164
950.823900
906.923758
905.106840
900.190491
893.527909
886.865327
881.948978
880.132059
881.948978
886.865327
893.527909
900.190491
905.106840
906.923758
905.106840
900.190491
893.527909
886.865327
881.948978
880.132059
881.948978
886.865327
893.527909
900.190491
905.106840
865.535795
863.393860
857.616612
849.805770
841.994928
836.217680
834.075745
836.217680
841.994928
849.805770
857.616612
863.393860
865.535795
863.393860
857.616612
849.805770
841.994928
836.217680
834.075745
836.217680
841.994928
849.805770
857.616612
863.393860
827.603507
825.107705
818.402671
809.362792
800.322912
793.617878
791.122077
793.617878
800.322912
809.362792
818.402671
825.107705
827.603507
825.107705
818.402671
809.362792
800.322912
793.617878
791.122077
793.617878
800.322912
809.362792
818.402671
825.107705
792.672150
789.791609
782.090403
771.741416
761.392430
753.691224
750.810683
753.691224
761.392430
771.741416
782.090403
789.791609
792.672150
789.791609
782.090403
771.741416
761.392430
753.691224
750.810683
753.691224
761.392430
771.741416
782.090403
789.791609
760.376441
757.077891
748.310638
736.573609
724.836580
716.069328
712.770778
716.069328
724.836580
736.573609
748.310638
757.077891
760.376441
757.077891
748.310638
736.573609
724.836580
716.069328
712.770778
716.069328
724.836580
736.573609
748.310638
757.077891
730.418819
726.666141
716.761442
703.558933
690.356424
680.451725
676.699047
680.451725
690.356424
703.558933
716.761442
726.666141
730.418819
726.666141
716.761442
703.558933
690.356424
680.451725
676.699047
680.451725
690.356424
703.558933
716.761442
726.666141
702.553999
698.307670
687.192541
672.448950
657.705359
646.590229
642.343900
646.590229
657.705359
672.448950
687.192541
698.307670
702.553999
698.307670
687.192541
672.448950
657.705359
646.590229
642.343900
646.590229
657.705359
672.448950
687.192541
698.307670
676.577735
671.794193
659.393996
643.035874
626.677753
614.277556
609.494013
614.277556
626.677753
643.035874
659.393996
671.794193
676.577735
671.794193
659.393996
643.035874
626.677753
614.277556
609.494013
614.277556
626.677753
643.035874
659.393996
671.794193
652.318519
646.949416
633.187804
615.144165
597.100527
583.338915
577.969812
583.338915
597.100527
615.144165
633.187804
646.949416
652.318519
646.949416
633.187804
615.144165
597.100527
583.338915
577.969812
583.338915
597.100527
615.144165
633.187804
646.949416
629.631325
623.622680
608.421551
588.624179
568.826808
553.625679
547.617034
553.625679
568.826808
588.624179
608.421551
623.622680
629.631325
623.622680
608.421551
588.624179
568.826808
553.625679
547.617034
553.625679
568.826808
588.624179
608.421551
623.622680
608.392851
601.684084
584.963565
563.347318
541.731071
525.010552
518.301785
525.010552
541.731071
563.347318
584.963565
601.684084
608.392851
601.684084
584.963565
563.347318
541.731071
525.010552
518.301785
525.010552
541.731071
563.347318
584.963565
601.684084
588.497843
581.020676
562.699147
539.202256
515.705365
497.383836
489.906669
497.383836
515.705365
539.202256
562.699147
581.020676
588.497843
581.020676
562.699147
539.202256
515.705365
497.383836
489.906669
497.383836
515.705365
539.202256
562.699147
581.020676
569.856231
561.533456
541.527610
516.091983
490.656356
470.650510
462.327735
470.650510
490.656356
516.091983
541.527610
561.533456
569.856231
561.533456
541.527610
516.091983
490.656356
470.650510
462.327735
470.650510
490.656356
516.091983
541.527610
561.533456
552.390877
543.134963
521.359932
493.931447
466.502962
444.727931
435.472017
444.727931
466.502962
493.931447
521.359932
543.134963
552.390877
543.134963
521.359932
493.931447
466.502962
444.727931
435.472017
444.727931
466.502962
493.931447
521.359932
543.134963
536.035795
525.747337
502.116872
472.645669
443.174465
419.544000
409.255543
419.544000
443.174465
472.645669
502.116872
525.747337
536.035795
525.747337
502.116872
472.645669
443.174465
419.544000
409.255543
419.544000
443.174465
472.645669
502.116872
525.747337
520.734735
509.300721
483.727452
452.168211
420.608970
395.035702
383.601688
395.035702
420.608970
452.168211
483.727452
509.300721
520.734735
509.300721
483.727452
452.168211
420.608970
395.035702
383.601688
395.035702
420.608970
452.168211
483.727452
509.300721
506.440057
493.731933
466.127715
432.439929
398.752143
371.147925
358.439801
371.147925
398.752143
432.439929
466.127715
493.731933
506.440057
493.731933
466.127715
432.439929
398.752143
371.147925
358.439801
371.147925
398.752143
432.439929
466.127715
493.731933
493.111831
478.983365
449.259713
413.407939
377.556166
347.832514
333.704048
347.832514
377.556166
413.407939
449.259713
478.983365
493.111831
478.983365
449.259713
413.407939
377.556166
347.832514
333.704048
347.832514
377.556166
413.407939
449.259713
478.983365
480.717118
465.002031
433.070668
395.024767
356.978867
325.047504
309.332417
325.047504
356.978867
395.024767
433.070668
465.002031
480.717118
465.002031
433.070668
395.024767
356.978867
325.047504
309.332417
325.047504
356.978867
395.024767
433.070668
465.002031
469.229412
451.738762
417.512287
377.247634
336.982981
302.756506
285.265856
302.756506
336.982981
377.247634
417.512287
451.738762
469.229412
451.738762
417.512287
377.247634
336.982981
302.756506
285.265856
302.756506
336.982981
377.247634
417.512287
451.738762
458.628194
439.147501
402.540183
360.037856
317.535529
280.928211
261.447518
280.928211
317.535529
360.037856
402.540183
439.147501
458.628194
439.147501
402.540183
360.037856
317.535529
280.928211
261.447518
280.928211
317.535529
360.037856
402.540183
439.147501
448.898595
427.184680
388.113405
343.360339
298.607273
259.535999
237.822083
259.535999
298.607273
343.360339
388.113405
427.184680
448.898595
427.184680
388.113405
343.360339
298.607273
259.535999
237.822083
259.535999
298.607273
343.360339
388.113405
427.184680
440.031145
415.808667
374.194040
327.183148
280.172256
238.557629
214.335151
238.557629
280.172256
327.183148
374.194040
415.808667
440.031145
415.808667
374.194040
327.183148
280.172256
238.557629
214.335151
238.557629
280.172256
327.183148
374.194040
415.808667
432.021594
404.979264
360.746884
311.477137
262.207389
217.975009
190.932679
217.975009
262.207389
311.477137
360.746884
404.979264
432.021594
404.979264
360.746884
311.477137
262.207389
217.975009
190.932679
217.975009
262.207389
311.477137
360.746884
404.979264
424.870803
394.657250
347.739179
296.215636
244.692092
197.774021
167.560468
197.774021
244.692092
296.215636
347.739179
394.657250
424.870803
394.657250
347.739179
296.215636
244.692092
197.774021
167.560468
197.774021
244.692092
296.215636
347.739179
394.657250
418.584680
384.803951
335.140386
281.374176
227.607965
177.944400
144.163671
177.944400
227.607965
281.374176
335.140386
384.803951
418.584680
384.803951
335.140386
281.374176
227.607965
177.944400
144.163671
177.944400
227.607965
281.374176
335.140386
384.803951
413.174177
375.380843
322.922007
266.930255
210.938503
158.479666
120.686332
158.479666
210.938503
266.930255
322.922007
375.380843
413.174177
375.380843
322.922007
266.930255
210.938503
158.479666
120.686332
158.479666
210.938503
266.930255
322.922007
375.380843
408.655325
366.349171
311.057447
252.863132
194.668817
139.377093
97.070938
139.377093
194.668817
252.863132
311.057447
366.349171
408.655325
366.349171
311.057447
252.863132
194.668817
139.377093
97.070938
139.377093
194.668817
252.863132
311.057447
366.349171
405.049308
357.669579
299.521901
239.153648
178.785394
120.637716
73.257987
120.637716
178.785394
239.153648
299.521901
357.669579
405.049308
357.669579
299.521901
239.153648
178.785394
120.637716
73.257987
120.637716
178.785394
239.153648
299.521901
357.669579
402.382575
349.301760
288.292277
225.784068
163.275859
102.266376
49.185561
102.266376
163.275859
225.784068
288.292277
349.301760
402.382575
349.301760
288.292277
225.784068
163.275859
102.266376
49.185561
102.266376
163.275859
225.784068
288.292277
349.301760
400.686988
341.204100
277.347136
212.737946
148.128755
84.271792
24.788904
84.271792
148.128755
212.737946
277.347136
341.204100
400.686988
341.204100
277.347136
212.737946
148.128755
84.271792
24.788904
84.271792
148.128755
212.737946
277.347136
341.204100
400.000000
333.333333
266.666667
200.000000
133.333333
66.666667
0.000000
66.666667
133.333333
200.000000
266.666667
333.333333
400.000000
333.333333
266.666667
200.000000
133.333333
66.666667
0.000000
66.666667
133.333333
200.000000
266.666667
333.333333
