1500.000000
1500.000000
1500.000000
1500.000000
1500.000000
1500.000000
1500.000000
1500.000000
1500.000000
1500.000000
1500.000000
1500.000000
1500.000000
1500.000000
1500.000000
1500.000000
1500.000000
1500.000000
1500.000000
1500.000000
1500.000000
1500.000000
1500.000000
1500.000000
1500.000000
1500.000000
1500.000000
1500.000000
1500.000000
1500.000000
1500.000000
1500.000000
1500.000000
1500.000000
1500.000000
1500.000000
1376.941894
1376.858518
1376.618487
1376.250838
1375.799954
1375.320179
1374.869295
1374.501646
1374.261616
1374.178239
1374.261616
1374.501646
1374.869295
1375.320179
1375.799954
1376.250838
1376.618487
1376.858518
1376.941894
1376.858518
1376.618487
1376.250838
1375.799954
1375.320179
1374.869295
1374.501646
1374.261616
1374.178239
1374.261616
1374.501646
1374.869295
1375.320179
1375.799954
1376.250838
1376.618487
1376.858518
1277.149634
1276.986859
1276.518295
1275.800704
1274.920762
1273.984479
1273.104537
1272.386946
1271.918382
1271.755608
1271.918382
1272.386946
1273.104537
1273.984479
1274.920762
1275.800704
1276.518295
1276.986859
1277.149634
1276.986859
1276.518295
1275.800704
1274.920762
1273.984479
1273.104537
1272.386946
1271.918382
1271.755608
1271.918382
1272.386946
1273.104537
1273.984479
1274.920762
1275.800704
1276.518295
1276.986859
1193.380484
1193.134678
1192.427206
1191.343991
1190.015975
1188.603041
1187.275025
1186.191810
1185.484339
1185.238533
1185.484339
1186.191810
1187.275025
1188.603041
1190.015975
1191.343991
1192.427206
1193.134678
1193.380484
1193.134678
1192.427206
1191.343991
1190.015975
1188.603041
1187.275025
1186.191810
1185.484339
1185.238533
1185.484339
1186.191810
1187.275025
1188.603041
1190.015975
1191.343991
1192.427206
1193.134678
1121.334499
1120.998704
1120.032452
1118.553539
1116.740951
1114.812690
1113.000102
1111.521188
1110.554937
1110.219142
1110.554937
1111.521188
1113.000102
1114.812690
1116.740951
1118.553539
1120.032452
1120.998704
1121.334499
1120.998704
1120.032452
1118.553539
1116.740951
1114.812690
1113.000102
1111.521188
1110.554937
1110.219142
1110.554937
1111.521188
1113.000102
1114.812690
1116.740951
1118.553539
1120.032452
1120.998704
1058.251510
1057.817078
1056.567417
1054.655677
1052.313611
1049.822499
1047.480433
1045.568693
1044.319032
1043.884600
1044.319032
1045.568693
1047.480433
1049.822499
1052.313611
1054.655677
1056.567417
1057.817078
1058.251510
1057.817078
1056.567417
1054.655677
1052.313611
1049.822499
1047.480433
1045.568693
1044.319032
1043.884600
1044.319032
1045.568693
1047.480433
1049.822499
1052.313611
1054.655677
1056.567417
1057.817078
1002.254845
1001.712134
1000.151712
997.766184
994.845370
991.739374
988.818559
986.433031
984.872609
984.329898
984.872609
986.433031
988.818559
991.739374
994.845370
997.766184
1000.151712
1001.712134
1002.254845
1001.712134
1000.151712
997.766184
994.845370
991.739374
988.818559
986.433031
984.872609
984.329898
984.872609
986.433031
988.818559
991.739374
994.845370
997.766184
1000.151712
1001.712134
952.010919
951.349588
949.449265
946.546696
942.995503
939.220263
935.669070
932.766501
930.866179
930.204848
930.866179
932.766501
935.669070
939.220263
942.995503
946.546696
949.449265
951.349588
952.010919
951.349588
949.449265
946.546696
942.995503
939.220263
935.669070
932.766501
930.866179
930.204848
930.866179
932.766501
935.669070
939.220263
942.995503
946.546696
949.449265
951.349588
906.538328
905.747460
903.476720
900.012351
895.777888
891.277930
887.043466
883.579098
881.308358
880.517489
881.308358
883.579098
887.043466
891.277930
895.777888
900.012351
903.476720
905.747460
906.538328
905.747460
903.476720
900.012351
895.777888
891.277930
887.043466
883.579098
881.308358
880.517489
881.308358
883.579098
887.043466
891.277930
895.777888
900.012351
903.476720
905.747460
865.094069
864.162182
861.489282
857.417261
852.446026
847.165514
842.194279
838.122258
835.449358
834.517471
835.449358
838.122258
842.194279
847.165514
852.446026
857.417261
861.489282
864.162182
865.094069
864.162182
861.489282
857.417261
852.446026
847.165514
842.194279
838.122258
835.449358
834.517471
835.449358
838.122258
842.194279
847.165514
852.446026
857.417261
861.489282
864.162182
827.102290
826.017291
822.909261
818.182849
812.421163
806.304420
800.542735
795.816322
792.708292
791.623293
792.708292
795.816322
800.542735
806.304420
812.421163
818.182849
822.909261
826.017291
827.102290
826.017291
822.909261
818.182849
812.421163
806.304420
800.542735
795.816322
792.708292
791.623293
792.708292
795.816322
800.542735
806.304420
812.421163
818.182849
822.909261
826.017291
792.107846
790.856934
787.279472
781.851148
775.245468
768.237365
761.631685
756.203361
752.625899
751.374987
752.625899
756.203361
761.631685
768.237365
775.245468
781.851148
787.279472
790.856934
792.107846
790.856934
787.279472
781.851148
775.245468
768.237365
761.631685
756.203361
752.625899
751.374987
752.625899
756.203361
761.631685
768.237365
775.245468
781.851148
787.279472
790.856934
759.744972
758.314494
754.231796
748.053297
740.550464
732.596754
725.093921
718.915422
714.832725
713.402247
714.832725
718.915422
725.093921
732.596754
740.550464
748.053297
754.231796
758.314494
759.744972
758.314494
754.231796
748.053297
740.550464
732.596754
725.093921
718.915422
714.832725
713.402247
714.832725
718.915422
725.093921
732.596754
740.550464
748.053297
754.231796
758.314494
729.715550
728.090815
723.465344
716.487668
708.035127
699.082739
690.630198
683.652522
679.027051
677.402316
679.027051
683.652522
690.630198
699.082739
708.035127
716.487668
723.465344
728.090815
729.715550
728.090815
723.465344
716.487668
708.035127
699.082739
690.630198
683.652522
679.027051
677.402316
679.027051
683.652522
690.630198
699.082739
708.035127
716.487668
723.465344
728.090815
701.773648
699.938684
694.730894
686.904283
677.450290
667.447609
657.993616
650.167006
644.959215
643.124251
644.959215
650.167006
657.993616
667.447609
677.450290
686.904283
694.730894
699.938684
701.773648
699.938684
694.730894
686.904283
677.450290
667.447609
657.993616
650.167006
644.959215
643.124251
644.959215
650.167006
657.993616
667.447609
677.450290
686.904283
694.730894
699.938684
675.714293
673.651550
667.819558
659.093485
648.587307
637.484442
626.978264
618.252191
612.420199
610.357456
612.420199
618.252191
626.978264
637.484442
648.587307
659.093485
667.819558
673.651550
675.714293
673.651550
667.819558
659.093485
648.587307
637.484442
626.978264
618.252191
612.420199
610.357456
612.420199
618.252191
626.978264
637.484442
648.587307
659.093485
667.819558
673.651550
651.365168
649.055139
642.554368
632.877518
621.269643
609.018688
597.410812
587.733963
581.233191
578.923162
581.233191
587.733963
597.410812
609.018688
621.269643
632.877518
642.554368
649.055139
651.365168
649.055139
642.554368
632.877518
621.269643
609.018688
597.410812
587.733963
581.233191
578.923162
581.233191
587.733963
597.410812
609.018688
621.269643
632.877518
642.554368
649.055139
628.580380
626.001139
618.783914
608.104188
595.346532
581.901827
569.144171
558.464445
551.247220
548.667979
551.247220
558.464445
569.144171
581.901827
595.346532
608.104188
618.783914
626.001139
628.580380
626.001139
618.783914
608.104188
595.346532
581.901827
569.144171
558.464445
551.247220
548.667979
551.247220
558.464445
569.144171
581.901827
595.346532
608.104188
618.783914
626.001139
607.235720
604.362342
596.377456
584.641992
570.688125
556.006511
542.052644
530.317180
522.332294
519.458915
522.332294
530.317180
542.052644
556.006511
570.688125
584.641992
596.377456
604.362342
607.235720
604.362342
596.377456
584.641992
570.688125
556.006511
542.052644
530.317180
522.332294
519.458915
522.332294
530.317180
542.052644
556.006511
570.688125
584.641992
596.377456
604.362342
587.225026
584.028871
575.221125
562.376352
547.181724
531.222788
516.028161
503.183388
494.375642
491.179486
494.375642
503.183388
516.028161
531.222788
547.181724
562.376352
575.221125
584.028871
587.225026
584.028871
575.221125
562.376352
547.181724
531.222788
516.028161
503.183388
494.375642
491.179486
494.375642
503.183388
516.028161
531.222788
547.181724
562.376352
575.221125
584.028871
568.457367
564.905193
555.214912
541.206641
524.728825
507.455140
490.977325
476.969054
467.278773
463.726599
467.278773
476.969054
490.977325
507.455140
524.728825
541.206641
555.214912
564.905193
568.457367
564.905193
555.214912
541.206641
524.728825
507.455140
490.977325
476.969054
467.278773
463.726599
467.278773
476.969054
490.977325
507.455140
524.728825
541.206641
555.214912
564.905193
550.854863
546.907731
536.270272
521.043835
503.242773
484.620120
466.819058
451.592622
440.955163
437.008031
440.955163
451.592622
466.819058
484.620120
503.242773
521.043835
536.270272
546.907731
550.854863
546.907731
536.270272
521.043835
503.242773
484.620120
466.819058
451.592622
440.955163
437.008031
440.955163
451.592622
466.819058
484.620120
503.242773
521.043835
536.270272
546.907731
534.351000
529.962917
518.308181
501.808627
482.646881
462.644457
443.482711
426.983157
415.328421
410.940337
415.328421
426.983157
443.482711
462.644457
482.646881
501.808627
518.308181
529.962917
534.351000
529.962917
518.308181
501.808627
482.646881
462.644457
443.482711
426.983157
415.328421
410.940337
415.328421
426.983157
443.482711
462.644457
482.646881
501.808627
518.308181
529.962917
518.889336
514.005584
501.257551
483.429899
462.872909
441.463513
420.906524
403.078872
390.330838
385.447087
390.330838
403.078872
420.906524
441.463513
462.872909
483.429899
501.257551
514.005584
518.889336
514.005584
501.257551
483.429899
462.872909
441.463513
420.906524
403.078872
390.330838
385.447087
390.330838
403.078872
420.906524
441.463513
462.872909
483.429899
501.257551
514.005584
504.422526
498.977613
485.053923
465.843490
443.859830
421.020028
399.036368
379.825935
365.902245
360.457332
365.902245
379.825935
399.036368
421.020028
443.859830
465.843490
485.053923
498.977613
504.422526
498.977613
485.053923
465.843490
443.859830
421.020028
399.036368
379.825935
365.902245
360.457332
365.902245
379.825935
399.036368
421.020028
443.859830
465.843490
485.053923
498.977613
490.911628
484.826765
469.638379
448.991185
425.552811
401.263068
377.824694
357.177499
341.989114
335.904251
341.989114
357.177499
377.824694
401.263068
425.552811
448.991185
469.638379
484.826765
490.911628
484.826765
469.638379
448.991185
425.552811
401.263068
377.824694
357.177499
341.989114
335.904251
341.989114
357.177499
377.824694
401.263068
425.552811
448.991185
469.638379
484.826765
478.325634
471.505653
454.956632
432.819879
407.902377
382.147158
357.229655
335.092902
318.543882
311.723901
318.543882
335.092902
357.229655
382.147158
407.902377
432.819879
454.956632
471.505653
478.325634
471.505653
454.956632
432.819879
407.902377
382.147158
357.229655
335.092902
318.543882
311.723901
318.543882
335.092902
357.229655
382.147158
407.902377
432.819879
454.956632
471.505653
466.641214
458.970815
440.958260
417.280907
390.863714
363.631554
337.214361
313.537008
295.524453
287.854054
295.524453
313.537008
337.214361
363.631554
390.863714
417.280907
440.958260
458.970815
466.641214
458.970815
440.958260
417.280907
390.863714
363.631554
337.214361
313.537008
295.524453
287.854054
295.524453
313.537008
337.214361
363.631554
390.863714
417.280907
440.958260
458.970815
455.842657
447.181840
427.596060
402.329472
374.396088
345.679624
317.746240
292.479652
272.893872
264.233055
272.893872
292.479652
317.746240
345.679624
374.396088
402.329472
427.596060
447.181840
455.842657
447.181840
427.596060
402.329472
374.396088
345.679624
317.746240
292.479652
272.893872
264.233055
272.893872
292.479652
317.746240
345.679624
374.396088
402.329472
427.596060
447.181840
445.921994
436.100527
414.825508
387.924193
358.462359
328.258319
298.796485
271.895170
250.620151
240.798685
250.620151
271.895170
298.796485
328.258319
358.462359
387.924193
414.825508
436.100527
445.921994
436.100527
414.825508
387.924193
358.462359
328.258319
298.796485
271.895170
250.620151
240.798685
250.620151
271.895170
298.796485
328.258319
358.462359
387.924193
414.825508
436.100527
436.879306
425.690052
402.604303
374.026724
343.028571
311.337724
280.339572
251.761993
228.676244
217.486990
228.676244
251.761993
280.339572
311.337724
343.028571
374.026724
402.604303
425.690052
436.879306
425.690052
402.604303
374.026724
343.028571
311.337724
280.339572
251.761993
228.676244
217.486990
228.676244
251.761993
280.339572
311.337724
343.028571
374.026724
402.604303
425.690052
428.723222
415.914103
390.891998
360.601446
328.063602
294.890671
262.352828
232.062276
207.040171
194.231052
207.040171
232.062276
262.352828
294.890671
328.063602
360.601446
390.891998
415.914103
428.723222
415.914103
390.891998
360.601446
328.063602
294.890671
262.352828
232.062276
207.040171
194.231052
207.040171
232.062276
262.352828
294.890671
328.063602
360.601446
390.891998
415.914103
421.471606
406.735974
379.649708
347.615222
313.538870
278.892401
244.816049
212.781563
185.695297
170.959665
185.695297
212.781563
244.816049
278.892401
313.538870
347.615222
379.649708
406.735974
421.471606
406.735974
379.649708
347.615222
313.538870
278.892401
244.816049
212.781563
185.695297
170.959665
185.695297
212.781563
244.816049
278.892401
313.538870
347.615222
379.649708
406.735974
415.152457
398.117586
368.839890
335.037193
299.428078
263.320273
227.711158
193.908461
164.630765
147.595894
164.630765
193.908461
227.711158
263.320273
299.428078
335.037193
368.839890
398.117586
415.152457
398.117586
368.839890
335.037193
299.428078
263.320273
227.711158
193.908461
164.630765
147.595894
164.630765
193.908461
227.711158
263.320273
299.428078
335.037193
368.839890
398.117586
409.805026
390.018406
358.426199
322.838623
285.707000
248.153509
211.021886
175.434310
143.842103
124.055483
143.842103
175.434310
211.021886
248.153509
285.707000
322.838623
358.426199
390.018406
409.805026
390.018406
358.426199
322.838623
285.707000
248.153509
211.021886
175.434310
143.842103
124.055483
143.842103
175.434310
211.021886
248.153509
285.707000
322.838623
358.426199
390.018406
405.481178
382.394252
348.373429
310.992771
272.353288
233.372976
194.733492
157.352835
123.332012
100.245086
123.332012
157.352835
194.733492
233.372976
272.353288
310.992771
348.373429
382.394252
405.481178
382.394252
348.373429
310.992771
272.353288
233.372976
194.733492
157.352835
123.332012
100.245086
123.332012
157.352835
194.733492
233.372976
272.353288
310.992771
348.373429
382.394252
402.247018
375.195937
338.647529
299.474796
259.346309
218.960987
178.832499
139.659766
103.111358
76.060277
103.111358
139.659766
178.832499
218.960987
259.346309
299.474796
338.647529
375.195937
402.247018
375.195937
338.647529
299.474796
259.346309
218.960987
178.832499
139.659766
103.111358
76.060277
103.111358
139.659766
178.832499
218.960987
259.346309
299.474796
338.647529
375.195937
400.184815
368.367748
329.215725
288.261677
246.667000
204.901136
163.306459
122.352411
83.200388
51.383321
83.200388
122.352411
163.306459
204.901136
246.667000
288.261677
329.215725
368.367748
400.184815
368.367748
329.215725
288.261677
246.667000
204.901136
163.306459
122.352411
83.200388
51.383321
83.200388
122.352411
163.306459
204.901136
246.667000
288.261677
329.215725
368.367748
399.395246
361.845699
320.046737
277.332154
234.297737
191.178155
148.143738
105.429155
63.630193
26.080646
63.630193
105.429155
148.143738
191.178155
234.297737
277.332154
320.046737
361.845699
399.395246
361.845699
320.046737
277.332154
234.297737
191.178155
148.143738
105.429155
63.630193
26.080646
63.630193
105.429155
148.143738
191.178155
234.297737
277.332154
320.046737
361.845699
400.000000
355.555556
311.111111
266.666667
222.222222
177.777778
133.333333
88.888889
44.444444
0.000000
44.444444
88.888889
133.333333
177.777778
222.222222
266.666667
311.111111
355.555556
400.000000
355.555556
311.111111
266.666667
222.222222
177.777778
133.333333
88.888889
44.444444
0.000000
44.444444
88.888889
133.333333
177.777778
222.222222
266.666667
311.111111
355.555556
