1500.000000
1500.000000
1500.000000
1500.000000
1500.000000
1500.000000
1500.000000
1500.000000
1500.000000
1500.000000
1500.000000
1500.000000
1500.000000
1500.000000
1500.000000
1500.000000
1500.000000
1500.000000
1500.000000
1500.000000
1500.000000
1500.000000
1500.000000
1500.000000
1500.000000
1500.000000
1500.000000
1500.000000
1500.000000
1500.000000
1500.000000
1500.000000
1376.952469
1376.846417
1376.544484
1376.092769
1375.560067
1375.027364
1374.575649
1374.273716
1374.167664
1374.273716
1374.575649
1375.027364
1375.560067
1376.092769
1376.544484
1376.846417
1376.952469
1376.846417
1376.544484
1376.092769
1375.560067
1375.027364
1374.575649
1374.273716
1374.167664
1374.273716
1374.575649
1375.027364
1375.560067
1376.092769
1376.544484
1376.846417
1277.169764
1276.962754
1276.373463
1275.491995
1274.452621
1273.413246
1272.531779
1271.942487
1271.735477
1271.942487
1272.531779
1273.413246
1274.452621
1275.491995
1276.373463
1276.962754
1277.169764
1276.962754
1276.373463
1275.491995
1274.452621
1273.413246
1272.531779
1271.942487
1271.735477
1271.942487
1272.531779
1273.413246
1274.452621
1275.491995
1276.373463
1276.962754
1193.409954
1193.097401
1192.207857
1190.877665
1189.309508
1187.741351
1186.411160
1185.521615
1185.209063
1185.521615
1186.411160
1187.741351
1189.309508
1190.877665
1192.207857
1193.097402
1193.409954
1193.097402
1192.207857
1190.877665
1189.309508
1187.741351
1186.411160
1185.521615
1185.209063
1185.521615
1186.411160
1187.741351
1189.309508
1190.877665
1192.207857
1193.097401
1121.373438
1120.946529
1119.731913
1117.916429
1115.776820
1113.637212
1111.821727
1110.607111
1110.180203
1110.607111
1111.821727
1113.637212
1115.776820
1117.916429
1119.731913
1120.946529
1121.373438
1120.946529
1119.731913
1117.916429
1115.776820
1113.637212
1111.821727
1110.607111
1110.180203
1110.607111
1111.821727
1113.637212
1115.776820
1117.916429
1119.731913
1120.946529
1058.300214
1057.747979
1056.177513
1053.831605
1051.068055
1048.304505
1045.958596
1044.388131
1043.835896
1044.388131
1045.958596
1048.304505
1051.068055
1053.831605
1056.177513
1057.747979
1058.300214
1057.747979
1056.177513
1053.831605
1051.068055
1048.304505
1045.958596
1044.388131
1043.835896
1044.388131
1045.958596
1048.304505
1051.068055
1053.831605
1056.177513
1057.747979
1002.313703
1001.623890
999.663410
996.737369
993.292372
989.847374
986.921333
984.960854
984.271041
984.960854
986.921333
989.847374
993.292372
996.737369
999.663410
1001.623890
1002.313703
1001.623890
999.663410
996.737369
993.292372
989.847374
986.921333
984.960854
984.271041
984.960854
986.921333
989.847374
993.292372
996.737369
999.663410
1001.623890
952.080377
951.239832
948.852965
945.294445
941.107883
936.921322
933.362802
930.975935
930.135390
930.975935
933.362802
936.921322
941.107883
945.294445
948.852965
951.239832
952.080377
951.239832
948.852965
945.294445
941.107883
936.921322
933.362802
930.975935
930.135390
930.975935
933.362802
936.921322
941.107883
945.294445
948.852965
951.239832
906.618884
905.613692
902.762400
898.517431
893.527909
888.538387
884.293418
881.442126
880.436934
881.442126
884.293418
888.538387
893.527909
898.517431
902.762400
905.613692
906.618884
905.613692
902.762400
898.517431
893.527909
888.538387
884.293418
881.442126
880.436934
881.442126
884.293418
888.538387
893.527909
898.517431
902.762400
905.613692
865.186272
864.001769
860.646559
855.660109
849.805770
843.951431
838.964981
835.609772
834.425268
835.609772
838.964981
843.951431
849.805770
855.660109
860.646559
864.001769
865.186272
864.001769
860.646559
855.660109
849.805770
843.951431
838.964981
835.609772
834.425268
835.609772
838.964981
843.951431
849.805770
855.660109
860.646559
864.001769
827.206751
825.827451
821.927408
816.143714
809.362792
802.581869
796.798175
792.898132
791.518833
792.898132
796.798175
802.581869
809.362792
816.143714
821.927408
825.827451
827.206751
825.827451
821.927408
816.143714
809.362792
802.581869
796.798175
792.898132
791.518833
792.898132
796.798175
802.581869
809.362792
816.143714
821.927408
825.827451
792.225248
790.634712
786.147413
779.510181
771.741416
763.972651
757.335420
752.848121
751.257585
752.848121
757.335420
763.972651
771.741416
779.510181
786.147413
790.634712
792.225248
790.634712
786.147413
779.510181
771.741416
763.972651
757.335420
752.848121
751.257585
752.848121
757.335420
763.972651
771.741416
779.510181
786.147413
790.634712
759.876093
758.056733
752.938083
745.390626
736.573609
727.756592
720.209136
715.090486
713.271125
715.090486
720.209136
727.756592
736.573609
745.390626
752.938083
758.056733
759.876093
758.056733
752.938083
745.390626
736.573609
727.756592
720.209136
715.090486
713.271125
715.090486
720.209136
727.756592
736.573609
745.390626
752.938083
758.056733
729.861284
727.794106
721.998125
713.483461
703.558933
693.634405
685.119741
679.323760
677.256582
679.323760
685.119741
693.634405
703.558933
713.483461
721.998125
727.794106
729.861284
727.794106
721.998125
713.483461
703.558933
693.634405
685.119741
679.323760
677.256582
679.323760
685.119741
693.634405
703.558933
713.483461
721.998125
727.794106
701.935029
699.599319
693.077876
683.538810
672.448950
661.359089
651.820024
645.298581
642.962870
645.298581
651.820024
661.359089
672.448950
683.538810
693.077876
699.599319
701.935029
699.599319
693.077876
683.538810
672.448950
661.359089
651.820024
645.298581
642.962870
645.298581
651.820024
661.359089
672.448950
683.538810
693.077876
699.599319
675.892525
673.265448
665.967969
655.347181
643.035874
630.724567
620.103779
612.806301
610.179224
612.806301
620.103779
630.724567
643.035874
655.347181
665.967969
673.265448
675.892525
673.265448
665.967969
655.347181
643.035874
630.724567
620.103779
612.806301
610.179224
612.806301
620.103779
630.724567
643.035874
655.347181
665.967969
673.265448
651.561658
648.617776
640.490920
628.731054
615.144165
601.557277
589.797410
581.670555
578.726672
581.670555
589.797410
601.557277
615.144165
628.731054
640.490920
648.617776
651.561658
648.617776
640.490920
628.731054
615.144165
601.557277
589.797410
581.670555
578.726672
581.670555
589.797410
601.557277
615.144165
628.731054
640.490920
648.617776
628.796772
625.507447
616.494764
603.538538
588.624179
573.709821
560.753595
551.740912
548.451587
551.740912
560.753595
573.709821
588.624179
603.538538
616.494764
625.507447
628.796772
625.507447
616.494764
603.538538
588.624179
573.709821
560.753595
551.740912
548.451587
551.740912
560.753595
573.709821
588.624179
603.538538
616.494764
625.507447
607.473927
603.806608
593.848183
579.638521
563.347318
547.056115
532.846453
522.888028
519.220709
522.888028
532.846453
547.056115
563.347318
579.638521
593.848183
603.806608
607.473927
603.806608
593.848183
579.638521
563.347318
547.056115
532.846453
522.888028
519.220709
522.888028
532.846453
547.056115
563.347318
579.638521
593.848183
603.806608
587.487264
583.404608
572.436708
556.916902
539.202256
521.487611
505.967805
494.999904
490.917248
494.999904
505.967805
521.487611
539.202256
556.916902
572.436708
583.404608
587.487264
583.404608
572.436708
556.916902
539.202256
521.487611
505.967805
494.999904
490.917248
494.999904
505.967805
521.487611
539.202256
556.916902
572.436708
583.404608
568.746181
564.205004
552.159727
535.273632
516.091983
496.910334
480.024239
467.978962
463.437784
467.978962
480.024239
496.910334
516.091983
535.273632
552.159727
564.205004
568.746181
564.205004
552.159727
535.273632
516.091983
496.910334
480.024239
467.978962
463.437784
467.978962
480.024239
496.910334
516.091983
535.273632
552.159727
564.205004
551.173145
546.123152
532.928106
514.620371
493.931447
473.242523
454.934788
441.739742
436.689749
441.739742
454.934788
473.242523
493.931447
514.620371
532.928106
546.123152
551.173145
546.123152
532.928106
514.620371
493.931447
473.242523
454.934788
441.739742
436.689749
441.739742
454.934788
473.242523
493.931447
514.620371
532.928106
546.123152
534.701984
529.084249
514.662263
494.878609
472.645669
450.412728
430.629075
416.207088
410.589354
416.207088
430.629075
450.412728
472.645669
494.878609
514.662263
529.084249
534.701984
529.084249
514.662263
494.878609
472.645669
450.412728
430.629075
416.207088
410.589354
416.207088
430.629075
450.412728
472.645669
494.878609
514.662263
529.084249
519.276571
513.021715
497.290612
475.978150
452.168211
428.358273
407.045811
391.314707
385.059851
391.314707
407.045811
428.358273
452.168211
475.978150
497.290612
513.021715
519.276571
513.021715
497.290612
475.978150
452.168211
428.358273
407.045811
391.314707
385.059851
391.314707
407.045811
428.358273
452.168211
475.978150
497.290612
513.021715
504.849816
497.875832
480.748283
457.855879
432.439929
407.023980
384.131575
367.004026
360.030043
367.004026
384.131575
407.023980
432.439929
457.855879
480.748283
497.875832
504.849816
497.875832
480.748283
457.855879
432.439929
407.023980
384.131575
367.004026
360.030043
367.004026
384.131575
407.023980
432.439929
457.855879
480.748283
497.875832
491.382907
483.592577
464.976067
440.454754
413.407939
386.361125
361.839812
343.223302
335.432972
343.223302
361.839812
386.361125
413.407939
440.454754
464.976067
483.592577
491.382907
483.592577
464.976067
440.454754
413.407939
386.361125
361.839812
343.223302
335.432972
343.223302
361.839812
386.361125
413.407939
440.454754
464.976067
483.592577
478.844779
470.122608
449.919541
423.722981
395.024767
366.326554
340.129994
319.926927
311.204756
319.926927
340.129994
366.326554
395.024767
423.722981
449.919541
470.122608
478.844779
470.122608
449.919541
423.722981
395.024767
366.326554
340.129994
319.926927
311.204756
319.926927
340.129994
366.326554
395.024767
423.722981
449.919541
470.122608
467.211757
457.420354
435.528343
407.613327
377.247634
346.881941
318.966925
297.074914
287.283511
297.074914
318.966925
346.881941
377.247634
407.613327
435.528343
457.420354
467.211757
457.420354
435.528343
407.613327
377.247634
346.881941
318.966925
297.074914
287.283511
297.074914
318.966925
346.881941
377.247634
407.613327
435.528343
457.420354
456.467372
445.443185
421.755564
392.082558
360.037856
327.993154
298.320148
274.632527
263.608340
274.632527
298.320148
327.993154
360.037856
392.082558
421.755564
445.443185
456.467372
445.443185
421.755564
392.082558
360.037856
327.993154
298.320148
274.632527
263.608340
274.632527
298.320148
327.993154
360.037856
392.082558
421.755564
445.443185
446.602324
434.150632
408.557249
377.090964
343.360339
309.629714
278.163430
252.570046
240.118354
252.570046
278.163430
309.629714
343.360339
377.090964
408.557249
434.150632
446.602324
434.150632
408.557249
377.090964
343.360339
309.629714
278.163430
252.570046
240.118354
252.570046
278.163430
309.629714
343.360339
377.090964
408.557249
434.150632
437.614582
423.503641
395.891982
362.601979
327.183148
291.764317
258.474313
230.862654
216.751714
230.862654
258.474313
291.764317
327.183148
362.601979
395.891982
423.503641
437.614582
423.503641
395.891982
362.601979
327.183148
291.764317
258.474313
230.862654
216.751714
230.862654
258.474313
291.764317
327.183148
362.601979
395.891982
423.503641
429.509623
413.463831
383.720555
348.581846
311.477137
274.372428
239.233718
209.490442
193.444651
209.490442
239.233718
274.372428
311.477137
348.581846
383.720555
413.463831
429.509623
413.463831
383.720555
348.581846
311.477137
274.372428
239.233718
209.490442
193.444651
209.490442
239.233718
274.372428
311.477137
348.581846
383.720555
413.463831
422.300797
403.992752
372.005701
334.999355
296.215636
257.431916
220.425570
188.438519
170.130474
188.438519
220.425570
257.431916
296.215636
334.999355
372.005701
403.992752
422.300797
403.992752
372.005701
334.999355
296.215636
257.431916
220.425570
188.438519
170.130474
188.438519
220.425570
257.431916
296.215636
334.999355
372.005701
403.992752
416.009832
395.051116
360.711895
321.825618
281.374176
240.922733
202.036456
167.697235
146.738519
167.697235
202.036456
240.922733
281.374176
321.825618
360.711895
395.051116
416.009832
395.051116
360.711895
321.825618
281.374176
240.922733
202.036456
167.697235
146.738519
167.697235
202.036456
240.922733
281.374176
321.825618
360.711895
395.051116
410.667459
386.598000
349.805222
309.033876
266.930255
224.826633
184.055287
147.262509
123.193051
147.262509
184.055287
224.826633
266.930255
309.033876
349.805222
386.598000
410.667459
386.598000
349.805222
309.033876
266.930255
224.826633
184.055287
147.262509
123.193051
147.262509
184.055287
224.826633
266.930255
309.033876
349.805222
386.598000
406.314186
378.589989
339.253300
296.599349
252.863132
209.126915
166.472963
127.136275
99.412077
127.136275
166.472963
209.126915
252.863132
296.599349
339.253300
378.589989
406.314186
378.589989
339.253300
296.599349
252.863132
209.126915
166.472963
127.136275
99.412077
127.136275
166.472963
209.126915
252.863132
296.599349
339.253300
378.589989
403.001215
370.980261
329.025264
284.499098
239.153648
193.808197
149.282032
107.327034
75.306080
107.327034
149.282032
193.808197
239.153648
284.499098
329.025264
370.980261
403.001215
370.980261
329.025264
284.499098
239.153648
193.808197
149.282032
107.327034
75.306080
107.327034
149.282032
193.808197
239.153648
284.499098
329.025264
370.980261
400.791503
363.717598
319.091810
272.711917
225.784068
178.856219
132.476326
87.850538
50.776633
87.850538
132.476326
178.856219
225.784068
272.711917
319.091810
363.717598
400.791503
363.717598
319.091810
272.711917
225.784068
178.856219
132.476326
87.850538
50.776633
87.850538
132.476326
178.856219
225.784068
272.711917
319.091810
363.717598
399.760990
356.745300
309.425314
261.218229
212.737946
164.257662
116.050578
68.730592
25.714902
68.730592
116.050578
164.257662
212.737946
261.218229
309.425314
356.745300
399.760990
356.745300
309.425314
261.218229
212.737946
164.257662
116.050578
68.730592
25.714902
68.730592
116.050578
164.257662
212.737946
261.218229
309.425314
356.745300
400.000000
350.000000
300.000000
250.000000
200.000000
150.000000
100.000000
50.000000
0.000000
50.000000
100.000000
150.000000
200.000000
250.000000
300.000000
350.000000
400.000000
350.000000
300.000000
250.000000
200.000000
150.000000
100.000000
50.000000
0.000000
50.000000
100.000000
150.000000
200.000000
250.000000
300.000000
350.000000
