1500.000000
1500.000000
1500.000000
1500.000000
1370.545125
1366.216555
1370.545125
1366.216555
1265.486388
1257.394156
1265.486388
1257.394156
1177.179401
1165.590712
1177.179401
1165.590712
1101.088948
1086.131249
1101.088948
1086.131249
1034.303938
1016.032332
1034.303938
1016.032332
974.844483
953.273995
974.844483
953.273995
921.302914
896.425301
921.302914
896.425301
872.642595
844.435674
872.642595
844.435674
828.078016
796.511113
828.078016
796.511113
786.999709
752.036966
786.999709
752.036966
748.925274
710.527723
748.925274
710.527723
713.466333
671.593225
713.466333
671.593225
680.305574
634.915246
680.305574
634.915246
649.180394
600.230846
649.180394
600.230846
619.870999
567.320274
619.870999
567.320274
592.191567
535.998013
592.191567
535.998013
565.983589
506.106022
565.983589
506.106022
541.110753
477.508574
541.110753
477.508574
517.454987
450.088247
517.454987
450.088247
494.913335
423.742783
494.913335
423.742783
473.395481
398.382579
473.395481
398.382579
452.821758
373.928695
452.821758
373.928695
433.121534
350.311220
433.121534
350.311220
414.231894
327.467956
414.231894
327.467956
396.096554
305.343318
396.096554
305.343318
378.664956
283.887437
378.664956
283.887437
361.891520
263.055398
361.891520
263.055398
345.735007
242.806611
345.735007
242.806611
330.157985
223.104271
330.157985
223.104271
315.126370
203.914905
315.126370
203.914905
300.609041
185.207979
300.609041
185.207979
286.577507
166.955568
286.577507
166.955568
273.005611
149.132068
273.005611
149.132068
259.869288
131.713943
259.869288
131.713943
247.146345
114.679511
247.146345
114.679511
234.816269
98.008755
234.816269
98.008755
222.860064
81.683157
222.860064
81.683157
211.260103
65.685552
211.260103
65.685552
200.000000
50.000000
200.000000
50.000000
