1500.000000
1500.000000
1500.000000
1500.000000
1500.000000
1500.000000
1500.000000
1500.000000
1500.000000
1500.000000
1500.000000
1500.000000
1500.000000
1500.000000
1500.000000
1500.000000
1500.000000
1500.000000
1500.000000
1500.000000
1500.000000
1500.000000
1500.000000
1500.000000
1500.000000
1500.000000
1500.000000
1500.000000
1500.000000
1500.000000
1500.000000
1500.000000
1500.000000
1500.000000
1500.000000
1500.000000
1500.000000
1500.000000
1500.000000
1500.000000
1368.896206
1368.870971
1368.797744
1368.683716
1368.540061
1368.380840
1368.221618
1368.077963
1367.963935
1367.890709
1367.865473
1367.890709
1367.963935
1368.077963
1368.221618
1368.380840
1368.540061
1368.683716
1368.797744
1368.870971
1368.896206
1368.870971
1368.797744
1368.683716
1368.540061
1368.380840
1368.221618
1368.077963
1367.963935
1367.890709
1367.865473
1367.890709
1367.963935
1368.077963
1368.221618
1368.380840
1368.540061
1368.683716
1368.797744
1368.870971
1262.446285
1262.397013
1262.254048
1262.031447
1261.751042
1261.440272
1261.129502
1260.849097
1260.626495
1260.483530
1260.434258
1260.483530
1260.626495
1260.849097
1261.129502
1261.440272
1261.751042
1262.031447
1262.254048
1262.397013
1262.446285
1262.397013
1262.254048
1262.031447
1261.751042
1261.440272
1261.129502
1260.849097
1260.626495
1260.483530
1260.434258
1260.483530
1260.626495
1260.849097
1261.129502
1261.440272
1261.751042
1262.031447
1262.254048
1262.397013
1172.903817
1172.829401
1172.613507
1172.277414
1171.854128
1171.385057
1170.915986
1170.492699
1170.156607
1169.940713
1169.866297
1169.940713
1170.156607
1170.492699
1170.915986
1171.385057
1171.854128
1172.277414
1172.613507
1172.829401
1172.903817
1172.829401
1172.613507
1172.277414
1171.854128
1171.385057
1170.915986
1170.492699
1170.156607
1169.940713
1169.866297
1169.940713
1170.156607
1170.492699
1170.915986
1171.385057
1171.854128
1172.277414
1172.613507
1172.829401
1095.683848
1095.582176
1095.287260
1094.828280
1094.250387
1093.610098
1092.969809
1092.391917
1091.932937
1091.638021
1091.536349
1091.638021
1091.932937
1092.391917
1092.969809
1093.610098
1094.250387
1094.828280
1095.287260
1095.582176
1095.683848
1095.582176
1095.287260
1094.828280
1094.250387
1093.610098
1092.969809
1092.391917
1091.932937
1091.638021
1091.536349
1091.638021
1091.932937
1092.391917
1092.969809
1093.610098
1094.250387
1094.828280
1095.287260
1095.582176
1027.848948
1027.717399
1027.335911
1026.742441
1025.995511
1025.168135
1024.340759
1023.593829
1023.000359
1022.618872
1022.487322
1022.618872
1023.000359
1023.593829
1024.340759
1025.168135
1025.995511
1026.742441
1027.335911
1027.717399
1027.848948
1027.717399
1027.335911
1026.742441
1025.995511
1025.168135
1024.340759
1023.593829
1023.000359
1022.618872
1022.487322
1022.618872
1023.000359
1023.593829
1024.340759
1025.168135
1025.995511
1026.742441
1027.335911
1027.717399
967.404481
967.240131
966.763689
966.022911
965.091085
964.059239
963.027393
962.095568
961.354789
960.878348
960.713997
960.878348
961.354789
962.095568
963.027393
964.059239
965.091085
966.022911
966.763689
967.240131
967.404481
967.240131
966.763689
966.022911
965.091085
964.059239
963.027393
962.095568
961.354789
960.878348
960.713997
960.878348
961.354789
962.095568
963.027393
964.059239
965.091085
966.022911
966.763689
967.240131
912.934240
912.733958
912.153626
911.251978
910.118600
908.864107
907.609615
906.476237
905.574589
904.994256
904.793975
904.994256
905.574589
906.476237
907.609615
908.864107
910.118600
911.251978
912.153626
912.733958
912.934240
912.733958
912.153626
911.251978
910.118600
908.864107
907.609615
906.476237
905.574589
904.994256
904.793975
904.994256
905.574589
906.476237
907.609615
908.864107
910.118600
911.251978
912.153626
912.733958
863.396587
863.157073
862.463484
861.386892
860.034844
858.539134
857.043425
855.691377
854.614785
853.921195
853.681682
853.921195
854.614785
855.691377
857.043425
858.539134
860.034844
861.386892
862.463484
863.157073
863.396587
863.157073
862.463484
861.386892
860.034844
858.539134
857.043425
855.691377
854.614785
853.921195
853.681682
853.921195
854.614785
855.691377
857.043425
858.539134
860.034844
861.386892
862.463484
863.157073
818.003132
817.720919
816.904320
815.638314
814.050210
812.294564
810.538919
808.950815
807.684809
806.868210
806.585997
806.868210
807.684809
808.950815
810.538919
812.294564
814.050210
815.638314
816.904320
817.720919
818.003132
817.720919
816.904320
815.638314
814.050210
812.294564
810.538919
808.950815
807.684809
806.868210
806.585997
806.868210
807.684809
808.950815
810.538919
812.294564
814.050210
815.638314
816.904320
817.720919
776.142860
775.814303
774.864545
773.394309
771.552619
769.518337
767.484056
765.642366
764.172130
763.222372
762.893815
763.222372
764.172130
765.642366
767.484056
769.518337
771.552619
773.394309
774.864545
775.814303
776.142860
775.814303
774.864545
773.394309
771.552619
769.518337
767.484056
765.642366
764.172130
763.222372
762.893815
763.222372
764.172130
765.642366
767.484056
769.518337
771.552619
773.394309
774.864545
775.814303
737.332702
736.953949
735.860453
734.170838
732.057969
729.726498
727.395027
725.282159
723.592543
722.499047
722.120294
722.499047
723.592543
725.282159
727.395027
729.726498
732.057969
734.170838
735.860453
736.953949
737.332702
736.953949
735.860453
734.170838
732.057969
729.726498
727.395027
725.282159
723.592543
722.499047
722.120294
722.499047
723.592543
725.282159
727.395027
729.726498
732.057969
734.170838
735.860453
736.953949
701.184220
700.751174
699.502866
697.578379
695.176740
692.529779
689.882818
687.481179
685.556692
684.308384
683.875338
684.308384
685.556692
687.481179
689.882818
692.529779
695.176740
697.578379
699.502866
700.751174
701.184220
700.751174
699.502866
697.578379
695.176740
692.529779
689.882818
687.481179
685.556692
684.308384
683.875338
684.308384
685.556692
687.481179
689.882818
692.529779
695.176740
697.578379
699.502866
700.751174
667.380486
666.888749
665.473977
663.298764
660.590814
657.610410
654.630006
651.922056
649.746843
648.332071
647.840333
648.332071
649.746843
651.922056
654.630006
657.610410
660.590814
663.298764
665.473977
666.888749
667.380486
666.888749
665.473977
663.298764
660.590814
657.610410
654.630006
651.922056
649.746843
648.332071
647.840333
648.332071
649.746843
651.922056
654.630006
657.610410
660.590814
663.298764
665.473977
666.888749
635.659634
635.104438
633.510873
631.068682
628.036983
624.705620
621.374257
618.342557
615.900367
614.306801
613.751606
614.306801
615.900367
618.342557
621.374257
624.705620
628.036983
631.068682
633.510873
635.104438
635.659634
635.104438
633.510873
631.068682
628.036983
624.705620
621.374257
618.342557
615.900367
614.306801
613.751606
614.306801
615.900367
618.342557
621.374257
624.705620
628.036983
631.068682
633.510873
635.104438
605.802901
605.179024
603.393539
600.667688
597.294948
593.595636
589.896325
586.523584
583.797734
582.012248
581.388372
582.012248
583.797734
586.523584
589.896325
593.595636
597.294948
600.667688
603.393539
605.179024
605.802901
605.179024
603.393539
600.667688
597.294948
593.595636
589.896325
586.523584
583.797734
582.012248
581.388372
582.012248
583.797734
586.523584
589.896325
593.595636
597.294948
600.667688
603.393539
605.179024
577.625775
576.927429
574.935961
571.909302
568.178429
564.094790
560.011151
556.280279
553.253619
551.262151
550.563805
551.262151
553.253619
556.280279
560.011151
564.094790
568.178429
571.909302
574.935961
576.927429
577.625775
576.927429
574.935961
571.909302
568.178429
564.094790
560.011151
556.280279
553.253619
551.262151
550.563805
551.262151
553.253619
556.280279
560.011151
564.094790
568.178429
571.909302
574.935961
576.927429
550.971322
550.192017
547.979412
544.634293
540.528450
536.044805
531.561160
527.455317
524.110198
521.897593
521.118288
521.897593
524.110198
527.455317
531.561160
536.044805
540.528450
544.634293
547.979412
550.192017
550.971322
550.192017
547.979412
544.634293
540.528450
536.044805
531.561160
527.455317
524.110198
521.897593
521.118288
521.897593
524.110198
527.455317
531.561160
536.044805
540.528450
544.634293
547.979412
550.192017
525.705094
524.837465
522.387304
518.705545
514.208208
509.309663
504.411118
499.913782
496.232023
493.781861
492.914232
493.781861
496.232023
499.913782
504.411118
509.309663
514.208208
518.705545
522.387304
524.837465
525.705094
524.837465
522.387304
518.705545
514.208208
509.309663
504.411118
499.913782
496.232023
493.781861
492.914232
493.781861
496.232023
499.913782
504.411118
509.309663
514.208208
518.705545
522.387304
524.837465
501.711189
500.746781
498.041185
494.004055
489.099085
483.771617
478.444150
473.539179
469.502049
466.796453
465.832046
466.796453
469.502049
473.539179
478.444150
483.771617
489.099085
494.004055
498.041185
500.746781
501.711189
500.746781
498.041185
494.004055
489.099085
483.771617
478.444150
473.539179
469.502049
466.796453
465.832046
466.796453
469.502049
473.539179
478.444150
483.771617
489.099085
494.004055
498.041185
500.746781
478.889175
477.818169
474.837591
470.425803
465.097517
459.328059
453.558600
448.230315
443.818527
440.837948
439.766943
440.837948
443.818527
448.230315
453.558600
459.328059
465.097517
470.425803
474.837591
477.818169
478.889175
477.818169
474.837591
470.425803
465.097517
459.328059
453.558600
448.230315
443.818527
440.837948
439.766943
440.837948
443.818527
448.230315
453.558600
459.328059
465.097517
470.425803
474.837591
477.818169
457.151667
455.962534
452.685532
447.879252
442.112513
435.889030
429.665548
423.898809
419.092529
415.815526
414.626394
415.815526
419.092529
423.898809
429.665548
435.889030
442.112513
447.879252
452.685532
455.962534
457.151667
455.962534
452.685532
447.879252
442.112513
435.889030
429.665548
423.898809
419.092529
415.815526
414.626394
415.815526
419.092529
423.898809
429.665548
435.889030
442.112513
447.879252
452.685532
455.962534
436.422407
435.101471
431.504471
426.283349
420.063655
413.375227
406.686798
400.467104
395.245982
391.648982
390.328046
391.648982
395.245982
400.467104
406.686798
413.375227
420.063655
426.283349
431.504471
435.101471
436.422407
435.101471
431.504471
426.283349
420.063655
413.375227
406.686798
400.467104
395.245982
391.648982
390.328046
391.648982
395.245982
400.467104
406.686798
413.375227
420.063655
426.283349
431.504471
435.101471
416.634738
415.165626
411.222675
405.565906
398.879491
391.716377
384.553264
377.866849
372.210079
368.267129
366.798016
368.267129
372.210079
377.866849
384.553264
391.716377
398.879491
405.565906
411.222675
415.165626
416.634738
415.165626
411.222675
405.565906
398.879491
391.716377
384.553264
377.866849
372.210079
368.267129
366.798016
368.267129
372.210079
377.866849
384.553264
391.716377
398.879491
405.565906
411.222675
415.165626
397.730398
396.093339
391.775866
385.662273
378.496216
370.849925
363.203634
356.037577
349.923984
345.606511
343.969452
345.606511
349.923984
356.037577
363.203634
370.849925
378.496216
385.662273
391.775866
396.093339
397.730399
396.093339
391.775866
385.662273
378.496216
370.849925
363.203634
356.037577
349.923984
345.606511
343.969452
345.606511
349.923984
356.037577
363.203634
370.849925
378.496216
385.662273
391.775866
396.093339
379.658566
377.829512
373.106093
366.514255
358.856596
350.719936
342.583276
334.925616
328.333779
323.610359
321.781306
323.610359
328.333779
334.925616
342.583276
350.719936
358.856596
366.514255
373.106093
377.829512
379.658566
377.829512
373.106093
366.514255
358.856596
350.719936
342.583276
334.925616
328.333779
323.610359
321.781306
323.610359
328.333779
334.925616
342.583276
350.719936
358.856596
366.514255
373.106093
377.829512
362.375121
360.324646
355.160795
348.069213
339.909070
331.276196
322.643323
314.483179
307.391597
302.227746
300.177271
302.227746
307.391597
314.483179
322.643323
331.276196
339.909070
348.069213
355.160795
360.324646
362.375121
360.324646
355.160795
348.069213
339.909070
331.276196
322.643323
314.483179
307.391597
302.227746
300.177271
302.227746
307.391597
314.483179
322.643323
331.276196
339.909070
348.069213
355.160795
360.324646
345.842097
343.534000
337.892012
330.279316
321.607010
312.473459
303.339908
294.667602
287.054906
281.412918
279.104821
281.412918
287.054906
294.667602
303.339908
312.473459
321.607010
330.279316
337.892012
343.534000
345.842097
343.534000
337.892012
330.279316
321.607010
312.473459
303.339908
294.667602
287.054906
281.412918
279.104821
281.412918
287.054906
294.667602
303.339908
312.473459
321.607010
330.279316
337.892012
343.534000
330.027282
327.416851
321.255712
313.100924
303.908100
294.270809
284.633519
275.440695
267.285906
261.124768
258.514336
261.124768
267.285906
275.440695
284.633519
294.270809
303.908100
313.100924
321.255712
327.416851
330.027282
327.416851
321.255712
313.100924
303.908100
294.270809
284.633519
275.440695
267.285906
261.124768
258.514336
261.124768
267.285906
275.440695
284.633519
294.270809
303.908100
313.100924
321.255712
327.416851
314.903981
311.935819
305.211224
296.494063
286.773808
276.631128
266.488448
256.768193
248.051031
241.326437
238.358275
241.326437
248.051031
256.768193
266.488448
276.631128
286.773808
296.494063
305.211224
311.935819
314.903981
311.935819
305.211224
296.494063
286.773808
276.631128
266.488448
256.768193
248.051031
241.326437
238.358275
241.326437
248.051031
256.768193
266.488448
276.631128
286.773808
296.494063
305.211224
311.935819
300.450910
297.056237
289.720752
280.421997
270.168954
259.520637
248.872320
238.619277
229.320523
221.985037
218.590364
221.985037
229.320523
238.619277
248.872320
259.520637
270.168954
280.421997
289.720752
297.056237
300.450910
297.056237
289.720752
280.421997
270.168954
259.520637
248.872320
238.619277
229.320523
221.985037
218.590364
221.985037
229.320523
238.619277
248.872320
259.520637
270.168954
280.421997
289.720752
297.056237
286.652232
282.745533
274.748958
264.850859
254.061326
242.908510
231.755694
220.966161
211.068062
203.071488
199.164788
203.071488
211.068062
220.966161
231.755694
242.908510
254.061326
264.850859
274.748958
282.745533
286.652232
282.745533
274.748958
264.850859
254.061326
242.908510
231.755694
220.966161
211.068062
203.071488
199.164788
203.071488
211.068062
220.966161
231.755694
242.908510
254.061326
264.850859
274.748958
282.745533
273.497730
268.972619
260.262624
249.749352
238.421368
226.766538
215.111707
203.783723
193.270451
184.560457
180.035345
184.560457
193.270451
203.783723
215.111707
226.766538
238.421368
249.749352
260.262624
268.972619
273.497730
268.972619
260.262624
249.749352
238.421368
226.766538
215.111707
203.783723
193.270451
184.560457
180.035345
184.560457
193.270451
203.783723
215.111707
226.766538
238.421368
249.749352
260.262624
268.972619
260.983128
255.707255
246.230359
235.088496
223.221902
211.068840
198.915777
187.049183
175.907320
166.430424
161.154551
166.430424
175.907320
187.049183
198.915777
211.068840
223.221902
235.088496
246.230359
255.707255
260.983128
255.707255
246.230359
235.088496
223.221902
211.068840
198.915777
187.049183
175.907320
166.430424
161.154551
166.430424
175.907320
187.049183
198.915777
211.068840
223.221902
235.088496
246.230359
255.707255
249.110564
242.919371
232.622372
220.841415
208.437895
195.791616
183.145336
170.741816
158.960859
148.663860
142.472667
148.663860
158.960859
170.741816
183.145336
195.791616
208.437895
220.841415
232.622372
242.919371
249.110564
242.919371
232.622372
220.841415
208.437895
195.791616
183.145336
170.741816
158.960859
148.663860
142.472667
148.663860
158.960859
170.741816
183.145336
195.791616
208.437895
220.841415
232.622372
242.919371
237.889235
230.578326
219.410305
206.983167
194.046252
180.912928
167.779603
154.842688
142.415551
131.247530
123.936620
131.247530
142.415551
154.842688
167.779603
180.912928
194.046252
206.983167
219.410305
230.578326
237.889235
230.578326
219.410305
206.983167
194.046252
180.912928
167.779603
154.842688
142.415551
131.247530
123.936620
131.247530
142.415551
154.842688
167.779603
180.912928
194.046252
206.983167
219.410305
230.578326
227.336231
218.652078
206.567122
193.490603
180.025645
166.412512
152.799379
139.334421
126.257902
114.172946
105.488793
114.172946
126.257902
139.334421
152.799379
166.412512
180.025645
193.490603
206.567122
218.652078
227.336231
218.652078
206.567122
193.490603
180.025645
166.412512
152.799379
139.334421
126.257902
114.172946
105.488793
114.172946
126.257902
139.334421
152.799379
166.412512
180.025645
193.490603
206.567122
218.652078
217.477574
207.106248
194.067068
180.342242
166.356347
152.271610
138.186874
124.200979
110.476153
97.436973
87.065647
97.436973
110.476153
124.200979
138.186874
152.271610
166.356347
180.342242
194.067068
207.106248
217.477574
207.106248
194.067068
180.342242
166.356347
152.271610
138.186874
124.200979
110.476153
97.436973
87.065647
97.436973
110.476153
124.200979
138.186874
152.271610
166.356347
180.342242
194.067068
207.106248
208.349499
195.903040
181.885700
167.518179
153.020102
138.472827
123.925553
109.427476
95.059955
81.042615
68.596156
81.042615
95.059955
109.427476
123.925553
138.472827
153.020102
167.518179
181.885700
195.903040
208.349499
195.903040
181.885700
167.518179
153.020102
138.472827
123.925553
109.427476
95.059955
81.042615
68.596156
81.042615
95.059955
109.427476
123.925553
138.472827
153.020102
167.518179
181.885700
195.903040
200.000000
185.000000
170.000000
155.000000
140.000000
125.000000
110.000000
95.000000
80.000000
65.000000
50.000000
65.000000
80.000000
95.000000
110.000000
125.000000
140.000000
155.000000
170.000000
185.000000
200.000000
185.000000
170.000000
155.000000
140.000000
125.000000
110.000000
95.000000
80.000000
65.000000
50.000000
65.000000
80.000000
95.000000
110.000000
125.000000
140.000000
155.000000
170.000000
185.000000
