1500.000000
1500.000000
1500.000000
1500.000000
1500.000000
1500.000000
1500.000000
1500.000000
1500.000000
1500.000000
1500.000000
1500.000000
1500.000000
1500.000000
1500.000000
1500.000000
1500.000000
1500.000000
1500.000000
1500.000000
1500.000000
1500.000000
1500.000000
1500.000000
1500.000000
1500.000000
1500.000000
1500.000000
1500.000000
1500.000000
1500.000000
1500.000000
1500.000000
1500.000000
1500.000000
1500.000000
1500.000000
1500.000000
1500.000000
1500.000000
1370.281544
1370.281544
1370.281544
1370.281544
1370.281544
1370.281544
1370.281544
1370.281544
1370.281544
1370.281544
1370.281544
1370.281544
1370.281544
1370.281544
1370.281544
1370.281544
1370.281544
1370.281544
1370.281544
1370.281544
1370.281544
1370.281544
1370.281544
1370.281544
1370.281544
1370.281544
1370.281544
1370.281544
1370.281544
1370.281544
1370.281544
1370.281544
1370.281544
1370.281544
1370.281544
1370.281544
1370.281544
1370.281544
1370.281544
1370.281544
1264.388927
1264.388927
1264.388927
1264.388927
1264.388927
1264.388927
1264.388927
1264.388927
1264.388927
1264.388927
1264.388927
1264.388927
1264.388927
1264.388927
1264.388927
1264.388927
1264.388927
1264.388927
1264.388927
1264.388927
1264.388927
1264.388927
1264.388927
1264.388927
1264.388927
1264.388927
1264.388927
1264.388927
1264.388927
1264.388927
1264.388927
1264.388927
1264.388927
1264.388927
1264.388927
1264.388927
1264.388927
1264.388927
1264.388927
1264.388927
1174.927923
1174.927923
1174.927923
1174.927923
1174.927923
1174.927923
1174.927923
1174.927923
1174.927923
1174.927923
1174.927923
1174.927923
1174.927923
1174.927923
1174.927923
1174.927923
1174.927923
1174.927923
1174.927923
1174.927923
1174.927923
1174.927923
1174.927923
1174.927923
1174.927923
1174.927923
1174.927923
1174.927923
1174.927923
1174.927923
1174.927923
1174.927923
1174.927923
1174.927923
1174.927923
1174.927923
1174.927923
1174.927923
1174.927923
1174.927923
1097.484069
1097.484069
1097.484069
1097.484069
1097.484069
1097.484069
1097.484069
1097.484069
1097.484069
1097.484069
1097.484069
1097.484069
1097.484069
1097.484069
1097.484069
1097.484069
1097.484069
1097.484069
1097.484069
1097.484069
1097.484069
1097.484069
1097.484069
1097.484069
1097.484069
1097.484069
1097.484069
1097.484069
1097.484069
1097.484069
1097.484069
1097.484069
1097.484069
1097.484069
1097.484069
1097.484069
1097.484069
1097.484069
1097.484069
1097.484069
1029.211197
1029.211198
1029.211197
1029.211198
1029.211197
1029.211198
1029.211197
1029.211198
1029.211197
1029.211198
1029.211197
1029.211198
1029.211197
1029.211198
1029.211197
1029.211198
1029.211197
1029.211198
1029.211197
1029.211198
1029.211197
1029.211198
1029.211197
1029.211198
1029.211197
1029.211198
1029.211197
1029.211198
1029.211197
1029.211198
1029.211197
1029.211198
1029.211197
1029.211198
1029.211197
1029.211198
1029.211197
1029.211198
1029.211197
1029.211198
968.167217
968.167219
968.167217
968.167219
968.167217
968.167219
968.167217
968.167219
968.167217
968.167219
968.167217
968.167219
968.167217
968.167219
968.167217
968.167219
968.167217
968.167219
968.167217
968.167219
968.167217
968.167219
968.167217
968.167219
968.167217
968.167219
968.167217
968.167219
968.167217
968.167219
968.167217
968.167219
968.167217
968.167219
968.167217
968.167219
968.167217
968.167219
968.167217
968.167219
912.967872
912.967879
912.967872
912.967879
912.967872
912.967879
912.967872
912.967879
912.967872
912.967879
912.967872
912.967879
912.967872
912.967879
912.967872
912.967879
912.967872
912.967879
912.967872
912.967879
912.967872
912.967879
912.967872
912.967879
912.967872
912.967879
912.967872
912.967879
912.967872
912.967879
912.967872
912.967879
912.967872
912.967879
912.967872
912.967879
912.967872
912.967879
912.967872
912.967879
862.591767
862.591786
862.591767
862.591786
862.591767
862.591786
862.591767
862.591786
862.591767
862.591786
862.591767
862.591786
862.591767
862.591786
862.591767
862.591786
862.591767
862.591786
862.591767
862.591786
862.591767
862.591786
862.591767
862.591786
862.591767
862.591786
862.591767
862.591786
862.591767
862.591786
862.591767
862.591786
862.591767
862.591786
862.591767
862.591786
862.591767
862.591786
862.591767
862.591786
816.263732
816.263781
816.263732
816.263781
816.263732
816.263781
816.263732
816.263781
816.263732
816.263781
816.263732
816.263781
816.263732
816.263781
816.263732
816.263781
816.263732
816.263781
816.263732
816.263781
816.263732
816.263781
816.263732
816.263781
816.263732
816.263781
816.263732
816.263781
816.263732
816.263781
816.263732
816.263781
816.263732
816.263781
816.263732
816.263781
816.263732
816.263781
816.263732
816.263781
773.381561
773.381683
773.381561
773.381683
773.381561
773.381683
773.381561
773.381683
773.381561
773.381683
773.381561
773.381683
773.381561
773.381683
773.381561
773.381683
773.381561
773.381683
773.381561
773.381683
773.381561
773.381683
773.381561
773.381683
773.381561
773.381683
773.381561
773.381683
773.381561
773.381683
773.381561
773.381683
773.381561
773.381683
773.381561
773.381683
773.381561
773.381683
773.381561
773.381683
733.468109
733.468393
733.468109
733.468393
733.468109
733.468393
733.468109
733.468393
733.468109
733.468393
733.468109
733.468393
733.468109
733.468393
733.468109
733.468393
733.468109
733.468393
733.468109
733.468393
733.468109
733.468393
733.468109
733.468393
733.468109
733.468393
733.468109
733.468393
733.468109
733.468393
733.468109
733.468393
733.468109
733.468393
733.468109
733.468393
733.468109
733.468393
733.468109
733.468393
696.138884
696.139514
696.138884
696.139514
696.138884
696.139514
696.138884
696.139514
696.138884
696.139514
696.138884
696.139514
696.138884
696.139514
696.138884
696.139514
696.138884
696.139514
696.138884
696.139514
696.138884
696.139514
696.138884
696.139514
696.138884
696.139514
696.138884
696.139514
696.138884
696.139514
696.138884
696.139514
696.138884
696.139514
696.138884
696.139514
696.138884
696.139514
696.138884
696.139514
661.079491
661.080823
661.079491
661.080823
661.079491
661.080823
661.079491
661.080823
661.079491
661.080823
661.079491
661.080823
661.079491
661.080823
661.079491
661.080823
661.079491
661.080823
661.079491
661.080823
661.079491
661.080823
661.079491
661.080823
661.079491
661.080823
661.079491
661.080823
661.079491
661.080823
661.079491
661.080823
661.079491
661.080823
661.079491
661.080823
661.079491
661.080823
661.079491
661.080823
628.029517
628.032221
628.029517
628.032221
628.029517
628.032221
628.029517
628.032221
628.029517
628.032221
628.029517
628.032221
628.029517
628.032221
628.029517
628.032221
628.029517
628.032221
628.029517
628.032221
628.029517
628.032221
628.029517
628.032221
628.029517
628.032221
628.029517
628.032221
628.029517
628.032221
628.029517
628.032221
628.029517
628.032221
628.029517
628.032221
628.029517
628.032221
628.029517
628.032221
596.770765
596.776055
596.770765
596.776055
596.770765
596.776055
596.770765
596.776055
596.770765
596.776055
596.770765
596.776055
596.770765
596.776055
596.770765
596.776055
596.770765
596.776055
596.770765
596.776055
596.770765
596.776055
596.770765
596.776055
596.770765
596.776055
596.770765
596.776055
596.770765
596.776055
596.770765
596.776055
596.770765
596.776055
596.770765
596.776055
596.770765
596.776055
596.770765
596.776055
567.118471
567.128483
567.118471
567.128483
567.118471
567.128483
567.118471
567.128483
567.118471
567.128483
567.118471
567.128483
567.118471
567.128483
567.118471
567.128483
567.118471
567.128483
567.118471
567.128483
567.118471
567.128483
567.118471
567.128483
567.118471
567.128483
567.118471
567.128483
567.118471
567.128483
567.118471
567.128483
567.118471
567.128483
567.118471
567.128483
567.118471
567.128483
567.118471
567.128483
538.914620
538.933005
538.914620
538.933005
538.914620
538.933005
538.914620
538.933005
538.914620
538.933005
538.914620
538.933005
538.914620
538.933005
538.914620
538.933005
538.914620
538.933005
538.914620
538.933005
538.914620
538.933005
538.914620
538.933005
538.914620
538.933005
538.914620
538.933005
538.914620
538.933005
538.914620
538.933005
538.914620
538.933005
538.914620
538.933005
538.914620
538.933005
538.914620
538.933005
512.022734
512.055583
512.022734
512.055583
512.022734
512.055583
512.022734
512.055583
512.022734
512.055583
512.022734
512.055583
512.022734
512.055583
512.022734
512.055583
512.022734
512.055583
512.022734
512.055583
512.022734
512.055583
512.022734
512.055583
512.022734
512.055583
512.022734
512.055583
512.022734
512.055583
512.022734
512.055583
512.022734
512.055583
512.022734
512.055583
512.022734
512.055583
512.022734
512.055583
486.323716
486.380955
486.323716
486.380955
486.323716
486.380955
486.323716
486.380955
486.323716
486.380955
486.323716
486.380955
486.323716
486.380955
486.323716
486.380955
486.323716
486.380955
486.323716
486.380955
486.323716
486.380955
486.323716
486.380955
486.323716
486.380955
486.323716
486.380955
486.323716
486.380955
486.323716
486.380955
486.323716
486.380955
486.323716
486.380955
486.323716
486.380955
486.323716
486.380955
461.712423
461.809895
461.712423
461.809895
461.712423
461.809895
461.712423
461.809895
461.712423
461.809895
461.712423
461.809895
461.712423
461.809895
461.712423
461.809895
461.712423
461.809895
461.712423
461.809895
461.712423
461.809895
461.712423
461.809895
461.712423
461.809895
461.712423
461.809895
461.712423
461.809895
461.712423
461.809895
461.712423
461.809895
461.712423
461.809895
461.712423
461.809895
461.712423
461.809895
438.094734
438.257237
438.094734
438.257237
438.094734
438.257237
438.094734
438.257237
438.094734
438.257237
438.094734
438.257237
438.094734
438.257237
438.094734
438.257237
438.094734
438.257237
438.094734
438.257237
438.094734
438.257237
438.094734
438.257237
438.094734
438.257237
438.094734
438.257237
438.094734
438.257237
438.094734
438.257237
438.094734
438.257237
438.094734
438.257237
438.094734
438.257237
438.094734
438.257237
415.384906
415.650574
415.384906
415.650574
415.384906
415.650574
415.384906
415.650574
415.384906
415.650574
415.384906
415.650574
415.384906
415.650574
415.384906
415.650574
415.384906
415.650574
415.384906
415.650574
415.384906
415.650574
415.384906
415.650574
415.384906
415.650574
415.384906
415.650574
415.384906
415.650574
415.384906
415.650574
415.384906
415.650574
415.384906
415.650574
415.384906
415.650574
415.384906
415.650574
393.503058
393.929579
393.503058
393.929579
393.503058
393.929579
393.503058
393.929579
393.503058
393.929579
393.503058
393.929579
393.503058
393.929579
393.503058
393.929579
393.503058
393.929579
393.503058
393.929579
393.503058
393.929579
393.503058
393.929579
393.503058
393.929579
393.503058
393.929579
393.503058
393.929579
393.503058
393.929579
393.503058
393.929579
393.503058
393.929579
393.503058
393.929579
393.503058
393.929579
372.372624
373.045938
372.372624
373.045938
372.372624
373.045938
372.372624
373.045938
372.372624
373.045938
372.372624
373.045938
372.372624
373.045938
372.372624
373.045938
372.372624
373.045938
372.372624
373.045938
372.372624
373.045938
372.372624
373.045938
372.372624
373.045938
372.372624
373.045938
372.372624
373.045938
372.372624
373.045938
372.372624
373.045938
372.372624
373.045938
372.372624
373.045938
372.372624
373.045938
351.917602
352.963943
351.917602
352.963943
351.917602
352.963943
351.917602
352.963943
351.917602
352.963943
351.917602
352.963943
351.917602
352.963943
351.917602
352.963943
351.917602
352.963943
351.917602
352.963943
351.917602
352.963943
351.917602
352.963943
351.917602
352.963943
351.917602
352.963943
351.917602
352.963943
351.917602
352.963943
351.917602
352.963943
351.917602
352.963943
351.917602
352.963943
351.917602
352.963943
332.059453
333.661804
332.059453
333.661804
332.059453
333.661804
332.059453
333.661804
332.059453
333.661804
332.059453
333.661804
332.059453
333.661804
332.059453
333.661804
332.059453
333.661804
332.059453
333.661804
332.059453
333.661804
332.059453
333.661804
332.059453
333.661804
332.059453
333.661804
332.059453
333.661804
332.059453
333.661804
332.059453
333.661804
332.059453
333.661804
332.059453
333.661804
332.059453
333.661804
312.713448
315.133807
312.713448
315.133807
312.713448
315.133807
312.713448
315.133807
312.713448
315.133807
312.713448
315.133807
312.713448
315.133807
312.713448
315.133807
312.713448
315.133807
312.713448
315.133807
312.713448
315.133807
312.713448
315.133807
312.713448
315.133807
312.713448
315.133807
312.713448
315.133807
312.713448
315.133807
312.713448
315.133807
312.713448
315.133807
312.713448
315.133807
312.713448
315.133807
293.784269
297.393458
293.784269
297.393458
293.784269
297.393458
293.784269
297.393458
293.784269
297.393458
293.784269
297.393458
293.784269
297.393458
293.784269
297.393458
293.784269
297.393458
293.784269
297.393458
293.784269
297.393458
293.784269
297.393458
293.784269
297.393458
293.784269
297.393458
293.784269
297.393458
293.784269
297.393458
293.784269
297.393458
293.784269
297.393458
293.784269
297.393458
293.784269
297.393458
275.160604
280.477820
275.160604
280.477820
275.160604
280.477820
275.160604
280.477820
275.160604
280.477820
275.160604
280.477820
275.160604
280.477820
275.160604
280.477820
275.160604
280.477820
275.160604
280.477820
275.160604
280.477820
275.160604
280.477820
275.160604
280.477820
275.160604
280.477820
275.160604
280.477820
275.160604
280.477820
275.160604
280.477820
275.160604
280.477820
275.160604
280.477820
275.160604
280.477820
256.708468
264.453290
256.708468
264.453290
256.708468
264.453290
256.708468
264.453290
256.708468
264.453290
256.708468
264.453290
256.708468
264.453290
256.708468
264.453290
256.708468
264.453290
256.708468
264.453290
256.708468
264.453290
256.708468
264.453290
256.708468
264.453290
256.708468
264.453290
256.708468
264.453290
256.708468
264.453290
256.708468
264.453290
256.708468
264.453290
256.708468
264.453290
256.708468
264.453290
238.262908
249.423120
238.262908
249.423120
238.262908
249.423120
238.262908
249.423120
238.262908
249.423120
238.262908
249.423120
238.262908
249.423120
238.262908
249.423120
238.262908
249.423120
238.262908
249.423120
238.262908
249.423120
238.262908
249.423120
238.262908
249.423120
238.262908
249.423120
238.262908
249.423120
238.262908
249.423120
238.262908
249.423120
238.262908
249.423120
238.262908
249.423120
238.262908
249.423120
219.617700
235.537054
219.617700
235.537054
219.617700
235.537054
219.617700
235.537054
219.617700
235.537054
219.617700
235.537054
219.617700
235.537054
219.617700
235.537054
219.617700
235.537054
219.617700
235.537054
219.617700
235.537054
219.617700
235.537054
219.617700
235.537054
219.617700
235.537054
219.617700
235.537054
219.617700
235.537054
219.617700
235.537054
219.617700
235.537054
219.617700
235.537054
219.617700
235.537054
200.512575
223.003531
200.512575
223.003531
200.512575
223.003531
200.512575
223.003531
200.512575
223.003531
200.512575
223.003531
200.512575
223.003531
200.512575
223.003531
200.512575
223.003531
200.512575
223.003531
200.512575
223.003531
200.512575
223.003531
200.512575
223.003531
200.512575
223.003531
200.512575
223.003531
200.512575
223.003531
200.512575
223.003531
200.512575
223.003531
200.512575
223.003531
200.512575
223.003531
180.617436
212.104971
180.617436
212.104971
180.617436
212.104971
180.617436
212.104971
180.617436
212.104971
180.617436
212.104971
180.617436
212.104971
180.617436
212.104971
180.617436
212.104971
180.617436
212.104971
180.617436
212.104971
180.617436
212.104971
180.617436
212.104971
180.617436
212.104971
180.617436
212.104971
180.617436
212.104971
180.617436
212.104971
180.617436
212.104971
180.617436
212.104971
180.617436
212.104971
159.512923
203.216777
159.512923
203.216777
159.512923
203.216777
159.512923
203.216777
159.512923
203.216777
159.512923
203.216777
159.512923
203.216777
159.512923
203.216777
159.512923
203.216777
159.512923
203.216777
159.512923
203.216777
159.512923
203.216777
159.512923
203.216777
159.512923
203.216777
159.512923
203.216777
159.512923
203.216777
159.512923
203.216777
159.512923
203.216777
159.512923
203.216777
159.512923
203.216777
136.666583
196.830789
136.666583
196.830789
136.666583
196.830789
136.666583
196.830789
136.666583
196.830789
136.666583
196.830789
136.666583
196.830789
136.666583
196.830789
136.666583
196.830789
136.666583
196.830789
136.666583
196.830789
136.666583
196.830789
136.666583
196.830789
136.666583
196.830789
136.666583
196.830789
136.666583
196.830789
136.666583
196.830789
136.666583
196.830789
136.666583
196.830789
136.666583
196.830789
111.403792
193.584030
111.403792
193.584030
111.403792
193.584030
111.403792
193.584030
111.403792
193.584030
111.403792
193.584030
111.403792
193.584030
111.403792
193.584030
111.403792
193.584030
111.403792
193.584030
111.403792
193.584030
111.403792
193.584030
111.403792
193.584030
111.403792
193.584030
111.403792
193.584030
111.403792
193.584030
111.403792
193.584030
111.403792
193.584030
111.403792
193.584030
111.403792
193.584030
82.872404
194.293764
82.872404
194.293764
82.872404
194.293764
82.872404
194.293764
82.872404
194.293764
82.872404
194.293764
82.872404
194.293764
82.872404
194.293764
82.872404
194.293764
82.872404
194.293764
82.872404
194.293764
82.872404
194.293764
82.872404
194.293764
82.872404
194.293764
82.872404
194.293764
82.872404
194.293764
82.872404
194.293764
82.872404
194.293764
82.872404
194.293764
82.872404
194.293764
50.000000
200.000000
50.000000
200.000000
50.000000
200.000000
50.000000
200.000000
50.000000
200.000000
50.000000
200.000000
50.000000
200.000000
50.000000
200.000000
50.000000
200.000000
50.000000
200.000000
50.000000
200.000000
50.000000
200.000000
50.000000
200.000000
50.000000
200.000000
50.000000
200.000000
50.000000
200.000000
50.000000
200.000000
50.000000
200.000000
50.000000
200.000000
50.000000
200.000000
