1500.000000
1500.000000
1500.000000
1500.000000
1500.000000
1366.858677
1370.957120
1368.700574
1370.957120
1366.858677
1258.084326
1265.751759
1261.420953
1265.751759
1258.084326
1166.071841
1177.054316
1170.656099
1177.054316
1166.071841
1086.293750
1100.470055
1091.937319
1100.470055
1086.293750
1015.837172
1033.156652
1022.388950
1033.156652
1015.837172
952.717743
973.169955
960.051636
973.169955
952.717743
895.522936
919.121545
903.530481
919.121545
895.522936
843.211636
869.985292
851.797304
869.985292
843.211636
794.994442
824.981340
804.072513
824.981340
794.994442
750.258593
783.503100
759.750993
783.503100
750.258593
708.518940
745.069424
718.353705
745.069424
708.518940
669.384820
709.292219
679.494965
709.292219
669.384820
632.537023
675.853886
642.859701
675.853886
632.537023
597.711380
644.491202
608.187228
644.491202
597.711380
564.686796
614.983560
575.259432
614.983560
564.686796
533.276377
587.144229
543.891998
587.144229
533.276377
503.320724
560.813748
513.927781
560.813748
503.320724
474.682796
535.854849
485.231730
535.854849
474.682796
447.243917
512.148515
457.686942
512.148515
447.243917
420.900639
489.590876
431.191557
489.590876
420.900639
395.562243
468.090738
405.656291
468.090738
395.562243
371.148737
447.567595
381.002458
447.567595
371.148737
347.589230
427.950016
357.160357
427.950016
347.589230
324.820602
409.174328
334.067962
409.174328
324.820602
302.786412
391.183529
311.669840
391.183529
302.786412
281.435986
373.926385
289.916252
373.926385
281.435986
260.723659
357.356671
268.762403
357.356671
260.723659
240.608139
341.432539
248.167808
341.432539
240.608139
221.051963
326.115982
228.095764
326.115982
221.051963
202.021040
311.372371
208.512893
311.372371
202.021040
183.484262
297.170069
189.388753
297.170069
183.484262
165.413160
283.480092
170.695509
283.480092
165.413160
147.781620
270.275820
152.407642
270.275820
147.781620
130.565626
257.532745
134.501704
257.532745
130.565626
113.743047
245.228252
116.956099
245.228252
113.743047
97.293440
233.341428
99.750895
233.341428
97.293440
81.197884
221.852896
82.867660
221.852896
81.197884
65.438837
210.744665
66.289313
210.744665
65.438837
50.000000
200.000000
50.000000
200.000000
50.000000
