1500.000000
1500.000000
1500.000000
1500.000000
1500.000000
1500.000000
1500.000000
1500.000000
1500.000000
1500.000000
1500.000000
1500.000000
1500.000000
1500.000000
1500.000000
1500.000000
1500.000000
1500.000000
1500.000000
1500.000000
1500.000000
1500.000000
1500.000000
1500.000000
1500.000000
1500.000000
1500.000000
1500.000000
1500.000000
1500.000000
1500.000000
1500.000000
1500.000000
1500.000000
1500.000000
1500.000000
1500.000000
1500.000000
1500.000000
1500.000000
1500.000000
1500.000000
1500.000000
1500.000000
1500.000000
1500.000000
1500.000000
1500.000000
1500.000000
1500.000000
1370.281544
1370.281544
1370.281544
1370.281544
1370.281544
1370.281544
1370.281544
1370.281544
1370.281544
1370.281544
1370.281544
1370.281544
1370.281544
1370.281544
1370.281544
1370.281544
1370.281544
1370.281544
1370.281544
1370.281544
1370.281544
1370.281544
1370.281544
1370.281544
1370.281544
1370.281544
1370.281544
1370.281544
1370.281544
1370.281544
1370.281544
1370.281544
1370.281544
1370.281544
1370.281544
1370.281544
1370.281544
1370.281544
1370.281544
1370.281544
1370.281544
1370.281544
1370.281544
1370.281544
1370.281544
1370.281544
1370.281544
1370.281544
1370.281544
1370.281544
1264.388927
1264.388927
1264.388927
1264.388927
1264.388927
1264.388927
1264.388927
1264.388927
1264.388927
1264.388927
1264.388927
1264.388927
1264.388927
1264.388927
1264.388927
1264.388927
1264.388927
1264.388927
1264.388927
1264.388927
1264.388927
1264.388927
1264.388927
1264.388927
1264.388927
1264.388927
1264.388927
1264.388927
1264.388927
1264.388927
1264.388927
1264.388927
1264.388927
1264.388927
1264.388927
1264.388927
1264.388927
1264.388927
1264.388927
1264.388927
1264.388927
1264.388927
1264.388927
1264.388927
1264.388927
1264.388927
1264.388927
1264.388927
1264.388927
1264.388927
1174.927923
1174.927923
1174.927923
1174.927923
1174.927923
1174.927923
1174.927923
1174.927923
1174.927923
1174.927923
1174.927923
1174.927923
1174.927923
1174.927923
1174.927923
1174.927923
1174.927923
1174.927923
1174.927923
1174.927923
1174.927923
1174.927923
1174.927923
1174.927923
1174.927923
1174.927923
1174.927923
1174.927923
1174.927923
1174.927923
1174.927923
1174.927923
1174.927923
1174.927923
1174.927923
1174.927923
1174.927923
1174.927923
1174.927923
1174.927923
1174.927923
1174.927923
1174.927923
1174.927923
1174.927923
1174.927923
1174.927923
1174.927923
1174.927923
1174.927923
1097.484069
1097.484069
1097.484069
1097.484069
1097.484069
1097.484069
1097.484069
1097.484069
1097.484069
1097.484069
1097.484069
1097.484069
1097.484069
1097.484069
1097.484069
1097.484069
1097.484069
1097.484069
1097.484069
1097.484069
1097.484069
1097.484069
1097.484069
1097.484069
1097.484069
1097.484069
1097.484069
1097.484069
1097.484069
1097.484069
1097.484069
1097.484069
1097.484069
1097.484069
1097.484069
1097.484069
1097.484069
1097.484069
1097.484069
1097.484069
1097.484069
1097.484069
1097.484069
1097.484069
1097.484069
1097.484069
1097.484069
1097.484069
1097.484069
1097.484069
1029.211198
1029.211198
1029.211198
1029.211198
1029.211198
1029.211198
1029.211198
1029.211198
1029.211198
1029.211198
1029.211198
1029.211198
1029.211198
1029.211198
1029.211198
1029.211198
1029.211198
1029.211198
1029.211198
1029.211198
1029.211198
1029.211198
1029.211198
1029.211198
1029.211198
1029.211198
1029.211198
1029.211198
1029.211198
1029.211198
1029.211198
1029.211198
1029.211198
1029.211198
1029.211198
1029.211198
1029.211198
1029.211198
1029.211198
1029.211198
1029.211198
1029.211198
1029.211198
1029.211198
1029.211198
1029.211198
1029.211198
1029.211198
1029.211198
1029.211198
968.167218
968.167218
968.167218
968.167218
968.167218
968.167218
968.167218
968.167218
968.167218
968.167218
968.167218
968.167218
968.167218
968.167218
968.167218
968.167218
968.167218
968.167218
968.167218
968.167218
968.167218
968.167218
968.167218
968.167218
968.167218
968.167218
968.167218
968.167218
968.167218
968.167218
968.167218
968.167218
968.167218
968.167218
968.167218
968.167218
968.167218
968.167218
968.167218
968.167218
968.167218
968.167218
968.167218
968.167218
968.167218
968.167218
968.167218
968.167218
968.167218
968.167218
912.967875
912.967876
912.967875
912.967876
912.967875
912.967876
912.967875
912.967876
912.967875
912.967876
912.967875
912.967876
912.967875
912.967876
912.967875
912.967876
912.967875
912.967876
912.967875
912.967876
912.967875
912.967876
912.967875
912.967876
912.967875
912.967876
912.967875
912.967876
912.967875
912.967876
912.967875
912.967876
912.967875
912.967876
912.967875
912.967876
912.967875
912.967876
912.967875
912.967876
912.967875
912.967876
912.967875
912.967876
912.967875
912.967876
912.967875
912.967876
912.967875
912.967876
862.591776
862.591776
862.591776
862.591776
862.591776
862.591776
862.591776
862.591776
862.591776
862.591776
862.591776
862.591776
862.591776
862.591776
862.591776
862.591776
862.591776
862.591776
862.591776
862.591776
862.591776
862.591776
862.591776
862.591776
862.591776
862.591776
862.591776
862.591776
862.591776
862.591776
862.591776
862.591776
862.591776
862.591776
862.591776
862.591776
862.591776
862.591776
862.591776
862.591776
862.591776
862.591776
862.591776
862.591776
862.591776
862.591776
862.591776
862.591776
862.591776
862.591776
816.263756
816.263757
816.263756
816.263757
816.263756
816.263757
816.263756
816.263757
816.263756
816.263757
816.263756
816.263757
816.263756
816.263757
816.263756
816.263757
816.263756
816.263757
816.263756
816.263757
816.263756
816.263757
816.263756
816.263757
816.263756
816.263757
816.263756
816.263757
816.263756
816.263757
816.263756
816.263757
816.263756
816.263757
816.263756
816.263757
816.263756
816.263757
816.263756
816.263757
816.263756
816.263757
816.263756
816.263757
816.263756
816.263757
816.263756
816.263757
816.263756
816.263757
773.381620
773.381624
773.381620
773.381624
773.381620
773.381624
773.381620
773.381624
773.381620
773.381624
773.381620
773.381624
773.381620
773.381624
773.381620
773.381624
773.381620
773.381624
773.381620
773.381624
773.381620
773.381624
773.381620
773.381624
773.381620
773.381624
773.381620
773.381624
773.381620
773.381624
773.381620
773.381624
773.381620
773.381624
773.381620
773.381624
773.381620
773.381624
773.381620
773.381624
773.381620
773.381624
773.381620
773.381624
773.381620
773.381624
773.381620
773.381624
773.381620
773.381624
733.468245
733.468257
733.468245
733.468257
733.468245
733.468257
733.468245
733.468257
733.468245
733.468257
733.468245
733.468257
733.468245
733.468257
733.468245
733.468257
733.468245
733.468257
733.468245
733.468257
733.468245
733.468257
733.468245
733.468257
733.468245
733.468257
733.468245
733.468257
733.468245
733.468257
733.468245
733.468257
733.468245
733.468257
733.468245
733.468257
733.468245
733.468257
733.468245
733.468257
733.468245
733.468257
733.468245
733.468257
733.468245
733.468257
733.468245
733.468257
733.468245
733.468257
696.139184
696.139215
696.139184
696.139215
696.139184
696.139215
696.139184
696.139215
696.139184
696.139215
696.139184
696.139215
696.139184
696.139215
696.139184
696.139215
696.139184
696.139215
696.139184
696.139215
696.139184
696.139215
696.139184
696.139215
696.139184
696.139215
696.139184
696.139215
696.139184
696.139215
696.139184
696.139215
696.139184
696.139215
696.139184
696.139215
696.139184
696.139215
696.139184
696.139215
696.139184
696.139215
696.139184
696.139215
696.139184
696.139215
696.139184
696.139215
696.139184
696.139215
661.080118
661.080196
661.080118
661.080196
661.080118
661.080196
661.080118
661.080196
661.080118
661.080196
661.080118
661.080196
661.080118
661.080196
661.080118
661.080196
661.080118
661.080196
661.080118
661.080196
661.080118
661.080196
661.080118
661.080196
661.080118
661.080196
661.080118
661.080196
661.080118
661.080196
661.080118
661.080196
661.080118
661.080196
661.080118
661.080196
661.080118
661.080196
661.080118
661.080196
661.080118
661.080196
661.080118
661.080196
661.080118
661.080196
661.080118
661.080196
661.080118
661.080196
628.030775
628.030963
628.030775
628.030963
628.030775
628.030963
628.030775
628.030963
628.030775
628.030963
628.030775
628.030963
628.030775
628.030963
628.030775
628.030963
628.030775
628.030963
628.030775
628.030963
628.030775
628.030963
628.030775
628.030963
628.030775
628.030963
628.030775
628.030963
628.030775
628.030963
628.030775
628.030963
628.030775
628.030963
628.030775
628.030963
628.030775
628.030963
628.030775
628.030963
628.030775
628.030963
628.030775
628.030963
628.030775
628.030963
628.030775
628.030963
628.030775
628.030963
596.773194
596.773625
596.773194
596.773625
596.773194
596.773625
596.773194
596.773625
596.773194
596.773625
596.773194
596.773625
596.773194
596.773625
596.773194
596.773625
596.773194
596.773625
596.773194
596.773625
596.773194
596.773625
596.773194
596.773625
596.773194
596.773625
596.773194
596.773625
596.773194
596.773625
596.773194
596.773625
596.773194
596.773625
596.773194
596.773625
596.773194
596.773625
596.773194
596.773625
596.773194
596.773625
596.773194
596.773625
596.773194
596.773625
596.773194
596.773625
596.773194
596.773625
567.123002
567.123952
567.123002
567.123952
567.123002
567.123952
567.123002
567.123952
567.123002
567.123952
567.123002
567.123952
567.123002
567.123952
567.123002
567.123952
567.123002
567.123952
567.123002
567.123952
567.123002
567.123952
567.123002
567.123952
567.123002
567.123952
567.123002
567.123952
567.123002
567.123952
567.123002
567.123952
567.123002
567.123952
567.123002
567.123952
567.123002
567.123952
567.123002
567.123952
567.123002
567.123952
567.123002
567.123952
567.123002
567.123952
567.123002
567.123952
567.123002
567.123952
538.922803
538.924822
538.922803
538.924822
538.922803
538.924822
538.922803
538.924822
538.922803
538.924822
538.922803
538.924822
538.922803
538.924822
538.922803
538.924822
538.922803
538.924822
538.922803
538.924822
538.922803
538.924822
538.922803
538.924822
538.922803
538.924822
538.922803
538.924822
538.922803
538.924822
538.922803
538.924822
538.922803
538.924822
538.922803
538.924822
538.922803
538.924822
538.922803
538.924822
538.922803
538.924822
538.922803
538.924822
538.922803
538.924822
538.922803
538.924822
538.922803
538.924822
512.037083
512.041234
512.037083
512.041234
512.037083
512.041234
512.037083
512.041234
512.037083
512.041234
512.037083
512.041234
512.037083
512.041234
512.037083
512.041234
512.037083
512.041234
512.037083
512.041234
512.037083
512.041234
512.037083
512.041234
512.037083
512.041234
512.037083
512.041234
512.037083
512.041234
512.037083
512.041234
512.037083
512.041234
512.037083
512.041234
512.037083
512.041234
512.037083
512.041234
512.037083
512.041234
512.037083
512.041234
512.037083
512.041234
512.037083
512.041234
512.037083
512.041234
486.348199
486.356473
486.348199
486.356473
486.348199
486.356473
486.348199
486.356473
486.348199
486.356473
486.348199
486.356473
486.348199
486.356473
486.348199
486.356473
486.348199
486.356473
486.348199
486.356473
486.348199
486.356473
486.348199
486.356473
486.348199
486.356473
486.348199
486.356473
486.348199
486.356473
486.348199
486.356473
486.348199
486.356473
486.348199
486.356473
486.348199
486.356473
486.348199
486.356473
486.348199
486.356473
486.348199
486.356473
486.348199
486.356473
486.348199
486.356473
486.348199
486.356473
461.753142
461.769176
461.753142
461.769176
461.753142
461.769176
461.753142
461.769176
461.753142
461.769176
461.753142
461.769176
461.753142
461.769176
461.753142
461.769176
461.753142
461.769176
461.753142
461.769176
461.753142
461.769176
461.753142
461.769176
461.753142
461.769176
461.753142
461.769176
461.753142
461.769176
461.753142
461.769176
461.753142
461.769176
461.753142
461.769176
461.753142
461.769176
461.753142
461.769176
461.753142
461.769176
461.753142
461.769176
461.753142
461.769176
461.753142
461.769176
461.753142
461.769176
438.160848
438.191123
438.160848
438.191123
438.160848
438.191123
438.160848
438.191123
438.160848
438.191123
438.160848
438.191123
438.160848
438.191123
438.160848
438.191123
438.160848
438.191123
438.160848
438.191123
438.160848
438.191123
438.160848
438.191123
438.160848
438.191123
438.160848
438.191123
438.160848
438.191123
438.160848
438.191123
438.160848
438.191123
438.160848
438.191123
438.160848
438.191123
438.160848
438.191123
438.160848
438.191123
438.160848
438.191123
438.160848
438.191123
438.160848
438.191123
438.160848
438.191123
415.489839
415.545640
415.489839
415.545640
415.489839
415.545640
415.489839
415.545640
415.489839
415.545640
415.489839
415.545640
415.489839
415.545640
415.489839
415.545640
415.489839
415.545640
415.489839
415.545640
415.489839
415.545640
415.489839
415.545640
415.489839
415.545640
415.489839
415.545640
415.489839
415.545640
415.489839
415.545640
415.489839
415.545640
415.489839
415.545640
415.489839
415.545640
415.489839
415.545640
415.489839
415.545640
415.489839
415.545640
415.489839
415.545640
415.489839
415.545640
415.489839
415.545640
393.666032
393.766606
393.666032
393.766606
393.666032
393.766606
393.666032
393.766606
393.666032
393.766606
393.666032
393.766606
393.666032
393.766606
393.666032
393.766606
393.666032
393.766606
393.666032
393.766606
393.666032
393.766606
393.666032
393.766606
393.666032
393.766606
393.666032
393.766606
393.666032
393.766606
393.666032
393.766606
393.666032
393.766606
393.666032
393.766606
393.666032
393.766606
393.666032
393.766606
393.666032
393.766606
393.666032
393.766606
393.666032
393.766606
393.666032
393.766606
393.666032
393.766606
372.620512
372.798051
372.620512
372.798051
372.620512
372.798051
372.620512
372.798051
372.620512
372.798051
372.620512
372.798051
372.620512
372.798051
372.620512
372.798051
372.620512
372.798051
372.620512
372.798051
372.620512
372.798051
372.620512
372.798051
372.620512
372.798051
372.620512
372.798051
372.620512
372.798051
372.620512
372.798051
372.620512
372.798051
372.620512
372.798051
372.620512
372.798051
372.620512
372.798051
372.620512
372.798051
372.620512
372.798051
372.620512
372.798051
372.620512
372.798051
372.620512
372.798051
352.287083
352.594462
352.287083
352.594462
352.287083
352.594462
352.287083
352.594462
352.287083
352.594462
352.287083
352.594462
352.287083
352.594462
352.287083
352.594462
352.287083
352.594462
352.287083
352.594462
352.287083
352.594462
352.287083
352.594462
352.287083
352.594462
352.287083
352.594462
352.287083
352.594462
352.287083
352.594462
352.287083
352.594462
352.287083
352.594462
352.287083
352.594462
352.287083
352.594462
352.287083
352.594462
352.287083
352.594462
352.287083
352.594462
352.287083
352.594462
352.287083
352.594462
332.599319
333.121937
332.599319
333.121937
332.599319
333.121937
332.599319
333.121937
332.599319
333.121937
332.599319
333.121937
332.599319
333.121937
332.599319
333.121937
332.599319
333.121937
332.599319
333.121937
332.599319
333.121937
332.599319
333.121937
332.599319
333.121937
332.599319
333.121937
332.599319
333.121937
332.599319
333.121937
332.599319
333.121937
332.599319
333.121937
332.599319
333.121937
332.599319
333.121937
332.599319
333.121937
332.599319
333.121937
332.599319
333.121937
332.599319
333.121937
332.599319
333.121937
313.486821
314.360434
313.486821
314.360434
313.486821
314.360434
313.486821
314.360434
313.486821
314.360434
313.486821
314.360434
313.486821
314.360434
313.486821
314.360434
313.486821
314.360434
313.486821
314.360434
313.486821
314.360434
313.486821
314.360434
313.486821
314.360434
313.486821
314.360434
313.486821
314.360434
313.486821
314.360434
313.486821
314.360434
313.486821
314.360434
313.486821
314.360434
313.486821
314.360434
313.486821
314.360434
313.486821
314.360434
313.486821
314.360434
313.486821
314.360434
313.486821
314.360434
294.870238
296.307489
294.870238
296.307489
294.870238
296.307489
294.870238
296.307489
294.870238
296.307489
294.870238
296.307489
294.870238
296.307489
294.870238
296.307489
294.870238
296.307489
294.870238
296.307489
294.870238
296.307489
294.870238
296.307489
294.870238
296.307489
294.870238
296.307489
294.870238
296.307489
294.870238
296.307489
294.870238
296.307489
294.870238
296.307489
294.870238
296.307489
294.870238
296.307489
294.870238
296.307489
294.870238
296.307489
294.870238
296.307489
294.870238
296.307489
294.870238
296.307489
276.654527
278.983897
276.654527
278.983897
276.654527
278.983897
276.654527
278.983897
276.654527
278.983897
276.654527
278.983897
276.654527
278.983897
276.654527
278.983897
276.654527
278.983897
276.654527
278.983897
276.654527
278.983897
276.654527
278.983897
276.654527
278.983897
276.654527
278.983897
276.654527
278.983897
276.654527
278.983897
276.654527
278.983897
276.654527
278.983897
276.654527
278.983897
276.654527
278.983897
276.654527
278.983897
276.654527
278.983897
276.654527
278.983897
276.654527
278.983897
276.654527
278.983897
258.719717
262.442041
258.719717
262.442041
258.719717
262.442041
258.719717
262.442041
258.719717
262.442041
258.719717
262.442041
258.719717
262.442041
258.719717
262.442041
258.719717
262.442041
258.719717
262.442041
258.719717
262.442041
258.719717
262.442041
258.719717
262.442041
258.719717
262.442041
258.719717
262.442041
258.719717
262.442041
258.719717
262.442041
258.719717
262.442041
258.719717
262.442041
258.719717
262.442041
258.719717
262.442041
258.719717
262.442041
258.719717
262.442041
258.719717
262.442041
258.719717
262.442041
240.908232
246.777795
240.908232
246.777795
240.908232
246.777795
240.908232
246.777795
240.908232
246.777795
240.908232
246.777795
240.908232
246.777795
240.908232
246.777795
240.908232
246.777795
240.908232
246.777795
240.908232
246.777795
240.908232
246.777795
240.908232
246.777795
240.908232
246.777795
240.908232
246.777795
240.908232
246.777795
240.908232
246.777795
240.908232
246.777795
240.908232
246.777795
240.908232
246.777795
240.908232
246.777795
240.908232
246.777795
240.908232
246.777795
240.908232
246.777795
240.908232
246.777795
223.007542
232.147211
223.007542
232.147211
223.007542
232.147211
223.007542
232.147211
223.007542
232.147211
223.007542
232.147211
223.007542
232.147211
223.007542
232.147211
223.007542
232.147211
223.007542
232.147211
223.007542
232.147211
223.007542
232.147211
223.007542
232.147211
223.007542
232.147211
223.007542
232.147211
223.007542
232.147211
223.007542
232.147211
223.007542
232.147211
223.007542
232.147211
223.007542
232.147211
223.007542
232.147211
223.007542
232.147211
223.007542
232.147211
223.007542
232.147211
223.007542
232.147211
204.726507
218.789598
204.726507
218.789598
204.726507
218.789598
204.726507
218.789598
204.726507
218.789598
204.726507
218.789598
204.726507
218.789598
204.726507
218.789598
204.726507
218.789598
204.726507
218.789598
204.726507
218.789598
204.726507
218.789598
204.726507
218.789598
204.726507
218.789598
204.726507
218.789598
204.726507
218.789598
204.726507
218.789598
204.726507
218.789598
204.726507
218.789598
204.726507
218.789598
204.726507
218.789598
204.726507
218.789598
204.726507
218.789598
204.726507
218.789598
204.726507
218.789598
185.663361
207.059045
185.663361
207.059045
185.663361
207.059045
185.663361
207.059045
185.663361
207.059045
185.663361
207.059045
185.663361
207.059045
185.663361
207.059045
185.663361
207.059045
185.663361
207.059045
185.663361
207.059045
185.663361
207.059045
185.663361
207.059045
185.663361
207.059045
185.663361
207.059045
185.663361
207.059045
185.663361
207.059045
185.663361
207.059045
185.663361
207.059045
185.663361
207.059045
185.663361
207.059045
185.663361
207.059045
185.663361
207.059045
185.663361
207.059045
185.663361
207.059045
165.262627
197.467074
165.262627
197.467074
165.262627
197.467074
165.262627
197.467074
165.262627
197.467074
165.262627
197.467074
165.262627
197.467074
165.262627
197.467074
165.262627
197.467074
165.262627
197.467074
165.262627
197.467074
165.262627
197.467074
165.262627
197.467074
165.262627
197.467074
165.262627
197.467074
165.262627
197.467074
165.262627
197.467074
165.262627
197.467074
165.262627
197.467074
165.262627
197.467074
165.262627
197.467074
165.262627
197.467074
165.262627
197.467074
165.262627
197.467074
165.262627
197.467074
142.757566
190.739806
142.757566
190.739806
142.757566
190.739806
142.757566
190.739806
142.757566
190.739806
142.757566
190.739806
142.757566
190.739806
142.757566
190.739806
142.757566
190.739806
142.757566
190.739806
142.757566
190.739806
142.757566
190.739806
142.757566
190.739806
142.757566
190.739806
142.757566
190.739806
142.757566
190.739806
142.757566
190.739806
142.757566
190.739806
142.757566
190.739806
142.757566
190.739806
142.757566
190.739806
142.757566
190.739806
142.757566
190.739806
142.757566
190.739806
142.757566
190.739806
117.093828
187.893993
117.093828
187.893993
117.093828
187.893993
117.093828
187.893993
117.093828
187.893993
117.093828
187.893993
117.093828
187.893993
117.093828
187.893993
117.093828
187.893993
117.093828
187.893993
117.093828
187.893993
117.093828
187.893993
117.093828
187.893993
117.093828
187.893993
117.093828
187.893993
117.093828
187.893993
117.093828
187.893993
117.093828
187.893993
117.093828
187.893993
117.093828
187.893993
117.093828
187.893993
117.093828
187.893993
117.093828
187.893993
117.093828
187.893993
117.093828
187.893993
86.828824
190.337344
86.828824
190.337344
86.828824
190.337344
86.828824
190.337344
86.828824
190.337344
86.828824
190.337344
86.828824
190.337344
86.828824
190.337344
86.828824
190.337344
86.828824
190.337344
86.828824
190.337344
86.828824
190.337344
86.828824
190.337344
86.828824
190.337344
86.828824
190.337344
86.828824
190.337344
86.828824
190.337344
86.828824
190.337344
86.828824
190.337344
86.828824
190.337344
86.828824
190.337344
86.828824
190.337344
86.828824
190.337344
86.828824
190.337344
86.828824
190.337344
50.000000
200.000000
50.000000
200.000000
50.000000
200.000000
50.000000
200.000000
50.000000
200.000000
50.000000
200.000000
50.000000
200.000000
50.000000
200.000000
50.000000
200.000000
50.000000
200.000000
50.000000
200.000000
50.000000
200.000000
50.000000
200.000000
50.000000
200.000000
50.000000
200.000000
50.000000
200.000000
50.000000
200.000000
50.000000
200.000000
50.000000
200.000000
50.000000
200.000000
50.000000
200.000000
50.000000
200.000000
50.000000
200.000000
50.000000
200.000000
50.000000
200.000000
