1500.000000
1500.000000
1500.000000
1500.000000
1500.000000
1500.000000
1500.000000
1500.000000
1369.270926
1368.380840
1367.490754
1368.380840
1369.270926
1368.380840
1367.490754
1368.380840
1263.155010
1261.440272
1259.725533
1261.440272
1263.155010
1261.440272
1259.725533
1261.440272
1173.932846
1171.385057
1168.837267
1171.385057
1173.932846
1171.385057
1168.837267
1171.385057
1097.030948
1093.610098
1090.189249
1093.610098
1097.030948
1093.610098
1090.189249
1093.610098
1029.516992
1025.168135
1020.819278
1025.168135
1029.516992
1025.168135
1020.819278
1025.168135
969.398540
964.059239
958.719939
964.059239
969.398540
964.059239
958.719939
964.059239
915.260128
908.864107
902.468087
908.864107
915.260128
908.864107
902.468087
908.864107
866.060088
858.539134
851.018181
858.539134
866.060088
858.539134
851.018181
858.539134
821.009551
812.294564
803.579578
812.294564
821.009551
812.294564
803.579578
812.294564
779.496746
769.518337
759.539929
769.518337
779.496746
769.518337
759.539929
769.518337
741.037660
729.726498
718.415336
729.726498
741.037660
729.726498
718.415336
729.726498
705.242761
692.529779
679.816796
692.529779
705.242761
692.529779
679.816796
692.529779
671.793894
657.610410
643.426926
657.610410
671.793894
657.610410
643.426926
657.610410
640.427832
624.705620
608.983408
624.705620
640.427832
624.705620
608.983408
624.705620
610.924309
593.595636
576.266964
593.595636
610.924309
593.595636
576.266964
593.595636
583.097145
564.094790
545.092435
564.094790
583.097145
564.094790
545.092435
564.094790
556.787549
536.044805
515.302061
536.044805
556.787549
536.044805
515.302061
536.044805
531.858989
509.309663
486.760337
509.309663
531.858989
509.309663
486.760337
509.309663
508.193215
483.771617
459.350019
483.771617
508.193215
483.771617
459.350019
483.771617
485.687123
459.328059
432.968994
459.328059
485.687123
459.328059
432.968994
459.328059
464.250277
435.889030
407.527784
435.889030
464.250277
435.889030
407.527784
435.889030
443.802903
413.375227
382.947550
413.375227
443.802903
413.375227
382.947550
413.375227
424.274280
391.716377
359.158475
391.716377
424.274280
391.716377
359.158475
391.716377
405.601411
370.849925
336.098439
370.849925
405.601411
370.849925
336.098439
370.849925
387.727941
350.719936
313.711931
350.719936
387.727941
350.719936
313.711931
350.719936
370.603245
331.276196
291.949148
331.276196
370.603245
331.276196
291.949148
331.276196
354.181679
312.473459
270.765239
312.473459
354.181679
312.473459
270.765239
312.473459
338.421945
294.270809
250.119673
294.270809
338.421945
294.270809
250.119673
294.270809
323.286554
276.631128
229.975702
276.631128
323.286554
276.631128
229.975702
276.631128
308.741367
259.520637
210.299907
259.520637
308.741367
259.520637
210.299907
259.520637
294.755210
242.908510
191.061810
242.908510
294.755210
242.908510
191.061810
242.908510
281.299537
226.766538
172.233538
226.766538
281.299537
226.766538
172.233538
226.766538
268.348139
211.068840
153.789540
211.068840
268.348139
211.068840
153.789540
211.068840
255.876900
195.791616
135.706331
195.791616
255.876900
195.791616
135.706331
195.791616
243.863574
180.912928
117.962281
180.912928
243.863574
180.912928
117.962281
180.912928
232.287597
166.412512
100.537427
166.412512
232.287597
166.412512
100.537427
166.412512
221.129921
152.271610
83.413299
152.271610
221.129921
152.271610
83.413299
152.271610
210.372868
138.472827
66.572787
138.472827
210.372868
138.472827
66.572787
138.472827
200.000000
125.000000
50.000000
125.000000
200.000000
125.000000
50.000000
125.000000
