1500.000000
1500.000000
1500.000000
1500.000000
1500.000000
1500.000000
1500.000000
1500.000000
1500.000000
1500.000000
1500.000000
1500.000000
1500.000000
1500.000000
1500.000000
1500.000000
1390.505388
1390.096806
1389.115281
1388.133756
1387.725173
1388.133756
1389.115281
1390.096806
1390.505388
1390.096806
1389.115281
1388.133756
1387.725173
1388.133756
1389.115281
1390.096806
1299.757001
1298.963551
1297.060042
1295.156533
1294.363084
1295.156533
1297.060042
1298.963551
1299.757001
1298.963551
1297.060042
1295.156533
1294.363084
1295.156533
1297.060042
1298.963551
1222.398602
1221.210998
1218.367661
1215.524323
1214.336719
1215.524323
1218.367661
1221.210998
1222.398602
1221.210998
1218.367661
1215.524323
1214.336719
1215.524323
1218.367661
1221.210998
1155.093683
1153.486922
1149.650370
1145.813818
1144.207056
1145.813818
1149.650370
1153.486922
1155.093683
1153.486922
1149.650370
1145.813818
1144.207056
1145.813818
1149.650370
1153.486922
1095.624302
1093.564803
1088.663774
1083.762745
1081.703246
1083.762745
1088.663774
1093.564803
1095.624302
1093.564803
1088.663774
1083.762745
1081.703246
1083.762745
1088.663774
1093.564803
1042.441814
1039.890649
1033.844362
1027.798075
1025.246911
1027.798075
1033.844362
1039.890649
1042.441814
1039.890649
1033.844362
1027.798075
1025.246911
1027.798075
1033.844362
1039.890649
994.422481
991.336905
984.059386
976.781868
973.696292
976.781868
984.059386
991.336905
994.422481
991.336905
984.059386
976.781868
973.696292
976.781868
984.059386
991.336905
950.725273
947.059436
938.461932
929.864428
926.198591
929.864428
938.461932
947.059436
950.725273
947.059436
938.461932
929.864428
926.198591
929.864428
938.461932
947.059436
910.704554
906.409792
896.402211
886.394629
882.099867
886.394629
896.402211
906.409792
910.704554
906.409792
896.402211
886.394629
882.099867
886.394629
896.402211
906.409792
873.854072
868.878965
857.370789
845.862613
840.887507
845.862613
857.370789
868.878965
873.854072
868.878965
857.370789
845.862613
840.887507
845.862613
857.370789
868.878965
839.769686
834.059971
820.960882
807.861792
802.152077
807.861792
820.960882
834.059971
839.769686
834.059971
820.960882
807.861792
802.152077
807.861792
820.960882
834.059971
808.123789
801.622184
786.842506
772.062829
765.561224
772.062829
786.842506
801.622184
808.123789
801.622184
786.842506
772.062829
765.561224
772.062829
786.842506
801.622184
778.647278
771.293250
754.744298
738.195347
730.841318
738.195347
754.744298
771.293250
778.647278
771.293250
754.744298
738.195347
730.841318
738.195347
754.744298
771.293250
751.116559
742.846043
724.440400
706.034757
697.764241
706.034757
724.440400
742.846043
751.116559
742.846043
724.440400
706.034757
697.764241
706.034757
724.440400
742.846043
725.343976
716.089067
695.740825
675.392584
666.137674
675.392584
695.740825
716.089067
725.343976
716.089067
695.740825
675.392584
666.137674
675.392584
695.740825
716.089067
701.170654
690.859268
668.484246
646.109225
635.797838
646.109225
668.484246
690.859268
701.170654
690.859268
668.484246
646.109225
635.797838
646.109225
668.484246
690.859268
678.461042
667.016556
642.532504
618.048451
606.603965
618.048451
642.532504
667.016556
678.461042
667.016556
642.532504
618.048451
606.603965
618.048451
642.532504
667.016556
657.098708
644.439586
617.766373
591.093161
578.434039
591.093161
617.766373
644.439586
657.098708
644.439586
617.766373
591.093161
578.434039
591.093161
617.766373
644.439586
636.983055
623.022447
594.082259
565.142070
551.181462
565.142070
594.082259
623.022447
636.983055
623.022447
594.082259
565.142070
551.181462
565.142070
594.082259
623.022447
618.026718
602.672050
571.389572
540.107093
524.752425
540.107093
571.389572
602.672050
618.026718
602.672050
571.389572
540.107093
524.752425
540.107093
571.389572
602.672050
600.153490
583.306038
549.608645
515.911252
499.063800
515.911252
549.608645
583.306038
600.153490
583.306038
549.608645
515.911252
499.063800
515.911252
549.608645
583.306038
583.296643
564.851093
528.669041
492.486990
474.041439
492.486990
528.669041
564.851093
583.296643
564.851093
528.669041
492.486990
474.041439
492.486990
528.669041
564.851093
567.397573
547.241564
508.508183
469.774802
449.618793
469.774802
508.508183
547.241564
567.397573
547.241564
508.508183
469.774802
449.618793
469.774802
508.508183
547.241564
552.404677
530.418335
489.070224
447.722114
425.735772
447.722114
489.070224
530.418335
552.404677
530.418335
489.070224
447.722114
425.735772
447.722114
489.070224
530.418335
538.272431
514.327888
470.305118
426.282347
402.337805
426.282347
470.305118
514.327888
538.272431
514.327888
470.305118
426.282347
402.337805
426.282347
470.305118
514.327888
524.960625
498.921527
452.167840
405.414154
379.375056
405.414154
452.167840
498.921527
524.960625
498.921527
452.167840
405.414154
379.375056
405.414154
452.167840
498.921527
512.433719
484.154715
434.617741
385.080767
356.801763
385.080767
434.617741
484.154715
512.433719
484.154715
434.617741
385.080767
356.801763
385.080767
434.617741
484.154715
500.660301
469.986532
417.617993
365.249454
334.575686
365.249454
417.617993
469.986532
500.660301
469.986532
417.617993
365.249454
334.575686
365.249454
417.617993
469.986532
489.612630
456.379196
401.135129
345.891062
312.657629
345.891062
401.135129
456.379196
489.612630
456.379196
401.135129
345.891062
312.657629
345.891062
401.135129
456.379196
479.266249
443.297668
385.138645
326.979623
291.011041
326.979623
385.138645
443.297668
479.266249
443.297668
385.138645
326.979623
291.011041
326.979623
385.138645
443.297668
469.599651
430.709302
369.600659
308.492016
269.601668
308.492016
369.600659
430.709302
469.599651
430.709302
369.600659
308.492016
269.601668
308.492016
369.600659
430.709302
460.593991
418.583555
354.495620
290.407685
248.397249
290.407685
354.495620
418.583555
460.593991
418.583555
354.495620
290.407685
248.397249
290.407685
354.495620
418.583555
452.232843
406.891723
339.800055
272.708386
227.367266
272.708386
339.800055
406.891723
452.232843
406.891723
339.800055
272.708386
227.367266
272.708386
339.800055
406.891723
444.501989
395.606722
325.492349
255.377976
206.482709
255.377976
325.492349
395.606722
444.501989
395.606722
325.492349
255.377976
206.482709
255.377976
325.492349
395.606722
437.389230
384.702889
311.552556
238.402222
185.715882
238.402222
311.552556
384.702889
437.389230
384.702889
311.552556
238.402222
185.715882
238.402222
311.552556
384.702889
430.884226
374.155812
297.962228
221.768645
165.040230
221.768645
297.962228
374.155812
430.884226
374.155812
297.962228
221.768645
165.040230
221.768645
297.962228
374.155812
424.978361
363.942176
284.704273
205.466370
144.430184
205.466370
284.704273
363.942176
424.978361
363.942176
284.704273
205.466370
144.430184
205.466370
284.704273
363.942176
419.664612
354.039632
271.762820
189.486008
123.861027
189.486008
271.762820
354.039632
419.664612
354.039632
271.762820
189.486008
123.861027
189.486008
271.762820
354.039632
414.937449
344.426679
259.123111
173.819543
103.308773
173.819543
259.123111
344.426679
414.937449
344.426679
259.123111
173.819543
103.308773
173.819543
259.123111
344.426679
410.792734
335.082554
246.771395
158.460237
82.750056
158.460237
246.771395
335.082554
410.792734
335.082554
246.771395
158.460237
82.750056
158.460237
246.771395
335.082554
407.227642
325.987142
234.694842
143.402542
62.162042
143.402542
234.694842
325.987142
407.227642
325.987142
234.694842
143.402542
62.162042
143.402542
234.694842
325.987142
404.240581
317.120889
222.881458
128.642027
41.522334
128.642027
222.881458
317.120889
404.240581
317.120889
222.881458
128.642027
41.522334
128.642027
222.881458
317.120889
401.831136
308.464725
211.320018
114.175310
20.808900
114.175310
211.320018
308.464725
401.831136
308.464725
211.320018
114.175310
20.808900
114.175310
211.320018
308.464725
400.000000
300.000000
200.000000
100.000000
0.000000
100.000000
200.000000
300.000000
400.000000
300.000000
200.000000
100.000000
0.000000
100.000000
200.000000
300.000000
