1500.000000
1500.000000
1500.000000
1500.000000
1500.000000
1500.000000
1500.000000
1500.000000
1500.000000
1500.000000
1500.000000
1500.000000
1383.302175
1383.007490
1382.428681
1382.133996
1382.428681
1383.007490
1383.302175
1383.007490
1382.428681
1382.133996
1382.428681
1383.007490
1286.482952
1285.911517
1284.792418
1284.220983
1284.792418
1285.911517
1286.482952
1285.911517
1284.792418
1284.220983
1284.792418
1285.911517
1203.805974
1202.952215
1201.287067
1200.433308
1201.287067
1202.952215
1203.805974
1202.952215
1201.287067
1200.433308
1201.287067
1202.952215
1131.709254
1130.556436
1128.319347
1127.166528
1128.319347
1130.556436
1131.709254
1130.556436
1128.319347
1127.166528
1128.319347
1130.556436
1067.829854
1066.355236
1063.510440
1062.035822
1063.510440
1066.355237
1067.829854
1066.355237
1063.510440
1062.035822
1063.510440
1066.355236
1010.520174
1008.697401
1005.204135
1003.381362
1005.204135
1008.697401
1010.520174
1008.697401
1005.204135
1003.381362
1005.204135
1008.697401
958.585778
956.386063
952.201100
950.001385
952.201100
956.386063
958.585778
956.386063
952.201100
950.001385
952.201100
956.386063
911.133227
908.525975
903.605034
900.997782
903.605034
908.525975
911.133227
908.525975
903.605034
900.997782
903.605034
908.525975
867.476834
864.429972
858.728550
855.681688
858.728550
864.429972
867.476834
864.429972
858.728550
855.681688
858.728550
864.429972
827.078928
823.559076
817.032979
813.513127
817.032979
823.559076
827.078928
823.559076
817.032979
813.513127
817.032979
823.559076
789.510147
785.482705
778.088390
774.060949
778.088390
785.482705
789.510147
785.482705
778.088390
774.060949
778.088390
785.482705
754.422213
749.851395
741.546215
736.975396
741.546215
749.851395
754.422213
749.851395
741.546215
736.975396
741.546215
749.851395
721.528758
716.377588
707.119965
701.968796
707.119965
716.377588
721.528758
716.377588
707.119965
701.968796
707.119965
716.377588
690.591495
684.821794
674.571359
668.801659
674.571359
684.821794
690.591495
684.821794
674.571359
668.801659
674.571359
684.821794
661.410057
654.982409
643.700106
637.272458
643.700106
654.982409
661.410057
654.982409
643.700106
637.272458
643.700106
654.982409
633.814382
626.688093
614.336274
607.209985
614.336274
626.688093
633.814382
626.688093
614.336274
607.209985
614.336274
626.688093
607.658919
599.791975
586.334475
578.467530
586.334475
599.791975
607.658919
599.791975
586.334475
578.467530
586.334475
599.791975
582.818158
574.167173
559.569386
550.918401
559.569386
574.167173
582.818158
574.167173
559.569386
550.918401
559.569386
574.167173
559.183134
549.703306
533.932241
524.452413
533.932241
549.703306
559.183134
549.703306
533.932241
524.452413
533.932241
549.703306
536.658666
526.303718
509.328068
498.973120
509.328068
526.303718
536.658666
526.303718
509.328068
498.973120
509.328068
526.303718
515.161146
503.883278
485.673471
474.395602
485.673471
503.883278
515.161146
503.883278
485.673471
474.395602
485.673471
503.883278
494.616756
482.366588
462.894846
450.644678
462.894846
482.366588
494.616756
482.366588
462.894846
450.644678
462.894846
482.366588
474.960016
461.686538
440.926927
427.653449
440.926927
461.686538
474.960016
461.686538
440.926927
427.653449
440.926927
461.686538
456.132595
441.783111
419.711595
405.362111
419.711595
441.783111
456.132595
441.783111
419.711595
405.362111
419.711595
441.783111
438.082324
422.602398
399.196890
383.716964
399.196890
422.602398
438.082324
422.602398
399.196890
383.716964
399.196890
422.602398
420.762376
404.095781
379.336190
362.669594
379.336190
404.095781
420.762376
404.095781
379.336190
362.669594
379.336190
404.095781
404.130577
386.219237
360.087523
342.176183
360.087523
386.219237
404.130577
386.219237
360.087523
342.176183
360.087523
386.219237
388.148826
368.932768
341.412987
322.196929
341.412987
368.932768
388.148826
368.932768
341.412987
322.196929
341.412987
368.932768
372.782604
352.199902
323.278257
302.695554
323.278257
352.199902
372.782604
352.199902
323.278257
302.695554
323.278257
352.199902
358.000556
335.987277
305.652165
283.638886
305.652165
335.987277
358.000556
335.987277
305.652165
283.638886
305.652165
335.987277
343.774127
320.264283
288.506342
264.996498
288.506342
320.264283
343.774127
320.264283
288.506342
264.996498
288.506342
320.264283
330.077257
305.002749
271.814908
246.740401
271.814908
305.002749
330.077257
305.002749
271.814908
246.740401
271.814908
305.002749
316.886111
290.176679
255.554206
228.844775
255.554206
290.176679
316.886111
290.176679
255.554206
228.844775
255.554206
290.176679
304.178847
275.762019
239.702566
211.285738
239.702566
275.762019
304.178847
275.762019
239.702566
211.285738
239.702566
275.762019
291.935416
261.736454
224.240106
194.041145
224.240106
261.736454
291.935416
261.736454
224.240106
194.041145
224.240106
261.736454
280.137382
248.079234
209.148556
177.090408
209.148556
248.079234
280.137382
248.079234
209.148556
177.090408
209.148556
248.079234
268.767769
234.771016
194.411099
160.414346
194.411099
234.771016
268.767769
234.771016
194.411099
160.414346
194.411099
234.771016
257.810922
221.793728
180.012237
143.995044
180.012237
221.793728
257.810922
221.793728
180.012237
143.995044
180.012237
221.793728
247.252386
209.130450
165.937670
127.815734
165.937670
209.130450
247.252386
209.130450
165.937670
127.815734
165.937670
209.130450
237.078801
196.765304
152.174186
111.860689
152.174186
196.765304
237.078801
196.765304
152.174186
111.860689
152.174186
196.765304
227.277806
184.683363
138.709572
96.115129
138.709572
184.683363
227.277806
184.683363
138.709572
96.115129
138.709572
184.683363
217.837953
172.870562
125.532522
80.565131
125.532522
172.870562
217.837953
172.870562
125.532522
80.565131
125.532522
172.870562
208.748631
161.313626
112.632565
65.197560
112.632565
161.313626
208.748631
161.313626
112.632565
65.197560
112.632565
161.313626
200.000000
150.000000
100.000000
50.000000
100.000000
150.000000
200.000000
150.000000
100.000000
50.000000
100.000000
150.000000
