1500.000000
1500.000000
1500.000000
1500.000000
1500.000000
1500.000000
1500.000000
1500.000000
1500.000000
1500.000000
1500.000000
1500.000000
1500.000000
1500.000000
1500.000000
1500.000000
1500.000000
1500.000000
1500.000000
1500.000000
1500.000000
1500.000000
1500.000000
1500.000000
1500.000000
1383.691156
1383.723369
1383.779813
1383.848895
1383.919810
1383.985072
1384.040685
1384.085423
1384.119634
1384.144452
1384.161097
1384.170644
1384.173739
1384.170644
1384.161097
1384.144452
1384.119634
1384.085423
1384.040685
1383.985072
1383.919810
1383.848895
1383.779813
1383.723369
1383.691156
1286.752953
1286.815519
1286.924101
1287.055501
1287.188805
1287.310209
1287.412705
1287.494573
1287.556792
1287.601756
1287.631799
1287.649017
1287.654578
1287.649017
1287.631799
1287.601756
1287.556792
1287.494573
1287.412705
1287.310209
1287.188805
1287.055501
1286.924101
1286.815519
1286.752953
1203.642850
1203.736782
1203.897546
1204.089119
1204.280359
1204.452150
1204.595386
1204.708764
1204.794216
1204.855695
1204.896545
1204.919961
1204.927461
1204.919961
1204.896545
1204.855695
1204.794216
1204.708764
1204.595386
1204.452150
1204.280359
1204.089119
1203.897546
1203.736782
1203.642850
1130.898275
1131.026354
1131.241690
1131.493618
1131.740281
1131.958411
1132.137618
1132.278089
1132.382893
1132.457994
1132.507510
1132.535973
1132.544945
1132.535973
1132.507510
1132.457994
1132.382893
1132.278089
1132.137618
1131.958411
1131.740281
1131.493618
1131.241690
1131.026354
1130.898275
1066.211397
1066.377808
1066.651555
1066.965312
1067.265788
1067.527140
1067.738285
1067.902238
1068.023078
1068.109482
1068.165816
1068.198461
1068.208438
1068.198461
1068.165816
1068.109482
1068.023078
1067.902238
1067.738285
1067.527140
1067.265788
1066.965312
1066.651555
1066.377808
1066.211397
1007.966862
1008.177124
1008.514099
1008.891939
1009.244938
1009.546945
1009.786355
1009.970798
1010.104696
1010.200582
1010.262042
1010.298288
1010.308741
1010.298288
1010.262042
1010.200582
1010.104696
1009.970798
1009.786355
1009.546945
1009.244938
1008.891939
1008.514099
1008.177124
1007.966862
954.989774
955.250833
955.656519
956.101214
956.505382
956.845867
957.109975
957.312465
957.456594
957.560632
957.625546
957.665142
957.675388
957.665142
957.625546
957.560632
957.456594
957.312465
957.109975
956.845867
956.505382
956.101214
955.656519
955.250833
954.989774
906.398743
906.719165
907.199449
907.714172
908.167790
908.544942
908.830067
909.048744
909.200243
909.311645
909.378209
909.421318
909.430401
909.421318
909.378209
909.311645
909.200243
909.048744
908.830067
908.544942
908.167790
907.714172
907.199449
906.719165
906.398743
861.515467
861.905727
862.466620
863.054934
863.555638
863.968094
864.270223
864.503909
864.659674
864.778320
864.844402
864.891744
864.898269
864.891744
864.844402
864.778320
864.659674
864.503909
864.270223
863.968094
863.555638
863.054934
862.466620
861.905727
861.515467
819.806618
820.279466
820.926779
821.592718
822.137197
822.584218
822.898753
823.147142
823.303573
823.430192
823.493095
823.546152
823.548057
823.546152
823.493095
823.430192
823.303573
823.147142
822.898753
822.584218
822.137197
821.592718
820.926779
820.279466
819.806618
780.845087
781.416013
782.154949
782.903196
783.486842
783.968589
784.290035
784.553963
784.706643
784.843089
784.899235
784.960532
784.954794
784.960532
784.899235
784.843089
784.706643
784.553963
784.290035
783.968589
783.486842
782.903196
782.154949
781.416013
780.845087
744.283346
744.971137
745.805783
746.641948
747.258436
747.776350
748.097919
748.379738
748.523024
748.672646
748.717172
748.790658
748.772900
748.790658
748.717172
748.672646
748.523024
748.379738
748.097919
747.776350
747.258436
746.641948
745.805783
744.971137
744.283346
709.834618
710.662032
711.594720
712.525749
713.166512
713.723822
714.036928
714.340997
714.467507
714.635633
714.661879
714.753422
714.717408
714.753422
714.661879
714.635633
714.467507
714.340997
714.036928
713.723822
713.166512
712.525749
711.594720
710.662032
709.834618
677.259278
678.253844
679.284353
680.319077
680.972662
681.575033
681.868657
682.201974
682.301930
682.496499
682.495357
682.613377
682.550368
682.613377
682.495357
682.496499
682.301930
682.201974
681.868657
681.575033
680.972662
680.319077
679.284353
678.253844
677.259278
646.354814
647.549774
648.674347
649.824208
650.475471
651.131826
651.391711
651.764711
651.825128
652.057480
652.016584
652.172852
652.070803
652.172852
652.016584
652.057480
651.825128
651.764711
651.391711
651.131826
650.475471
649.824208
648.674347
647.549774
646.354814
616.948279
618.383693
619.593840
620.873816
621.502938
622.226471
622.434136
622.861684
622.865362
623.151227
623.053946
623.264577
623.107139
623.264577
623.053946
623.151227
622.865362
622.861684
622.434136
622.226471
621.502938
620.873816
619.593840
618.383693
616.948279
588.890524
590.614561
591.895612
593.325379
593.906661
594.716081
594.847599
595.350208
595.274502
595.635216
595.459427
595.746099
595.511393
595.746099
595.459427
595.635216
595.274502
595.350208
594.847599
594.716081
593.906661
593.325379
591.895612
590.614561
588.890524
562.051730
564.122151
565.451531
567.056897
567.557297
568.478336
568.502858
569.108169
568.923497
569.387483
569.104078
569.495516
569.154645
569.495516
569.104078
569.387483
568.923497
569.108169
568.502858
568.478336
567.557297
567.056897
565.451531
564.122151
562.051730
536.317878
538.803763
540.148932
541.963592
542.340969
543.408194
543.286159
544.030731
543.698775
544.303322
543.874417
544.408178
543.923441
544.408178
543.874417
544.303322
543.698775
544.030731
543.286159
543.408194
542.340969
541.963592
540.148932
538.803763
536.317878
511.587945
514.571660
515.887704
517.955345
518.156361
519.415327
519.096337
520.027775
519.499343
520.292739
519.669533
520.394140
519.716890
520.394140
519.669533
520.292739
519.499343
520.027775
519.096337
519.415327
518.156361
517.955345
515.887704
514.571660
511.587945
487.771631
491.351084
492.577888
494.954710
494.912339
496.422146
495.842434
497.021915
496.234407
497.278463
496.398705
497.376172
496.444291
497.376172
496.398705
497.278463
496.234407
497.021915
495.842434
496.422146
494.912339
494.954710
492.577888
491.351084
487.771631
464.787501
469.078704
470.137670
472.895371
472.525968
474.362252
473.441713
474.946962
473.821382
475.194405
473.979413
475.288227
474.023144
475.288227
473.979413
475.194405
473.821382
474.946962
473.441713
474.362252
472.525968
472.895371
470.137670
469.078704
464.787501
442.561445
447.701420
448.491680
451.720954
450.920820
453.179261
451.817968
453.746733
452.184207
453.984478
452.335657
454.074250
452.377464
454.074250
452.335657
453.984478
452.184207
453.746733
451.817968
453.179261
450.920820
451.720954
448.491680
447.701420
442.561445
421.025384
427.175446
427.569510
431.384133
430.025523
432.825899
430.900064
433.374155
431.251883
433.601697
431.396489
433.687286
431.436316
433.687286
431.396489
433.601697
431.251883
433.374155
430.900064
432.825899
430.025523
431.384133
427.569510
427.175446
421.025384
400.116173
407.465618
407.304404
411.845966
409.772463
413.263345
410.620639
413.790604
410.957179
414.007517
411.094726
414.088817
411.132530
414.088817
411.094726
414.007517
410.957179
413.790604
410.620639
413.263345
409.772463
411.845966
407.304404
407.465618
400.116173
379.774656
388.544900
387.632077
393.075433
390.096624
394.460770
390.914948
394.965440
391.235466
395.171370
391.365784
395.248301
391.401532
395.248301
391.365784
395.171370
391.235466
394.965440
390.914948
394.460770
390.096624
393.075433
387.632077
388.544900
379.774656
359.944837
370.394045
368.489631
375.049147
370.934523
376.395037
371.719784
376.875715
372.023651
377.070374
372.146607
377.142875
372.180276
377.142875
372.146607
377.070374
372.023651
376.875715
371.719784
376.395037
370.934523
375.049147
368.489631
370.394045
359.944837
340.573151
353.001397
349.814530
357.751209
352.223202
359.050561
352.972474
359.506021
353.259166
359.689181
353.374661
359.757212
353.406236
359.757212
353.374661
359.689181
353.259166
359.506021
352.972474
359.050561
352.223202
357.751209
349.814530
353.001397
340.573151
321.607809
336.362805
331.543632
341.173194
333.899273
342.419290
334.609922
342.848477
334.879010
343.019966
334.986977
343.083502
335.016450
343.083502
334.986977
343.019966
334.879010
342.848477
334.609922
342.419290
333.899273
341.173194
331.543632
336.362805
321.607809
302.998201
320.481652
313.612237
325.314262
315.897985
326.500805
316.567668
326.902830
316.818815
327.062524
316.919213
327.121555
316.946584
327.121555
316.919213
327.062524
316.818815
326.902830
316.567668
326.500805
315.897985
325.314262
313.612237
320.481652
302.998201
284.694347
305.368973
295.953158
310.181367
298.152301
311.302533
298.778968
311.676663
299.011918
311.824483
299.104732
311.879012
299.130004
311.879012
299.104732
311.824483
299.011918
311.676663
298.778968
311.302533
298.152301
310.181367
295.953158
305.368973
284.694347
266.646379
291.043664
278.495782
295.789579
280.591971
296.840056
281.173862
297.185706
281.388436
297.321615
281.473672
297.371657
281.496856
297.371657
281.473672
297.321615
281.388436
297.185706
281.173862
296.840056
280.591971
295.789579
278.495782
291.043664
266.646379
248.804059
277.532768
261.165132
282.162497
263.142600
283.137520
263.678237
283.454245
263.874325
283.578239
263.952010
283.623819
263.973120
283.623819
263.952010
283.578239
263.874325
283.454245
263.678237
283.137520
263.142600
282.162497
261.165132
277.532768
248.804059
231.116304
264.871840
243.880896
269.332755
245.724680
270.228138
246.212863
270.515620
246.390421
270.627732
246.460596
270.668883
246.479650
270.668883
246.460596
270.627732
246.390421
270.515620
246.212863
270.228138
245.724680
269.332755
243.880896
264.871840
231.116304
213.530734
253.105383
226.556443
257.342625
228.252601
258.154777
228.692398
258.412820
228.851437
258.513110
228.914162
258.549874
228.931179
258.549874
228.914162
258.513110
228.851437
258.412820
228.692398
258.154777
228.252601
257.342625
226.556443
253.105383
213.530734
195.993226
242.287358
209.097790
246.244701
210.633617
246.970641
211.024352
247.199164
211.164936
247.287716
211.220282
247.320142
211.235288
247.320142
211.220282
247.287716
211.164936
247.199164
211.024352
246.970641
210.633617
246.244701
209.097790
242.287358
195.993226
178.447470
232.481754
191.402538
236.102684
192.766767
236.740043
193.108007
236.939066
193.230248
237.015990
193.278298
237.044132
193.291319
237.044132
193.278298
237.015990
193.230248
236.939066
193.108007
236.740043
192.766767
236.102684
191.402538
232.481754
178.447470
160.834527
223.763235
173.358755
226.992244
174.541741
227.539265
174.833283
227.708903
174.937336
227.774329
174.978183
227.798245
174.989247
227.798245
174.978183
227.774329
174.937336
227.708903
174.833283
227.539265
174.541741
226.992244
173.358755
223.763235
160.834527
143.092382
216.217850
154.843804
219.001983
155.837690
219.457510
156.079546
219.597964
156.165603
219.652038
156.199349
219.671792
156.208486
219.671792
156.199349
219.652038
156.165603
219.597964
156.079546
219.457510
155.837690
219.001983
154.843804
216.217850
143.092382
125.155491
209.943806
135.723122
212.234485
136.521967
212.597941
136.714349
212.709490
136.782636
212.752376
136.809391
212.768034
136.816632
212.768034
136.809391
212.752376
136.782636
212.709490
136.714349
212.597941
136.521967
212.234485
135.723122
209.943806
125.155491
106.954323
205.052316
115.848922
206.807461
116.448801
207.078826
116.592102
207.161819
116.642874
207.193693
116.662754
207.205325
116.668134
207.205325
116.662754
207.193693
116.642874
207.161819
116.592102
207.078826
116.448801
206.807461
115.848922
205.052316
106.954323
88.414886
201.668510
95.058838
202.854990
95.457892
203.034767
95.552672
203.089614
95.586210
203.110663
95.599337
203.118343
95.602888
203.118343
95.599337
203.110663
95.586210
203.089614
95.552672
203.034767
95.457892
202.854990
95.058838
201.668510
88.414886
69.458240
199.932414
73.174496
200.528858
73.372925
200.618033
73.419894
200.645201
73.436502
200.655622
73.443000
200.659424
73.444758
200.659424
73.443000
200.655622
73.436502
200.645201
73.419894
200.618033
73.372925
200.528858
73.174496
199.932414
69.458240
50.000000
200.000000
50.000000
200.000000
50.000000
200.000000
50.000000
200.000000
50.000000
200.000000
50.000000
200.000000
50.000000
200.000000
50.000000
200.000000
50.000000
200.000000
50.000000
200.000000
50.000000
200.000000
50.000000
200.000000
50.000000
