1500.000000
1500.000000
1500.000000
1500.000000
1500.000000
1500.000000
1500.000000
1500.000000
1500.000000
1500.000000
1500.000000
1500.000000
1500.000000
1500.000000
1500.000000
1500.000000
1500.000000
1500.000000
1500.000000
1500.000000
1500.000000
1500.000000
1500.000000
1500.000000
1383.198935
1383.134453
1382.958408
1382.718085
1382.477763
1382.301718
1382.237236
1382.301718
1382.477763
1382.718085
1382.958408
1383.134453
1383.198935
1383.134453
1382.958408
1382.718085
1382.477763
1382.301718
1382.237236
1382.301718
1382.477763
1382.718085
1382.958408
1383.134453
1286.286271
1286.160936
1285.818845
1285.351968
1284.885090
1284.542999
1284.417664
1284.542999
1284.885090
1285.351968
1285.818845
1286.160936
1286.286271
1286.160936
1285.818845
1285.351968
1284.885090
1284.542999
1284.417664
1284.542999
1284.885090
1285.351968
1285.818845
1286.160936
1203.518640
1203.330860
1202.818552
1202.119641
1201.420730
1200.908422
1200.720642
1200.908422
1201.420730
1202.119641
1202.818552
1203.330860
1203.518640
1203.330860
1202.818552
1202.119641
1201.420730
1200.908422
1200.720642
1200.908422
1201.420730
1202.119641
1202.818552
1203.330860
1131.330728
1131.076454
1130.383170
1129.437891
1128.492612
1127.799329
1127.545055
1127.799329
1128.492612
1129.437891
1130.383170
1131.076454
1131.330728
1131.076454
1130.383170
1129.437891
1128.492612
1127.799329
1127.545055
1127.799329
1128.492612
1129.437891
1130.383170
1131.076454
1067.357863
1067.031734
1066.143301
1064.932838
1063.722375
1062.833942
1062.507814
1062.833942
1063.722375
1064.932838
1066.143301
1067.031734
1067.357863
1067.031734
1066.143301
1064.932838
1063.722375
1062.833942
1062.507814
1062.833942
1063.722375
1064.932838
1066.143301
1067.031734
1009.951480
1009.547343
1008.447646
1006.950768
1005.453890
1004.354193
1003.950056
1004.354193
1005.453890
1006.950768
1008.447646
1009.547343
1009.951480
1009.547343
1008.447646
1006.950768
1005.453890
1004.354193
1003.950056
1004.354193
1005.453890
1006.950768
1008.447646
1009.547343
957.916574
957.427722
956.099446
954.293582
952.487718
951.159442
950.670590
951.159442
952.487718
954.293582
956.099446
957.427722
957.916574
957.427722
956.099446
954.293582
952.487718
951.159442
950.670590
951.159442
952.487718
954.293582
956.099446
957.427722
910.359357
909.778643
908.203664
906.065505
903.927345
902.352366
901.771652
902.352366
903.927345
906.065505
908.203664
909.778643
910.359357
909.778643
908.203664
906.065505
903.927345
902.352366
901.771652
902.352366
903.927345
906.065505
908.203664
909.778643
866.593931
865.913799
864.073397
861.579261
859.085126
857.244723
856.564592
857.244723
859.085126
861.579261
864.073397
865.913799
866.593931
865.913799
864.073397
861.579261
859.085126
857.244723
856.564592
857.244723
859.085126
861.579261
864.073397
865.913799
826.082499
825.294982
823.169955
820.296027
817.422100
815.297072
814.509555
815.297072
817.422100
820.296027
823.169955
825.294982
826.082499
825.294982
823.169955
820.296027
817.422100
815.297072
814.509555
815.297072
817.422100
820.296027
823.169955
825.294982
788.395649
787.492326
785.063049
781.785548
778.508047
776.078770
775.175447
776.078770
778.508047
781.785548
785.063049
787.492326
788.395649
787.492326
785.063049
781.785548
778.508047
776.078770
775.175447
776.078770
778.508047
781.785548
785.063049
787.492326
753.185110
752.157047
749.403501
745.698805
741.994108
739.240563
738.212500
739.240563
741.994108
745.698805
749.403501
752.157047
753.185110
752.157047
749.403501
745.698805
741.994108
739.240563
738.212500
739.240563
741.994108
745.698805
749.403501
752.157047
720.164580
719.002250
715.904028
711.748777
707.593526
704.495304
703.332974
704.495304
707.593526
711.748777
715.904028
719.002250
720.164580
719.002250
715.904028
711.748777
707.593526
704.495304
703.332974
704.495304
707.593526
711.748777
715.904028
719.002250
689.095906
687.789090
684.325388
679.696577
675.067765
671.604063
670.297248
671.604063
675.067765
679.696577
684.325388
687.789090
689.095906
687.789090
684.325388
679.696577
675.067765
671.604063
670.297248
671.604063
675.067765
679.696577
684.325388
687.789090
659.778923
658.316593
654.466204
649.341258
644.216312
640.365922
638.903592
640.365922
644.216312
649.341258
654.466204
658.316593
659.778923
658.316593
654.466204
649.341258
644.216312
640.365922
638.903592
640.365922
644.216312
649.341258
654.466204
658.316593
632.043853
630.414035
626.155330
620.512184
614.869037
610.610332
608.980514
610.610332
614.869037
620.512184
626.155330
630.414035
632.043853
630.414035
626.155330
620.512184
614.869037
610.610332
608.980514
610.610332
614.869037
620.512184
626.155330
630.414035
605.745519
603.935141
599.246056
593.063225
586.880393
582.191309
580.380931
582.191309
586.880393
593.063225
599.246056
603.935141
605.745519
603.935141
599.246056
593.063225
586.880393
582.191309
580.380931
582.191309
586.880393
593.063225
599.246056
603.935141
580.758891
578.753605
573.611628
566.868279
560.124931
554.982954
552.977668
554.982954
560.124931
566.868279
573.611628
578.753605
580.758891
578.753605
573.611628
566.868279
560.124931
554.982954
552.977668
554.982954
560.124931
566.868279
573.611628
578.753605
556.975603
554.759588
549.141747
541.817773
534.493800
528.875959
526.659944
528.875959
534.493800
541.817773
549.141747
554.759588
556.975603
554.759588
549.141747
541.817773
534.493800
528.875959
526.659944
528.875959
534.493800
541.817773
549.141747
554.759588
534.301206
531.856944
525.739807
517.815893
509.891979
503.774843
501.330580
503.774843
509.891979
517.815893
525.739807
531.856944
534.301206
531.856944
525.739807
517.815893
509.891979
503.774843
501.330580
503.774843
509.891979
517.815893
525.739807
531.856944
512.652975
509.961004
503.320679
494.778374
486.236070
479.595745
476.903773
479.595745
486.236070
494.778374
503.320679
509.961004
512.652975
509.961004
503.320679
494.778374
486.236070
479.595745
476.903773
479.595745
486.236070
494.778374
503.320679
509.961004
491.958144
488.996780
481.808929
472.630717
463.452504
456.264653
453.303289
456.264653
463.452504
472.630717
481.808929
488.996780
491.958144
488.996780
481.808929
472.630717
463.452504
456.264653
453.303289
456.264653
463.452504
472.630717
481.808929
488.996780
472.152475
468.897508
461.137369
451.306732
441.476095
433.715956
430.460989
433.715956
441.476095
451.306732
461.137369
468.897508
472.152475
468.897508
461.137369
451.306732
441.476095
433.715956
430.460989
433.715956
441.476095
451.306732
461.137369
468.897508
453.179087
449.603438
441.245859
430.747353
420.248846
411.891267
408.315619
411.891267
420.248846
430.747353
441.245859
449.603438
453.179087
449.603438
441.245859
430.747353
420.248846
411.891267
408.315619
411.891267
420.248846
430.747353
441.245859
449.603438
434.987491
431.060839
422.080331
410.899644
399.718957
390.738449
386.811797
390.738449
399.718957
410.899644
422.080331
431.060839
434.987491
431.060839
422.080331
410.899644
399.718957
390.738449
386.811797
390.738449
399.718957
410.899644
422.080331
431.060839
417.532798
413.221164
403.591961
391.715985
379.840009
370.210806
365.899172
370.210806
379.840009
391.715985
403.591961
413.221164
417.532798
413.221164
403.591961
391.715985
379.840009
370.210806
365.899172
370.210806
379.840009
391.715985
403.591961
413.221164
400.775050
396.040348
385.736494
373.153380
360.570266
350.266412
345.531710
350.266412
360.570266
373.153380
385.736494
396.040348
400.775050
396.040348
385.736494
373.153380
360.570266
350.266412
345.531710
350.266412
360.570266
373.153380
385.736494
396.040348
384.678670
379.478208
368.473656
355.172877
341.872099
330.867546
325.667084
330.867546
341.872099
355.172877
368.473656
379.478208
384.678670
379.478208
368.473656
355.172877
341.872099
330.867546
325.667084
330.867546
341.872099
355.172877
368.473656
379.478208
369.212001
363.497936
351.766674
337.739079
323.711484
311.980223
306.266157
311.980223
323.711484
337.739079
351.766674
363.497936
369.212001
363.497936
351.766674
337.739079
323.711484
311.980223
306.266157
311.980223
323.711484
337.739079
351.766674
363.497936
354.346911
348.065656
335.581858
320.819721
306.057584
293.573786
287.292531
293.573786
306.057584
320.819721
335.581858
348.065656
354.346911
348.065656
335.581858
320.819721
306.057584
293.573786
287.292531
293.573786
306.057584
320.819721
335.581858
348.065656
340.058469
333.150049
319.888248
304.385313
288.882377
275.620577
268.712156
275.620577
288.882377
304.385313
319.888248
333.150049
340.058469
333.150049
319.888248
304.385313
288.882377
275.620577
268.712156
275.620577
288.882377
304.385313
319.888248
333.150049
326.324671
318.722016
304.657308
288.408829
272.160350
258.095642
250.492986
258.095642
272.160350
288.408829
304.657308
318.722016
326.324671
318.722016
304.657308
288.408829
272.160350
258.095642
250.492986
258.095642
272.160350
288.408829
304.657308
318.722016
313.126205
304.754390
289.862668
272.865443
255.868217
240.976495
232.604681
240.976495
255.868217
272.865443
289.862668
304.754390
313.126205
304.754390
289.862668
272.865443
255.868217
240.976495
232.604681
240.976495
255.868217
272.865443
289.862668
304.754390
300.446257
291.221675
275.479903
257.732292
239.984682
224.242909
215.018328
224.242909
239.984682
257.732292
275.479903
291.221675
300.446257
291.221675
275.479903
257.732292
239.984682
224.242909
215.018328
224.242909
239.984682
257.732292
275.479903
291.221675
288.270352
278.099819
261.486330
242.988280
224.490230
207.876741
197.706209
207.876741
224.490230
242.988280
261.486330
278.099819
288.270352
278.099819
261.486330
242.988280
224.490230
207.876741
197.706209
207.876741
224.490230
242.988280
261.486330
278.099819
276.586215
265.366004
247.860853
228.613895
209.366937
191.861787
180.641575
191.861787
209.366937
228.613895
247.860853
265.366004
276.586215
265.366004
247.860853
228.613895
209.366937
191.861787
180.641575
191.861787
209.366937
228.613895
247.860853
265.366004
265.383664
252.998460
234.583808
214.591058
194.598307
176.183655
163.798451
176.183655
194.598307
214.591058
234.583808
252.998460
265.383664
252.998460
234.583808
214.591058
194.598307
176.183655
163.798451
176.183655
194.598307
214.591058
234.583808
252.998460
254.654515
240.976298
221.636843
200.902983
180.169122
160.829667
147.151450
160.829667
180.169122
200.902983
221.636843
240.976298
254.654515
240.976298
221.636843
200.902983
180.169122
160.829667
147.151450
160.829667
180.169122
200.902983
221.636843
240.976298
244.392514
229.279349
209.002811
187.534060
166.065308
145.788770
130.675606
145.788770
166.065308
187.534060
209.002811
229.279349
244.392514
229.279349
209.002811
187.534060
166.065308
145.788770
130.675606
145.788770
166.065308
187.534060
209.002811
229.279349
234.593279
217.888023
196.665673
174.469745
152.273817
131.051467
114.346211
131.051467
152.273817
174.469745
196.665673
217.888023
234.593279
217.888023
196.665673
174.469745
152.273817
131.051467
114.346211
131.051467
152.273817
174.469745
196.665673
217.888023
225.254263
206.783172
184.610422
161.696467
138.782512
116.609763
98.138672
116.609763
138.782512
161.696467
184.610422
206.783172
225.254263
206.783172
184.610422
161.696467
138.782512
116.609763
98.138672
116.609763
138.782512
161.696467
184.610422
206.783172
216.374719
195.945962
172.823012
149.201542
125.580071
102.457122
82.028365
102.457122
125.580071
149.201542
172.823012
195.945962
216.374719
195.945962
172.823012
149.201542
125.580071
102.457122
82.028365
102.457122
125.580071
149.201542
172.823012
195.945962
207.955690
185.357757
161.290301
136.973096
112.655891
88.588435
65.990502
88.588435
112.655891
136.973096
161.290301
185.357757
207.955690
185.357757
161.290301
136.973096
112.655891
88.588435
65.990502
88.588435
112.655891
136.973096
161.290301
185.357757
200.000000
175.000000
150.000000
125.000000
100.000000
75.000000
50.000000
75.000000
100.000000
125.000000
150.000000
175.000000
200.000000
175.000000
150.000000
125.000000
100.000000
75.000000
50.000000
75.000000
100.000000
125.000000
150.000000
175.000000
