1500.000000
1500.000000
1500.000000
1500.000000
1500.000000
1500.000000
1500.000000
1500.000000
1500.000000
1500.000000
1500.000000
1500.000000
1500.000000
1500.000000
1500.000000
1500.000000
1500.000000
1500.000000
1500.000000
1500.000000
1390.434473
1390.182137
1389.522563
1388.707998
1388.048425
1387.796088
1388.048425
1388.707998
1389.522563
1390.182137
1390.434473
1390.182137
1389.522563
1388.707998
1388.048425
1387.796088
1388.048425
1388.707998
1389.522563
1390.182137
1299.621862
1299.131572
1297.850729
1296.269355
1294.988512
1294.498222
1294.988512
1296.269355
1297.850729
1299.131572
1299.621862
1299.131572
1297.850729
1296.269355
1294.988512
1294.498222
1294.988512
1296.269355
1297.850729
1299.131572
1222.201083
1221.466810
1219.550260
1217.185061
1215.268512
1214.534238
1215.268512
1217.185061
1219.550260
1221.466810
1222.201083
1221.466810
1219.550260
1217.185061
1215.268512
1214.534238
1215.268512
1217.185061
1219.550260
1221.466810
1154.833293
1153.839357
1151.248246
1148.052494
1145.461383
1144.467446
1145.461383
1148.052494
1151.248246
1153.839357
1154.833293
1153.839357
1151.248246
1148.052494
1145.461383
1144.467446
1145.461383
1148.052494
1151.248246
1153.839357
1095.299294
1094.024806
1090.707744
1086.619804
1083.302743
1082.028255
1083.302743
1086.619804
1090.707744
1094.024806
1095.299294
1094.024806
1090.707744
1086.619804
1083.302743
1082.028255
1083.302743
1086.619804
1090.707744
1094.024806
1042.049688
1040.470550
1036.369187
1031.319538
1027.218175
1025.639037
1027.218175
1031.319538
1036.369187
1040.470550
1042.049688
1040.470550
1036.369187
1031.319538
1027.218175
1025.639037
1027.218175
1031.319538
1036.369187
1040.470550
993.960240
992.050076
987.101940
981.016832
976.068697
974.158533
976.068697
981.016832
987.101940
992.050076
993.960240
992.050076
987.101940
981.016832
976.068697
974.158533
976.068697
981.016832
987.101940
992.050076
950.189552
947.920124
942.060170
934.863694
929.003739
926.734311
929.003739
934.863694
942.060170
947.920124
950.189552
947.920124
942.060170
934.863694
929.003739
926.734311
929.003739
934.863694
942.060170
947.920124
910.091697
907.433040
900.594536
892.209885
885.371381
882.712724
885.371381
892.209885
900.594536
907.433040
910.091697
907.433040
900.594536
892.209885
885.371381
882.712724
885.371381
892.209885
900.594536
907.433040
873.160180
870.080572
862.195639
852.545940
844.661007
841.581399
844.661007
852.545940
862.195639
870.080572
873.160180
870.080572
862.195639
852.545940
844.661007
841.581399
844.661007
852.545940
862.195639
870.080572
838.990652
835.456485
826.456433
815.465331
806.465279
802.931111
806.465279
815.465331
826.456433
835.456485
838.990652
835.456485
826.456433
815.465331
806.465279
802.931111
806.465279
815.465331
826.456433
835.456485
807.255335
803.230904
793.046456
780.638557
770.454109
766.429678
770.454109
780.638557
793.046456
803.230904
807.255335
803.230904
793.046456
780.638557
770.454109
766.429678
770.454109
780.638557
793.046456
803.230904
777.684995
773.132234
761.693684
747.794913
736.356363
731.803602
736.356363
747.794913
761.693684
773.132234
777.684995
773.132234
761.693684
747.794913
736.356363
731.803602
736.356363
747.794913
761.693684
773.132234
750.055951
744.934113
732.171445
716.709354
703.946687
698.824849
703.946687
716.709354
732.171445
744.934113
750.055951
744.934113
732.171445
716.709354
703.946687
698.824849
703.946687
716.709354
732.171445
744.934113
724.180521
718.445818
704.288807
687.192844
673.035833
667.301130
673.035833
687.192844
704.288807
718.445818
724.180521
718.445818
704.288807
687.192844
673.035833
667.301130
673.035833
687.192844
704.288807
718.445818
699.899868
693.505067
677.883368
659.085125
643.463426
637.068624
643.463426
659.085125
677.883368
693.505067
699.899868
693.505067
677.883368
659.085125
643.463426
637.068624
643.463426
659.085125
677.883368
693.505067
677.078567
669.972540
652.815779
632.249228
615.092467
607.986440
615.092467
632.249228
652.815779
669.972540
677.078567
669.972540
652.815779
632.249228
615.092467
607.986440
615.092467
632.249228
652.815779
669.972540
655.600409
647.727648
628.965518
606.567229
587.805099
579.932338
587.805099
606.567229
628.965518
647.727648
655.600409
647.727648
628.965518
606.567229
587.805099
579.932338
587.805099
606.567229
628.965518
647.727648
635.365131
626.665218
606.227581
581.936936
561.499299
552.799386
561.499299
581.936936
606.227581
626.665218
635.365131
626.665218
606.227581
581.936936
561.499299
552.799386
561.499299
581.936936
606.227581
626.665218
616.285837
606.692868
584.509873
558.269271
536.086275
526.493307
536.086275
558.269271
584.509873
606.692868
616.285837
606.692868
584.509873
558.269271
536.086275
526.493307
536.086275
558.269271
584.509873
606.692868
598.286935
587.728907
563.731119
535.486170
511.488382
500.930355
511.488382
535.486170
563.731119
587.728907
598.286935
587.728907
563.731119
535.486170
511.488382
500.930355
511.488382
535.486170
563.731119
587.728907
581.302487
569.700633
543.819184
513.518898
487.637450
476.035596
487.637450
513.518898
543.819184
569.700633
581.302487
569.700633
543.819184
513.518898
487.637450
476.035596
487.637450
513.518898
543.819184
569.700633
565.274863
552.542941
524.709699
492.306667
464.473425
451.741503
464.473425
492.306667
524.709699
552.542941
565.274863
552.542941
524.709699
492.306667
464.473425
451.741503
464.473425
492.306667
524.709699
552.542941
550.153647
536.197188
506.344946
471.795503
441.943260
427.986802
441.943260
471.795503
506.344946
536.197188
550.153647
536.197188
506.344946
471.795503
441.943260
427.986802
441.943260
471.795503
506.344946
536.197188
535.894736
520.610233
488.672921
451.937315
420.000003
404.715500
420.000003
451.937315
488.672921
520.610233
535.894736
520.610233
488.672921
451.937315
420.000003
404.715500
420.000003
451.937315
488.672921
520.610233
522.459596
505.733647
471.646575
432.689106
398.602034
381.876085
398.602034
432.689106
471.646575
505.733647
522.459596
505.733647
471.646575
432.689106
398.602034
381.876085
398.602034
432.689106
471.646575
505.733647
509.814642
491.523040
455.223162
414.012320
377.712442
359.420840
377.712442
414.012320
455.223162
491.523040
509.814642
491.523040
455.223162
414.012320
377.712442
359.420840
377.712442
414.012320
455.223162
491.523040
497.930724
477.937491
439.363701
395.872286
357.298495
337.305262
357.298495
395.872286
439.363701
477.937491
497.930724
477.937491
439.363701
395.872286
357.298495
337.305262
357.298495
395.872286
439.363701
477.937491
486.782696
464.939061
424.032516
378.237743
337.331198
315.487563
337.331198
378.237743
424.032516
464.939061
486.782696
464.939061
424.032516
378.237743
337.331198
315.487563
337.331198
378.237743
424.032516
464.939061
476.349052
452.492371
409.196853
361.080438
317.784919
293.928239
317.784919
361.080438
409.196853
452.492371
476.349052
452.492371
409.196853
361.080438
317.784919
293.928239
317.784919
361.080438
409.196853
452.492371
466.611621
440.564241
394.826544
344.374775
298.637078
272.589697
298.637078
344.374775
394.826544
440.564241
466.611621
440.564241
394.826544
344.374775
298.637078
272.589697
298.637078
344.374775
394.826544
440.564241
457.555315
429.123366
380.893729
328.097511
279.867874
251.435925
279.867874
328.097511
380.893729
429.123366
457.555315
429.123366
380.893729
328.097511
279.867874
251.435925
279.867874
328.097511
380.893729
429.123366
449.167905
418.140044
367.372613
312.227496
261.460065
230.432204
261.460065
312.227496
367.372613
418.140044
449.167905
418.140044
367.372613
312.227496
261.460065
230.432204
261.460065
312.227496
367.372613
418.140044
441.439849
407.585925
354.239257
296.745441
243.398773
209.544850
243.398773
296.745441
354.239257
407.585925
441.439849
407.585925
354.239257
296.745441
243.398773
209.544850
243.398773
296.745441
354.239257
407.585925
434.364129
397.433792
341.471399
281.633712
225.671320
188.740982
225.671320
281.633712
341.471399
397.433792
434.364129
397.433792
341.471399
281.633712
225.671320
188.740982
225.671320
281.633712
341.471399
397.433792
427.936133
387.657363
329.048305
266.876151
208.267094
167.988323
208.267094
266.876151
329.048305
387.657363
427.936133
387.657363
329.048305
266.876151
208.267094
167.988323
208.267094
266.876151
329.048305
387.657363
422.153541
378.231117
316.950630
252.457915
191.177428
147.255004
191.177428
252.457915
316.950630
378.231117
422.153541
378.231117
316.950630
252.457915
191.177428
147.255004
191.177428
252.457915
316.950630
378.231117
417.016242
369.130132
305.160307
238.365333
174.395507
126.509398
174.395507
238.365333
305.160307
369.130132
417.016242
369.130132
305.160307
238.365333
174.395507
126.509398
174.395507
238.365333
305.160307
369.130132
412.526257
360.329939
293.660449
224.585773
157.916282
105.719964
157.916282
224.585773
293.660449
360.329939
412.526257
360.329939
293.660449
224.585773
157.916282
105.719964
157.916282
224.585773
293.660449
360.329939
408.687689
351.806387
282.435265
211.107525
141.736404
84.855102
141.736404
211.107525
282.435265
351.806387
408.687689
351.806387
282.435265
211.107525
141.736404
84.855102
141.736404
211.107525
282.435265
351.806387
405.506667
343.535519
271.469986
197.919698
125.854165
63.883017
125.854165
197.919698
271.469986
343.535519
405.506667
343.535519
271.469986
197.919698
125.854165
63.883017
125.854165
197.919698
271.469986
343.535519
402.991320
335.493456
260.750803
185.012112
110.269459
42.771596
110.269459
185.012112
260.750803
335.493456
402.991320
335.493456
260.750803
185.012112
110.269459
42.771596
110.269459
185.012112
260.750803
335.493456
401.151747
327.656295
250.264819
172.375217
94.983740
21.488289
94.983740
172.375217
250.264819
327.656295
401.151747
327.656295
250.264819
172.375217
94.983740
21.488289
94.983740
172.375217
250.264819
327.656295
400.000000
320.000000
240.000000
160.000000
80.000000
0.000000
80.000000
160.000000
240.000000
320.000000
400.000000
320.000000
240.000000
160.000000
80.000000
0.000000
80.000000
160.000000
240.000000
320.000000
