1500.000000
1500.000000
1500.000000
1500.000000
1500.000000
1500.000000
1500.000000
1500.000000
1500.000000
1500.000000
1500.000000
1500.000000
1500.000000
1500.000000
1500.000000
1500.000000
1500.000000
1500.000000
1500.000000
1500.000000
1500.000000
1500.000000
1500.000000
1500.000000
1500.000000
1500.000000
1500.000000
1500.000000
1390.375781
1390.250867
1389.900999
1389.395663
1388.834899
1388.329562
1387.979695
1387.854781
1387.979695
1388.329562
1388.834899
1389.395663
1389.900999
1390.250867
1390.375781
1390.250867
1389.900999
1389.395663
1388.834899
1388.329562
1387.979695
1387.854781
1387.979695
1388.329562
1388.834899
1389.395663
1389.900999
1390.250867
1299.510059
1299.267198
1298.587084
1297.604935
1296.515149
1295.533001
1294.852886
1294.610025
1294.852886
1295.533001
1296.515149
1297.604935
1298.587084
1299.267198
1299.510059
1299.267198
1298.587084
1297.604935
1296.515149
1295.533001
1294.852886
1294.610025
1294.852886
1295.533001
1296.515149
1297.604935
1298.587084
1299.267198
1222.037780
1221.673812
1220.654804
1219.183711
1217.551610
1216.080517
1215.061509
1214.697541
1215.061509
1216.080517
1217.551610
1219.183711
1220.654804
1221.673812
1222.037780
1221.673812
1220.654804
1219.183711
1217.551610
1216.080517
1215.061509
1214.697541
1215.061509
1216.080517
1217.551610
1219.183711
1220.654804
1221.673812
1154.618214
1154.125229
1152.745524
1150.754583
1148.546156
1146.555216
1145.175511
1144.682526
1145.175511
1146.555216
1148.546156
1150.754583
1152.745524
1154.125229
1154.618214
1154.125229
1152.745524
1150.754583
1148.546156
1146.555216
1145.175511
1144.682526
1145.175511
1146.555216
1148.546156
1150.754583
1152.745524
1154.125229
1095.031162
1094.398730
1092.629665
1090.078395
1087.249153
1084.697883
1082.928818
1082.296386
1082.928818
1084.697883
1087.249153
1090.078395
1092.629665
1094.398730
1095.031162
1094.398730
1092.629665
1090.078395
1087.249153
1084.697883
1082.928818
1082.296386
1082.928818
1084.697883
1087.249153
1090.078395
1092.629665
1094.398730
1041.726633
1040.942813
1038.751787
1035.594451
1032.094274
1028.936938
1026.745912
1025.962091
1026.745912
1028.936938
1032.094274
1035.594451
1038.751787
1040.942813
1041.726633
1040.942813
1038.751787
1035.594451
1032.094274
1028.936938
1026.745912
1025.962091
1026.745912
1028.936938
1032.094274
1035.594451
1038.751787
1040.942813
993.579982
992.631807
989.983724
986.171556
981.947216
978.135049
975.486966
974.538790
975.486966
978.135049
981.947216
986.171556
989.983724
992.631807
993.579982
992.631807
989.983724
986.171556
981.947216
978.135049
975.486966
974.538790
975.486966
978.135049
981.947216
986.171556
989.983724
992.631807
949.749485
948.623178
945.481200
940.963638
935.960225
931.442663
928.300685
927.174378
928.300685
931.442663
935.960226
940.963638
945.481200
948.623178
949.749485
948.623178
945.481200
940.963638
935.960225
931.442663
928.300685
927.174378
928.300685
931.442663
935.960225
940.963638
945.481200
948.623178
909.588916
908.269972
904.595901
899.321311
893.483111
888.208521
884.534449
883.215506
884.534449
888.208521
893.483111
899.321311
904.595901
908.269972
909.588916
908.269972
904.595901
899.321311
893.483111
888.208521
884.534449
883.215506
884.534449
888.208521
893.483111
899.321311
904.595901
908.269972
872.591474
871.064655
866.819114
860.735254
854.006325
847.922465
843.676924
842.150105
843.676924
847.922465
854.006325
860.735254
866.819114
871.064655
872.591474
871.064655
866.819114
860.735254
854.006325
847.922465
843.676924
842.150105
843.676924
847.922465
854.006325
860.735254
866.819114
871.064655
838.352493
836.601757
831.744259
824.798586
817.123178
810.177504
805.320006
803.569270
805.320006
810.177504
817.123178
824.798586
831.744259
836.601757
838.352493
836.601757
831.744259
824.798586
817.123178
810.177504
805.320006
803.569270
805.320006
810.177504
817.123178
824.798586
831.744259
836.601757
806.543849
804.552239
799.041174
791.181069
782.503944
774.643839
769.132774
767.141164
769.132774
774.643839
782.503944
791.181069
799.041174
804.552239
806.543849
804.552239
799.041174
791.181069
782.503944
774.643839
769.132774
767.141164
769.132774
774.643839
782.503944
791.181069
799.041174
804.552239
776.895936
774.645425
768.438004
759.610946
749.877650
741.050593
734.843171
732.592661
734.843171
741.050593
749.877650
759.610946
768.438004
774.645425
776.895936
774.645425
768.438004
759.610946
749.877650
741.050593
734.843171
732.592661
734.843171
741.050593
749.877650
759.610946
768.438004
774.645425
749.184679
746.655974
739.708136
729.861852
719.018948
709.172664
702.224825
699.696121
702.224825
709.172664
719.018948
729.861852
739.708136
746.655974
749.184679
746.655974
739.708136
729.861852
719.018948
709.172664
702.224825
699.696121
702.224825
709.172664
719.018948
729.861852
739.708136
746.655974
723.221984
720.394287
712.660589
701.743181
689.738470
678.821062
671.087363
668.259667
671.087363
678.821062
689.738470
701.743181
712.660589
720.394287
723.221984
720.394287
712.660589
701.743181
689.738470
678.821062
671.087363
668.259667
671.087363
678.821062
689.738470
701.743181
712.660589
720.394287
698.848597
695.699319
687.132808
675.092885
661.875608
649.835685
641.269173
638.119896
641.269173
649.835685
661.875608
675.092885
687.132808
695.699320
698.848597
695.699320
687.132808
675.092885
661.875608
649.835685
641.269173
638.119896
641.269173
649.835685
661.875608
675.092885
687.132808
695.699319
675.928681
672.433107
662.985184
649.771984
635.293023
622.079823
612.631900
609.136326
612.631900
622.079823
635.293023
649.771984
662.985184
672.433107
675.928681
672.433107
662.985184
649.771984
635.293023
622.079823
612.631900
609.136326
612.631900
622.079823
635.293023
649.771984
662.985184
672.433107
654.345640
650.476533
640.096815
625.660340
609.872406
595.435931
585.056214
581.187107
585.056214
595.435931
609.872406
625.660340
640.096815
650.476533
654.345640
650.476533
640.096815
625.660340
609.872406
595.435931
585.056214
581.187107
585.056214
595.435931
609.872406
625.660340
640.096815
650.476533
633.998871
629.726018
618.362199
602.653346
585.511171
569.802318
558.438499
554.165646
558.438499
569.802318
585.511171
602.653346
618.362199
629.726018
633.998871
629.726018
618.362199
602.653346
585.511171
569.802318
558.438499
554.165646
558.438499
569.802318
585.511171
602.653346
618.362199
629.726018
614.801209
610.090886
597.688606
580.659313
562.119831
545.090537
532.688257
527.977935
532.688257
545.090537
562.119831
580.659313
597.688606
610.090886
614.801209
610.090886
597.688606
580.659313
562.119831
545.090537
532.688257
527.977935
532.688257
545.090537
562.119831
580.659313
597.688606
610.090886
596.676894
591.491260
577.993985
559.597383
539.619906
521.223305
507.726030
502.540396
507.726030
521.223305
539.619906
559.597383
577.993985
591.491260
596.676894
591.491260
577.993985
559.597383
539.619906
521.223305
507.726030
502.540396
507.726030
521.223305
539.619906
559.597383
577.993985
591.491260
579.559959
573.856347
559.205266
539.395846
517.942236
498.132817
483.481735
477.778123
483.481735
498.132817
517.942236
539.395846
559.205266
573.856347
579.559959
573.856347
559.205266
539.395846
517.942236
498.132817
483.481735
477.778123
483.481735
498.132817
517.942236
539.395846
559.205266
573.856347
563.392926
557.123037
541.256985
519.990766
497.025600
475.759381
459.893329
453.623440
459.893329
475.759381
497.025600
519.990766
541.256985
557.123037
563.392926
557.123037
541.256985
519.990766
497.025600
475.759381
459.893329
453.623440
459.893329
475.759381
497.025600
519.990766
541.256985
557.123037
548.125760
541.234741
524.090148
501.324865
476.815584
454.050301
436.905707
430.014688
436.905707
454.050301
476.815584
501.324865
524.090148
541.234741
548.125760
541.234741
524.090148
501.324865
476.815584
454.050301
436.905707
430.014688
436.905707
454.050301
476.815584
501.324865
524.090148
541.234741
533.715023
526.140414
507.651294
483.346590
457.263646
432.958942
414.469822
406.895213
414.469822
432.958942
457.263646
483.346590
507.651294
526.140414
533.715023
526.140414
507.651294
483.346590
457.263646
432.958942
414.469822
406.895213
414.469822
432.958942
457.263646
483.346590
507.651294
526.140414
520.123195
511.793729
491.891719
466.009348
438.326333
412.443962
392.541952
384.212486
392.541952
412.443962
438.326333
466.009348
491.891719
511.793729
520.123195
511.793729
491.891719
466.009348
438.326333
412.443962
392.541952
384.212486
392.541952
412.443962
438.326333
466.009348
491.891719
511.793729
507.318126
498.152374
476.766820
449.270863
419.964619
392.468662
371.083108
361.917356
371.083108
392.468662
419.964619
449.270863
476.766820
498.152374
507.318126
498.152374
476.766820
449.270863
419.964619
392.468662
371.083108
361.917356
371.083108
392.468662
419.964619
449.270863
476.766820
498.152374
495.272603
485.177435
462.235551
433.092631
402.143356
373.000435
350.058551
339.963383
350.058551
373.000435
402.143356
433.092631
462.235551
485.177435
495.272603
485.177435
462.235551
433.092631
402.143356
373.000435
350.058551
339.963383
350.058551
373.000435
402.143356
433.092631
462.235551
485.177435
483.964012
472.832863
448.259958
417.439467
384.830791
354.010301
329.437396
318.306247
329.437396
354.010301
384.830791
417.439467
448.259958
472.832863
483.964012
472.832863
448.259958
417.439467
384.830791
354.010301
329.437396
318.306247
329.437396
354.010301
384.830791
417.439467
448.259958
472.832863
473.374073
461.084990
434.804791
402.279122
367.998169
335.472499
309.192301
296.903218
309.192301
335.472499
367.998169
402.279122
434.804791
461.084990
473.374073
461.084990
434.804791
402.279122
367.998169
335.472499
309.192301
296.903218
309.192301
335.472499
367.998169
402.279122
434.804791
461.084990
463.488656
449.902102
421.837176
387.581946
351.619372
317.364142
289.299217
275.712663
289.299217
317.364142
351.619372
387.581946
421.837176
449.902102
463.488656
449.902102
421.837176
387.581946
351.619372
317.364142
289.299217
275.712663
289.299217
317.364142
351.619372
387.581946
421.837176
449.902102
454.297646
439.254043
409.326332
373.320613
335.670627
299.664908
269.737197
254.693594
269.737197
299.664908
335.670627
373.320613
409.326332
439.254043
454.297646
439.254043
409.326332
373.320613
335.670627
299.664908
269.737197
254.693594
269.737197
299.664908
335.670627
373.320613
409.326332
439.254043
445.794874
429.111850
397.243338
359.469878
320.130231
282.356772
250.488260
233.805236
250.488260
282.356772
320.130231
359.469878
397.243338
429.111850
445.794874
429.111850
397.243338
359.469878
320.130231
282.356772
250.488260
233.805236
250.488260
282.356772
320.130231
359.469878
397.243338
429.111850
437.978085
419.447408
385.560936
346.006372
304.978327
265.423763
231.537290
213.006613
231.537290
265.423763
304.978327
346.006372
385.560936
419.447408
437.978085
419.447408
385.560936
346.006372
304.978327
265.423763
231.537290
213.006613
231.537290
265.423763
304.978327
346.006372
385.560936
419.447408
430.848960
410.233121
374.253367
332.908418
290.196694
248.851745
212.871990
192.256152
212.871990
248.851745
290.196694
332.908418
374.253367
410.233121
430.848960
410.233121
374.253367
332.908418
290.196694
248.851745
212.871990
192.256152
212.871990
248.851745
290.196694
332.908418
374.253367
410.233121
424.413176
401.441592
363.296239
320.155884
275.768572
232.628218
194.482865
171.511280
194.482865
232.628218
275.768572
320.155884
363.296239
401.441592
424.413176
401.441592
363.296239
320.155884
275.768572
232.628218
194.482865
171.511280
194.482865
232.628218
275.768572
320.155884
363.296239
401.441592
418.680505
393.045307
352.666414
307.730044
261.678501
216.742131
176.363238
150.728040
176.363238
216.742131
261.678501
307.730044
352.666414
393.045307
418.680505
393.045307
352.666414
307.730044
261.678501
216.742131
176.363238
150.728040
176.363238
216.742131
261.678501
307.730044
352.666414
393.045307
413.664951
385.016329
342.341933
295.613464
247.912176
201.183707
158.509311
129.860689
158.509311
201.183707
247.912176
295.613464
342.341933
385.016329
413.664951
385.016329
342.341933
295.613464
247.912176
201.183707
158.509311
129.860689
158.509311
201.183707
247.912176
295.613464
342.341933
385.016329
409.384927
377.325979
332.301946
283.789897
234.456325
185.944276
140.920243
108.861295
140.920243
185.944276
234.456325
283.789897
332.301946
377.325979
409.384927
377.325979
332.301946
283.789897
234.456325
185.944276
140.920243
108.861295
140.920243
185.944276
234.456325
283.789897
332.301946
377.325979
405.863461
369.944519
322.526678
272.244197
221.298594
171.016113
123.598272
87.679330
123.598272
171.016113
221.298594
272.244197
322.526678
369.944519
405.863461
369.944519
322.526678
272.244197
221.298594
171.016113
123.598272
87.679330
123.598272
171.016113
221.298594
272.244197
322.526678
369.944519
403.128441
362.840824
312.997409
260.962239
208.427445
156.392275
106.548859
66.261243
106.548859
156.392275
208.427445
260.962239
312.997409
362.840824
403.128441
362.840824
312.997409
260.962239
208.427445
156.392275
106.548859
66.261243
106.548859
156.392275
208.427445
260.962239
312.997409
362.840824
401.212898
355.982049
303.696469
249.930847
195.832069
142.066446
89.780866
44.550017
89.780866
142.066446
195.832069
249.930847
303.696469
355.982049
401.212898
355.982049
303.696469
249.930847
195.832069
142.066446
89.780866
44.550017
89.780866
142.066446
195.832069
249.930847
303.696469
355.982049
400.155320
349.333274
294.607259
239.137730
183.502305
128.032776
73.306761
22.484716
73.306761
128.032776
183.502305
239.137730
294.607259
349.333274
400.155320
349.333274
294.607259
239.137730
183.502305
128.032776
73.306761
22.484716
73.306761
128.032776
183.502305
239.137730
294.607259
349.333274
400.000000
342.857143
285.714286
228.571429
171.428571
114.285714
57.142857
0.000000
57.142857
114.285714
171.428571
228.571429
285.714286
342.857143
400.000000
342.857143
285.714286
228.571429
171.428571
114.285714
57.142857
0.000000
57.142857
114.285714
171.428571
228.571429
285.714286
342.857143
