1500.000000
1500.000000
1500.000000
1500.000000
1500.000000
1500.000000
1500.000000
1500.000000
1500.000000
1500.000000
1500.000000
1500.000000
1500.000000
1500.000000
1500.000000
1500.000000
1500.000000
1500.000000
1500.000000
1500.000000
1500.000000
1500.000000
1500.000000
1500.000000
1500.000000
1500.000000
1500.000000
1500.000000
1500.000000
1500.000000
1384.233136
1384.233136
1384.233136
1384.233136
1384.233136
1384.233136
1384.233136
1384.233136
1384.233136
1384.233136
1384.233136
1384.233136
1384.233136
1384.233136
1384.233136
1384.233136
1384.233136
1384.233136
1384.233136
1384.233136
1384.233136
1384.233136
1384.233136
1384.233136
1384.233136
1384.233136
1384.233136
1384.233136
1384.233136
1384.233136
1287.760748
1287.760750
1287.760748
1287.760750
1287.760748
1287.760750
1287.760748
1287.760750
1287.760748
1287.760750
1287.760748
1287.760750
1287.760748
1287.760750
1287.760748
1287.760750
1287.760748
1287.760750
1287.760748
1287.760750
1287.760748
1287.760750
1287.760748
1287.760750
1287.760748
1287.760750
1287.760748
1287.760750
1287.760748
1287.760750
1205.070129
1205.070134
1205.070129
1205.070134
1205.070129
1205.070134
1205.070129
1205.070134
1205.070129
1205.070134
1205.070129
1205.070134
1205.070129
1205.070134
1205.070129
1205.070134
1205.070129
1205.070134
1205.070129
1205.070134
1205.070129
1205.070134
1205.070129
1205.070134
1205.070129
1205.070134
1205.070129
1205.070134
1205.070129
1205.070134
1132.715835
1132.715848
1132.715835
1132.715848
1132.715835
1132.715848
1132.715835
1132.715848
1132.715835
1132.715848
1132.715835
1132.715848
1132.715835
1132.715848
1132.715835
1132.715848
1132.715835
1132.715848
1132.715835
1132.715848
1132.715835
1132.715848
1132.715835
1132.715848
1132.715835
1132.715848
1132.715835
1132.715848
1132.715835
1132.715848
1068.400899
1068.400935
1068.400899
1068.400935
1068.400899
1068.400935
1068.400899
1068.400935
1068.400899
1068.400935
1068.400899
1068.400935
1068.400899
1068.400935
1068.400899
1068.400935
1068.400899
1068.400935
1068.400899
1068.400935
1068.400899
1068.400935
1068.400899
1068.400935
1068.400899
1068.400935
1068.400899
1068.400935
1068.400899
1068.400935
1010.517440
1010.517530
1010.517440
1010.517530
1010.517440
1010.517530
1010.517440
1010.517530
1010.517440
1010.517530
1010.517440
1010.517530
1010.517440
1010.517530
1010.517440
1010.517530
1010.517440
1010.517530
1010.517440
1010.517530
1010.517440
1010.517530
1010.517440
1010.517530
1010.517440
1010.517530
1010.517440
1010.517530
1010.517440
1010.517530
957.896080
957.896286
957.896080
957.896286
957.896080
957.896286
957.896080
957.896286
957.896080
957.896286
957.896080
957.896286
957.896080
957.896286
957.896080
957.896286
957.896080
957.896286
957.896080
957.896286
957.896080
957.896286
957.896080
957.896286
957.896080
957.896286
957.896080
957.896286
957.896080
957.896286
909.659767
909.660212
909.659767
909.660212
909.659767
909.660212
909.659767
909.660212
909.659767
909.660212
909.659767
909.660212
909.659767
909.660212
909.659767
909.660212
909.659767
909.660212
909.659767
909.660212
909.659767
909.660212
909.659767
909.660212
909.659767
909.660212
909.659767
909.660212
909.659767
909.660212
865.133820
865.134725
865.133820
865.134725
865.133820
865.134725
865.133820
865.134725
865.133820
865.134725
865.133820
865.134725
865.133820
865.134725
865.133820
865.134725
865.133820
865.134725
865.133820
865.134725
865.133820
865.134725
865.133820
865.134725
865.133820
865.134725
865.133820
865.134725
865.133820
865.134725
823.788088
823.789840
823.788088
823.789840
823.788088
823.789840
823.788088
823.789840
823.788088
823.789840
823.788088
823.789840
823.788088
823.789840
823.788088
823.789840
823.788088
823.789840
823.788088
823.789840
823.788088
823.789840
823.788088
823.789840
823.788088
823.789840
823.788088
823.789840
823.788088
823.789840
785.198382
785.201636
785.198382
785.201636
785.198382
785.201636
785.198382
785.201636
785.198382
785.201636
785.198382
785.201636
785.198382
785.201636
785.198382
785.201636
785.198382
785.201636
785.198382
785.201636
785.198382
785.201636
785.198382
785.201636
785.198382
785.201636
785.198382
785.201636
785.198382
785.201636
749.019954
749.025774
749.019954
749.025774
749.019954
749.025774
749.019954
749.025774
749.019954
749.025774
749.019954
749.025774
749.019954
749.025774
749.019954
749.025774
749.019954
749.025774
749.019954
749.025774
749.019954
749.025774
749.019954
749.025774
749.019954
749.025774
749.019954
749.025774
749.019954
749.025774
714.968750
714.978823
714.968750
714.978823
714.968750
714.978823
714.968750
714.978823
714.968750
714.978823
714.968750
714.978823
714.968750
714.978823
714.968750
714.978823
714.968750
714.978823
714.968750
714.978823
714.968750
714.978823
714.968750
714.978823
714.968750
714.978823
714.968750
714.978823
714.968750
714.978823
682.807862
682.824786
682.807862
682.824786
682.807862
682.824786
682.807862
682.824786
682.807862
682.824786
682.807862
682.824786
682.807862
682.824786
682.807862
682.824786
682.807862
682.824786
682.807862
682.824786
682.807862
682.824786
682.807862
682.824786
682.807862
682.824786
682.807862
682.824786
682.807862
682.824786
652.337516
652.365204
652.337516
652.365204
652.337516
652.365204
652.337516
652.365204
652.337516
652.365204
652.337516
652.365204
652.337516
652.365204
652.337516
652.365204
652.337516
652.365204
652.337516
652.365204
652.337516
652.365204
652.337516
652.365204
652.337516
652.365204
652.337516
652.365204
652.337516
652.365204
623.387530
623.431758
623.387530
623.431758
623.387530
623.431758
623.387530
623.431758
623.387530
623.431758
623.387530
623.431758
623.387530
623.431758
623.387530
623.431758
623.387530
623.431758
623.387530
623.431758
623.387530
623.431758
623.387530
623.431758
623.387530
623.431758
623.387530
623.431758
623.387530
623.431758
595.811543
595.880667
595.811543
595.880667
595.811543
595.880667
595.811543
595.880667
595.811543
595.880667
595.811543
595.880667
595.811543
595.880667
595.811543
595.880667
595.811543
595.880667
595.811543
595.880667
595.811543
595.880667
595.811543
595.880667
595.811543
595.880667
595.811543
595.880667
595.811543
595.880667
569.482497
569.588410
569.482497
569.588410
569.482497
569.588410
569.482497
569.588410
569.482497
569.588410
569.482497
569.588410
569.482497
569.588410
569.482497
569.588410
569.482497
569.588410
569.482497
569.588410
569.482497
569.588410
569.482497
569.588410
569.482497
569.588410
569.482497
569.588410
569.482497
569.588410
544.289064
544.448424
544.289064
544.448424
544.289064
544.448424
544.289064
544.448424
544.289064
544.448424
544.289064
544.448424
544.289064
544.448424
544.289064
544.448424
544.289064
544.448424
544.289064
544.448424
544.289064
544.448424
544.289064
544.448424
544.289064
544.448424
544.289064
544.448424
544.289064
544.448424
520.132744
520.368551
520.132744
520.368551
520.132744
520.368551
520.132744
520.368551
520.132744
520.368551
520.132744
520.368551
520.132744
520.368551
520.132744
520.368551
520.132744
520.368551
520.132744
520.368551
520.132744
520.368551
520.132744
520.368551
520.132744
520.368551
520.132744
520.368551
520.132744
520.368551
496.925473
497.269076
496.925473
497.269076
496.925473
497.269076
496.925473
497.269076
496.925473
497.269076
496.925473
497.269076
496.925473
497.269076
496.925473
497.269076
496.925473
497.269076
496.925473
497.269076
496.925473
497.269076
496.925473
497.269076
496.925473
497.269076
496.925473
497.269076
496.925473
497.269076
474.587615
475.081217
474.587615
475.081217
474.587615
475.081217
474.587615
475.081217
474.587615
475.081217
474.587615
475.081217
474.587615
475.081217
474.587615
475.081217
474.587615
475.081217
474.587615
475.081217
474.587615
475.081217
474.587615
475.081217
474.587615
475.081217
474.587615
475.081217
474.587615
475.081217
453.046213
453.746003
453.046213
453.746003
453.046213
453.746003
453.046213
453.746003
453.046213
453.746003
453.046213
453.746003
453.046213
453.746003
453.046213
453.746003
453.046213
453.746003
453.046213
453.746003
453.046213
453.746003
453.046213
453.746003
453.046213
453.746003
453.046213
453.746003
453.046213
453.746003
432.233449
433.213458
432.233449
433.213458
432.233449
433.213458
432.233449
433.213458
432.233449
433.213458
432.233449
433.213458
432.233449
433.213458
432.233449
433.213458
432.233449
433.213458
432.233449
433.213458
432.233449
433.213458
432.233449
433.213458
432.233449
433.213458
432.233449
433.213458
432.233449
433.213458
412.085236
413.442063
412.085236
413.442063
412.085236
413.442063
412.085236
413.442063
412.085236
413.442063
412.085236
413.442063
412.085236
413.442063
412.085236
413.442063
412.085236
413.442063
412.085236
413.442063
412.085236
413.442063
412.085236
413.442063
412.085236
413.442063
412.085236
413.442063
412.085236
413.442063
392.539892
394.398452
392.539892
394.398452
392.539892
394.398452
392.539892
394.398452
392.539892
394.398452
392.539892
394.398452
392.539892
394.398452
392.539892
394.398452
392.539892
394.398452
392.539892
394.398452
392.539892
394.398452
392.539892
394.398452
392.539892
394.398452
392.539892
394.398452
392.539892
394.398452
373.536865
376.057329
373.536865
376.057329
373.536865
376.057329
373.536865
376.057329
373.536865
376.057329
373.536865
376.057329
373.536865
376.057329
373.536865
376.057329
373.536865
376.057329
373.536865
376.057329
373.536865
376.057329
373.536865
376.057329
373.536865
376.057329
373.536865
376.057329
373.536865
376.057329
355.015456
358.401593
355.015456
358.401593
355.015456
358.401593
355.015456
358.401593
355.015456
358.401593
355.015456
358.401593
355.015456
358.401593
355.015456
358.401593
355.015456
358.401593
355.015456
358.401593
355.015456
358.401593
355.015456
358.401593
355.015456
358.401593
355.015456
358.401593
355.015456
358.401593
336.913530
341.422651
336.913530
341.422651
336.913530
341.422651
336.913530
341.422651
336.913530
341.422651
336.913530
341.422651
336.913530
341.422651
336.913530
341.422651
336.913530
341.422651
336.913530
341.422651
336.913530
341.422651
336.913530
341.422651
336.913530
341.422651
336.913530
341.422651
336.913530
341.422651
319.166166
325.120937
319.166166
325.120937
319.166166
325.120937
319.166166
325.120937
319.166166
325.120937
319.166166
325.120937
319.166166
325.120937
319.166166
325.120937
319.166166
325.120937
319.166166
325.120937
319.166166
325.120937
319.166166
325.120937
319.166166
325.120937
319.166166
325.120937
319.166166
325.120937
301.704234
309.506623
301.704234
309.506623
301.704234
309.506623
301.704234
309.506623
301.704234
309.506623
301.704234
309.506623
301.704234
309.506623
301.704234
309.506623
301.704234
309.506623
301.704234
309.506623
301.704234
309.506623
301.704234
309.506623
301.704234
309.506623
301.704234
309.506623
301.704234
309.506623
284.452859
294.600535
284.452859
294.600535
284.452859
294.600535
284.452859
294.600535
284.452859
294.600535
284.452859
294.600535
284.452859
294.600535
284.452859
294.600535
284.452859
294.600535
284.452859
294.600535
284.452859
294.600535
284.452859
294.600535
284.452859
294.600535
284.452859
294.600535
284.452859
294.600535
267.329770
280.435283
267.329770
280.435283
267.329770
280.435283
267.329770
280.435283
267.329770
280.435283
267.329770
280.435283
267.329770
280.435283
267.329770
280.435283
267.329770
280.435283
267.329770
280.435283
267.329770
280.435283
267.329770
280.435283
267.329770
280.435283
267.329770
280.435283
267.329770
280.435283
250.243479
267.056609
250.243479
267.056609
250.243479
267.056609
250.243479
267.056609
250.243479
267.056609
250.243479
267.056609
250.243479
267.056609
250.243479
267.056609
250.243479
267.056609
250.243479
267.056609
250.243479
267.056609
250.243479
267.056609
250.243479
267.056609
250.243479
267.056609
250.243479
267.056609
233.091297
254.524980
233.091297
254.524980
233.091297
254.524980
233.091297
254.524980
233.091297
254.524980
233.091297
254.524980
233.091297
254.524980
233.091297
254.524980
233.091297
254.524980
233.091297
254.524980
233.091297
254.524980
233.091297
254.524980
233.091297
254.524980
233.091297
254.524980
233.091297
254.524980
215.757132
242.917429
215.757132
242.917429
215.757132
242.917429
215.757132
242.917429
215.757132
242.917429
215.757132
242.917429
215.757132
242.917429
215.757132
242.917429
215.757132
242.917429
215.757132
242.917429
215.757132
242.917429
215.757132
242.917429
215.757132
242.917429
215.757132
242.917429
215.757132
242.917429
198.109071
232.329670
198.109071
232.329670
198.109071
232.329670
198.109071
232.329670
198.109071
232.329670
198.109071
232.329670
198.109071
232.329670
198.109071
232.329670
198.109071
232.329670
198.109071
232.329670
198.109071
232.329670
198.109071
232.329670
198.109071
232.329670
198.109071
232.329670
198.109071
232.329670
179.996694
222.878508
179.996694
222.878508
179.996694
222.878508
179.996694
222.878508
179.996694
222.878508
179.996694
222.878508
179.996694
222.878508
179.996694
222.878508
179.996694
222.878508
179.996694
222.878508
179.996694
222.878508
179.996694
222.878508
179.996694
222.878508
179.996694
222.878508
179.996694
222.878508
161.248111
214.704564
161.248111
214.704564
161.248111
214.704564
161.248111
214.704564
161.248111
214.704564
161.248111
214.704564
161.248111
214.704564
161.248111
214.704564
161.248111
214.704564
161.248111
214.704564
161.248111
214.704564
161.248111
214.704564
161.248111
214.704564
161.248111
214.704564
161.248111
214.704564
141.666685
207.975339
141.666685
207.975339
141.666685
207.975339
141.666685
207.975339
141.666685
207.975339
141.666685
207.975339
141.666685
207.975339
141.666685
207.975339
141.666685
207.975339
141.666685
207.975339
141.666685
207.975339
141.666685
207.975339
141.666685
207.975339
141.666685
207.975339
141.666685
207.975339
121.027408
202.888646
121.027408
202.888646
121.027408
202.888646
121.027408
202.888646
121.027408
202.888646
121.027408
202.888646
121.027408
202.888646
121.027408
202.888646
121.027408
202.888646
121.027408
202.888646
121.027408
202.888646
121.027408
202.888646
121.027408
202.888646
121.027408
202.888646
121.027408
202.888646
99.072905
199.676440
99.072905
199.676440
99.072905
199.676440
99.072905
199.676440
99.072905
199.676440
99.072905
199.676440
99.072905
199.676440
99.072905
199.676440
99.072905
199.676440
99.072905
199.676440
99.072905
199.676440
99.072905
199.676440
99.072905
199.676440
99.072905
199.676440
99.072905
199.676440
75.509027
198.609070
75.509027
198.609070
75.509027
198.609070
75.509027
198.609070
75.509027
198.609070
75.509027
198.609070
75.509027
198.609070
75.509027
198.609070
75.509027
198.609070
75.509027
198.609070
75.509027
198.609070
75.509027
198.609070
75.509027
198.609070
75.509027
198.609070
75.509027
198.609070
50.000000
200.000000
50.000000
200.000000
50.000000
200.000000
50.000000
200.000000
50.000000
200.000000
50.000000
200.000000
50.000000
200.000000
50.000000
200.000000
50.000000
200.000000
50.000000
200.000000
50.000000
200.000000
50.000000
200.000000
50.000000
200.000000
50.000000
200.000000
50.000000
200.000000
