1500.000000
1500.000000
1500.000000
1500.000000
1500.000000
1500.000000
1500.000000
1500.000000
1500.000000
1500.000000
1500.000000
1500.000000
1500.000000
1500.000000
1500.000000
1500.000000
1500.000000
1500.000000
1500.000000
1500.000000
1500.000000
1500.000000
1500.000000
1500.000000
1500.000000
1500.000000
1500.000000
1500.000000
1500.000000
1500.000000
1500.000000
1500.000000
1390.361848
1390.266905
1389.996599
1389.592194
1389.115281
1388.638368
1388.233963
1387.963656
1387.868714
1387.963656
1388.233963
1388.638368
1389.115281
1389.592194
1389.996599
1390.266905
1390.361848
1390.266905
1389.996599
1389.592194
1389.115281
1388.638368
1388.233963
1387.963656
1387.868714
1387.963656
1388.233963
1388.638368
1389.115281
1389.592194
1389.996599
1390.266905
1299.483519
1299.298897
1298.773319
1297.987116
1297.060042
1296.132968
1295.346765
1294.821187
1294.636565
1294.821187
1295.346765
1296.132968
1297.060042
1297.987116
1298.773319
1299.298897
1299.483519
1299.298897
1298.773319
1297.987116
1297.060042
1296.132968
1295.346765
1294.821187
1294.636565
1294.821187
1295.346765
1296.132968
1297.060042
1297.987116
1298.773319
1299.298897
1221.999022
1221.722277
1220.934576
1219.756545
1218.367661
1216.978777
1215.800745
1215.013045
1214.736299
1215.013045
1215.800745
1216.978777
1218.367661
1219.756545
1220.934576
1221.722277
1221.999022
1221.722277
1220.934576
1219.756545
1218.367661
1216.978777
1215.800745
1215.013045
1214.736299
1215.013045
1215.800745
1216.978777
1218.367661
1219.756545
1220.934576
1221.722277
1154.567189
1154.192269
1153.125399
1151.530404
1149.650370
1147.770335
1146.175341
1145.108471
1144.733550
1145.108471
1146.175341
1147.770335
1149.650370
1151.530404
1153.125399
1154.192269
1154.567189
1154.192269
1153.125399
1151.530404
1149.650370
1147.770335
1146.175341
1145.108471
1144.733550
1145.108471
1146.175341
1147.770335
1149.650370
1151.530404
1153.125399
1154.192269
1094.967595
1094.486541
1093.118127
1091.073278
1088.663774
1086.254271
1084.209422
1082.841007
1082.359953
1082.841007
1084.209422
1086.254271
1088.663774
1091.073278
1093.118127
1094.486541
1094.967595
1094.486541
1093.118127
1091.073278
1088.663774
1086.254271
1084.209422
1082.841007
1082.359953
1082.841007
1084.209422
1086.254271
1088.663774
1091.073278
1093.118127
1094.486541
1041.650120
1041.053838
1039.358426
1036.826515
1033.844362
1030.862210
1028.330299
1026.634887
1026.038605
1026.634887
1028.330299
1030.862210
1033.844362
1036.826515
1039.358426
1041.053838
1041.650120
1041.053838
1039.358426
1036.826515
1033.844362
1030.862210
1028.330299
1026.634887
1026.038605
1026.634887
1028.330299
1030.862210
1033.844362
1036.826515
1039.358426
1041.053838
993.490036
992.768667
990.718836
987.660094
984.059386
980.458678
977.399937
975.350105
974.628736
975.350105
977.399937
980.458678
984.059386
987.660094
990.718836
992.768667
993.490036
992.768667
990.718836
987.660094
984.059386
980.458678
977.399937
975.350105
974.628736
975.350105
977.399937
980.458678
984.059386
987.660094
990.718836
992.768667
949.645557
948.788652
946.355570
942.728623
938.461932
934.195241
930.568293
928.135212
927.278307
928.135212
930.568293
934.195241
938.461932
942.728623
946.355570
948.788652
949.645557
948.788652
946.355570
942.728623
938.461932
934.195241
930.568293
928.135212
927.278307
928.135212
930.568293
934.195241
938.461932
942.728623
946.355570
948.788652
909.470395
908.466980
905.620690
901.383102
896.402211
891.421319
887.183731
884.337441
883.334027
884.337441
887.183731
891.421319
896.402211
901.383102
905.620690
908.466980
909.470395
908.466980
905.620690
901.383102
896.402211
891.421319
887.183731
884.337441
883.334027
884.337441
887.183731
891.421319
896.402211
901.383102
905.620690
908.466980
872.457690
871.296269
868.005800
863.114407
857.370789
851.627172
846.735779
843.445310
842.283889
843.445310
846.735779
851.627172
857.370789
863.114407
868.005800
871.296269
872.457690
871.296269
868.005800
863.114407
857.370789
851.627172
846.735779
843.445310
842.283889
843.445310
846.735779
851.627172
857.370789
863.114407
868.005800
871.296269
838.202705
836.871214
833.104604
827.515713
820.960882
814.406050
808.817159
805.050550
803.719058
805.050550
808.817159
814.406050
820.960882
827.515713
833.104604
836.871214
838.202705
836.871214
833.104604
827.515713
820.960882
814.406050
808.817159
805.050550
803.719058
805.050550
808.817159
814.406050
820.960882
827.515713
833.104604
836.871214
806.377231
804.862962
800.587215
794.256741
786.842506
779.428271
773.097798
768.822051
767.307782
768.822051
773.097798
779.428271
786.842506
794.256741
800.587215
804.862962
806.377231
804.862962
800.587215
794.256741
786.842506
779.428271
773.097798
768.822051
767.307782
768.822051
773.097798
779.428271
786.842506
794.256741
800.587215
804.862962
776.711565
775.001055
770.182046
763.065604
754.744298
746.422992
739.306550
734.487541
732.777032
734.487541
739.306550
746.422992
754.744298
763.065604
770.182046
775.001055
776.711565
775.001055
770.182046
763.065604
754.744298
746.422992
739.306550
734.487541
732.777032
734.487541
739.306550
746.422992
754.744298
763.065604
770.182046
775.001055
748.981514
747.060403
741.662761
733.715730
724.440400
715.165070
707.218038
701.820396
699.899285
701.820396
707.218038
715.165070
724.440400
733.715730
741.662761
747.060403
748.981514
747.060403
741.662761
733.715730
724.440400
715.165070
707.218038
701.820396
699.899285
701.820396
707.218038
715.165070
724.440400
733.715730
741.662761
747.060403
722.998850
720.851702
714.838658
706.016238
695.740825
685.465413
676.642993
670.629949
668.482800
670.629949
676.642993
685.465413
695.740825
706.016238
714.838658
720.851702
722.998850
720.851702
714.838658
706.016238
695.740825
685.465413
676.642993
670.629949
668.482800
670.629949
676.642993
685.465413
695.740825
706.016238
714.838658
720.851702
698.604164
696.214251
689.547470
679.804733
668.484246
657.163759
647.421023
640.754241
638.364329
640.754241
647.421023
657.163759
668.484246
679.804733
689.547470
696.214251
698.604164
696.214251
689.547470
679.804733
668.484246
657.163759
647.421023
640.754241
638.364329
640.754241
647.421023
657.163759
668.484246
679.804733
689.547470
696.214251
675.661440
673.010488
665.649878
654.941823
642.532504
630.123184
619.415129
612.054519
609.403567
612.054519
619.415129
630.123184
642.532504
654.941823
665.649878
673.010488
675.661440
673.010488
665.649878
654.941823
642.532504
630.123184
619.415129
612.054519
609.403567
612.054519
619.415129
630.123184
642.532504
654.941823
665.649878
673.010488
654.053890
651.121761
643.025274
631.306883
617.766373
604.225864
592.507473
584.410985
581.478856
584.410985
592.507473
604.225864
617.766373
631.306883
643.025274
651.121761
654.053890
651.121761
643.025274
631.306883
617.766373
604.225864
592.507473
584.410985
581.478856
584.410985
592.507473
604.225864
617.766373
631.306883
643.025274
651.121761
633.680697
630.445024
621.568443
608.794750
594.082259
579.369767
566.596074
557.719493
554.483820
557.719493
566.596074
579.369767
594.082259
608.794750
621.568443
630.445024
633.680697
630.445024
621.568443
608.794750
594.082259
579.369767
566.596074
557.719493
554.483820
557.719493
566.596074
579.369767
594.082259
608.794750
621.568443
630.445024
614.454468
610.890213
601.186935
587.313107
571.389572
555.466037
541.592208
531.888931
528.324676
531.888931
541.592208
555.466037
571.389572
587.313107
601.186935
610.890213
614.454468
610.890213
601.186935
587.313107
571.389572
555.466037
541.592208
531.888931
528.324676
531.888931
541.592208
555.466037
571.389572
587.313107
601.186935
610.890213
596.299210
592.378142
581.798958
566.780391
549.608645
532.436898
517.418331
506.839147
502.918080
506.839147
517.418331
532.436898
549.608645
566.780391
581.798958
592.378142
596.299210
592.378142
581.798958
566.780391
549.608645
532.436898
517.418331
506.839147
502.918080
506.839147
517.418331
532.436898
549.608645
566.780391
581.798958
592.378142
579.148720
574.838801
563.331678
547.124114
528.669041
510.213968
494.006404
482.499281
478.189362
482.499281
494.006404
510.213968
528.669041
547.124114
563.331678
574.838801
579.148720
574.838801
563.331678
547.124114
528.669041
510.213968
494.006404
482.499281
478.189362
482.499281
494.006404
510.213968
528.669041
547.124114
563.331678
574.838801
562.945297
558.209950
545.719828
528.279485
508.508183
488.736881
471.296539
458.806416
454.071069
458.806416
471.296539
488.736881
508.508183
528.279485
545.719828
558.209950
562.945297
558.209950
545.719828
528.279485
508.508183
488.736881
471.296539
458.806416
454.071069
458.806416
471.296539
488.736881
508.508183
528.279485
545.719828
558.209950
547.638708
542.435964
528.904560
510.188294
489.070224
467.952155
449.235888
435.704485
430.501740
435.704485
449.235888
467.952155
489.070224
510.188294
528.904560
542.435964
547.638708
542.435964
528.904560
510.188294
489.070224
467.952155
449.235888
435.704485
430.501740
435.704485
449.235888
467.952155
489.070224
510.188294
528.904560
542.435964
533.185363
527.466854
512.832505
492.797984
470.305118
447.812252
427.777731
413.143382
407.424873
413.143382
427.777731
447.812252
470.305118
492.797984
512.832505
527.466854
533.185363
527.466854
512.832505
492.797984
470.305118
447.812252
427.777731
413.143382
407.424873
413.143382
427.777731
447.812252
470.305118
492.797984
512.832505
527.466854
519.547660
513.257440
497.454969
476.060884
452.167840
428.274797
406.880712
391.078241
384.788021
391.078241
406.880712
428.274797
452.167840
476.060884
497.454969
513.257440
519.547660
513.257440
497.454969
476.060884
452.167840
428.274797
406.880712
391.078241
384.788021
391.078241
406.880712
428.274797
452.167840
476.060884
497.454969
513.257440
506.693470
499.766637
482.727278
459.933568
434.617741
409.301914
386.508204
369.468845
362.542012
369.468845
386.508204
409.301914
434.617741
459.933568
482.727278
499.766637
506.693470
499.766637
482.727278
459.933568
434.617741
409.301914
386.508204
369.468845
362.542012
369.468845
386.508204
409.301914
434.617741
459.933568
482.727278
499.766637
494.595740
486.956831
468.608207
444.376318
417.617993
390.859668
366.627779
348.279155
340.640246
348.279155
366.627779
390.859668
417.617993
444.376318
468.608207
486.956831
494.595740
486.956831
468.608207
444.376318
417.617993
390.859668
366.627779
348.279155
340.640246
348.279155
366.627779
390.859668
417.617993
444.376318
468.608207
486.956831
483.232202
474.793328
455.059511
429.352676
401.135129
372.917583
347.210747
327.476930
319.038057
327.476930
347.210747
372.917583
401.135129
429.352676
455.059511
474.793328
483.232202
474.793328
455.059511
429.352676
401.135129
372.917583
347.210747
327.476930
319.038057
327.476930
347.210747
372.917583
401.135129
429.352676
455.059511
474.793328
472.585171
463.243848
442.045515
414.829059
385.138645
355.448231
328.231775
307.033443
297.692120
307.033443
328.231775
355.448231
385.138645
414.829059
442.045515
463.243848
472.585171
463.243848
442.045515
414.829059
385.138645
355.448231
328.231775
307.033443
297.692120
307.033443
328.231775
355.448231
385.138645
414.829059
442.045515
463.243848
462.641420
452.278066
429.532773
400.774443
369.600659
338.426876
309.668545
286.923252
276.559898
286.923252
309.668545
338.426876
369.600659
400.774443
429.532773
452.278066
462.641420
452.278066
429.532773
400.774443
369.600659
338.426876
309.668545
286.923252
276.559898
286.923252
309.668545
338.426876
369.600659
400.774443
429.532773
452.278066
453.392138
441.867182
417.489774
387.160084
354.495620
321.831156
291.501466
267.124058
255.599102
267.124058
291.501466
321.831156
354.495620
387.160084
417.489774
441.867182
453.392138
441.867182
417.489774
387.160084
354.495620
321.831156
291.501466
267.124058
255.599102
267.124058
291.501466
321.831156
354.495620
387.160084
417.489774
441.867182
444.832947
431.983503
405.886700
373.959292
339.800055
305.640818
273.713410
247.616606
234.767162
247.616606
273.713410
305.640818
339.800055
373.959292
405.886700
431.983503
444.832947
431.983503
405.886700
373.959292
339.800055
305.640818
273.713410
247.616606
234.767162
247.616606
273.713410
305.640818
339.800055
373.959292
405.886700
431.983503
436.963993
422.600041
394.695214
361.147234
325.492349
289.837465
256.289484
228.384657
214.020705
228.384657
256.289484
289.837465
325.492349
361.147234
394.695214
422.600041
436.963993
422.600041
394.695214
361.147234
325.492349
289.837465
256.289484
228.384657
214.020705
228.384657
256.289484
289.837465
325.492349
361.147234
394.695214
422.600041
429.790096
413.690107
383.888295
348.700764
311.552556
274.404348
239.216817
209.415005
193.315016
209.415005
239.216817
274.404348
311.552556
348.700764
383.888295
413.690107
429.790096
413.690107
383.888295
348.700764
311.552556
274.404348
239.216817
209.415005
193.315016
209.415005
239.216817
274.404348
311.552556
348.700764
383.888295
413.690107
423.320964
405.226906
373.440098
336.598285
297.962228
259.326171
222.484358
190.697550
172.603492
190.697550
222.484358
259.326171
297.962228
336.598285
373.440098
405.226906
423.320964
405.226906
373.440098
336.598285
297.962228
259.326171
222.484358
190.697550
172.603492
190.697550
222.484358
259.326171
297.962228
336.598285
373.440098
405.226906
417.571474
397.183119
363.325853
324.819627
284.704273
244.588918
206.082692
172.225427
151.837071
172.225427
206.082692
244.588918
284.704273
324.819627
363.325853
397.183119
417.571474
397.183119
363.325853
324.819627
284.704273
244.588918
206.082692
172.225427
151.837071
172.225427
206.082692
244.588918
284.704273
324.819627
363.325853
397.183119
412.562015
389.530459
353.521784
313.345943
271.762820
230.179696
190.003856
153.995181
130.963625
153.995181
190.003856
230.179696
271.762820
313.345943
353.521784
389.530459
412.562015
389.530459
353.521784
313.345943
271.762820
230.179696
190.003856
153.995181
130.963625
153.995181
190.003856
230.179696
271.762820
313.345943
353.521784
389.530459
408.318893
382.239221
344.005068
302.159625
259.123111
216.086597
174.241154
136.007001
109.927329
136.007001
174.241154
216.086597
259.123111
302.159625
344.005068
382.239221
408.318893
382.239221
344.005068
302.159625
259.123111
216.086597
174.241154
136.007001
109.927329
136.007001
174.241154
216.086597
259.123111
302.159625
344.005068
382.239221
404.874816
375.277781
334.753818
291.244224
246.771395
202.298567
158.788973
118.265010
88.667975
118.265010
158.788973
202.298567
246.771395
291.244224
334.753818
375.277781
404.874816
375.277781
334.753818
291.244224
246.771395
202.298567
158.788973
118.265010
88.667975
118.265010
158.788973
202.298567
246.771395
291.244224
334.753818
375.277781
402.269438
368.612079
325.747093
280.584387
234.694842
188.805297
143.642591
100.777605
67.120246
100.777605
143.642591
188.805297
234.694842
280.584387
325.747093
368.612079
402.269438
368.612079
325.747093
280.584387
234.694842
188.805297
143.642591
100.777605
67.120246
100.777605
143.642591
188.805297
234.694842
280.584387
325.747093
368.612079
400.549990
362.205050
316.964942
270.165799
222.881458
175.597116
128.797973
83.557865
45.212926
83.557865
128.797973
175.597116
222.881458
270.165799
316.964942
362.205050
400.549990
362.205050
316.964942
270.165799
222.881458
175.597116
128.797973
83.557865
45.212926
83.557865
128.797973
175.597116
222.881458
270.165799
316.964942
362.205050
399.771983
356.016012
308.388482
259.975133
211.320018
162.664902
114.251554
66.624023
22.868053
66.624023
114.251554
162.664902
211.320018
259.975133
308.388482
356.016012
399.771983
356.016012
308.388482
259.975133
211.320018
162.664902
114.251554
66.624023
22.868053
66.624023
114.251554
162.664902
211.320018
259.975133
308.388482
356.016012
400.000000
350.000000
300.000000
250.000000
200.000000
150.000000
100.000000
50.000000
0.000000
50.000000
100.000000
150.000000
200.000000
250.000000
300.000000
350.000000
400.000000
350.000000
300.000000
250.000000
200.000000
150.000000
100.000000
50.000000
0.000000
50.000000
100.000000
150.000000
200.000000
250.000000
300.000000
350.000000
