1500.000000
1500.000000
1500.000000
1500.000000
1500.000000
1500.000000
1500.000000
1500.000000
1500.000000
1500.000000
1500.000000
1500.000000
1500.000000
1500.000000
1500.000000
1500.000000
1500.000000
1500.000000
1500.000000
1500.000000
1500.000000
1500.000000
1500.000000
1500.000000
1500.000000
1500.000000
1500.000000
1500.000000
1500.000000
1500.000000
1500.000000
1500.000000
1500.000000
1500.000000
1500.000000
1500.000000
1383.181998
1383.154007
1383.073424
1382.949995
1382.798622
1382.637549
1382.486175
1382.362747
1382.282164
1382.254173
1382.282164
1382.362747
1382.486175
1382.637549
1382.798622
1382.949995
1383.073424
1383.154007
1383.181998
1383.154007
1383.073424
1382.949995
1382.798622
1382.637549
1382.486175
1382.362747
1382.282164
1382.254173
1382.282164
1382.362747
1382.486175
1382.637549
1382.798622
1382.949995
1383.073424
1383.154007
1286.254009
1286.199572
1286.042863
1285.802860
1285.508548
1285.195387
1284.901075
1284.661072
1284.504363
1284.449926
1284.504363
1284.661072
1284.901075
1285.195387
1285.508548
1285.802860
1286.042863
1286.199572
1286.254009
1286.199572
1286.042863
1285.802860
1285.508548
1285.195387
1284.901075
1284.661072
1284.504363
1284.449926
1284.504363
1284.661072
1284.901075
1285.195387
1285.508548
1285.802860
1286.042863
1286.199572
1203.471526
1203.389913
1203.155002
1202.795296
1202.354264
1201.885018
1201.443986
1201.084280
1200.849369
1200.767756
1200.849369
1201.084280
1201.443986
1201.885018
1202.354264
1202.795296
1203.155002
1203.389913
1203.471526
1203.389913
1203.155002
1202.795296
1202.354264
1201.885018
1201.443986
1201.084280
1200.849369
1200.767756
1200.849369
1201.084280
1201.443986
1201.885018
1202.354264
1202.795296
1203.155002
1203.389913
1131.268698
1131.158116
1130.839881
1130.352716
1129.755548
1129.120234
1128.523066
1128.035901
1127.717666
1127.607085
1127.717666
1128.035901
1128.523066
1129.120234
1129.755548
1130.352716
1130.839881
1131.158116
1131.268698
1131.158116
1130.839881
1130.352716
1129.755548
1129.120234
1128.523066
1128.035901
1127.717666
1127.607085
1127.717666
1128.035901
1128.523066
1129.120234
1129.755548
1130.352716
1130.839881
1131.158116
1067.280576
1067.138672
1066.730398
1066.105631
1065.340037
1064.525640
1063.760045
1063.135279
1062.727004
1062.585100
1062.727004
1063.135279
1063.760045
1064.525640
1065.340037
1066.105631
1066.730398
1067.138672
1067.280576
1067.138672
1066.730398
1066.105631
1065.340037
1064.525640
1063.760045
1063.135279
1062.727004
1062.585100
1062.727004
1063.135279
1063.760045
1064.525640
1065.340037
1066.105631
1066.730398
1067.138672
1009.858438
1009.682525
1009.176572
1008.402718
1007.454836
1006.446700
1005.498818
1004.724964
1004.219011
1004.043098
1004.219011
1004.724964
1005.498818
1006.446700
1007.454836
1008.402718
1009.176572
1009.682525
1009.858438
1009.682525
1009.176572
1008.402718
1007.454836
1006.446700
1005.498818
1004.724964
1004.219011
1004.043098
1004.219011
1004.724964
1005.498818
1006.446700
1007.454836
1008.402718
1009.176572
1009.682525
957.807172
957.594342
956.982476
956.047235
954.902306
953.684858
952.539929
951.604688
950.992822
950.779991
950.992822
951.604688
952.539929
953.684858
954.902306
956.047235
956.982476
957.594342
957.807172
957.594342
956.982476
956.047235
954.902306
953.684858
952.539929
951.604688
950.992822
950.779991
950.992822
951.604688
952.539929
953.684858
954.902306
956.047235
956.982476
957.594342
910.232912
909.980085
909.253642
908.144185
906.786925
905.344084
903.986824
902.877367
902.150925
901.898097
902.150925
902.877367
903.986824
905.344084
906.786925
908.144185
909.253642
909.980085
910.232912
909.980085
909.253642
908.144185
906.786925
905.344084
903.986824
902.877367
902.150925
901.898097
902.150925
902.877367
903.986824
905.344084
906.786925
908.144185
909.253642
909.980085
866.449682
866.153629
865.303596
864.006720
862.421546
860.736977
859.151802
857.854926
857.004893
856.708841
857.004893
857.854926
859.151802
860.736977
862.421546
864.006720
865.303596
866.153629
866.449682
866.153629
865.303596
864.006720
862.421546
860.736977
859.151802
857.854926
857.004893
856.708841
857.004893
857.854926
859.151802
860.736977
862.421546
864.006720
865.303596
866.153629
825.919609
825.576956
824.593997
823.096216
821.267389
819.324666
817.495838
815.998057
815.015099
814.672446
815.015099
815.998057
817.495838
819.324666
821.267389
823.096216
824.593997
825.576956
825.919609
825.576956
824.593997
823.096216
821.267389
819.324666
817.495838
815.998057
815.015099
814.672446
815.015099
815.998057
817.495838
819.324666
821.267389
823.096216
824.593997
825.576956
788.213190
787.820403
786.694865
784.982456
782.894184
780.676912
778.588640
776.876231
775.750693
775.357905
775.750693
776.876231
778.588640
780.676912
782.894184
784.982456
786.694865
787.820403
788.213190
787.820403
786.694865
784.982456
782.894184
780.676912
778.588640
776.876231
775.750693
775.357905
775.750693
776.876231
778.588640
780.676912
782.894184
784.982456
786.694865
787.820403
752.982055
752.535420
751.257305
749.316340
746.952850
744.444760
742.081270
740.140304
738.862190
738.415555
738.862190
740.140304
742.081270
744.444760
746.952850
749.316340
751.257305
752.535420
752.982055
752.535420
751.257305
749.316340
746.952850
744.444760
742.081270
740.140304
738.862190
738.415555
738.862190
740.140304
742.081270
744.444760
746.952850
749.316340
751.257305
752.535420
719.939781
719.435375
717.994311
715.810662
713.156263
710.341291
707.686892
705.503243
704.062179
703.557773
704.062179
705.503243
707.686892
710.341291
713.156263
715.810662
717.994311
719.435375
719.939781
719.435375
717.994311
715.810662
713.156263
710.341291
707.686892
705.503243
704.062179
703.557773
704.062179
705.503243
707.686892
710.341291
713.156263
715.810662
717.994311
719.435375
688.848079
688.281729
686.666916
684.226263
681.265399
678.127755
675.166891
672.726237
671.111424
670.545074
671.111424
672.726237
675.166891
678.127755
681.265399
684.226263
686.666916
688.281729
688.848079
688.281729
686.666916
684.226263
681.265399
678.127755
675.166891
672.726237
671.111424
670.545074
671.111424
672.726237
675.166891
678.127755
681.265399
684.226263
686.666916
688.281729
659.506627
658.873862
657.074016
654.361844
651.079140
647.603375
644.320672
641.608499
639.808653
639.175888
639.808653
641.608499
644.320672
647.603375
651.079140
654.361844
657.074016
658.873862
659.506627
658.873862
657.074016
654.361844
651.079140
647.603375
644.320672
641.608499
639.808653
639.175888
639.808653
641.608499
644.320672
647.603375
651.079140
654.361844
657.074016
658.873862
631.745470
631.041459
629.044740
626.046336
622.426648
618.597719
614.978032
611.979627
609.982908
609.278897
609.982908
611.979627
614.978032
618.597719
622.426648
626.046336
629.044740
631.041459
631.745470
631.041459
629.044740
626.046336
622.426648
618.597719
614.978032
611.979627
609.982908
609.278897
609.982908
611.979627
614.978032
618.597719
622.426648
626.046336
629.044740
631.041459
605.419236
604.638714
602.432652
599.133099
595.161560
590.964890
586.993351
583.693798
581.487736
580.707214
581.487736
583.693798
586.993351
590.964890
595.161560
599.133099
602.432652
604.638714
605.419236
604.638714
602.432652
599.133099
595.161560
590.964890
586.993351
583.693798
581.487736
580.707214
581.487736
583.693798
586.993351
590.964890
595.161560
599.133099
602.432652
604.638714
580.402681
579.539859
577.111268
573.495443
569.157511
564.579048
560.241116
556.625291
554.196700
553.333878
554.196700
556.625291
560.241116
564.579048
569.157511
573.495443
577.111268
579.539859
580.402681
579.539859
577.111268
573.495443
569.157511
564.579048
560.241116
556.625291
554.196700
553.333878
554.196700
556.625291
560.241116
564.579048
569.157511
573.495443
577.111268
579.539859
556.587212
555.635668
552.970550
549.023127
544.304632
539.330914
534.612420
530.664997
527.999879
527.048335
527.999879
530.664997
534.612420
539.330914
544.304632
549.023127
552.970550
555.635668
556.587212
555.635668
552.970550
549.023127
544.304632
539.330914
534.612420
530.664997
527.999879
527.048335
527.999879
530.664997
534.612420
539.330914
544.304632
549.023127
552.970550
555.635668
533.878144
532.830691
529.914139
525.619589
520.506789
515.124998
510.012197
505.717648
502.801096
501.753642
502.801096
505.717648
510.012197
515.124998
520.506789
525.619589
529.914139
532.830691
533.878144
532.830691
529.914139
525.619589
520.506789
515.124998
510.012197
505.717648
502.801096
501.753642
502.801096
505.717648
510.012197
515.124998
520.506789
525.619589
529.914139
532.830691
512.192514
511.041037
507.857127
503.199735
497.679363
491.877385
486.357013
481.699621
478.515711
477.364234
478.515711
481.699621
486.357013
491.877385
497.679363
503.199735
507.857127
511.041037
512.192514
511.041037
507.857127
503.199735
497.679363
491.877385
486.357013
481.699621
478.515711
477.364234
478.515711
481.699621
486.357013
491.877385
497.679363
503.199735
507.857127
511.041037
491.457325
490.192593
486.724275
481.688153
475.747477
469.513956
463.573280
458.537158
455.068840
453.804108
455.068840
458.537158
463.573280
469.513956
475.747477
481.688153
486.724275
490.192593
491.457325
490.192593
486.724275
481.688153
475.747477
469.513956
463.573280
458.537158
455.068840
453.804108
455.068840
458.537158
463.573280
469.513956
475.747477
481.688153
486.724275
490.192593
471.608128
470.219556
466.448540
461.017659
454.644536
447.968928
441.595805
436.164924
432.393908
431.005336
432.393908
436.164924
441.595805
447.968928
454.644536
461.017659
466.448540
470.219556
471.608128
470.219556
466.448540
461.017659
454.644536
447.968928
441.595805
436.164924
432.393908
431.005336
432.393908
436.164924
441.595805
447.968928
454.644536
461.017659
466.448540
470.219556
452.587870
451.063240
446.969882
441.128107
434.311041
427.183664
420.366598
414.524824
410.431465
408.906835
410.431465
414.524824
420.366598
427.183664
434.311041
441.128107
446.969882
451.063240
452.587870
451.063240
446.969882
441.128107
434.311041
427.183664
420.366598
414.524824
410.431465
408.906835
410.431465
414.524824
420.366598
427.183664
434.311041
441.128107
446.969882
451.063240
434.345949
432.671069
428.234259
421.965404
414.693604
407.105684
399.833884
393.565029
389.128219
387.453339
389.128219
393.565029
399.833884
407.105684
414.693605
421.965404
428.234259
432.671069
434.345949
432.671069
428.234259
421.965404
414.693605
407.105684
399.833884
393.565029
389.128219
387.453339
389.128219
393.565029
399.833884
407.105684
414.693604
421.965404
428.234259
432.671069
416.837448
414.995744
410.192801
403.480687
395.744130
387.687841
379.951283
373.239169
368.436227
366.594523
368.436227
373.239169
379.951283
387.687841
395.744130
403.480687
410.192801
414.995744
416.837448
414.995744
410.192801
403.480687
395.744130
387.687841
379.951283
373.239169
368.436227
366.594523
368.436227
373.239169
379.951283
387.687841
395.744130
403.480687
410.192801
414.995744
400.022501
397.994526
392.801108
385.629643
377.419128
368.887632
360.677116
353.505652
348.312233
346.284258
348.312233
353.505652
360.677116
368.887632
377.419128
385.629643
392.801108
397.994526
400.022501
397.994526
392.801108
385.629643
377.419128
368.887632
360.677116
353.505652
348.312233
346.284258
348.312233
353.505652
360.677116
368.887632
377.419128
385.629643
392.801108
397.994526
383.865789
381.628637
376.018654
368.371932
359.679140
350.666615
341.973823
334.327100
328.717118
326.479966
328.717118
334.327100
341.973823
350.666615
359.679140
368.371932
376.018654
381.628637
383.865789
381.628637
376.018654
368.371932
359.679140
350.666615
341.973823
334.327100
328.717118
326.479966
328.717118
334.327100
341.973823
350.666615
359.679140
368.371932
376.018654
381.628637
368.336120
365.862721
359.808292
351.670696
342.488247
332.989911
323.807463
315.669867
309.615437
307.142039
309.615437
315.669867
323.807463
332.989911
342.488247
351.670696
359.808292
365.862721
368.336120
365.862721
359.808292
351.670696
342.488247
332.989911
323.807463
315.669867
309.615437
307.142039
309.615437
315.669867
323.807463
332.989911
342.488247
351.670696
359.808292
365.862721
353.406104
350.664391
344.135814
335.492149
325.813656
315.825786
306.147293
297.503628
290.975051
288.233338
290.975051
297.503628
306.147293
315.825786
325.813656
335.492149
344.135814
350.664391
353.406104
350.664391
344.135814
335.492149
325.813656
315.825786
306.147293
297.503628
290.975051
288.233338
290.975051
297.503628
306.147293
315.825786
325.813656
335.492149
344.135814
350.664391
339.051904
336.003812
328.969590
319.805228
309.625343
299.145283
288.965397
279.801035
272.766814
269.718721
272.766814
279.801035
288.965397
299.145283
309.625343
319.805228
328.969590
336.003812
339.051904
336.003812
328.969590
319.805228
309.625343
299.145283
288.965397
279.801035
272.766814
269.718721
272.766814
279.801035
288.965397
299.145283
309.625343
319.805228
328.969590
336.003812
325.253042
321.853327
314.280246
304.581286
293.895748
282.921910
272.236371
262.537412
254.964331
251.564616
254.964331
262.537412
272.236371
282.921910
293.895748
304.581286
314.280246
321.853327
325.253042
321.853327
314.280246
304.581286
293.895748
282.921910
272.236371
262.537412
254.964331
251.564616
254.964331
262.537412
272.236371
282.921910
293.895748
304.581286
314.280246
321.853327
311.992276
308.187120
300.040392
289.793842
278.599512
267.131373
255.937043
245.690493
237.543766
233.738609
237.543766
245.690493
255.937043
267.131373
278.599512
289.793842
300.040392
308.187120
311.992276
308.187120
300.040392
289.793842
278.599512
267.131373
255.937043
245.690493
237.543766
233.738609
237.543766
245.690493
255.937043
267.131373
278.599512
289.793842
300.040392
308.187120
299.255532
294.980885
286.224388
275.418357
263.713251
251.751334
240.046228
229.240196
220.483699
216.209053
220.483699
229.240196
240.046228
251.751334
263.713251
275.418357
286.224388
294.980885
299.255532
294.980885
286.224388
275.418357
263.713251
251.751334
240.046228
229.240196
220.483699
216.209053
220.483699
229.240196
240.046228
251.751334
263.713251
275.418357
286.224388
294.980885
287.031881
282.211526
272.808142
261.432042
249.215354
236.761206
224.544518
213.168418
203.765034
198.944680
203.765034
213.168418
224.544518
236.761206
249.215354
261.432042
272.808142
282.211526
287.031881
282.211526
272.808142
261.432042
249.215354
236.761206
224.544518
213.168418
203.765034
198.944680
203.765034
213.168418
224.544518
236.761206
249.215354
261.432042
272.808142
282.211526
275.313579
269.856847
259.768937
247.813702
235.085813
222.141977
209.414088
197.458853
187.370943
181.914211
187.370943
197.458853
209.414088
222.141977
235.085813
247.813702
259.768937
269.856847
275.313579
269.856847
259.768937
247.813702
235.085813
222.141977
209.414088
197.458853
187.370943
181.914211
187.370943
197.458853
209.414088
222.141977
235.085813
247.813702
259.768937
269.856847
264.096154
257.895255
247.085291
234.543591
221.306072
207.876043
194.638524
182.096824
171.286860
165.085961
171.286860
182.096824
194.638524
207.876043
221.306072
234.543591
247.085291
257.895255
264.096154
257.895255
247.085291
234.543591
221.306072
207.876043
194.638524
182.096824
171.286860
165.085961
171.286860
182.096824
194.638524
207.876043
221.306072
234.543591
247.085291
257.895255
253.378543
246.305448
234.736837
221.603291
207.858892
193.947073
180.202674
167.069129
155.500517
148.427422
155.500517
167.069129
180.202674
193.947073
207.858892
221.603291
234.736837
246.305448
253.378543
246.305448
234.736837
221.603291
207.858892
193.947073
180.202674
167.069129
155.500517
148.427422
155.500517
167.069129
180.202674
193.947073
207.858892
221.603291
234.736837
246.305448
243.163286
235.066099
222.704228
208.975609
194.728235
180.339884
166.092510
152.363891
140.002020
131.904834
140.002020
152.363891
166.092510
180.339884
194.728235
208.975609
222.704228
235.066099
243.163286
235.066099
222.704228
208.975609
194.728235
180.339884
166.092510
152.363891
140.002020
131.904834
140.002020
152.363891
166.092510
180.339884
194.728235
208.975609
222.704228
235.066099
233.456775
224.155518
210.969073
196.644488
181.899160
167.040330
152.295003
137.970417
124.783972
115.482715
124.783972
137.970417
152.295003
167.040330
181.899160
196.644488
210.969073
224.155518
233.456775
224.155518
210.969073
196.644488
181.899160
167.040330
152.295003
137.970417
124.783972
115.482715
124.783972
137.970417
152.295003
167.040330
181.899160
196.644488
210.969073
224.155518
224.269567
213.551292
199.513887
184.594924
169.357731
154.035204
138.798011
123.879047
109.841643
99.123368
109.841643
123.879047
138.798011
154.035204
169.357731
184.594924
199.513887
213.551292
224.269567
213.551292
199.513887
184.594924
169.357731
154.035204
138.798011
123.879047
109.841643
99.123368
109.841643
123.879047
138.798011
154.035204
169.357731
184.594924
199.513887
213.551292
215.616747
203.229893
188.322073
172.812903
157.090932
141.312152
125.590181
110.081010
95.173190
82.786336
95.173190
110.081010
125.590181
141.312152
157.090932
172.812903
188.322073
203.229893
215.616747
203.229893
188.322073
172.812903
157.090932
141.312152
125.590181
110.081010
95.173190
82.786336
95.173190
110.081010
125.590181
141.312152
157.090932
172.812903
188.322073
203.229893
207.518377
193.166261
177.377926
161.285334
145.086595
128.859596
112.660857
96.568265
80.779930
66.427815
80.779930
96.568265
112.660857
128.859596
145.086595
161.285334
177.377926
193.166261
207.518377
193.166261
177.377926
161.285334
145.086595
128.859596
112.660857
96.568265
80.779930
66.427815
80.779930
96.568265
112.660857
128.859596
145.086595
161.285334
177.377926
193.166261
200.000000
183.333333
166.666667
150.000000
133.333333
116.666667
100.000000
83.333333
66.666667
50.000000
66.666667
83.333333
100.000000
116.666667
133.333333
150.000000
166.666667
183.333333
200.000000
183.333333
166.666667
150.000000
133.333333
116.666667
100.000000
83.333333
66.666667
50.000000
66.666667
83.333333
100.000000
116.666667
133.333333
150.000000
166.666667
183.333333
