1500.000000
1500.000000
1500.000000
1500.000000
1500.000000
1500.000000
1500.000000
1500.000000
1500.000000
1500.000000
1500.000000
1500.000000
1500.000000
1500.000000
1500.000000
1500.000000
1500.000000
1500.000000
1500.000000
1500.000000
1500.000000
1500.000000
1500.000000
1500.000000
1500.000000
1500.000000
1500.000000
1500.000000
1500.000000
1500.000000
1500.000000
1500.000000
1500.000000
1500.000000
1500.000000
1500.000000
1500.000000
1500.000000
1500.000000
1500.000000
1500.000000
1500.000000
1500.000000
1500.000000
1500.000000
1383.933647
1383.939043
1383.949437
1383.964093
1383.982050
1384.002248
1384.023646
1384.045312
1384.066478
1384.086563
1384.105163
1384.122036
1384.137069
1384.150243
1384.161610
1384.171262
1384.179312
1384.185879
1384.191079
1384.195011
1384.197758
1384.199381
1384.199918
1384.199381
1384.197758
1384.195011
1384.191079
1384.185879
1384.179312
1384.171262
1384.161610
1384.150243
1384.137069
1384.122036
1384.105163
1384.086563
1384.066478
1384.045312
1384.023646
1384.002248
1383.982050
1383.964093
1383.949437
1383.939043
1383.933647
1287.203996
1287.214459
1287.234561
1287.262800
1287.297232
1287.335745
1287.376302
1287.417117
1287.456752
1287.494146
1287.528592
1287.559689
1287.587273
1287.611354
1287.632063
1287.649596
1287.664184
1287.676062
1287.685450
1287.692541
1287.697491
1287.700414
1287.701381
1287.700414
1287.697491
1287.692541
1287.685450
1287.676062
1287.664184
1287.649596
1287.632063
1287.611354
1287.587273
1287.559689
1287.528592
1287.494146
1287.456752
1287.417117
1287.376302
1287.335745
1287.297232
1287.262800
1287.234561
1287.214459
1287.203996
1204.281915
1204.297581
1204.327579
1204.369494
1204.420258
1204.476602
1204.535452
1204.594186
1204.650762
1204.703731
1204.752182
1204.795641
1204.833971
1204.867267
1204.895775
1204.919822
1204.939768
1204.955967
1204.968744
1204.978379
1204.985097
1204.989062
1204.990372
1204.989062
1204.985097
1204.978379
1204.968744
1204.955967
1204.939768
1204.919822
1204.895775
1204.867267
1204.833971
1204.795641
1204.752182
1204.703731
1204.650762
1204.594186
1204.535452
1204.476602
1204.420258
1204.369494
1204.327579
1204.297581
1204.281915
1131.712539
1131.733827
1131.774417
1131.830761
1131.898433
1131.972844
1132.049801
1132.125850
1132.198410
1132.265740
1132.326823
1132.381210
1132.428866
1132.470028
1132.505098
1132.534558
1132.558908
1132.578627
1132.594144
1132.605825
1132.613960
1132.618756
1132.620341
1132.618756
1132.613960
1132.605825
1132.594144
1132.578627
1132.558908
1132.534558
1132.505098
1132.470028
1132.428866
1132.381210
1132.326823
1132.265740
1132.198410
1132.125850
1132.049801
1131.972844
1131.898433
1131.830761
1131.774417
1131.733827
1131.712539
1067.192945
1067.220490
1067.272741
1067.344712
1067.430323
1067.523447
1067.618685
1067.711762
1067.799632
1067.880370
1067.952965
1068.017090
1068.072884
1068.120784
1068.161382
1068.195336
1068.223298
1068.245873
1068.263596
1068.276913
1068.286173
1068.291629
1068.293431
1068.291629
1068.286173
1068.276913
1068.263596
1068.245873
1068.223298
1068.195336
1068.161382
1068.120784
1068.072884
1068.017090
1067.952965
1067.880370
1067.799632
1067.711762
1067.618685
1067.523447
1067.430323
1067.344712
1067.272741
1067.220490
1067.192945
1009.111183
1009.145812
1009.211119
1009.300273
1009.405168
1009.517907
1009.631789
1009.741753
1009.844390
1009.937715
1010.020839
1010.093654
1010.156551
1010.210209
1010.255447
1010.293110
1010.324011
1010.348884
1010.368364
1010.382972
1010.393117
1010.399089
1010.401060
1010.399089
1010.393117
1010.382972
1010.368364
1010.348884
1010.324011
1010.293110
1010.255447
1010.210209
1010.156551
1010.093654
1010.020839
1009.937715
1009.844390
1009.741753
1009.631789
1009.517907
1009.405168
1009.300273
1009.211119
1009.145812
1009.111183
956.294900
956.337647
956.417716
956.525927
956.651703
956.785112
956.918089
957.044851
957.161754
957.266897
957.359640
957.440190
957.509254
957.567803
957.616898
957.657590
957.690852
957.717545
957.738398
957.754009
957.764836
957.771203
957.773303
957.771203
957.764836
957.754009
957.738398
957.717545
957.690852
957.657590
957.616898
957.567803
957.509254
957.440190
957.359640
957.266897
957.161754
957.044851
956.918089
956.785112
956.651703
956.525927
956.417716
956.337647
956.294900
907.864748
907.916867
908.013738
908.143188
908.291641
908.446872
908.599412
908.742869
908.873527
908.989731
909.091218
909.178606
909.252978
909.315631
909.367888
909.411010
909.446129
909.474230
909.496131
909.512498
909.523832
909.530494
909.532690
909.530494
909.523832
909.512498
909.496131
909.474230
909.446129
909.411010
909.367888
909.315631
909.252978
909.178606
909.091218
908.989731
908.873527
908.742869
908.599412
908.446872
908.291641
908.143188
908.013738
907.916867
907.864748
863.144173
863.207180
863.323256
863.476429
863.649527
863.827773
864.000314
864.160308
864.304167
864.430659
864.540031
864.633402
864.712280
864.778320
864.833112
864.878135
864.914669
864.943821
864.966487
864.983399
864.995094
865.001964
865.004226
865.001964
864.995094
864.983399
864.966487
864.943821
864.914669
864.878135
864.833112
864.778320
864.712280
864.633402
864.540031
864.430659
864.304167
864.160308
864.000314
863.827773
863.649527
863.476429
863.323256
863.207180
863.144173
821.601436
821.677154
821.815243
821.994938
822.194788
822.397247
822.590149
822.766439
822.922877
823.058859
823.175259
823.273791
823.356420
823.425189
823.481949
823.528401
823.565958
823.595853
823.619038
823.636316
823.648242
823.655249
823.657550
823.655249
823.648242
823.636316
823.619038
823.595853
823.565958
823.528401
823.481949
823.425189
823.356420
823.273791
823.175259
823.058859
822.922877
822.766439
822.590149
822.397247
822.194788
821.994938
821.815243
821.677154
821.601436
782.810953
782.901577
783.064946
783.274286
783.503103
783.730934
783.944448
784.136687
784.305003
784.449643
784.572212
784.675112
784.760778
784.831670
784.889880
784.937344
784.975576
785.005945
785.029432
785.046925
785.058968
785.066055
785.068368
785.066055
785.058968
785.046925
785.029432
785.005945
784.975576
784.937344
784.889880
784.831670
784.760778
784.675112
784.572212
784.449643
784.305003
784.136687
783.944448
783.730934
783.503103
783.274286
783.064946
782.901577
782.810953
746.426717
746.534897
746.727331
746.969772
747.229846
747.484135
747.718367
747.926087
748.105490
748.257925
748.385796
748.492305
748.580324
748.652788
748.711968
748.760078
748.798668
748.829285
748.852878
748.870462
748.882518
748.889642
748.891936
748.889642
748.882518
748.870462
748.852878
748.829285
748.798668
748.760078
748.711968
748.652788
748.580324
748.492305
748.385796
748.257925
748.105490
747.926087
747.718367
747.484135
747.229846
746.969772
746.727331
746.534897
746.426717
712.163529
712.292481
712.518348
712.797689
713.091336
713.373061
713.627936
713.850549
714.040147
714.199491
714.331784
714.441179
714.530892
714.604434
714.664133
714.712576
714.751229
714.781911
714.805423
714.823008
714.834968
714.842111
714.844345
714.842111
714.834968
714.823008
714.805423
714.781911
714.751229
714.712576
714.664133
714.604434
714.530892
714.441179
714.331784
714.199491
714.040147
713.850549
713.627936
713.373061
713.091336
712.797689
712.518348
712.292481
712.163529
679.783438
679.937077
680.201398
680.521789
680.851298
681.161296
681.436527
681.673322
681.872113
682.037476
682.173287
682.284899
682.375655
682.449846
682.509626
682.558152
682.596576
682.627194
682.650431
682.667970
682.679712
682.686887
682.688993
682.686887
682.679712
682.667970
682.650431
682.627194
682.596576
682.558152
682.509626
682.449846
682.375655
682.284899
682.173287
682.037476
681.872113
681.673322
681.436527
681.161296
680.851298
680.521789
680.201398
679.937077
679.783438
649.085731
649.268863
649.577373
649.943325
650.310876
650.649828
650.944863
651.195034
651.401884
651.572396
651.710781
651.824017
651.915154
651.989652
652.049061
652.097501
652.135382
652.165878
652.188617
652.206125
652.217487
652.224763
652.226627
652.224763
652.217487
652.206125
652.188617
652.165878
652.135382
652.097501
652.049061
651.989652
651.915154
651.824017
651.710781
651.572396
651.401884
651.195034
650.944863
650.649828
650.310876
649.943325
649.577373
649.268863
649.085731
619.899425
620.117982
620.477183
620.893580
621.301142
621.669566
621.983535
622.246216
622.459825
622.634691
622.774626
622.889014
622.979811
623.054403
623.112930
623.161237
623.198195
623.228623
623.250564
623.268162
623.278897
623.286440
623.287857
623.286440
623.278897
623.268162
623.250564
623.228623
623.198195
623.161237
623.112930
623.054403
622.979811
622.889014
622.774626
622.634691
622.459825
622.246216
621.983535
621.669566
621.301142
620.893580
620.477183
620.117982
619.899425
592.077523
592.338880
592.756064
593.228183
593.677377
594.075649
594.407284
594.681620
594.900466
595.079034
595.219354
595.334612
595.424226
595.498892
595.555900
595.604210
595.639728
595.670319
595.691019
595.708994
595.718707
595.726844
595.727453
595.726844
595.718707
595.708994
595.691019
595.670319
595.639728
595.604210
595.555900
595.498892
595.424226
595.334612
595.219354
595.079034
594.900466
594.681620
594.407284
594.075649
593.677377
593.228183
592.756064
592.338880
592.077523
565.492554
565.805950
566.289174
566.822734
567.314634
567.743063
568.090572
568.375842
568.598074
568.779960
568.919250
569.035400
569.122751
569.197776
569.252384
569.301131
569.334441
569.365715
569.384470
569.403392
569.411419
569.420755
569.419924
569.420755
569.411419
569.403392
569.384470
569.365715
569.334441
569.301131
569.252384
569.197776
569.122751
569.035400
568.919250
568.779960
568.598074
568.375842
568.090572
567.743063
567.314634
566.822734
566.289174
565.805950
565.492554
540.033066
540.410158
540.968138
541.569387
542.104252
542.563219
542.924099
543.219905
543.443175
543.628455
543.764873
543.882424
543.966015
544.042165
544.093066
544.143161
544.173060
544.206002
544.221667
544.242567
544.247800
544.259395
544.256040
544.259395
544.247800
544.242567
544.221667
544.206002
544.173060
544.143161
544.093066
544.042165
543.966015
543.882424
543.764873
543.628455
543.443175
543.219905
542.924099
542.563219
542.104252
541.569387
540.968138
540.410158
540.033066
515.600808
516.056415
516.698292
517.374175
517.951061
518.441269
518.812024
519.118592
519.339781
519.529281
519.660276
519.780514
519.858138
519.936954
519.982126
520.035238
520.059799
520.096149
520.106849
520.131506
520.132098
520.147756
520.140053
520.147756
520.132098
520.131506
520.106849
520.096149
520.059799
520.035238
519.982126
519.936954
519.858138
519.780514
519.660276
519.529281
519.339781
519.118592
518.812024
518.441269
517.951061
517.374175
516.698292
516.056415
515.600808
492.108449
492.661535
493.396449
494.154895
494.771111
495.294002
495.669700
495.988338
496.203124
496.398875
496.520744
496.646177
496.714479
496.798713
496.834972
496.893976
496.910101
496.952795
496.955478
496.986862
496.979788
497.002500
496.987441
497.002500
496.979788
496.986862
496.955478
496.952795
496.910101
496.893976
496.834972
496.798713
496.714479
496.646177
496.520744
496.398875
496.203124
495.988338
495.669700
495.294002
494.771111
494.154895
493.396449
492.661535
492.108449
469.477676
470.152661
470.989045
471.839458
472.489780
473.048182
473.421795
473.755590
473.957782
474.163706
474.270925
474.405958
474.459752
474.554044
474.576367
474.646015
474.648760
474.702606
474.692366
474.735314
474.715692
474.750313
474.723029
474.750313
474.715692
474.735314
474.692366
474.702606
474.648760
474.646015
474.576367
474.554044
474.459752
474.405958
474.270925
474.163706
473.957782
473.755590
473.421795
473.048182
472.489780
471.839458
470.989045
470.152661
469.477676
447.637585
448.466093
449.410558
450.364596
451.040150
451.639284
452.000689
452.355536
452.536079
452.759007
452.843216
452.995166
453.026424
453.138315
453.138824
453.226761
453.208317
453.281008
453.250071
453.312301
453.272374
453.326636
453.279386
453.326636
453.272374
453.312301
453.250071
453.281008
453.208317
453.226761
453.138824
453.138315
453.026424
452.995166
452.843216
452.759007
452.536079
452.355536
452.000689
451.639284
451.040150
450.364596
449.410558
448.466093
447.637585
426.523293
427.546459
428.602105
429.674914
430.361579
431.010542
431.345051
431.731174
431.876664
432.127837
432.176350
432.356942
432.353296
432.494722
432.461189
432.579440
432.527642
432.631247
432.567478
432.661079
432.588728
432.674732
432.595404
432.674732
432.588728
432.661079
432.567478
432.631247
432.527642
432.579440
432.461189
432.494722
432.353296
432.356942
432.176350
432.127837
431.876664
431.731174
431.345051
431.010542
430.361579
429.674914
428.602105
427.546459
426.523293
406.074674
407.346210
408.510137
409.722221
410.398361
411.112316
411.398528
411.832674
411.923197
412.220447
412.214079
412.441618
412.384187
412.573647
412.487317
412.654467
412.550615
412.703755
412.588479
412.732090
412.608652
412.745046
412.614986
412.745046
412.608652
412.732090
412.588479
412.703755
412.550615
412.654467
412.487317
412.573647
412.384187
412.441618
412.214079
412.220447
411.923197
411.832674
411.398528
411.112316
410.398361
409.722221
408.510137
407.346210
406.074674
386.235208
387.825437
389.085157
390.465163
391.098429
391.901742
392.108459
392.617041
392.623063
392.993942
392.903886
393.206379
393.066644
393.332326
393.164795
393.409105
393.224842
393.455810
393.260691
393.482620
393.279770
393.494869
393.285757
393.494869
393.279770
393.482620
393.260691
393.455810
393.224842
393.409105
393.164795
393.332326
393.066644
393.206379
392.903886
392.993942
392.623063
392.617041
392.108459
391.901742
391.098429
390.465163
389.085157
387.825437
386.235208
366.950845
368.952006
370.280370
371.869158
372.411999
373.342708
373.424537
374.048091
373.926039
374.412249
374.195650
374.615237
374.350608
374.734816
374.443598
374.807436
374.500319
374.851509
374.534121
374.876774
374.552092
374.888308
374.557729
374.888308
374.552092
374.876774
374.534121
374.851509
374.500319
374.807436
374.443598
374.734816
374.350608
374.615237
374.195650
374.412249
373.926039
374.048091
373.424537
373.342708
372.411999
371.869158
370.280370
368.952006
366.950845
348.168877
350.702072
352.050186
353.906671
354.290091
355.406166
355.297352
356.096770
355.782829
356.446438
356.040178
356.639340
356.186947
356.752312
356.274625
356.820679
356.327961
356.862083
356.359694
356.885788
356.376548
356.896603
356.381833
356.896603
356.376548
356.885788
356.359694
356.862083
356.327961
356.820679
356.274625
356.752312
356.186947
356.639340
356.040178
356.446438
355.782829
356.096770
355.297352
355.406166
354.290091
353.906671
352.050186
350.702072
348.168877
329.836741
333.060985
334.348488
336.557886
336.682822
338.070849
337.676696
338.741870
338.143369
339.075439
338.387516
339.257698
338.525762
339.363861
338.608007
339.427903
338.657914
339.466613
338.687563
339.488750
338.703297
339.498844
338.708229
339.498844
338.703297
339.488750
338.687563
339.466613
338.657914
339.427903
338.608007
339.363861
338.525762
339.257698
338.387516
339.075439
338.143369
338.741870
337.676696
338.070849
336.682822
336.557886
334.348488
333.060985
329.836741
311.900721
316.024691
317.126521
319.811851
319.537368
321.324474
320.509542
321.971228
320.954802
322.287234
321.184913
322.458370
321.314357
322.557562
321.391077
322.617225
321.437526
322.653225
321.465083
322.673791
321.479695
322.683164
321.484274
322.683164
321.479695
322.673791
321.465083
322.653225
321.437526
322.617225
321.391077
322.557562
321.314357
322.458370
321.184913
322.287234
320.954802
321.971228
320.509542
321.324474
319.537368
319.811851
317.126521
316.024691
311.900721
294.304477
299.601692
300.330306
303.668209
302.795460
305.165520
303.737550
305.783512
304.158985
306.080640
304.374333
306.240248
304.494749
306.332343
304.565873
306.387591
304.608847
306.420875
304.634311
306.439872
304.647805
306.448525
304.652031
306.448525
304.647805
306.439872
304.634311
306.420875
304.608847
306.387591
304.565873
306.332343
304.494749
306.240248
304.374333
306.080640
304.158985
305.783512
303.737550
305.165520
302.795460
303.668209
300.330306
299.601692
294.304477
276.987361
283.815707
283.897380
288.139653
286.390260
289.605747
287.293954
290.190727
287.689365
290.467820
287.889330
290.615565
288.000538
290.700468
288.066021
290.751282
288.105514
290.781851
288.128890
290.799283
288.141269
290.807220
288.145146
290.807220
288.141269
290.799283
288.128890
290.781851
288.105514
290.751282
288.066021
290.700468
288.000538
290.615565
287.889330
290.467820
287.689365
290.190727
287.293954
289.605747
286.390260
288.139653
283.897380
283.815707
276.987361
259.882430
268.709155
267.752697
273.255284
270.242419
274.673604
271.099624
275.221627
271.467045
275.477682
271.651110
275.613297
271.752975
275.690946
271.812791
275.737319
271.848808
275.765182
271.870105
275.781059
271.881377
275.788285
271.884906
275.788285
271.881377
275.781059
271.870105
275.765182
271.848808
275.737319
271.812791
275.690946
271.752975
275.613297
271.651110
275.477682
271.467045
275.221627
271.099624
274.673604
270.242419
273.255284
267.752697
268.709155
259.882430
242.914085
254.347663
251.803436
259.065096
254.255093
260.418773
255.058083
260.926244
255.395792
261.160416
255.563539
261.283697
255.655968
261.354055
255.710110
261.395996
255.742664
261.421167
255.761896
261.435501
255.772071
261.442023
255.775255
261.442023
255.772071
261.435501
255.761896
261.421167
255.742664
261.395996
255.710110
261.354055
255.655968
261.283697
255.563539
261.160416
255.395792
260.926244
255.058083
260.418773
254.255093
259.065096
251.803436
254.347663
242.914085
225.995243
240.825798
235.932439
245.645860
238.307624
246.918096
239.049185
247.381813
239.355710
247.593412
239.506816
247.704216
239.589756
247.767274
239.638235
247.804800
239.667345
247.827300
239.684531
247.840105
239.693619
247.845930
239.696463
247.845930
239.693619
247.840105
239.684531
247.827300
239.667345
247.804800
239.638235
247.767274
239.589756
247.704216
239.506816
247.593412
239.355710
247.381813
239.049185
246.918096
238.307624
245.645860
235.932439
240.825798
225.995243
209.023925
228.274302
219.989943
233.108759
222.247548
234.283242
222.921109
234.700431
223.195234
234.888917
223.329469
234.987159
223.402900
235.042928
223.445740
235.076069
223.471437
235.095923
223.486598
235.107217
223.494612
235.112352
223.497119
235.112352
223.494612
235.107217
223.486598
235.095923
223.471437
235.076069
223.445740
235.042928
223.402900
234.987159
223.329469
234.888917
223.195234
234.700431
222.921109
234.283242
222.247548
233.108759
219.989943
228.274302
209.023925
191.879137
216.869133
203.783194
221.609164
205.880508
222.670514
206.480266
223.038853
206.721028
223.203832
206.838245
223.289476
206.902182
223.337989
206.939423
223.366784
206.961741
223.384021
206.974900
223.393823
206.981854
223.398278
206.984029
223.398278
206.981854
223.393823
206.974900
223.384021
206.961741
223.366784
206.939423
223.337989
206.902182
223.289476
206.838245
223.203832
206.721028
223.038853
206.480266
222.670514
205.880508
221.609164
203.783194
216.869133
191.879137
174.415895
206.842692
187.063459
211.359076
188.957576
212.293285
189.478596
212.610916
189.685283
212.752134
189.785418
212.825193
189.839903
212.866503
189.871597
212.890997
189.890574
212.905651
189.901759
212.913980
189.907668
212.917766
189.909516
212.917766
189.907668
212.913980
189.901759
212.905651
189.890574
212.890997
189.871597
212.866503
189.839903
212.825193
189.785418
212.752134
189.685283
212.610916
189.478596
212.293285
188.957576
211.359076
187.063459
206.842692
174.415895
156.459211
198.497693
169.509857
202.642805
171.159387
203.437663
171.597679
203.703202
171.769823
203.820533
171.852884
203.881065
171.897988
203.915240
171.924195
203.935487
171.939877
203.947594
171.949116
203.954473
171.953996
203.957600
171.955522
203.957600
171.953996
203.954473
171.949116
203.947594
171.939877
203.935487
171.924195
203.915240
171.897988
203.881065
171.852884
203.820533
171.769823
203.703202
171.597679
203.437663
171.159387
202.642805
169.509857
198.497693
156.459211
137.796833
192.224178
150.709326
195.836626
152.076352
196.482102
152.428926
196.694631
152.566289
196.788075
152.632353
196.836175
152.668170
196.863300
152.688962
196.879359
152.701398
196.888958
152.708722
196.894411
152.712590
196.896889
152.713800
196.896889
152.712590
196.894411
152.708722
196.888958
152.701398
196.879359
152.688962
196.863300
152.668170
196.836175
152.632353
196.788075
152.566289
196.694631
152.428926
196.482102
152.076352
195.836626
150.709326
192.224178
137.796833
118.170515
188.520318
130.131913
191.433244
131.184113
191.921801
131.449002
192.080853
131.551566
192.150522
131.600771
192.186323
131.627416
192.206494
131.642874
192.218430
131.652116
192.225562
131.657557
192.229614
131.660431
192.231454
131.661329
192.231454
131.660431
192.229614
131.657557
192.225562
131.652116
192.218430
131.642874
192.206494
131.627416
192.186323
131.600771
192.150522
131.551566
192.080853
131.449002
191.921801
131.184113
191.433244
130.131913
188.520318
118.170515
97.265509
188.017714
107.100442
190.072086
107.813217
190.398894
107.989471
190.504436
108.057420
190.550545
108.089964
190.574211
108.107571
190.587537
108.117781
190.595420
108.123884
190.600129
108.127476
190.602804
108.129373
190.604019
108.129966
190.604019
108.129373
190.602804
108.127476
190.600129
108.123884
190.595420
108.117781
190.587537
108.107571
190.574211
108.089964
190.550545
108.057420
190.504436
107.989471
190.398894
107.813217
190.072086
107.100442
188.017714
97.265509
74.697989
191.512036
80.753437
192.576607
81.111819
192.739640
81.199470
192.792042
81.233175
192.814900
81.249302
192.826624
81.258023
192.833224
81.263079
192.837127
81.266100
192.839458
81.267879
192.840782
81.268818
192.841384
81.269111
192.841384
81.268818
192.840782
81.267879
192.839458
81.266100
192.837127
81.263079
192.833224
81.258023
192.826624
81.249302
192.814900
81.233175
192.792042
81.199470
192.739640
81.111819
192.576607
80.753437
191.512036
74.697989
50.000000
200.000000
50.000000
200.000000
50.000000
200.000000
50.000000
200.000000
50.000000
200.000000
50.000000
200.000000
50.000000
200.000000
50.000000
200.000000
50.000000
200.000000
50.000000
200.000000
50.000000
200.000000
50.000000
200.000000
50.000000
200.000000
50.000000
200.000000
50.000000
200.000000
50.000000
200.000000
50.000000
200.000000
50.000000
200.000000
50.000000
200.000000
50.000000
200.000000
50.000000
200.000000
50.000000
200.000000
50.000000
