1500.000000
1500.000000
1500.000000
1500.000000
1500.000000
1500.000000
1500.000000
1500.000000
1500.000000
1500.000000
1500.000000
1500.000000
1500.000000
1500.000000
1500.000000
1500.000000
1500.000000
1500.000000
1500.000000
1500.000000
1500.000000
1500.000000
1500.000000
1500.000000
1500.000000
1500.000000
1500.000000
1500.000000
1500.000000
1500.000000
1500.000000
1500.000000
1500.000000
1500.000000
1500.000000
1500.000000
1500.000000
1500.000000
1500.000000
1500.000000
1390.345652
1390.285407
1390.110591
1389.838363
1389.495405
1389.115281
1388.735156
1388.392198
1388.119971
1387.945154
1387.884909
1387.945154
1388.119971
1388.392198
1388.735156
1389.115281
1389.495405
1389.838363
1390.110591
1390.285407
1390.345652
1390.285407
1390.110591
1389.838363
1389.495405
1389.115281
1388.735156
1388.392198
1388.119971
1387.945154
1387.884909
1387.945154
1388.119971
1388.392198
1388.735156
1389.115281
1389.495405
1389.838363
1390.110591
1390.285407
1299.452668
1299.335490
1298.995489
1298.466079
1297.799177
1297.060042
1296.320907
1295.654005
1295.124595
1294.784594
1294.667416
1294.784594
1295.124595
1295.654005
1296.320907
1297.060042
1297.799177
1298.466079
1298.995489
1299.335490
1299.452668
1299.335490
1298.995489
1298.466079
1297.799177
1297.060042
1296.320907
1295.654005
1295.124595
1294.784594
1294.667416
1294.784594
1295.124595
1295.654005
1296.320907
1297.060042
1297.799177
1298.466079
1298.995489
1299.335490
1221.953967
1221.778274
1221.268531
1220.474934
1219.475379
1218.367661
1217.259942
1216.260387
1215.466790
1214.957047
1214.781354
1214.957047
1215.466790
1216.260387
1217.259942
1218.367661
1219.475379
1220.474934
1221.268531
1221.778274
1221.953967
1221.778274
1221.268531
1220.474934
1219.475379
1218.367661
1217.259942
1216.260387
1215.466790
1214.957047
1214.781354
1214.957047
1215.466790
1216.260387
1217.259942
1218.367661
1219.475379
1220.474934
1221.268531
1221.778274
1154.507876
1154.269794
1153.579137
1152.504114
1151.150388
1149.650370
1148.150352
1146.796625
1145.721603
1145.030945
1144.792864
1145.030945
1145.721603
1146.796625
1148.150352
1149.650370
1151.150388
1152.504114
1153.579137
1154.269795
1154.507876
1154.269795
1153.579137
1152.504114
1151.150388
1149.650370
1148.150352
1146.796625
1145.721603
1145.030945
1144.792864
1145.030945
1145.721603
1146.796625
1148.150352
1149.650370
1151.150388
1152.504114
1153.579137
1154.269794
1094.893711
1094.588163
1093.701954
1092.322971
1090.586996
1088.663774
1086.740552
1085.004578
1083.625594
1082.739385
1082.433837
1082.739385
1083.625594
1085.004578
1086.740552
1088.663774
1090.586996
1092.322971
1093.701954
1094.588163
1094.893711
1094.588163
1093.701954
1092.322971
1090.586996
1088.663774
1086.740552
1085.004578
1083.625594
1082.739385
1082.433837
1082.739385
1083.625594
1085.004578
1086.740552
1088.663774
1090.586996
1092.322971
1093.701954
1094.588163
1041.561211
1041.182404
1040.083996
1038.375513
1036.225596
1033.844362
1031.463128
1029.313212
1027.604729
1026.506321
1026.127514
1026.506321
1027.604729
1029.313212
1031.463128
1033.844362
1036.225596
1038.375513
1040.083996
1041.182404
1041.561211
1041.182404
1040.083996
1038.375513
1036.225596
1033.844362
1031.463128
1029.313212
1027.604729
1026.506321
1026.127514
1026.506321
1027.604729
1029.313212
1031.463128
1033.844362
1036.225596
1038.375513
1040.083996
1041.182404
993.385558
992.927226
991.598669
989.533303
986.935638
984.059386
981.183135
978.585470
976.520104
975.191547
974.733214
975.191547
976.520104
978.585470
981.183135
984.059386
986.935638
989.533303
991.598669
992.927226
993.385558
992.927226
991.598669
989.533303
986.935638
984.059386
981.183135
978.585470
976.520104
975.191547
974.733214
975.191547
976.520104
978.585470
981.183135
984.059386
986.935638
989.533303
991.598669
992.927226
949.524901
948.980418
947.402814
944.951943
941.871445
938.461932
935.052419
931.971920
929.521049
927.943446
927.398962
927.943446
929.521049
931.971920
935.052419
938.461932
941.871445
944.951943
947.402814
948.980418
949.524901
948.980418
947.402814
944.951943
941.871445
938.461932
935.052419
931.971920
929.521049
927.943446
927.398962
927.943446
929.521049
931.971920
935.052419
938.461932
941.871445
944.951943
947.402814
948.980418
909.332898
908.695321
906.848996
903.983090
900.383879
896.402211
892.420542
888.821331
885.955425
884.109100
883.471524
884.109100
885.955425
888.821331
892.420542
896.402211
900.383879
903.983090
906.848996
908.695321
909.332898
908.695321
906.848996
903.983090
900.383879
896.402211
892.420542
888.821331
885.955425
884.109100
883.471524
884.109100
885.955425
888.821331
892.420542
896.402211
900.383879
903.983090
906.848996
908.695321
872.302627
871.564710
869.429267
866.118062
861.963772
857.370789
852.777807
848.623517
845.312312
843.176869
842.438952
843.176869
845.312312
848.623517
852.777807
857.370789
861.963772
866.118062
869.429267
871.564710
872.302627
871.564710
869.429267
866.118062
861.963772
857.370789
852.777807
848.623517
845.312312
843.176869
842.438952
843.176869
845.312312
848.623517
852.777807
857.370789
861.963772
866.118062
869.429267
871.564710
838.029284
837.183448
834.737761
830.950344
826.204324
820.960882
815.717439
810.971419
807.184002
804.738315
803.892479
804.738315
807.184002
810.971419
815.717439
820.960882
826.204324
830.950344
834.737761
837.183448
838.029284
837.183448
834.737761
830.950344
826.204324
820.960882
815.717439
810.971419
807.184002
804.738315
803.892479
804.738315
807.184002
810.971419
815.717439
820.960882
826.204324
830.950344
834.737761
837.183448
806.184579
805.222876
802.445033
798.149870
792.775325
786.842506
780.909687
775.535143
771.239980
768.462137
767.500434
768.462137
771.239980
775.535143
780.909687
786.842506
792.775325
798.149870
802.445033
805.222876
806.184579
805.222876
802.445033
798.149870
792.775325
786.842506
780.909687
775.535143
771.239980
768.462137
767.500434
768.462137
771.239980
775.535143
780.909687
786.842506
792.775325
798.149870
802.445033
805.222876
776.498709
775.412758
772.279968
767.444896
761.404999
754.744298
748.083597
742.043700
737.208628
734.075838
732.989888
734.075838
737.208628
742.043700
748.083597
754.744298
761.404999
767.444896
772.279968
775.412758
776.498709
775.412758
772.279968
767.444896
761.404999
754.744298
748.083597
742.043700
737.208628
734.075838
732.989888
734.075838
737.208628
742.043700
748.083597
754.744298
761.404999
767.444896
772.279968
775.412758
748.747361
747.528270
744.016737
738.608937
731.866917
724.440400
717.013883
710.271863
704.864062
701.352530
700.133438
701.352530
704.864062
710.271863
717.013883
724.440400
731.866917
738.608937
744.016737
747.528270
748.747361
747.528270
744.016737
738.608937
731.866917
724.440400
717.013883
710.271863
704.864062
701.352530
700.133438
701.352530
704.864062
710.271863
717.013883
724.440400
731.866917
738.608937
744.016737
747.528270
722.742160
721.380421
717.465196
711.451143
703.970368
695.740825
687.511282
680.030507
674.016455
670.101229
668.739490
670.101229
674.016455
680.030507
687.511282
695.740825
703.970368
711.451143
717.465196
721.380421
722.742160
721.380421
717.465196
711.451143
703.970368
695.740825
687.511282
680.030507
674.016455
670.101229
668.739490
670.101229
674.016455
680.030507
687.511282
695.740825
703.970368
711.451143
717.465196
721.380421
698.323521
696.808891
692.463686
685.809101
677.553156
668.484246
659.415337
651.159392
644.504806
640.159602
638.644971
640.159602
644.504806
651.159392
659.415337
668.484246
677.553156
685.809101
692.463686
696.808891
698.323521
696.808891
692.463686
685.809101
677.553156
668.484246
659.415337
651.159392
644.504806
640.159602
638.644971
640.159602
644.504806
651.159392
659.415337
668.484246
677.553156
685.809101
692.463686
696.808891
675.355223
673.676565
668.873556
661.543340
652.476106
642.532504
632.588901
623.521667
616.191451
611.388442
609.709784
611.388442
616.191451
623.521667
632.588901
642.532504
652.476106
661.543340
668.873556
673.676565
675.355223
673.676565
668.873556
661.543340
652.476106
642.532504
632.588901
623.521667
616.191451
611.388442
609.709784
611.388442
616.191451
623.521667
632.588901
642.532504
652.476106
661.543340
668.873556
673.676565
653.720228
651.865331
646.574922
638.533099
628.618840
617.766373
606.913907
596.999648
588.957825
583.667415
581.812519
583.667415
588.957825
596.999648
606.913907
617.766373
628.618840
638.533099
646.574922
651.865331
653.720228
651.865331
646.574922
638.533099
628.618840
617.766373
606.913907
596.999648
588.957825
583.667415
581.812519
583.667415
588.957825
596.999648
606.913907
617.766373
628.618840
638.533099
646.574922
651.865331
633.317438
631.272783
625.463346
616.673009
605.876460
594.082259
582.288057
571.491508
562.701171
556.891734
554.847079
556.891734
562.701171
571.491508
582.288057
594.082259
605.876460
616.673009
625.463346
631.272783
633.317438
631.272783
625.463346
616.673009
605.876460
594.082259
582.288057
571.491508
562.701171
556.891734
554.847079
556.891734
562.701171
571.491508
582.288057
594.082259
605.876460
616.673009
625.463346
631.272783
614.059132
611.809616
605.447207
595.870471
584.156939
571.389572
558.622205
546.908673
537.331936
530.969528
528.720012
530.969528
537.331936
546.908673
558.622205
571.389572
584.156939
595.870471
605.447207
611.809616
614.059132
611.809616
605.447207
595.870471
584.156939
571.389572
558.622205
546.908673
537.331936
530.969528
528.720012
530.969528
537.331936
546.908673
558.622205
571.389572
584.156939
595.870471
605.447207
611.809616
595.868951
593.397540
586.445589
576.043550
563.379024
549.608645
535.838266
523.173740
512.771700
505.819749
503.348339
505.819749
512.771700
523.173740
535.838266
549.608645
563.379024
576.043550
586.445589
593.397540
595.868951
593.397540
586.445589
576.043550
563.379024
549.608645
535.838266
523.173740
512.771700
505.819749
503.348339
505.819749
512.771700
523.173740
535.838266
549.608645
563.379024
576.043550
586.445589
593.397540
578.680282
575.967595
568.386563
557.119286
543.470560
528.669041
513.867522
500.218796
488.951519
481.370487
478.657800
481.370487
488.951519
500.218796
513.867522
528.669041
543.470560
557.119286
568.386563
575.967595
578.680282
575.967595
568.386563
557.119286
543.470560
528.669041
513.867522
500.218796
488.951519
481.370487
478.657800
481.370487
488.951519
500.218796
513.867522
528.669041
543.470560
557.119286
568.386563
575.967595
562.434981
559.458766
551.205786
539.032310
524.367113
508.508183
492.649253
477.984056
465.810581
457.557600
454.581385
457.557600
465.810581
477.984056
492.649253
508.508183
524.367113
539.032310
551.205786
559.458766
562.434981
559.458766
551.205786
539.032310
524.367113
508.508183
492.649253
477.984056
465.810581
457.557600
454.581385
457.557600
465.810581
477.984056
492.649253
508.508183
524.367113
539.032310
551.205786
559.458766
547.082345
543.816845
534.845338
521.723707
506.010852
489.070224
472.129596
456.416741
443.295110
434.323604
431.058104
434.323604
443.295110
456.416741
472.129596
489.070224
506.010852
521.723707
534.845338
543.816845
547.082345
543.816845
534.845338
521.723707
506.010852
489.070224
472.129596
456.416741
443.295110
434.323604
431.058104
434.323604
443.295110
456.416741
472.129596
489.070224
506.010852
521.723707
534.845338
543.816845
532.578307
528.993471
519.252753
505.140084
488.349624
470.305118
452.260612
435.470152
421.357483
411.616765
408.031929
411.616765
421.357483
435.470152
452.260612
470.305118
488.349624
505.140084
519.252753
528.993471
532.578307
528.993471
519.252753
505.140084
488.349624
470.305118
452.260612
435.470152
421.357483
411.616765
408.031929
411.616765
421.357483
435.470152
452.260612
470.305118
488.349624
505.140084
519.252753
528.993471
518.884800
514.945320
504.380196
489.232787
471.336184
452.167840
432.999497
415.102894
399.955485
389.390361
385.450881
389.390361
399.955485
415.102894
432.999497
452.167840
471.336184
489.232787
504.380196
514.945320
518.884800
514.945320
504.380196
489.232787
471.336184
452.167840
432.999497
415.102894
399.955485
389.390361
385.450881
389.390361
399.955485
415.102894
432.999497
452.167840
471.336184
489.232787
504.380196
514.945320
505.969285
501.633405
490.183767
473.957252
454.927559
434.617741
414.307923
395.278230
379.051715
367.602077
363.266197
367.602077
379.051715
395.278230
414.307923
434.617741
454.927559
473.957252
490.183767
501.633405
505.969285
501.633405
490.183767
473.957252
454.927559
434.617741
414.307923
395.278230
379.051715
367.602077
363.266197
367.602077
379.051715
395.278230
414.307923
434.617741
454.927559
473.957252
490.183767
501.633405
493.804398
489.022454
476.622904
459.272462
439.084509
417.617993
396.151477
375.963524
358.613082
346.213532
341.431588
346.213532
358.613082
375.963524
396.151477
417.617993
439.084509
459.272462
476.622904
489.022454
493.804398
489.022454
476.622904
459.272462
439.084509
417.617993
396.151477
375.963524
358.613082
346.213532
341.431588
346.213532
358.613082
375.963524
396.151477
417.617993
439.084509
459.272462
476.622904
489.022454
482.367730
477.080362
463.659865
445.140484
423.771079
401.135129
378.499180
357.129775
338.610394
325.189897
319.902529
325.189897
338.610394
357.129775
378.499180
401.135129
423.771079
445.140484
463.659865
477.080362
482.367730
477.080362
463.659865
445.140484
423.771079
401.135129
378.499180
357.129775
338.610394
325.189897
319.902529
325.189897
338.610394
357.129775
378.499180
401.135129
423.771079
445.140484
463.659865
477.080362
471.641715
465.777673
451.259279
431.526092
408.954217
385.138645
361.323074
338.751199
319.018012
304.499618
298.635576
304.499618
319.018012
338.751199
361.323074
385.138645
408.954217
431.526092
451.259279
465.777673
471.641715
465.777673
451.259279
431.526092
408.954217
385.138645
361.323074
338.751199
319.018012
304.499618
298.635576
304.499618
319.018012
338.751199
361.323074
385.138645
408.954217
431.526092
451.259279
465.777673
461.613626
455.087098
439.387753
418.396437
394.603451
369.600659
344.597868
320.804882
299.813565
284.114220
277.587693
284.114220
299.813565
320.804882
344.597868
369.600659
394.603451
418.396437
439.387753
455.087098
461.613626
455.087098
439.387753
418.396437
394.603451
369.600659
344.597868
320.804882
299.813565
284.114220
277.587693
284.114220
299.813565
320.804882
344.597868
369.600659
394.603451
418.396437
439.387753
455.087098
452.275683
444.983034
428.013529
405.720780
380.690619
354.495620
328.300621
303.270460
280.977711
264.008206
256.715557
264.008206
280.977711
303.270460
328.300621
354.495620
380.690619
405.720780
428.013529
444.983034
452.275683
444.983034
428.013529
405.720780
380.690619
354.495620
328.300621
303.270460
280.977711
264.008206
256.715557
264.008206
280.977711
303.270460
328.300621
354.495620
380.690619
405.720780
428.013529
444.983034
443.625272
435.441082
417.106186
393.470270
367.189635
339.800055
312.410475
286.129840
262.493924
244.159028
235.974837
244.159028
262.493924
286.129840
312.410475
339.800055
367.189635
393.470270
417.106186
435.441082
443.625272
435.441082
417.106186
393.470270
367.189635
339.800055
312.410475
286.129840
262.493924
244.159028
235.974837
244.159028
262.493924
286.129840
312.410475
339.800055
367.189635
393.470270
417.106186
435.441082
435.665278
426.437541
406.636375
381.617751
354.076289
325.492349
296.908409
269.366947
244.348323
224.547157
215.319420
224.547157
244.348323
269.366947
296.908409
325.492349
354.076289
381.617751
406.636375
426.437541
435.665278
426.437541
406.636375
381.617751
354.076289
325.492349
296.908409
269.366947
244.348323
224.547157
215.319420
224.547157
244.348323
269.366947
296.908409
325.492349
354.076289
381.617751
406.636375
426.437541
428.404547
417.948871
396.575609
370.137620
341.328080
311.552556
281.777032
252.967492
226.529503
205.156241
194.700564
205.156241
226.529503
252.967492
281.777032
311.552556
341.328080
370.137620
396.575609
417.948871
428.404547
417.948871
396.575609
370.137620
341.328080
311.552556
281.777032
252.967492
226.529503
205.156241
194.700564
205.156241
226.529503
252.967492
281.777032
311.552556
341.328080
370.137620
396.575609
417.948871
421.858486
409.951097
386.896068
359.005698
328.924069
297.962228
267.000387
236.918758
209.028388
185.973359
174.065970
185.973359
209.028388
236.918758
267.000387
297.962228
328.924069
359.005698
386.896068
409.951097
421.858486
409.951097
386.896068
359.005698
328.924069
297.962228
267.000387
236.918758
209.028388
185.973359
174.065970
185.973359
209.028388
236.918758
267.000387
297.962228
328.924069
359.005698
386.896068
409.951097
416.049811
402.419150
377.570469
348.199143
316.844755
284.704273
252.563790
221.209402
191.838076
166.989395
153.358734
166.989395
191.838076
221.209402
252.563790
284.704273
316.844755
348.199143
377.570469
402.419150
416.049811
402.419150
377.570469
348.199143
316.844755
284.704273
252.563790
221.209402
191.838076
166.989395
153.358734
166.989395
191.838076
221.209402
252.563790
284.704273
316.844755
348.199143
377.570469
402.419150
411.009470
395.326118
368.571959
337.696373
305.071962
271.762820
238.453677
205.829267
174.953681
148.199521
132.516170
148.199521
174.953681
205.829267
238.453677
271.762820
305.071962
337.696373
368.571959
395.326118
411.009470
395.326118
368.571959
337.696373
305.071962
271.762820
238.453677
205.829267
174.953681
148.199521
132.516170
148.199521
174.953681
205.829267
238.453677
271.762820
305.071962
337.696373
368.571959
395.326118
406.777748
388.642389
359.874064
327.477017
293.588752
259.123111
224.657470
190.769205
158.372158
129.603833
111.468474
129.603833
158.372158
190.769205
224.657470
259.123111
293.588752
327.477017
359.874064
388.642389
406.777748
388.642389
359.874064
327.477017
293.588752
259.123111
224.657470
190.769205
158.372158
129.603833
111.468474
129.603833
158.372158
190.769205
224.657470
259.123111
293.588752
327.477017
359.874064
388.642389
403.405590
382.334668
351.450699
317.521883
282.379332
246.771395
211.163459
176.020907
142.092092
111.208123
90.137201
111.208123
142.092092
176.020907
211.163459
246.771395
282.379332
317.521883
351.450699
382.334668
403.405590
382.334668
351.450699
317.521883
282.379332
246.771395
211.163459
176.020907
142.092092
111.208123
90.137201
111.208123
142.092092
176.020907
211.163459
246.771395
282.379332
317.521883
351.450699
382.334668
400.956164
376.364838
343.276225
307.812935
271.428988
234.694842
197.960696
161.576749
126.113458
93.024846
68.433520
93.024846
126.113458
161.576749
197.960696
234.694842
271.428988
307.812935
343.276225
376.364838
400.956164
376.364838
343.276225
307.812935
271.428988
234.694842
197.960696
161.576749
126.113458
93.024846
68.433520
93.024846
126.113458
161.576749
197.960696
234.694842
271.428988
307.812935
343.276225
376.364838
399.506695
370.688641
335.325591
298.333280
260.724011
222.881458
185.038905
147.429635
110.437324
75.074274
46.256221
75.074274
110.437324
147.429635
185.038905
222.881458
260.724011
298.333280
335.325591
370.688641
399.506695
370.688641
335.325591
298.333280
260.724011
222.881458
185.038905
147.429635
110.437324
75.074274
46.256221
75.074274
110.437324
147.429635
185.038905
222.881458
260.724011
298.333280
335.325591
370.688641
399.150604
365.254152
327.574554
289.067171
250.251639
211.320018
172.388396
133.572864
95.065482
57.385884
23.489431
57.385884
95.065482
133.572864
172.388396
211.320018
250.251639
289.067171
327.574554
365.254152
399.150604
365.254152
327.574554
289.067171
250.251639
211.320018
172.388396
133.572864
95.065482
57.385884
23.489431
57.385884
95.065482
133.572864
172.388396
211.320018
250.251639
289.067171
327.574554
365.254152
400.000000
360.000000
320.000000
280.000000
240.000000
200.000000
160.000000
120.000000
80.000000
40.000000
0.000000
40.000000
80.000000
120.000000
160.000000
200.000000
240.000000
280.000000
320.000000
360.000000
400.000000
360.000000
320.000000
280.000000
240.000000
200.000000
160.000000
120.000000
80.000000
40.000000
0.000000
40.000000
80.000000
120.000000
160.000000
200.000000
240.000000
280.000000
320.000000
360.000000
