1500.000000
1500.000000
1500.000000
1500.000000
1394.276466
1383.954095
1394.276466
1383.954095
1306.747256
1287.372828
1306.747256
1287.372828
1232.254816
1204.480505
1232.254816
1204.480505
1167.566825
1131.733915
1167.566825
1131.733915
1110.523834
1066.803714
1110.523834
1066.803714
1059.611626
1008.077099
1059.611626
1008.077099
1013.727336
954.391437
1013.727336
954.391437
972.042744
904.881120
972.042744
904.881120
933.920004
858.884418
933.920004
858.884418
898.857400
815.884179
898.857400
815.884179
866.453138
775.468625
866.453138
775.468625
836.380433
737.304580
836.380433
737.304580
808.369898
701.118699
808.369898
701.118699
782.196829
666.683970
782.196829
666.683970
757.671820
633.809831
757.671820
633.809831
734.633721
602.334771
734.633721
602.334771
712.944273
572.120734
712.944273
572.120734
692.483955
543.048792
692.483955
543.048792
673.148737
515.015780
673.148737
515.015780
654.847506
487.931637
654.847506
487.931637
637.500005
461.717285
637.500005
461.717285
621.035167
436.302915
621.035167
436.302915
605.389762
411.626604
605.389762
411.626604
590.507276
387.633173
590.507276
387.633173
576.336993
364.273243
576.336993
364.273243
562.833224
341.502457
562.833224
341.502457
549.954657
319.280825
549.954657
319.280825
537.663817
297.572170
537.663817
297.572170
525.926600
276.343659
525.926600
276.343659
514.711881
255.565410
514.711881
255.565410
503.991171
235.210147
503.991171
235.210147
493.738330
215.252910
493.738330
215.252910
483.929310
195.670800
483.929310
195.670800
474.541939
176.442759
474.541939
176.442759
465.555729
157.549382
465.555729
157.549382
456.951709
138.972747
456.951709
138.972747
448.712276
120.696269
448.712276
120.696269
440.821066
102.704574
440.821066
102.704574
433.262841
84.983381
433.262841
84.983381
426.023387
67.519404
426.023387
67.519404
419.089422
50.300262
419.089422
50.300262
412.448515
33.314400
412.448515
33.314400
406.089019
16.551016
406.089019
16.551016
400.000000
0.000000
400.000000
0.000000
