1500.000000
1500.000000
1500.000000
1500.000000
1500.000000
1500.000000
1500.000000
1500.000000
1391.240032
1389.115281
1386.990530
1389.115281
1391.240032
1389.115281
1386.990530
1389.115281
1301.147389
1297.060042
1292.972695
1297.060042
1301.147389
1297.060042
1292.972695
1297.060042
1224.411960
1218.367661
1212.323361
1218.367661
1224.411960
1218.367661
1212.323361
1218.367661
1157.718452
1149.650370
1141.582288
1149.650370
1157.718452
1149.650370
1141.582288
1149.650370
1098.859038
1088.663774
1078.468511
1088.663774
1098.859038
1088.663774
1078.468511
1088.663774
1046.289728
1033.844362
1021.398997
1033.844362
1046.289728
1033.844362
1021.398997
1033.844362
998.888535
984.059386
969.230238
984.059386
998.888535
984.059386
969.230238
984.059386
955.814518
938.461932
921.109346
938.461932
955.814518
938.461932
921.109346
938.461932
916.421126
896.402211
876.383295
896.402211
916.421126
896.402211
876.383295
896.402211
880.200536
857.370789
834.541043
857.370789
880.200536
857.370789
834.541043
857.370789
846.746579
820.960882
795.175184
820.960882
846.746579
820.960882
795.175184
820.960882
815.729280
786.842506
757.955733
786.842506
815.729280
786.842506
757.955733
786.842506
786.876889
754.744298
722.611707
754.744298
786.876889
754.744298
722.611707
754.744298
759.962923
724.440400
688.917876
724.440400
759.962923
724.440400
688.917876
724.440400
734.796620
695.740825
656.685030
695.740825
734.796620
695.740825
656.685030
695.740825
711.215784
668.484246
625.752709
668.484246
711.215784
668.484246
625.752709
668.484246
689.081334
642.532504
595.983673
642.532504
689.081334
642.532504
595.983673
642.532504
668.273104
617.766373
567.259642
617.766373
668.273104
617.766373
567.259642
617.766373
648.686544
594.082259
539.477973
594.082259
648.686544
594.082259
539.477973
594.082259
630.230117
571.389572
512.549027
571.389572
630.230117
571.389572
512.549027
571.389572
612.823218
549.608645
486.394072
549.608645
612.823218
549.608645
486.394072
549.608645
596.394491
528.669041
460.943591
528.669041
596.394491
528.669041
460.943591
528.669041
580.880457
508.508183
436.135909
508.508183
580.880457
508.508183
436.135909
508.508183
566.224394
489.070224
411.916055
489.070224
566.224394
489.070224
411.916055
489.070224
552.375397
470.305118
388.234839
470.305118
552.375397
470.305118
388.234839
470.305118
539.287613
452.167840
365.048068
452.167840
539.287613
452.167840
365.048068
452.167840
526.919583
434.617741
342.315899
434.617741
526.919583
434.617741
342.315899
434.617741
515.233694
417.617993
320.002292
417.617993
515.233694
417.617993
320.002292
417.617993
504.195718
401.135129
298.074541
401.135129
504.195718
401.135129
298.074541
401.135129
493.774409
385.138645
276.502882
385.138645
493.774409
385.138645
276.502882
385.138645
483.941166
369.600659
255.260152
369.600659
483.941166
369.600659
255.260152
369.600659
474.669742
354.495620
234.321498
354.495620
474.669742
354.495620
234.321498
354.495620
465.935983
339.800055
213.664127
339.800055
465.935983
339.800055
213.664127
339.800055
457.717616
325.492349
193.267082
325.492349
457.717616
325.492349
193.267082
325.492349
449.994053
311.552556
173.111059
311.552556
449.994053
311.552556
173.111059
311.552556
442.746223
297.962228
153.178234
297.962228
442.746223
297.962228
153.178234
297.962228
435.956425
284.704273
133.452120
284.704273
435.956425
284.704273
133.452120
284.704273
429.608201
271.762820
113.917439
271.762820
429.608201
271.762820
113.917439
271.762820
423.686215
259.123111
94.560007
259.123111
423.686215
259.123111
94.560007
259.123111
418.176156
246.771395
75.366635
246.771395
418.176156
246.771395
75.366635
246.771395
413.064647
234.694842
56.325037
234.694842
413.064647
234.694842
56.325037
234.694842
408.339162
222.881458
37.423753
222.881458
408.339162
222.881458
37.423753
222.881458
403.987956
211.320018
18.652079
211.320018
403.987956
211.320018
18.652079
211.320018
400.000000
200.000000
0.000000
200.000000
400.000000
200.000000
0.000000
200.000000
