1500.000000
1500.000000
1500.000000
1500.000000
1500.000000
1500.000000
1500.000000
1500.000000
1500.000000
1500.000000
1500.000000
1500.000000
1401.421066
1400.709567
1399.311952
1398.600452
1399.311952
1400.709567
1401.421066
1400.709567
1399.311952
1398.600452
1399.311952
1400.709567
1318.263843
1316.886530
1314.187651
1312.810338
1314.187651
1316.886530
1318.263843
1316.886530
1314.187651
1312.810338
1314.187651
1316.886530
1246.458294
1244.410286
1240.410976
1238.362967
1240.410976
1244.410286
1246.458294
1244.410286
1240.410976
1238.362967
1240.410976
1244.410286
1183.365552
1180.616567
1175.271200
1172.522215
1175.271200
1180.616567
1183.365552
1180.616567
1175.271200
1172.522215
1175.271200
1180.616567
1127.178047
1123.683651
1116.922403
1113.428007
1116.922403
1123.683651
1127.178047
1123.683651
1116.922403
1113.428007
1116.922403
1123.683651
1076.603883
1072.310994
1064.050957
1059.758068
1064.050957
1072.310994
1076.603883
1072.310994
1064.050957
1059.758068
1064.050957
1072.310994
1030.687929
1025.537692
1015.688865
1010.538628
1015.688865
1025.537692
1030.687929
1025.537692
1015.688865
1010.538628
1015.688865
1025.537692
988.704260
982.633627
971.102345
965.031712
971.102345
982.633627
988.704260
982.633627
971.102345
965.031712
971.102345
982.633627
950.088351
943.030967
929.721983
922.664599
929.721983
943.030967
950.088351
943.030967
929.721983
922.664599
929.721983
943.030967
914.392611
906.279324
891.097122
882.983834
891.097122
906.279324
914.392611
906.279324
891.097122
882.983834
891.097122
906.279324
881.256240
872.015379
854.865055
845.624194
854.865055
872.015379
881.256240
872.015379
854.865055
845.624194
854.865055
872.015379
850.384209
839.941740
820.729603
810.287133
820.729603
839.941740
850.384209
839.941740
820.729603
810.287133
820.729603
839.941740
821.532248
809.811833
788.445843
776.725428
788.445843
809.811833
821.532248
809.811833
788.445843
776.725428
788.445843
809.811833
794.495880
781.418895
757.808989
744.732004
757.808989
781.418895
794.495880
781.418895
757.808989
744.732004
757.808989
781.418895
769.102272
754.587780
728.646128
714.131637
728.646128
754.587780
769.102272
754.587780
728.646128
714.131637
728.646128
754.587780
745.204071
729.168779
700.809990
684.774698
700.809990
729.168779
745.204071
729.168779
700.809990
684.774698
700.809990
729.168779
722.674672
705.032868
674.174163
656.532358
674.174163
705.032868
722.674672
705.032868
674.174163
656.532358
674.174163
705.032868
701.404539
682.068019
648.629380
629.292859
648.629380
682.068019
701.404539
682.068019
648.629380
629.292859
648.629380
682.068019
681.298307
660.176299
624.080599
602.958591
624.080599
660.176299
681.298307
660.176299
624.080599
602.958591
624.080599
660.176299
662.272477
639.271555
600.444681
577.443759
600.444681
639.271555
662.272477
639.271555
600.444681
577.443759
600.444681
639.271555
644.253561
619.277558
577.648523
552.672520
577.648523
619.277558
644.253561
619.277558
577.648523
552.672520
577.648523
619.277558
627.176580
600.126498
555.627543
528.577460
555.627543
600.126498
627.176580
600.126498
555.627543
528.577460
555.627543
600.126498
610.983832
581.757751
534.324445
505.098364
534.324445
581.757751
610.983832
581.757751
534.324445
505.098364
534.324445
581.757751
595.623878
564.116863
513.688202
482.181188
513.688202
564.116863
595.623878
564.116863
513.688202
482.181188
513.688202
564.116863
581.050696
547.154707
493.673205
459.777216
493.673205
547.154707
581.050696
547.154707
493.673205
459.777216
493.673205
547.154707
567.222983
530.826778
474.238558
437.842354
474.238558
530.826778
567.222983
530.826778
474.238558
437.842354
474.238558
530.826778
554.103555
515.092602
455.347485
416.336532
455.347485
515.092602
554.103555
515.092602
455.347485
416.336532
455.347485
515.092602
541.658851
499.915230
436.966824
395.223203
436.966824
499.915230
541.658851
499.915230
436.966824
395.223203
436.966824
499.915230
529.858502
485.260816
419.066602
374.468916
419.066602
485.260816
529.858502
485.260816
419.066602
374.468916
419.066602
485.260816
518.674969
471.098250
401.619666
354.042947
401.619666
471.098250
518.674969
471.098250
401.619666
354.042947
401.619666
471.098250
508.083226
457.398844
384.601374
333.916992
384.601374
457.398844
508.083226
457.398844
384.601374
333.916992
384.601374
457.398844
498.060495
444.136065
367.989319
314.064889
367.989319
444.136065
498.060495
444.136065
367.989319
314.064889
367.989319
444.136065
488.586005
431.285297
351.763097
294.462389
351.763097
431.285297
488.586005
431.285297
351.763097
294.462389
351.763097
431.285297
479.640791
418.823638
335.904104
275.086951
335.904104
418.823638
479.640791
418.823638
335.904104
275.086951
335.904104
418.823638
471.207516
406.729726
320.395353
255.917563
320.395353
406.729726
471.207516
406.729726
320.395353
255.917563
320.395353
406.729726
463.270314
394.983577
305.221321
236.934584
305.221321
394.983577
463.270314
394.983577
305.221321
236.934584
305.221321
394.983577
455.814652
383.566452
290.367815
218.119615
290.367815
383.566452
455.814652
383.566452
290.367815
218.119615
290.367815
383.566452
448.827209
372.460735
275.821841
199.455368
275.821841
372.460735
448.827209
372.460735
275.821841
199.455368
275.821841
372.460735
442.295768
361.649827
261.571508
180.925566
261.571508
361.649827
442.295768
361.649827
261.571508
180.925566
261.571508
361.649827
436.209123
351.118047
247.605923
162.514847
247.605923
351.118047
436.209123
351.118047
247.605923
162.514847
247.605923
351.118047
430.556991
340.850554
233.915115
144.208677
233.915115
340.850554
430.556991
340.850554
233.915115
144.208677
233.915115
340.850554
425.329937
330.833264
220.489951
125.993278
220.489951
330.833264
425.329937
330.833264
220.489951
125.993278
220.489951
330.833264
420.519307
321.052790
207.322074
107.855558
207.322074
321.052790
420.519307
321.052790
207.322074
107.855558
207.322074
321.052790
416.117165
311.496377
194.403842
89.783053
194.403842
311.496377
416.117165
311.496377
194.403842
89.783053
194.403842
311.496377
412.116244
302.151847
181.728269
71.763872
181.728269
302.151847
412.116244
302.151847
181.728269
71.763872
181.728269
302.151847
408.509888
293.007554
169.288982
53.786647
169.288982
293.007554
408.509888
293.007554
169.288982
53.786647
169.288982
293.007554
405.292015
284.052335
157.080171
35.840491
157.080171
284.052335
405.292015
284.052335
157.080171
35.840491
157.080171
284.052335
402.457072
275.275475
145.096553
17.914957
145.096553
275.275475
402.457072
275.275475
145.096553
17.914957
145.096553
275.275475
400.000000
266.666667
133.333333
0.000000
133.333333
266.666667
400.000000
266.666667
133.333333
0.000000
133.333333
266.666667
