1500.000000
1500.000000
1500.000000
1500.000000
1500.000000
1500.000000
1500.000000
1500.000000
1500.000000
1500.000000
1500.000000
1500.000000
1500.000000
1500.000000
1500.000000
1394.648771
1394.794347
1394.976002
1395.144395
1395.259228
1395.339092
1395.375390
1395.392355
1395.375390
1395.339092
1395.259228
1395.144395
1394.976002
1394.794347
1394.648771
1305.348762
1305.632229
1305.974373
1306.290815
1306.500500
1306.649184
1306.713031
1306.746307
1306.713031
1306.649184
1306.500500
1306.290815
1305.974373
1305.632229
1305.348762
1227.839571
1228.265121
1228.754937
1229.207927
1229.495341
1229.706117
1229.788447
1229.839469
1229.788447
1229.706117
1229.495341
1229.207927
1228.754937
1228.265121
1227.839571
1159.356762
1159.935918
1160.564016
1161.147619
1161.496751
1161.766396
1161.857487
1161.929688
1161.857487
1161.766396
1161.496751
1161.147619
1160.564016
1159.935918
1159.356762
1098.004609
1098.754391
1099.512132
1100.224536
1100.619255
1100.947792
1101.036759
1101.135757
1101.036759
1100.947792
1100.619255
1100.224536
1099.512132
1098.754391
1098.004609
1042.426412
1043.368602
1044.246430
1045.089364
1045.512486
1045.903204
1045.977482
1046.111379
1045.977482
1045.903204
1045.512486
1045.089364
1044.246430
1043.368602
1042.426412
991.617653
992.778560
993.764826
994.743423
995.175955
995.635596
995.680405
995.860156
995.680405
995.635596
995.175955
994.743423
993.764826
992.778560
991.617653
944.813638
946.224128
947.304158
948.427078
948.847548
949.386601
949.384412
949.624241
949.384412
949.386601
948.847548
948.427078
947.304158
946.224128
944.813638
901.418631
903.114289
904.269587
905.549300
905.933132
906.566204
906.496190
906.814048
906.496190
906.566204
905.933132
905.549300
904.269587
903.114289
901.418631
860.959345
862.980730
864.188241
865.641423
865.960330
866.706580
866.544053
866.962115
866.544053
866.706580
865.960330
865.641423
864.188241
862.980730
860.959345
823.053403
825.446355
826.677768
828.325769
828.547143
829.430765
829.146594
829.691786
829.146594
829.430765
828.547143
828.325769
826.677768
825.446355
823.053403
787.387323
790.203311
791.424365
793.293746
793.380042
794.430792
793.990795
794.695358
793.990795
794.430792
793.380042
793.293746
791.424365
790.203311
787.387323
753.700781
756.997275
758.167079
760.290191
760.198296
761.452056
760.816376
761.718455
760.816376
761.452056
760.198296
760.290191
758.167079
756.997275
753.700781
721.775115
725.615989
726.686321
729.101935
728.782513
730.281893
729.404346
730.548615
729.404346
730.281893
728.782513
729.101935
726.686321
725.615989
721.775115
691.424769
695.880719
696.795325
699.549295
698.946112
700.741083
699.568481
701.006794
699.568481
700.741083
698.946112
699.549295
696.795325
695.880719
691.424769
662.490822
667.639797
668.333676
671.479633
670.528865
672.677422
671.148874
672.940944
671.148874
672.677422
670.528865
671.479633
668.333676
667.639797
662.490822
634.836015
640.763666
641.162335
644.762424
643.391927
645.960786
644.006970
646.221081
644.006970
645.960786
643.391927
644.762424
641.162335
640.763666
634.836015
608.340878
615.141027
615.159771
619.285403
617.413973
620.479298
618.021712
620.735450
618.021712
620.479298
617.413973
619.285403
615.159771
615.141027
608.340878
582.900686
590.675798
590.218906
594.951554
592.488149
596.136299
593.086483
596.387504
593.086483
596.136299
592.488149
594.951554
590.218906
590.675798
582.900686
558.423030
567.284698
566.244680
571.676693
568.519638
572.847954
569.106688
573.093506
569.106688
572.847954
568.519638
571.676693
566.244680
567.284698
558.423030
534.825862
544.895312
543.152096
549.387542
545.423702
550.541312
545.997792
550.780597
545.997792
550.541312
545.423702
549.387542
543.152096
544.895312
534.825862
512.035910
523.444509
520.864625
528.020161
523.124093
529.152750
523.683731
529.385230
523.683731
529.152750
523.124093
528.020161
520.864625
523.444509
512.035910
489.987381
502.877160
499.312901
507.518667
501.551743
508.626686
502.095610
508.851899
502.095610
508.626686
501.551743
507.518667
499.312901
502.877160
489.987381
468.620887
483.145072
478.433640
487.834184
480.643690
488.914532
481.170622
489.132079
481.170622
488.914532
480.643690
487.834184
478.433640
483.145072
468.620887
447.882557
464.206113
458.168747
468.923964
460.342175
469.973819
460.851153
470.183359
460.851153
469.973819
460.342175
468.923964
458.168747
464.206113
447.882557
427.723291
446.023474
438.464560
450.750665
440.593892
451.767466
441.084029
451.968713
441.084029
451.767466
440.593892
450.750665
438.464560
446.023474
427.723291
408.098132
428.565053
419.271217
433.281735
421.349347
434.263177
421.819880
434.455893
421.819880
434.263177
421.349347
433.281735
419.271217
428.565053
408.098132
388.965734
411.802934
400.542113
416.488899
402.562324
417.432918
403.012601
417.616906
403.012601
417.432918
402.562324
416.488899
400.542113
411.802934
388.965734
370.287912
395.712941
382.233445
400.347720
384.189418
401.252484
384.618891
401.427588
384.618891
401.252484
384.189418
400.347720
382.233445
395.712941
370.287912
352.029254
380.274264
364.303815
384.837231
366.189639
385.701127
366.597857
385.867225
366.597857
385.701127
366.189639
384.837231
364.303815
380.274264
352.029254
334.156785
365.469134
346.713887
369.939613
348.524073
370.761236
348.910670
370.918240
348.910670
370.761236
348.524073
369.939613
346.713887
365.469134
334.156785
316.639682
351.282545
329.426095
355.639921
331.155582
356.418068
331.520274
356.565917
331.520274
356.418068
331.155582
355.639921
329.426095
351.282545
316.639682
299.449024
337.702011
312.404383
341.925855
314.048546
342.659510
314.391121
342.798168
314.391121
342.659510
314.048546
341.925855
312.404383
337.702011
299.449024
282.557572
324.717361
295.613981
328.787551
297.168634
329.475876
297.488949
329.605332
297.488949
329.475876
297.168634
328.787551
295.613981
324.717361
282.557572
265.939582
312.320556
279.021208
316.217406
280.482605
316.859732
280.780577
316.979995
280.780577
316.859732
280.482605
316.217406
279.021208
312.320556
265.939582
249.570633
300.505529
262.593294
304.209926
263.958134
304.805743
264.233737
304.916840
264.233737
304.805743
263.958134
304.209926
262.593294
300.505529
249.570633
233.427484
289.268052
246.298229
292.761594
247.563652
293.310539
247.816909
293.412515
247.816909
293.310539
247.563652
292.761594
246.298229
289.268052
233.427484
217.487943
278.605606
230.104621
281.870750
231.268206
282.372600
231.499189
282.465514
231.499189
282.372600
231.268206
281.870750
230.104621
278.605606
217.487943
201.730748
268.517283
213.981578
271.537491
215.041338
271.992154
215.250158
272.076078
215.250158
271.992154
215.041338
271.537491
213.981578
268.517283
201.730748
186.135467
259.003686
197.898594
261.763584
198.852968
262.171087
199.039777
262.246105
199.039777
262.171087
198.852968
261.763584
197.898594
259.003686
186.135467
170.682408
250.066848
181.825453
252.552384
182.673297
252.912866
182.838278
252.979073
182.838278
252.912866
182.673297
252.552384
181.825453
250.066848
170.682408
155.352532
241.710159
165.732135
243.908766
166.472713
244.222471
166.616080
244.279971
166.616080
244.222471
166.472713
243.908766
165.732135
241.710159
155.352532
140.127382
233.938299
149.588740
235.839069
150.221709
236.106333
150.343705
236.155237
150.343705
236.106333
150.221709
235.839069
149.588740
233.938299
140.127382
124.989016
226.757182
133.365413
228.351036
133.890809
228.572283
133.991699
228.612710
133.991699
228.572283
133.890809
228.351036
133.365413
226.757182
124.989016
109.919949
220.173903
117.032277
221.453774
117.450496
221.629505
117.530566
221.661579
117.530566
221.629505
117.450496
221.453774
117.032277
220.173903
109.919949
94.903097
214.196693
100.559368
215.157707
100.871151
215.288496
100.930707
215.312347
100.930707
215.288496
100.871151
215.157707
100.559368
214.196693
94.903097
79.921727
208.834878
83.916588
209.474544
84.122993
209.561027
84.162358
209.576789
84.162358
209.561027
84.122993
209.474544
83.916588
208.834878
79.921727
64.959414
204.098843
67.073642
204.417247
67.176029
204.460117
67.195537
204.467928
67.195537
204.460117
67.176029
204.417247
67.073642
204.098843
64.959414
50.000000
200.000000
50.000000
200.000000
50.000000
200.000000
50.000000
200.000000
50.000000
200.000000
50.000000
200.000000
50.000000
200.000000
50.000000
