1500.000000
1500.000000
1500.000000
1500.000000
1500.000000
1500.000000
1500.000000
1500.000000
1500.000000
1500.000000
1500.000000
1500.000000
1500.000000
1500.000000
1500.000000
1500.000000
1394.714170
1394.575438
1394.242149
1393.908860
1393.770128
1393.908860
1394.242149
1394.575438
1394.714170
1394.575438
1394.242149
1393.908860
1393.770128
1393.908860
1394.242149
1394.575438
1305.809119
1305.540238
1304.894999
1304.249760
1303.980880
1304.249760
1304.894999
1305.540238
1305.809119
1305.540238
1304.894999
1304.249760
1303.980880
1304.249760
1304.894999
1305.540238
1228.909460
1228.509028
1227.549705
1226.590383
1226.189951
1226.590383
1227.549705
1228.509028
1228.909460
1228.509028
1227.549705
1226.590383
1226.189951
1226.590383
1227.549705
1228.509028
1161.189167
1160.650757
1159.363723
1158.076688
1157.538279
1158.076688
1159.363723
1160.650757
1161.189167
1160.650757
1159.363723
1158.076688
1157.538279
1158.076688
1159.363723
1160.650757
1100.717541
1100.031905
1098.397432
1096.762960
1096.077323
1096.762960
1098.397432
1100.031905
1100.717541
1100.031905
1098.397432
1096.762960
1096.077323
1096.762960
1098.397432
1100.031905
1046.117266
1045.273387
1043.268340
1041.263292
1040.419413
1041.263292
1043.268340
1045.273387
1046.117266
1045.273387
1043.268340
1041.263292
1040.419413
1041.263292
1043.268340
1045.273387
996.371450
995.357084
992.956352
990.555621
989.541255
990.555621
992.956352
995.357084
996.371450
995.357084
992.956352
990.555621
989.541255
990.555621
992.956352
995.357084
950.708013
949.509963
946.687293
943.864622
942.666572
943.864622
946.687293
949.509963
950.708013
949.509963
946.687293
943.864622
942.666572
943.864622
946.687293
949.509963
908.526991
907.131242
903.859733
900.588224
899.192476
900.588224
903.859733
907.131242
908.526991
907.131242
903.859733
900.588224
899.192476
900.588224
903.859733
907.131242
869.352953
867.744731
863.997159
860.249587
858.641365
860.249587
863.997159
867.744731
869.352953
867.744731
863.997159
860.249587
858.641365
860.249587
863.997159
867.744731
832.802803
830.966585
826.715614
822.464644
820.628425
822.464644
826.715614
830.966585
832.802803
830.966585
826.715614
822.464644
820.628425
822.464644
826.715614
830.966585
798.563361
796.482852
791.701191
786.919529
784.839020
786.919529
791.701191
796.482852
798.563361
796.482852
791.701191
786.919529
784.839020
786.919529
791.701191
796.482852
766.375358
764.033453
758.693963
753.354474
751.012569
753.354474
758.693963
764.033453
766.375358
764.033453
758.693963
753.354474
751.012569
753.354474
758.693963
764.033453
736.021766
733.400496
727.476284
721.552073
718.930803
721.552073
727.476284
733.400496
736.021766
733.400496
727.476284
721.552073
718.930803
721.552073
727.476284
733.400496
707.319131
704.399597
697.864086
691.328575
688.409042
691.328575
697.864086
704.399597
707.319131
704.399597
697.864086
691.328575
688.409042
691.328575
697.864086
704.399597
680.111017
676.873320
669.700311
662.527302
659.289604
662.527302
669.700311
676.873320
680.111017
676.873320
669.700311
662.527302
659.289604
662.527302
669.700311
676.873320
654.262985
650.686143
642.849872
635.013601
631.436759
635.013601
642.849872
650.686143
654.262985
650.686143
642.849872
635.013601
631.436759
635.013601
642.849872
650.686143
629.658684
625.720551
617.195740
608.670929
604.732795
608.670929
617.195740
625.720551
629.658684
625.720551
617.195740
608.670929
604.732795
608.670929
617.195740
625.720551
606.196778
601.873954
592.635860
583.397765
579.074941
583.397765
592.635860
601.873954
606.196778
601.873954
592.635860
583.397765
579.074941
583.397765
592.635860
601.873954
583.788502
579.056242
569.080702
559.105162
554.372902
559.105162
569.080702
579.056242
583.788502
579.056242
569.080702
559.105162
554.372902
559.105162
569.080702
579.056242
562.355697
557.187813
546.451293
535.714773
530.546888
535.714773
546.451293
557.187813
562.355697
557.187813
546.451293
535.714773
530.546888
535.714773
546.451293
557.187813
541.829219
536.197978
524.677618
513.157258
507.526017
513.157258
524.677618
536.197978
541.829219
536.197978
524.677618
513.157258
507.526017
513.157258
524.677618
536.197978
522.147631
516.023656
503.697315
491.370975
485.247000
491.370975
503.697315
516.023656
522.147631
516.023656
503.697315
491.370975
485.247000
491.370975
503.697315
516.023656
503.256137
496.608298
483.454602
470.300906
463.653066
470.300906
483.454602
496.608298
503.256137
496.608298
483.454602
470.300906
463.653066
470.300906
483.454602
496.608298
485.105687
477.900990
463.899376
449.897763
442.693066
449.897763
463.899376
477.900990
485.105687
477.900990
463.899376
449.897763
442.693066
449.897763
463.899376
477.900990
467.652230
459.855708
444.986476
430.117244
422.320722
430.117244
444.986476
459.855708
467.652230
459.855708
444.986476
430.117244
422.320722
430.117244
444.986476
459.855708
450.856095
442.430689
426.675046
410.919403
402.493997
410.919403
426.675046
442.430689
450.856095
442.430689
426.675046
410.919403
402.493997
410.919403
426.675046
442.430689
434.681454
425.587900
408.928010
392.268119
383.174565
392.268119
408.928010
425.587900
434.681454
425.587900
408.928010
392.268119
383.174565
392.268119
408.928010
425.587900
419.095878
409.292580
391.711615
374.130650
364.327352
374.130650
391.711615
409.292580
419.095878
409.292580
391.711615
374.130650
364.327352
374.130650
391.711615
409.292580
404.069949
393.512860
374.995052
356.477243
345.920154
356.477243
374.995052
393.512860
404.069949
393.512860
374.995052
356.477243
345.920154
356.477243
374.995052
393.512860
389.576933
378.219426
358.750115
339.280804
327.923298
339.280804
358.750115
378.219426
389.576933
378.219426
358.750115
339.280804
327.923298
339.280804
358.750115
378.219426
375.592490
363.385233
342.950924
322.516616
310.309359
322.516616
342.950924
363.385233
375.592490
363.385233
342.950924
322.516616
310.309359
322.516616
342.950924
363.385233
362.094434
348.985255
327.573670
306.162085
293.052906
306.162085
327.573670
348.985255
362.094434
348.985255
327.573670
306.162085
293.052906
306.162085
327.573670
348.985255
349.062516
334.996268
312.596402
290.196536
276.130288
290.196536
312.596402
334.996268
349.062516
334.996268
312.596402
290.196536
276.130288
290.196536
312.596402
334.996268
336.478236
321.396666
297.998840
274.601013
259.519443
274.601013
297.998840
321.396666
336.478236
321.396666
297.998840
274.601013
259.519443
274.601013
297.998840
321.396666
324.324680
308.166285
283.762206
259.358127
243.199732
259.358127
283.762206
308.166285
324.324680
308.166285
283.762206
259.358127
243.199732
259.358127
283.762206
308.166285
312.586378
295.286265
269.869083
244.451901
227.151789
244.451901
269.869083
295.286265
312.586378
295.286265
269.869083
244.451901
227.151789
244.451901
269.869083
295.286265
301.249175
282.738919
256.303286
229.867653
211.357397
229.867653
256.303286
282.738919
301.249175
282.738919
256.303286
229.867653
211.357397
229.867653
256.303286
282.738919
290.300121
270.507615
243.049744
215.591874
195.799368
215.591874
243.049744
270.507615
290.300121
270.507615
243.049744
215.591874
195.799368
215.591874
243.049744
270.507615
279.727371
258.576679
230.094408
201.612136
180.461445
201.612136
230.094408
258.576679
279.727371
258.576679
230.094408
201.612136
180.461445
201.612136
230.094408
258.576679
269.520096
246.931303
217.424152
187.917000
165.328208
187.917000
217.424152
246.931303
269.520096
246.931303
217.424152
187.917000
165.328208
187.917000
217.424152
246.931303
259.668406
235.557462
205.026700
174.495938
150.384995
174.495938
205.026700
235.557462
259.668406
235.557462
205.026700
174.495938
150.384995
174.495938
205.026700
235.557462
250.163279
224.441845
192.890553
161.339261
135.617828
161.339261
192.890553
224.441845
250.163279
224.441845
192.890553
161.339261
135.617828
161.339261
192.890553
224.441845
240.996499
213.571788
181.004923
148.438059
121.013347
148.438059
181.004923
213.571788
240.996499
213.571788
181.004923
148.438059
121.013347
148.438059
181.004923
213.571788
232.160600
202.935213
169.359677
135.784141
106.558754
135.784141
169.359677
202.935213
232.160600
202.935213
169.359677
135.784141
106.558754
135.784141
169.359677
202.935213
223.648813
192.520581
157.945283
123.369986
92.241753
123.369986
157.945283
192.520581
223.648813
192.520581
157.945283
123.369986
92.241753
123.369986
157.945283
192.520581
215.455023
182.316839
146.752768
111.188696
78.050512
111.188696
146.752768
182.316839
215.455023
182.316839
146.752768
111.188696
78.050512
111.188696
146.752768
182.316839
207.573728
172.313380
135.773669
99.233958
63.973610
99.233958
135.773669
172.313380
207.573728
172.313380
135.773669
99.233958
63.973610
99.233958
135.773669
172.313380
200.000000
162.500000
125.000000
87.500000
50.000000
87.500000
125.000000
162.500000
200.000000
162.500000
125.000000
87.500000
50.000000
87.500000
125.000000
162.500000
