1500.000000
1500.000000
1500.000000
1500.000000
1500.000000
1500.000000
1500.000000
1500.000000
1500.000000
1500.000000
1500.000000
1500.000000
1500.000000
1500.000000
1500.000000
1500.000000
1500.000000
1500.000000
1500.000000
1500.000000
1500.000000
1500.000000
1500.000000
1500.000000
1500.000000
1500.000000
1500.000000
1500.000000
1394.670174
1394.627757
1394.508955
1394.337358
1394.146940
1393.975344
1393.856541
1393.814125
1393.856541
1393.975344
1394.146940
1394.337358
1394.508955
1394.627757
1394.670174
1394.627757
1394.508955
1394.337358
1394.146940
1393.975344
1393.856541
1393.814125
1393.856541
1393.975344
1394.146940
1394.337358
1394.508955
1394.627757
1305.725195
1305.642906
1305.412454
1305.079645
1304.710354
1304.377545
1304.147092
1304.064804
1304.147092
1304.377545
1304.710354
1305.079645
1305.412454
1305.642906
1305.725195
1305.642906
1305.412454
1305.079645
1304.710354
1304.377545
1304.147092
1304.064804
1304.147092
1304.377545
1304.710354
1305.079645
1305.412454
1305.642906
1228.787024
1228.664337
1228.320818
1227.824845
1227.274566
1226.778593
1226.435074
1226.312387
1226.435074
1226.778593
1227.274566
1227.824845
1228.320818
1228.664337
1228.787024
1228.664337
1228.320818
1227.824845
1227.274566
1226.778593
1226.435074
1226.312387
1226.435074
1226.778593
1227.274566
1227.824845
1228.320818
1228.664337
1161.028287
1160.863150
1160.400911
1159.733765
1158.993680
1158.326534
1157.864295
1157.699159
1157.864295
1158.326534
1158.993680
1159.733765
1160.400911
1160.863150
1161.028287
1160.863150
1160.400911
1159.733765
1158.993680
1158.326534
1157.864295
1157.699159
1157.864295
1158.326534
1158.993680
1159.733765
1160.400911
1160.863150
1100.517536
1100.307060
1099.718145
1098.868568
1097.926297
1097.076719
1096.487804
1096.277328
1096.487804
1097.076719
1097.926297
1098.868568
1099.718145
1100.307060
1100.517536
1100.307060
1099.718145
1098.868568
1097.926297
1097.076719
1096.487804
1096.277328
1096.487804
1097.076719
1097.926297
1098.868568
1099.718145
1100.307060
1045.877002
1045.617787
1044.892885
1043.847764
1042.688916
1041.643795
1040.918892
1040.659678
1040.918892
1041.643795
1042.688916
1043.847764
1044.892885
1045.617787
1045.877002
1045.617787
1044.892885
1043.847764
1042.688916
1041.643795
1040.918892
1040.659678
1040.918892
1041.643795
1042.688916
1043.847764
1044.892885
1045.617787
996.089489
995.777798
994.906733
993.651846
992.260859
991.005972
990.134907
989.823216
990.134907
991.005972
992.260859
993.651846
994.906733
995.777798
996.089489
995.777798
994.906733
993.651846
992.260859
991.005972
990.134907
989.823216
990.134907
991.005972
992.260859
993.651846
994.906733
995.777798
950.382698
950.014539
948.986545
947.506982
945.867603
944.388040
943.360047
942.991887
943.360047
944.388040
945.867603
947.506982
948.986545
950.014539
950.382698
950.014539
948.986545
947.506982
945.867603
944.388040
943.360047
942.991887
943.360047
944.388040
945.867603
947.506982
948.986545
950.014539
908.156483
907.727653
906.531522
904.811940
902.907527
901.187945
899.991813
899.562983
899.991813
901.187945
902.907527
904.811940
906.531522
907.727653
908.156483
907.727653
906.531522
904.811940
902.907527
901.187945
899.991813
899.562983
899.991813
901.187945
902.907527
904.811940
906.531522
907.727653
868.935256
868.441354
867.065515
865.090300
862.904017
860.928803
859.552963
859.059062
859.552963
860.928803
862.904017
865.090300
867.065515
868.441354
868.935256
868.441354
867.065515
865.090300
862.904017
860.928803
859.552963
859.059062
859.552963
860.928803
862.904017
865.090300
867.065515
868.441354
832.335772
831.772199
830.204762
827.958138
825.473090
823.226466
821.659030
821.095457
821.659030
823.226466
825.473090
827.958138
830.204762
831.772199
832.335772
831.772199
830.204762
827.958138
825.473090
823.226466
821.659030
821.095457
821.659030
823.226466
825.473090
827.958138
830.204762
831.772199
798.044707
797.406646
795.635419
793.101522
790.300859
787.766962
785.995736
785.357674
785.995736
787.766962
790.300859
793.101522
795.635419
797.406646
798.044707
797.406646
795.635419
793.101522
790.300859
787.766962
785.995736
785.357674
785.995736
787.766962
790.300859
793.101522
795.635419
797.406646
765.802650
765.085042
763.097530
760.260465
757.127461
754.290397
752.302885
751.585276
752.302885
754.290397
757.127461
760.260465
763.097530
765.085042
765.802650
765.085042
763.097530
760.260465
757.127461
754.290397
752.302885
751.585276
752.302885
754.290397
757.127461
760.260465
763.097530
765.085042
735.392438
734.589945
732.373335
729.217223
725.735346
722.579233
720.362624
719.560131
720.362624
722.579233
725.735346
729.217223
732.373335
734.589945
735.392438
734.589945
732.373335
729.217223
725.735346
722.579233
720.362624
719.560131
720.362624
722.579233
725.735346
729.217223
732.373335
734.589945
706.630481
705.737443
703.278590
699.787601
695.940571
692.449583
689.990730
689.097691
689.990730
692.449583
695.940571
699.787601
703.278590
705.737443
706.630481
705.737443
703.278590
699.787601
695.940571
692.449583
689.990730
689.097691
689.990730
692.449583
695.940571
699.787601
703.278590
705.737443
679.360219
678.370600
675.655996
671.814388
667.586233
663.744626
661.030021
660.040402
661.030021
663.744626
667.586233
671.814388
675.655996
678.370600
679.360219
678.370600
675.655996
671.814388
667.586233
663.744626
661.030021
660.040402
661.030021
663.744626
667.586233
671.814388
675.655996
678.370600
653.447100
652.354424
649.370171
645.162318
640.537426
636.329573
633.345320
632.252644
633.345320
636.329573
640.537426
645.162318
649.370171
652.354424
653.447100
652.354424
649.370171
645.162318
640.537426
636.329573
633.345320
632.252644
633.345320
636.329573
640.537426
645.162318
649.370171
652.354424
628.774677
627.571954
624.303733
619.714157
614.677323
610.087746
606.819526
605.616803
606.819526
610.087746
614.677323
619.714157
624.303733
627.571954
628.774677
627.571954
624.303733
619.714157
614.677323
610.087746
606.819526
605.616803
606.819526
610.087746
614.677323
619.714157
624.303733
627.571954
605.241542
603.921184
600.354222
595.367622
589.904097
584.917498
581.350536
580.030177
581.350536
584.917498
589.904097
595.367622
600.354222
603.921184
605.241542
603.921184
600.354222
595.367622
589.904097
584.917498
581.350536
580.030177
581.350536
584.917498
589.904097
595.367622
600.354222
603.921184
582.758891
581.312611
577.431645
572.032932
566.128472
560.729759
556.848793
555.402513
556.848793
560.729759
566.128472
572.032932
577.431645
581.312611
582.758891
581.312611
577.431645
572.032932
566.128472
560.729759
556.848793
555.402513
556.848793
560.729759
566.128472
572.032932
577.431645
581.312611
561.248564
559.667267
555.456510
549.630840
543.271746
537.446075
533.235319
531.654022
533.235319
537.446075
543.271746
549.630840
555.456510
559.667267
561.248564
559.667267
555.456510
549.630840
543.271746
537.446075
533.235319
531.654022
533.235319
537.446075
543.271746
549.630840
555.456510
559.667267
540.641464
538.915115
534.358229
528.091034
521.264202
514.997007
510.440121
508.713771
510.440121
514.997007
521.264202
528.091034
534.358229
538.915115
540.641464
538.915115
534.358229
528.091034
521.264202
514.997007
510.440121
508.713771
510.440121
514.997007
521.264202
528.091034
534.358229
538.915115
520.876265
518.993745
514.073805
507.350834
500.043796
493.320826
488.400886
486.518366
488.400886
493.320826
500.043796
507.350834
514.073805
518.993745
520.876265
518.993745
514.073805
507.350834
500.043796
493.320826
488.400886
486.518366
488.400886
493.320826
500.043796
507.350834
514.073805
518.993745
501.898348
499.847289
494.546760
487.354118
479.555085
472.362443
467.061915
465.010855
467.061915
472.362443
479.555085
487.354118
494.546760
499.847289
501.898348
499.847289
494.546760
487.354118
479.555085
472.362443
467.061915
465.010855
467.061915
472.362443
479.555085
487.354118
494.546760
499.847289
483.658928
481.425522
475.726239
468.050426
459.748327
452.072514
446.373231
444.139825
446.373231
452.072514
459.748327
468.050426
475.726239
481.425522
483.658928
481.425522
475.726239
468.050426
459.748327
452.072514
446.373231
444.139825
446.373231
452.072514
459.748327
468.050426
475.726239
481.425522
466.114318
463.683110
457.566260
449.394215
440.578737
432.406693
426.289843
423.858634
426.289843
432.406693
440.578737
449.394215
457.566260
463.683110
466.114318
463.683110
457.566260
449.394215
440.578737
432.406693
426.289843
423.858634
426.289843
432.406693
440.578737
449.394215
457.566260
463.683110
449.225325
446.578969
440.025084
431.344235
422.005857
413.325008
406.771123
404.124767
406.771123
413.325008
422.005857
431.344235
440.025084
446.578969
449.225325
446.578969
440.025084
431.344235
422.005857
413.325008
406.771123
404.124767
406.771123
413.325008
422.005857
431.344235
440.025084
446.578969
432.956734
430.075730
423.064688
413.862995
403.993024
394.791331
387.780290
384.899285
387.780290
394.791331
403.993024
413.862995
423.064688
430.075730
432.956734
430.075730
423.064688
413.862995
403.993024
394.791331
387.780290
384.899285
387.780290
394.791331
403.993024
413.862995
423.064688
430.075730
417.276882
414.139269
406.650308
396.916314
386.506916
376.772923
369.283961
366.146349
369.283961
376.772923
386.506916
396.916314
406.650308
414.139269
417.276882
414.139269
406.650308
396.916314
386.506916
376.772923
369.283961
366.146349
369.283961
376.772923
386.506916
396.916314
406.650308
414.139269
402.157289
398.738315
390.750052
380.472939
369.517164
359.240051
351.251788
347.832815
351.251788
359.240051
369.517164
380.472939
390.750052
398.738315
402.157289
398.738315
390.750052
380.472939
369.517164
359.240051
351.251788
347.832815
351.251788
359.240051
369.517164
380.472939
390.750052
398.738315
387.572358
383.844100
375.334574
364.504212
352.996019
342.165657
333.656131
329.927873
333.656131
342.165657
352.996019
364.504212
375.334574
383.844100
387.572358
383.844100
375.334574
364.504212
352.996019
342.165657
333.656131
329.927873
333.656131
342.165657
352.996019
364.504212
375.334574
383.844100
373.499111
369.430056
360.376782
348.983785
336.918063
325.525066
316.471793
312.402738
316.471793
325.525066
336.918063
348.983785
360.376782
369.430056
373.499111
369.430056
360.376782
348.983785
336.918063
325.525066
316.471793
312.402738
316.471793
325.525066
336.918063
348.983785
360.376782
369.430056
359.916975
355.471552
345.851596
333.887380
321.259960
309.295744
299.675788
295.230365
299.675788
309.295744
321.259960
333.887380
345.851596
355.471552
359.916975
355.471552
345.851596
333.887380
321.259960
309.295744
299.675788
295.230365
299.675788
309.295744
321.259960
333.887380
345.851596
355.471552
346.807594
341.945659
331.735732
319.192566
306.000238
293.457072
283.247145
278.385210
283.247145
293.457072
306.000238
319.192566
331.735732
341.945659
346.807594
341.945659
331.735732
319.192566
306.000238
293.457072
283.247145
278.385210
283.247145
293.457072
306.000238
319.192566
331.735732
341.945659
334.154678
328.830937
318.007516
304.878583
291.119096
277.990164
267.166742
261.843001
267.166742
277.990164
291.119096
304.878583
318.007516
328.830937
334.154678
328.830937
318.007516
304.878583
291.119096
277.990164
267.166742
261.843001
267.166742
277.990164
291.119096
304.878583
318.007516
328.830937
321.943876
316.107250
304.646724
290.926172
276.598239
262.877688
251.417162
245.580536
251.417162
262.877688
276.598239
290.926172
304.646724
316.107250
321.943876
316.107250
304.646724
290.926172
276.598239
262.877688
251.417162
245.580536
251.417162
262.877688
276.598239
290.926172
304.646724
316.107250
310.162667
303.755591
291.634440
277.317437
262.420729
248.103727
235.982576
229.575500
235.982576
248.103727
262.420729
277.317437
291.634440
303.755591
310.162667
303.755591
291.634440
277.317437
262.420729
248.103727
235.982576
229.575500
235.982576
248.103727
262.420729
277.317437
291.634440
303.755591
298.800281
291.757927
278.952934
264.035717
248.570854
233.653638
220.848644
213.806290
220.848644
233.653638
248.570854
264.035717
278.952934
291.757927
298.800281
291.757927
278.952934
264.035717
248.570854
233.653638
220.848644
213.806290
220.848644
233.653638
248.570854
264.035717
278.952934
291.757927
287.847630
280.097058
266.585554
251.065477
235.034012
219.513935
206.002430
198.251859
206.002430
219.513935
235.034012
251.065477
266.585554
280.097058
287.847630
280.097058
266.585554
251.065477
235.034012
219.513935
206.002430
198.251859
206.002430
219.513935
235.034012
251.065477
266.585554
280.097058
277.297255
268.756477
254.516633
238.392208
221.796607
205.672182
191.432338
182.891560
191.432338
205.672182
221.796607
238.392208
254.516633
268.756477
277.297255
268.756477
254.516633
238.392208
221.796607
205.672182
191.432338
182.891560
191.432338
205.672182
221.796607
238.392208
254.516633
268.756477
267.143296
257.720246
242.731410
226.002344
208.845959
192.116893
177.128057
167.705007
177.128057
192.116893
208.845959
226.002344
242.731410
257.720246
267.143296
257.720246
242.731410
226.002344
208.845959
192.116893
177.128057
167.705007
177.128057
192.116893
208.845959
226.002344
242.731410
257.720246
257.381468
246.972878
231.215957
213.883182
196.170219
178.837444
163.080523
152.671932
163.080523
178.837444
196.170219
213.883182
231.215957
246.972878
257.381468
246.972878
231.215957
213.883182
196.170219
178.837444
163.080523
152.671932
163.080523
178.837444
196.170219
213.883182
231.215957
246.972878
248.009049
236.499220
219.957121
202.022812
183.758294
165.823986
149.281887
137.772057
149.281887
165.823986
183.758294
202.022812
219.957121
236.499220
248.009049
236.499220
219.957121
202.022812
183.758294
165.823986
149.281887
137.772057
149.281887
165.823986
183.758294
202.022812
219.957121
236.499220
239.024889
226.284344
208.942473
190.410061
171.599785
153.067374
135.725503
122.984958
135.725503
153.067374
171.599785
190.410061
208.942473
226.284344
239.024889
226.284344
208.942473
190.410061
171.599785
153.067374
135.725503
122.984958
135.725503
153.067374
171.599785
190.410061
208.942473
226.284344
230.429415
216.313438
198.160264
179.034432
159.684921
140.559090
122.405916
108.289939
122.405916
140.559090
159.684921
179.034432
198.160264
216.313438
230.429415
216.313438
198.160264
179.034432
159.684921
140.559090
122.405916
108.289939
122.405916
140.559090
159.684921
179.034432
198.160264
216.313438
222.224665
206.571700
187.599390
167.886057
148.004510
128.291177
109.318866
93.665902
109.318866
128.291177
148.004510
167.886057
187.599390
206.571700
222.224665
206.571700
187.599390
167.886057
148.004510
128.291177
109.318866
93.665902
109.318866
128.291177
148.004510
167.886057
187.599390
206.571700
214.414314
197.044235
177.249363
156.955650
136.549885
116.256172
96.461301
79.091221
96.461301
116.256172
136.549885
156.955650
177.249363
197.044235
214.414314
197.044235
177.249363
156.955650
136.549885
116.256172
96.461301
79.091221
96.461301
116.256172
136.549885
156.955650
177.249363
197.044235
207.003726
187.715945
167.100291
146.234472
125.312866
104.447047
83.831393
64.543612
83.831393
104.447047
125.312866
146.234472
167.100291
187.715945
207.003726
187.715945
167.100291
146.234472
125.312866
104.447047
83.831393
64.543612
83.831393
104.447047
125.312866
146.234472
167.100291
187.715945
200.000000
178.571429
157.142857
135.714286
114.285714
92.857143
71.428571
50.000000
71.428571
92.857143
114.285714
135.714286
157.142857
178.571429
200.000000
178.571429
157.142857
135.714286
114.285714
92.857143
71.428571
50.000000
71.428571
92.857143
114.285714
135.714286
157.142857
178.571429
