1500.000000
1500.000000
1500.000000
1500.000000
1500.000000
1500.000000
1500.000000
1500.000000
1500.000000
1500.000000
1500.000000
1500.000000
1500.000000
1500.000000
1500.000000
1500.000000
1500.000000
1500.000000
1500.000000
1500.000000
1500.000000
1500.000000
1500.000000
1500.000000
1401.171861
1401.016160
1400.591067
1400.010759
1399.430451
1399.005358
1398.849658
1399.005358
1399.430451
1400.010759
1400.591067
1401.016160
1401.171861
1401.016160
1400.591067
1400.010759
1399.430451
1399.005358
1398.849658
1399.005358
1399.430451
1400.010759
1400.591067
1401.016160
1317.788521
1317.486522
1316.662187
1315.537090
1314.411993
1313.587658
1313.285659
1313.587658
1314.411993
1315.537090
1316.662187
1317.486522
1317.788521
1317.486522
1316.662187
1315.537090
1314.411993
1313.587658
1313.285659
1313.587658
1314.411993
1315.537090
1316.662187
1317.486522
1245.764943
1245.314797
1244.086517
1242.410631
1240.734744
1239.506464
1239.056319
1239.506464
1240.734744
1242.410631
1244.086517
1245.314797
1245.764943
1245.314797
1244.086517
1242.410631
1240.734744
1239.506464
1239.056319
1239.506464
1240.734744
1242.410631
1244.086517
1245.314797
1182.454678
1181.848936
1180.196918
1177.943883
1175.690849
1174.038830
1173.433089
1174.038830
1175.690849
1177.943883
1180.196918
1181.848936
1182.454678
1181.848936
1180.196918
1177.943883
1175.690849
1174.038830
1173.433089
1174.038830
1175.690849
1177.943883
1180.196918
1181.848936
1126.046018
1125.274131
1123.170409
1120.303027
1117.435644
1115.331922
1114.560036
1115.331922
1117.435644
1120.303027
1123.170409
1125.274132
1126.046018
1125.274132
1123.170409
1120.303027
1117.435644
1115.331922
1114.560036
1115.331922
1117.435644
1120.303027
1123.170409
1125.274131
1075.244665
1074.294196
1071.706025
1068.180976
1064.655927
1062.067756
1061.117286
1062.067756
1064.655927
1068.180976
1071.706025
1074.294196
1075.244665
1074.294196
1071.706025
1068.180976
1064.655927
1062.067756
1061.117286
1062.067756
1064.655927
1068.180976
1071.706025
1074.294196
1029.094025
1027.951253
1024.842894
1020.613279
1016.383664
1013.275305
1012.132532
1013.275305
1016.383664
1020.613279
1024.842894
1027.951253
1029.094025
1027.951253
1024.842894
1020.613279
1016.383664
1013.275305
1012.132532
1013.275305
1016.383664
1020.613279
1024.842894
1027.951253
986.867247
985.517480
981.851187
976.867986
971.884785
968.218491
966.868725
968.218491
971.884785
976.867986
981.851187
985.517480
986.867247
985.517480
981.851187
976.867986
971.884785
968.218491
966.868725
968.218491
971.884785
976.867986
981.851187
985.517480
947.999208
946.426927
942.163510
936.376475
930.589440
926.326023
924.753743
926.326023
930.589440
936.376475
942.163510
946.426927
947.999208
946.426927
942.163510
936.376475
930.589440
926.326023
924.753743
926.326023
930.589440
936.376475
942.163510
946.426927
912.041931
910.230833
905.329988
898.688223
892.046458
887.145613
885.334515
887.145613
892.046458
898.688223
905.329988
910.230833
912.041931
910.230833
905.329988
898.688223
892.046458
887.145613
885.334515
887.145613
892.046458
898.688223
905.329988
910.230833
878.634382
876.567362
870.987857
863.440217
855.892577
850.313072
848.246052
850.313072
855.892577
863.440217
870.987857
876.567362
878.634382
876.567362
870.987857
863.440217
855.892577
850.313072
848.246052
850.313072
855.892577
863.440217
870.987857
876.567362
847.481422
845.140507
838.840288
830.335671
821.831055
815.530836
813.189920
815.530836
821.831055
830.335671
838.840288
845.140507
847.481422
845.140507
838.840288
830.335671
821.831055
815.530836
813.189920
815.530836
821.831055
830.335671
838.840288
845.140507
818.338773
815.705022
808.641264
799.128838
789.616412
782.552654
779.918903
782.552654
789.616412
799.128838
808.641264
815.705022
818.338773
815.705022
808.641264
799.128838
789.616412
782.552654
779.918903
782.552654
789.616412
799.128838
808.641264
815.705022
791.002058
788.055429
780.184554
769.613942
759.043329
751.172454
748.225825
751.172454
759.043329
769.613942
780.184554
788.055429
791.002058
788.055429
780.184554
769.613942
759.043329
751.172454
748.225825
751.172454
759.043329
769.613942
780.184554
788.055429
765.298650
762.017841
753.295514
741.616954
729.938394
721.216067
717.935258
721.216067
729.938394
741.616954
753.295514
762.017841
765.298650
762.017841
753.295514
741.616954
729.938394
721.216067
717.935258
721.216067
729.938394
741.616954
753.295514
762.017841
741.081521
737.443777
727.824892
714.989385
702.153877
692.534992
688.897249
692.534992
702.153877
714.989385
727.824892
737.443777
741.081521
737.443777
727.824892
714.989385
702.153877
692.534992
688.897249
692.534992
702.153877
714.989385
727.824892
737.443777
718.224519
714.205420
703.644075
689.603515
675.562956
665.001610
660.982512
665.001610
675.562956
689.603515
703.644075
714.205420
718.224519
714.205420
703.644075
689.603515
675.562956
665.001610
660.982512
665.001610
675.562956
689.603515
703.644075
714.205420
696.618709
692.191919
680.641389
665.348699
650.056010
638.505480
634.078690
638.505480
650.056010
665.348699
680.641389
692.191919
696.618709
692.191919
680.641389
665.348699
650.056010
638.505480
634.078690
638.505480
650.056010
665.348699
680.641389
692.191919
676.169493
671.306482
658.719195
642.128449
625.537703
612.950417
608.087406
612.950417
625.537703
642.128449
658.719195
671.306482
676.169493
671.306482
658.719195
642.128449
625.537703
612.950417
608.087406
612.950417
625.537703
642.128449
658.719195
671.306482
656.794321
651.464057
637.791574
619.858118
601.924662
588.252180
582.921916
588.252180
601.924662
619.858118
637.791574
651.464057
656.794321
651.464057
637.791574
619.858118
601.924662
588.252180
582.921916
588.252180
601.924662
619.858118
637.791574
651.464057
638.420865
632.589466
617.782461
598.463041
579.143620
564.336615
558.505217
564.336615
579.143620
598.463041
617.782461
632.589466
638.420865
632.589466
617.782461
598.463041
579.143620
564.336615
558.505217
564.336615
579.143620
598.463041
617.782461
632.589466
620.985533
614.615885
598.624141
577.877020
557.129900
541.138156
534.768508
541.138156
557.129900
577.877020
598.624141
614.615885
620.985533
614.615885
598.624141
577.877020
557.129900
541.138156
534.768508
541.138156
557.129900
577.877020
598.624141
614.615885
604.432271
597.483603
580.256015
558.041098
535.826182
518.598594
511.649925
518.598594
535.826182
558.041098
580.256015
597.483603
604.432271
597.483603
580.256015
558.041098
535.826182
518.598594
511.649925
518.598594
535.826182
558.041098
580.256015
597.483603
588.711571
581.138986
562.623579
538.902533
515.181486
496.666079
489.093495
496.666079
515.181486
538.902533
562.623579
581.138986
588.711571
581.138986
562.623579
538.902533
515.181486
496.666079
489.093495
496.666079
515.181486
538.902533
562.623579
581.138986
573.779657
565.533626
545.677586
520.413956
495.150326
475.294286
467.048255
475.294286
495.150326
520.413956
545.677586
565.533626
573.779657
565.533626
545.677586
520.413956
495.150326
475.294286
467.048255
475.294286
495.150326
520.413956
545.677586
565.533626
559.597818
550.623610
529.373337
502.532668
475.692000
454.441726
445.467519
454.441726
475.692000
502.532668
529.373337
550.623610
559.597818
550.623610
529.373337
502.532668
475.692000
454.441726
445.467519
454.441726
475.692000
502.532668
529.373337
550.623610
546.131842
536.368912
513.670091
485.220044
456.769996
434.071175
424.308245
434.071175
456.769996
485.220044
513.670091
536.368912
546.131842
536.368912
513.670091
485.220044
456.769996
434.071175
424.308245
434.071175
456.769996
485.220044
513.670091
536.368912
533.351554
522.732871
498.530564
468.441027
438.351490
414.149183
403.530501
414.149183
438.351490
468.441027
498.530564
522.732871
533.351554
522.732871
498.530564
468.441027
438.351490
414.149183
403.530501
414.149183
438.351490
468.441027
498.530564
522.732871
521.230423
509.681738
483.920508
452.163709
420.406910
394.645680
383.096995
394.645680
420.406910
452.163709
483.920508
509.681738
521.230423
509.681738
483.920508
452.163709
420.406910
394.645680
383.096995
394.645680
420.406910
452.163709
483.920508
509.681738
509.745241
497.184291
469.808347
436.358958
402.909569
375.533625
362.972675
375.533625
402.909569
436.358958
469.808347
497.184291
509.745241
497.184291
469.808347
436.358958
402.909569
375.533625
362.972675
375.533625
402.909569
436.358958
469.808347
497.184291
498.875847
485.211492
456.164869
421.000109
385.835350
356.788726
343.124371
356.788726
385.835350
421.000109
456.164869
485.211492
498.875847
485.211492
456.164869
421.000109
385.835350
356.788726
343.124371
356.788726
385.835350
421.000109
456.164869
485.211492
488.604905
473.736189
442.962962
406.062692
369.162422
338.389195
323.520479
338.389195
369.162422
406.062692
442.962962
473.736189
488.604905
473.736189
442.962962
406.062692
369.162422
338.389195
323.520479
338.389195
369.162422
406.062692
442.962962
473.736189
478.917712
462.732851
430.177387
391.524197
352.871007
320.315543
304.130682
320.315543
352.871007
391.524197
430.177387
462.732851
478.917712
462.732851
430.177387
391.524197
352.871007
320.315543
304.130682
320.315543
352.871007
391.524197
430.177387
462.732851
469.802044
452.177335
417.784580
377.363871
336.943162
302.550407
284.925698
302.550407
336.943162
377.363871
417.784580
452.177335
469.802044
452.177335
417.784580
377.363871
336.943162
302.550407
284.925698
302.550407
336.943162
377.363871
417.784580
452.177335
461.248033
442.046668
405.762485
363.562539
321.362593
285.078411
265.877046
285.078411
321.362593
363.562539
405.762485
442.046668
461.248033
442.046668
405.762485
363.562539
321.362593
285.078411
265.877046
285.078411
321.362593
363.562539
405.762485
442.046668
453.248058
432.318855
394.090406
350.102449
306.114493
267.886043
246.956840
267.886043
306.114493
350.102449
394.090406
432.318855
453.248058
432.318855
394.090406
350.102449
306.114493
267.886043
246.956840
267.886043
306.114493
350.102449
394.090406
432.318855
445.796673
422.972708
382.748881
336.967133
291.185385
250.961559
228.137594
250.961559
291.185385
336.967133
382.748881
422.972708
445.796673
422.972708
382.748881
336.967133
291.185385
250.961559
228.137594
250.961559
291.185385
336.967133
382.748881
422.972708
438.890537
413.987676
371.719578
324.141288
276.562998
234.294901
209.392040
234.294901
276.562998
324.141288
371.719578
413.987676
438.890537
413.987676
371.719578
324.141288
276.562998
234.294901
209.392040
234.294901
276.562998
324.141288
371.719578
413.987676
432.528377
405.343699
360.985196
311.610667
262.236139
217.877636
190.692958
217.877636
262.236139
311.610667
360.985196
405.343699
432.528377
405.343699
360.985196
311.610667
262.236139
217.877636
190.692958
217.877636
262.236139
311.610667
360.985196
405.343699
426.710955
397.021062
350.529387
299.361985
248.194584
201.702909
172.013016
201.702909
248.194584
299.361985
350.529387
397.021062
426.710955
397.021062
350.529387
299.361985
248.194584
201.702909
172.013016
201.702909
248.194584
299.361985
350.529387
397.021062
421.441052
389.000265
340.336690
287.382834
234.428978
185.765403
153.324616
185.765403
234.428978
287.382834
340.336690
389.000265
421.441052
389.000265
340.336690
287.382834
234.428978
185.765403
153.324616
185.765403
234.428978
287.382834
340.336690
389.000265
416.723467
381.261894
330.392472
275.661607
220.930742
170.061321
134.599748
170.061321
220.930742
275.661607
330.392472
381.261894
416.723467
381.261894
330.392472
275.661607
220.930742
170.061321
134.599748
170.061321
220.930742
275.661607
330.392472
381.261894
412.565021
373.786497
320.682881
264.187432
207.691984
154.588368
115.809843
154.588368
207.691984
264.187432
320.682881
373.786497
412.565021
373.786497
320.682881
264.187432
207.691984
154.588368
115.809843
154.588368
207.691984
264.187432
320.682881
373.786497
408.974581
366.554466
311.194803
252.950109
194.705416
139.345753
96.925638
139.345753
194.705416
252.950109
311.194803
366.554466
408.974581
366.554466
311.194803
252.950109
194.705416
139.345753
96.925638
139.345753
194.705416
252.950109
311.194803
366.554466
405.963081
359.545924
301.915837
241.940058
181.964280
124.334192
77.917035
124.334192
181.964280
241.940058
301.915837
359.545924
405.963081
359.545924
301.915837
241.940058
181.964280
124.334192
77.917035
124.334192
181.964280
241.940058
301.915837
359.545924
403.543566
352.740609
292.834264
231.148268
169.462272
109.555926
58.752970
109.555926
169.462272
231.148268
292.834264
352.740609
403.543566
352.740609
292.834264
231.148268
169.462272
109.555926
58.752970
109.555926
169.462272
231.148268
292.834264
352.740609
401.731233
346.117766
283.939034
220.566253
157.193472
95.014740
39.401274
95.014740
157.193472
220.566253
283.939034
346.117766
401.731233
346.117766
283.939034
220.566253
157.193472
95.014740
39.401274
95.014740
157.193472
220.566253
283.939034
346.117766
400.543486
339.656033
275.219751
210.186014
145.152277
80.715995
19.828542
80.715995
145.152277
210.186014
275.219751
339.656033
400.543486
339.656033
275.219751
210.186014
145.152277
80.715995
19.828542
80.715995
145.152277
210.186014
275.219751
339.656033
400.000000
333.333333
266.666667
200.000000
133.333333
66.666667
0.000000
66.666667
133.333333
200.000000
266.666667
333.333333
400.000000
333.333333
266.666667
200.000000
133.333333
66.666667
0.000000
66.666667
133.333333
200.000000
266.666667
333.333333
