1500.000000
1500.000000
1500.000000
1500.000000
1500.000000
1500.000000
1500.000000
1500.000000
1500.000000
1500.000000
1500.000000
1500.000000
1500.000000
1500.000000
1500.000000
1500.000000
1500.000000
1500.000000
1500.000000
1500.000000
1401.205289
1400.976804
1400.379559
1399.641960
1399.044714
1398.816229
1399.044714
1399.641960
1400.379559
1400.976804
1401.205289
1400.976804
1400.379559
1399.641960
1399.044714
1398.816229
1399.044714
1399.641960
1400.379559
1400.976804
1317.852277
1317.409242
1316.251704
1314.822477
1313.664939
1313.221904
1313.664939
1314.822477
1316.251704
1317.409242
1317.852277
1317.409242
1316.251704
1314.822477
1313.664939
1313.221904
1313.664939
1314.822477
1316.251704
1317.409242
1245.857934
1245.197802
1243.474277
1241.346984
1239.623459
1238.963327
1239.623459
1241.346984
1243.474277
1245.197802
1245.857934
1245.197802
1243.474277
1241.346984
1239.623459
1238.963328
1239.623459
1241.346984
1243.474277
1245.197802
1182.576830
1181.688813
1179.372600
1176.515167
1174.198954
1173.310936
1174.198954
1176.515167
1179.372600
1181.688813
1182.576830
1181.688813
1179.372600
1176.515167
1174.198954
1173.310936
1174.198954
1176.515167
1179.372600
1181.688813
1126.197822
1125.066536
1122.119637
1118.486416
1115.539518
1114.408231
1115.539518
1118.486416
1122.119637
1125.066536
1126.197822
1125.066536
1122.119637
1118.486416
1115.539518
1114.408231
1115.539518
1118.486416
1122.119637
1125.066536
1075.426956
1074.034178
1070.412089
1065.949863
1062.327774
1060.934996
1062.327774
1065.949863
1070.412089
1074.034178
1075.426956
1074.034178
1070.412089
1065.949863
1062.327774
1060.934996
1062.327774
1065.949863
1070.412089
1074.034178
1029.307866
1027.633415
1023.287667
1017.938890
1013.593142
1011.918691
1013.593142
1017.938890
1023.287667
1027.633415
1029.307866
1027.633415
1023.287667
1017.938890
1013.593142
1011.918691
1013.593142
1017.938890
1023.287667
1027.633415
987.113880
985.136057
980.015653
973.720318
968.599914
966.622092
968.599914
973.720318
980.015653
985.136057
987.113880
985.136057
980.015653
973.720318
968.599914
966.622092
968.599914
973.720318
980.015653
985.136057
948.280023
945.975817
940.028080
932.724870
926.777133
924.472927
926.777133
932.724870
940.028080
945.975817
948.280023
945.975817
940.028080
932.724870
926.777133
924.472927
926.777133
932.724870
940.028080
945.975817
912.358458
909.703609
902.874702
894.501744
887.672837
885.017987
887.672837
894.501744
902.874702
909.703609
912.358458
909.703609
902.874702
894.501744
887.672837
885.017987
887.672837
894.501744
902.874702
909.703609
878.988291
875.957262
868.192525
858.687909
850.923172
847.892143
850.923172
858.687909
868.192525
875.957262
878.988291
875.957262
868.192525
858.687909
850.923172
847.892143
850.923172
858.687909
868.192525
875.957262
847.874525
844.440422
835.684589
824.986753
816.230920
812.796817
816.230920
824.986753
835.684589
844.440422
847.874525
844.440422
835.684589
824.986753
816.230920
812.796817
816.230920
824.986753
835.684589
844.440422
818.773032
814.907470
805.104826
793.152850
783.350207
779.484644
783.350207
793.152850
805.104826
814.907470
818.773032
814.907470
805.104826
793.152850
783.350207
779.484644
783.350207
793.152850
805.104826
814.907470
791.479586
787.152525
776.247015
762.980868
752.075358
747.748297
752.075358
762.980868
776.247015
787.152525
791.479586
787.152525
776.247015
762.980868
752.075358
747.748297
752.075358
762.980868
776.247015
787.152525
765.821720
761.001271
748.936582
734.297327
722.232638
717.412188
722.232638
734.297327
748.936582
761.001271
765.821720
761.001271
748.936582
734.297327
722.232638
717.412188
722.232638
734.297327
748.936582
761.001271
741.652564
736.304760
723.024395
706.954375
693.674009
688.326206
693.674009
706.954375
723.024395
736.304760
741.652564
736.304760
723.024395
706.954375
693.674009
688.326206
693.674009
706.954375
723.024395
736.304760
718.846120
712.934678
698.382012
680.825018
666.272353
660.360910
666.272353
680.825018
698.382012
712.934678
718.846120
712.934678
698.382012
680.825018
666.272353
660.360910
666.272353
680.825018
698.382012
712.934678
697.293603
690.779640
674.897984
655.799415
639.917759
633.403796
639.917759
655.799415
674.897984
690.779640
697.293603
690.779640
674.897984
655.799415
639.917759
633.403796
639.917759
655.799415
674.897984
690.779640
676.900544
669.742288
652.474945
631.781953
614.514611
607.356354
614.514611
631.781953
652.474945
669.742288
676.900544
669.742288
652.474945
631.781953
614.514611
607.356354
614.514611
631.781953
652.474945
669.742288
657.584507
649.736971
631.027300
608.688936
589.979266
582.131730
589.979266
608.688936
631.027300
649.736971
657.584507
649.736971
631.027300
608.688936
589.979266
582.131730
589.979266
608.688936
631.027300
649.736971
639.273243
630.687881
610.479365
586.446716
566.238200
557.652838
566.238200
586.446716
610.479365
630.687881
639.273243
630.687881
610.479365
586.446716
566.238200
557.652838
566.238200
586.446716
610.479365
630.687881
621.903205
612.527541
590.763859
564.990182
543.226500
533.850836
543.226500
564.990182
590.763859
612.527541
621.903205
612.527541
590.763859
564.990182
543.226500
533.850836
543.226500
564.990182
590.763859
612.527541
605.418328
595.195558
571.820675
544.261521
520.886638
510.663868
520.886638
544.261521
571.820675
595.195558
605.418328
595.195558
571.820675
544.261521
520.886638
510.663868
520.886638
544.261521
571.820675
595.195558
589.769036
578.637606
553.595862
524.209204
499.167459
488.036030
499.167459
524.209204
553.595862
578.637606
589.769036
578.637606
553.595862
524.209204
499.167459
488.036030
499.167459
524.209204
553.595862
578.637606
574.911409
562.804566
536.040782
504.787130
478.023346
465.916503
478.023346
504.787130
536.040782
562.804566
574.911409
562.804566
536.040782
504.787130
478.023346
465.916503
478.023346
504.787130
536.040782
562.804566
560.806501
547.651813
519.111410
485.953926
457.413524
444.258836
457.413524
485.953926
519.111410
547.651813
560.806501
547.651813
519.111410
485.953926
457.413524
444.258836
457.413524
485.953926
519.111410
547.651813
547.419761
533.138613
502.767742
467.672345
437.301474
423.020326
437.301474
467.672345
502.767742
533.138613
547.419761
533.138613
502.767742
467.672345
437.301474
423.020326
437.301474
467.672345
502.767742
533.138613
534.720550
519.227608
486.973292
449.908762
417.654447
402.161505
417.654447
449.908762
486.973292
519.227608
534.720550
519.227608
486.973292
449.908762
417.654447
402.161505
417.654447
449.908762
486.973292
519.227608
522.681733
505.884378
471.694674
432.632744
398.443040
381.645685
398.443040
432.632744
471.694674
505.884378
522.681733
505.884378
471.694674
432.632744
398.443040
381.645685
398.443040
432.632744
471.694674
505.884378
511.279331
493.077064
456.901239
415.816677
379.640852
361.438585
379.640852
415.816677
456.901239
493.077064
511.279331
493.077064
456.901239
415.816677
379.640852
361.438585
379.640852
415.816677
456.901239
493.077064
500.492229
480.776041
442.564762
399.435457
361.224177
341.507989
361.224177
399.435457
442.564762
480.776041
500.492229
480.776041
442.564762
399.435457
361.224177
341.507989
361.224177
399.435457
442.564762
480.776041
490.301924
468.953636
428.659180
383.466204
343.171748
321.823460
343.171748
383.466204
428.659180
468.953636
490.301924
468.953636
428.659180
383.466204
343.171748
321.823460
343.171748
383.466204
428.659180
468.953636
480.692308
457.583877
415.160364
367.888030
325.464517
302.356086
325.464517
367.888030
415.160364
457.583877
480.692308
457.583877
415.160364
367.888030
325.464517
302.356086
325.464517
367.888030
415.160364
457.583877
471.649489
446.642275
402.045913
352.681829
308.085467
283.078253
308.085467
352.681829
402.045913
446.642275
471.649489
446.642275
402.045913
352.681829
308.085467
283.078253
308.085467
352.681829
402.045913
446.642275
463.161628
436.105635
389.294990
337.830088
291.019444
263.963450
291.019444
337.830088
389.294990
436.105635
463.161628
436.105635
389.294990
337.830088
291.019444
263.963450
291.019444
337.830088
389.294990
436.105635
455.218811
425.951880
376.888166
323.316732
274.253019
244.986087
274.253019
323.316732
376.888166
425.951880
455.218811
425.951880
376.888166
323.316732
274.253019
244.986087
274.253019
323.316732
376.888166
425.951880
447.812927
416.159899
364.807293
309.126973
257.774367
226.121340
257.774367
309.126973
364.807293
416.159899
447.812927
416.159899
364.807293
309.126973
257.774367
226.121340
257.774367
309.126973
364.807293
416.159899
440.937570
406.709414
353.035388
295.247189
241.573163
207.345006
241.573163
295.247189
353.035388
406.709414
440.937570
406.709414
353.035388
295.247189
241.573163
207.345006
241.573163
295.247189
353.035388
406.709414
434.587960
397.580849
341.556533
281.664802
225.640486
188.633375
225.640486
281.664802
341.556533
397.580849
434.587960
397.580849
341.556533
281.664802
225.640486
188.633375
225.640486
281.664802
341.556533
397.580849
428.760863
388.755223
330.355790
268.368181
209.968747
169.963107
209.968747
268.368181
330.355790
388.755223
428.760863
388.755223
330.355790
268.368181
209.968747
169.963107
209.968747
268.368181
330.355790
388.755223
423.454537
380.214047
319.419121
255.346547
194.551622
151.311132
194.551622
255.346547
319.419121
380.214047
423.454537
380.214047
319.419121
255.346547
194.551622
151.311132
194.551622
255.346547
319.419121
380.214047
418.668674
371.939227
308.733327
242.589888
179.383988
132.654541
179.383988
242.589888
308.733327
371.939227
418.668674
371.939227
308.733327
242.589888
179.383988
132.654541
179.383988
242.589888
308.733327
371.939227
414.404362
363.912981
298.285983
230.088881
164.461883
113.970503
164.461883
230.088881
298.285983
363.912981
414.404362
363.912981
298.285983
230.088881
164.461883
113.970503
164.461883
230.088881
298.285983
363.912981
410.664048
356.117760
288.065391
217.834827
149.782458
95.236171
149.782458
217.834827
288.065391
356.117760
410.664048
356.117760
288.065391
217.834827
149.782458
95.236171
149.782458
217.834827
288.065391
356.117760
407.451508
348.536171
278.060535
205.819581
135.343946
76.428609
135.343946
205.819581
278.060535
348.536171
407.451508
348.536171
278.060535
205.819581
135.343946
76.428609
135.343946
205.819581
278.060535
348.536171
404.771824
341.150907
268.261043
194.035493
121.145629
57.524712
121.145629
194.035493
268.261043
341.150907
404.771824
341.150907
268.261043
194.035493
121.145629
57.524712
121.145629
194.035493
268.261043
341.150907
402.631368
333.944687
258.657150
182.475356
107.187819
38.501138
107.187819
182.475356
258.657150
333.944687
402.631368
333.944687
258.657150
182.475356
107.187819
38.501138
107.187819
182.475356
258.657150
333.944687
401.037789
326.900190
249.239677
171.132351
93.471838
19.334239
93.471838
171.132351
249.239677
326.900190
401.037789
326.900190
249.239677
171.132351
93.471838
19.334239
93.471838
171.132351
249.239677
326.900190
400.000000
320.000000
240.000000
160.000000
80.000000
0.000000
80.000000
160.000000
240.000000
320.000000
400.000000
320.000000
240.000000
160.000000
80.000000
0.000000
80.000000
160.000000
240.000000
320.000000
