1500.000000
1500.000000
1500.000000
1500.000000
1500.000000
1500.000000
1500.000000
1500.000000
1500.000000
1500.000000
1500.000000
1500.000000
1500.000000
1500.000000
1500.000000
1500.000000
1500.000000
1500.000000
1500.000000
1500.000000
1500.000000
1500.000000
1500.000000
1500.000000
1500.000000
1394.988325
1395.017407
1395.068389
1395.130809
1395.194905
1395.253898
1395.304169
1395.344605
1395.375519
1395.397941
1395.412976
1395.421598
1395.424394
1395.421598
1395.412976
1395.397941
1395.375519
1395.344605
1395.304169
1395.253898
1395.194905
1395.130809
1395.068389
1395.017407
1394.988325
1305.984666
1306.041040
1306.139081
1306.257995
1306.378907
1306.489228
1306.582513
1306.657100
1306.713834
1306.754849
1306.782268
1306.797979
1306.803058
1306.797979
1306.782268
1306.754849
1306.713834
1306.657100
1306.582513
1306.489228
1306.378907
1306.257995
1306.139081
1306.041040
1305.984666
1228.745270
1228.829403
1228.974040
1229.147205
1229.320905
1229.477548
1229.608613
1229.712597
1229.791143
1229.847702
1229.885342
1229.906906
1229.913834
1229.906906
1229.885342
1229.847702
1229.791143
1229.712597
1229.608613
1229.477548
1229.320905
1229.147205
1228.974040
1228.829403
1228.745270
1160.515658
1160.629415
1160.822120
1161.049250
1161.273372
1161.472766
1161.637521
1161.767110
1161.864171
1161.933794
1161.979845
1162.006266
1162.014660
1162.006266
1161.979845
1161.933794
1161.864171
1161.767110
1161.637521
1161.472766
1161.273372
1161.049250
1160.822120
1160.629415
1160.515658
1099.406631
1099.552948
1099.796408
1100.078345
1100.351380
1100.590768
1100.785779
1100.937838
1101.050592
1101.131243
1101.184141
1101.214633
1101.224123
1101.214633
1101.184141
1101.131243
1101.050592
1100.937838
1100.785779
1100.590768
1100.351380
1100.078345
1099.796408
1099.552948
1099.406631
1044.066090
1044.248869
1044.546613
1044.884897
1045.205726
1045.482845
1045.705042
1045.876923
1046.002862
1046.092877
1046.151213
1046.185191
1046.195387
1046.185191
1046.151213
1046.092877
1046.002862
1045.876923
1045.705042
1045.482845
1045.205726
1044.884897
1044.546613
1044.248869
1044.066090
993.492965
993.717090
994.073244
994.469874
994.837475
995.150387
995.396873
995.586341
995.723136
995.821203
995.883638
995.920732
995.931171
995.920732
995.883638
995.821203
995.723136
995.586341
995.396873
995.150387
994.837475
994.469874
994.073244
993.717090
993.492965
946.925279
947.196707
947.615812
948.073122
948.486346
948.833381
949.101275
949.306495
949.451879
949.557045
949.622219
949.662314
949.672396
949.662314
949.622219
949.557045
949.451879
949.306495
949.101275
948.833381
948.486346
948.073122
947.615812
947.196707
946.925279
903.769529
904.095432
904.582277
905.102879
905.560265
905.940021
906.226326
906.445890
906.597542
906.709263
906.775690
906.818988
906.827891
906.818988
906.775690
906.709263
906.597542
906.445890
906.226326
905.940021
905.560265
905.102879
904.582277
904.095432
903.769529
863.554325
863.943287
864.502721
865.089515
865.589105
866.000516
866.301971
866.534982
866.690378
866.808606
866.874543
866.921667
866.928231
866.921667
866.874543
866.808606
866.690378
866.534982
866.301971
866.000516
865.589105
865.089515
864.502721
863.943287
863.554325
825.898936
826.361199
826.997919
827.654143
828.193289
828.635745
828.948660
829.194853
829.351108
829.476413
829.539700
829.591827
829.594409
829.591827
829.539700
829.476413
829.351108
829.194853
828.948660
828.635745
828.193289
827.654143
826.997919
826.361199
825.898936
790.491332
791.039092
791.757380
792.486731
793.061866
793.535389
793.855443
794.115363
794.269017
794.402766
794.460627
794.519672
794.515949
794.519672
794.460627
794.402766
794.269017
794.115363
793.855443
793.535389
793.061866
792.486731
791.757380
791.039092
790.491332
757.072481
757.720245
758.523646
759.330448
759.936819
760.442304
760.764296
761.039531
761.186295
761.330884
761.379669
761.448522
761.435246
761.448522
761.379669
761.330884
761.186295
761.039531
760.764296
760.442304
759.936819
759.330448
758.523646
757.720245
757.072481
725.424861
726.189867
727.080795
727.970246
728.601593
729.141116
729.458653
729.752135
729.886575
730.045724
730.080593
730.163426
730.136114
730.163426
730.080593
730.045724
729.886575
729.752135
729.458653
729.141116
728.601593
727.970246
727.080795
726.189867
725.424861
695.363915
696.266626
697.245878
698.224376
698.872538
699.449746
699.754864
700.071247
700.186385
700.365518
700.380053
700.482696
700.435245
700.482696
700.380053
700.365518
700.186385
700.071247
699.754864
699.449746
698.872538
698.224376
697.245878
696.266626
695.363915
666.731571
667.796242
668.862418
669.937979
670.592420
671.213016
671.495701
671.841835
671.928672
672.135381
672.121103
672.251516
672.175727
672.251516
672.121103
672.135381
671.928672
671.841835
671.495701
671.213016
670.592420
669.937979
668.862418
667.796242
666.731571
639.391255
640.646598
641.795396
642.978187
643.625419
644.297750
644.545369
644.930869
644.977800
645.222419
645.168205
645.337057
645.222053
645.337057
645.168205
645.222419
644.977800
644.930869
644.545369
644.297750
643.625419
642.978187
641.795396
640.646598
639.391255
613.224008
614.703949
615.927332
617.230321
617.853218
618.588989
618.785589
619.223536
619.215642
619.511942
619.403322
619.624682
619.456212
619.624682
619.403322
619.511942
619.215642
619.223536
618.785589
618.588989
617.853218
617.230321
615.927332
614.703949
613.224008
588.125409
589.869958
591.155170
592.594930
593.171900
593.987021
594.112497
594.620273
594.538481
594.904500
594.722816
595.014994
594.774590
595.014994
594.722816
594.904500
594.538481
594.620273
594.112497
593.987021
593.171900
592.594930
591.155170
589.869958
588.125409
564.003121
566.059366
567.387771
568.985443
569.489450
570.405050
570.434155
571.034432
570.854515
571.313551
571.034957
571.421493
571.085479
571.421493
571.034957
571.313551
570.854515
571.034432
570.434155
570.405050
569.489450
568.985443
567.387771
566.059366
564.003121
540.774903
543.198137
544.543873
546.326318
546.723728
547.767342
547.668511
548.390428
548.081825
548.663608
548.257891
548.768731
548.307042
548.768731
548.257891
548.663608
548.081825
548.390428
547.668511
547.767342
546.723728
546.326318
544.543873
543.198137
540.774903
518.366987
521.221980
522.550402
524.551558
524.800785
526.007746
525.741726
526.622261
526.146694
526.888760
526.317963
526.990835
526.365641
526.990835
526.317963
526.888760
526.146694
526.622261
525.741726
526.007746
524.800785
524.551558
522.550402
521.221980
518.366987
496.712735
500.075174
501.341054
503.603538
503.653464
505.068525
504.586765
505.672343
504.982209
505.931502
505.148311
506.030330
505.194430
506.030330
505.148311
505.931502
504.982209
505.672343
504.586765
505.068525
503.653464
503.603538
501.341054
500.075174
496.712735
475.751522
479.709622
480.855097
483.432064
483.220207
484.899411
484.142209
485.490556
484.527063
485.741791
484.687679
485.837204
484.732165
485.837204
484.687679
485.741791
484.527063
485.490556
484.142209
484.899411
483.220207
483.432064
480.855097
479.709622
475.751522
455.427788
460.084105
461.036331
463.993627
463.444028
465.456867
464.351226
466.033509
464.724531
466.276311
464.879386
466.368165
464.922179
466.368165
464.879386
466.276311
464.724531
466.033509
464.351226
465.456867
463.444028
463.993627
461.036331
460.084105
455.427788
435.690239
441.163686
441.832179
445.250821
444.271619
446.703503
445.160674
447.263960
445.521574
447.497882
445.670433
447.586058
445.711481
447.586058
445.670433
447.497882
445.521574
447.263960
445.160674
446.703503
444.271619
445.250821
441.832179
441.163686
435.690239
416.491153
422.919252
423.192885
427.171900
425.652554
428.607630
426.520304
429.150363
426.868037
429.375021
427.010703
429.459419
427.049965
429.459419
427.010703
429.375021
426.868037
429.150363
426.520304
428.607630
425.652554
427.171900
423.192885
422.919252
416.491153
397.785783
405.327158
405.070781
409.730433
407.538570
411.142922
408.382041
411.666534
408.715937
411.881598
408.852245
411.962139
408.889688
411.962139
408.852245
411.881598
408.715937
411.666534
408.382041
411.142922
407.538570
409.730433
405.070781
405.327158
397.785783
379.531824
388.368970
387.419620
392.905079
389.882910
394.288182
390.699323
394.791413
391.018798
394.996605
391.148615
395.073225
391.184214
395.073225
391.148615
394.996605
391.018798
394.791413
390.699323
394.288182
389.882910
392.905079
387.419620
388.368970
379.531824
361.688950
372.031284
370.193949
376.679428
372.639712
378.027188
373.426487
378.508911
373.731038
378.704002
373.854257
378.776653
373.887993
378.776653
373.854257
378.704002
373.731038
378.508911
373.426487
378.027188
372.639712
376.679428
370.193949
372.031284
361.688950
344.218390
356.305621
353.348525
361.041930
355.763423
362.348615
356.518190
362.807834
356.807387
362.992637
356.923928
363.061285
356.955789
363.061285
356.923928
362.992637
356.807387
362.807834
356.518190
362.348615
355.763423
361.041930
353.348525
356.305621
344.218390
327.082550
341.188375
336.837740
345.985885
339.208244
347.246029
339.928841
347.681872
340.202328
347.856241
340.312131
347.920864
340.342110
347.920864
340.312131
347.856241
340.202328
347.681872
339.928841
347.246029
339.208244
345.985885
336.837740
341.188375
327.082550
310.244657
326.680826
320.615072
331.509502
322.927586
332.717936
323.612063
333.129653
323.869548
333.293477
323.972576
333.354064
324.000670
333.354064
323.972576
333.293477
323.869548
333.129653
323.612063
332.717936
322.927586
331.509502
320.615072
326.680826
310.244657
293.668437
312.789198
304.632541
317.616009
306.873529
318.767896
307.520148
319.154849
307.761401
319.308052
307.857634
319.364602
307.883845
319.364602
307.857634
319.308052
307.761401
319.154849
307.520148
318.767896
306.873529
317.616009
304.632541
312.789198
293.668437
277.317811
299.524762
288.840162
304.313820
290.996289
305.404684
291.603521
305.766346
291.828369
305.908882
291.917803
305.961401
291.942138
305.961401
291.917803
305.908882
291.828369
305.766346
291.603521
305.404684
290.996289
304.313820
288.840162
299.524762
277.317811
261.156600
286.903989
273.185399
291.616758
275.243668
292.642504
275.810193
292.978452
276.018516
293.110302
276.101164
293.158808
276.123632
293.158808
276.101164
293.110302
276.018516
292.978452
275.810193
292.642504
275.243668
291.616758
273.185399
286.903989
261.156600
245.148249
274.948738
257.612613
279.544318
259.560509
280.501257
260.085211
280.811166
260.276938
280.932339
260.352824
280.976852
260.373437
280.976852
260.352824
280.932339
260.276938
280.811166
260.085211
280.501257
259.560509
279.544318
257.612613
274.948738
245.148249
229.255560
263.686485
242.062490
268.121988
243.888124
269.006852
244.370084
269.290490
244.545189
269.401014
244.614351
269.441563
244.633123
269.441563
244.614351
269.401014
244.545189
269.290490
244.370084
269.006852
243.888124
268.121988
242.062490
263.686485
229.255560
213.440423
253.150591
226.471461
257.381610
228.163710
258.191566
228.602203
258.448786
228.760699
258.548713
228.823186
258.585332
228.840135
258.585332
228.823186
258.548713
228.760699
258.448786
228.602203
258.191566
228.163710
257.381610
226.471461
253.150591
213.440423
197.663562
243.380600
210.771095
247.361793
212.319744
248.094448
212.714228
248.325186
212.856169
248.414584
212.912037
248.447313
212.927182
248.447313
212.912037
248.414584
212.856169
248.325186
212.714228
248.094448
212.319744
247.361793
210.771095
243.380600
197.663562
181.884270
234.422584
194.887479
238.108372
196.283349
238.761778
196.633459
238.966042
196.758932
239.044999
196.808248
239.073879
196.821610
239.073879
196.808248
239.044999
196.758932
238.966042
196.633459
238.761778
196.283349
238.108372
194.887479
234.422584
181.884270
166.060159
226.329513
178.740567
229.674910
179.975634
230.247563
180.281175
230.425432
180.390297
230.494047
180.433134
230.519126
180.444735
230.519126
180.433134
230.494047
180.390297
230.425432
180.281175
230.247563
179.975634
229.674910
178.740567
226.329513
166.060159
150.146893
219.161667
162.243497
222.123255
163.311009
222.614084
163.571941
222.765701
163.664859
222.824090
163.701297
222.845418
163.711162
222.845418
163.701297
222.824090
163.664859
222.765701
163.571941
222.614084
163.311009
222.123255
162.243497
219.161667
150.146893
134.097930
212.987074
145.301893
215.524137
146.196454
215.932499
146.412885
216.058064
146.489771
216.106353
146.519895
216.123982
146.528049
216.123982
146.519895
216.106353
146.489771
216.058064
146.412885
215.932499
146.196454
215.524137
145.301893
212.987074
134.097930
117.864253
207.881998
127.813116
209.957817
128.530761
210.283479
128.702939
210.383247
128.763985
210.421571
128.787888
210.435557
128.794356
210.435557
128.787888
210.421571
128.763985
210.383247
128.702939
210.283479
128.530761
209.957817
127.813116
207.881998
117.864253
101.394096
203.931445
109.665493
205.514790
110.203737
205.757910
110.332035
205.832182
110.377457
205.860689
110.395233
205.871088
110.400042
205.871088
110.395233
205.860689
110.377457
205.832182
110.332035
205.757910
110.203737
205.514790
109.665493
203.931445
101.394096
84.632671
201.229720
90.737508
202.296531
91.095363
202.457638
91.180270
202.506758
91.210299
202.525600
91.222047
202.532472
91.225224
202.532472
91.222047
202.525600
91.210299
202.506758
91.180270
202.457638
91.095363
202.296531
90.737508
201.229720
84.632671
67.521875
199.881007
70.896944
200.416302
71.074908
200.496263
71.117017
200.520615
71.131901
200.529953
71.137723
200.533359
71.139297
200.533359
71.137723
200.529953
71.131901
200.520615
71.117017
200.496263
71.074908
200.416302
70.896944
199.881007
67.521875
50.000000
200.000000
50.000000
200.000000
50.000000
200.000000
50.000000
200.000000
50.000000
200.000000
50.000000
200.000000
50.000000
200.000000
50.000000
200.000000
50.000000
200.000000
50.000000
200.000000
50.000000
200.000000
50.000000
200.000000
50.000000
