1500.000000
1500.000000
1500.000000
1500.000000
1500.000000
1500.000000
1500.000000
1500.000000
1500.000000
1500.000000
1500.000000
1500.000000
1500.000000
1500.000000
1500.000000
1500.000000
1500.000000
1500.000000
1500.000000
1500.000000
1395.477787
1395.477948
1395.477787
1395.477948
1395.477787
1395.477948
1395.477787
1395.477948
1395.477787
1395.477948
1395.477787
1395.477948
1395.477787
1395.477948
1395.477787
1395.477948
1395.477787
1395.477948
1395.477787
1395.477948
1306.899565
1306.900013
1306.899565
1306.900013
1306.899565
1306.900013
1306.899565
1306.900013
1306.899565
1306.900013
1306.899565
1306.900013
1306.899565
1306.900013
1306.899565
1306.900013
1306.899565
1306.900013
1306.899565
1306.900013
1230.044771
1230.045788
1230.044771
1230.045788
1230.044771
1230.045788
1230.044771
1230.045788
1230.044771
1230.045788
1230.044771
1230.045788
1230.044771
1230.045788
1230.044771
1230.045788
1230.044771
1230.045788
1230.044771
1230.045788
1162.172724
1162.174805
1162.172724
1162.174805
1162.172724
1162.174805
1162.172724
1162.174805
1162.172724
1162.174805
1162.172724
1162.174805
1162.172724
1162.174805
1162.172724
1162.174805
1162.172724
1162.174805
1162.172724
1162.174805
1101.403104
1101.407062
1101.403104
1101.407062
1101.403104
1101.407062
1101.403104
1101.407062
1101.403104
1101.407062
1101.403104
1101.407062
1101.403104
1101.407062
1101.403104
1101.407062
1101.403104
1101.407062
1101.403104
1101.407062
1046.389887
1046.396982
1046.389887
1046.396982
1046.389887
1046.396982
1046.389887
1046.396982
1046.389887
1046.396982
1046.389887
1046.396982
1046.389887
1046.396982
1046.389887
1046.396982
1046.389887
1046.396982
1046.389887
1046.396982
996.136351
996.148467
996.136351
996.148467
996.136351
996.148467
996.136351
996.148467
996.136351
996.148467
996.136351
996.148467
996.136351
996.148467
996.136351
996.148467
996.136351
996.148467
996.136351
996.148467
949.883752
949.903603
949.883752
949.903603
949.883752
949.903603
949.883752
949.903603
949.883752
949.903603
949.883752
949.903603
949.883752
949.903603
949.883752
949.903603
949.883752
949.903603
949.883752
949.903603
907.041041
907.072435
907.041041
907.072435
907.041041
907.072435
907.041041
907.072435
907.041041
907.072435
907.041041
907.072435
907.041041
907.072435
907.041041
907.072435
907.041041
907.072435
907.041041
907.072435
867.138720
867.186869
867.138720
867.186869
867.138720
867.186869
867.138720
867.186869
867.138720
867.186869
867.138720
867.186869
867.138720
867.186869
867.138720
867.186869
867.138720
867.186869
867.138720
867.186869
829.797515
829.869407
829.797515
829.869407
829.797515
829.869407
829.797515
829.869407
829.797515
829.869407
829.797515
829.869407
829.797515
829.869407
829.797515
829.869407
829.797515
829.869407
829.797515
829.869407
794.706505
794.811335
794.706505
794.811335
794.706505
794.811335
794.706505
794.811335
794.706505
794.811335
794.706505
794.811335
794.706505
794.811335
794.706505
794.811335
794.706505
794.811335
794.706505
794.811335
761.607456
761.757135
761.607456
761.757135
761.607456
761.757135
761.607456
761.757135
761.607456
761.757135
761.607456
761.757135
761.607456
761.757135
761.607456
761.757135
761.607456
761.757135
761.607456
761.757135
730.283380
730.493108
730.283380
730.493108
730.283380
730.493108
730.283380
730.493108
730.283380
730.493108
730.283380
730.493108
730.283380
730.493108
730.283380
730.493108
730.283380
730.493108
730.283380
730.493108
700.549989
700.838924
700.549989
700.838924
700.549989
700.838924
700.549989
700.838924
700.549989
700.838924
700.549989
700.838924
700.549989
700.838924
700.549989
700.838924
700.549989
700.838924
700.549989
700.838924
672.249231
672.641232
672.249231
672.641232
672.249231
672.641232
672.249231
672.641232
672.249231
672.641232
672.249231
672.641232
672.249231
672.641232
672.249231
672.641232
672.249231
672.641232
672.249231
672.641232
645.244298
645.768777
645.244298
645.768777
645.244298
645.768777
645.244298
645.768777
645.244298
645.768777
645.244298
645.768777
645.244298
645.768777
645.244298
645.768777
645.244298
645.768777
645.244298
645.768777
619.415738
620.108602
619.415738
620.108602
619.415738
620.108602
619.415738
620.108602
619.415738
620.108602
619.415738
620.108602
619.415738
620.108602
619.415738
620.108602
619.415738
620.108602
619.415738
620.108602
594.658369
595.563078
594.658369
595.563078
594.658369
595.563078
594.658369
595.563078
594.658369
595.563078
594.658369
595.563078
594.658369
595.563078
594.658369
595.563078
594.658369
595.563078
594.658369
595.563078
570.878814
572.047551
570.878814
572.047551
570.878814
572.047551
570.878814
572.047551
570.878814
572.047551
570.878814
572.047551
570.878814
572.047551
570.878814
572.047551
570.878814
572.047551
570.878814
572.047551
547.993499
549.488460
547.993499
549.488460
547.993499
549.488460
547.993499
549.488460
547.993499
549.488460
547.993499
549.488460
547.993499
549.488460
547.993499
549.488460
547.993499
549.488460
547.993499
549.488460
525.927015
527.821833
525.927015
527.821833
525.927015
527.821833
525.927015
527.821833
525.927015
527.821833
525.927015
527.821833
525.927015
527.821833
525.927015
527.821833
525.927015
527.821833
525.927015
527.821833
504.610764
506.992064
504.610764
506.992064
504.610764
506.992064
504.610764
506.992064
504.610764
506.992064
504.610764
506.992064
504.610764
506.992064
504.610764
506.992064
504.610764
506.992064
504.610764
506.992064
483.981817
486.950920
483.981817
486.950920
483.981817
486.950920
483.981817
486.950920
483.981817
486.950920
483.981817
486.950920
483.981817
486.950920
483.981817
486.950920
483.981817
486.950920
483.981817
486.950920
463.981965
467.656738
463.981965
467.656738
463.981965
467.656738
463.981965
467.656738
463.981965
467.656738
463.981965
467.656738
463.981965
467.656738
463.981965
467.656738
463.981965
467.656738
463.981965
467.656738
444.556894
449.073760
444.556894
449.073760
444.556894
449.073760
444.556894
449.073760
444.556894
449.073760
444.556894
449.073760
444.556894
449.073760
444.556894
449.073760
444.556894
449.073760
444.556894
449.073760
425.655485
431.171601
425.655485
431.171601
425.655485
431.171601
425.655485
431.171601
425.655485
431.171601
425.655485
431.171601
425.655485
431.171601
425.655485
431.171601
425.655485
431.171601
425.655485
431.171601
407.229199
413.924804
407.229199
413.924804
407.229199
413.924804
407.229199
413.924804
407.229199
413.924804
407.229199
413.924804
407.229199
413.924804
407.229199
413.924804
407.229199
413.924804
407.229199
413.924804
389.231540
397.312486
389.231540
397.312486
389.231540
397.312486
389.231540
397.312486
389.231540
397.312486
389.231540
397.312486
389.231540
397.312486
389.231540
397.312486
389.231540
397.312486
389.231540
397.312486
371.617576
381.318047
371.617576
381.318047
371.617576
381.318047
371.617576
381.318047
371.617576
381.318047
371.617576
381.318047
371.617576
381.318047
371.617576
381.318047
371.617576
381.318047
371.617576
381.318047
354.343512
365.928944
354.343512
365.928944
354.343512
365.928944
354.343512
365.928944
354.343512
365.928944
354.343512
365.928944
354.343512
365.928944
354.343512
365.928944
354.343512
365.928944
354.343512
365.928944
337.366306
351.136505
337.366306
351.136505
337.366306
351.136505
337.366306
351.136505
337.366306
351.136505
337.366306
351.136505
337.366306
351.136505
337.366306
351.136505
337.366306
351.136505
337.366306
351.136505
320.643312
336.935792
320.643312
336.935792
320.643312
336.935792
320.643312
336.935792
320.643312
336.935792
320.643312
336.935792
320.643312
336.935792
320.643312
336.935792
320.643312
336.935792
320.643312
336.935792
304.131958
323.325493
304.131958
323.325493
304.131958
323.325493
304.131958
323.325493
304.131958
323.325493
304.131958
323.325493
304.131958
323.325493
304.131958
323.325493
304.131958
323.325493
304.131958
323.325493
287.789444
310.307858
287.789444
310.307858
287.789444
310.307858
287.789444
310.307858
287.789444
310.307858
287.789444
310.307858
287.789444
310.307858
287.789444
310.307858
287.789444
310.307858
287.789444
310.307858
271.572457
297.888644
271.572457
297.888644
271.572457
297.888644
271.572457
297.888644
271.572457
297.888644
271.572457
297.888644
271.572457
297.888644
271.572457
297.888644
271.572457
297.888644
271.572457
297.888644
255.436905
286.077102
255.436905
286.077102
255.436905
286.077102
255.436905
286.077102
255.436905
286.077102
255.436905
286.077102
255.436905
286.077102
255.436905
286.077102
255.436905
286.077102
255.436905
286.077102
239.337664
274.885969
239.337664
274.885969
239.337664
274.885969
239.337664
274.885969
239.337664
274.885969
239.337664
274.885969
239.337664
274.885969
239.337664
274.885969
239.337664
274.885969
239.337664
274.885969
223.228330
264.331494
223.228330
264.331494
223.228330
264.331494
223.228330
264.331494
223.228330
264.331494
223.228330
264.331494
223.228330
264.331494
223.228330
264.331494
223.228330
264.331494
223.228330
264.331494
207.060984
254.433469
207.060984
254.433469
207.060984
254.433469
207.060984
254.433469
207.060984
254.433469
207.060984
254.433469
207.060984
254.433469
207.060984
254.433469
207.060984
254.433469
207.060984
254.433469
190.785965
245.215285
190.785965
245.215285
190.785965
245.215285
190.785965
245.215285
190.785965
245.215285
190.785965
245.215285
190.785965
245.215285
190.785965
245.215285
190.785965
245.215285
190.785965
245.215285
174.351644
236.703990
174.351644
236.703990
174.351644
236.703990
174.351644
236.703990
174.351644
236.703990
174.351644
236.703990
174.351644
236.703990
174.351644
236.703990
174.351644
236.703990
174.351644
236.703990
157.704201
228.930374
157.704201
228.930374
157.704201
228.930374
157.704201
228.930374
157.704201
228.930374
157.704201
228.930374
157.704201
228.930374
157.704201
228.930374
157.704201
228.930374
157.704201
228.930374
140.787414
221.929052
140.787414
221.929052
140.787414
221.929052
140.787414
221.929052
140.787414
221.929052
140.787414
221.929052
140.787414
221.929052
140.787414
221.929052
140.787414
221.929052
140.787414
221.929052
123.542438
215.738573
123.542438
215.738573
123.542438
215.738573
123.542438
215.738573
123.542438
215.738573
123.542438
215.738573
123.542438
215.738573
123.542438
215.738573
123.542438
215.738573
123.542438
215.738573
105.907591
210.401523
105.907591
210.401523
105.907591
210.401523
105.907591
210.401523
105.907591
210.401523
105.907591
210.401523
105.907591
210.401523
105.907591
210.401523
105.907591
210.401523
105.907591
210.401523
87.818145
205.964648
87.818145
205.964648
87.818145
205.964648
87.818145
205.964648
87.818145
205.964648
87.818145
205.964648
87.818145
205.964648
87.818145
205.964648
87.818145
205.964648
87.818145
205.964648
69.206105
202.478985
69.206105
202.478985
69.206105
202.478985
69.206105
202.478985
69.206105
202.478985
69.206105
202.478985
69.206105
202.478985
69.206105
202.478985
69.206105
202.478985
69.206105
202.478985
50.000000
200.000000
50.000000
200.000000
50.000000
200.000000
50.000000
200.000000
50.000000
200.000000
50.000000
200.000000
50.000000
200.000000
50.000000
200.000000
50.000000
200.000000
50.000000
200.000000
