1500.000000
1500.000000
1500.000000
1500.000000
1500.000000
1500.000000
1500.000000
1500.000000
1500.000000
1500.000000
1500.000000
1500.000000
1500.000000
1500.000000
1500.000000
1500.000000
1500.000000
1500.000000
1500.000000
1500.000000
1500.000000
1500.000000
1500.000000
1500.000000
1500.000000
1500.000000
1500.000000
1500.000000
1500.000000
1500.000000
1500.000000
1500.000000
1500.000000
1500.000000
1500.000000
1500.000000
1394.662230
1394.636884
1394.563915
1394.452149
1394.315077
1394.169221
1394.032150
1393.920383
1393.847414
1393.822069
1393.847414
1393.920383
1394.032150
1394.169221
1394.315077
1394.452149
1394.563915
1394.636884
1394.662230
1394.636884
1394.563915
1394.452149
1394.315077
1394.169221
1394.032150
1393.920383
1393.847414
1393.822069
1393.847414
1393.920383
1394.032150
1394.169221
1394.315077
1394.452149
1394.563915
1394.636884
1305.710045
1305.660860
1305.519269
1305.302414
1305.036482
1304.753516
1304.487584
1304.270729
1304.129138
1304.079953
1304.129138
1304.270729
1304.487584
1304.753516
1305.036482
1305.302414
1305.519269
1305.660860
1305.710045
1305.660860
1305.519269
1305.302414
1305.036482
1304.753516
1304.487584
1304.270729
1304.129138
1304.079953
1304.129138
1304.270729
1304.487584
1304.753516
1305.036482
1305.302414
1305.519269
1305.660860
1228.764931
1228.691576
1228.480428
1228.157089
1227.760624
1227.338787
1226.942322
1226.618983
1226.407834
1226.334480
1226.407834
1226.618983
1226.942322
1227.338787
1227.760624
1228.157089
1228.480428
1228.691576
1228.764931
1228.691576
1228.480428
1228.157089
1227.760624
1227.338787
1226.942322
1226.618983
1226.407834
1226.334480
1226.407834
1226.618983
1226.942322
1227.338787
1227.760624
1228.157089
1228.480428
1228.691576
1160.999278
1160.900512
1160.616256
1160.181058
1159.647535
1159.079910
1158.546387
1158.111189
1157.826933
1157.728167
1157.826933
1158.111189
1158.546387
1159.079910
1159.647535
1160.181058
1160.616256
1160.900512
1160.999278
1160.900512
1160.616256
1160.181058
1159.647535
1159.079910
1158.546387
1158.111189
1157.826933
1157.728167
1157.826933
1158.111189
1158.546387
1159.079910
1159.647535
1160.181058
1160.616256
1160.900512
1100.481512
1100.355592
1099.993256
1099.438676
1098.758972
1098.035892
1097.356188
1096.801609
1096.439273
1096.313352
1096.439273
1096.801609
1097.356188
1098.035892
1098.758972
1099.438676
1099.993256
1100.355592
1100.481512
1100.355592
1099.993256
1099.438676
1098.758972
1098.035892
1097.356188
1096.801609
1096.439273
1096.313352
1096.439273
1096.801609
1097.356188
1098.035892
1098.758972
1099.438676
1099.993256
1100.355592
1045.833788
1045.678672
1045.232438
1044.549709
1043.713218
1042.823461
1041.986971
1041.304242
1040.858008
1040.702891
1040.858008
1041.304242
1041.986971
1042.823461
1043.713218
1044.549709
1045.232438
1045.678672
1045.833788
1045.678672
1045.232438
1044.549709
1043.713218
1042.823461
1041.986971
1041.304242
1040.858008
1040.702891
1040.858008
1041.304242
1041.986971
1042.823461
1043.713218
1044.549709
1045.232438
1045.678672
996.038866
995.852313
995.315821
994.495404
993.490639
992.422066
991.417301
990.596883
990.060392
989.873839
990.060392
990.596883
991.417301
992.422066
993.490639
994.495404
995.315821
995.852313
996.038866
995.852313
995.315821
994.495404
993.490639
992.422066
991.417301
990.596883
990.060392
989.873839
990.060392
990.596883
991.417301
992.422066
993.490639
994.495404
995.315821
995.852313
950.324412
950.104038
949.470548
948.502398
947.317328
946.057257
944.872188
943.904037
943.270547
943.050173
943.270547
943.904037
944.872188
946.057257
947.317328
948.502398
949.470548
950.104038
950.324412
950.104038
949.470548
948.502398
947.317328
946.057257
944.872188
943.904037
943.270547
943.050173
943.270547
943.904037
944.872188
946.057257
947.317328
948.502398
949.470548
950.104038
908.090255
907.833557
907.096035
905.969756
904.592017
903.127449
901.749711
900.623432
899.885910
899.629211
899.885910
900.623432
901.749711
903.127449
904.592017
905.969756
907.096035
907.833557
908.090255
907.833557
907.096035
905.969756
904.592017
903.127449
901.749711
900.623432
899.885910
899.629211
899.885910
900.623432
901.749711
903.127449
904.592017
905.969756
907.096035
907.833557
868.860780
868.565147
867.716309
866.421246
864.838275
863.156043
861.573072
860.278008
859.429171
859.133537
859.429171
860.278008
861.573072
863.156043
864.838275
866.421246
867.716309
868.565147
868.860780
868.565147
867.716309
866.421246
864.838275
863.156043
861.573072
860.278008
859.429171
859.133537
859.429171
860.278008
861.573072
863.156043
864.838275
866.421246
867.716309
868.565147
832.252717
831.915431
830.947763
829.473055
827.672176
825.759052
823.958174
822.483466
821.515797
821.178511
821.515797
822.483466
823.958174
825.759052
827.672176
829.473055
830.947763
831.915431
832.252717
831.915431
830.947763
829.473055
827.672176
825.759052
823.958174
822.483466
821.515797
821.178511
821.515797
822.483466
823.958174
825.759052
827.672176
829.473055
830.947763
831.915431
797.952710
797.570941
796.476694
794.811309
792.779805
790.622577
788.591072
786.925687
785.831441
785.449671
785.831441
786.925687
788.591072
790.622577
792.779805
794.811309
796.476694
797.570941
797.952710
797.570941
796.476694
794.811309
792.779805
790.622577
788.591072
786.925687
785.831441
785.449671
785.831441
786.925687
788.591072
790.622577
792.779805
794.811309
796.476694
797.570941
765.701315
765.272103
764.043287
762.176038
759.901195
757.486731
755.211888
753.344640
752.115824
751.686612
752.115824
753.344640
755.211888
757.486731
759.901195
762.176038
764.043287
765.272103
765.701315
765.272103
764.043287
762.176038
759.901195
757.486731
755.211888
753.344640
752.115824
751.686612
752.115824
753.344640
755.211888
757.486731
759.901195
762.176038
764.043287
765.272103
735.281325
734.801567
733.429924
731.349482
728.818634
726.133935
723.603087
721.522645
720.151002
719.671244
720.151002
721.522645
723.603087
726.133935
728.818634
731.349482
733.429924
734.801567
735.281325
734.801567
733.429924
731.349482
728.818634
726.133935
723.603087
721.522645
720.151002
719.671244
720.151002
721.522645
723.603087
726.133935
728.818634
731.349482
733.429924
734.801567
706.509103
705.975526
704.452506
702.147398
699.347963
696.380209
693.580775
691.275667
689.752647
689.219070
689.752647
691.275667
693.580775
696.380209
699.347963
702.147398
704.452506
705.975526
706.509103
705.975526
704.452506
702.147398
699.347963
696.380209
693.580775
691.275667
689.752647
689.219070
689.752647
691.275667
693.580775
696.380209
699.347963
702.147398
704.452506
705.975526
679.228032
678.637166
676.953887
674.412502
671.332013
668.068609
664.988120
662.446735
660.763455
660.172589
660.763455
662.446735
664.988120
668.068609
671.332013
674.412502
676.953887
678.637166
679.228032
678.637166
676.953887
674.412502
671.332013
668.068609
664.988120
662.446735
660.763455
660.172589
660.763455
662.446735
664.988120
668.068609
671.332013
674.412502
676.953887
678.637166
653.303496
652.651636
650.798844
648.009427
644.635563
641.064181
637.690317
634.900900
633.048108
632.396248
633.048108
634.900900
637.690317
641.064181
644.635563
648.009427
650.798844
652.651636
653.303496
652.651636
650.798844
648.009427
644.635563
641.064181
637.690317
634.900900
633.048108
632.396248
633.048108
634.900900
637.690317
641.064181
644.635563
648.009427
650.798844
652.651636
628.618973
627.902137
625.870162
622.820814
619.141431
615.250048
611.570666
608.521317
606.489342
605.772506
606.489342
608.521317
611.570666
615.250048
619.141431
622.820814
625.870162
627.902137
628.618973
627.902137
625.870162
622.820814
619.141431
615.250048
611.570666
608.521317
606.489342
605.772506
606.489342
608.521317
611.570666
615.250048
619.141431
622.820814
625.870162
627.902137
605.072972
604.286853
602.065553
598.744226
594.747388
590.524331
586.527493
583.206167
580.984866
580.198747
580.984866
583.206167
586.527493
590.524331
594.747388
598.744226
602.065553
604.286853
605.072972
604.286853
602.065553
598.744226
594.747388
590.524331
586.527493
583.206167
580.984866
580.198747
580.984866
583.206167
586.527493
590.524331
594.747388
598.744226
602.065553
604.286853
582.576595
581.716497
579.295203
575.689702
571.363712
566.797692
562.471702
558.866201
556.444907
555.584809
556.444907
558.866201
562.471702
566.797692
571.363712
575.689702
579.295203
581.716497
582.576595
581.716497
579.295203
575.689702
571.363712
566.797692
562.471702
558.866201
556.444907
555.584809
556.444907
558.866201
562.471702
566.797692
571.363712
575.689702
579.295203
581.716497
561.051579
560.112347
557.479805
553.577784
548.911216
543.991370
539.324802
535.422781
532.790239
531.851006
532.790239
535.422781
539.324802
543.991370
548.911216
553.577784
557.479805
560.112347
561.051579
560.112347
557.479805
553.577784
548.911216
543.991370
539.324802
535.422781
532.790239
531.851006
532.790239
535.422781
539.324802
543.991370
548.911216
553.577784
557.479805
560.112347
540.428717
539.404651
536.548952
532.337921
527.319653
522.035582
517.017314
512.806283
509.950584
508.926519
509.950584
512.806283
517.017314
522.035582
527.319653
532.337921
536.548952
539.404651
540.428717
539.404651
536.548952
532.337921
527.319653
522.035582
517.017314
512.806283
509.950584
508.926519
509.950584
512.806283
517.017314
522.035582
527.319653
532.337921
536.548952
539.404651
520.646562
519.531318
516.439834
511.907164
506.526413
500.868218
495.487466
490.954797
487.863313
486.748069
487.863313
490.954797
495.487466
500.868218
506.526413
511.907164
516.439834
519.531318
520.646562
519.531318
516.439834
511.907164
506.526413
500.868218
495.487466
490.954797
487.863313
486.748069
487.863313
490.954797
495.487466
500.868218
506.526413
511.907164
516.439834
519.531318
501.650374
500.436841
497.096152
492.229087
486.475442
480.433761
474.680117
469.813051
466.472362
465.258830
466.472362
469.813051
474.680117
480.433761
486.475442
492.229087
497.096152
500.436841
501.650374
500.436841
497.096152
492.229087
486.475442
480.433761
474.680117
469.813051
466.472362
465.258830
466.472362
469.813051
474.680117
480.433761
486.475442
492.229087
497.096152
500.436841
483.391240
482.071401
478.467222
473.252891
467.116354
460.682399
454.545862
449.331531
445.727352
444.407513
445.727352
449.331531
454.545862
460.682399
467.116354
473.252891
478.467222
482.071401
483.391240
482.071401
478.467222
473.252891
467.116354
460.682399
454.545862
449.331531
445.727352
444.407513
445.727352
449.331531
454.545862
460.682399
467.116354
473.252891
478.467222
482.071401
465.825353
464.390113
460.507220
454.932664
448.403683
441.569270
435.040288
429.465732
425.582839
424.147600
425.582839
429.465732
435.040288
441.569270
448.403683
454.932664
460.507220
464.390113
465.825353
464.390113
460.507220
454.932664
448.403683
441.569270
435.040288
429.465732
425.582839
424.147600
425.582839
429.465732
435.040288
441.569270
448.403683
454.932664
460.507220
464.390113
448.913401
447.352394
443.174550
437.226748
430.296255
423.053838
416.123344
410.175542
405.997699
404.436691
405.997699
410.175542
416.123344
423.053838
430.296255
437.226748
443.174550
447.352394
448.913401
447.352394
443.174550
437.226748
430.296255
423.053838
416.123344
410.175542
405.997699
404.436691
405.997699
410.175542
416.123344
423.053838
430.296255
437.226748
443.174550
447.352394
432.620073
430.921418
426.431304
420.097208
412.756660
405.099359
397.758811
391.424715
386.934601
385.235946
386.934601
391.424715
397.758811
405.099359
412.756660
420.097208
426.431304
430.921418
432.620073
430.921418
426.431304
420.097208
412.756660
405.099359
397.758811
391.424715
386.934601
385.235946
386.934601
391.424715
397.758811
405.099359
412.756660
420.097208
426.431304
430.921418
416.913630
415.063662
410.242807
403.509387
395.750802
387.672429
379.913844
373.180423
368.359568
366.509601
368.359568
373.180423
379.913844
387.672429
395.750802
403.509387
410.242807
415.063662
416.913630
415.063662
410.242807
403.509387
395.750802
387.672429
379.913844
373.180423
368.359568
366.509601
368.359568
373.180423
379.913844
387.672429
395.750802
403.509387
410.242807
415.063662
401.765556
399.748497
394.577219
387.431513
379.247510
370.742593
362.558591
355.412885
350.241607
348.224547
350.241607
355.412885
362.558591
370.742593
379.247510
387.431513
394.577219
399.748497
401.765556
399.748497
394.577219
387.431513
379.247510
370.742593
362.558591
355.412885
350.241607
348.224547
350.241607
355.412885
362.558591
370.742593
379.247510
387.431513
394.577219
399.748497
387.150272
384.947842
379.405199
371.834378
363.218214
354.282016
345.665853
338.095032
332.552389
330.349959
332.552389
338.095032
345.665853
354.282016
363.218214
371.834378
379.405199
384.947842
387.150272
384.947842
379.405199
371.834378
363.218214
354.282016
345.665853
338.095032
332.552389
330.349959
332.552389
338.095032
345.665853
354.282016
363.218214
371.834378
379.405199
384.947842
373.044888
370.635860
364.699614
356.691050
347.636657
338.265192
329.210798
321.202235
315.265988
312.856960
315.265988
321.202235
329.210798
338.265192
347.636657
356.691050
364.699614
370.635860
373.044888
370.635860
364.699614
356.691050
347.636657
338.265192
329.210798
321.202235
315.265988
312.856960
315.265988
321.202235
329.210798
338.265192
347.636657
356.691050
364.699614
370.635860
359.429015
356.788683
350.435280
341.976631
332.478648
322.668692
313.170709
304.712060
298.358657
295.718325
298.358657
304.712060
313.170709
322.668692
332.478648
341.976631
350.435280
356.788683
359.429015
356.788683
350.435280
341.976631
332.478648
322.668692
313.170709
304.712060
298.358657
295.718325
298.358657
304.712060
313.170709
322.668692
332.478648
341.976631
350.435280
356.788683
346.284603
343.384165
336.588745
327.668041
317.721852
307.470952
297.524763
288.604060
281.808639
278.908201
281.808639
288.604060
297.524763
307.470952
317.721852
327.668041
336.588745
343.384165
346.284603
343.384165
336.588745
327.668041
317.721852
307.470952
297.524763
288.604060
281.808639
278.908201
281.808639
288.604060
297.524763
307.470952
317.721852
327.668041
336.588745
343.384165
333.595826
330.401663
323.138091
313.743842
303.345601
292.652078
282.253837
272.859589
265.596016
262.401853
265.596016
272.859589
282.253837
292.652078
303.345601
313.743842
323.138091
330.401663
333.595826
330.401663
323.138091
313.743842
303.345601
292.652078
282.253837
272.859589
265.596016
262.401853
265.596016
272.859589
282.253837
292.652078
303.345601
313.743842
323.138091
330.401663
321.348990
317.821826
310.062768
300.184071
289.330733
278.193679
267.340340
257.461643
249.702586
246.175422
249.702586
257.461643
267.340340
278.193679
289.330733
300.184071
310.062768
317.821826
321.348990
317.821826
310.062768
300.184071
289.330733
278.193679
267.340340
257.461643
249.702586
246.175422
249.702586
257.461643
267.340340
278.193679
289.330733
300.184071
310.062768
317.821826
309.532478
305.626404
297.343448
286.970108
275.659448
264.078719
252.768059
242.394719
234.111762
230.205688
234.111762
242.394719
252.768059
264.078719
275.659448
286.970108
297.343448
305.626404
309.532478
305.626404
297.343448
286.970108
275.659448
264.078719
252.768059
242.394719
234.111762
230.205688
234.111762
242.394719
252.768059
264.078719
275.659448
286.970108
297.343448
305.626404
298.136722
293.798067
284.961889
274.084549
262.315182
250.291389
238.522023
227.644683
218.808504
214.469850
218.808504
227.644683
238.522023
250.291389
262.315182
274.084549
284.961889
293.798067
298.136722
293.798067
284.961889
274.084549
262.315182
250.291389
238.522023
227.644683
218.808504
214.469850
218.808504
227.644683
238.522023
250.291389
262.315182
274.084549
284.961889
293.798067
287.154197
282.320219
272.900829
261.511103
249.282499
236.816990
224.588386
213.198659
203.779270
198.945292
203.779270
213.198659
224.588386
236.816990
249.282499
261.511103
272.900829
282.320219
287.154197
282.320219
272.900829
261.511103
249.282499
236.816990
224.588386
213.198659
203.779270
198.945292
203.779270
213.198659
224.588386
236.816990
249.282499
261.511103
272.900829
282.320219
276.579453
271.176828
261.143889
249.234501
236.546988
223.641827
210.954314
199.044926
189.011987
183.609363
189.011987
199.044926
210.954314
223.641827
236.546988
249.234501
261.143889
271.176828
276.579453
271.176828
261.143889
249.234501
236.546988
223.641827
210.954314
199.044926
189.011987
183.609363
189.011987
199.044926
210.954314
223.641827
236.546988
249.234501
261.143889
271.176828
266.409163
260.352250
249.675486
237.240414
224.095180
210.753123
197.607890
185.172817
174.496054
168.439140
174.496054
185.172817
197.607890
210.753123
224.095180
237.240414
249.675486
260.352250
266.409163
260.352250
249.675486
237.240414
224.095180
210.753123
197.607890
185.172817
174.496054
168.439140
174.496054
185.172817
197.607890
210.753123
224.095180
237.240414
249.675486
260.352250
256.642207
249.831044
238.480771
225.515380
211.914469
198.138931
184.538021
171.572630
160.222356
153.411193
160.222356
171.572630
184.538021
198.138931
211.914469
225.515380
238.480771
249.831044
256.642207
249.831044
238.480771
225.515380
211.914469
198.138931
184.538021
171.572630
160.222356
153.411193
160.222356
171.572630
184.538021
198.138931
211.914469
225.515380
238.480771
249.831044
247.279780
239.597795
227.545564
214.046746
199.993041
185.788066
171.734361
158.235543
146.183312
138.501327
146.183312
158.235543
171.734361
185.788066
199.993041
214.046746
227.545564
239.597795
247.279780
239.597795
227.545564
214.046746
199.993041
185.788066
171.734361
158.235543
146.183312
138.501327
146.183312
158.235543
171.734361
185.788066
199.993041
214.046746
227.545564
239.597795
238.325526
229.636914
216.856319
202.822612
188.319813
173.690033
159.187235
145.153528
132.372933
123.684321
132.372933
145.153528
159.187235
173.690033
188.319813
202.822612
216.856319
229.636914
238.325526
229.636914
216.856319
202.822612
188.319813
173.690033
159.187235
145.153528
132.372933
123.684321
132.372933
145.153528
159.187235
173.690033
188.319813
202.822612
216.856319
229.636914
229.785709
219.932436
206.400087
191.831782
176.884379
161.834975
146.887572
132.319267
118.786918
108.933644
118.786918
132.319267
146.887572
161.834975
176.884379
191.831782
206.400087
219.932436
229.785709
219.932436
206.400087
191.831782
176.884379
161.834975
146.887572
132.319267
118.786918
108.933644
118.786918
132.319267
146.887572
161.834975
176.884379
191.831782
206.400087
219.932436
221.669416
210.467801
196.164502
181.063722
165.676954
150.213613
134.826844
119.726064
105.422766
94.221150
105.422766
119.726064
134.826844
150.213613
165.676954
181.063722
196.164502
210.467801
221.669416
210.467801
196.164502
181.063722
165.676954
150.213613
134.826844
119.726064
105.422766
94.221150
105.422766
119.726064
134.826844
150.213613
165.676954
181.063722
196.164502
210.467801
213.988785
201.225617
186.137774
170.508525
154.688333
138.817202
122.997011
107.367762
92.279918
79.516751
92.279918
107.367762
122.997011
138.817202
154.688333
170.508525
186.137774
201.225617
213.988785
201.225617
186.137774
170.508525
154.688333
138.817202
122.997011
107.367762
92.279918
79.516751
92.279918
107.367762
122.997011
138.817202
154.688333
170.508525
186.137774
201.225617
206.759280
192.187408
176.308695
160.156870
143.909849
127.637488
111.390467
95.238643
79.359929
64.788058
79.359929
95.238643
111.390467
127.637488
143.909849
160.156870
176.308695
192.187408
206.759280
192.187408
176.308695
160.156870
143.909849
127.637488
111.390467
95.238643
79.359929
64.788058
79.359929
95.238643
111.390467
127.637488
143.909849
160.156870
176.308695
192.187408
200.000000
183.333333
166.666667
150.000000
133.333333
116.666667
100.000000
83.333333
66.666667
50.000000
66.666667
83.333333
100.000000
116.666667
133.333333
150.000000
166.666667
183.333333
200.000000
183.333333
166.666667
150.000000
133.333333
116.666667
100.000000
83.333333
66.666667
50.000000
66.666667
83.333333
100.000000
116.666667
133.333333
150.000000
166.666667
183.333333
