1500.000000
1500.000000
1500.000000
1500.000000
1500.000000
1500.000000
1500.000000
1500.000000
1500.000000
1500.000000
1500.000000
1500.000000
1500.000000
1500.000000
1500.000000
1500.000000
1500.000000
1500.000000
1500.000000
1500.000000
1500.000000
1500.000000
1500.000000
1500.000000
1500.000000
1500.000000
1500.000000
1500.000000
1500.000000
1500.000000
1500.000000
1500.000000
1401.139544
1401.053574
1400.808808
1400.442614
1400.010759
1399.578905
1399.212710
1398.967945
1398.881974
1398.967945
1399.212710
1399.578905
1400.010759
1400.442614
1400.808808
1401.053574
1401.139544
1401.053574
1400.808808
1400.442614
1400.010759
1399.578905
1399.212710
1398.967945
1398.881974
1398.967945
1399.212710
1399.578905
1400.010759
1400.442614
1400.808808
1401.053574
1317.726890
1317.560079
1317.085193
1316.374795
1315.537090
1314.699385
1313.988988
1313.514102
1313.347290
1313.514102
1313.988988
1314.699385
1315.537090
1316.374795
1317.085193
1317.560079
1317.726890
1317.560079
1317.085193
1316.374795
1315.537090
1314.699385
1313.988988
1313.514102
1313.347290
1313.514102
1313.988988
1314.699385
1315.537090
1316.374795
1317.085193
1317.560079
1245.675068
1245.426317
1244.718259
1243.659253
1242.410631
1241.162008
1240.103002
1239.394944
1239.146194
1239.394944
1240.103002
1241.162008
1242.410631
1243.659253
1244.718259
1245.426317
1245.675068
1245.426317
1244.718259
1243.659253
1242.410631
1241.162008
1240.103002
1239.394944
1239.146194
1239.394944
1240.103002
1241.162008
1242.410631
1243.659253
1244.718259
1245.426317
1182.336661
1182.001783
1181.048751
1179.623735
1177.943883
1176.264032
1174.839016
1173.885984
1173.551105
1173.885984
1174.839016
1176.264032
1177.943883
1179.623735
1181.048751
1182.001783
1182.336661
1182.001783
1181.048751
1179.623735
1177.943883
1176.264032
1174.839016
1173.885984
1173.551105
1173.885984
1174.839016
1176.264032
1177.943883
1179.623735
1181.048751
1182.001783
1125.899437
1125.472543
1124.257970
1122.442553
1120.303027
1118.163501
1116.348084
1115.133511
1114.706617
1115.133511
1116.348084
1118.163501
1120.303027
1122.442553
1124.257970
1125.472543
1125.899437
1125.472543
1124.257970
1122.442553
1120.303027
1118.163501
1116.348084
1115.133511
1114.706617
1115.133511
1116.348084
1118.163501
1120.303027
1122.442553
1124.257970
1125.472543
1075.068788
1074.542969
1073.047471
1070.813230
1068.180976
1065.548721
1063.314481
1061.818982
1061.293164
1061.818982
1063.314481
1065.548721
1068.180976
1070.813230
1073.047471
1074.542969
1075.068788
1074.542969
1073.047471
1070.813230
1068.180976
1065.548721
1063.314481
1061.818982
1061.293164
1061.818982
1063.314481
1065.548721
1068.180976
1070.813230
1073.047471
1074.542969
1028.887917
1028.255587
1026.457976
1023.774030
1020.613279
1017.452528
1014.768582
1012.970971
1012.338641
1012.970971
1014.768582
1017.452528
1020.613279
1023.774030
1026.457976
1028.255587
1028.887917
1028.255587
1026.457976
1023.774030
1020.613279
1017.452528
1014.768582
1012.970971
1012.338641
1012.970971
1014.768582
1017.452528
1020.613279
1023.774030
1026.457976
1028.255587
986.629826
985.882899
983.760731
980.594625
976.867986
973.141346
969.975240
967.853073
967.106145
967.853073
969.975240
973.141346
976.867986
980.594625
983.760731
985.882899
986.629826
985.882899
983.760731
980.594625
976.867986
973.141346
969.975240
967.853073
967.106145
967.853073
969.975240
973.141346
976.867986
980.594625
983.760731
985.882899
947.729269
946.859247
944.389121
940.707349
936.376475
932.045601
928.363829
925.893703
925.023681
925.893703
928.363829
932.045601
936.376475
940.707349
944.389121
946.859247
947.729269
946.859247
944.389121
940.707349
936.376475
932.045601
928.363829
925.893703
925.023681
925.893703
928.363829
932.045601
936.376475
940.707349
944.389121
946.859247
911.738149
910.736156
907.893869
903.662196
898.688223
893.714250
889.482576
886.640289
885.638296
886.640289
889.482576
893.714250
898.688223
903.662196
907.893869
910.736156
911.738149
910.736156
907.893869
903.662196
898.688223
893.714250
889.482576
886.640289
885.638296
886.640289
889.482576
893.714250
898.688223
903.662196
907.893869
910.736156
878.295306
877.152087
873.912703
869.096368
863.440217
857.784066
852.967731
849.728347
848.585128
849.728347
852.967731
857.784066
863.440217
869.096368
873.912703
877.152087
878.295306
877.152087
873.912703
869.096368
863.440217
857.784066
852.967731
849.728347
848.585128
849.728347
852.967731
857.784066
863.440217
869.096368
873.912703
877.152087
847.105460
845.811353
842.149218
836.713070
830.335671
823.958272
818.522124
814.859989
813.565882
814.859989
818.522124
823.958272
830.335671
836.713070
842.149218
845.811353
847.105460
845.811353
842.149218
836.713070
830.335671
823.958272
818.522124
814.859989
813.565882
814.859989
818.522124
823.958272
830.335671
836.713070
842.149218
845.811353
817.924178
816.469064
812.357780
806.266369
799.128838
791.991307
785.899896
781.788612
780.333498
781.788612
785.899896
791.991307
799.128838
806.266369
812.357780
816.469064
817.924178
816.469064
812.357780
806.266369
799.128838
791.991307
785.899896
781.788612
780.333498
781.788612
785.899896
791.991307
799.128838
806.266369
812.357780
816.469064
790.546902
788.920141
784.332515
777.550154
769.613942
761.677730
754.895368
750.307742
748.680981
750.307742
754.895368
761.677730
769.613942
777.550154
784.332515
788.920141
790.546902
788.920141
784.332515
777.550154
769.613942
761.677730
754.895368
750.307742
748.680981
750.307742
754.895368
761.677730
769.613942
777.550154
784.332515
788.920141
764.800805
762.991147
757.899117
750.389931
741.616954
732.843978
725.334792
720.242762
718.433103
720.242762
725.334792
732.843978
741.616954
750.389931
757.899117
762.991147
764.800805
762.991147
757.899117
750.389931
741.616954
732.843978
725.334792
720.242762
718.433103
720.242762
725.334792
732.843978
741.616954
750.389931
757.899117
762.991147
740.538632
738.534112
732.908657
724.636624
714.989385
705.342146
697.070112
691.444657
689.440138
691.444657
697.070112
705.342146
714.989385
724.636624
732.908657
738.534112
740.538632
738.534112
732.908657
724.636624
714.989385
705.342146
697.070112
691.444657
689.440138
691.444657
697.070112
705.342146
714.989385
724.636624
732.908657
738.534112
717.633981
715.421796
709.232834
700.161815
689.603515
679.045215
669.974196
663.785234
661.573049
663.785234
669.974196
679.045215
689.603515
700.161815
709.232834
715.421796
717.633981
715.421796
709.232834
700.161815
689.603515
679.045215
669.974196
663.785234
661.573049
663.785234
669.974196
679.045215
689.603515
700.161815
709.232834
715.421796
695.977645
693.544001
686.760271
676.854049
665.348699
653.843350
643.937128
637.153398
634.719753
637.153398
643.937128
653.843350
665.348699
676.854049
686.760271
693.544001
695.977645
693.544001
686.760271
676.854049
665.348699
653.843350
643.937128
637.153398
634.719753
637.153398
643.937128
653.843350
665.348699
676.854049
686.760271
693.544001
675.474732
672.804668
665.393607
654.615917
642.128449
629.640982
618.863291
611.452231
608.782166
611.452231
618.863291
629.640982
642.128449
654.615917
665.393607
672.804668
675.474732
672.804668
665.393607
654.615917
642.128449
629.640982
618.863291
611.452231
608.782166
611.452231
618.863291
629.640982
642.128449
654.615917
665.393607
672.804668
656.042385
653.119564
645.047177
633.361747
619.858118
606.354490
594.669060
586.596673
583.673852
586.596673
594.669060
606.354490
619.858118
633.361747
645.047177
653.119564
656.042385
653.119564
645.047177
633.361747
619.858118
606.354490
594.669060
586.596673
583.673852
586.596673
594.669060
606.354490
619.858118
633.361747
645.047177
653.119564
637.607954
634.414422
625.645140
613.015737
598.463041
583.910344
571.280941
562.511659
559.318128
562.511659
571.280941
583.910344
598.463041
613.015737
625.645140
634.414422
637.607954
634.414422
625.645140
613.015737
598.463041
583.910344
571.280941
562.511659
559.318128
562.511659
571.280941
583.910344
598.463041
613.015737
625.645140
634.414422
620.107527
616.623429
607.119971
593.510452
577.877020
562.243589
548.634070
539.130612
535.646514
539.130612
548.634070
562.243589
577.877020
593.510452
607.119971
616.623429
620.107527
616.623429
607.119971
593.510452
577.877020
562.243589
548.634070
539.130612
535.646514
539.130612
548.634070
562.243589
577.877020
593.510452
607.119971
616.623429
603.484734
599.687982
589.411210
574.785584
558.041098
541.296612
526.670986
516.394214
512.597462
516.394214
526.670986
541.296612
558.041098
574.785584
589.411210
599.687982
603.484734
599.687982
589.411210
574.785584
558.041098
541.296612
526.670986
516.394214
512.597462
516.394214
526.670986
541.296612
558.041098
574.785584
589.411210
599.687982
587.689775
583.555663
572.464442
556.786941
538.902533
521.018125
505.340624
494.249402
490.115290
494.249402
505.340624
521.018125
538.902533
556.786941
572.464442
583.555663
587.689775
583.555663
572.464442
556.786941
538.902533
521.018125
505.340624
494.249402
490.115290
494.249402
505.340624
521.018125
538.902533
556.786941
572.464442
583.555663
572.678617
568.179377
556.230436
539.465598
520.413956
501.362314
484.597476
472.648534
468.149295
472.648534
484.597476
501.362314
520.413956
539.465598
556.230436
568.179377
572.678617
568.179377
556.230436
539.465598
520.413956
501.362314
484.597476
472.648534
468.149295
472.648534
484.597476
501.362314
520.413956
539.465598
556.230436
568.179377
558.412348
553.516632
540.664437
522.777200
502.532668
482.288136
464.400900
451.548705
446.652989
451.548705
464.400900
482.288136
502.532668
522.777200
540.664437
553.516632
558.412348
553.516632
540.664437
522.777200
502.532668
482.288136
464.400900
451.548705
446.652989
451.548705
464.400900
482.288136
502.532668
522.777200
540.664437
553.516632
544.856638
539.528916
525.725555
506.681369
485.220044
463.758718
444.714532
430.911171
425.583449
430.911171
444.714532
463.758718
485.220044
506.681369
525.725555
539.528916
544.856638
539.528916
525.725555
506.681369
485.220044
463.758718
444.714532
430.911171
425.583449
430.911171
444.714532
463.758718
485.220044
506.681369
525.725555
539.528916
531.981302
526.181178
511.376258
491.141203
468.441027
445.740852
425.505797
410.700876
404.900752
410.700876
425.505797
445.740852
468.441027
491.141203
511.376258
526.181178
531.981302
526.181178
511.376258
491.141203
468.441027
445.740852
425.505797
410.700876
404.900752
410.700876
425.505797
445.740852
468.441027
491.141203
511.376258
526.181178
519.759948
513.441359
497.581932
476.122858
452.163709
428.204560
406.745486
390.886059
384.567470
390.886059
406.745486
428.204560
452.163709
476.122858
497.581932
513.441359
519.759948
513.441359
497.581932
476.122858
452.163709
428.204560
406.745486
390.886059
384.567470
390.886059
406.745486
428.204560
452.163709
476.122858
497.581932
513.441359
508.169689
501.279993
484.310509
461.595187
436.358958
411.122729
388.407407
371.437923
364.548227
371.437923
388.407407
411.122729
436.358958
461.595187
484.310509
501.279993
508.169689
501.279993
484.310509
461.595187
436.358958
411.122729
388.407407
371.437923
364.548227
371.437923
388.407407
411.122729
436.358958
461.595187
484.310509
501.279993
497.190922
489.669849
471.532145
447.529436
421.000109
394.470782
370.468073
352.330369
344.809296
352.330369
370.468073
394.470782
421.000109
447.529436
471.532145
489.669849
497.190922
489.669849
471.532145
447.529436
421.000109
394.470782
370.468073
352.330369
344.809296
352.330369
370.468073
394.470782
421.000109
447.529436
471.532145
489.669849
486.807158
478.585607
459.218945
433.898977
406.062692
378.226407
352.906439
333.539777
325.318226
333.539777
352.906439
378.226407
406.062692
433.898977
459.218945
478.585607
486.807158
478.585607
459.218945
433.898977
406.062692
378.226407
352.906439
333.539777
325.318226
333.539777
352.906439
378.226407
406.062692
433.898977
459.218945
478.585607
477.004899
468.003565
447.344718
420.679088
391.524197
362.369306
335.703676
315.044829
306.043495
315.044829
335.703676
362.369306
391.524197
420.679088
447.344718
468.003565
477.004899
468.003565
447.344718
420.679088
391.524197
362.369306
335.703676
315.044829
306.043495
315.044829
335.703676
362.369306
391.524197
420.679088
447.344718
468.003565
467.773555
457.901366
435.884777
407.846755
377.363871
346.880988
318.842966
296.826376
286.954187
296.826376
318.842966
346.880988
377.363871
407.846755
435.884777
457.901366
467.773555
457.901366
435.884777
407.846755
377.363871
346.880988
318.842966
296.826376
286.954187
296.826376
318.842966
346.880988
377.363871
407.846755
435.884777
457.901366
459.105410
448.257741
424.815754
395.380507
363.562539
331.744571
302.309325
278.867337
268.019669
278.867337
302.309325
331.744571
363.562539
395.380507
424.815754
448.257741
459.105410
448.257741
424.815754
395.380507
363.562539
331.744571
302.309325
278.867337
268.019669
278.867337
302.309325
331.744571
363.562539
395.380507
424.815754
448.257741
450.995610
439.052267
414.115451
383.260274
350.102449
316.944624
286.089447
261.152632
249.209288
261.152632
286.089447
316.944624
350.102449
383.260274
414.115451
439.052267
450.995610
439.052267
414.115451
383.260274
350.102449
316.944624
286.089447
261.152632
249.209288
261.152632
286.089447
316.944624
350.102449
383.260274
414.115451
439.052267
443.442204
430.265123
403.762706
371.467258
336.967133
302.467008
270.171561
243.669143
230.492063
243.669143
270.171561
302.467008
336.967133
371.467258
403.762706
430.265123
443.442204
430.265123
403.762706
371.467258
336.967133
302.467008
270.171561
243.669143
230.492063
243.669143
270.171561
302.467008
336.967133
371.467258
403.762706
430.265123
436.446202
421.876863
393.737281
359.983831
324.141288
288.298745
254.545296
226.405713
211.836375
226.405713
254.545296
288.298745
324.141288
359.983831
393.737281
421.876863
436.446202
421.876863
393.737281
359.983831
324.141288
288.298745
254.545296
226.405713
211.836375
226.405713
254.545296
288.298745
324.141288
359.983831
393.737281
421.876863
430.011676
413.868175
384.019770
348.793439
311.610667
274.427896
239.201565
209.353159
193.209658
209.353159
239.201565
274.427896
311.610667
348.793439
384.019770
413.868175
430.011676
413.868175
384.019770
348.793439
311.610667
274.427896
239.201565
209.353159
193.209658
209.353159
239.201565
274.427896
311.610667
348.793439
384.019770
413.868175
424.145896
406.219645
374.591522
337.880520
299.361985
260.843451
224.132449
192.504326
174.578075
192.504326
224.132449
260.843451
299.361985
337.880520
374.591522
406.219645
424.145896
406.219645
374.591522
337.880520
299.361985
260.843451
224.132449
192.504326
174.578075
192.504326
224.132449
260.843451
299.361985
337.880520
374.591522
406.219645
418.859487
398.911511
365.434580
327.230441
287.382834
247.535227
209.331088
175.854158
155.906181
175.854158
209.331088
247.535227
287.382834
327.230441
365.434580
398.911511
418.859487
398.911511
365.434580
327.230441
287.382834
247.535227
209.331088
175.854158
155.906181
175.854158
209.331088
247.535227
287.382834
327.230441
365.434580
398.911511
414.166636
391.923410
356.531641
316.829432
275.661607
234.493782
194.791574
159.399805
137.156579
159.399805
194.791574
234.493782
275.661607
316.829432
356.531641
391.923410
414.166636
391.923410
356.531641
316.829432
275.661607
234.493782
194.791574
159.399805
137.156579
159.399805
194.791574
234.493782
275.661607
316.829432
356.531641
391.923410
410.085319
385.234111
347.866021
306.664537
264.187432
221.710327
180.508843
143.140753
118.289545
143.140753
180.508843
221.710327
264.187432
306.664537
347.866021
385.234111
410.085319
385.234111
347.866021
306.664537
264.187432
221.710327
180.508843
143.140753
118.289545
143.140753
180.508843
221.710327
264.187432
306.664537
347.866021
385.234111
406.637575
378.821235
339.421647
296.723566
252.950109
209.176653
166.478572
127.078984
99.262644
127.078984
166.478572
209.176653
252.950109
296.723566
339.421647
378.821235
406.637575
378.821235
339.421647
296.723566
252.950109
209.176653
166.478572
127.078984
99.262644
127.078984
166.478572
209.176653
252.950109
296.723566
339.421647
378.821235
403.849810
372.660952
331.183053
286.995058
241.940058
196.885058
152.697063
111.219164
80.030306
111.219164
152.697063
196.885058
241.940058
286.995058
331.183054
372.660952
403.849810
372.660952
331.183054
286.995058
241.940058
196.885058
152.697063
111.219164
80.030306
111.219164
152.697063
196.885058
241.940058
286.995058
331.183053
372.660952
401.753141
366.727668
323.135405
277.468243
231.148268
184.828292
139.161130
95.568867
60.543394
95.568867
139.161130
184.828292
231.148268
277.468243
323.135405
366.727668
401.753141
366.727668
323.135405
277.468243
231.148268
184.828292
139.161130
95.568867
60.543394
95.568867
139.161130
184.828292
231.148268
277.468243
323.135405
366.727668
400.383787
360.993680
315.264526
268.133013
220.566253
172.999493
125.867980
80.138826
40.748719
80.138826
125.867980
172.999493
220.566253
268.133013
315.264526
360.993680
400.383787
360.993680
315.264526
268.133013
220.566253
172.999493
125.867980
80.138826
40.748719
80.138826
125.867980
172.999493
220.566253
268.133013
315.264526
360.993680
399.783491
355.428808
307.556953
258.979890
210.186014
161.392138
112.815075
64.943220
20.588537
64.943220
112.815075
161.392138
210.186014
258.979890
307.556953
355.428808
399.783491
355.428808
307.556953
258.979890
210.186014
161.392138
112.815075
64.943220
20.588537
64.943220
112.815075
161.392138
210.186014
258.979890
307.556953
355.428808
400.000000
350.000000
300.000000
250.000000
200.000000
150.000000
100.000000
50.000000
0.000000
50.000000
100.000000
150.000000
200.000000
250.000000
300.000000
350.000000
400.000000
350.000000
300.000000
250.000000
200.000000
150.000000
100.000000
50.000000
0.000000
50.000000
100.000000
150.000000
200.000000
250.000000
300.000000
350.000000
