1500.000000
1500.000000
1500.000000
1500.000000
1500.000000
1500.000000
1500.000000
1500.000000
1500.000000
1500.000000
1500.000000
1500.000000
1500.000000
1500.000000
1500.000000
1500.000000
1500.000000
1500.000000
1500.000000
1500.000000
1500.000000
1500.000000
1500.000000
1500.000000
1500.000000
1500.000000
1500.000000
1500.000000
1500.000000
1500.000000
1395.477867
1395.477867
1395.477867
1395.477867
1395.477867
1395.477867
1395.477867
1395.477867
1395.477867
1395.477867
1395.477867
1395.477867
1395.477867
1395.477867
1395.477867
1395.477867
1395.477867
1395.477867
1395.477867
1395.477867
1395.477867
1395.477867
1395.477867
1395.477867
1395.477867
1395.477867
1395.477867
1395.477867
1395.477867
1395.477867
1306.899788
1306.899789
1306.899788
1306.899789
1306.899788
1306.899789
1306.899788
1306.899789
1306.899788
1306.899789
1306.899788
1306.899789
1306.899788
1306.899789
1306.899788
1306.899789
1306.899788
1306.899789
1306.899788
1306.899789
1306.899788
1306.899789
1306.899788
1306.899789
1306.899788
1306.899789
1306.899788
1306.899789
1306.899788
1306.899789
1230.045278
1230.045281
1230.045278
1230.045281
1230.045278
1230.045281
1230.045278
1230.045281
1230.045278
1230.045281
1230.045278
1230.045281
1230.045278
1230.045281
1230.045278
1230.045281
1230.045278
1230.045281
1230.045278
1230.045281
1230.045278
1230.045281
1230.045278
1230.045281
1230.045278
1230.045281
1230.045278
1230.045281
1230.045278
1230.045281
1162.173761
1162.173769
1162.173761
1162.173769
1162.173761
1162.173769
1162.173761
1162.173769
1162.173761
1162.173769
1162.173761
1162.173769
1162.173761
1162.173769
1162.173761
1162.173769
1162.173761
1162.173769
1162.173761
1162.173769
1162.173761
1162.173769
1162.173761
1162.173769
1162.173761
1162.173769
1162.173761
1162.173769
1162.173761
1162.173769
1101.405072
1101.405094
1101.405072
1101.405094
1101.405072
1101.405094
1101.405072
1101.405094
1101.405072
1101.405094
1101.405072
1101.405094
1101.405072
1101.405094
1101.405072
1101.405094
1101.405072
1101.405094
1101.405072
1101.405094
1101.405072
1101.405094
1101.405072
1101.405094
1101.405072
1101.405094
1101.405072
1101.405094
1101.405072
1101.405094
1046.393409
1046.393460
1046.393409
1046.393460
1046.393409
1046.393460
1046.393409
1046.393460
1046.393409
1046.393460
1046.393409
1046.393460
1046.393409
1046.393460
1046.393409
1046.393460
1046.393409
1046.393460
1046.393409
1046.393460
1046.393409
1046.393460
1046.393409
1046.393460
1046.393409
1046.393460
1046.393409
1046.393460
1046.393409
1046.393460
996.142352
996.142466
996.142352
996.142466
996.142352
996.142466
996.142352
996.142466
996.142352
996.142466
996.142352
996.142466
996.142352
996.142466
996.142352
996.142466
996.142352
996.142466
996.142352
996.142466
996.142352
996.142466
996.142352
996.142466
996.142352
996.142466
996.142352
996.142466
996.142352
996.142466
949.893559
949.893796
949.893559
949.893796
949.893559
949.893796
949.893559
949.893796
949.893559
949.893796
949.893559
949.893796
949.893559
949.893796
949.893559
949.893796
949.893559
949.893796
949.893559
949.893796
949.893559
949.893796
949.893559
949.893796
949.893559
949.893796
949.893559
949.893796
949.893559
949.893796
907.056504
907.056973
907.056504
907.056973
907.056504
907.056973
907.056504
907.056973
907.056504
907.056973
907.056504
907.056973
907.056504
907.056973
907.056504
907.056973
907.056504
907.056973
907.056504
907.056973
907.056504
907.056973
907.056504
907.056973
907.056504
907.056973
907.056504
907.056973
907.056504
907.056973
867.162351
867.163238
867.162351
867.163238
867.162351
867.163238
867.162351
867.163238
867.162351
867.163238
867.162351
867.163238
867.162351
867.163238
867.162351
867.163238
867.162351
867.163238
867.162351
867.163238
867.162351
867.163238
867.162351
867.163238
867.162351
867.163238
867.162351
867.163238
867.162351
867.163238
829.832655
829.834268
829.832655
829.834268
829.832655
829.834268
829.832655
829.834268
829.832655
829.834268
829.832655
829.834268
829.832655
829.834268
829.832655
829.834268
829.832655
829.834268
829.832655
829.834268
829.832655
829.834268
829.832655
829.834268
829.832655
829.834268
829.832655
829.834268
829.832655
829.834268
794.757505
794.760336
794.757505
794.760336
794.757505
794.760336
794.757505
794.760336
794.757505
794.760336
794.757505
794.760336
794.757505
794.760336
794.757505
794.760336
794.757505
794.760336
794.757505
794.760336
794.757505
794.760336
794.757505
794.760336
794.757505
794.760336
794.757505
794.760336
794.757505
794.760336
761.679887
761.684705
761.679887
761.684705
761.679887
761.684705
761.679887
761.684705
761.679887
761.684705
761.679887
761.684705
761.679887
761.684705
761.679887
761.684705
761.679887
761.684705
761.679887
761.684705
761.679887
761.684705
761.679887
761.684705
761.679887
761.684705
761.679887
761.684705
761.679887
761.684705
730.384258
730.392231
730.384258
730.392231
730.384258
730.392231
730.384258
730.392231
730.384258
730.392231
730.384258
730.392231
730.384258
730.392231
730.384258
730.392231
730.384258
730.392231
730.384258
730.392231
730.384258
730.392231
730.384258
730.392231
730.384258
730.392231
730.384258
730.392231
730.384258
730.392231
700.688022
700.700891
700.688022
700.700891
700.688022
700.700891
700.688022
700.700891
700.688022
700.700891
700.688022
700.700891
700.688022
700.700891
700.688022
700.700891
700.688022
700.700891
700.688022
700.700891
700.688022
700.700891
700.688022
700.700891
700.688022
700.700891
700.688022
700.700891
700.688022
700.700891
672.435080
672.455383
672.435080
672.455383
672.435080
672.455383
672.435080
672.455383
672.435080
672.455383
672.435080
672.455383
672.435080
672.455383
672.435080
672.455383
672.435080
672.455383
672.435080
672.455383
672.435080
672.455383
672.435080
672.455383
672.435080
672.455383
672.435080
672.455383
672.435080
672.455383
645.490849
645.522225
645.490849
645.522225
645.490849
645.522225
645.490849
645.522225
645.490849
645.522225
645.490849
645.522225
645.490849
645.522225
645.490849
645.522225
645.490849
645.522225
645.490849
645.522225
645.490849
645.522225
645.490849
645.522225
645.490849
645.522225
645.490849
645.522225
645.490849
645.522225
619.738378
619.785961
619.738378
619.785961
619.738378
619.785961
619.738378
619.785961
619.738379
619.785961
619.738379
619.785961
619.738379
619.785961
619.738379
619.785961
619.738379
619.785961
619.738379
619.785961
619.738379
619.785961
619.738379
619.785961
619.738379
619.785961
619.738379
619.785961
619.738378
619.785961
595.075263
595.146184
595.075263
595.146184
595.075263
595.146184
595.075263
595.146184
595.075263
595.146184
595.075263
595.146184
595.075263
595.146184
595.075263
595.146184
595.075263
595.146184
595.075263
595.146184
595.075263
595.146184
595.075263
595.146184
595.075263
595.146184
595.075263
595.146184
595.075263
595.146184
571.411165
571.515200
571.411165
571.515200
571.411165
571.515200
571.411165
571.515200
571.411165
571.515200
571.411165
571.515200
571.411165
571.515200
571.411165
571.515200
571.411165
571.515200
571.411165
571.515200
571.411165
571.515200
571.411165
571.515200
571.411165
571.515200
571.411165
571.515200
571.411165
571.515200
548.665790
548.816169
548.665790
548.816169
548.665790
548.816169
548.665790
548.816169
548.665790
548.816169
548.665790
548.816169
548.665790
548.816169
548.665790
548.816169
548.665790
548.816169
548.665790
548.816169
548.665790
548.816169
548.665790
548.816169
548.665790
548.816169
548.665790
548.816169
548.665790
548.816169
526.767213
526.981636
526.767213
526.981636
526.767213
526.981636
526.767213
526.981636
526.767213
526.981636
526.767213
526.981636
526.767213
526.981636
526.767213
526.981636
526.767213
526.981636
526.767213
526.981636
526.767213
526.981636
526.767213
526.981636
526.767213
526.981636
526.767213
526.981636
526.767213
526.981636
505.650466
505.952361
505.650466
505.952361
505.650466
505.952361
505.650466
505.952361
505.650466
505.952361
505.650466
505.952361
505.650466
505.952361
505.650466
505.952361
505.650466
505.952361
505.650466
505.952361
505.650466
505.952361
505.650466
505.952361
505.650466
505.952361
505.650466
505.952361
505.650466
505.952361
485.256336
485.676401
485.256336
485.676401
485.256336
485.676401
485.256336
485.676401
485.256336
485.676401
485.256336
485.676401
485.256336
485.676401
485.256336
485.676401
485.256336
485.676401
485.256336
485.676401
485.256336
485.676401
485.256336
485.676401
485.256336
485.676401
485.256336
485.676401
485.256336
485.676401
465.530308
466.108395
465.530308
466.108395
465.530308
466.108395
465.530308
466.108395
465.530308
466.108395
465.530308
466.108395
465.530308
466.108395
465.530308
466.108395
465.530308
466.108395
465.530308
466.108395
465.530308
466.108395
465.530308
466.108395
465.530308
466.108395
465.530308
466.108395
465.530308
466.108395
446.421627
447.209027
446.421627
447.209027
446.421627
447.209027
446.421627
447.209027
446.421627
447.209027
446.421627
447.209027
446.421627
447.209027
446.421627
447.209027
446.421627
447.209027
446.421627
447.209027
446.421627
447.209027
446.421627
447.209027
446.421627
447.209027
446.421627
447.209027
446.421627
447.209027
427.882450
428.944637
427.882450
428.944637
427.882450
428.944637
427.882450
428.944637
427.882450
428.944637
427.882450
428.944637
427.882450
428.944637
427.882450
428.944637
427.882450
428.944637
427.882450
428.944637
427.882450
428.944637
427.882450
428.944637
427.882450
428.944637
427.882450
428.944637
427.882450
428.944637
409.867040
411.286963
409.867040
411.286963
409.867040
411.286963
409.867040
411.286963
409.867040
411.286963
409.867040
411.286963
409.867040
411.286963
409.867040
411.286963
409.867040
411.286963
409.867040
411.286963
409.867040
411.286963
409.867040
411.286963
409.867040
411.286963
409.867040
411.286963
409.867040
411.286963
392.331016
394.213010
392.331016
394.213010
392.331016
394.213010
392.331016
394.213010
392.331016
394.213010
392.331016
394.213010
392.331016
394.213010
392.331016
394.213010
392.331016
394.213010
392.331016
394.213010
392.331016
394.213010
392.331016
394.213010
392.331016
394.213010
392.331016
394.213010
392.331016
394.213010
375.230604
377.705019
375.230604
377.705019
375.230604
377.705019
375.230604
377.705019
375.230604
377.705019
375.230604
377.705019
375.230604
377.705019
375.230604
377.705019
375.230604
377.705019
375.230604
377.705019
375.230604
377.705019
375.230604
377.705019
375.230604
377.705019
375.230604
377.705019
375.230604
377.705019
358.521899
361.750557
358.521899
361.750557
358.521899
361.750557
358.521899
361.750557
358.521899
361.750557
358.521899
361.750557
358.521899
361.750557
358.521899
361.750557
358.521899
361.750557
358.521899
361.750557
358.521899
361.750557
358.521899
361.750557
358.521899
361.750557
358.521899
361.750557
358.521899
361.750557
342.160110
346.342701
342.160110
346.342701
342.160110
346.342701
342.160110
346.342701
342.160110
346.342701
342.160110
346.342701
342.160110
346.342701
342.160110
346.342701
342.160110
346.342701
342.160110
346.342701
342.160110
346.342701
342.160110
346.342701
342.160110
346.342701
342.160110
346.342701
342.160110
346.342701
326.098780
331.480324
326.098780
331.480324
326.098780
331.480324
326.098780
331.480324
326.098780
331.480324
326.098780
331.480324
326.098780
331.480324
326.098780
331.480324
326.098780
331.480324
326.098780
331.480324
326.098780
331.480324
326.098780
331.480324
326.098780
331.480324
326.098780
331.480324
326.098780
331.480324
310.288964
317.168487
310.288964
317.168487
310.288964
317.168487
310.288964
317.168487
310.288964
317.168487
310.288964
317.168487
310.288964
317.168487
310.288964
317.168487
310.288964
317.168487
310.288964
317.168487
310.288964
317.168487
310.288964
317.168487
310.288964
317.168487
310.288964
317.168487
310.288964
317.168487
294.678362
303.418940
294.678362
303.418940
294.678362
303.418940
294.678362
303.418940
294.678362
303.418940
294.678362
303.418940
294.678362
303.418940
294.678362
303.418940
294.678362
303.418940
294.678362
303.418940
294.678362
303.418940
294.678362
303.418940
294.678362
303.418940
294.678362
303.418940
294.678362
303.418940
279.210379
290.250722
279.210379
290.250722
279.210379
290.250722
279.210379
290.250722
279.210379
290.250722
279.210379
290.250722
279.210379
290.250722
279.210379
290.250722
279.210379
290.250722
279.210379
290.250722
279.210379
290.250722
279.210379
290.250722
279.210379
290.250722
279.210379
290.250722
279.210379
290.250722
263.823122
277.690885
263.823122
277.690885
263.823122
277.690885
263.823122
277.690885
263.823122
277.690885
263.823122
277.690885
263.823122
277.690885
263.823122
277.690885
263.823122
277.690885
263.823122
277.690885
263.823122
277.690885
263.823122
277.690885
263.823122
277.690885
263.823122
277.690885
263.823122
277.690885
248.448299
265.775334
248.448299
265.775334
248.448299
265.775334
248.448299
265.775334
248.448299
265.775334
248.448299
265.775334
248.448299
265.775334
248.448299
265.775334
248.448299
265.775334
248.448299
265.775334
248.448299
265.775334
248.448299
265.775334
248.448299
265.775334
248.448299
265.775334
248.448299
265.775334
233.010032
254.549791
233.010032
254.549791
233.010032
254.549791
233.010032
254.549791
233.010032
254.549791
233.010032
254.549791
233.010032
254.549791
233.010032
254.549791
233.010032
254.549791
233.010032
254.549791
233.010032
254.549791
233.010032
254.549791
233.010032
254.549791
233.010032
254.549791
233.010032
254.549791
217.423551
244.070903
217.423551
244.070903
217.423551
244.070903
217.423551
244.070903
217.423551
244.070903
217.423551
244.070903
217.423551
244.070903
217.423551
244.070903
217.423551
244.070903
217.423551
244.070903
217.423551
244.070903
217.423551
244.070903
217.423551
244.070903
217.423551
244.070903
217.423551
244.070903
201.593770
234.407481
201.593770
234.407481
201.593770
234.407481
201.593770
234.407481
201.593770
234.407481
201.593770
234.407481
201.593770
234.407481
201.593770
234.407481
201.593770
234.407481
201.593770
234.407481
201.593770
234.407481
201.593770
234.407481
201.593770
234.407481
201.593770
234.407481
201.593770
234.407481
185.413728
225.641906
185.413728
225.641906
185.413728
225.641906
185.413728
225.641906
185.413728
225.641906
185.413728
225.641906
185.413728
225.641906
185.413728
225.641906
185.413728
225.641906
185.413728
225.641906
185.413728
225.641906
185.413728
225.641906
185.413728
225.641906
185.413728
225.641906
185.413728
225.641906
168.762884
217.871692
168.762884
217.871692
168.762884
217.871692
168.762884
217.871692
168.762884
217.871692
168.762884
217.871692
168.762884
217.871692
168.762884
217.871692
168.762884
217.871692
168.762884
217.871692
168.762884
217.871692
168.762884
217.871692
168.762884
217.871692
168.762884
217.871692
168.762884
217.871692
151.505246
211.211221
151.505246
211.211221
151.505246
211.211221
151.505246
211.211221
151.505246
211.211221
151.505246
211.211221
151.505246
211.211221
151.505246
211.211221
151.505246
211.211221
151.505246
211.211221
151.505246
211.211221
151.505246
211.211221
151.505246
211.211221
151.505246
211.211221
151.505246
211.211221
133.487330
205.793681
133.487330
205.793681
133.487330
205.793681
133.487330
205.793681
133.487330
205.793681
133.487330
205.793681
133.487330
205.793681
133.487330
205.793681
133.487330
205.793681
133.487330
205.793681
133.487330
205.793681
133.487330
205.793681
133.487330
205.793681
133.487330
205.793681
133.487330
205.793681
114.535927
201.773187
114.535927
201.773187
114.535927
201.773187
114.535927
201.773187
114.535927
201.773187
114.535927
201.773187
114.535927
201.773187
114.535927
201.773187
114.535927
201.773187
114.535927
201.773187
114.535927
201.773187
114.535927
201.773187
114.535927
201.773187
114.535927
201.773187
114.535927
201.773187
94.455659
199.327133
94.455659
199.327133
94.455659
199.327133
94.455659
199.327133
94.455659
199.327133
94.455659
199.327133
94.455659
199.327133
94.455659
199.327133
94.455659
199.327133
94.455659
199.327133
94.455659
199.327133
94.455659
199.327133
94.455659
199.327133
94.455659
199.327133
94.455659
199.327133
73.026326
198.658763
73.026326
198.658763
73.026326
198.658763
73.026326
198.658763
73.026326
198.658763
73.026326
198.658763
73.026326
198.658763
73.026326
198.658763
73.026326
198.658763
73.026326
198.658763
73.026326
198.658763
73.026326
198.658763
73.026326
198.658763
73.026326
198.658763
73.026326
198.658763
50.000000
200.000000
50.000000
200.000000
50.000000
200.000000
50.000000
200.000000
50.000000
200.000000
50.000000
200.000000
50.000000
200.000000
50.000000
200.000000
50.000000
200.000000
50.000000
200.000000
50.000000
200.000000
50.000000
200.000000
50.000000
200.000000
50.000000
200.000000
50.000000
200.000000
