1500.000000
1500.000000
1500.000000
1500.000000
1500.000000
1500.000000
1500.000000
1500.000000
1500.000000
1500.000000
1500.000000
1500.000000
1500.000000
1500.000000
1500.000000
1500.000000
1500.000000
1500.000000
1500.000000
1500.000000
1500.000000
1500.000000
1500.000000
1500.000000
1500.000000
1500.000000
1500.000000
1500.000000
1500.000000
1500.000000
1500.000000
1500.000000
1500.000000
1500.000000
1500.000000
1500.000000
1500.000000
1500.000000
1500.000000
1500.000000
1401.124882
1401.070330
1400.912032
1400.665525
1400.354970
1400.010759
1399.666548
1399.355993
1399.109487
1398.951188
1398.896636
1398.951188
1399.109487
1399.355993
1399.666548
1400.010759
1400.354970
1400.665525
1400.912032
1401.070330
1401.124882
1401.070330
1400.912032
1400.665525
1400.354970
1400.010759
1399.666548
1399.355993
1399.109487
1398.951188
1398.896636
1398.951188
1399.109487
1399.355993
1399.666548
1400.010759
1400.354970
1400.665525
1400.912032
1401.070330
1317.698927
1317.593057
1317.285862
1316.807524
1316.204944
1315.537090
1314.869236
1314.266657
1313.788318
1313.481123
1313.375253
1313.481123
1313.788318
1314.266657
1314.869236
1315.537090
1316.204944
1316.807524
1317.285862
1317.593057
1317.698927
1317.593057
1317.285862
1316.807524
1316.204944
1315.537090
1314.869236
1314.266657
1313.788318
1313.481123
1313.375253
1313.481123
1313.788318
1314.266657
1314.869236
1315.537090
1316.204944
1316.807524
1317.285862
1317.593057
1245.634289
1245.476379
1245.018216
1244.304888
1243.406388
1242.410631
1241.414873
1240.516374
1239.803045
1239.344882
1239.186973
1239.344882
1239.803045
1240.516374
1241.414873
1242.410631
1243.406388
1244.304888
1245.018216
1245.476379
1245.634289
1245.476379
1245.018216
1244.304888
1243.406388
1242.410631
1241.414873
1240.516374
1239.803045
1239.344882
1239.186973
1239.344882
1239.803045
1240.516374
1241.414873
1242.410631
1243.406388
1244.304888
1245.018216
1245.476379
1182.283118
1182.070482
1181.453605
1180.493332
1179.283990
1177.943883
1176.603776
1175.394434
1174.434161
1173.817284
1173.604649
1173.817284
1174.434161
1175.394434
1176.603776
1177.943883
1179.283990
1180.493332
1181.453605
1182.070482
1182.283118
1182.070482
1181.453605
1180.493332
1179.283990
1177.943883
1176.603776
1175.394434
1174.434161
1173.817284
1173.604649
1173.817284
1174.434161
1175.394434
1176.603776
1177.943883
1179.283990
1180.493332
1181.453605
1182.070482
1125.832947
1125.561826
1124.775392
1123.551464
1122.010439
1120.303027
1118.595615
1117.054590
1115.830661
1115.044227
1114.773107
1115.044227
1115.830661
1117.054590
1118.595615
1120.303027
1122.010439
1123.551464
1124.775392
1125.561826
1125.832947
1125.561826
1124.775392
1123.551464
1122.010439
1120.303027
1118.595615
1117.054590
1115.830661
1115.044227
1114.773107
1115.044227
1115.830661
1117.054590
1118.595615
1120.303027
1122.010439
1123.551464
1124.775392
1125.561826
1074.989036
1074.655026
1073.686357
1072.179286
1070.282342
1068.180976
1066.079610
1064.182666
1062.675594
1061.706925
1061.372915
1061.706925
1062.675594
1064.182666
1066.079610
1068.180976
1070.282342
1072.179286
1073.686357
1074.655026
1074.989036
1074.655026
1073.686357
1072.179286
1070.282342
1068.180976
1066.079610
1064.182666
1062.675594
1061.706925
1061.372915
1061.706925
1062.675594
1064.182666
1066.079610
1068.180976
1070.282342
1072.179286
1073.686357
1074.655026
1028.794507
1028.392779
1027.228014
1025.416579
1023.137432
1020.613279
1018.089126
1015.809978
1013.998543
1012.833778
1012.432050
1012.833778
1013.998543
1015.809978
1018.089126
1020.613279
1023.137432
1025.416579
1027.228014
1028.392779
1028.794507
1028.392779
1027.228014
1025.416579
1023.137432
1020.613279
1018.089126
1015.809978
1013.998543
1012.833778
1012.432050
1012.833778
1013.998543
1015.809978
1018.089126
1020.613279
1023.137432
1025.416579
1027.228014
1028.392779
986.522306
986.047723
984.672166
982.533992
979.845070
976.867986
973.890901
971.201980
969.063805
967.688248
967.213666
967.688248
969.063805
971.201980
973.890901
976.867986
979.845070
982.533992
984.672166
986.047723
986.522306
986.047723
984.672166
982.533992
979.845070
976.867986
973.890901
971.201980
969.063805
967.688248
967.213666
967.688248
969.063805
971.201980
973.890901
976.867986
979.845070
982.533992
984.672166
986.047723
947.607139
947.054316
945.452624
942.964508
939.837414
936.376475
932.915537
929.788442
927.300326
925.698634
925.145811
925.698634
927.300326
929.788442
932.915537
936.376475
939.837414
942.964508
945.452624
947.054316
947.607139
947.054316
945.452624
942.964508
939.837414
936.376475
932.915537
929.788442
927.300326
925.698634
925.145811
925.698634
927.300326
929.788442
932.915537
936.376475
939.837414
942.964508
945.452624
947.054316
911.600870
910.964195
909.120467
906.258570
902.664367
898.688223
894.712079
891.117876
888.255979
886.412251
885.775575
886.412251
888.255979
891.117876
894.712079
898.688223
902.664367
906.258570
909.120467
910.964195
911.600870
910.964195
909.120467
906.258570
902.664367
898.688223
894.712079
891.117876
888.255979
886.412251
885.775575
886.412251
888.255979
891.117876
894.712079
898.688223
902.664367
906.258570
909.120467
910.964195
878.142296
877.415932
875.313748
872.053701
867.963103
863.440217
858.917331
854.826733
851.566686
849.464502
848.738138
849.464502
851.566686
854.826733
858.917331
863.440217
867.963103
872.053701
875.313748
877.415932
878.142296
877.415932
875.313748
872.053701
867.963103
863.440217
858.917331
854.826733
851.566686
849.464502
848.738138
849.464502
851.566686
854.826733
858.917331
863.440217
867.963103
872.053701
875.313748
877.415932
846.936088
846.113964
843.736375
840.053334
835.436840
830.335671
825.234503
820.618008
816.934967
814.557378
813.735254
814.557378
816.934967
820.618008
825.234503
830.335671
835.436840
840.053334
843.736375
846.113964
846.936088
846.113964
843.736375
840.053334
835.436840
830.335671
825.234503
820.618008
816.934967
814.557378
813.735254
814.557378
816.934967
820.618008
825.234503
830.335671
835.436840
840.053334
843.736375
846.113964
817.737756
816.813537
814.143032
810.011702
804.839689
799.128838
793.417987
788.245974
784.114644
781.444139
780.519920
781.444139
784.114644
788.245974
793.417987
799.128838
804.839689
810.011702
814.143032
816.813537
817.737756
816.813537
814.143032
810.011702
804.839689
799.128838
793.417987
788.245974
784.114644
781.444139
780.519920
781.444139
784.114644
788.245974
793.417987
799.128838
804.839689
810.011702
814.143032
816.813537
790.342674
789.309725
786.328180
781.722813
775.965613
769.613942
763.262271
757.505070
752.899704
749.918158
748.885209
749.918158
752.899704
757.505070
763.262271
769.613942
775.965613
781.722813
786.328180
789.309725
790.342674
789.309725
786.328180
781.722813
775.965613
769.613942
763.262271
757.505070
752.899704
749.918158
748.885209
749.918158
752.899704
757.505070
763.262271
769.613942
775.965613
781.722813
786.328180
789.309725
764.577934
763.429273
760.117868
755.012250
748.640212
741.616954
734.593696
728.221659
723.116040
719.804635
718.655975
719.804635
723.116040
728.221659
734.593696
741.616954
748.640212
755.012250
760.117868
763.429273
764.577934
763.429273
760.117868
755.012250
748.640212
741.616954
734.593696
728.221659
723.116040
719.804635
718.655975
719.804635
723.116040
728.221659
734.593696
741.616954
748.640212
755.012250
760.117868
763.429273
740.296182
739.024420
735.363557
729.730978
722.714526
714.989385
707.264244
700.247791
694.615212
690.954349
689.682587
690.954349
694.615212
700.247791
707.264244
714.989385
722.714526
729.730978
735.363557
739.024420
740.296182
739.024420
735.363557
729.730978
722.714526
714.989385
707.264244
700.247791
694.615212
690.954349
689.682587
690.954349
694.615212
700.247791
707.264244
714.989385
722.714526
729.730978
735.363557
739.024420
717.370905
715.968173
711.937362
705.750589
698.060266
689.603515
681.146764
673.456441
667.269669
663.238858
661.836126
663.238858
667.269669
673.456441
681.146764
689.603515
698.060266
705.750589
711.937362
715.968173
717.370905
715.968173
711.937362
705.750589
698.060266
689.603515
681.146764
673.456441
667.269669
663.238858
661.836126
663.238858
667.269669
673.456441
681.146764
689.603515
698.060266
705.750589
711.937362
715.968173
695.692758
694.150621
689.728361
682.959598
674.566125
665.348699
656.131273
647.737800
640.969038
636.546778
635.004640
636.546778
640.969038
647.737800
656.131273
665.348699
674.566125
682.959598
689.728361
694.150621
695.692758
694.150621
689.728361
682.959598
674.566125
665.348699
656.131273
647.737800
640.969038
636.546778
635.004640
636.546778
640.969038
647.737800
656.131273
665.348699
674.566125
682.959598
689.728361
694.150621
675.166695
673.476044
668.639686
661.260535
652.134859
642.128449
632.122039
622.996363
615.617212
610.780854
609.090203
610.780854
615.617212
622.996363
632.122039
642.128449
652.134859
661.260535
668.639686
673.476044
675.166695
673.476044
668.639686
661.260535
652.134859
642.128449
632.122039
622.996363
615.617212
610.780854
609.090203
610.780854
615.617212
622.996363
632.122039
642.128449
652.134859
661.260535
668.639686
673.476044
655.709676
653.860608
648.586199
640.567622
630.680973
619.858118
609.035263
599.148615
591.130038
585.855629
584.006560
585.855629
591.130038
599.148615
609.035263
619.858118
630.680973
640.567622
648.586199
653.860608
655.709676
653.860608
648.586199
640.567622
630.680973
619.858118
609.035263
599.148615
591.130038
585.855629
584.006560
585.855629
591.130038
599.148615
609.035263
619.858118
630.680973
640.567622
648.586199
653.860608
637.248847
635.230511
629.492625
620.804908
610.128860
598.463041
586.797221
576.121173
567.433456
561.695571
559.677234
561.695571
567.433456
576.121173
586.797221
598.463041
610.128860
620.804908
629.492625
635.230511
637.248847
635.230511
629.492625
620.804908
610.128860
598.463041
586.797221
576.121173
567.433456
561.695571
559.677234
561.695571
567.433456
576.121173
586.797221
598.463041
610.128860
620.804908
629.492625
635.230511
619.720062
617.520479
611.292034
601.904757
590.411289
577.877020
565.342752
553.849283
544.462006
538.233561
536.033978
538.233561
544.462006
553.849283
565.342752
577.877020
590.411289
601.904757
611.292034
617.520479
619.720062
617.520479
611.292034
601.904757
590.411289
577.877020
565.342752
553.849283
544.462006
538.233561
536.033978
538.233561
544.462006
553.849283
565.342752
577.877020
590.411289
601.904757
611.292034
617.520479
603.066691
600.672540
593.924596
583.806607
571.468176
558.041098
544.614020
532.275589
522.157601
515.409656
513.015505
515.409656
522.157601
532.275589
544.614020
558.041098
571.468176
583.806607
593.924596
600.672540
603.066691
600.672540
593.924596
583.806607
571.468176
558.041098
544.614020
532.275589
522.157601
515.409656
513.015505
515.409656
522.157601
532.275589
544.614020
558.041098
571.468176
583.806607
593.924596
600.672540
587.238644
584.635000
577.336542
566.455946
553.245565
538.902533
524.559500
511.349119
500.468523
493.170065
490.566421
493.170065
500.468523
511.349119
524.559500
538.902533
553.245565
566.455946
577.336542
584.635000
587.238644
584.635000
577.336542
566.455946
553.245565
538.902533
524.559500
511.349119
500.468523
493.170065
490.566421
493.170065
500.468523
511.349119
524.559500
538.902533
553.245565
566.455946
577.336542
584.635000
572.191578
569.361599
561.479310
549.803463
535.694782
520.413956
505.133130
491.024448
479.348602
471.466312
468.636334
471.466312
479.348602
491.024448
505.133130
520.413956
535.694782
549.803463
561.479310
569.361599
572.191578
569.361599
561.479310
549.803463
535.694782
520.413956
505.133130
491.024448
479.348602
471.466312
468.636334
471.466312
479.348602
491.024448
505.133130
520.413956
535.694782
549.803463
561.479310
569.361599
557.886248
554.810799
546.308815
533.804339
518.771739
502.532668
486.293598
471.260998
458.756522
450.254537
447.179089
450.254537
458.756522
471.260998
486.293598
502.532668
518.771739
533.804339
546.308815
554.810799
557.886248
554.810799
546.308815
533.804339
518.771739
502.532668
486.293598
471.260998
458.756522
450.254537
447.179089
450.254537
458.756522
471.260998
486.293598
502.532668
518.771739
533.804339
546.308815
554.810799
544.287980
540.945177
531.784833
518.417647
502.436336
485.220044
468.003751
452.022440
438.655254
429.494910
426.152107
429.494910
438.655254
452.022440
468.003751
485.220044
502.436336
518.417647
531.784833
540.945177
544.287980
540.945177
531.784833
518.417647
502.436336
485.220044
468.003751
452.022440
438.655254
429.494910
426.152107
429.494910
438.655254
452.022440
468.003751
485.220044
502.436336
518.417647
531.784833
540.945177
531.366244
527.730904
517.870479
503.605851
486.651972
468.441027
450.230083
433.276203
419.011575
409.151150
405.515810
409.151150
419.011575
433.276203
450.230083
468.441027
486.651972
503.605851
517.870479
527.730904
531.366244
527.730904
517.870479
503.605851
486.651972
468.441027
450.230083
433.276203
419.011575
409.151150
405.515810
409.151150
419.011575
433.276203
450.230083
468.441027
486.651972
503.605851
517.870479
527.730904
519.094316
515.137300
504.531750
489.334374
471.385112
452.163709
432.942305
414.993044
399.795668
389.190118
385.233102
389.190118
399.795668
414.993044
432.942305
452.163709
471.385112
489.334374
504.531750
515.137300
519.094316
515.137300
504.531750
489.334374
471.385112
452.163709
432.942305
414.993044
399.795668
389.190118
385.233102
389.190118
399.795668
414.993044
432.942305
452.163709
471.385112
489.334374
504.531750
515.137300
507.449015
503.136433
491.737132
475.571235
456.604942
436.358958
416.112974
397.146680
380.980784
369.581483
365.268901
369.581483
380.980784
397.146680
416.112974
436.358958
456.604942
475.571235
491.737132
503.136433
507.449015
503.136433
491.737132
475.571235
456.604942
436.358958
416.112974
397.146680
380.980784
369.581483
365.268901
369.581483
380.980784
397.146680
416.112974
436.358958
456.604942
475.571235
491.737132
503.136433
496.410513
491.702766
479.457261
462.286739
442.283049
421.000109
399.717169
379.713479
362.542957
350.297452
345.589705
350.297452
362.542957
379.713479
399.717169
421.000109
442.283049
462.286739
479.457261
491.702766
496.410513
491.702766
479.457261
462.286739
442.283049
421.000109
399.717169
379.713479
362.542957
350.297452
345.589705
350.297452
362.542957
379.713479
399.717169
421.000109
442.283049
462.286739
479.457261
491.702766
485.962199
480.812833
467.664619
449.453208
428.393170
406.062692
383.732214
362.672176
344.460765
331.312551
326.163185
331.312551
344.460765
362.672176
383.732214
406.062692
428.393170
449.453208
467.664619
480.812833
485.962199
480.812833
467.664619
449.453208
428.393170
406.062692
383.732214
362.672176
344.460765
331.312551
326.163185
331.312551
344.460765
362.672176
383.732214
406.062692
428.393170
449.453208
467.664619
480.812833
476.090614
470.444944
456.333270
437.044753
414.910960
391.524197
368.137434
346.003641
326.715124
312.603451
306.957780
312.603451
326.715124
346.003641
368.137434
391.524197
414.910960
437.044753
456.333270
470.444944
476.090614
470.444944
456.333270
437.044753
414.910960
391.524197
368.137434
346.003641
326.715124
312.603451
306.957780
312.603451
326.715124
346.003641
368.137434
391.524197
414.910960
437.044753
456.333270
470.444944
466.785432
460.578890
445.438624
425.037084
401.813802
377.363871
352.913940
329.690658
309.289118
294.148852
287.942310
294.148852
309.289118
329.690658
352.913940
377.363871
401.813802
425.037084
445.438624
460.578890
466.785432
460.578890
445.438624
425.037084
401.813802
377.363871
352.913940
329.690658
309.289118
294.148852
287.942310
294.148852
309.289118
329.690658
352.913940
377.363871
401.813802
425.037084
445.438624
460.578890
458.039502
451.195675
434.957231
413.407338
389.080638
363.562539
338.044441
313.717740
292.167848
275.929403
269.085577
275.929403
292.167848
313.717740
338.044441
363.562539
389.080638
413.407338
434.957231
451.195675
458.039502
451.195675
434.957231
413.407338
389.080638
363.562539
338.044441
313.717740
292.167848
275.929403
269.085577
275.929403
292.167848
313.717740
338.044441
363.562539
389.080638
413.407338
434.957231
451.195675
449.848951
442.277230
424.866593
402.133941
376.691823
350.102449
323.513075
298.070957
275.338305
257.927668
250.355947
257.927668
275.338305
298.070957
323.513075
350.102449
376.691823
402.133941
424.866593
442.277230
449.848951
442.277230
424.866593
402.133941
376.691823
350.102449
323.513075
298.070957
275.338305
257.927668
250.355947
257.927668
275.338305
298.070957
323.513075
350.102449
376.691823
402.133941
424.866593
442.277230
442.213343
433.806129
415.145004
391.196487
364.629004
336.967133
309.305262
282.737780
258.789263
240.128138
231.720923
240.128138
258.789263
282.737780
309.305262
336.967133
364.629004
391.196487
415.145004
433.806129
442.213343
433.806129
415.145004
391.196487
364.629004
336.967133
309.305262
282.737780
258.789263
240.128138
231.720923
240.128138
258.789263
282.737780
309.305262
336.967133
364.629004
391.196487
415.145004
433.806129
435.135901
425.765287
405.771406
380.575639
352.875008
324.141288
295.407568
267.706937
242.511170
222.517290
213.146675
222.517290
242.511170
267.706937
295.407568
324.141288
352.875008
380.575639
405.771406
425.765287
435.135901
425.765287
405.771406
380.575639
352.875008
324.141288
295.407568
267.706937
242.511170
222.517290
213.146675
222.517290
242.511170
267.706937
295.407568
324.141288
352.875008
380.575639
405.771406
425.765287
428.623797
418.137642
396.725269
370.253048
341.413748
311.610667
281.807587
252.968287
226.496065
205.083693
194.597538
205.083693
226.496065
252.968287
281.807587
311.610667
341.413748
370.253048
396.725269
418.137642
428.623797
418.137642
396.725269
370.253048
341.413748
311.610667
281.807587
252.968287
226.496065
205.083693
194.597538
205.083693
226.496065
252.968287
281.807587
311.610667
341.413748
370.253048
396.725269
418.137642
422.688515
410.905797
387.986486
360.211282
330.230140
299.361985
268.493830
238.512689
210.737485
187.818173
176.035456
187.818173
210.737485
238.512689
268.493830
299.361985
330.230140
360.211282
387.986486
410.905797
422.688515
410.905797
387.986486
360.211282
330.230140
299.361985
268.493830
238.512689
210.737485
187.818173
176.035456
187.818173
210.737485
238.512689
268.493830
299.361985
330.230140
360.211282
387.986486
410.905797
417.346298
404.051639
379.535293
350.433774
319.310034
287.382834
255.455634
224.331894
195.230376
170.714029
157.419371
170.714029
195.230376
224.331894
255.455634
287.382834
319.310034
350.433774
379.535293
404.051639
417.346298
404.051639
379.535293
350.433774
319.310034
287.382834
255.455634
224.331894
195.230376
170.714029
157.419371
170.714029
195.230376
224.331894
255.455634
287.382834
319.310034
350.433774
379.535293
404.051639
412.618679
397.555897
371.352212
340.904782
308.640145
275.661607
242.683069
210.418433
179.971003
153.767317
138.704536
153.767317
179.971003
210.418433
242.683069
275.661607
308.640145
340.904782
371.352212
397.555897
412.618679
397.555897
371.352212
340.904782
308.640145
275.661607
242.683069
210.418433
179.971003
153.767317
138.704536
153.767317
179.971003
210.418433
242.683069
275.661607
308.640145
340.904782
371.352212
397.555897
408.533111
391.397659
363.418016
331.609353
298.208003
264.187432
230.166862
196.765512
164.956848
136.977206
119.841753
136.977206
164.956848
196.765512
230.166862
264.187432
298.208003
331.609353
363.418016
391.397659
408.533111
391.397659
363.418016
331.609353
298.208003
264.187432
230.166862
196.765512
164.956848
136.977206
119.841753
136.977206
164.956848
196.765512
230.166862
264.187432
298.208003
331.609353
363.418016
391.397659
405.123710
385.553810
355.713724
322.533307
288.001896
252.950109
217.898323
183.366912
150.186495
120.346409
100.776509
120.346409
150.186495
183.366912
217.898323
252.950109
288.001896
322.533307
355.713724
385.553810
405.123710
385.553810
355.713724
322.533307
288.001896
252.950109
217.898323
183.366912
150.186495
120.346409
100.776509
120.346409
150.186495
183.366912
217.898323
252.950109
288.001896
322.533307
355.713724
385.553810
402.432112
379.998408
348.220624
313.663217
278.010832
241.940058
205.869285
170.216899
135.659492
103.881708
81.448004
103.881708
135.659492
170.216899
205.869285
241.940058
278.010832
313.663217
348.220624
379.998408
402.432112
379.998408
348.220624
313.663217
278.010832
241.940058
205.869285
170.216899
135.659492
103.881708
81.448004
103.881708
135.659492
170.216899
205.869285
241.940058
278.010832
313.663217
348.220624
379.998408
400.508475
374.701958
340.920336
304.986406
268.224491
231.148268
194.072044
157.310129
121.376199
87.594578
61.788061
87.594578
121.376199
157.310129
194.072044
231.148268
268.224491
304.986406
340.920336
374.701958
400.508475
374.701958
340.920336
304.986406
268.224491
231.148268
194.072044
157.310129
121.376199
87.594578
61.788061
87.594578
121.376199
157.310129
194.072044
231.148268
268.224491
304.986406
340.920336
374.701958
399.412622
369.630592
333.794915
296.490939
258.633196
220.566253
182.499310
144.641567
107.337591
71.501914
41.719884
71.501914
107.337591
144.641567
182.499310
220.566253
258.633196
296.490939
333.794915
369.630592
399.412622
369.630592
333.794915
296.490939
258.633196
220.566253
182.499310
144.641567
107.337591
71.501914
41.719884
71.501914
107.337591
144.641567
182.499310
220.566253
258.633196
296.490939
333.794915
369.630592
399.215364
364.745129
326.826996
288.165621
249.227868
210.186014
171.144161
132.206407
93.545032
55.626900
21.156665
55.626900
93.545032
132.206407
171.144161
210.186014
249.227868
288.165621
326.826996
364.745129
399.215364
364.745129
326.826996
288.165621
249.227868
210.186014
171.144161
132.206407
93.545032
55.626900
21.156665
55.626900
93.545032
132.206407
171.144161
210.186014
249.227868
288.165621
326.826996
364.745129
400.000000
360.000000
320.000000
280.000000
240.000000
200.000000
160.000000
120.000000
80.000000
40.000000
0.000000
40.000000
80.000000
120.000000
160.000000
200.000000
240.000000
280.000000
320.000000
360.000000
400.000000
360.000000
320.000000
280.000000
240.000000
200.000000
160.000000
120.000000
80.000000
40.000000
0.000000
40.000000
80.000000
120.000000
160.000000
200.000000
240.000000
280.000000
320.000000
360.000000
