1500.000000
1500.000000
1500.000000
1500.000000
1404.678842
1395.342676
1404.678842
1395.342676
1324.331115
1306.743065
1324.331115
1306.743065
1255.033609
1229.787652
1255.033609
1229.787652
1194.229359
1161.658407
1194.229359
1161.658407
1140.159190
1100.446864
1140.159190
1100.446864
1091.561035
1044.800916
1091.561035
1044.800916
1047.498706
993.727851
1047.498706
993.727851
1007.258541
946.477431
1007.258541
946.477431
970.284012
902.468938
970.284012
902.468938
936.132719
861.243727
936.132719
861.243727
904.447146
822.433288
904.447146
822.433288
874.934231
785.737111
874.934231
785.737111
847.350728
750.906948
847.350728
750.906948
821.492508
717.735375
821.492508
717.735375
797.186581
686.047327
797.186581
686.047327
774.285061
655.693709
774.285061
655.693709
752.660519
626.546511
752.660519
626.546511
732.202373
598.495026
732.202373
598.495026
712.814030
571.442869
712.814030
571.442869
694.410621
545.305616
694.410621
545.305616
676.917169
520.008912
676.917169
520.008912
660.267108
495.486933
660.267108
495.486933
644.401060
471.681137
644.401060
471.681137
629.265839
448.539226
629.265839
448.539226
614.813614
426.014298
614.813614
426.014298
601.001206
404.064130
601.001206
404.064130
587.789510
382.650577
587.789510
382.650577
575.142987
361.739067
575.142987
361.739067
563.029248
341.298170
563.029248
341.298170
551.418686
321.299230
551.418686
321.299230
540.284168
301.716050
540.284168
301.716050
529.600762
282.524622
529.600762
282.524622
519.345510
263.702885
519.345510
263.702885
509.497214
245.230528
509.497214
245.230528
500.036271
227.088807
500.036271
227.088807
490.944507
209.260391
490.944507
209.260391
482.205044
191.729223
482.205044
191.729223
473.802180
174.480397
473.802180
174.480397
465.721278
157.500057
465.721278
157.500057
457.948675
140.775295
457.948675
140.775295
450.471595
124.294073
450.471595
124.294073
443.278073
108.045142
443.278073
108.045142
436.356887
92.017977
436.356887
92.017977
429.697499
76.202720
429.697499
76.202720
423.289998
60.590119
423.289998
60.590119
417.125052
45.171484
417.125052
45.171484
411.193863
29.938643
411.193863
29.938643
405.488128
14.883900
405.488128
14.883900
400.000000
0.000000
400.000000
0.000000
