1500.000000
1500.000000
1500.000000
1500.000000
1500.000000
1500.000000
1500.000000
1500.000000
1500.000000
1500.000000
1500.000000
1500.000000
1500.000000
1500.000000
1500.000000
1500.000000
1500.000000
1500.000000
1500.000000
1500.000000
1500.000000
1500.000000
1500.000000
1500.000000
1500.000000
1500.000000
1500.000000
1500.000000
1500.000000
1500.000000
1500.000000
1500.000000
1500.000000
1500.000000
1500.000000
1500.000000
1500.000000
1500.000000
1500.000000
1500.000000
1500.000000
1500.000000
1500.000000
1500.000000
1500.000000
1500.000000
1500.000000
1500.000000
1500.000000
1500.000000
1395.477867
1395.477867
1395.477867
1395.477867
1395.477867
1395.477867
1395.477867
1395.477867
1395.477867
1395.477867
1395.477867
1395.477867
1395.477867
1395.477867
1395.477867
1395.477867
1395.477867
1395.477867
1395.477867
1395.477867
1395.477867
1395.477867
1395.477867
1395.477867
1395.477867
1395.477867
1395.477867
1395.477867
1395.477867
1395.477867
1395.477867
1395.477867
1395.477867
1395.477867
1395.477867
1395.477867
1395.477867
1395.477867
1395.477867
1395.477867
1395.477867
1395.477867
1395.477867
1395.477867
1395.477867
1395.477867
1395.477867
1395.477867
1395.477867
1395.477867
1306.899789
1306.899789
1306.899789
1306.899789
1306.899789
1306.899789
1306.899789
1306.899789
1306.899789
1306.899789
1306.899789
1306.899789
1306.899789
1306.899789
1306.899789
1306.899789
1306.899789
1306.899789
1306.899789
1306.899789
1306.899789
1306.899789
1306.899789
1306.899789
1306.899789
1306.899789
1306.899789
1306.899789
1306.899789
1306.899789
1306.899789
1306.899789
1306.899789
1306.899789
1306.899789
1306.899789
1306.899789
1306.899789
1306.899789
1306.899789
1306.899789
1306.899789
1306.899789
1306.899789
1306.899789
1306.899789
1306.899789
1306.899789
1306.899789
1306.899789
1230.045279
1230.045279
1230.045279
1230.045279
1230.045279
1230.045279
1230.045279
1230.045279
1230.045279
1230.045279
1230.045279
1230.045279
1230.045279
1230.045279
1230.045279
1230.045279
1230.045279
1230.045279
1230.045279
1230.045279
1230.045279
1230.045279
1230.045279
1230.045279
1230.045279
1230.045279
1230.045279
1230.045279
1230.045279
1230.045279
1230.045279
1230.045279
1230.045279
1230.045279
1230.045279
1230.045279
1230.045279
1230.045279
1230.045279
1230.045279
1230.045279
1230.045279
1230.045279
1230.045279
1230.045279
1230.045279
1230.045279
1230.045279
1230.045279
1230.045279
1162.173765
1162.173765
1162.173765
1162.173765
1162.173765
1162.173765
1162.173765
1162.173765
1162.173765
1162.173765
1162.173765
1162.173765
1162.173765
1162.173765
1162.173765
1162.173765
1162.173765
1162.173765
1162.173765
1162.173765
1162.173765
1162.173765
1162.173765
1162.173765
1162.173765
1162.173765
1162.173765
1162.173765
1162.173765
1162.173765
1162.173765
1162.173765
1162.173765
1162.173765
1162.173765
1162.173765
1162.173765
1162.173765
1162.173765
1162.173765
1162.173765
1162.173765
1162.173765
1162.173765
1162.173765
1162.173765
1162.173765
1162.173765
1162.173765
1162.173765
1101.405083
1101.405083
1101.405083
1101.405083
1101.405083
1101.405083
1101.405083
1101.405083
1101.405083
1101.405083
1101.405083
1101.405083
1101.405083
1101.405083
1101.405083
1101.405083
1101.405083
1101.405083
1101.405083
1101.405083
1101.405083
1101.405083
1101.405083
1101.405083
1101.405083
1101.405083
1101.405083
1101.405083
1101.405083
1101.405083
1101.405083
1101.405083
1101.405083
1101.405083
1101.405083
1101.405083
1101.405083
1101.405083
1101.405083
1101.405083
1101.405083
1101.405083
1101.405083
1101.405083
1101.405083
1101.405083
1101.405083
1101.405083
1101.405083
1101.405083
1046.393434
1046.393434
1046.393434
1046.393434
1046.393434
1046.393434
1046.393434
1046.393434
1046.393434
1046.393434
1046.393434
1046.393434
1046.393434
1046.393434
1046.393434
1046.393434
1046.393434
1046.393434
1046.393434
1046.393434
1046.393434
1046.393434
1046.393434
1046.393434
1046.393434
1046.393434
1046.393434
1046.393434
1046.393434
1046.393434
1046.393434
1046.393434
1046.393434
1046.393434
1046.393434
1046.393434
1046.393434
1046.393434
1046.393434
1046.393434
1046.393434
1046.393434
1046.393434
1046.393434
1046.393434
1046.393434
1046.393434
1046.393434
1046.393434
1046.393434
996.142409
996.142409
996.142409
996.142409
996.142409
996.142409
996.142409
996.142409
996.142409
996.142409
996.142409
996.142409
996.142409
996.142409
996.142409
996.142409
996.142409
996.142409
996.142409
996.142409
996.142409
996.142409
996.142409
996.142409
996.142409
996.142409
996.142409
996.142409
996.142409
996.142409
996.142409
996.142409
996.142409
996.142409
996.142409
996.142409
996.142409
996.142409
996.142409
996.142409
996.142409
996.142409
996.142409
996.142409
996.142409
996.142409
996.142409
996.142409
996.142409
996.142409
949.893678
949.893678
949.893678
949.893678
949.893678
949.893678
949.893678
949.893678
949.893678
949.893678
949.893678
949.893678
949.893678
949.893678
949.893678
949.893678
949.893678
949.893678
949.893678
949.893678
949.893678
949.893678
949.893678
949.893678
949.893678
949.893678
949.893678
949.893678
949.893678
949.893678
949.893678
949.893678
949.893678
949.893678
949.893678
949.893678
949.893678
949.893678
949.893678
949.893678
949.893678
949.893678
949.893678
949.893678
949.893678
949.893678
949.893678
949.893678
949.893678
949.893678
907.056738
907.056738
907.056738
907.056738
907.056738
907.056738
907.056738
907.056738
907.056738
907.056738
907.056738
907.056738
907.056738
907.056738
907.056738
907.056738
907.056738
907.056738
907.056738
907.056738
907.056738
907.056738
907.056738
907.056738
907.056738
907.056738
907.056738
907.056738
907.056738
907.056738
907.056738
907.056738
907.056738
907.056738
907.056738
907.056738
907.056738
907.056738
907.056738
907.056738
907.056738
907.056738
907.056738
907.056738
907.056738
907.056738
907.056738
907.056738
907.056738
907.056738
867.162794
867.162794
867.162794
867.162794
867.162794
867.162794
867.162794
867.162794
867.162794
867.162794
867.162794
867.162794
867.162794
867.162794
867.162794
867.162794
867.162794
867.162794
867.162794
867.162794
867.162794
867.162794
867.162794
867.162794
867.162794
867.162794
867.162794
867.162794
867.162794
867.162794
867.162794
867.162794
867.162794
867.162794
867.162794
867.162794
867.162794
867.162794
867.162794
867.162794
867.162794
867.162794
867.162794
867.162794
867.162794
867.162794
867.162794
867.162794
867.162794
867.162794
829.833461
829.833462
829.833461
829.833462
829.833461
829.833462
829.833461
829.833462
829.833461
829.833462
829.833461
829.833462
829.833461
829.833462
829.833461
829.833462
829.833461
829.833462
829.833461
829.833462
829.833461
829.833462
829.833461
829.833462
829.833461
829.833462
829.833461
829.833462
829.833461
829.833462
829.833461
829.833462
829.833461
829.833462
829.833461
829.833462
829.833461
829.833462
829.833461
829.833462
829.833461
829.833462
829.833461
829.833462
829.833461
829.833462
829.833461
829.833462
829.833461
829.833462
794.758919
794.758921
794.758919
794.758921
794.758919
794.758921
794.758919
794.758921
794.758919
794.758921
794.758919
794.758921
794.758919
794.758921
794.758919
794.758921
794.758919
794.758921
794.758919
794.758921
794.758919
794.758921
794.758919
794.758921
794.758919
794.758921
794.758919
794.758921
794.758919
794.758921
794.758919
794.758921
794.758919
794.758921
794.758919
794.758921
794.758919
794.758921
794.758919
794.758921
794.758919
794.758921
794.758919
794.758921
794.758919
794.758921
794.758919
794.758921
794.758919
794.758921
761.682293
761.682299
761.682293
761.682299
761.682293
761.682299
761.682293
761.682299
761.682293
761.682299
761.682293
761.682299
761.682293
761.682299
761.682293
761.682299
761.682293
761.682299
761.682293
761.682299
761.682293
761.682299
761.682293
761.682299
761.682293
761.682299
761.682293
761.682299
761.682293
761.682299
761.682293
761.682299
761.682293
761.682299
761.682293
761.682299
761.682293
761.682299
761.682293
761.682299
761.682293
761.682299
761.682293
761.682299
761.682293
761.682299
761.682293
761.682299
761.682293
761.682299
730.388238
730.388250
730.388238
730.388250
730.388238
730.388250
730.388238
730.388250
730.388238
730.388250
730.388238
730.388250
730.388238
730.388250
730.388238
730.388250
730.388238
730.388250
730.388238
730.388250
730.388238
730.388250
730.388238
730.388250
730.388238
730.388250
730.388238
730.388250
730.388238
730.388250
730.388238
730.388250
730.388238
730.388250
730.388238
730.388250
730.388238
730.388250
730.388238
730.388250
730.388238
730.388250
730.388238
730.388250
730.388238
730.388250
730.388238
730.388250
730.388238
730.388250
700.694443
700.694470
700.694443
700.694470
700.694443
700.694470
700.694443
700.694470
700.694443
700.694470
700.694443
700.694470
700.694443
700.694470
700.694443
700.694470
700.694443
700.694470
700.694443
700.694470
700.694443
700.694470
700.694443
700.694470
700.694443
700.694470
700.694443
700.694470
700.694443
700.694470
700.694443
700.694470
700.694443
700.694470
700.694443
700.694470
700.694443
700.694470
700.694443
700.694470
700.694443
700.694470
700.694443
700.694470
700.694443
700.694470
700.694443
700.694470
700.694443
700.694470
672.445202
672.445260
672.445202
672.445260
672.445202
672.445260
672.445202
672.445260
672.445202
672.445260
672.445202
672.445260
672.445202
672.445260
672.445202
672.445260
672.445202
672.445260
672.445202
672.445260
672.445202
672.445260
672.445202
672.445260
672.445202
672.445260
672.445202
672.445260
672.445202
672.445260
672.445202
672.445260
672.445202
672.445260
672.445202
672.445260
672.445202
672.445260
672.445202
672.445260
672.445202
672.445260
672.445202
672.445260
672.445202
672.445260
672.445202
672.445260
672.445202
672.445260
645.506478
645.506597
645.506478
645.506597
645.506478
645.506597
645.506478
645.506597
645.506478
645.506597
645.506478
645.506597
645.506478
645.506597
645.506478
645.506597
645.506478
645.506597
645.506478
645.506597
645.506478
645.506597
645.506478
645.506597
645.506478
645.506597
645.506478
645.506597
645.506478
645.506597
645.506478
645.506597
645.506478
645.506597
645.506478
645.506597
645.506478
645.506597
645.506478
645.506597
645.506478
645.506597
645.506478
645.506597
645.506478
645.506597
645.506478
645.506597
645.506478
645.506597
619.762051
619.762288
619.762051
619.762288
619.762051
619.762288
619.762051
619.762288
619.762051
619.762288
619.762051
619.762288
619.762051
619.762288
619.762051
619.762288
619.762051
619.762288
619.762051
619.762288
619.762051
619.762288
619.762051
619.762288
619.762051
619.762288
619.762051
619.762288
619.762051
619.762288
619.762051
619.762288
619.762051
619.762288
619.762051
619.762288
619.762051
619.762288
619.762051
619.762288
619.762051
619.762288
619.762051
619.762288
619.762051
619.762288
619.762051
619.762288
619.762051
619.762288
595.110495
595.110952
595.110495
595.110952
595.110495
595.110952
595.110495
595.110952
595.110495
595.110952
595.110495
595.110952
595.110495
595.110952
595.110495
595.110952
595.110495
595.110952
595.110495
595.110952
595.110495
595.110952
595.110495
595.110952
595.110495
595.110952
595.110495
595.110952
595.110495
595.110952
595.110495
595.110952
595.110495
595.110952
595.110495
595.110952
595.110495
595.110952
595.110495
595.110952
595.110495
595.110952
595.110495
595.110952
595.110495
595.110952
595.110495
595.110952
595.110495
595.110952
571.462752
571.463612
571.462752
571.463612
571.462752
571.463612
571.462752
571.463612
571.462752
571.463612
571.462752
571.463612
571.462752
571.463612
571.462752
571.463612
571.462752
571.463612
571.462752
571.463612
571.462752
571.463612
571.462752
571.463612
571.462752
571.463612
571.462752
571.463612
571.462752
571.463612
571.462752
571.463612
571.462752
571.463612
571.462752
571.463612
571.462752
571.463612
571.462752
571.463612
571.462752
571.463612
571.462752
571.463612
571.462752
571.463612
571.462752
571.463612
571.462752
571.463612
548.740188
548.741771
548.740188
548.741771
548.740188
548.741771
548.740188
548.741771
548.740188
548.741771
548.740188
548.741771
548.740188
548.741771
548.740188
548.741771
548.740188
548.741771
548.740188
548.741771
548.740188
548.741771
548.740188
548.741771
548.740188
548.741771
548.740188
548.741771
548.740188
548.741771
548.740188
548.741771
548.740188
548.741771
548.740188
548.741771
548.740188
548.741771
548.740188
548.741771
548.740188
548.741771
548.740188
548.741771
548.740188
548.741771
548.740188
548.741771
548.740188
548.741771
526.873002
526.875847
526.873002
526.875847
526.873002
526.875847
526.873002
526.875847
526.873002
526.875847
526.873002
526.875847
526.873002
526.875847
526.873002
526.875847
526.873002
526.875847
526.873002
526.875847
526.873002
526.875847
526.873002
526.875847
526.873002
526.875847
526.873002
526.875847
526.873002
526.875847
526.873002
526.875847
526.873002
526.875847
526.873002
526.875847
526.873002
526.875847
526.873002
526.875847
526.873002
526.875847
526.873002
526.875847
526.873002
526.875847
526.873002
526.875847
526.873002
526.875847
505.798908
505.803920
505.798908
505.803920
505.798908
505.803920
505.798908
505.803920
505.798908
505.803920
505.798908
505.803920
505.798908
505.803920
505.798908
505.803920
505.798908
505.803920
505.798908
505.803920
505.798908
505.803920
505.798908
505.803920
505.798908
505.803920
505.798908
505.803920
505.798908
505.803920
505.798908
505.803920
505.798908
505.803920
505.798908
505.803920
505.798908
505.803920
505.798908
505.803920
505.798908
505.803920
505.798908
505.803920
505.798908
505.803920
505.798908
505.803920
505.798908
505.803920
485.462039
485.470698
485.462039
485.470698
485.462039
485.470698
485.462039
485.470698
485.462039
485.470698
485.462039
485.470698
485.462039
485.470698
485.462039
485.470698
485.462039
485.470698
485.462039
485.470698
485.462039
485.470698
485.462039
485.470698
485.462039
485.470698
485.462039
485.470698
485.462039
485.470698
485.462039
485.470698
485.462039
485.470698
485.462039
485.470698
485.462039
485.470698
485.462039
485.470698
485.462039
485.470698
485.462039
485.470698
485.462039
485.470698
485.462039
485.470698
485.462039
485.470698
465.812004
465.826698
465.812004
465.826698
465.812004
465.826698
465.812004
465.826698
465.812004
465.826698
465.812004
465.826698
465.812004
465.826698
465.812004
465.826698
465.812004
465.826698
465.812004
465.826698
465.812004
465.826698
465.812004
465.826698
465.812004
465.826698
465.812004
465.826698
465.812004
465.826698
465.812004
465.826698
465.812004
465.826698
465.812004
465.826698
465.812004
465.826698
465.812004
465.826698
465.812004
465.826698
465.812004
465.826698
465.812004
465.826698
465.812004
465.826698
465.812004
465.826698
446.803068
446.827586
446.803068
446.827586
446.803068
446.827586
446.803068
446.827586
446.803068
446.827586
446.803068
446.827586
446.803068
446.827586
446.803068
446.827586
446.803068
446.827586
446.803068
446.827586
446.803068
446.827586
446.803068
446.827586
446.803068
446.827586
446.803068
446.827586
446.803068
446.827586
446.803068
446.827586
446.803068
446.827586
446.803068
446.827586
446.803068
446.827586
446.803068
446.827586
446.803068
446.827586
446.803068
446.827586
446.803068
446.827586
446.803068
446.827586
446.803068
446.827586
428.393409
428.433677
428.393409
428.433677
428.393409
428.433677
428.393409
428.433677
428.393409
428.433677
428.393409
428.433677
428.393409
428.433677
428.393409
428.433677
428.393409
428.433677
428.393409
428.433677
428.393409
428.433677
428.393409
428.433677
428.393409
428.433677
428.393409
428.433677
428.393409
428.433677
428.393409
428.433677
428.393409
428.433677
428.393409
428.433677
428.393409
428.433677
428.393409
428.433677
428.393409
428.433677
428.393409
428.433677
428.393409
428.433677
428.393409
428.433677
428.393409
428.433677
410.544423
410.609581
410.544423
410.609581
410.544423
410.609581
410.544423
410.609581
410.544423
410.609581
410.544423
410.609581
410.544423
410.609581
410.544423
410.609581
410.544423
410.609581
410.544423
410.609581
410.544423
410.609581
410.544423
410.609581
410.544423
410.609581
410.544423
410.609581
410.544423
410.609581
410.544423
410.609581
410.544423
410.609581
410.544423
410.609581
410.544423
410.609581
410.544423
410.609581
410.544423
410.609581
410.544423
410.609581
410.544423
410.609581
410.544423
410.609581
410.544423
410.609581
393.220031
393.323995
393.220031
393.323995
393.220031
393.323995
393.220031
393.323995
393.220031
393.323995
393.220031
393.323995
393.220031
393.323995
393.220031
393.323995
393.220031
393.323995
393.220031
393.323995
393.220031
393.323995
393.220031
393.323995
393.220031
393.323995
393.220031
393.323995
393.220031
393.323995
393.220031
393.323995
393.220031
393.323995
393.220031
393.323995
393.220031
393.323995
393.220031
393.323995
393.220031
393.323995
393.220031
393.323995
393.220031
393.323995
393.220031
393.323995
393.220031
393.323995
376.385961
376.549662
376.385961
376.549662
376.385961
376.549662
376.385961
376.549662
376.385961
376.549662
376.385961
376.549662
376.385961
376.549662
376.385961
376.549662
376.385961
376.549662
376.385961
376.549662
376.385961
376.549662
376.385961
376.549662
376.385961
376.549662
376.385961
376.549662
376.385961
376.549662
376.385961
376.549662
376.385961
376.549662
376.385961
376.549662
376.385961
376.549662
376.385961
376.549662
376.385961
376.549662
376.385961
376.549662
376.385961
376.549662
376.385961
376.549662
376.385961
376.549662
360.008949
360.263507
360.008949
360.263507
360.008949
360.263507
360.008949
360.263507
360.008949
360.263507
360.008949
360.263507
360.008949
360.263507
360.008949
360.263507
360.008949
360.263507
360.008949
360.263507
360.008949
360.263507
360.008949
360.263507
360.008949
360.263507
360.008949
360.263507
360.008949
360.263507
360.008949
360.263507
360.008949
360.263507
360.008949
360.263507
360.008949
360.263507
360.008949
360.263507
360.008949
360.263507
360.008949
360.263507
360.008949
360.263507
360.008949
360.263507
360.008949
360.263507
344.055814
344.446997
344.055814
344.446997
344.055814
344.446997
344.055814
344.446997
344.055814
344.446997
344.055814
344.446997
344.055814
344.446997
344.055814
344.446997
344.055814
344.446997
344.055814
344.446997
344.055814
344.446997
344.055814
344.446997
344.055814
344.446997
344.055814
344.446997
344.055814
344.446997
344.055814
344.446997
344.055814
344.446997
344.055814
344.446997
344.055814
344.446997
344.055814
344.446997
344.055814
344.446997
344.055814
344.446997
344.055814
344.446997
344.055814
344.446997
344.055814
344.446997
328.492340
329.086763
328.492340
329.086763
328.492340
329.086763
328.492340
329.086763
328.492340
329.086763
328.492340
329.086763
328.492340
329.086763
328.492340
329.086763
328.492340
329.086763
328.492340
329.086763
328.492340
329.086763
328.492340
329.086763
328.492340
329.086763
328.492340
329.086763
328.492340
329.086763
328.492340
329.086763
328.492340
329.086763
328.492340
329.086763
328.492340
329.086763
328.492340
329.086763
328.492340
329.086763
328.492340
329.086763
328.492340
329.086763
328.492340
329.086763
328.492340
329.086763
313.281885
314.175566
313.281885
314.175566
313.281885
314.175566
313.281885
314.175566
313.281885
314.175566
313.281885
314.175566
313.281885
314.175566
313.281885
314.175566
313.281885
314.175567
313.281885
314.175567
313.281885
314.175567
313.281885
314.175567
313.281885
314.175567
313.281885
314.175567
313.281885
314.175567
313.281885
314.175567
313.281885
314.175567
313.281885
314.175567
313.281885
314.175567
313.281885
314.175567
313.281885
314.175567
313.281885
314.175567
313.281885
314.175567
313.281885
314.175567
313.281885
314.175566
298.383624
299.713678
298.383624
299.713678
298.383624
299.713678
298.383624
299.713678
298.383624
299.713678
298.383624
299.713678
298.383624
299.713678
298.383624
299.713678
298.383624
299.713678
298.383624
299.713678
298.383624
299.713678
298.383624
299.713678
298.383624
299.713678
298.383624
299.713678
298.383624
299.713678
298.383624
299.713678
298.383624
299.713678
298.383624
299.713678
298.383624
299.713678
298.383624
299.713678
298.383624
299.713678
298.383624
299.713678
298.383624
299.713678
298.383624
299.713678
298.383624
299.713678
283.750298
285.710803
283.750298
285.710803
283.750298
285.710803
283.750298
285.710803
283.750298
285.710803
283.750298
285.710803
283.750298
285.710803
283.750298
285.710803
283.750298
285.710803
283.750298
285.710803
283.750298
285.710803
283.750298
285.710803
283.750298
285.710803
283.750298
285.710803
283.750298
285.710803
283.750298
285.710803
283.750298
285.710803
283.750298
285.710803
283.750298
285.710803
283.750298
285.710803
283.750298
285.710803
283.750298
285.710803
283.750298
285.710803
283.750298
285.710803
283.750298
285.710803
269.325325
272.188682
269.325325
272.188682
269.325325
272.188682
269.325325
272.188682
269.325325
272.188682
269.325325
272.188682
269.325325
272.188682
269.325325
272.188682
269.325325
272.188682
269.325325
272.188682
269.325325
272.188682
269.325325
272.188682
269.325325
272.188682
269.325325
272.188682
269.325325
272.188682
269.325325
272.188682
269.325325
272.188682
269.325325
272.188682
269.325325
272.188682
269.325325
272.188682
269.325325
272.188682
269.325325
272.188682
269.325325
272.188682
269.325325
272.188682
269.325325
272.188682
255.039069
259.184564
255.039069
259.184564
255.039069
259.184564
255.039069
259.184564
255.039069
259.184564
255.039069
259.184564
255.039069
259.184564
255.039069
259.184564
255.039069
259.184564
255.039069
259.184564
255.039069
259.184564
255.039069
259.184564
255.039069
259.184564
255.039069
259.184564
255.039069
259.184564
255.039069
259.184564
255.039069
259.184564
255.039069
259.184564
255.039069
259.184564
255.039069
259.184564
255.039069
259.184564
255.039069
259.184564
255.039069
259.184564
255.039069
259.184564
255.039069
259.184564
240.804056
246.755767
240.804056
246.755767
240.804056
246.755767
240.804056
246.755767
240.804056
246.755767
240.804056
246.755767
240.804056
246.755767
240.804056
246.755767
240.804056
246.755767
240.804056
246.755767
240.804056
246.755767
240.804056
246.755767
240.804056
246.755767
240.804056
246.755767
240.804056
246.755767
240.804056
246.755767
240.804056
246.755767
240.804056
246.755767
240.804056
246.755767
240.804056
246.755767
240.804056
246.755767
240.804056
246.755767
240.804056
246.755767
240.804056
246.755767
240.804056
246.755767
226.508826
234.985628
226.508826
234.985628
226.508826
234.985628
226.508826
234.985628
226.508826
234.985628
226.508826
234.985628
226.508826
234.985628
226.508826
234.985628
226.508826
234.985628
226.508826
234.985628
226.508826
234.985628
226.508826
234.985628
226.508826
234.985628
226.508826
234.985628
226.508826
234.985628
226.508826
234.985628
226.508826
234.985628
226.508826
234.985628
226.508826
234.985628
226.508826
234.985628
226.508826
234.985628
226.508826
234.985628
226.508826
234.985628
226.508826
234.985628
226.508826
234.985628
212.010073
223.991178
212.010073
223.991178
212.010073
223.991178
212.010073
223.991178
212.010073
223.991178
212.010073
223.991178
212.010073
223.991178
212.010073
223.991178
212.010073
223.991178
212.010073
223.991178
212.010073
223.991178
212.010073
223.991178
212.010073
223.991178
212.010073
223.991178
212.010073
223.991178
212.010073
223.991178
212.010073
223.991178
212.010073
223.991178
212.010073
223.991178
212.010073
223.991178
212.010073
223.991178
212.010073
223.991178
212.010073
223.991178
212.010073
223.991178
212.010073
223.991178
197.122642
213.932992
197.122642
213.932992
197.122642
213.932992
197.122642
213.932992
197.122642
213.932992
197.122642
213.932992
197.122642
213.932992
197.122642
213.932992
197.122642
213.932992
197.122642
213.932992
197.122642
213.932992
197.122642
213.932992
197.122642
213.932992
197.122642
213.932992
197.122642
213.932992
197.122642
213.932992
197.122642
213.932992
197.122642
213.932992
197.122642
213.932992
197.122642
213.932992
197.122642
213.932992
197.122642
213.932992
197.122642
213.932992
197.122642
213.932992
197.122642
213.932992
181.606843
205.027732
181.606843
205.027732
181.606843
205.027732
181.606843
205.027732
181.606843
205.027732
181.606843
205.027732
181.606843
205.027732
181.606843
205.027732
181.606843
205.027732
181.606843
205.027732
181.606843
205.027732
181.606843
205.027732
181.606843
205.027732
181.606843
205.027732
181.606843
205.027732
181.606843
205.027732
181.606843
205.027732
181.606843
205.027732
181.606843
205.027732
181.606843
205.027732
181.606843
205.027732
181.606843
205.027732
181.606843
205.027732
181.606843
205.027732
181.606843
205.027732
165.152431
197.564036
165.152431
197.564036
165.152431
197.564036
165.152431
197.564036
165.152431
197.564036
165.152431
197.564036
165.152431
197.564036
165.152431
197.564036
165.152431
197.564036
165.152431
197.564036
165.152431
197.564036
165.152431
197.564036
165.152431
197.564036
165.152431
197.564036
165.152431
197.564036
165.152431
197.564036
165.152431
197.564036
165.152431
197.564036
165.152431
197.564036
165.152431
197.564036
165.152431
197.564036
165.152431
197.564036
165.152431
197.564036
165.152431
197.564036
165.152431
197.564036
147.358483
191.922528
147.358483
191.922528
147.358483
191.922528
147.358483
191.922528
147.358483
191.922528
147.358483
191.922528
147.358483
191.922528
147.358483
191.922528
147.358483
191.922528
147.358483
191.922528
147.358483
191.922528
147.358483
191.922528
147.358483
191.922528
147.358483
191.922528
147.358483
191.922528
147.358483
191.922528
147.358483
191.922528
147.358483
191.922528
147.358483
191.922528
147.358483
191.922528
147.358483
191.922528
147.358483
191.922528
147.358483
191.922528
147.358483
191.922528
147.358483
191.922528
127.708208
188.600906
127.708208
188.600906
127.708208
188.600906
127.708208
188.600906
127.708208
188.600906
127.708208
188.600906
127.708208
188.600906
127.708208
188.600906
127.708208
188.600906
127.708208
188.600906
127.708208
188.600906
127.708208
188.600906
127.708208
188.600906
127.708208
188.600906
127.708208
188.600906
127.708208
188.600906
127.708208
188.600906
127.708208
188.600906
127.708208
188.600906
127.708208
188.600906
127.708208
188.600906
127.708208
188.600906
127.708208
188.600906
127.708208
188.600906
127.708208
188.600906
105.537568
188.245225
105.537568
188.245225
105.537568
188.245225
105.537568
188.245225
105.537568
188.245225
105.537568
188.245225
105.537568
188.245225
105.537568
188.245225
105.537568
188.245225
105.537568
188.245225
105.537568
188.245225
105.537568
188.245225
105.537568
188.245225
105.537568
188.245225
105.537568
188.245225
105.537568
188.245225
105.537568
188.245225
105.537568
188.245225
105.537568
188.245225
105.537568
188.245225
105.537568
188.245225
105.537568
188.245225
105.537568
188.245225
105.537568
188.245225
105.537568
188.245225
79.996339
191.688751
79.996339
191.688751
79.996339
191.688751
79.996339
191.688751
79.996339
191.688751
79.996339
191.688751
79.996339
191.688751
79.996339
191.688751
79.996339
191.688751
79.996339
191.688751
79.996339
191.688751
79.996339
191.688751
79.996339
191.688751
79.996339
191.688751
79.996339
191.688751
79.996339
191.688751
79.996339
191.688751
79.996339
191.688751
79.996339
191.688751
79.996339
191.688751
79.996339
191.688751
79.996339
191.688751
79.996339
191.688751
79.996339
191.688751
79.996339
191.688751
50.000000
200.000000
50.000000
200.000000
50.000000
200.000000
50.000000
200.000000
50.000000
200.000000
50.000000
200.000000
50.000000
200.000000
50.000000
200.000000
50.000000
200.000000
50.000000
200.000000
50.000000
200.000000
50.000000
200.000000
50.000000
200.000000
50.000000
200.000000
50.000000
200.000000
50.000000
200.000000
50.000000
200.000000
50.000000
200.000000
50.000000
200.000000
50.000000
200.000000
50.000000
200.000000
50.000000
200.000000
50.000000
200.000000
50.000000
200.000000
50.000000
200.000000
