1500.000000
1500.000000
1500.000000
1500.000000
1500.000000
1500.000000
1500.000000
1500.000000
1394.963526
1394.242149
1393.520772
1394.242149
1394.963526
1394.242149
1393.520772
1394.242149
1306.282133
1304.894999
1303.507866
1304.894999
1306.282133
1304.894999
1303.507866
1304.894999
1229.594319
1227.549705
1225.505092
1227.549705
1229.594319
1227.549705
1225.505092
1227.549705
1162.080921
1159.363723
1156.646525
1159.363723
1162.080921
1159.363723
1156.646525
1159.363723
1101.814769
1098.397432
1094.980095
1098.397432
1101.814769
1098.397432
1094.980095
1098.397432
1047.420351
1043.268340
1039.116328
1043.268340
1047.420351
1043.268340
1039.116328
1043.268340
997.881626
992.956352
988.031079
992.956352
997.881626
992.956352
988.031079
992.956352
952.426808
946.687293
940.947777
946.687293
952.426808
946.687293
940.947777
946.687293
910.455881
903.859733
897.263586
903.859733
910.455881
903.859733
897.263586
903.859733
871.493136
863.997159
856.501182
863.997159
871.493136
863.997159
856.501182
863.997159
835.155049
826.715614
818.276179
826.715614
835.155049
826.715614
818.276179
826.715614
801.127899
791.701191
782.274483
791.701191
801.127899
791.701191
782.274483
791.701191
769.151786
758.693963
748.236140
758.693963
769.151786
758.693963
748.236140
758.693963
739.008988
727.476284
715.943581
727.476284
739.008988
727.476284
715.943581
727.476284
710.515289
697.864086
685.212884
697.864086
710.515289
697.864086
685.212884
697.864086
683.513440
669.700311
655.887181
669.700311
683.513440
669.700311
655.887181
669.700311
657.868135
642.849872
627.831609
642.849872
657.868135
642.849872
627.831609
642.849872
633.462103
617.195740
600.929376
617.195740
633.462103
617.195740
600.929376
617.195740
610.193041
592.635860
575.078679
592.635860
610.193041
592.635860
575.078679
592.635860
587.971162
569.080702
550.190242
569.080702
587.971162
569.080702
550.190242
569.080702
566.717235
546.451293
526.185351
546.451293
566.717235
546.451293
526.185351
546.451293
546.360990
524.677618
502.994246
524.677618
546.360990
524.677618
502.994246
524.677618
526.839810
503.697315
480.554821
503.697315
526.839810
503.697315
480.554821
503.697315
508.097661
483.454602
458.811542
483.454602
508.097661
483.454602
458.811542
483.454602
490.084197
463.899376
437.714556
463.899376
490.084197
463.899376
437.714556
463.899376
472.754014
444.986476
417.218938
444.986476
472.754014
444.986476
417.218938
444.986476
456.066021
426.675046
397.284071
426.675046
456.066021
426.675046
397.284071
426.675046
439.982913
408.928010
377.873106
408.928010
439.982913
408.928010
377.873106
408.928010
424.470714
391.711615
358.952517
391.711615
424.470714
391.711615
358.952517
391.711615
409.498393
374.995052
340.491710
374.995052
409.498393
374.995052
340.491710
374.995052
395.037535
358.750115
322.462695
358.750115
395.037535
358.750115
322.462695
358.750115
381.062051
342.950924
304.839797
342.950924
381.062051
342.950924
304.839797
342.950924
367.547930
327.573670
287.599410
327.573670
367.547930
327.573670
287.599410
327.573670
354.473025
312.596402
270.719779
312.596402
354.473025
312.596402
270.719779
312.596402
341.816864
297.998840
254.180816
297.998840
341.816864
297.998840
254.180816
297.998840
329.560482
283.762206
237.963929
283.762206
329.560482
283.762206
237.963929
283.762206
317.686282
269.869083
222.051885
269.869083
317.686282
269.869083
222.051885
269.869083
306.177898
256.303286
206.428673
256.303286
306.177898
256.303286
206.428673
256.303286
295.020090
243.049744
191.079399
243.049744
295.020090
243.049744
191.079399
243.049744
284.198636
230.094408
175.990179
230.094408
284.198636
230.094408
175.990179
230.094408
273.700249
217.424152
161.148054
217.424152
273.700249
217.424152
161.148054
217.424152
263.512491
205.026700
146.540909
205.026700
263.512491
205.026700
146.540909
205.026700
253.623706
192.890553
132.157400
192.890553
253.623706
192.890553
132.157400
192.890553
244.022953
181.004923
117.986894
181.004923
244.022953
181.004923
117.986894
181.004923
234.699947
169.359677
104.019407
169.359677
234.699947
169.359677
104.019407
169.359677
225.645013
157.945283
90.245554
157.945283
225.645013
157.945283
90.245554
157.945283
216.849031
146.752768
76.656504
146.752768
216.849031
146.752768
76.656504
146.752768
208.303402
135.773669
63.243936
135.773669
208.303402
135.773669
63.243936
135.773669
200.000000
125.000000
50.000000
125.000000
200.000000
125.000000
50.000000
125.000000
