1500.000000
1500.000000
1500.000000
1500.000000
1500.000000
1500.000000
1500.000000
1500.000000
1500.000000
1500.000000
703.621288
707.503530
703.621288
707.503530
703.621288
707.503530
703.621288
707.503530
703.621288
707.503530
411.072356
432.597040
411.072356
432.597040
411.072356
432.597040
411.072356
432.597040
411.072356
432.597040
216.302171
281.959576
216.302171
281.959576
216.302171
281.959576
216.302171
281.959576
216.302171
281.959576
50.000000
200.000000
50.000000
200.000000
50.000000
200.000000
50.000000
200.000000
50.000000
200.000000
