1500.000000
1500.000000
1500.000000
1500.000000
1500.000000
1500.000000
1500.000000
1500.000000
1500.000000
1500.000000
1500.000000
1500.000000
657.092474
653.643713
647.297054
643.848293
647.297054
653.643713
657.092474
653.643713
647.297054
643.848293
647.297054
653.643713
409.794836
398.292615
379.860695
368.358475
379.860695
398.292615
409.794836
398.292615
379.860695
368.358475
379.860695
398.292615
277.707226
251.633489
217.599961
191.526223
217.599961
251.633489
277.707226
251.633489
217.599961
191.526223
217.599961
251.633489
200.000000
150.000000
100.000000
50.000000
100.000000
150.000000
200.000000
150.000000
100.000000
50.000000
100.000000
150.000000
