1500.000000
1500.000000
1500.000000
1500.000000
1500.000000
1500.000000
1500.000000
1500.000000
1500.000000
1500.000000
1500.000000
1500.000000
1500.000000
1500.000000
1500.000000
697.727498
700.647755
701.689001
703.806379
703.811926
705.110165
704.541676
705.434372
704.541676
705.110165
703.811926
703.806379
701.689001
700.647755
697.727498
404.323435
419.590504
414.043282
424.425575
416.414326
425.617700
417.007844
425.866120
417.007844
425.617700
416.414326
424.425575
414.043282
419.590504
404.323435
212.406481
266.676270
225.053308
270.419261
226.453901
271.036997
226.743262
271.154919
226.743262
271.036997
226.453901
270.419261
225.053308
266.676270
212.406481
50.000000
200.000000
50.000000
200.000000
50.000000
200.000000
50.000000
200.000000
50.000000
200.000000
50.000000
200.000000
50.000000
200.000000
50.000000
