1500.000000
1500.000000
1500.000000
1500.000000
1500.000000
1500.000000
1500.000000
1500.000000
1500.000000
1500.000000
1500.000000
1500.000000
1500.000000
1500.000000
1500.000000
1500.000000
656.493426
654.657120
650.470383
646.283646
644.447340
646.283646
650.470383
654.657120
656.493426
654.657120
650.470383
646.283646
644.447340
646.283646
650.470383
654.657120
408.367355
401.856717
389.076655
376.296593
369.785955
376.296593
389.076655
401.856717
408.367355
401.856717
389.076655
376.296593
369.785955
376.296593
389.076655
401.856717
275.878420
259.278398
234.616725
209.955052
193.355029
209.955052
234.616725
259.278398
275.878420
259.278398
234.616725
209.955052
193.355029
209.955052
234.616725
259.278398
200.000000
162.500000
125.000000
87.500000
50.000000
87.500000
125.000000
162.500000
200.000000
162.500000
125.000000
87.500000
50.000000
87.500000
125.000000
162.500000
