1500.000000
1500.000000
1500.000000
1500.000000
1500.000000
1500.000000
1500.000000
1500.000000
1500.000000
1500.000000
1500.000000
1500.000000
1500.000000
1500.000000
1500.000000
1500.000000
1500.000000
1500.000000
1500.000000
1500.000000
705.452239
705.672579
705.452239
705.672579
705.452239
705.672579
705.452239
705.672579
705.452239
705.672579
705.452239
705.672579
705.452239
705.672579
705.452239
705.672579
705.452239
705.672579
705.452239
705.672579
419.839938
423.829458
419.839938
423.829458
419.839938
423.829458
419.839938
423.829458
419.839938
423.829458
419.839938
423.829458
419.839938
423.829458
419.839938
423.829458
419.839938
423.829458
419.839938
423.829458
233.610122
264.651625
233.610122
264.651625
233.610122
264.651625
233.610122
264.651625
233.610122
264.651625
233.610122
264.651625
233.610122
264.651625
233.610122
264.651625
233.610122
264.651625
233.610122
264.651625
50.000000
200.000000
50.000000
200.000000
50.000000
200.000000
50.000000
200.000000
50.000000
200.000000
50.000000
200.000000
50.000000
200.000000
50.000000
200.000000
50.000000
200.000000
50.000000
200.000000
