1500.000000
1500.000000
1500.000000
1500.000000
1500.000000
1500.000000
1500.000000
1500.000000
1500.000000
1500.000000
1500.000000
1500.000000
1500.000000
1500.000000
1500.000000
1500.000000
1500.000000
1500.000000
1500.000000
1500.000000
656.232058
655.093556
652.221318
648.719448
645.847211
644.708708
645.847211
648.719448
652.221318
655.093556
656.232058
655.093556
652.221318
648.719448
645.847211
644.708708
645.847211
648.719448
652.221318
655.093556
407.668793
403.541747
394.423975
383.729335
374.611563
370.484517
374.611563
383.729335
394.423975
403.541747
407.668793
403.541747
394.423975
383.729335
374.611563
370.484517
374.611563
383.729335
394.423975
403.541747
274.786669
263.360093
244.763019
224.470431
205.873357
194.446780
205.873357
224.470431
244.763019
263.360093
274.786669
263.360093
244.763019
224.470431
205.873357
194.446780
205.873357
224.470431
244.763019
263.360093
200.000000
170.000000
140.000000
110.000000
80.000000
50.000000
80.000000
110.000000
140.000000
170.000000
200.000000
170.000000
140.000000
110.000000
80.000000
50.000000
80.000000
110.000000
140.000000
170.000000
