1500.000000
1500.000000
1500.000000
1500.000000
1500.000000
1500.000000
1500.000000
1500.000000
1500.000000
1500.000000
1500.000000
1500.000000
1500.000000
1500.000000
1500.000000
1500.000000
1500.000000
1500.000000
1500.000000
1500.000000
1500.000000
1500.000000
1500.000000
1500.000000
656.095852
655.319879
653.251829
650.470383
647.688937
645.620888
644.844914
645.620888
647.688937
650.470383
653.251829
655.319879
656.095852
655.319879
653.251829
650.470383
647.688937
645.620888
644.844914
645.620888
647.688937
650.470383
653.251829
655.319879
407.285741
404.453739
397.702684
389.076655
380.450626
373.699571
370.867569
373.699571
380.450626
389.076655
397.702684
404.453739
407.285741
404.453739
397.702684
389.076655
380.450626
373.699571
370.867569
373.699571
380.450626
389.076655
397.702684
404.453739
274.091708
265.784029
251.274602
234.616725
217.958848
203.449421
195.141742
203.449421
217.958848
234.616725
251.274602
265.784029
274.091708
265.784029
251.274602
234.616725
217.958848
203.449421
195.141742
203.449421
217.958848
234.616725
251.274602
265.784029
200.000000
175.000000
150.000000
125.000000
100.000000
75.000000
50.000000
75.000000
100.000000
125.000000
150.000000
175.000000
200.000000
175.000000
150.000000
125.000000
100.000000
75.000000
50.000000
75.000000
100.000000
125.000000
150.000000
175.000000
