1500.000000
1500.000000
1500.000000
1500.000000
1500.000000
1500.000000
1500.000000
1500.000000
1500.000000
1500.000000
1500.000000
1500.000000
1500.000000
1500.000000
1500.000000
1500.000000
1500.000000
1500.000000
1500.000000
1500.000000
1500.000000
1500.000000
1500.000000
1500.000000
1500.000000
1500.000000
1500.000000
1500.000000
656.015928
655.452387
653.900608
651.690282
649.250485
647.040159
645.488380
644.924838
645.488380
647.040159
649.250485
651.690282
653.900608
655.452387
656.015928
655.452387
653.900608
651.690282
649.250485
647.040159
645.488380
644.924838
645.488380
647.040159
649.250485
651.690282
653.900608
655.452387
407.056315
404.997824
399.830510
392.856063
385.297247
378.322800
373.155486
371.096995
373.155486
378.322800
385.297247
392.856063
399.830510
404.997824
407.056315
404.997824
399.830510
392.856063
385.297247
378.322800
373.155486
371.096995
373.155486
378.322800
385.297247
392.856063
399.830510
404.997824
273.626615
267.334127
255.704189
241.850724
227.382725
213.529260
201.899323
195.606835
201.899323
213.529260
227.382725
241.850724
255.704189
267.334127
273.626615
267.334127
255.704189
241.850724
227.382725
213.529260
201.899323
195.606835
201.899323
213.529260
227.382725
241.850724
255.704189
267.334127
200.000000
178.571429
157.142857
135.714286
114.285714
92.857143
71.428571
50.000000
71.428571
92.857143
114.285714
135.714286
157.142857
178.571429
200.000000
178.571429
157.142857
135.714286
114.285714
92.857143
71.428571
50.000000
71.428571
92.857143
114.285714
135.714286
157.142857
178.571429
