1500.000000
1500.000000
1500.000000
1500.000000
1500.000000
1500.000000
1500.000000
1500.000000
1500.000000
1500.000000
1500.000000
1500.000000
1500.000000
1500.000000
1500.000000
1500.000000
1500.000000
1500.000000
1500.000000
1500.000000
1500.000000
1500.000000
1500.000000
1500.000000
1500.000000
1500.000000
1500.000000
1500.000000
1500.000000
1500.000000
1500.000000
1500.000000
711.460615
710.318694
707.107908
702.362957
696.808362
691.253767
686.508816
683.298031
682.156110
683.298031
686.508816
691.253767
696.808362
702.362957
707.107908
710.318694
711.460615
710.318694
707.107908
702.362957
696.808362
691.253767
686.508816
683.298031
682.156110
683.298031
686.508816
691.253767
696.808362
702.362957
707.107908
710.318694
497.225664
493.059818
482.213743
467.001610
449.672474
432.343338
417.131204
406.285129
402.119284
406.285129
417.131204
432.343338
449.672474
467.001610
482.213743
493.059818
497.225664
493.059818
482.213743
467.001610
449.672474
432.343338
417.131204
406.285129
402.119284
406.285129
417.131204
432.343338
449.672474
467.001610
482.213743
493.059818
406.799328
393.677788
368.274364
337.114150
303.637631
270.161111
239.000897
213.597473
200.475933
213.597473
239.000897
270.161111
303.637631
337.114150
368.274364
393.677788
406.799328
393.677788
368.274364
337.114150
303.637631
270.161111
239.000897
213.597473
200.475933
213.597473
239.000897
270.161111
303.637631
337.114150
368.274364
393.677788
400.000000
350.000000
300.000000
250.000000
200.000000
150.000000
100.000000
50.000000
0.000000
50.000000
100.000000
150.000000
200.000000
250.000000
300.000000
350.000000
400.000000
350.000000
300.000000
250.000000
200.000000
150.000000
100.000000
50.000000
0.000000
50.000000
100.000000
150.000000
200.000000
250.000000
300.000000
350.000000
