1500.000000
1500.000000
1500.000000
1500.000000
1500.000000
1500.000000
1500.000000
1500.000000
1500.000000
1500.000000
1500.000000
1500.000000
1500.000000
1500.000000
1500.000000
1500.000000
1500.000000
1500.000000
1500.000000
1500.000000
1500.000000
1500.000000
1500.000000
1500.000000
1500.000000
1500.000000
1500.000000
1500.000000
1500.000000
1500.000000
1500.000000
1500.000000
1500.000000
1500.000000
1500.000000
1500.000000
711.368593
710.470963
707.911188
704.031931
699.312166
694.304559
689.584794
685.705536
683.145762
682.248131
683.145762
685.705536
689.584794
694.304559
699.312166
704.031931
707.911188
710.470963
711.368593
710.470963
707.911188
704.031931
699.312166
694.304559
689.584794
685.705536
683.145762
682.248131
683.145762
685.705536
689.584794
694.304559
699.312166
704.031931
707.911188
710.470963
496.959708
493.691386
484.952511
472.343367
457.475625
441.869323
427.001581
414.392437
405.653562
402.385240
405.653562
414.392437
427.001581
441.869323
457.475625
472.343367
484.952511
493.691386
496.959708
493.691386
484.952511
472.343367
457.475625
441.869323
427.001581
414.392437
405.653562
402.385240
405.653562
414.392437
427.001581
441.869323
457.475625
472.343367
484.952511
493.691386
406.175561
395.649323
374.467276
347.845117
318.629830
288.645432
259.430145
232.807986
211.625938
201.099700
211.625938
232.807986
259.430145
288.645432
318.629830
347.845117
374.467276
395.649323
406.175561
395.649323
374.467276
347.845117
318.629830
288.645432
259.430145
232.807986
211.625938
201.099700
211.625938
232.807986
259.430145
288.645432
318.629830
347.845117
374.467276
395.649323
400.000000
355.555556
311.111111
266.666667
222.222222
177.777778
133.333333
88.888889
44.444444
0.000000
44.444444
88.888889
133.333333
177.777778
222.222222
266.666667
311.111111
355.555556
400.000000
355.555556
311.111111
266.666667
222.222222
177.777778
133.333333
88.888889
44.444444
0.000000
44.444444
88.888889
133.333333
177.777778
222.222222
266.666667
311.111111
355.555556
