1500.000000
1500.000000
1500.000000
1500.000000
1500.000000
1500.000000
1500.000000
1500.000000
1500.000000
1500.000000
1500.000000
1500.000000
1500.000000
1500.000000
1500.000000
1500.000000
1500.000000
1500.000000
1500.000000
1500.000000
1500.000000
1500.000000
1500.000000
1500.000000
1500.000000
1500.000000
1500.000000
1500.000000
1500.000000
1500.000000
1500.000000
1500.000000
1500.000000
1500.000000
1500.000000
1500.000000
1500.000000
1500.000000
1500.000000
1500.000000
655.905997
655.634334
654.851876
653.644566
652.135522
650.470383
648.805245
647.296200
646.088890
645.306433
645.034770
645.306433
646.088890
647.296200
648.805245
650.470383
652.135522
653.644566
654.851876
655.634334
655.905997
655.634334
654.851876
653.644566
652.135522
650.470383
648.805245
647.296200
646.088890
645.306433
645.034770
645.306433
646.088890
647.296200
648.805245
650.470383
652.135522
653.644566
654.851876
655.634334
406.738803
405.751644
403.059017
399.088665
394.286252
389.076655
383.867058
379.064645
375.094293
372.401666
371.414507
372.401666
375.094293
379.064645
383.867058
389.076655
394.286252
399.088665
403.059017
405.751644
406.738803
405.751644
403.059017
399.088665
394.286252
389.076655
383.867058
379.064645
375.094293
372.401666
371.414507
372.401666
375.094293
379.064645
383.867058
389.076655
394.286252
399.088665
403.059017
405.751644
272.894772
269.661296
262.938697
254.312857
244.682559
234.616725
224.550891
214.920592
206.294753
199.572154
196.338678
199.572154
206.294753
214.920592
224.550891
234.616725
244.682559
254.312857
262.938697
269.661296
272.894772
269.661296
262.938697
254.312857
244.682559
234.616725
224.550891
214.920592
206.294753
199.572154
196.338678
199.572154
206.294753
214.920592
224.550891
234.616725
244.682559
254.312857
262.938697
269.661296
200.000000
185.000000
170.000000
155.000000
140.000000
125.000000
110.000000
95.000000
80.000000
65.000000
50.000000
65.000000
80.000000
95.000000
110.000000
125.000000
140.000000
155.000000
170.000000
185.000000
200.000000
185.000000
170.000000
155.000000
140.000000
125.000000
110.000000
95.000000
80.000000
65.000000
50.000000
65.000000
80.000000
95.000000
110.000000
125.000000
140.000000
155.000000
170.000000
185.000000
