1500.000000
1500.000000
1500.000000
1500.000000
1500.000000
1500.000000
1500.000000
1500.000000
1500.000000
1500.000000
1500.000000
1500.000000
1500.000000
1500.000000
1500.000000
1500.000000
1500.000000
1500.000000
1500.000000
1500.000000
1500.000000
1500.000000
1500.000000
1500.000000
1500.000000
1500.000000
1500.000000
1500.000000
1500.000000
1500.000000
1500.000000
1500.000000
1500.000000
1500.000000
1500.000000
1500.000000
1500.000000
1500.000000
1500.000000
1500.000000
1500.000000
1500.000000
1500.000000
1500.000000
1500.000000
1500.000000
1500.000000
1500.000000
1500.000000
1500.000000
705.561603
705.563214
705.561603
705.563214
705.561603
705.563214
705.561603
705.563214
705.561603
705.563214
705.561603
705.563214
705.561603
705.563214
705.561603
705.563214
705.561603
705.563214
705.561603
705.563214
705.561603
705.563214
705.561603
705.563214
705.561603
705.563214
705.561603
705.563214
705.561603
705.563214
705.561603
705.563214
705.561603
705.563214
705.561603
705.563214
705.561603
705.563214
705.561603
705.563214
705.561603
705.563214
705.561603
705.563214
705.561603
705.563214
705.561603
705.563214
705.561603
705.563214
421.749271
421.920124
421.749271
421.920124
421.749271
421.920124
421.749271
421.920124
421.749271
421.920124
421.749271
421.920124
421.749271
421.920124
421.749271
421.920124
421.749271
421.920124
421.749271
421.920124
421.749271
421.920124
421.749271
421.920124
421.749271
421.920124
421.749271
421.920124
421.749271
421.920124
421.749271
421.920124
421.749271
421.920124
421.749271
421.920124
421.749271
421.920124
421.749271
421.920124
421.749271
421.920124
421.749271
421.920124
421.749271
421.920124
421.749271
421.920124
421.749271
421.920124
245.680633
252.581114
245.680633
252.581114
245.680633
252.581114
245.680633
252.581114
245.680633
252.581114
245.680633
252.581114
245.680633
252.581114
245.680633
252.581114
245.680633
252.581114
245.680633
252.581114
245.680633
252.581114
245.680633
252.581114
245.680633
252.581114
245.680633
252.581114
245.680633
252.581114
245.680633
252.581114
245.680633
252.581114
245.680633
252.581114
245.680633
252.581114
245.680633
252.581114
245.680633
252.581114
245.680633
252.581114
245.680633
252.581114
245.680633
252.581114
245.680633
252.581114
50.000000
200.000000
50.000000
200.000000
50.000000
200.000000
50.000000
200.000000
50.000000
200.000000
50.000000
200.000000
50.000000
200.000000
50.000000
200.000000
50.000000
200.000000
50.000000
200.000000
50.000000
200.000000
50.000000
200.000000
50.000000
200.000000
50.000000
200.000000
50.000000
200.000000
50.000000
200.000000
50.000000
200.000000
50.000000
200.000000
50.000000
200.000000
50.000000
200.000000
50.000000
200.000000
50.000000
200.000000
50.000000
200.000000
50.000000
200.000000
50.000000
200.000000
