1500.000000
1500.000000
1500.000000
1500.000000
1500.000000
1500.000000
1500.000000
1500.000000
1500.000000
1500.000000
1500.000000
1500.000000
1500.000000
1500.000000
1500.000000
1500.000000
1500.000000
1500.000000
1500.000000
1500.000000
1245.388389
1245.388389
1245.388389
1245.388389
1245.388389
1245.388389
1245.388389
1245.388389
1245.388389
1245.388389
1245.388389
1245.388389
1245.388389
1245.388389
1245.388389
1245.388389
1245.388389
1245.388389
1245.388389
1245.388389
1069.794174
1069.794174
1069.794174
1069.794174
1069.794174
1069.794174
1069.794174
1069.794174
1069.794174
1069.794174
1069.794174
1069.794174
1069.794174
1069.794174
1069.794174
1069.794174
1069.794174
1069.794174
1069.794174
1069.794174
935.788062
935.788062
935.788062
935.788062
935.788062
935.788062
935.788062
935.788062
935.788062
935.788062
935.788062
935.788062
935.788062
935.788062
935.788062
935.788062
935.788062
935.788062
935.788062
935.788062
827.442696
827.442696
827.442696
827.442696
827.442696
827.442696
827.442696
827.442696
827.442696
827.442696
827.442696
827.442696
827.442696
827.442696
827.442696
827.442696
827.442696
827.442696
827.442696
827.442696
736.509977
736.509977
736.509977
736.509977
736.509977
736.509977
736.509977
736.509977
736.509977
736.509977
736.509977
736.509977
736.509977
736.509977
736.509977
736.509977
736.509977
736.509977
736.509977
736.509977
658.167943
658.167943
658.167943
658.167943
658.167943
658.167943
658.167943
658.167943
658.167943
658.167943
658.167943
658.167943
658.167943
658.167943
658.167943
658.167943
658.167943
658.167943
658.167943
658.167943
589.353994
589.353994
589.353994
589.353994
589.353994
589.353994
589.353994
589.353994
589.353994
589.353994
589.353994
589.353994
589.353994
589.353994
589.353994
589.353994
589.353994
589.353994
589.353994
589.353994
528.001799
528.001799
528.001799
528.001799
528.001799
528.001799
528.001799
528.001799
528.001799
528.001799
528.001799
528.001799
528.001799
528.001799
528.001799
528.001799
528.001799
528.001799
528.001799
528.001799
472.651448
472.651448
472.651448
472.651448
472.651448
472.651448
472.651448
472.651448
472.651448
472.651448
472.651448
472.651448
472.651448
472.651448
472.651448
472.651448
472.651448
472.651448
472.651448
472.651448
422.233307
422.233307
422.233307
422.233307
422.233307
422.233307
422.233307
422.233307
422.233307
422.233307
422.233307
422.233307
422.233307
422.233307
422.233307
422.233307
422.233307
422.233307
422.233307
422.233307
375.940287
375.940287
375.940287
375.940287
375.940287
375.940287
375.940287
375.940287
375.940287
375.940287
375.940287
375.940287
375.940287
375.940287
375.940287
375.940287
375.940287
375.940287
375.940287
375.940287
333.148420
333.148420
333.148420
333.148420
333.148420
333.148420
333.148420
333.148420
333.148420
333.148420
333.148420
333.148420
333.148420
333.148420
333.148420
333.148420
333.148420
333.148420
333.148420
333.148420
293.365355
293.365355
293.365355
293.365355
293.365355
293.365355
293.365355
293.365355
293.365355
293.365355
293.365355
293.365355
293.365355
293.365355
293.365355
293.365355
293.365355
293.365355
293.365355
293.365355
256.195777
256.195777
256.195777
256.195777
256.195777
256.195777
256.195777
256.195777
256.195777
256.195777
256.195777
256.195777
256.195777
256.195777
256.195777
256.195777
256.195777
256.195777
256.195777
256.195777
221.317474
221.317474
221.317474
221.317474
221.317474
221.317474
221.317474
221.317474
221.317474
221.317474
221.317474
221.317474
221.317474
221.317474
221.317474
221.317474
221.317474
221.317474
221.317474
221.317474
188.464363
188.464363
188.464363
188.464363
188.464363
188.464363
188.464363
188.464363
188.464363
188.464363
188.464363
188.464363
188.464363
188.464363
188.464363
188.464363
188.464363
188.464363
188.464363
188.464363
157.414166
157.414166
157.414166
157.414166
157.414166
157.414166
157.414166
157.414166
157.414166
157.414166
157.414166
157.414166
157.414166
157.414166
157.414166
157.414166
157.414166
157.414166
157.414166
157.414166
127.979298
127.979298
127.979298
127.979298
127.979298
127.979298
127.979298
127.979298
127.979298
127.979298
127.979298
127.979298
127.979298
127.979298
127.979298
127.979298
127.979298
127.979298
127.979298
127.979298
100.000000
100.000000
100.000000
100.000000
100.000000
100.000000
100.000000
100.000000
100.000000
100.000000
100.000000
100.000000
100.000000
100.000000
100.000000
100.000000
100.000000
100.000000
100.000000
100.000000
1499.166750
1499.558458
1480.017164
1488.021782
1491.423854
1497.121323
1517.129809
1520.035673
1469.197561
1491.029334
1480.859489
1521.479630
1493.792267
1496.055102
1499.117139
1516.585350
1523.064249
1497.786596
1504.961755
1529.762117
-238433.228088
-238437.419475
-238442.957374
-238442.576698
-238440.688966
-238437.323364
-238432.479600
-238433.689155
-238444.204951
-238442.671932
-238441.709950
-238433.641923
-238436.378596
-238435.616785
-238432.847995
-238427.594466
-238425.823847
-238430.168843
-238429.204517
-238426.192018
-378687.506374
-378690.768478
-378693.738603
-378694.310772
-378693.438934
-378691.681801
-378689.946765
-378690.820130
-378694.367061
-378694.517926
-378693.370607
-378690.273866
-378689.761127
-378688.578997
-378686.478677
-378683.825453
-378682.732763
-378683.790627
-378683.927197
-378684.136035
-464060.395616
-464063.052963
-464065.260410
-464066.017569
-464065.603474
-464064.558136
-464063.725619
-464064.305380
-464065.983659
-464066.227257
-464065.308629
-464063.429180
-464062.285700
-464060.924209
-464059.126424
-464057.256465
-464056.345803
-464056.640958
-464057.052993
-464057.964446
-514135.492496
-514137.912071
-514139.874554
-514140.677612
-514140.432978
-514139.649543
-514139.101091
-514139.560041
-514140.668647
-514140.885994
-514140.077439
-514138.551782
-514137.252770
-514135.827361
-514134.138897
-514132.518999
-514131.663918
-514131.746986
-514132.239613
-514133.340071
-539407.021444
-539409.430998
-539411.371689
-539412.184029
-539411.948442
-539411.182316
-539410.670133
-539411.121310
-539412.155059
-539412.385611
-539411.588625
-539410.112918
-539408.775763
-539407.332473
-539405.648975
-539404.056737
-539403.202944
-539403.246344
-539403.754722
-539404.897577
-546265.033078
-546267.580568
-546269.630590
-546270.435303
-546270.107010
-546269.203412
-546268.584671
-546269.103119
-546270.341561
-546270.627068
-546269.772291
-546268.180864
-546266.858376
-546265.425725
-546263.682119
-546261.987995
-546261.104476
-546261.197656
-546261.686680
-546262.798748
-538961.014433
-538963.804575
-538966.062711
-538966.843894
-538966.350586
-538965.197320
-538964.357240
-538964.997304
-538966.666270
-538967.028126
-538966.062094
-538964.218311
-538962.965523
-538961.572310
-538959.721886
-538957.824198
-538956.889675
-538957.113635
-538957.551607
-538958.561813
-520514.539220
-520517.649291
-520520.205548
-520520.941633
-520520.227992
-520518.736198
-520517.559758
-520518.362007
-520520.693109
-520521.125509
-520520.006661
-520517.762911
-520516.659401
-520515.339089
-520513.344592
-520511.145037
-520510.141772
-520510.594849
-520510.944630
-520511.760352
-493180.541961
-493184.026477
-493186.974483
-493187.633960
-493186.656423
-493184.753188
-493183.112010
-493184.104196
-493187.365006
-493187.827361
-493186.529305
-493183.705078
-493182.867827
-493181.657635
-493179.487670
-493176.879899
-493175.789401
-493176.600409
-493176.815430
-493177.310521
-458711.035240
-458714.924361
-458718.370161
-458718.907443
-458717.632296
-458715.258725
-458713.003441
-458714.197984
-458718.713320
-458719.119446
-458717.639305
-458714.003685
-458713.598828
-458712.536155
-458710.164365
-458707.027462
-458705.826592
-458707.164567
-458707.186355
-458707.191769
-418511.533318
-418515.827104
-418519.897177
-418520.247915
-418518.651082
-418515.763130
-418512.718019
-418514.107114
-418520.278286
-418520.482008
-418518.852940
-418514.106982
-418514.362892
-418513.479844
-418510.885844
-418507.079891
-418505.736792
-418507.820092
-418507.576297
-418506.870666
-373739.560425
-373744.219860
-373749.069579
-373749.145201
-373747.212965
-373743.783817
-373739.742520
-373741.291293
-373749.616057
-373749.393060
-373747.700749
-373741.457905
-373742.680499
-373741.996641
-373739.168316
-373734.530942
-373733.000528
-373736.106229
-373735.508834
-373733.808050
-325369.416127
-325374.351222
-325380.174443
-325379.855727
-325377.586077
-325373.609466
-325368.331349
-325369.969167
-325381.063692
-325380.089407
-325378.492644
-325370.256264
-325372.847025
-325372.360274
-325369.297300
-325363.640711
-325361.859556
-325366.333494
-325365.277139
-325362.222561
-274236.322860
-274241.377916
-274248.418086
-274247.547680
-274244.952113
-274240.446275
-274233.653270
-274235.263184
-274249.886749
-274247.710024
-274246.465639
-274235.602926
-274240.079977
-274239.755464
-274236.474016
-274229.582300
-274227.462821
-274233.730446
-274232.090836
-274227.235910
-221067.460340
-221072.396297
-221080.959400
-221079.333162
-221076.438897
-221071.450967
-221062.824871
-221064.231080
-221083.314028
-221079.326250
-221078.818740
-221064.530664
-221071.553200
-221071.309903
-221067.848602
-221059.475158
-221056.899032
-221065.477133
-221063.109575
-221055.904702
-166504.369376
-166508.843115
-166519.312698
-166516.669761
-166513.522346
-166508.133077
-166497.313339
-166498.266536
-166522.941881
-166516.341217
-166517.117431
-166498.404157
-166508.800557
-166508.495486
-166504.922648
-166494.787672
-166491.598421
-166503.107780
-166499.845880
-166489.621398
-111119.504539
-111123.044962
-111135.899471
-111131.910910
-111128.577250
-111122.905964
-111109.488025
-111109.648452
-111141.287502
-111131.037894
-111133.847180
-111109.468606
-111124.268511
-111123.678225
-111120.100494
-111107.888479
-111103.883178
-111119.062174
-111114.716739
-111100.663896
-55428.715937
-55430.696633
-55446.529270
-55440.785264
-55437.357109
-55431.566801
-55415.101061
-55414.019107
-55454.271439
-55439.055963
-55444.896187
-55413.327167
-55433.797855
-55432.597086
-55429.169564
-55414.526755
-55409.446836
-55429.166019
-55423.524219
-55404.673992
99.166750
99.558458
80.017164
88.021782
91.423854
97.121323
117.129809
120.035673
69.197561
91.029334
80.859489
121.479630
93.792267
96.055102
99.117139
116.585350
123.064249
97.786596
104.961755
129.762117
1469.331549
1500.727029
1497.482346
1521.377721
1500.378766
1482.996424
1499.504185
1523.217110
1483.958324
1496.335489
1475.548154
1512.554133
1489.572277
1509.632065
1499.841840
1503.049078
1543.963360
1532.102952
1512.553135
1537.850050
166966420.926752
166966869.910487
166967270.194455
166967531.182326
166967649.146184
166967670.870718
166967664.305097
166967700.353112
166967749.519714
166967662.752027
166967448.598938
166967121.984472
166966791.166723
166966436.436932
166966076.754083
166965773.141458
166965617.831745
166965631.803399
166965760.058330
166966018.532077
277286345.072837
277287090.161825
277287745.008639
277288180.855215
277288387.226562
277288437.765652
277288444.181119
277288493.025768
277288535.685861
277288403.243487
277288060.651035
277287540.996208
277286961.693294
277286345.413223
277285740.942685
277285242.107558
277284966.853860
277284964.325216
277285198.491139
277285665.408199
353809406.943502
353810400.423461
353811262.576899
353811826.235357
353812075.875092
353812120.496264
353812122.760283
353812191.314914
353812253.189147
353812102.754167
353811666.569918
353810995.571065
353810224.132623
353809404.458453
353808602.381537
353807941.253638
353807568.659788
353807552.595105
353807867.063547
353808500.195873
406281861.306499
406283082.816516
406284129.986248
406284787.416977
406285039.928665
406285040.500237
406285015.900739
406285115.761587
406285235.582006
406285092.951882
406284580.776310
406283775.549185
406282852.527492
406281871.518535
406280900.251498
406280090.943111
406279632.827649
406279609.500244
406279984.960158
406280750.759096
439909969.884552
439911408.445246
439912627.526789
439913351.369986
439913571.210811
439913491.330532
439913416.131976
439913560.322162
439913780.234380
439913667.780574
439913088.181096
439912155.327324
439911115.737200
439910010.461832
439908891.551711
439907941.157269
439907406.702997
439907385.019481
439907803.903921
439908670.694976
457958859.556408
457960506.027411
457961887.484512
457962653.797135
457962810.579963
457962617.771459
457962467.644984
457962668.797370
457963033.279748
457962968.336121
457962324.664047
457961263.852235
457960142.937198
457958949.717397
457957702.315387
457956614.550778
457956012.807748
457956005.686986
457956450.263141
457957383.932405
462750721.472821
462752564.304604
462754099.350877
462754885.830802
462754954.915159
462754622.419835
462754372.757633
462754641.614174
462755196.843197
462755190.226302
462754483.365769
462753288.874833
462752125.134817
462750880.961633
462749523.957482
462748300.919893
462747641.686880
462747666.891408
462748118.527218
462749080.498981
456108999.314279
456111021.429268
456112700.194394
456113485.122410
456113448.383422
456112956.992518
456112583.695052
456112927.609141
456113720.154979
456113774.700280
456113005.736110
456111667.642083
456110504.335323
456109246.805997
456107800.153833
456106443.732072
456105737.795753
456105818.022071
456106257.087347
456107203.742432
439576569.459468
439578745.599144
439580555.636798
439581317.261125
439581163.915124
439580503.846026
439579984.738188
439580406.164216
439581480.666670
439581589.926066
439580762.924683
439579268.578599
439578154.093007
439576920.452316
439575406.223468
439573919.682516
439573178.772035
439573340.897703
439573747.115661
439574630.337701
414530401.379885
414532695.780652
414534620.590204
414535336.897087
414535064.285192
414534237.000954
414533553.981556
414534049.047577
414535444.549127
414535591.952708
414534716.736270
414533053.001310
414532040.088157
414530865.701581
414529309.057765
414527699.039087
414526935.689776
414527209.007968
414527562.212950
414528331.054896
382244551.572182
382246916.069832
382248933.383896
382249582.307552
382249196.556144
382248216.396316
382247358.425288
382247915.748758
382249660.277950
382249819.187388
382248913.795308
382247070.526349
382246214.168715
382245130.682327
382243560.815639
382241839.897325
382241067.375795
382241480.590109
382241761.905530
382242365.532217
343925619.832512
343927992.639995
343930072.227571
343930632.421257
343930148.907306
343929044.384500
343928011.414960
343928611.377056
343930714.269879
343930849.476579
343929941.852716
343927917.182398
343927270.717547
343926304.163203
343924755.168203
343922945.089556
343922177.532268
343922754.239093
343922947.715060
343923339.881504
300732757.230843
300735062.749523
300737163.446265
300737615.789554
300737059.341098
300735873.948256
300734681.909016
300735296.661032
300737737.992483
300737809.351206
300736937.639365
300734745.748778
300734354.731494
300733523.877140
300732035.462556
300730171.099768
300729424.033763
300730176.380165
300730271.140737
300730416.546610
253788652.814459
253790802.947576
253792868.567010
253793198.633213
253792603.392615
253791395.757857
253790082.685434
253790677.224701
253793393.597743
253793362.638799
253792573.303853
253790255.492460
253790148.656888
253789463.964902
253788081.862332
253786216.033142
253785507.472119
253786427.640342
253786420.593239
253786303.527115
204185085.183735
204186982.731122
204188936.439869
204189138.196509
204188547.067631
204187390.286577
204186023.694511
204186558.418359
204189424.222189
204189264.753391
204188607.566260
204186247.591079
204186424.133593
204185887.768385
204184663.646493
204182872.817486
204182225.155269
204183274.288864
204183173.448583
204182809.207846
152985121.561122
152986666.390192
152988403.049175
152988484.115783
152987947.706384
152986927.676172
152985613.233744
152986048.458713
152988851.561701
152988565.455366
152988084.185596
152985829.012370
152986241.273798
152985848.690432
152984839.332402
152983230.301143
152982673.256078
152983767.406747
152983595.876753
152983045.523693
101223214.769118
101224313.580441
101225689.463909
101225678.306219
101225253.264122
101224465.839344
101223357.411550
101223660.431702
101226071.115968
101225710.676555
101225428.125318
101223515.424010
101224045.894213
101223789.641161
101223055.089310
101221772.713804
101221347.611123
101222340.249143
101222140.900743
101221529.993856
49903970.038555
49904550.675958
49905369.881439
49905325.380089
49905072.005968
49904618.794619
49903929.870589
49904085.223606
49905616.997474
49905315.522090
49905211.300541
49904005.223758
49904436.624001
49904313.104745
49903913.418316
49903149.468217
49902915.182257
49903575.776902
49903416.651768
49902958.674416
69.331549
100.727029
97.482346
121.377721
100.378766
82.996424
99.504185
123.217110
83.958324
96.335489
75.548154
112.554133
89.572277
109.632065
99.841840
103.049078
143.963360
132.102952
112.553135
137.850050
1490.735410
1494.183321
1494.296181
1518.124939
1501.043883
1465.920630
1510.678315
1535.520736
1495.577251
1506.686495
1482.982907
1529.230574
1504.120212
1489.564845
1501.625847
1503.769953
1547.554946
1517.482531
1502.151616
1551.407225
-141179758259.985168
-141179978787.509094
-141180187577.577087
-141180359588.813660
-141180483204.494141
-141180559525.206726
-141180595679.209290
-141180596128.806305
-141180557291.930389
-141180471090.528168
-141180335073.502716
-141180156721.398041
-141179952701.581177
-141179743907.583130
-141179554227.890289
-141179408681.498810
-141179329082.168488
-141179328365.834412
-141179407833.528809
-141179557953.260010
-235164020055.690765
-235164414768.528381
-235164783883.049988
-235165080590.497833
-235165285983.799133
-235165407519.131134
-235165464416.147766
-235165467958.582550
-235165409197.564301
-235165267703.563782
-235165034901.952606
-235164723929.151520
-235164365498.510803
-235163996569.979156
-235163658953.464142
-235163397892.623444
-235163253948.708649
-235163251165.055023
-235163392132.247589
-235163660553.801422
-301273782926.128540
-301274330042.932800
-301274834853.572144
-301275228643.914551
-301275488029.692932
-301275632123.956360
-301275698308.111938
-301275708307.883301
-301275645088.913330
-301275468953.302856
-301275161761.145203
-301274742644.801697
-301274257098.911438
-301273754679.335510
-301273290689.830994
-301272928521.532959
-301272727381.328491
-301272721598.821960
-301272914020.136841
-301273283942.873230
-347559571128.741882
-347560254948.537292
-347560877541.431641
-347561347098.113403
-347561637981.178589
-347561785522.823547
-347561851098.206238
-347561871259.282715
-347561817931.871765
-347561623573.911682
-347561257960.761780
-347560748094.485718
-347560156984.886902
-347559542687.983398
-347558969215.156250
-347558516691.328003
-347558264097.989319
-347558255158.778625
-347558490504.798645
-347558947668.460815
-378179348453.908142
-378180154090.560791
-378180878358.033142
-378181404900.742004
-378181707859.115784
-378181842220.442444
-378181898217.262573
-378181932231.501648
-378181902455.552124
-378181703601.983276
-378181292261.954712
-378180706046.531860
-378180029836.557800
-378179324756.052063
-378178658094.636108
-378178125455.479309
-378177827512.477600
-378177816231.108459
-378178085879.999390
-378178615286.331055
-395651273336.081970
-395652184674.699646
-395652994454.274048
-395653560458.005737
-395653858686.725220
-395653965782.705078
-395654004097.868713
-395654055248.371094
-395654061761.656067
-395653869744.255981
-395653423439.744629
-395652773848.874084
-395652033500.080078
-395651259516.900757
-395650516657.051575
-395649914685.151978
-395649578400.133667
-395649566653.309021
-395649861485.829529
-395650446456.679626
-401724554817.107178
-401725553540.021301
-401726431771.452515
-401727020515.877563
-401727299928.752747
-401727368642.630005
-401727382234.656006
-401727452977.499207
-401727507050.087708
-401727330708.891785
-401726859083.085999
-401726158441.117859
-401725375891.455994
-401724555842.960693
-401723754861.252319
-401723095312.281189
-401722728713.569946
-401722719393.631042
-401723029808.295776
-401723651907.330505
-397768574179.551514
-397769639262.854431
-397770567571.769592
-397771163028.934937
-397771412516.968811
-397771435209.443848
-397771418439.526184
-397771510000.360229
-397771620695.564087
-397771466192.937866
-397770978410.741089
-397770238916.425903
-397769437017.104736
-397768594354.048706
-397767754454.463196
-397767050287.615967
-397766662348.111572
-397766659154.228882
-397766975274.825012
-397767614674.210632
-384963374174.489441
-384964481677.979858
-384965440182.906311
-384966027073.249878
-384966238752.314941
-384966211711.611450
-384966160778.629639
-384966272805.471497
-384966446104.999146
-384966316801.482178
-384965822105.845398
-384965056300.423645
-384964258402.887085
-384963416581.969604
-384962557973.191956
-384961823519.358948
-384961423978.165405
-384961431030.920227
-384961743023.792419
-384962379168.987793
-364397797013.260071
-364398920128.289001
-364399887395.368713
-364400451348.743164
-364400620712.053040
-364400544452.712952
-364400457880.012024
-364400588196.321228
-364400826037.808350
-364400722527.005005
-364400230695.454102
-364399451954.286804
-364398681222.134583
-364397862966.402954
-364397006639.443665
-364396257743.819275
-364395856871.208313
-364395878152.849854
-364396176614.220581
-364396789117.593689
-337120609540.526306
-337121718913.738525
-337122672033.429626
-337123199829.587402
-337123325755.781128
-337123205097.065857
-337123084221.406372
-337123228723.459473
-337123528013.116211
-337123448385.500854
-337122970028.464722
-337122193097.242432
-337121471585.929382
-337120698107.530212
-337119865528.791443
-337119119657.345093
-337118727992.006042
-337118766636.785034
-337119043021.134766
-337119612730.255066
-304165943940.028198
-304167008308.917297
-304167923094.549500
-304168402968.112610
-304168487554.261963
-304168331424.074036
-304168180821.156921
-304168333559.538513
-304168685254.205872
-304168625633.784790
-304168172261.869690
-304167413814.153442
-304166761365.957092
-304166051632.376953
-304165264345.284973
-304164540614.983765
-304164168693.516846
-304164226181.102600
-304164473240.040894
-304164983414.989929
-266563904261.246979
-266564891435.409851
-266565742763.289062
-266566164755.028290
-266566212956.292542
-266566033880.558075
-266565861640.218445
-266566015115.396942
-266566403516.267731
-266566358878.559906
-266565942672.470978
-266565221816.772339
-266564654845.815552
-266564024962.986389
-266563304081.673187
-266562623150.789978
-266562281240.866486
-266562356581.926941
-266562568775.535156
-266563006282.075043
-225342229334.559021
-225343107538.682892
-225343869871.724854
-225344226195.329926
-225344245263.525146
-225344058516.918701
-225343876255.894562
-225344021940.655365
-225344424407.111450
-225344389634.963959
-225344022879.195740
-225343361481.675079
-225342891770.509186
-225342354545.689575
-225341720122.196869
-225341103855.147278
-225340801692.572083
-225340890740.062500
-225341064571.804382
-225341420956.606384
-181522393652.968933
-181523133213.843719
-181523781380.049194
-181524066752.570221
-181524065476.509796
-181523887889.581360
-181523710361.544861
-181523839436.635254
-181524226816.006195
-181524197875.694122
-181523892068.247467
-181523314674.911316
-181522948371.122986
-181522513100.453552
-181521983351.402191
-181521454150.607269
-181521200664.868134
-181521295738.370361
-181521429951.460205
-181521702211.874847
-136112185908.326553
-136112761216.728561
-136113271553.613693
-136113483408.078384
-136113471170.230072
-136113319611.097122
-136113163743.071060
-136113267994.669357
-136113606175.819595
-136113581194.220047
-136113345923.790848
-136112878958.128769
-136112616049.249084
-136112288545.687622
-136111878935.535141
-136111458610.037659
-136111261601.516953
-136111351676.051422
-136111447234.223190
-136111638027.163162
-90096052210.902313
-90096443817.343552
-90096795846.694077
-90096934306.099594
-90096919983.621445
-90096809559.787796
-90096692711.829544
-90096765488.055954
-90097018627.661194
-90096998516.403046
-90096840310.962860
-90096510083.688278
-90096344744.913727
-90096127578.581299
-90095849775.414780
-90095557791.997360
-90095423495.747070
-90095495281.790024
-90095555041.176376
-90095671991.899704
-44424051011.256004
-44424247619.086426
-44424426486.079689
-44424493927.702240
-44424484681.874031
-44424426739.610092
-44424363951.474968
-44424401007.564850
-44424537152.231445
-44424525250.627724
-44424446753.028900
-44424275644.159225
-44424198000.271660
-44424090861.770058
-44423951609.339035
-44423802546.467484
-44423734981.256187
-44423775310.212280
-44423803271.913536
-44423856941.824196
90.735410
94.183321
94.296181
118.124939
101.043883
65.920630
110.678315
135.520736
95.577251
106.686495
82.982907
129.230574
104.120212
89.564845
101.625847
103.769953
147.554946
117.482531
102.151616
151.407225
1501.786052
1457.068107
1494.427076
1497.546437
1476.903463
1442.498938
1534.477177
1523.804040
1477.129054
1522.453058
1489.883429
1528.288105
1492.970555
1503.599810
1487.472328
1514.911944
1532.916105
1526.312057
1494.936693
1558.698959
122642109779525.921875
122642239863476.062500
122642367718674.031250
122642479693411.656250
122642566861611.656250
122642625190002.281250
122642653780585.406250
122642652487468.171875
122642620641415.984375
122642557906521.718750
122642466447704.750000
122642352419249.687500
122642225888019.843750
122642099634731.078125
122641987716799.437500
122641903776166.343750
122641858924575.328125
122641859633659.078125
122641906414709.421875
122641993564734.046875
204363971504504.093750
204364202545242.343750
204364427670624.250000
204364622096726.281250
204364770813647.593750
204364868699367.656250
204364916417784.031250
204364914876846.687500
204364862182278.468750
204364755814820.218750
204364598029579.781250
204364399148525.531250
204364177013564.187500
204363954198987.156250
204363755624621.187500
204363605897641.687500
204363525410360.000000
204363526124026.093750
204363609124015.125000
204363764368904.593750
261968570459831.187500
261968887502169.218750
261969193471505.656250
261969453343612.375000
261969647783826.781250
261969773019616.906250
261969833667389.500000
261969832942210.000000
261969766958670.812500
261969628876233.125000
261969419321171.187500
261969151840885.875000
261968851173238.437500
261968547974698.812500
261968276118965.937500
261968069883069.500000
261967958316782.156250
261967958473438.281250
261968071966682.343750
261968285311532.125000
302441695576367.312500
302442087036183.875000
302442461158724.062500
302442773153703.000000
302443000710718.937500
302443143426306.062500
302443211992890.812500
302443213168295.125000
302443140262106.125000
302442979871839.000000
302442729647750.937500
302442406000597.562500
302442040281057.687500
302441669680255.750000
302441335236727.625000
302441079853924.187500
302440940897257.187500
302440940121149.125000
302441079382008.312500
302441342630986.375000
329372119904462.125000
329372574591032.375000
329373005027842.750000
329373357098986.375000
329373606665667.250000
329373758265836.875000
329373830382121.562500
329373834495300.312500
329373760366384.875000
329373585804159.187500
329373304556055.812500
329372935889068.000000
329372517809332.812500
329372092338366.562500
329371705750645.625000
329371408504501.125000
329371245981290.062500
329371244117517.437500
329371404439047.500000
329371709288539.000000
344915575881800.687500
344916081997672.312500
344916556796931.250000
344916937421677.000000
344917198934131.437500
344917351877663.937500
344917423688087.125000
344917431632395.812500
344917361363636.562500
344917179833062.687500
344916876443620.562500
344916473478525.812500
344916015819087.437500
344915548364478.312500
344915120550948.250000
344914789208589.500000
344914607377102.687500
344914604508315.750000
344914780943952.875000
344915118442792.750000
350556665957194.000000
350557210781664.125000
350557717570570.312500
350558115552093.562500
350558379938164.937500
350558527781111.875000
350558595959143.812500
350558608383050.125000
350558546326171.500000
350558364151310.187500
350558047011420.687500
350557620347353.125000
350557136184873.062500
350556640116766.500000
350556182617023.625000
350555825566027.937500
350555629170323.062500
350555625605411.312500
350555812958830.000000
350556173453702.125000
347451143098422.000000
347451712974405.937500
347452238931216.812500
347452643418439.375000
347452902676939.250000
347453040187538.500000
347453102003269.562500
347453119219439.562500
347453068825885.687500
347452891416269.312500
347452568536543.375000
347452128733328.562500
347451631356693.437500
347451120370662.750000
347450645251628.687500
347450271463009.750000
347450065672825.812500
347450061903836.625000
347450254823082.500000
347450628123180.062500
336594602438357.125000
336595182929180.937500
336595714900102.687500
336596115502365.812500
336596362805981.937500
336596486070007.000000
336596539470308.062500
336596561386979.125000
336596525034459.187500
336596356841974.937500
336596035893519.000000
336595593456459.937500
336595096133901.562500
336594583955817.125000
336594103601503.000000
336593722507631.000000
336593512798792.000000
336593509427470.062500
336593702547843.625000
336594078205696.250000
318909963439381.187500
318910539601937.562500
318911064306769.937500
318911451250063.000000
318911681023600.187500
318911787499508.500000
318911831177867.062500
318911857262618.937500
318911836109629.437500
318911680614101.375000
318911368926853.625000
318910934239786.500000
318910449903377.250000
318909949930843.750000
318909476769100.875000
318909098090985.437500
318908890091354.062500
318908887731571.750000
318909075839954.437500
318909443495925.250000
295293190246744.500000
295293746995435.750000
295294251295210.812500
295294615593423.375000
295294823544123.375000
295294912046226.375000
295294945485142.125000
295294974768704.875000
295294968663378.500000
295294828404013.250000
295294532928534.937500
295294116151766.000000
295293657039328.812500
295293181964359.812500
295292728157309.062500
295292361694397.500000
295292161010490.125000
295292160177575.062500
295292338380901.500000
295292688135456.062500
266635864054765.468750
266636386599253.375000
266636857810656.218750
266637191435899.312500
266637374525744.937500
266637445125284.750000
266637468596534.937500
266637499720956.531250
266637507188559.500000
266637383846155.000000
266637111077540.406250
266636722012908.906250
266636299298896.281250
266635860743727.125000
266635437857836.281250
266635093244489.375000
266634905279594.812500
266634906281833.500000
266635070166236.531250
266635392949071.843750
233834143169220.281250
233834617509031.000000
233835043754737.375000
233835339794913.156250
233835496153322.375000
233835549996618.000000
233835564506669.531250
233835595817931.593750
233835614149780.000000
233835508674692.437500
233835264537600.312500
233834912455256.687500
233834535900436.937500
233834144090964.687500
233833762758752.281250
233833449188232.593750
233833278960559.062500
233833281811432.593750
233833427580319.875000
233833715486589.906250
197789358758655.125000
197789772213378.843750
197790142798390.718750
197790395591620.593750
197790524373431.875000
197790563424823.781250
197790570595675.562500
197790600275832.562500
197790625739192.031250
197790538511128.843750
197790328209695.281250
197790021627506.718750
197789699277623.312500
197789362772925.156250
197789032357589.593750
197788758274542.781250
197788610242311.031250
197788614613532.468750
197788739194188.000000
197788985758785.875000
159403331411520.437500
159403673158849.000000
159403978961685.750000
159404184197790.781250
159404285396924.718750
159404312122544.343750
159404314003298.781250
159404340231781.312500
159404368413546.625000
159404299411549.468750
159404127255258.750000
159403873661833.812500
159403611625038.906250
159403337115284.562500
159403065390753.406250
159402838156148.250000
159402716055317.812500
159402721289478.718750
159402822399612.250000
159403022782821.156250
119570340565597.515625
119570602152296.453125
119570836016654.250000
119570990796766.796875
119571065030741.296875
119571082047083.640625
119571080859415.812500
119571101987874.484375
119571128272323.343750
119571077228100.859375
119570946452809.609375
119570751970106.265625
119570554299653.515625
119570346478143.140625
119570139339335.765625
119569964877643.218750
119569871577205.312500
119569876773611.296875
119569952942166.171875
119570104005712.203125
79167034006080.828125
79167209790795.875000
79167366897447.656250
79167469745049.218750
79167518029632.640625
79167527748138.906250
79167525580338.359375
79167540301180.187500
79167560461193.140625
79167526968441.718750
79167439578523.468750
79167308572025.000000
79167177271997.578125
79167038780377.375000
79166900001286.906250
79166782448584.156250
79166719828475.750000
79166724005074.859375
79166774546042.078125
79166874809446.718750
39041188056014.703125
39041275539457.164062
39041353728672.265625
39041404549986.437500
39041428086515.312500
39041432391321.929688
39041430871493.718750
39041438358307.445312
39041449206816.179688
39041432766408.359375
39041389426570.437500
39041324093160.656250
39041259248028.195312
39041190687836.890625
39041121747746.789062
39041063131836.054688
39041031990136.546875
39041034306602.726562
39041059250998.140625
39041108736216.359375
101.786052
57.068107
94.427076
97.546437
76.903463
42.498938
134.477177
123.804040
77.129054
122.453058
89.883429
128.288105
92.970555
103.599810
87.472328
114.911944
132.916105
126.312057
94.936693
158.698959
