1500.000000
1500.000000
1500.000000
1500.000000
1500.000000
1500.000000
1500.000000
1500.000000
1500.000000
1500.000000
1500.000000
1500.000000
1500.000000
1500.000000
1500.000000
1500.000000
1500.000000
1500.000000
1500.000000
1500.000000
1245.388389
1245.388389
1245.388389
1245.388389
1245.388389
1245.388389
1245.388389
1245.388389
1245.388389
1245.388389
1245.388389
1245.388389
1245.388389
1245.388389
1245.388389
1245.388389
1245.388389
1245.388389
1245.388389
1245.388389
1069.794174
1069.794174
1069.794174
1069.794174
1069.794174
1069.794174
1069.794174
1069.794174
1069.794174
1069.794174
1069.794174
1069.794174
1069.794174
1069.794174
1069.794174
1069.794174
1069.794174
1069.794174
1069.794174
1069.794174
935.788062
935.788062
935.788062
935.788062
935.788062
935.788062
935.788062
935.788062
935.788062
935.788062
935.788062
935.788062
935.788062
935.788062
935.788062
935.788062
935.788062
935.788062
935.788062
935.788062
827.442696
827.442696
827.442696
827.442696
827.442696
827.442696
827.442696
827.442696
827.442696
827.442696
827.442696
827.442696
827.442696
827.442696
827.442696
827.442696
827.442696
827.442696
827.442696
827.442696
736.509977
736.509977
736.509977
736.509977
736.509977
736.509977
736.509977
736.509977
736.509977
736.509977
736.509977
736.509977
736.509977
736.509977
736.509977
736.509977
736.509977
736.509977
736.509977
736.509977
658.167943
658.167943
658.167943
658.167943
658.167943
658.167943
658.167943
658.167943
658.167943
658.167943
658.167943
658.167943
658.167943
658.167943
658.167943
658.167943
658.167943
658.167943
658.167943
658.167943
589.353994
589.353994
589.353994
589.353994
589.353994
589.353994
589.353994
589.353994
589.353994
589.353994
589.353994
589.353994
589.353994
589.353994
589.353994
589.353994
589.353994
589.353994
589.353994
589.353994
528.001799
528.001799
528.001799
528.001799
528.001799
528.001799
528.001799
528.001799
528.001799
528.001799
528.001799
528.001799
528.001799
528.001799
528.001799
528.001799
528.001799
528.001799
528.001799
528.001799
472.651448
472.651448
472.651448
472.651448
472.651448
472.651448
472.651448
472.651448
472.651448
472.651448
472.651448
472.651448
472.651448
472.651448
472.651448
472.651448
472.651448
472.651448
472.651448
472.651448
422.233307
422.233307
422.233307
422.233307
422.233307
422.233307
422.233307
422.233307
422.233307
422.233307
422.233307
422.233307
422.233307
422.233307
422.233307
422.233307
422.233307
422.233307
422.233307
422.233307
375.940287
375.940287
375.940287
375.940287
375.940287
375.940287
375.940287
375.940287
375.940287
375.940287
375.940287
375.940287
375.940287
375.940287
375.940287
375.940287
375.940287
375.940287
375.940287
375.940287
333.148420
333.148420
333.148420
333.148420
333.148420
333.148420
333.148420
333.148420
333.148420
333.148420
333.148420
333.148420
333.148420
333.148420
333.148420
333.148420
333.148420
333.148420
333.148420
333.148420
293.365355
293.365355
293.365355
293.365355
293.365355
293.365355
293.365355
293.365355
293.365355
293.365355
293.365355
293.365355
293.365355
293.365355
293.365355
293.365355
293.365355
293.365355
293.365355
293.365355
256.195777
256.195777
256.195777
256.195777
256.195777
256.195777
256.195777
256.195777
256.195777
256.195777
256.195777
256.195777
256.195777
256.195777
256.195777
256.195777
256.195777
256.195777
256.195777
256.195777
221.317474
221.317474
221.317474
221.317474
221.317474
221.317474
221.317474
221.317474
221.317474
221.317474
221.317474
221.317474
221.317474
221.317474
221.317474
221.317474
221.317474
221.317474
221.317474
221.317474
188.464363
188.464363
188.464363
188.464363
188.464363
188.464363
188.464363
188.464363
188.464363
188.464363
188.464363
188.464363
188.464363
188.464363
188.464363
188.464363
188.464363
188.464363
188.464363
188.464363
157.414166
157.414166
157.414166
157.414166
157.414166
157.414166
157.414166
157.414166
157.414166
157.414166
157.414166
157.414166
157.414166
157.414166
157.414166
157.414166
157.414166
157.414166
157.414166
157.414166
127.979298
127.979298
127.979298
127.979298
127.979298
127.979298
127.979298
127.979298
127.979298
127.979298
127.979298
127.979298
127.979298
127.979298
127.979298
127.979298
127.979298
127.979298
127.979298
127.979298
100.000000
100.000000
100.000000
100.000000
100.000000
100.000000
100.000000
100.000000
100.000000
100.000000
100.000000
100.000000
100.000000
100.000000
100.000000
100.000000
100.000000
100.000000
100.000000
100.000000
1494.516192
1512.112866
1523.673577
1496.917505
1502.475135
1477.678136
1489.495192
1489.869894
1471.740976
1502.480465
1508.447063
1495.746524
1514.147742
1489.310430
1498.724022
1494.398474
1500.308950
1498.574241
1483.493604
1489.265910
-238438.128488
-238432.553725
-238430.258280
-238436.174985
-238439.116030
-238445.424221
-238445.267485
-238445.656325
-238447.173233
-238439.976920
-238436.473024
-238437.124247
-238434.803821
-238439.147957
-238438.818170
-238439.503963
-238438.913744
-238440.056708
-238443.049537
-238441.586185
-378691.869023
-378689.319097
-378688.599720
-378691.062225
-378693.674710
-378696.826766
-378697.870332
-378698.217317
-378697.881430
-378694.815573
-378692.558558
-378691.854663
-378691.220810
-378692.496539
-378692.879263
-378693.291161
-378693.433522
-378694.054519
-378694.864774
-378693.970695
-464064.541127
-464063.004466
-464062.719842
-464064.269437
-464066.409756
-464068.658215
-464069.815338
-464070.122592
-464069.536201
-464067.611241
-464065.882781
-464064.987628
-464064.595388
-464065.122297
-464065.524656
-464065.897304
-464066.173512
-464066.560634
-464066.781469
-464066.039511
-514139.560700
-514138.363891
-514138.214471
-514139.487962
-514141.425821
-514143.389349
-514144.548573
-514144.839966
-514144.216343
-514142.643490
-514141.105784
-514140.178746
-514139.827211
-514140.136451
-514140.519450
-514140.885157
-514141.192542
-514141.493563
-514141.533767
-514140.838132
-539411.073581
-539409.908997
-539409.774778
-539411.015052
-539412.950139
-539414.891735
-539416.069347
-539416.359778
-539415.713860
-539414.178912
-539412.650685
-539411.706090
-539411.366401
-539411.646581
-539412.037159
-539412.407777
-539412.727733
-539413.023080
-539413.035999
-539412.338927
-546269.107293
-546267.789899
-546267.601930
-546268.945613
-546271.012014
-546273.084382
-546274.301767
-546274.600919
-546273.926602
-546272.250311
-546270.618187
-546269.654335
-546269.321945
-546269.676051
-546270.098482
-546270.479295
-546270.805019
-546271.145559
-546271.218025
-546270.492187
-538965.144860
-538963.534088
-538963.238622
-538964.794373
-538967.083540
-538969.399807
-538970.661609
-538970.976699
-538970.281710
-538968.324478
-538966.507557
-538965.532305
-538965.198079
-538965.709768
-538966.176654
-538966.568441
-538966.888756
-538967.311390
-538967.515627
-538966.743653
-520518.761400
-520516.730939
-520516.275789
-520518.153780
-520520.725701
-520523.388271
-520524.676835
-520525.013685
-520524.330305
-520521.955507
-520519.890273
-520518.928761
-520518.568489
-520519.326786
-520519.836917
-520520.238055
-520520.532844
-520521.066877
-520521.478877
-520520.647971
-493184.892984
-493182.317191
-493181.644496
-493183.972148
-493186.857659
-493189.974672
-493191.246433
-493191.609558
-493191.001732
-493188.056194
-493185.689934
-493184.789540
-493184.355608
-493185.468913
-493186.004562
-493186.413882
-493186.652130
-493187.321697
-493188.029819
-493187.127591
-458715.551436
-458712.298345
-458711.339213
-458714.272962
-458717.470376
-458721.168419
-458722.349521
-458722.741593
-458722.312550
-458718.612449
-458715.900657
-458715.136341
-458714.548361
-458716.155993
-458716.678577
-458717.098947
-458717.237231
-458718.061851
-458719.172369
-458718.182811
-418516.246437
-418512.173705
-418510.843121
-418514.579536
-418518.047261
-418522.483466
-418523.464128
-418523.884955
-418523.786237
-418519.104412
-418516.010303
-418515.491061
-418514.624676
-418516.908707
-418517.352632
-418517.795349
-418517.776161
-418518.770311
-418520.412132
-418519.311307
-373744.492608
-373739.444890
-373737.636212
-373742.423816
-373746.069708
-373751.444643
-373752.072203
-373752.517276
-373752.959404
-373747.012473
-373743.507751
-373743.384394
-373742.057958
-373745.256458
-373745.521099
-373746.011174
-373745.760925
-373746.932974
-373749.262404
-373748.013603
-325374.573699
-325368.380826
-325365.959499
-325372.111989
-325375.779720
-325382.351795
-325382.422418
-325382.881037
-325384.145876
-325376.580418
-325372.646910
-325373.121245
-325371.080179
-325375.502473
-325375.442182
-325376.024660
-325375.451269
-325376.801979
-325380.007884
-325378.556090
-274241.688916
-274234.164543
-274230.960829
-274238.872093
-274242.324583
-274250.426435
-274249.675457
-274250.128445
-274252.583318
-274242.960730
-274238.592678
-274239.928168
-274236.826811
-274242.871130
-274242.283139
-274243.030600
-274242.020618
-274243.541265
-274247.850851
-274246.116389
-221072.986030
-221063.926647
-221059.727182
-221069.888419
-221072.788256
-221082.845441
-221080.936306
-221081.353289
-221085.466915
-221073.246696
-221068.453599
-221070.987583
-221066.368344
-221074.542180
-221073.152247
-221074.173600
-221072.588843
-221074.259007
-221079.944324
-221077.815598
-166509.963793
-166499.148021
-166493.686074
-166506.705257
-166508.591983
-166521.144235
-166517.655956
-166517.992208
-166524.352521
-166508.873819
-166503.683775
-166507.841313
-166501.110956
-166512.054376
-166509.499993
-166510.950732
-166508.624359
-166510.409387
-166517.794644
-166515.119878
-111125.023102
-111112.211265
-111105.155552
-111121.779469
-111122.043539
-111137.768841
-111132.181918
-111132.374753
-111141.708669
-111122.169964
-111116.633471
-111122.942930
-111113.345781
-111127.857961
-111123.668950
-111125.762976
-111122.494976
-111124.343136
-111133.812898
-111130.390802
-55433.947166
-55418.881132
-55409.823075
-55430.962143
-55428.815388
-55448.557056
-55440.237761
-55440.202466
-55453.397687
-55428.834494
-55423.028705
-55432.139155
-55418.727052
-55437.796268
-55431.372558
-55434.395733
-55429.947764
-55431.787068
-55443.795405
-55439.364693
94.516192
112.112866
123.673577
96.917505
102.475135
77.678136
89.495192
89.869894
71.740976
102.480465
108.447063
95.746524
114.147742
89.310430
98.724022
94.398474
100.308950
98.574241
83.493604
89.265910
1496.263963
1484.263584
1510.388864
1480.607061
1482.218571
1473.443767
1482.050609
1492.667764
1449.206839
1505.584837
1472.797790
1501.591266
1522.455429
1503.940211
1520.390281
1491.102263
1509.416474
1535.996666
1522.358088
1499.562294
166968102.343269
166968010.050485
166968055.457975
166968263.048581
166968546.088556
166968839.680036
166969028.086358
166969094.736551
166969025.730124
166968829.163805
166968605.307942
166968443.537882
166968334.776652
166968312.913384
166968316.271005
166968331.649223
166968348.924376
166968359.319686
166968331.600688
166968231.422054
277289077.846228
277288944.589714
277289025.886110
277289362.008906
277289842.912793
277290330.235108
277290661.985997
277290772.970648
277290647.727927
277290324.592380
277289952.700633
277289655.178077
277289470.937450
277289418.984868
277289432.873101
277289475.047630
277289512.123056
277289518.691950
277289454.173890
277289287.752535
353812847.344540
353812656.084585
353812756.447728
353813203.339722
353813860.981001
353814524.388805
353814981.455682
353815128.035450
353814944.889728
353814502.483246
353813993.342619
353813584.357187
353813344.547207
353813281.563689
353813317.082505
353813390.340591
353813454.084333
353813468.221881
353813376.727221
353813144.655075
406285782.708181
406285506.724130
406285607.867662
406286163.384096
406286996.734465
406287835.781466
406288409.428959
406288585.713438
406288341.447428
406287770.060876
406287122.950596
406286616.330253
406286336.692167
406286283.219594
406286350.654273
406286459.053572
406286553.660911
406286586.893706
406286482.099366
406286183.982038
439914208.852594
439913820.089426
439913904.698319
439914571.794330
439915584.592415
439916602.236208
439917284.789151
439917486.171893
439917178.785935
439916465.207144
439915676.855634
439915084.428890
439914778.695978
439914754.490117
439914861.876849
439915006.694085
439915133.432765
439915196.656504
439915094.356900
439914731.298553
457963291.169263
457962762.841098
457962814.727220
457963598.833016
457964793.257670
457965991.484456
457966772.392738
457966994.878357
457966626.266717
457965756.888560
457964825.216205
457964160.360191
457963840.027929
457963864.487431
457964016.676065
457964196.146314
457964352.914248
457964455.810583
457964373.898046
457963949.314989
462755245.947035
462754554.203150
462754558.371259
462755466.290413
462756839.332953
462758217.328873
462759081.125928
462759320.987054
462758898.712921
462757860.713948
462756786.877568
462756066.273060
462755739.807765
462755832.374925
462756030.416680
462756240.105144
462756421.325618
462756571.797462
462756529.984162
462756049.705085
456113533.642692
456112659.259977
456112602.107178
456113641.164846
456115181.922501
456116735.137837
456117660.357464
456117913.880192
456117452.306956
456116234.522041
456115024.378994
456114268.946476
456113940.815665
456114121.098445
456114361.744773
456114595.220049
456114792.026898
456114995.601322
456115014.731379
456114486.729465
439581041.513988
439579971.865839
439579841.556694
439581018.540777
439582705.964025
439584425.441499
439585384.218989
439585647.453773
439585168.251098
439583762.291517
439582427.647670
439581662.922505
439581332.719701
439581620.226333
439581895.527670
439582145.199910
439582345.887195
439582605.095837
439582706.031963
439582139.967445
414534745.352795
414533476.743689
414533263.816121
414534583.410536
414536384.486093
414538256.070245
414539214.420031
414539482.920982
414539014.797341
414537416.780289
414535976.532423
414535232.468680
414534894.427686
414535307.737702
414535604.839067
414535862.855313
414536053.603507
414536367.371872
414536569.413662
414535976.118452
382248704.255007
382247244.668590
382246942.962264
382248405.378972
382250273.935240
382252277.019524
382253195.907815
382253464.477242
382253041.888382
382251255.116949
382249736.300333
382249046.365578
382248689.611876
382249244.721310
382249546.025722
382249805.102331
382249971.017803
382250334.105409
382250652.859550
382250043.892619
343929517.546067
343927889.842189
343927497.880934
343929095.357872
343930971.811096
343933077.248185
343933914.655688
343934177.133517
343933837.639833
343931876.605900
343930315.309860
343929714.653309
343929324.608905
343930032.098159
343930316.036298
343930570.079880
343930696.603023
343931099.144783
343931543.734179
343930931.152429
300736333.401786
300734578.992604
300734101.994344
300735813.765973
300737626.235784
300739792.974435
300740507.203658
300740756.360062
300740536.237697
300738432.370301
300736874.455809
300736396.868167
300735958.306791
300736818.885674
300737061.600722
300737305.931385
300737380.685566
300737807.893357
300738377.360951
300737773.875973
253791836.314790
253790019.345805
253789472.078288
253791257.352225
253792924.682611
253795094.615187
253795649.150924
253795876.757911
253795804.401548
253793614.042390
253792115.574565
253791788.898099
253791291.238276
253792289.122127
253792467.455433
253792698.401678
253792713.572429
253793145.665002
253793824.397113
253793244.119657
204187799.642264
204186011.699339
204185422.448328
204187210.838267
204188648.171223
204190738.584837
204191108.870330
204191306.045063
204191392.632228
204189207.784777
204187835.075204
204187674.662549
204187120.185753
204188213.648097
204188309.895459
204188523.479684
204188478.832185
204188891.271465
204189643.233495
204189103.243042
152987285.935351
152985651.292632
152985067.261771
152986746.034923
152987873.701775
152989766.625225
152989949.172260
152990107.102044
152990333.918050
152988296.385890
152987125.523137
152987125.280892
152986541.070288
152987649.400535
152987658.400932
152987847.778393
152987754.441786
152988118.564139
152988880.108061
152988403.123743
101224745.539978
101223426.956214
101222921.474774
101224318.871582
101225075.492656
101226603.121891
101226627.431770
101226738.608036
101227040.357121
101225359.960061
101224475.690841
101224596.178340
101224050.690244
101225036.659063
101224975.877847
101225127.130218
101225012.299962
101225296.442071
101225967.409795
101225585.880779
49904785.463286
49903990.525027
49903672.501394
49904536.276719
49904897.094154
49905822.361290
49905766.195730
49905826.302048
49906069.653617
49905047.286400
49904541.094257
49904694.078394
49904319.383457
49904966.183427
49904889.560457
49904975.377808
49904888.112184
49905059.342709
49905492.152163
49905254.130220
96.263963
84.263584
110.388864
80.607061
82.218571
73.443767
82.050609
92.667764
49.206839
105.584837
72.797790
101.591266
122.455429
103.940211
120.390281
91.102263
109.416474
135.996666
122.358088
99.562294
1497.755282
1503.987457
1505.872199
1482.125187
1465.442567
1474.430877
1539.710938
1505.452120
1448.224090
1529.832844
1466.222488
1513.936765
1514.729961
1497.000433
1511.201174
1466.639247
1506.440738
1518.168074
1511.889921
1497.905845
-141181236427.081940
-141181246982.746429
-141181296825.072388
-141181386184.362274
-141181499369.085114
-141181610507.003204
-141181692676.214722
-141181727798.374756
-141181711265.254822
-141181652586.853485
-141181571651.307159
-141181489824.412964
-141181422310.279114
-141181375476.559998
-141181346989.962860
-141181330051.953033
-141181316626.649017
-141181300051.092163
-141181277320.331299
-141181252097.256775
-235166477744.425720
-235166484707.500183
-235166567780.898346
-235166729859.997223
-235166940607.869141
-235167148725.712280
-235167301435.143433
-235167363903.193604
-235167328045.369690
-235167213527.739899
-235167060413.676056
-235166910626.049866
-235166792539.441895
-235166716114.086395
-235166674557.807007
-235166653438.196899
-235166636933.831146
-235166611656.862122
-235166570232.211731
-235166517878.396912
-301276926050.375549
-301276916480.400330
-301277021622.505310
-301277249633.894897
-301277554255.373230
-301277856512.682129
-301278076134.902405
-301278161819.590393
-301278102572.864014
-301277929214.447083
-301277704720.600464
-301277492966.261658
-301277334354.815369
-301277240258.762024
-301277196649.714722
-301277180477.001953
-301277168481.070557
-301277140622.177124
-301277083271.669067
-301277000426.041870
-347563192572.632202
-347563154966.988586
-347563272888.908447
-347563562344.201233
-347563958887.266541
-347564353646.084290
-347564637172.609314
-347564742744.471558
-347564656845.931763
-347564421475.506897
-347564125849.225281
-347563857265.175415
-347563666519.935303
-347563564624.265503
-347563527200.208130
-347563522185.173828
-347563519988.840515
-347563494819.551208
-347563424960.781189
-347563309542.740173
-378183286962.599670
-378183211483.561279
-378183333894.467590
-378183680535.169556
-378184165843.533020
-378184649889.759827
-378184992895.358643
-378185115125.595337
-378185000813.804810
-378184701620.035400
-378184336551.100952
-378184017236.116089
-378183802302.560303
-378183701323.395935
-378183676115.645813
-378183686013.891174
-378183696876.184021
-378183678974.563538
-378183600967.500305
-378183452731.942383
-395655395707.437622
-395655274570.355957
-395655394018.879517
-395655793038.667175
-395656361493.796143
-395656929009.091187
-395657324924.886414
-395657460491.610657
-395657317890.369751
-395656955043.362488
-395656524427.197937
-395656162013.879578
-395655930572.713501
-395655838290.323669
-395655829332.023438
-395655855778.119446
-395655881099.086243
-395655874266.619019
-395655793277.446228
-395655613884.377747
-401728747063.799377
-401728575006.770386
-401728684959.630676
-401729130616.273987
-401729773453.171509
-401730415598.982361
-401730855477.673828
-401731000924.108643
-401730832257.469543
-401730408251.697693
-401729918548.170410
-401729522334.151123
-401729281652.836182
-401729204882.281799
-401729214297.169495
-401729257119.037109
-401729296615.928223
-401729303717.848450
-401729225401.970398
-401729018303.225159
-397772736702.746765
-397772511474.386719
-397772606480.158936
-397773091833.896362
-397773796755.802551
-397774501549.438354
-397774974111.908142
-397775125854.190613
-397774935497.705200
-397774455391.930481
-397773915788.964661
-397773496640.281311
-397773253333.587402
-397773197777.963257
-397773225851.033508
-397773283402.753540
-397773335331.877991
-397773358126.897705
-397773288207.333923
-397773058431.828552
-384967418941.934326
-384967141755.995178
-384967217635.735291
-384967734321.695374
-384968485357.335327
-384969237723.171997
-384969729626.324707
-384969883977.973450
-384969678324.328674
-384969149940.621094
-384968572376.301514
-384968142463.469055
-384967902278.126099
-384967872307.433411
-384967917590.934692
-384967987107.219177
-384968048546.806641
-384968087542.354126
-384968031320.623779
-384967785194.704163
-364401645844.045593
-364401321751.272522
-364401375789.046143
-364401913791.379822
-364402691408.416626
-364403473349.964966
-364403969657.160217
-364404122861.628601
-364403909978.886047
-364403344082.032532
-364402743129.849060
-364402315512.590942
-364402083208.810608
-364402081579.175476
-364402141069.481567
-364402219027.713928
-364402286222.277100
-364402340580.594910
-364402302409.993225
-364402047239.633484
-337124193072.131714
-337123831195.575806
-337123862311.876953
-337124409738.145325
-337125191248.885620
-337125982113.653198
-337126466955.859924
-337126615228.822937
-337126404301.254089
-337125814754.301514
-337125207358.428284
-337124795425.485535
-337124574805.349731
-337124602328.712036
-337124671740.085144
-337124754207.411133
-337124822964.012695
-337124890479.618958
-337124873234.320374
-337124616973.354004
-304169201074.219177
-304168814646.821228
-304168823537.909973
-304169366417.834961
-304170126713.798767
-304170903542.132141
-304171360949.297424
-304171500536.792786
-304171301099.372742
-304170704964.631897
-304170110005.942505
-304169726782.805542
-304169520893.314148
-304169576077.408081
-304169650229.064514
-304169733169.423035
-304169799287.453613
-304169876453.136780
-304169881035.627563
-304169631961.551514
-266566781993.780457
-266566388127.691467
-266566377347.267059
-266566899509.258728
-266567612146.526794
-266568350118.728607
-266568764982.155121
-266568892241.909607
-266568713250.390228
-266568130771.868561
-266567568444.845642
-266567225799.399719
-266567037308.531738
-266567116009.294769
-266567189328.061890
-266567268846.709076
-266567328553.546387
-266567410728.521576
-266567435671.364166
-266567202084.880463
-225344682925.623138
-225344302032.055389
-225344275978.919128
-225344759095.503845
-225345397723.425079
-225346070751.833679
-225346429850.712189
-225346541362.553864
-225346390183.023468
-225345844542.707642
-225345335526.693237
-225345043329.662994
-225344875032.602814
-225344970197.096832
-225345037316.275970
-225345109827.698578
-225345160181.991974
-225345241871.233276
-225345283107.177368
-225345073062.039673
-181524387114.948029
-181524041881.763733
-181524006637.616241
-181524430580.343536
-181524970660.667572
-181525552218.819977
-181525845207.045837
-181525937914.236908
-181525819370.816528
-181525336055.135681
-181524900470.012238
-181524665804.299347
-181524521160.480469
-181524622790.171356
-181524679193.277679
-181524741513.463074
-181524780724.997498
-181524855972.539825
-181524906870.112854
-181524727924.834351
-136113692785.496231
-136113406607.512100
-136113369541.712814
-136113713250.259491
-136114133949.513611
-136114598292.245865
-136114818494.244461
-136114889870.603714
-136114805559.251480
-136114411101.289993
-136114067247.717636
-136113893809.444504
-136113777336.003662
-136113872870.615479
-136113915483.779800
-136113964870.924805
-136113992470.410629
-136114055361.196838
-136114107151.871719
-136113966113.302551
-90097056606.530014
-90096851350.936249
-90096820372.553986
-90097063524.479507
-90097349576.363937
-90097673585.945496
-90097818391.071136
-90097866618.503403
-90097814780.747955
-90097534556.277405
-90097297454.281494
-90097185350.126221
-90097102600.421005
-90097178014.781998
-90097205590.971558
-90097239791.449371
-90097256564.498383
-90097301818.748016
-90097344577.511307
-90097247177.026627
-44424548782.841133
-44424441759.471542
-44424424049.685661
-44424549919.684074
-44424693142.923294
-44424859140.368225
-44424929712.967026
-44424953840.065201
-44424930194.893456
-44424784843.950439
-44424664601.277458
-44424610823.272369
-44424567556.854774
-44424609580.729126
-44424622639.585144
-44424640040.130096
-44424647616.391174
-44424671247.165024
-44424695631.751602
-44424646036.603737
97.755282
103.987457
105.872199
82.125187
65.442567
74.430877
139.710938
105.452120
48.224090
129.832844
66.222488
113.936765
114.729961
97.000433
111.201174
66.639247
106.440738
118.168074
111.889921
97.905845
1512.730967
1493.835668
1498.209747
1490.643238
1475.675779
1515.846562
1528.443158
1500.672272
1427.069265
1502.364905
1482.589778
1483.911226
1531.534893
1505.747782
1517.072794
1476.763569
1499.164315
1491.985539
1539.373946
1501.950477
122643415000935.250000
122643432190314.687500
122643466850844.937500
122643517212329.296875
122643575993726.750000
122643632206756.140625
122643674575952.781250
122643695061289.203125
122643691088909.484375
122643665894403.437500
122643626954249.703125
122643583100096.296875
122643541702684.046875
122643507042768.703125
122643480135333.062500
122643459704095.062500
122643443562569.781250
122643429963571.718750
122643418770377.203125
122643412261815.203125
204366146378642.656250
204366172261048.281250
204366231543553.593750
204366321932881.250000
204366429684260.593750
204366533417645.625000
204366611189015.500000
204366647602698.812500
204366638068097.906250
204366589390229.937500
204366516615269.437500
204366436981025.625000
204366364223366.968750
204366305617977.187500
204366261976012.968750
204366229931000.187500
204366204634250.937500
204366182125717.031250
204366161449516.500000
204366146510168.187500
261971358049580.812500
261971386227184.968750
261971463921299.750000
261971589387970.531250
261971742394944.687500
261971890651426.093750
261972001098052.406250
261972051011680.968750
261972034090696.531250
261971961258760.406250
261971855965901.031250
261971744252177.687500
261971645817797.250000
261971570024819.687500
261971516366627.906250
261971478641909.093750
261971448943196.750000
261971420690417.000000
261971391396890.281250
261971365928173.125000
302444913358589.875000
302444938584817.812500
302445029683712.250000
302445186410371.187500
302445381835269.937500
302445572250860.500000
302445713110674.375000
302445774545252.812500
302445748793617.812500
302445651231066.250000
302445514518573.312500
302445373837130.125000
302445254376477.312500
302445166780819.000000
302445108211434.125000
302445069159942.000000
302445038589783.437500
302445007180729.437500
302444970273668.500000
302444932855292.062500
329375623782059.187500
329375641757797.187500
329375741783304.812500
329375925932101.000000
329376160366171.000000
329376389829392.000000
329376558290084.125000
329376629287274.562500
329376593839879.625000
329376471740041.875000
329376305436949.312500
329376139289901.437500
329376003259166.062500
329375908563976.312500
329375849118909.375000
329375811943733.875000
329375783125793.687500
329375750796706.875000
329375707609321.687500
329375657675007.687500
344919244972004.875000
344919252366975.312500
344919357201503.875000
344919564529049.062500
344919833476966.750000
344920097663379.250000
344920290039929.437500
344920368545081.875000
344920323214628.562500
344920177787940.812500
344919984767310.000000
344919797327043.375000
344919649193625.562500
344919551608830.812500
344919494441182.812500
344919461384604.937500
344919436161726.687500
344919404829680.437500
344919357012568.125000
344919294870461.500000
350560395397175.062500
350560389934454.187500
350560495816916.250000
350560721549706.062500
350561019251440.437500
350561312494470.687500
350561524164764.500000
350561608012882.687500
350561553331162.000000
350561386893678.125000
350561171155552.375000
350560967295980.937500
350560811533680.000000
350560714797866.125000
350560662255891.000000
350560634720996.375000
350560614232845.500000
350560585469996.375000
350560534902527.812500
350560461688161.562500
347454840437741.000000
347454820977500.875000
347454924554483.125000
347455163376434.625000
347455482801647.500000
347455798133887.625000
347456023608085.062500
347456110550149.062500
347456047756999.000000
347455863732699.812500
347455630368507.375000
347455415578557.500000
347455256586376.937500
347455163929134.875000
347455117606362.562500
347455096266925.875000
347455081025563.000000
347455056021358.562500
347455004688004.125000
347454922272962.812500
336598185801470.937500
336598152391867.250000
336598250781329.562500
336598496881835.250000
336598829843204.000000
336599159147788.687500
336599392225742.625000
336599479972595.312500
336599410952382.562500
336599213813009.875000
336598968888787.250000
336598749116161.375000
336598591115304.500000
336598505201966.062500
336598465991803.937500
336598450907511.937500
336598440886034.000000
336598420417514.125000
336598370269892.687500
336598281137176.125000
318913360620041.625000
318913314495609.000000
318913405343073.687500
318913652506241.562500
318913989871522.937500
318914324115510.750000
318914558109224.500000
318914644383589.437500
318914571550875.312500
318914366701728.750000
318914117075295.125000
318913898523524.500000
318913745459475.187500
318913668338253.250000
318913636506326.312500
318913627245765.812500
318913621982698.750000
318913606403311.125000
318913559222949.062500
318913466317791.375000
295296338311732.875000
295296281825973.687500
295296363342223.750000
295296605070820.562500
295296937062756.437500
295297266595624.500000
295297494599616.250000
295297577191970.000000
295297503332096.250000
295297296946253.625000
295297050026839.812500
295296838921165.500000
295296694385020.562500
295296627448684.437500
295296602727519.375000
295296598495351.437500
295296597211537.812500
295296586464171.625000
295296543739218.562500
295296450303795.062500
266638709227890.843750
266638645711391.375000
266638716684842.843750
266638946358403.156250
266639262931521.343750
266639577836157.750000
266639793028605.218750
266639869854749.625000
266639797930036.281250
266639596730619.343750
266639360188546.281250
266639162525006.343750
266639029700095.593750
266638973671730.531250
266638955377099.781250
266638955139631.625000
266638956861130.843750
266638950517950.687500
266638913346325.218750
266638822746547.250000
233836640862562.843750
233836574402694.000000
233836634181866.156250
233836845251299.031250
233837136530261.343750
233837427015610.875000
233837622971078.906250
233837692129983.500000
233837625067379.531250
233837436056235.031250
233837217491897.437500
233837038785226.343750
233836920418374.218750
233836875370256.187500
233836862534354.906250
233836865137551.937500
233836868816264.218750
233836866145270.156250
233836835175765.000000
233836750727741.343750
197791473667462.812500
197791408811348.500000
197791457254534.812500
197791643476336.437500
197791900233877.218750
197792157058942.843750
197792328051097.656250
197792387881559.218750
197792328362127.718750
197792158493636.343750
197791965078047.656250
197791810125862.218750
197791708516687.593750
197791673931238.031250
197791665444187.093750
197791669719252.156250
197791674342216.406250
197791674397869.843750
197791649818986.062500
197791574621689.718750
159405037614622.937500
159404979004121.843750
159405016395197.750000
159405172106923.406250
159405386252003.843750
159405601170219.468750
159405742441343.562500
159405791575547.687500
159405741849136.937500
159405597650468.093750
159405435753429.406250
159405308435512.406250
159405225432292.625000
159405200313164.937500
159405195061190.406250
159405199914674.843750
159405204593253.218750
159405206325887.531250
159405187909077.656250
159405124688463.562500
119571621585714.968750
119571573542023.046875
119571600473991.328125
119571720908122.578125
119571885948079.171875
119572052158411.687500
119572160132849.078125
119572197544231.703125
119572159292811.406250
119572046437981.359375
119571921264166.609375
119571824395357.828125
119571761383249.781250
119571744421455.921875
119571741408014.296875
119571745895529.265625
119571749927118.312500
119571752303274.796875
119571739502265.890625
119571690470877.390625
79167882789874.203125
79167848876365.093750
79167866108467.968750
79167947732889.750000
79168059168740.515625
79168171753959.609375
79168244176026.609375
79168269218155.187500
79168243486978.906250
79168166343132.578125
79168081600681.750000
79168016852714.765625
79167974721157.843750
79167964514019.093750
79167962950082.562500
79167966334417.515625
79167969232234.859375
79167971355660.562500
79167963455922.640625
79167930191399.765625
39041606835764.070312
39041589441135.156250
39041597742056.007812
39041638600207.968750
39041694214015.273438
39041750535528.828125
39041786520362.835938
39041798953170.726562
39041786158143.210938
39041747340576.773438
39041704970792.382812
39041672870852.453125
39041651954016.125000
39041647261401.976562
39041646614465.929688
39041648409482.796875
39041649900750.492188
39041651121810.968750
39041647423191.734375
39041630769768.820312
112.730967
93.835668
98.209747
90.643238
75.675779
115.846562
128.443158
100.672272
27.069265
102.364905
82.589778
83.911226
131.534893
105.747782
117.072794
76.763569
99.164315
91.985539
139.373946
101.950477
1529.152977
1493.773293
1510.880245
1534.956486
1465.899263
1493.385649
1525.722647
1521.346945
1438.327183
1525.392432
1478.211125
1480.533603
1541.233843
1515.743696
1538.990050
1513.108435
1501.761132
1477.656880
1541.287027
1508.876082
-107079033890520304.000000
-107079048137029904.000000
-107079070616272352.000000
-107079099655033808.000000
-107079131570961648.000000
-107079161388116128.000000
-107079184116982448.000000
-107079196096190128.000000
-107079195901360288.000000
-107079184542567040.000000
-107079164929642560.000000
-107079140844039520.000000
-107079115857139568.000000
-107079092586930320.000000
-107079072461209968.000000
-107079055934965440.000000
-107079042961100816.000000
-107079033518466784.000000
-107079028047359392.000000
-107079027649367088.000000
-178443106504282848.000000
-178443130005997952.000000
-178443168919119680.000000
-178443220558268288.000000
-178443278150697792.000000
-178443332262180992.000000
-178443373381150624.000000
-178443394597052896.000000
-178443393362603296.000000
-178443371840747968.000000
-178443335800023488.000000
-178443292506523680.000000
-178443248570776864.000000
-178443208560673920.000000
-178443174656016608.000000
-178443147192053728.000000
-178443125618201088.000000
-178443109509116288.000000
-178443099416493088.000000
-178443097347589056.000000
-228766739302847168.000000
-228766768737543424.000000
-228766820518082560.000000
-228766891423821120.000000
-228766971791480320.000000
-228767047748698016.000000
-228767105254983328.000000
-228767134230321472.000000
-228767131166236544.000000
-228767099595522496.000000
-228767048361780256.000000
-228766988265103104.000000
-228766928745562560.000000
-228766875908140192.000000
-228766832181188448.000000
-228766797331857120.000000
-228766769948859520.000000
-228766748894461216.000000
-228766734552754112.000000
-228766729691405472.000000
-264149004412917952.000000
-264149037136687936.000000
-264149098943919104.000000
-264149186476362528.000000
-264149287313593440.000000
-264149383147537600.000000
-264149455411588512.000000
-264149490953252768.000000
-264149485440012480.000000
-264149443933905760.000000
-264149378536108864.000000
-264149303608851968.000000
-264149231214783552.000000
-264149168638948000.000000
-264149118143654880.000000
-264149078611430272.000000
-264149047555774272.000000
-264149022932456096.000000
-264149004720252160.000000
-264148996262104384.000000
-287720318132534592.000000
-287720351925532160.000000
-287720421182134976.000000
-287720522745885536.000000
-287720641596864896.000000
-287720755116088384.000000
-287720840355761408.000000
-287720881298233536.000000
-287720872926170240.000000
-287720821890154176.000000
-287720743614453248.000000
-287720655932066976.000000
-287720573245149152.000000
-287720503677760544.000000
-287720448980371840.000000
-287720406959380256.000000
-287720373975341824.000000
-287720346998268160.000000
-287720325410120352.000000
-287720312897001056.000000
-301358049562131008.000000
-301358082570790144.000000
-301358156832934720.000000
-301358269673786176.000000
-301358403690725120.000000
-301358532257450816.000000
-301358628376202944.000000
-301358673508597696.000000
-301358662099489408.000000
-301358602329464896.000000
-301358512862551616.000000
-301358414758005888.000000
-301358324379934976.000000
-301358250366604992.000000
-301358193678817088.000000
-301358150973411904.000000
-301358117500133184.000000
-301358089269926272.000000
-301358064931796096.000000
-301358048251490688.000000
-306352518518676608.000000
-306352549256540224.000000
-306352626193421120.000000
-306352747349624512.000000
-306352893232368640.000000
-306353033712940416.000000
-306353138270408384.000000
-306353186325974912.000000
-306353171941089216.000000
-306353104646967232.000000
-306353006102400192.000000
-306352900186391104.000000
-306352804757641280.000000
-306352728671186944.000000
-306352671893767616.000000
-306352629968516736.000000
-306352597174112768.000000
-306352568680131200.000000
-306352542330390784.000000
-306352521699446720.000000
-303706566504629696.000000
-303706593865560000.000000
-303706671278870848.000000
-303706797599890304.000000
-303706951622625024.000000
-303707100423033664.000000
-303707210669449600.000000
-303707260340765760.000000
-303707243274607616.000000
-303707170062353920.000000
-303707064948396480.000000
-303706954068560768.000000
-303706856236062912.000000
-303706780264142912.000000
-303706725001742656.000000
-303706685011226240.000000
-303706653812428288.000000
-303706625922592320.000000
-303706598377514880.000000
-303706574309321088.000000
-294283493693735040.000000
-294283516958677696.000000
-294283592815369024.000000
-294283721016019776.000000
-294283879106521344.000000
-294284032259356800.000000
-294284145207590784.000000
-294284195173544576.000000
-294284175932993792.000000
-294284098757219456.000000
-294283989907925248.000000
-294283877075150336.000000
-294283779439080320.000000
-294283705558410368.000000
-294283653128110720.000000
-294283615943526208.000000
-294283587024508864.000000
-294283560473473024.000000
-294283532585791296.000000
-294283505845665792.000000
-278883984526391392.000000
-278884003355108640.000000
-278884075821437888.000000
-278884202557194496.000000
-278884360412500576.000000
-278884513698837952.000000
-278884626220839232.000000
-278884675179059744.000000
-278884654448724320.000000
-278884575541852416.000000
-278884466022040704.000000
-278884354317642080.000000
-278884259371440320.000000
-278884189320863584.000000
-278884140763488288.000000
-278884107001832960.000000
-278884080836861504.000000
-278884056217862656.000000
-278884028833733536.000000
-278884000383366400.000000
-258286437294844512.000000
-258286451698876256.000000
-258286519169721536.000000
-258286641125561952.000000
-258286794353898912.000000
-258286943449382464.000000
-258287052388060160.000000
-258287099089364896.000000
-258287077685177984.000000
-258286999467494240.000000
-258286892458763360.000000
-258286784931268288.000000
-258286695002467904.000000
-258286630261092576.000000
-258286586358629440.000000
-258286556415658112.000000
-258286533296377568.000000
-258286511059230016.000000
-258286484977626016.000000
-258286455911789312.000000
-233266934988532960.000000
-233266945284598208.000000
-233267006404874816.000000
-233267120392582720.000000
-233267264672971936.000000
-233267405309286688.000000
-233267507598248128.000000
-233267550880920320.000000
-233267529695079808.000000
-233267454669731360.000000
-233267353343763936.000000
-233267252902163424.000000
-233267170098349024.000000
-233267111872117760.000000
-233267073171815328.000000
-233267047257977216.000000
-233267027324381696.000000
-233267007780509536.000000
-233266983718246176.000000
-233266955197037696.000000
-204607181048244928.000000
-204607187793549792.000000
-204607241470221344.000000
-204607344529972800.000000
-204607475780909408.000000
-204607603914366432.000000
-204607696698362752.000000
-204607735520657632.000000
-204607715461861824.000000
-204607646099207456.000000
-204607553484670304.000000
-204607462794217824.000000
-204607388956492320.000000
-204607338174929312.000000
-204607305019067680.000000
-204607283196807904.000000
-204607266470082016.000000
-204607249804419360.000000
-204607228369259264.000000
-204607201549277504.000000
-173094991497225792.000000
-173094995410087936.000000
-173095040814417568.000000
-173095130316597600.000000
-173095244864648448.000000
-173095356843664832.000000
-173095437592858816.000000
-173095471062433504.000000
-173095452995882144.000000
-173095391612235456.000000
-173095310461917280.000000
-173095231848060224.000000
-173095168513084992.000000
-173095125836803680.000000
-173095098396207648.000000
-173095080616790176.000000
-173095067031909120.000000
-173095053320687392.000000
-173095034994085600.000000
-173095010961879328.000000
-139520055936964144.000000
-139520057807905216.000000
-139520094368507232.000000
-139520168111398096.000000
-139520262850072848.000000
-139520355573250784.000000
-139520422184866704.000000
-139520449583999104.000000
-139520434275704768.000000
-139520382912315424.000000
-139520315577475696.000000
-139520250942943760.000000
-139520199313742864.000000
-139520165152252912.000000
-139520143461102144.000000
-139520129599215472.000000
-139520119035249968.000000
-139520108268054384.000000
-139520093398085472.000000
-139520073109016912.000000
-104666680101861712.000000
-104666680701812512.000000
-104666708089875424.000000
-104666764388306400.000000
-104666836917461456.000000
-104666907973917264.000000
-104666958855638096.000000
-104666979661226208.000000
-104666967730746080.000000
-104666928039752048.000000
-104666876358783616.000000
-104666827118038960.000000
-104666788043301344.000000
-104666762581569504.000000
-104666746570918352.000000
-104666736455601968.000000
-104666728762003168.000000
-104666720866014224.000000
-104666709669876976.000000
-104666693895223680.000000
-69304663749696032.000000
-69304663743077264.000000
-69304681851841456.000000
-69304719611244472.000000
-69304768347836256.000000
-69304816131509896.000000
-69304850262209432.000000
-69304864159678632.000000
-69304856044412600.000000
-69304829189345352.000000
-69304794397642584.000000
-69304761431753904.000000
-69304735393328944.000000
-69304718624402312.000000
-69304708152037888.000000
-69304701592808728.000000
-69304696610488592.000000
-69304691474547512.000000
-69304684048857616.000000
-69304673333597696.000000
-34179139977598588.000000
-34179139848585972.000000
-34179148769740256.000000
-34179167539518884.000000
-34179191791877648.000000
-34179215581897320.000000
-34179232546910356.000000
-34179239437336392.000000
-34179235370112248.000000
-34179221949129448.000000
-34179204616392480.000000
-34179188249941784.000000
-34179175358581488.000000
-34179167118450488.000000
-34179161993280932.000000
-34179158800670564.000000
-34179156377353064.000000
-34179153873450220.000000
-34179150209443668.000000
-34179144842749300.000000
129.152977
93.773293
110.880245
134.956486
65.899263
93.385649
125.722647
121.346945
38.327183
125.392432
78.211125
80.533603
141.233843
115.743696
138.990050
113.108435
101.761132
77.656880
141.287027
108.876082
1523.243192
1475.823892
1529.588065
1544.397570
1479.698372
1480.554082
1555.878345
1542.001150
1455.663168
1508.746918
1477.210608
1496.384504
1559.796285
1516.948991
1526.179618
1499.784712
1519.777008
1501.084550
1534.819958
1480.712519
93590544633609748480.000000
93590554657942257664.000000
93590568786910330880.000000
93590585809717313536.000000
93590603760417406976.000000
93590620230727974912.000000
93590632874929324032.000000
93590639936741261312.000000
93590640621854244864.000000
93590635204590059520.000000
93590624853989703680.000000
93590611261807837184.000000
93590596219199553536.000000
93590581283416588288.000000
93590567613790257152.000000
93590555980152930304.000000
93590546888241692672.000000
93590540745451044864.000000
93590537992266874880.000000
93590539134677123072.000000
155967392976744939520.000000
155967410036527202304.000000
155967434635979259904.000000
155967464729113952256.000000
155967496763465859072.000000
155967526277917278208.000000
155967548895888408576.000000
155967561360474636288.000000
155967562254323843072.000000
155967552190206050304.000000
155967533447499808768.000000
155967509221209276416.000000
155967482790707232768.000000
155967456894256414720.000000
155967433453595688960.000000
155967413637886083072.000000
155967398140850438144.000000
155967387523011510272.000000
155967382488094179328.000000
155967383976629764096.000000
199957299751164542976.000000
199957321999737913344.000000
199957354964674576384.000000
199957396005894422528.000000
199957440157538648064.000000
199957481018413580288.000000
199957512266357964800.000000
199957529230048034816.000000
199957529959923679232.000000
199957515489849081856.000000
199957489256575860736.000000
199957455927633870848.000000
199957420139769987072.000000
199957385596577546240.000000
199957354721148207104.000000
199957328823091527680.000000
199957308556230361088.000000
199957294449467654144.000000
199957287343049834496.000000
199957288576024215552.000000
230891076771060318208.000000
230891102751434473472.000000
230891142412257951744.000000
230891192714226958336.000000
230891247413597536256.000000
230891298258891833344.000000
230891337055279284224.000000
230891357794104541184.000000
230891358069345878016.000000
230891339399471661056.000000
230891306413368606720.000000
230891265219120398336.000000
230891221695018532864.000000
230891180330558849024.000000
230891143842956345344.000000
230891113490043994112.000000
230891089724732211200.000000
230891072911315632128.000000
230891063922995855360.000000
230891064452316135424.000000
251504332998103171072.000000
251504361442942812160.000000
251504406267327971328.000000
251504464203187814400.000000
251504527872599687168.000000
251504587301651578880.000000
251504632542477352960.000000
251504656359665074176.000000
251504655967592972288.000000
251504633401990709248.000000
251504594474133684224.000000
251504546657554989056.000000
251504496931602694144.000000
251504450398207574016.000000
251504409893739036672.000000
251504376483929161728.000000
251504350315958009856.000000
251504331500987777024.000000
251504320859067514880.000000
251504320374565011456.000000
263437106539793645568.000000
263437136315118551040.000000
263437184820483686400.000000
263437248709721522176.000000
263437319637857959936.000000
263437386095744811008.000000
263437436568069242880.000000
263437462749403840512.000000
263437461556511539200.000000
263437435539235209216.000000
263437391625686024192.000000
263437338523552710656.000000
263437284137833365504.000000
263437234008979472384.000000
263437190944431112192.000000
263437155723321802752.000000
263437128131701112832.000000
263437107979307614208.000000
263437095964445605888.000000
263437094286731247616.000000
267816093683162349568.000000
267816123777718648832.000000
267816174514067177472.000000
267816242598278070272.000000
267816318913382416384.000000
267816390667598069760.000000
267816445033507880960.000000
267816472839619477504.000000
267816470792187150336.000000
267816441915045019648.000000
267816394128833871872.000000
267816337185859010560.000000
267816279706896007168.000000
267816227497880616960.000000
267816183215770599424.000000
267816147300504961024.000000
267816119164730179584.000000
267816098304577765376.000000
267816085246938873856.000000
267816082320323084288.000000
265516610163768983552.000000
265516639692948078592.000000
265516691252807139328.000000
265516761709825720320.000000
265516841397556576256.000000
265516916557226639360.000000
265516973369856851968.000000
265517002043830992896.000000
265516999165577658368.000000
265516968157778182144.000000
265516917752546426880.000000
265516858502994198528.000000
265516799506958024704.000000
265516746667562205184.000000
265516702397247193088.000000
265516666782054154240.000000
265516638885243650048.000000
265516617908310573056.000000
265516604177149198336.000000
265516600059428438016.000000
257292016263873921024.000000
257292044476253536256.000000
257292095515280703488.000000
257292166492279308288.000000
257292247437848248320.000000
257292323996562849792.000000
257292381733502844928.000000
257292410515588481024.000000
257292406901503885312.000000
257292374607329886208.000000
257292322944573898752.000000
257292262977243971584.000000
257292204021262614528.000000
257292151917666009088.000000
257292108768712851456.000000
257292074324875182080.000000
257292047352853757952.000000
257292026803733594112.000000
257292012793147359232.000000
257292007641354174464.000000
243841064645557878784.000000
243841090926952120320.000000
243841140187862827008.000000
243841209844512194560.000000
243841289889439481856.000000
243841365782520004608.000000
243841422889441067008.000000
243841451035058307072.000000
243841446841362579456.000000
243841414189111705600.000000
243841362694953140224.000000
243841303609175212032.000000
243841246196880506880.000000
243841196090467450880.000000
243841155044741611520.000000
243841122520091525120.000000
243841097060450959360.000000
243841077429377236992.000000
243841063542318891008.000000
243841057594617266176.000000
225843243441381376000.000000
225843267314212372480.000000
225843313650294587392.000000
225843380206996160512.000000
225843457214607458304.000000
225843530385061937152.000000
225843585325085556736.000000
225843612124023947264.000000
225843607554710700032.000000
225843575519279874048.000000
225843525634632318976.000000
225843468991873122304.000000
225843414537597845504.000000
225843367564464095232.000000
225843329469770104832.000000
225843299489716666368.000000
225843276032421036032.000000
225843257748550385664.000000
225843244380539518976.000000
225843237935014903808.000000
203976300572492234752.000000
203976321689809158144.000000
203976364085955756032.000000
203976425873757470720.000000
203976497798957891584.000000
203976566267678752768.000000
203976617573052350464.000000
203976642368490700800.000000
203976637659254521856.000000
203976607220553383936.000000
203976560347830321152.000000
203976507622254903296.000000
203976457416605270016.000000
203976414569812492288.000000
203976380136253751296.000000
203976353206951510016.000000
203976332146928877568.000000
203976315573601632256.000000
203976303097240649728.000000
203976296488647327744.000000
178923220837319376896.000000
178923238971716894720.000000
178923276561800790016.000000
178923332071325663232.000000
178923397030734331904.000000
178923458967026368512.000000
178923505290145857536.000000
178923527496492646400.000000
178923522897078583296.000000
178923494996476264448.000000
178923452445724344320.000000
178923404976441851904.000000
178923360155073642496.000000
178923322270754373632.000000
178923292070120390656.000000
178923268583717240832.000000
178923250225320820736.000000
178923235657549938688.000000
178923224408702976000.000000
178923217984385515520.000000
151372667774040834048.000000
151372682802360844288.000000
151372714882330722304.000000
151372762809404030976.000000
151372819148195954688.000000
151372872937012592640.000000
151372913098135666688.000000
151372932216905891840.000000
151372927973047107584.000000
151372903470121811968.000000
151372866407331299328.000000
151372825354665885696.000000
151372786871532453888.000000
151372754619363590144.000000
151372729087376031744.000000
151372709328956915712.000000
151372693891902701568.000000
151372681556041793536.000000
151372671822296580096.000000
151372665918552178688.000000
122015262389942075392.000000
122015274275078684672.000000
122015300311538614272.000000
122015339597427310592.000000
122015385949455810560.000000
122015430251974213632.000000
122015463281255563264.000000
122015478914354855936.000000
122015475250488967168.000000
122015454882381561856.000000
122015424282588495872.000000
122015390590377803776.000000
122015359196327968768.000000
122015333074481332224.000000
122015312515465199616.000000
122015296671168233472.000000
122015284297445982208.000000
122015274352779018240.000000
122015266364577071104.000000
122015261284685627392.000000
91537199043307274240.000000
91537207814711836672.000000
91537227449032081408.000000
91537257313411923968.000000
91537292651488837632.000000
91537326455967416320.000000
91537351627790548992.000000
91537363487711559680.000000
91537360591586279424.000000
91537344937214509056.000000
91537321544799076352.000000
91537295910367150080.000000
91537272137673900032.000000
91537252472037457920.000000
91537237065457139712.000000
91537225231214329856.000000
91537215992452022272.000000
91537208534315139072.000000
91537202458903838720.000000
91537198453944582144.000000
60612211822015234048.000000
60612217556610457600.000000
60612230604830556160.000000
60612250569827442688.000000
60612274243481452544.000000
60612296903758790656.000000
60612313761752760320.000000
60612321678313496576.000000
60612319688428265472.000000
60612309139668279296.000000
60612293437937999872.000000
60612276290993315840.000000
60612260444161499136.000000
60612247391393021952.000000
60612237199662981120.000000
60612229390053261312.000000
60612223294870233088.000000
60612218358842736640.000000
60612214296988401664.000000
60612211550394810368.000000
29892619374101704704.000000
29892622179258081280.000000
29892628628187279360.000000
29892638532141928448.000000
29892650290762518528.000000
29892661550294937600.000000
29892669921904967680.000000
29892673845289865216.000000
29892672841880780800.000000
29892667583542411264.000000
29892659775263191040.000000
29892651266538061824.000000
29892643419551219712.000000
29892636973362843648.000000
29892631950388371456.000000
29892628107171397632.000000
29892625108147302400.000000
29892622674838626304.000000
29892620660064673792.000000
29892619276658925568.000000
123.243192
75.823892
129.588065
144.397570
79.698372
80.554082
155.878345
142.001150
55.663168
108.746918
77.210608
96.384504
159.796285
116.948991
126.179618
99.784712
119.777008
101.084550
134.819958
80.712519
1521.831448
1470.570166
1547.211503
1523.046025
1474.779014
1467.737477
1576.635910
1556.233890
1438.420175
1541.089517
1465.418417
1476.662105
1563.554454
1521.239928
1525.211505
1509.365210
1530.955598
1485.716207
1544.569162
1495.087234
-81820995828778994237440.000000
-81821002408290817146880.000000
-81821011154490831667200.000000
-81821021268372128530432.000000
-81821031652973099352064.000000
-81821041062588610248704.000000
-81821048317061573378048.000000
-81821052520729340280832.000000
-81821053221946873872384.000000
-81821050469927704592384.000000
-81821044760443195752448.000000
-81821036897547514281984.000000
-81821027821882521419776.000000
-81821018457833123872768.000000
-81821009614253047414784.000000
-81821001947652890296320.000000
-81820995973764507238400.000000
-81820992100533186592768.000000
-81820990652890333839360.000000
-81820991865011138723840.000000
-136354057732702974509056.000000
-136354069085033745874944.000000
-136354084356706271232000.000000
-136354102171451615346688.000000
-136354120569983393071104.000000
-136354137287137848983552.000000
-136354150162695481982976.000000
-136354157563186880970752.000000
-136354158686103379378176.000000
-136354153662034279923712.000000
-136354143439926450978816.000000
-136354129511647167905792.000000
-136354113579441924866048.000000
-136354097270545652383744.000000
-136354081964089914949632.000000
-136354068742476180488192.000000
-136354058434676925661184.000000
-136354051697554382389248.000000
-136354049078765769719808.000000
-136354051014032483155968.000000
-174813052107522297561088.000000
-174813067162791788412928.000000
-174813087698497866563584.000000
-174813111894398461804544.000000
-174813137047541570863104.000000
-174813159971601384472576.000000
-174813177607307460083712.000000
-174813187651180253151232.000000
-174813189003598278688768.000000
-174813181910057874358272.000000
-174813167775738759217152.000000
-174813148741720483037184.000000
-174813127187266214559744.000000
-174813105318924998672384.000000
-174813084939761922080768.000000
-174813067408915124191232.000000
-174813053734142846435328.000000
-174813044715167663783936.000000
-174813041056923632271360.000000
-174813043383571237044224.000000
-201858420525589300510720.000000
-201858438440315544141824.000000
-201858463240776843264000.000000
-201858492769042209701888.000000
-201858523673093545656320.000000
-201858551924668810395648.000000
-201858573632038108135424.000000
-201858585878136222646272.000000
-201858587310120362835968.000000
-201858578314348338348032.000000
-201858560752721120460800.000000
-201858537381610743922688.000000
-201858511186421729984512.000000
-201858484852823603281920.000000
-201858460492594371624960.000000
-201858439627713980399616.000000
-201858423343994219003904.000000
-201858412503877338267648.000000
-201858407917235323535360.000000
-201858410382129033641984.000000
-219881665538086930481152.000000
-219881685558358110633984.000000
-219881713699773537583104.000000
-219881747562035641581568.000000
-219881783239289419595776.000000
-219881815951033837289472.000000
-219881841053470864441344.000000
-219881855081947456339968.000000
-219881856474025411215360.000000
-219881845772536854347776.000000
-219881825281035854675968.000000
-219881798322759397277696.000000
-219881768411182292533248.000000
-219881738614928884891648.000000
-219881711254014577868800.000000
-219881687921413146542080.000000
-219881669703584651935744.000000
-219881657463535227109376.000000
-219881652070860323815424.000000
-219881654476967105265664.000000
-230316419834568079572992.000000
-230316441255621133598720.000000
-230316471833958289506304.000000
-230316509015632307552256.000000
-230316548444484922245120.000000
-230316584697451115446272.000000
-230316612481747527925760.000000
-230316627867015797800960.000000
-230316629127207889928192.000000
-230316616965669594857472.000000
-230316594092723650166784.000000
-230316564329762748628992.000000
-230316531627248047882240.000000
-230316499339424720486400.000000
-230316469904086944186368.000000
-230316444910953881927680.000000
-230316425389079632281600.000000
-230316412155019753684992.000000
-230316406098605503414272.000000
-230316408297554301681664.000000
-234147479503511933157376.000000
-234147501660951592042496.000000
-234147533780360963817472.000000
-234147573236845720371200.000000
-234147615337494981115904.000000
-234147654148463936929792.000000
-234147683855435443470336.000000
-234147700160995583328256.000000
-234147701224085821325312.000000
-234147687900718573813760.000000
-234147663252490813440000.000000
-234147631509208337219584.000000
-234147596953796460150784.000000
-234147563127182718926848.000000
-234147532503518357225472.000000
-234147506610810803716096.000000
-234147486379842251784192.000000
-234147472547389678551040.000000
-234147465989742108082176.000000
-234147467878434280046592.000000
-232139845911947830624256.000000
-232139868184462481162240.000000
-232139900963137991475200.000000
-232139941628138498293760.000000
-232139985272402729762816.000000
-232140025603649917943808.000000
-232140056435864268439552.000000
-232140073218181280301056.000000
-232140074045024023609344.000000
-232140059905836563038208.000000
-232140034138592319111168.000000
-232140001272583010910208.000000
-232139965807301102665728.000000
-232139931371235226681344.000000
-232139900402776728928256.000000
-232139874324437065007104.000000
-232139853943239482540032.000000
-232139839895304037990400.000000
-232139833015623711981568.000000
-232139834533279430606848.000000
-224951898846563911335936.000000
-224951920662521659260928.000000
-224951953245912019501056.000000
-224951994050256633331712.000000
-224952038083576920539136.000000
-224952078864215630151680.000000
-224952110002408181989376.000000
-224952126818966787063808.000000
-224952127395017867132928.000000
-224952112824063719636992.000000
-224952086628800617512960.000000
-224952053513411985670144.000000
-224952018070106888208384.000000
-224951983917771316527104.000000
-224951953396790227632128.000000
-224951927793933743030272.000000
-224951907780433310384128.000000
-224951893881913671155712.000000
-224951886870583437164544.000000
-224951887994959838576640.000000
-213194297704259893854208.000000
-213194318548886360162304.000000
-213194350125724895019008.000000
-213194390021332610842624.000000
-213194433291361577861120.000000
-213194473445109411086336.000000
-213194504069296651501568.000000
-213194520488587525357568.000000
-213194520821404373352448.000000
-213194506227703206641664.000000
-213194480310266305183744.000000
-213194447812601713786880.000000
-213194413292022994567168.000000
-213194380264941910228992.000000
-213194350921805404831744.000000
-213194326395547300134912.000000
-213194307220874549264384.000000
-213194293812449333215232.000000
-213194286864467719356416.000000
-213194287606890632314880.000000
-197460899821940375552000.000000
-197460919243530494279680.000000
-197460949062333251977216.000000
-197460987048366396407808.000000
-197461028436887665115136.000000
-197461066913191561265152.000000
-197461096226125185548288.000000
-197461111838324260077568.000000
-197461111954054502678528.000000
-197461097756310800171008.000000
-197461072814990008778752.000000
-197461041771888368418816.000000
-197461009022633082093568.000000
-197460977894824419000320.000000
-197460950387496253915136.000000
-197460927472108214157312.000000
-197460909555064399462400.000000
-197460896947079252803584.000000
-197460890255052020645888.000000
-197460890654312985788416.000000
-178344096513906324799488.000000
-178344114128357815222272.000000
-178344141513018795098112.000000
-178344176662266607828992.000000
-178344215118144042172416.000000
-178344250924453702139904.000000
-178344278175732090273792.000000
-178344292603273320333312.000000
-178344292542303407439872.000000
-178344279152394667819008.000000
-178344255854514557419520.000000
-178344227048233663201280.000000
-178344196846184296349696.000000
-178344168309357503578112.000000
-178344143214111392530432.000000
-178344122371305858138112.000000
-178344106073778749964288.000000
-178344094540771975233536.000000
-178344088287926925918208.000000
-178344088403305987833856.000000
-156440922875811808149504.000000
-156440938369221113413632.000000
-156440962732833973993472.000000
-156440994216861184819200.000000
-156441028788166923911168.000000
-156441061021539092135936.000000
-156441085531015115440128.000000
-156441098438478433091584.000000
-156441098250509592035328.000000
-156441086056656768335872.000000
-156441065015453843193856.000000
-156441039150401718321152.000000
-156441012179791993896960.000000
-156440986830435552067584.000000
-156440964634334174642176.000000
-156440946249032221589504.000000
-156440931872632979062784.000000
-156440921648800787857408.000000
-156440916002401429749760.000000
-156440915906183894663168.000000
-132353448261607921549312.000000
-132353461390944149438464.000000
-132353482247284803502080.000000
-132353509359159257071616.000000
-132353539222881165115392.000000
-132353567099333415796736.000000
-132353588278658546532352.000000
-132353599381526695378944.000000
-132353599120397784055808.000000
-132353588470903514071040.000000
-132353570223848354217984.000000
-132353547905470935597056.000000
-132353524742415485763584.000000
-132353503071302087344128.000000
-132353484166701409894400.000000
-132353468544398491910144.000000
-132353456328397209731072.000000
-132353447604154863190016.000000
-132353442709616004694016.000000
-132353442479520396345344.000000
-106685521167631469510656.000000
-106685531759680468025344.000000
-106685548731985425334272.000000
-106685570905597783572480.000000
-106685595393532834611200.000000
-106685618273756181954560.000000
-106685635645060816044032.000000
-106685644716993314553856.000000
-106685644435588902813696.000000
-106685635623986569150464.000000
-106685620613592641437696.000000
-106685602330344631042048.000000
-106685583429450795581440.000000
-106685565813872849321984.000000
-106685550495036247900160.000000
-106685537860744191672320.000000
-106685527981275800928256.000000
-106685520900972502581248.000000
-106685516876916124024832.000000
-106685516588855670603776.000000
-80037180571590387040256.000000
-80037188520468277100544.000000
-80037201347297140539392.000000
-80037218172466366513152.000000
-80037236792106231529472.000000
-80037254202344727379968.000000
-80037267413219634315264.000000
-80037274291575231348736.000000
-80037274037147223982080.000000
-80037267289533031907328.000000
-80037255847560102281216.000000
-80037241956708187635712.000000
-80037227641219399548928.000000
-80037214340110870380544.000000
-80037202801905390059520.000000
-80037193300573000040448.000000
-80037185871020929581056.000000
-80037180531799729635328.000000
-80037177466222328938496.000000
-80037177187800721653760.000000
-52997620490772336869376.000000
-52997625754363625472000.000000
-52997634292457349840896.000000
-52997645525190445105152.000000
-52997657974639582773248.000000
-52997669621769997123584.000000
-52997678455892840808448.000000
-52997683045306569064448.000000
-52997682855504473227264.000000
-52997678320722628313088.000000
-52997670656520799387648.000000
-52997661374348502499328.000000
-52997651830113776435200.000000
-52997642982093836255232.000000
-52997635320669106339840.000000
-52997629018943982141440.000000
-52997624091380524515328.000000
-52997620543127887544320.000000
-52997618490787881811968.000000
-52997618275875200958464.000000
-26137345353301509537792.000000
-26137347948985551159296.000000
-26137352173131885707264.000000
-26137357740600708825088.000000
-26137363916825357713408.000000
-26137369696928352174080.000000
-26137374079876602003456.000000
-26137376353773082902528.000000
-26137376253622519595008.000000
-26137373996834369830912.000000
-26137370190385835409408.000000
-26137365587179725651968.000000
-26137360860604375498752.000000
-26137356484880952721408.000000
-26137352700190466768896.000000
-26137349589367070392320.000000
-26137347156917278998528.000000
-26137345403218563170304.000000
-26137344384291804545024.000000
-26137344268958586372096.000000
121.831448
70.570166
147.211503
123.046025
74.779014
67.737477
176.635910
156.233890
38.420175
141.089517
65.418417
76.662105
163.554454
121.239928
125.211505
109.365210
130.955598
85.716207
144.569162
95.087234
1518.590255
1443.683291
1525.435234
1532.549627
1448.453928
1491.866091
1578.039408
1571.866804
1459.859714
1536.824307
1465.927600
1469.997575
1552.423059
1539.462161
1561.589331
1486.336293
1533.060694
1483.041881
1535.465282
1512.837935
71535533057934395455832064.000000
71535537231467160518262784.000000
71535542604237266585911296.000000
71535548669609675637915648.000000
71535554795652036798971904.000000
71535560301745632905789440.000000
71535564557260690764595200.000000
71535567079425964133842944.000000
71535567606173560907759616.000000
71535566126911043762388992.000000
71535562866763847981596672.000000
71535558233067883098800128.000000
71535552742015915297603584.000000
71535546945338653148184576.000000
71535541372035132460892160.000000
71535536491494924491948032.000000
71535532695646971961016320.000000
71535530291936029032054784.000000
71535529497096676721033216.000000
71535530423819708594651136.000000
119213506774921360177102848.000000
119213514025487512069210112.000000
119213523420912674626600960.000000
119213534081174438494076928.000000
119213544885976729638666240.000000
119213554614240417159315456.000000
119213562128809412643520512.000000
119213566561017372065398784.000000
119213567447176258894430208.000000
119213564783769336728780800.000000
119213558993357358122401792.000000
119213550819498667815206912.000000
119213541186882527586942976.000000
119213531065887614635606016.000000
119213521369948692798242816.000000
119213512896298021055102976.000000
119213506303570861472350208.000000
119213502109057679385165824.000000
119213500685397207558389760.000000
119213502240522676945813504.000000
152838157609266794840719360.000000
152838167302915330878210048.000000
152838179959173483824414720.000000
152838194402036344260919296.000000
152838209098904635734753280.000000
152838222357134478491516928.000000
152838232591855263537954816.000000
152838238595405715762839552.000000
152838239735111743438848000.000000
152838236029589212295593984.000000
152838228092580084118978560.000000
152838216973516221337042944.000000
152838203951342127675342848.000000
152838190341312046279163904.000000
152838177355997722728988672.000000
152838166033636891570470912.000000
152838157221178618035568640.000000
152838151584637038264057856.000000
152838149615937794871394304.000000
152838151611167566647525376.000000
176484079839715445906079744.000000
176484091476059311482863616.000000
176484106789804306753126400.000000
176484124370374320059318272.000000
176484142333529849610633216.000000
176484158570383713314537472.000000
176484171095931219576094720.000000
176484178401595342245068800.000000
176484179711994193581703168.000000
176484175079533040386441216.000000
176484165303305666364964864.000000
176484151713289548452593664.000000
176484135898448004338679808.000000
176484119459827297307066368.000000
176484103841963433107914752.000000
176484090256725895809073152.000000
176484079679063740387426304.000000
176484072876497861840207872.000000
176484070431204411350974464.000000
176484072720681224344961024.000000
192242130371003844000743424.000000
192242143494857714982453248.000000
192242160905936739556655104.000000
192242181015103671038377984.000000
192242201645703203035021312.000000
192242220329861558355099648.000000
192242234733292805083365376.000000
192242243086738732464734208.000000
192242244497685242101891072.000000
192242239060296708820828160.000000
192242227748003040485965824.000000
192242212141580247608852480.000000
192242194094346197752872960.000000
192242175436945213808967680.000000
192242157785764529407262720.000000
192242142468693305304547328.000000
192242130538403458537488384.000000
192242122824364980552335360.000000
192242119973159840274972672.000000
192242122434873878449750016.000000
201365692247719444452737024.000000
201365706422630805804154880.000000
201365725379468250971111424.000000
201365747404220833038598144.000000
201365770089843262757011456.000000
201365790673468256400965632.000000
201365806530120516867457024.000000
201365815675564220427010048.000000
201365817126655342703280128.000000
201365811023408374436855808.000000
201365798495623533811466240.000000
201365781337888996347346944.000000
201365761617471580735012864.000000
201365741337898832487251968.000000
201365722231055015942815744.000000
201365705689947283897974784.000000
201365692802103996135243776.000000
201365684425059972241424384.000000
201365681245919372946440192.000000
201365683775927995332558848.000000
204715723377633200642719744.000000
204715738180055742254415872.000000
204715758132325834786078720.000000
204715781447508487762345984.000000
204715805553861843654541312.000000
204715827465226155236261888.000000
204715844333106578392612864.000000
204715854010018640489873408.000000
204715855449868768200622080.000000
204715848838691442726535168.000000
204715835437463258009698304.000000
204715817209963520865599488.000000
204715796381810542818361344.000000
204715775071623626975346688.000000
204715755073448923984035840.000000
204715737800294527783665664.000000
204715724338153914284113920.000000
204715715543751940959633408.000000
204715712122580726125166592.000000
204715714633183861634236416.000000
202961010938320138107092992.000000
202961025959709423957966848.000000
202961046361937092330651648.000000
202961070335006995868811264.000000
202961095211245780873510912.000000
202961117859802952065089536.000000
202961135283528387583279104.000000
202961145228715926738698240.000000
202961146614853605762531328.000000
202961139670397881954598912.000000
202961125755614341621612544.000000
202961106952006898485821440.000000
202961085583585551868493824.000000
202961063825797932078071808.000000
202961043484737229429932032.000000
202961025953865382217383936.000000
202961012287314355839565824.000000
202961003316870262986637312.000000
202960999746164779579867136.000000
202961002165234053112922112.000000
196677122665102886773456896.000000
196677137517132506812383232.000000
196677157837036131840950272.000000
196677181838836136773943296.000000
196677206829428322955427840.000000
196677229616968780419694592.000000
196677247136338911371984896.000000
196677257088485912454627328.000000
196677258387270416308633600.000000
196677251296561469704896512.000000
196677237238417762186952704.000000
196677218355252853120958464.000000
196677197006648073290514432.000000
196677175367251295733809152.000000
196677155208843801154027520.000000
196677137871339559225131008.000000
196677124352440952908939264.000000
196677115439420229206147072.000000
196677111815910218839097344.000000
196677114086349091077357568.000000
186397908375726148819091456.000000
186397922696511573253423104.000000
186397942425300601680166912.000000
186397965843651049165946880.000000
186397990303525362215157760.000000
186398012638454984841625600.000000
186398029799364396490686464.000000
186398039504698696727003136.000000
186398040691019859892371456.000000
186398033647742848478478336.000000
186398019817104142745206784.000000
186398001342222123371855872.000000
186397980554437714738413568.000000
186397959571921962805493760.000000
186397940090141176496128000.000000
186397923366963286783295488.000000
186397910324495197770088448.000000
186397901690225479439613952.000000
186397898111966694747406336.000000
186397900190913900337692672.000000
172642535765332165516066816.000000
172642549225611030951886848.000000
172642567888774349178535936.000000
172642590143133443348758528.000000
172642613454264911372746752.000000
172642634767310523088240640.000000
172642651133697851660435456.000000
172642660352051992323948544.000000
172642661408741731006939136.000000
172642654606716193705295872.000000
172642641364436364837257216.000000
172642623764383177285566464.000000
172642604046907264515178496.000000
172642584221328536732958720.000000
172642565869695448641437696.000000
172642550144694415517548544.000000
172642537878620074179297280.000000
172642529727876159124799488.000000
172642526291086072380129280.000000
172642528148743849777299456.000000
155928901893137505888239616.000000
155928914201840703309348864.000000
155928931369546883524460544.000000
155928951925612927455854592.000000
155928973513808300365316096.000000
155928993273994639237447680.000000
155929008439943968696827904.000000
155929016950746227809452032.000000
155929017867707829811412992.000000
155929011493985158640435200.000000
155928999179937922391474176.000000
155928982887332978003804160.000000
155928964705940161458864128.000000
155928946488449416101363712.000000
155928929671709958812467200.000000
155928915285194389239889920.000000
155928904061573069510017024.000000
155928896578404442487914496.000000
155928893374254592225705984.000000
155928894992354933691383808.000000
136778977177283253694889984.000000
136778988086184556978241536.000000
136779003382710495782895616.000000
136779021766149654947299328.000000
136779041117090601955753984.000000
136779058847090224071180288.000000
136779072448403308562874368.000000
136779080056266587218378752.000000
136779080829373671299612672.000000
136779075057342658071494656.000000
136779063979775601072406528.000000
136779049381336208992370688.000000
136779033146807863920820224.000000
136779016930232997542625280.000000
136779001997075671530078208.000000
136778989240299323759001600.000000
136778979286927810320400384.000000
136778972630961174314221568.000000
136778969742502844921020416.000000
136778971112489385327591424.000000
115719147812784744842657792.000000
115719157120060737351319552.000000
115719170231843001452199936.000000
115719186040505565095919616.000000
115719202714279219096977408.000000
115719218004391019382046720.000000
115719229729076744420327424.000000
115719236268729653096611840.000000
115719236898574649866059776.000000
115719231881430232498962432.000000
115719222307162219419271168.000000
115719209732945243271069696.000000
115719195791214597086642176.000000
115719181902098880826179584.000000
115719169139209557642313728.000000
115719158249994219780308992.000000
115719149752946627792863232.000000
115719144056316943721824256.000000
115719141555683939135258624.000000
115719142676723953043505152.000000
93277369619845292190859264.000000
93277377172476150413262848.000000
93277387854495325249077248.000000
93277400768611065400393728.000000
93277414412089458744623104.000000
93277426932220908166709248.000000
93277436529438031020556288.000000
93277441869801019701985280.000000
93277442360384055540711424.000000
93277438225282778101972992.000000
93277430371193680111337472.000000
93277420085514035810795520.000000
93277408709618705050370048.000000
93277397401992858712408064.000000
93277387029628250253950976.000000
93277378189238928219832320.000000
93277371290397646881030144.000000
93277366655403029916811264.000000
93277364601413570045935616.000000
93277365478367929642778624.000000
69978280498583331657482240.000000
69978286193587877413126144.000000
69978294273889638708936704.000000
69978304063847198542004224.000000
69978314420391372275056640.000000
69978323929529255737688064.000000
69978331216607139361456128.000000
69978335263864352638238720.000000
69978335621314844093841408.000000
69978332464503101165928448.000000
69978326490694266673692672.000000
69978318685083057258496000.000000
69978310069208005251956736.000000
69978301520277766674579456.000000
69978293689455640397742080.000000
69978287020781579142168576.000000
69978281816396894274846720.000000
69978278313936010250027008.000000
69978276750189055440846848.000000
69978277391668551679475712.000000
46337046941111502715748352.000000
46337050725655917367394304.000000
46337056107890533627592704.000000
46337062639307430196936704.000000
46337069555396673131249664.000000
46337075908167162392477696.000000
46337080775417341388259328.000000
46337083474975999716753408.000000
46337083706395666623234048.000000
46337081589549746922455040.000000
46337077594472864418889728.000000
46337072382947418464845824.000000
46337066638749743229960192.000000
46337060946601144567726080.000000
46337055737945947948187648.000000
46337051304990088691187712.000000
46337047845270846590418944.000000
46337045514086327739482112.000000
46337044467623876850876416.000000
46337044884248958831951872.000000
22852502284431176920727552.000000
22852504154880427782307840.000000
22852506818812203541463040.000000
22852510054709112025907200.000000
22852513483220748091785216.000000
22852516633261792905134080.000000
22852519046386492398108672.000000
22852520383661273388154880.000000
22852520496162938069975040.000000
22852519444120813562757120.000000
22852517461889004393725952.000000
22852514878710606733508608.000000
22852512034033451673845760.000000
22852509217389320521908224.000000
22852506641618800849453056.000000
22852504450265270261383168.000000
22852502739973159434321920.000000
22852501586700734524555264.000000
22852501067280888828526592.000000
22852501270243425281638400.000000
118.590255
43.683291
125.435234
132.549627
48.453928
91.866091
178.039408
171.866804
59.859714
136.824307
65.927600
69.997575
152.423059
139.462161
161.589331
86.336293
133.060694
83.041881
135.465282
112.837935
1508.555367
1460.209436
1530.163700
1523.176467
1471.089644
1477.213054
1563.221255
1554.907944
1448.883824
1537.086122
1448.335439
1460.805569
1551.555862
1540.382699
1577.724891
1492.971359
1506.311811
1476.687710
1543.848585
1507.210458
-62543837335731175431717519360.000000
-62543839935898494042908917760.000000
-62543843223172390385459658752.000000
-62543846882388042233099059200.000000
-62543850541691364739890806784.000000
-62543853814181957811086295040.000000
-62543856347013741778019811328.000000
-62543857868632562978714025984.000000
-62543858224462726001256824832.000000
-62543857394020900966227771392.000000
-62543855487154535918402011136.000000
-62543852722191165490934579200.000000
-62543849392530559335944683520.000000
-62543845829512859856194764800.000000
-62543842368194875415678943232.000000
-62543839319835470357598306304.000000
-62543836951712445779788431360.000000
-62543835472510707300739055616.000000
-62543835020588681588247625728.000000
-62543835653080326540810518528.000000
-104228922817130628171931058176.000000
-104228927350851490934559866880.000000
-104228933103970208174070300672.000000
-104228939526838137599844941824.000000
-104228945963308679526696878080.000000
-104228951725520744956007809024.000000
-104228956183958750252255674368.000000
-104228958854740874947314319360.000000
-104228959465293454217467396096.000000
-104228957984891999018933026816.000000
-104228954615905406763883560960.000000
-104228949751584847913008758784.000000
-104228943913457503521206173696.000000
-104228937683599023911695548416.000000
-104228931644278256794836402176.000000
-104228926331606252679789019136.000000
-104228922203512716036654759936.000000
-104228919617828006256854433792.000000
-104228918814576215371330617344.000000
-104228919897930493388883230720.000000
-133627150465231099849256992768.000000
-133627156552303832882288263168.000000
-133627164309388555033220481024.000000
-133627172998412084906439999488.000000
-133627181726450263167198035968.000000
-133627189549502657128690614272.000000
-133627195600327887085853736960.000000
-133627199213268876840400846848.000000
-133627200017732417500664037376.000000
-133627197980226047878446972928.000000
-133627193389161290865160749056.000000
-133627186791809116846589739008.000000
-133627178903561576740305240064.000000
-133627170512498379644987244544.000000
-133627162397396944075865718784.000000
-133627155268022706534810124288.000000
-133627149726922605373113237504.000000
-133627146245337032826732675072.000000
-133627145143587291957789982720.000000
-133627146568379407265274265600.000000
-154300956760510561108254261248.000000
-154300964100459799940318625792.000000
-154300973495696692846807482368.000000
-154300984056208077109927608320.000000
-154300994690112372700491022336.000000
-154301004233099878928914317312.000000
-154301011611443254562358558720.000000
-154301016002242787770663698432.000000
-154301016952849772412401614848.000000
-154301014432802493926735872000.000000
-154301008811073322736318152704.000000
-154301000771920837573777293312.000000
-154300991197036041626735083520.000000
-154300981044882660193109803008.000000
-154300971250746484758883074048.000000
-154300962657964931699129188352.000000
-154300955977808097188096507904.000000
-154300951767009243127093395456.000000
-154300950409281777983155077120.000000
-154300952089968283380342587392.000000
-168078383728701820147236601856.000000
-168078392045253559542035251200.000000
-168078402738184107726869626880.000000
-168078414799150983747995697152.000000
-168078426973571310128816193536.000000
-168078437912277504465582424064.000000
-168078446366501258613097496576.000000
-168078451380666235176727085056.000000
-168078452435365674469879185408.000000
-168078449507574817844505870336.000000
-168078443039719516947253035008.000000
-168078433834941048550913474560.000000
-168078422913903108871019298816.000000
-168078411371806395677758455808.000000
-168078400264037886079270912000.000000
-168078390531998943196158623744.000000
-168078382964346810002753716224.000000
-168078378178862624646115622912.000000
-168078376607309087045788368896.000000
-168078378469109980112191750144.000000
-176055263229011850632796045312.000000
-176055272253388326933788360704.000000
-176055283907626887464016150528.000000
-176055297097784640571095121920.000000
-176055310443723382532547280896.000000
-176055322449112742927177613312.000000
-176055331724198734693746606080.000000
-176055337207154057335114039296.000000
-176055338327433964423988903936.000000
-176055335072522671120931880960.000000
-176055327948761924224788987904.000000
-176055317857519147209210200064.000000
-176055305929433476284068921344.000000
-176055293362651704251755003904.000000
-176055281297708677525242118144.000000
-176055270741130448664816254976.000000
-176055262530452179244382420992.000000
-176055257322194373271315546112.000000
-176055255581535454737830248448.000000
-176055257556431832362296279040.000000
-178984325938655653957266833408.000000
-178984335405926074791174864896.000000
-178984347684632880043293409280.000000
-178984361627490960777918021632.000000
-178984375767340852075867144192.000000
-178984388501149030863354200064.000000
-178984398335304245362953289728.000000
-178984404130348713160074067968.000000
-178984405280724276602573160448.000000
-178984401786181619229829103616.000000
-178984394204885232830979768320.000000
-178984383512983651607883284480.000000
-178984370920098312447888195584.000000
-178984357692981804183165337600.000000
-178984345023340420305243865088.000000
-178984333951938759172749787136.000000
-178984325339024725995952275456.000000
-178984319859329235428615127040.000000
-178984317997347705795907682304.000000
-178984320023030402362044841984.000000
-177450285617307634451290783744.000000
-177450295267881104412386525184.000000
-177450307835987743975705411584.000000
-177450322152581508202925916160.000000
-177450336703075137470934810624.000000
-177450349820548803610672103424.000000
-177450359947322659517646241792.000000
-177450365896799499186975277056.000000
-177450367044880091591236124672.000000
-177450363404071073633125007360.000000
-177450355569935567279278260224.000000
-177450344567508926977265369088.000000
-177450331652769794244447567872.000000
-177450318126481696008293056512.000000
-177450305198686065005774766080.000000
-177450293915583520267615338496.000000
-177450285136275836083290243072.000000
-177450279534943150945884700672.000000
-177450277601913853938570887168.000000
-177450279621764705646612054016.000000
-171956353631924008965701107712.000000
-171956363215196073123465134080.000000
-171956375744601732976417439744.000000
-171956390059775596683621040128.000000
-171956404638628322436437770240.000000
-171956417794640170196886618112.000000
-171956427947633525737574629376.000000
-171956433895560106788297637888.000000
-171956435012288573727269978112.000000
-171956431322398728895749685248.000000
-171956423442541412487442464768.000000
-171956412418955840789252407296.000000
-171956399520432270358502965248.000000
-171956386047504298251061821440.000000
-171956373197271630355955187712.000000
-171956361994876370505670066176.000000
-171956353276829287280745119744.000000
-171956347699866248230111019008.000000
-171956345747452402895431925760.000000
-171956347710843842690570780672.000000
-162969267913664762426347749376.000000
-162969277192488178933680832512.000000
-162969289368518260706309570560.000000
-162969303318819032406373171200.000000
-162969317553129814826093117440.000000
-162969330409928449502929223680.000000
-162969340328746094525652402176.000000
-162969346124103703234363785216.000000
-162969347183995863266618245120.000000
-162969343543374096536763891712.000000
-162969335822373481237719285760.000000
-162969325059820554960341303296.000000
-162969312503744754035961364480.000000
-162969299421309796684608307200.000000
-162969286967460288908236947456.000000
-162969276122364966447947448320.000000
-162969267681041210483081740288.000000
-162969262267868601117866721280.000000
-162969260347741237433667158016.000000
-162969262210358161641926819840.000000
-150942931321594101368897929216.000000
-150942940076889858977478737920.000000
-150942951605113761284206100480.000000
-150942964847252483502860402688.000000
-150942978382594083627424808960.000000
-150942990618219472436303233024.000000
-150943000054919740474597048320.000000
-150943005555168428288230031360.000000
-150943006536480955189379989504.000000
-150943003041660833858343403520.000000
-150942995676130146388210089984.000000
-150942985442719372409101615104.000000
-150942973536078277204940685312.000000
-150942961158746739092756627456.000000
-150942949396873590027629625344.000000
-150942939164565775744761856000.000000
-150942931199084721399119478784.000000
-150942926079613235832964513792.000000
-150942924241941222195128696832.000000
-150942925965999854909940301824.000000
-136330138051553312591646294016.000000
-136330146086669974353737678848.000000
-136330156699527752616947744768.000000
-136330168918749448286198824960.000000
-136330181428252399564033622016.000000
-136330192744981598685536190464.000000
-136330201470533244594218336256.000000
-136330206545078544311957585920.000000
-136330207429875834973813997568.000000
-136330204172484096215052451840.000000
-136330197345576042879082561536.000000
-136330187888453252352430833664.000000
-136330176911715654498334539776.000000
-136330165524680585672090714112.000000
-136330154721092741954019524608.000000
-136330145330930420665158729728.000000
-136330138020125312027948220416.000000
-136330133311938817205358034944.000000
-136330131603857443040457129984.000000
-136330133158173840095116787712.000000
-119587246387601442850539044864.000000
-119587253532176806877597794304.000000
-119587262995042038772867792896.000000
-119587273912934812247369187328.000000
-119587285105856257700271226880.000000
-119587295238203740358581420032.000000
-119587303048587473383908704256.000000
-119587307582004360763876048896.000000
-119587308356121873078730883072.000000
-119587305419846041241345064960.000000
-119587299295997054388694679552.000000
-119587290834873011555862052864.000000
-119587281035260705265357422592.000000
-119587270888017760353565802496.000000
-119587261274299814602405314560.000000
-119587252925038888510851907584.000000
-119587246423945245552814325760.000000
-119587242229748594858763747328.000000
-119587240693891361961160998912.000000
-119587242053793678697026289664.000000
-101174478305427097547666620416.000000
-101174484418592930357682634752.000000
-101174492535005265262089863168.000000
-101174501916390528274042716160.000000
-101174511545765713118779932672.000000
-101174520267661104633106923520.000000
-101174526989329815932869017600.000000
-101174530884198517305925173248.000000
-101174531537112992610101755904.000000
-101174528994880437002241572864.000000
-101174523715044459245329186816.000000
-101174516436433614019353378816.000000
-101174508022039659791930884096.000000
-101174499322998611419439562752.000000
-101174491091419188904937390080.000000
-101174483947480503683012100096.000000
-101174478384402660417886748672.000000
-101174474789846120806265913344.000000
-101174473463008810322089738240.000000
-101174474610109570740234747904.000000
-81553431035853736385355710464.000000
-81553436008680734919304937472.000000
-81553442624551886527483871232.000000
-81553450283175905361028710400.000000
-81553458152231426024018018304.000000
-81553465283068189951876136960.000000
-81553470777534044737732870144.000000
-81553473956773235865990201344.000000
-81553474481399597151960432640.000000
-81553472392900956866050260992.000000
-81553468070482567471738912768.000000
-81553462122891592554185228288.000000
-81553455257875697652522287104.000000
-81553448170060941355632295936.000000
-81553441469990367968832258048.000000
-81553435658589969817194725376.000000
-81553431132844770888406532096.000000
-81553428204801308063621447680.000000
-81553427116797256944855285760.000000
-81553428038653367118576222208.000000
-61182803579643157743350579200.000000
-61182807336764848874582966272.000000
-61182812343418366617525944320.000000
-61182818146233971493534957568.000000
-61182824113307588767837585408.000000
-61182829522618255899466137600.000000
-61182833689984491911131430912.000000
-61182836098598078916862148608.000000
-61182836491033772389556027392.000000
-61182834900705150155186241536.000000
-61182831618362756977257349120.000000
-61182827108614669380330979328.000000
-61182821909646294102715662336.000000
-61182816547625780411407269888.000000
-61182811483066333258059874304.000000
-61182807092287813915984789504.000000
-61182803672684869624732319744.000000
-61182801458034079385291587584.000000
-61182800630787699023370256384.000000
-61182801320482571106979414016.000000
-40513016184858710669512409088.000000
-40513018685247345773147848704.000000
-40513022021201890737062412288.000000
-40513025891087409738955096064.000000
-40513029872867887338867392512.000000
-40513033483443449350068371456.000000
-40513036264745210722566275072.000000
-40513037870921683386304036864.000000
-40513038130163127608445763584.000000
-40513037065719429241849774080.000000
-40513034873168312547311353856.000000
-40513031863998615720097218560.000000
-40513028398064336108410372096.000000
-40513024826193632884598767616.000000
-40513021454482785067455217664.000000
-40513018532331182843456651264.000000
-40513016256423002218568876032.000000
-40513014781372782151490076672.000000
-40513014228287374375700660224.000000
-40513014683968894226348900352.000000
-19980210420797096173825425408.000000
-19980211657690115789088096256.000000
-19980213309141741699711631360.000000
-19980215225965948153700024320.000000
-19980217198930972031326355456.000000
-19980218988264676590176174080.000000
-19980220366531322406179438592.000000
-19980221162061247527878918144.000000
-19980221289713795446719119360.000000
-19980220761299942058502389760.000000
-19980219674204522950883803136.000000
-19980218183214049497238732800.000000
-19980216466855754108579610624.000000
-19980214698878026623743950848.000000
-19980213030584846858940579840.000000
-19980211585031577073929420800.000000
-19980210459139116124048719872.000000
-19980209729098667613803773952.000000
-19980209454722155564255674368.000000
-19980209679128498561244725248.000000
108.555367
60.209436
130.163700
123.176467
71.089644
77.213054
163.221255
154.907944
48.883824
137.086122
48.335439
60.805569
151.555862
140.382699
177.724891
92.971359
106.311811
76.687710
143.848585
107.210458
