1500.000000
1500.000000
1500.000000
1500.000000
1500.000000
1500.000000
1500.000000
1500.000000
1500.000000
1500.000000
1500.000000
1500.000000
1500.000000
1500.000000
1500.000000
1032.924815
1033.741297
1034.546805
1035.340796
1035.777265
1036.164194
1036.262935
1036.386147
1036.262935
1036.164194
1035.777265
1035.340796
1034.546805
1033.741297
1032.924815
786.051657
788.356014
789.586169
791.240516
791.512860
792.408619
792.159503
792.693981
792.159503
792.408619
791.512860
791.240516
789.586169
788.356014
786.051657
617.173705
622.477096
623.113101
626.414809
625.394925
627.677191
626.056482
627.960876
626.056482
627.677191
625.394925
626.414809
623.113101
622.477096
617.173705
487.585802
498.521008
496.234573
503.139140
498.570528
504.331705
499.168187
504.582359
499.168187
504.331705
498.570528
503.139140
496.234573
498.521008
487.585802
380.966335
401.701744
392.174917
406.485709
394.305965
407.502455
394.798144
407.705522
394.798144
407.502455
394.305965
406.485709
392.174917
401.701744
380.966335
288.629264
325.343946
301.505351
329.691009
303.230214
330.470708
303.598240
330.620843
303.598240
330.470708
303.230214
329.691009
301.505351
325.343946
288.629264
205.139121
266.548695
217.722736
269.854559
218.909522
270.370417
219.149014
270.467427
219.149014
270.370417
218.909522
269.854559
217.722736
266.548695
205.139121
126.622448
224.551739
135.523638
226.324626
136.113233
226.574990
136.228439
226.621486
136.228439
226.574990
136.113233
226.324626
135.523638
224.551739
126.622448
50.000000
200.000000
50.000000
200.000000
50.000000
200.000000
50.000000
200.000000
50.000000
200.000000
50.000000
200.000000
50.000000
200.000000
50.000000
