1500.000000
1500.000000
1500.000000
1500.000000
1500.000000
1500.000000
1500.000000
1500.000000
1500.000000
1500.000000
1036.340861
1037.148583
1036.340861
1037.148583
1036.340861
1037.148583
1036.340861
1037.148583
1036.340861
1037.148583
791.391593
794.460716
791.391593
794.460716
791.391593
794.460716
791.391593
794.460716
791.391593
794.460716
623.569619
631.386063
623.569619
631.386063
623.569619
631.386063
623.569619
631.386063
623.569619
631.386063
494.226268
510.321156
494.226268
510.321156
494.226268
510.321156
494.226268
510.321156
494.226268
510.321156
387.067981
416.064105
387.067981
416.064105
387.067981
416.064105
387.067981
416.064105
387.067981
416.064105
293.511270
341.164350
293.511270
341.164350
293.511270
341.164350
293.511270
341.164350
293.511270
341.164350
208.336930
281.571417
208.336930
281.571417
208.336930
281.571417
208.336930
281.571417
208.336930
281.571417
128.024235
234.964857
128.024235
234.964857
128.024235
234.964857
128.024235
234.964857
128.024235
234.964857
50.000000
200.000000
50.000000
200.000000
50.000000
200.000000
50.000000
200.000000
50.000000
200.000000
