1500.000000
1500.000000
1500.000000
1500.000000
1500.000000
1500.000000
1500.000000
1500.000000
1500.000000
1500.000000
1500.000000
1500.000000
1500.000000
1500.000000
1500.000000
1500.000000
1500.000000
1500.000000
1500.000000
1500.000000
1036.741000
1036.748444
1036.741000
1036.748444
1036.741000
1036.748444
1036.741000
1036.748444
1036.741000
1036.748444
1036.741000
1036.748444
1036.741000
1036.748444
1036.741000
1036.748444
1036.741000
1036.748444
1036.741000
1036.748444
792.886623
792.965687
792.886623
792.965687
792.886623
792.965687
792.886623
792.965687
792.886623
792.965687
792.886623
792.965687
792.886623
792.965687
792.886623
792.965687
792.886623
792.965687
792.886623
792.965687
627.248479
627.707203
627.248479
627.707203
627.248479
627.707203
627.248479
627.707203
627.248479
627.707203
627.248479
627.707203
627.248479
627.707203
627.248479
627.707203
627.248479
627.707203
627.248479
627.707203
501.350695
503.196729
501.350695
503.196729
501.350695
503.196729
501.350695
503.196729
501.350695
503.196729
501.350695
503.196729
501.350695
503.196729
501.350695
503.196729
501.350695
503.196729
501.350695
503.196729
398.653099
404.478986
398.653099
404.478986
398.653099
404.478986
398.653099
404.478986
398.653099
404.478986
398.653099
404.478986
398.653099
404.478986
398.653099
404.478986
398.653099
404.478986
398.653099
404.478986
309.599364
325.076257
309.599364
325.076257
309.599364
325.076257
309.599364
325.076257
309.599364
325.076257
309.599364
325.076257
309.599364
325.076257
309.599364
325.076257
309.599364
325.076257
309.599364
325.076257
226.866706
263.041641
226.866706
263.041641
226.866706
263.041641
226.866706
263.041641
226.866706
263.041641
226.866706
263.041641
226.866706
263.041641
226.866706
263.041641
226.866706
263.041641
226.866706
263.041641
143.191601
219.797491
143.191601
219.797491
143.191601
219.797491
143.191601
219.797491
143.191601
219.797491
143.191601
219.797491
143.191601
219.797491
143.191601
219.797491
143.191601
219.797491
143.191601
219.797491
50.000000
200.000000
50.000000
200.000000
50.000000
200.000000
50.000000
200.000000
50.000000
200.000000
50.000000
200.000000
50.000000
200.000000
50.000000
200.000000
50.000000
200.000000
50.000000
200.000000
