1500.000000
1500.000000
1500.000000
1500.000000
1500.000000
1500.000000
1500.000000
1500.000000
1500.000000
1500.000000
1500.000000
1500.000000
1500.000000
1500.000000
1500.000000
1500.000000
1500.000000
1500.000000
1500.000000
1500.000000
1500.000000
1500.000000
1500.000000
1500.000000
1500.000000
1034.497985
1034.658271
1034.920359
1035.224778
1035.520145
1035.783298
1035.999620
1036.172053
1036.300770
1036.395166
1036.456751
1036.493500
1036.504186
1036.493500
1036.456751
1036.395166
1036.300770
1036.172053
1035.999620
1035.783298
1035.520145
1035.224778
1034.920359
1034.658271
1034.497985
788.927554
789.379952
789.991233
790.638391
791.171496
791.625073
791.944796
792.207372
792.370454
792.509174
792.574841
792.635295
792.634935
792.635295
792.574841
792.509174
792.370454
792.207372
791.944796
791.625073
791.171496
790.638391
789.991233
789.379952
788.927554
621.550513
622.681217
623.730644
624.855609
625.493564
626.165212
626.429640
626.822647
626.886158
627.134599
627.092072
627.259554
627.151053
627.259554
627.092072
627.134599
626.886158
626.822647
626.429640
626.165212
625.493564
624.855609
623.730644
622.681217
621.550513
493.827672
496.606956
497.841063
499.854552
500.084109
501.333789
501.054485
501.975280
501.481575
502.258821
501.665151
502.368860
501.716739
502.368860
501.665151
502.258821
501.481575
501.975280
501.054485
501.333789
500.084109
499.854552
497.841063
496.606956
493.827672
389.409771
396.135811
396.109728
400.391330
398.593067
401.852505
399.481965
402.411792
399.842444
402.646068
399.992038
402.734967
400.033519
402.734967
399.992038
402.646068
399.842444
402.411792
399.481965
401.852505
398.593067
400.391330
396.109728
396.135811
389.409771
299.227159
314.967734
309.199241
319.781260
311.565609
321.036616
312.283490
321.471701
312.557481
321.647171
312.668486
321.712762
312.698996
321.712762
312.668486
321.647171
312.557481
321.471701
312.283490
321.036616
311.565609
319.781260
309.199241
314.967734
299.227159
216.798531
251.947821
229.391640
256.392022
231.239175
257.290941
231.730357
257.581189
231.910431
257.695461
231.982310
257.737786
232.001960
257.737786
231.982310
257.695461
231.910431
257.581189
231.730357
257.290941
231.239175
256.392022
229.391640
251.947821
216.798531
136.074172
210.583468
147.498268
213.367809
148.494356
213.824083
148.737023
213.965510
148.824082
214.020496
148.858568
214.040767
148.867971
214.040767
148.858568
214.020496
148.824082
213.965510
148.737023
213.824083
148.494356
213.367809
147.498268
210.583468
136.074172
50.000000
200.000000
50.000000
200.000000
50.000000
200.000000
50.000000
200.000000
50.000000
200.000000
50.000000
200.000000
50.000000
200.000000
50.000000
200.000000
50.000000
200.000000
50.000000
200.000000
50.000000
200.000000
50.000000
200.000000
50.000000
