1500.000000
1500.000000
1500.000000
1500.000000
1500.000000
1500.000000
1500.000000
1500.000000
1500.000000
1500.000000
1500.000000
1500.000000
1500.000000
1500.000000
1500.000000
1500.000000
1500.000000
1500.000000
1500.000000
1500.000000
1500.000000
1500.000000
1500.000000
1500.000000
1500.000000
1500.000000
1500.000000
1500.000000
1500.000000
1500.000000
1036.744649
1036.744795
1036.744649
1036.744795
1036.744649
1036.744795
1036.744649
1036.744795
1036.744649
1036.744795
1036.744649
1036.744795
1036.744649
1036.744795
1036.744649
1036.744795
1036.744649
1036.744795
1036.744649
1036.744795
1036.744649
1036.744795
1036.744649
1036.744795
1036.744649
1036.744795
1036.744649
1036.744795
1036.744649
1036.744795
792.924552
792.927757
792.924552
792.927757
792.924552
792.927757
792.924552
792.927757
792.924552
792.927757
792.924552
792.927757
792.924552
792.927757
792.924552
792.927757
792.924552
792.927757
792.924552
792.927757
792.924552
792.927757
792.924552
792.927757
792.924552
792.927757
792.924552
792.927757
792.924552
792.927757
627.460105
627.495577
627.460105
627.495577
627.460105
627.495577
627.460105
627.495577
627.460105
627.495577
627.460105
627.495577
627.460105
627.495577
627.460105
627.495577
627.460105
627.495577
627.460105
627.495577
627.460105
627.495577
627.460105
627.495577
627.460105
627.495577
627.460105
627.495577
627.460105
627.495577
502.148076
502.399348
502.148076
502.399348
502.148076
502.399348
502.148076
502.399348
502.148076
502.399348
502.148076
502.399348
502.148076
502.399348
502.148076
502.399348
502.148076
502.399348
502.148076
502.399348
502.148076
502.399348
502.148076
502.399348
502.148076
502.399348
502.148076
502.399348
502.148076
502.399348
400.915062
402.217024
400.915062
402.217024
400.915062
402.217024
400.915062
402.217024
400.915062
402.217024
400.915062
402.217024
400.915062
402.217024
400.915062
402.217024
400.915062
402.217024
400.915062
402.217024
400.915062
402.217024
400.915062
402.217024
400.915062
402.217024
400.915062
402.217024
400.915062
402.217024
314.657911
320.017709
314.657911
320.017709
314.657911
320.017709
314.657911
320.017709
314.657911
320.017709
314.657911
320.017709
314.657911
320.017709
314.657911
320.017709
314.657911
320.017709
314.657911
320.017709
314.657911
320.017709
314.657911
320.017709
314.657911
320.017709
314.657911
320.017709
314.657911
320.017709
235.698013
254.210334
235.698013
254.210334
235.698013
254.210334
235.698013
254.210334
235.698013
254.210334
235.698013
254.210334
235.698013
254.210334
235.698013
254.210334
235.698013
254.210334
235.698013
254.210334
235.698013
254.210334
235.698013
254.210334
235.698013
254.210334
235.698013
254.210334
235.698013
254.210334
153.643301
209.345791
153.643301
209.345791
153.643301
209.345791
153.643301
209.345791
153.643301
209.345791
153.643301
209.345791
153.643301
209.345791
153.643301
209.345791
153.643301
209.345791
153.643301
209.345791
153.643301
209.345791
153.643301
209.345791
153.643301
209.345791
153.643301
209.345791
153.643301
209.345791
50.000000
200.000000
50.000000
200.000000
50.000000
200.000000
50.000000
200.000000
50.000000
200.000000
50.000000
200.000000
50.000000
200.000000
50.000000
200.000000
50.000000
200.000000
50.000000
200.000000
50.000000
200.000000
50.000000
200.000000
50.000000
200.000000
50.000000
200.000000
50.000000
200.000000
