1500.000000
1500.000000
1500.000000
1500.000000
1500.000000
1500.000000
1500.000000
1500.000000
1500.000000
1500.000000
1500.000000
1500.000000
1500.000000
1500.000000
1500.000000
1500.000000
1500.000000
1500.000000
1500.000000
1500.000000
1500.000000
1500.000000
1500.000000
1500.000000
1500.000000
1500.000000
1500.000000
1500.000000
1500.000000
1500.000000
1500.000000
1500.000000
1500.000000
1500.000000
1500.000000
1500.000000
1500.000000
1500.000000
1500.000000
1500.000000
1500.000000
1500.000000
1500.000000
1500.000000
1500.000000
1035.504681
1035.531178
1035.581389
1035.650551
1035.732977
1035.823029
1035.915735
1036.007127
1036.094286
1036.175278
1036.248965
1036.314844
1036.372849
1036.423227
1036.466393
1036.502865
1036.533177
1036.557854
1036.577361
1036.592105
1036.602401
1036.608487
1036.610498
1036.608487
1036.602401
1036.592105
1036.577361
1036.557854
1036.533177
1036.502865
1036.466393
1036.423227
1036.372849
1036.314844
1036.248965
1036.175278
1036.094286
1036.007127
1035.915735
1035.823029
1035.732977
1035.650551
1035.581389
1035.531178
1035.504681
790.728498
790.800982
790.932433
791.103440
791.294149
791.488814
791.675986
791.849060
792.004371
792.141073
792.259340
792.360635
792.446351
792.518452
792.578381
792.627902
792.668128
792.700434
792.725531
792.744402
792.757385
792.765110
792.767582
792.765110
792.757385
792.744402
792.725531
792.700434
792.668128
792.627902
792.578381
792.518452
792.446351
792.360635
792.259340
792.141073
792.004371
791.849060
791.675986
791.488814
791.294149
791.103440
790.932433
790.800982
790.728498
624.246244
624.421571
624.711011
625.056354
625.403976
625.730303
626.016581
626.264511
626.470541
626.644138
626.784886
626.902845
626.996956
627.076141
627.138099
627.190580
627.230245
627.263960
627.287641
627.307522
627.318985
627.327803
627.328945
627.327803
627.318985
627.307522
627.287641
627.263960
627.230245
627.190580
627.138099
627.076141
626.996956
626.902845
626.784886
626.644138
626.470541
626.264511
626.016581
625.730303
625.403976
625.056354
624.711011
624.421571
624.246244
497.727572
498.166500
498.752169
499.392182
499.930093
500.412978
500.769090
501.084448
501.300129
501.502905
501.630140
501.763921
501.837304
501.928838
501.968812
502.033661
502.052069
502.099245
502.102929
502.137593
502.130388
502.155300
502.139067
502.155300
502.130388
502.137593
502.102929
502.099245
502.052069
502.033661
501.968812
501.928838
501.837304
501.763921
501.630140
501.502905
501.300129
501.084448
500.769090
500.412978
499.930093
499.392182
498.752169
498.166500
497.727572
395.100713
396.325377
397.330744
398.514959
399.113492
399.863180
400.106563
400.591857
400.644919
400.994150
400.949341
401.227292
401.129774
401.368112
401.240327
401.455153
401.308791
401.508673
401.350049
401.539641
401.372150
401.553861
401.379110
401.553861
401.372150
401.539641
401.350049
401.508673
401.308791
401.455153
401.240327
401.368112
401.129774
401.227292
400.949341
400.994150
400.644919
400.591857
400.106563
399.863180
399.113492
398.514959
397.330744
396.325377
395.100713
307.585278
311.450368
312.259905
314.949344
314.586544
316.462390
315.583823
317.137173
316.053776
317.473494
316.300272
317.657814
316.440362
317.765643
316.524113
317.831035
316.575215
317.870780
316.605735
317.893621
316.622000
317.904070
316.627110
317.904070
316.622000
317.893621
316.605735
317.870780
316.575215
317.831035
316.524113
317.765643
316.440362
317.657814
316.300272
317.473494
316.053776
317.137173
315.583823
316.462390
314.586544
314.949344
312.259905
311.450368
307.585278
228.456124
241.610324
237.245265
246.231201
239.675413
247.583792
240.480265
248.092902
240.819214
248.328094
240.987884
248.452255
241.081163
248.523430
241.136079
248.566090
241.169285
248.591837
241.189009
248.606572
241.199489
248.613299
241.202776
248.613299
241.199489
248.606572
241.189009
248.591837
241.169285
248.566090
241.136079
248.523430
241.081163
248.452255
240.987884
248.328094
240.819214
248.092902
240.480265
247.583792
239.675413
246.231201
237.245265
241.610324
228.456124
148.826832
194.039740
161.069785
198.102400
162.722786
198.901239
163.162464
199.167194
163.334785
199.284695
163.418061
199.345487
163.463458
199.379971
163.489975
199.400516
163.505934
199.412872
163.515388
199.419928
163.520403
199.423146
163.521976
199.423146
163.520403
199.419928
163.515388
199.412872
163.505934
199.400516
163.489975
199.379971
163.463458
199.345487
163.418061
199.284695
163.334785
199.167194
163.162464
198.901239
162.722786
198.102400
161.069785
194.039740
148.826832
50.000000
200.000000
50.000000
200.000000
50.000000
200.000000
50.000000
200.000000
50.000000
200.000000
50.000000
200.000000
50.000000
200.000000
50.000000
200.000000
50.000000
200.000000
50.000000
200.000000
50.000000
200.000000
50.000000
200.000000
50.000000
200.000000
50.000000
200.000000
50.000000
200.000000
50.000000
200.000000
50.000000
200.000000
50.000000
200.000000
50.000000
200.000000
50.000000
200.000000
50.000000
200.000000
50.000000
200.000000
50.000000
