1500.000000
1500.000000
1500.000000
1500.000000
1500.000000
1500.000000
1500.000000
1500.000000
1500.000000
1500.000000
1500.000000
1500.000000
1500.000000
1500.000000
1500.000000
1500.000000
1500.000000
1500.000000
1500.000000
1500.000000
1500.000000
1500.000000
1500.000000
1500.000000
1500.000000
1500.000000
1500.000000
1500.000000
1500.000000
1500.000000
1500.000000
1500.000000
1500.000000
1500.000000
1500.000000
1500.000000
1500.000000
1500.000000
1500.000000
1500.000000
1036.744719
1036.744725
1036.744719
1036.744725
1036.744719
1036.744725
1036.744719
1036.744725
1036.744719
1036.744725
1036.744719
1036.744725
1036.744719
1036.744725
1036.744719
1036.744725
1036.744719
1036.744725
1036.744719
1036.744725
1036.744719
1036.744725
1036.744719
1036.744725
1036.744719
1036.744725
1036.744719
1036.744725
1036.744719
1036.744725
1036.744719
1036.744725
1036.744719
1036.744725
1036.744719
1036.744725
1036.744719
1036.744725
1036.744719
1036.744725
792.926054
792.926255
792.926054
792.926255
792.926054
792.926255
792.926054
792.926255
792.926054
792.926255
792.926054
792.926255
792.926054
792.926255
792.926054
792.926255
792.926054
792.926255
792.926054
792.926255
792.926054
792.926255
792.926054
792.926255
792.926054
792.926255
792.926054
792.926255
792.926054
792.926255
792.926054
792.926255
792.926054
792.926255
792.926054
792.926255
792.926054
792.926255
792.926054
792.926255
627.475991
627.479691
627.475991
627.479691
627.475991
627.479691
627.475991
627.479691
627.475991
627.479691
627.475991
627.479691
627.475991
627.479691
627.475991
627.479691
627.475991
627.479691
627.475991
627.479691
627.475991
627.479691
627.475991
627.479691
627.475991
627.479691
627.475991
627.479691
627.475991
627.479691
627.475991
627.479691
627.475991
627.479691
627.475991
627.479691
627.475991
627.479691
627.475991
627.479691
502.252796
502.294628
502.252796
502.294628
502.252796
502.294628
502.252796
502.294628
502.252796
502.294628
502.252796
502.294628
502.252796
502.294628
502.252796
502.294628
502.252796
502.294628
502.252796
502.294628
502.252796
502.294628
502.252796
502.294628
502.252796
502.294628
502.252796
502.294628
502.252796
502.294628
502.252796
502.294628
502.252796
502.294628
502.252796
502.294628
502.252796
502.294628
502.252796
502.294628
401.399991
401.732094
401.399991
401.732094
401.399991
401.732094
401.399991
401.732094
401.399991
401.732094
401.399991
401.732094
401.399991
401.732094
401.399991
401.732094
401.399991
401.732094
401.399991
401.732094
401.399991
401.732094
401.399991
401.732094
401.399991
401.732094
401.399991
401.732094
401.399991
401.732094
401.399991
401.732094
401.399991
401.732094
401.399991
401.732094
401.399991
401.732094
401.399991
401.732094
316.329561
318.346060
316.329561
318.346060
316.329561
318.346060
316.329561
318.346060
316.329561
318.346060
316.329561
318.346060
316.329561
318.346060
316.329561
318.346060
316.329561
318.346060
316.329561
318.346060
316.329561
318.346060
316.329561
318.346060
316.329561
318.346060
316.329561
318.346060
316.329561
318.346060
316.329561
318.346060
316.329561
318.346060
316.329561
318.346060
316.329561
318.346060
316.329561
318.346060
239.989849
249.918498
239.989849
249.918498
239.989849
249.918498
239.989849
249.918498
239.989849
249.918498
239.989849
249.918498
239.989849
249.918498
239.989849
249.918498
239.989849
249.918498
239.989849
249.918498
239.989849
249.918498
239.989849
249.918498
239.989849
249.918498
239.989849
249.918498
239.989849
249.918498
239.989849
249.918498
239.989849
249.918498
239.989849
249.918498
239.989849
249.918498
239.989849
249.918498
160.829255
202.159837
160.829255
202.159837
160.829255
202.159837
160.829255
202.159837
160.829255
202.159837
160.829255
202.159837
160.829255
202.159837
160.829255
202.159837
160.829255
202.159837
160.829255
202.159837
160.829255
202.159837
160.829255
202.159837
160.829255
202.159837
160.829255
202.159837
160.829255
202.159837
160.829255
202.159837
160.829255
202.159837
160.829255
202.159837
160.829255
202.159837
160.829255
202.159837
50.000000
200.000000
50.000000
200.000000
50.000000
200.000000
50.000000
200.000000
50.000000
200.000000
50.000000
200.000000
50.000000
200.000000
50.000000
200.000000
50.000000
200.000000
50.000000
200.000000
50.000000
200.000000
50.000000
200.000000
50.000000
200.000000
50.000000
200.000000
50.000000
200.000000
50.000000
200.000000
50.000000
200.000000
50.000000
200.000000
50.000000
200.000000
50.000000
200.000000
