1500.000000
1500.000000
1500.000000
1500.000000
1500.000000
1500.000000
1500.000000
1500.000000
1500.000000
1500.000000
1500.000000
1500.000000
1500.000000
1500.000000
1500.000000
1172.273788
1172.767911
1173.328688
1173.858828
1174.194468
1174.449127
1174.546160
1174.610586
1174.546160
1174.449127
1174.194468
1173.858828
1173.328688
1172.767911
1172.273788
967.048883
968.194435
969.183672
970.176482
970.630913
971.106164
971.163644
971.345471
971.163644
971.106164
970.630913
970.176482
969.183672
968.194435
967.048883
817.308789
819.479989
820.713055
822.272094
822.575864
823.397472
823.196373
823.670457
823.196373
823.397472
822.575864
822.272094
820.713055
819.479989
817.308789
699.087648
702.878437
703.972262
706.390012
706.111378
707.608289
706.759677
707.888227
706.759677
707.608289
706.111378
706.390012
703.972262
702.878437
699.087648
601.056243
607.332306
607.597806
611.436283
609.884312
612.668792
610.519712
612.938762
610.519712
612.668792
609.884312
611.436283
607.597806
607.332306
601.056243
516.924741
526.888857
525.221338
531.416856
527.535222
532.602873
528.129950
532.852129
528.129950
532.602873
527.535222
531.416856
525.221338
526.888857
516.924741
442.800755
458.065880
452.827198
462.811864
455.059561
463.905424
455.595086
464.127339
455.595086
463.905424
455.059561
462.811864
452.827198
458.065880
442.800755
376.071242
398.739812
387.631103
403.468687
389.687032
404.436391
390.151639
404.627161
390.151639
404.436391
389.687032
403.468687
387.631103
398.739812
376.071242
314.862192
347.611051
327.535937
352.070981
329.337030
352.890161
329.724072
353.047942
329.724072
352.890161
329.337030
352.070981
327.535937
347.611051
314.862192
257.751046
303.921652
270.840096
307.859592
272.326244
308.516633
272.632831
308.640937
272.632831
308.516633
272.326244
307.859592
270.840096
303.921652
257.751046
203.601860
267.295546
216.068591
270.475721
217.198843
270.964478
217.424828
271.055747
217.424828
270.964478
217.198843
270.475721
216.068591
267.295546
203.601860
151.465080
237.643193
161.868811
239.868366
162.621235
240.188672
162.768433
240.247971
162.768433
240.188672
162.621235
239.868366
161.868811
237.643193
151.465080
100.513557
215.102325
106.942628
216.237754
107.313115
216.394031
107.384692
216.422826
107.384692
216.394031
107.313115
216.237754
106.942628
215.102325
100.513557
50.000000
200.000000
50.000000
200.000000
50.000000
200.000000
50.000000
200.000000
50.000000
200.000000
50.000000
200.000000
50.000000
200.000000
50.000000
