1500.000000
1500.000000
1500.000000
1500.000000
1500.000000
1500.000000
1500.000000
1500.000000
1500.000000
1500.000000
1174.667772
1175.089882
1174.667772
1175.089882
1174.667772
1175.089882
1174.667772
1175.089882
1174.667772
1175.089882
971.034412
972.321776
971.034412
972.321776
971.034412
972.321776
971.034412
972.321776
971.034412
972.321776
822.452326
825.339160
822.452326
825.339160
822.452326
825.339160
822.452326
825.339160
822.452326
825.339160
705.037708
710.524369
705.037708
710.524369
705.037708
710.524369
705.037708
710.524369
705.037708
710.524369
607.477705
616.836624
607.477705
616.836624
607.477705
616.836624
607.477705
616.836624
607.477705
616.836624
523.484913
538.268829
523.484913
538.268829
523.484913
538.268829
523.484913
538.268829
523.484913
538.268829
449.173477
471.223234
449.173477
471.223234
449.173477
471.223234
449.173477
471.223234
449.173477
471.223234
381.949235
413.400870
381.949235
413.400870
381.949235
413.400870
381.949235
413.400870
381.949235
413.400870
319.974085
363.265271
319.974085
363.265271
319.974085
363.265271
319.974085
363.265271
319.974085
363.265271
261.881527
319.757463
261.881527
319.757463
261.881527
319.757463
261.881527
319.757463
261.881527
319.757463
206.614186
282.133040
206.614186
282.133040
206.614186
282.133040
206.614186
282.133040
206.614186
282.133040
153.325537
249.863486
153.325537
249.863486
153.325537
249.863486
153.325537
249.863486
153.325537
249.863486
101.317614
222.573561
101.317614
222.573561
101.317614
222.573561
101.317614
222.573561
101.317614
222.573561
50.000000
200.000000
50.000000
200.000000
50.000000
200.000000
50.000000
200.000000
50.000000
200.000000
