1500.000000
1500.000000
1500.000000
1500.000000
1500.000000
1500.000000
1500.000000
1500.000000
1500.000000
1500.000000
1500.000000
1500.000000
1500.000000
1500.000000
1500.000000
1500.000000
1500.000000
1500.000000
1500.000000
1500.000000
1174.877926
1174.879729
1174.877926
1174.879729
1174.877926
1174.879729
1174.877926
1174.879729
1174.877926
1174.879729
1174.877926
1174.879729
1174.877926
1174.879729
1174.877926
1174.879729
1174.877926
1174.879729
1174.877926
1174.879729
971.671492
971.684697
971.671492
971.684697
971.671492
971.684697
971.671492
971.684697
971.671492
971.684697
971.671492
971.684697
971.671492
971.684697
971.671492
971.684697
971.671492
971.684697
971.671492
971.684697
823.865090
823.926396
823.865090
823.926396
823.865090
823.926396
823.865090
823.926396
823.865090
823.926396
823.865090
823.926396
823.865090
823.926396
823.865090
823.926396
823.865090
823.926396
823.865090
823.926396
707.674444
707.887633
707.674444
707.887633
707.674444
707.887633
707.674444
707.887633
707.674444
707.887633
707.674444
707.887633
707.674444
707.887633
707.674444
707.887633
707.674444
707.887633
707.674444
707.887633
611.853494
612.460834
611.853494
612.460834
611.853494
612.460834
611.853494
612.460834
611.853494
612.460834
611.853494
612.460834
611.853494
612.460834
611.853494
612.460834
611.853494
612.460834
611.853494
612.460834
530.128773
531.624969
530.128773
531.624969
530.128773
531.624969
530.128773
531.624969
530.128773
531.624969
530.128773
531.624969
530.128773
531.624969
530.128773
531.624969
530.128773
531.624969
530.128773
531.624969
458.547968
461.848742
458.547968
461.848742
458.547968
461.848742
458.547968
461.848742
458.547968
461.848742
458.547968
461.848742
458.547968
461.848742
458.547968
461.848742
458.547968
461.848742
458.547968
461.848742
394.335971
401.014134
394.335971
401.014134
394.335971
401.014134
394.335971
401.014134
394.335971
401.014134
394.335971
401.014134
394.335971
401.014134
394.335971
401.014134
394.335971
401.014134
394.335971
401.014134
335.318377
347.920979
335.318377
347.920979
335.318377
347.920979
335.318377
347.920979
335.318377
347.920979
335.318377
347.920979
335.318377
347.920979
335.318377
347.920979
335.318377
347.920979
335.318377
347.920979
279.589113
302.049877
279.589113
302.049877
279.589113
302.049877
279.589113
302.049877
279.589113
302.049877
279.589113
302.049877
279.589113
302.049877
279.589113
302.049877
279.589113
302.049877
279.589113
302.049877
225.292682
263.454544
225.292682
263.454544
225.292682
263.454544
225.292682
263.454544
225.292682
263.454544
225.292682
263.454544
225.292682
263.454544
225.292682
263.454544
225.292682
263.454544
225.292682
263.454544
170.462944
232.726079
170.462944
232.726079
170.462944
232.726079
170.462944
232.726079
170.462944
232.726079
170.462944
232.726079
170.462944
232.726079
170.462944
232.726079
170.462944
232.726079
170.462944
232.726079
112.889972
211.001204
112.889972
211.001204
112.889972
211.001204
112.889972
211.001204
112.889972
211.001204
112.889972
211.001204
112.889972
211.001204
112.889972
211.001204
112.889972
211.001204
112.889972
211.001204
50.000000
200.000000
50.000000
200.000000
50.000000
200.000000
50.000000
200.000000
50.000000
200.000000
50.000000
200.000000
50.000000
200.000000
50.000000
200.000000
50.000000
200.000000
50.000000
200.000000
