1500.000000
1500.000000
1500.000000
1500.000000
1500.000000
1500.000000
1500.000000
1500.000000
1500.000000
1500.000000
1500.000000
1500.000000
1500.000000
1500.000000
1500.000000
1500.000000
1500.000000
1500.000000
1500.000000
1500.000000
1500.000000
1500.000000
1500.000000
1500.000000
1500.000000
1500.000000
1500.000000
1500.000000
1500.000000
1500.000000
1174.878820
1174.878834
1174.878820
1174.878834
1174.878820
1174.878834
1174.878820
1174.878834
1174.878820
1174.878834
1174.878820
1174.878834
1174.878820
1174.878834
1174.878820
1174.878834
1174.878820
1174.878834
1174.878820
1174.878834
1174.878820
1174.878834
1174.878820
1174.878834
1174.878820
1174.878834
1174.878820
1174.878834
1174.878820
1174.878834
971.677996
971.678193
971.677996
971.678193
971.677996
971.678193
971.677996
971.678193
971.677996
971.678193
971.677996
971.678193
971.677996
971.678193
971.677996
971.678193
971.677996
971.678193
971.677996
971.678193
971.677996
971.678193
971.677996
971.678193
971.677996
971.678193
971.677996
971.678193
971.677996
971.678193
823.894908
823.896578
823.894908
823.896578
823.894908
823.896578
823.894908
823.896578
823.894908
823.896578
823.894908
823.896578
823.894908
823.896578
823.894908
823.896578
823.894908
823.896578
823.894908
823.896578
823.894908
823.896578
823.894908
823.896578
823.894908
823.896578
823.894908
823.896578
823.894908
823.896578
707.776129
707.785948
707.776129
707.785948
707.776129
707.785948
707.776129
707.785948
707.776129
707.785948
707.776129
707.785948
707.776129
707.785948
707.776129
707.785948
707.776129
707.785948
707.776129
707.785948
707.776129
707.785948
707.776129
707.785948
707.776129
707.785948
707.776129
707.785948
707.776129
707.785948
612.134957
612.179371
612.134957
612.179371
612.134957
612.179371
612.134957
612.179371
612.134957
612.179371
612.134957
612.179371
612.134957
612.179371
612.134957
612.179371
612.134957
612.179371
612.134957
612.179371
612.134957
612.179371
612.134957
612.179371
612.134957
612.179371
612.134957
612.179371
612.134957
612.179371
530.794397
530.959344
530.794397
530.959344
530.794397
530.959344
530.794397
530.959344
530.794397
530.959344
530.794397
530.959344
530.794397
530.959344
530.794397
530.959344
530.794397
530.959344
530.794397
530.959344
530.794397
530.959344
530.794397
530.959344
530.794397
530.959344
530.794397
530.959344
530.794397
530.959344
459.935525
460.461185
459.935525
460.461185
459.935525
460.461185
459.935525
460.461185
459.935525
460.461185
459.935525
460.461185
459.935525
460.461185
459.935525
460.461185
459.935525
460.461185
459.935525
460.461185
459.935525
460.461185
459.935525
460.461185
459.935525
460.461185
459.935525
460.461185
459.935525
460.461185
396.933586
398.416519
396.933586
398.416519
396.933586
398.416519
396.933586
398.416519
396.933586
398.416519
396.933586
398.416519
396.933586
398.416519
396.933586
398.416519
396.933586
398.416519
396.933586
398.416519
396.933586
398.416519
396.933586
398.416519
396.933586
398.416519
396.933586
398.416519
396.933586
398.416519
339.725518
343.513838
339.725518
343.513838
339.725518
343.513838
339.725518
343.513838
339.725518
343.513838
339.725518
343.513838
339.725518
343.513838
339.725518
343.513838
339.725518
343.513838
339.725518
343.513838
339.725518
343.513838
339.725518
343.513838
339.725518
343.513838
339.725518
343.513838
339.725518
343.513838
286.362602
295.276388
286.362602
295.276388
286.362602
295.276388
286.362602
295.276388
286.362602
295.276388
286.362602
295.276388
286.362602
295.276388
286.362602
295.276388
286.362602
295.276388
286.362602
295.276388
286.362602
295.276388
286.362602
295.276388
286.362602
295.276388
286.362602
295.276388
286.362602
295.276388
234.587707
254.159519
234.587707
254.159519
234.587707
254.159519
234.587707
254.159519
234.587707
254.159519
234.587707
254.159519
234.587707
254.159519
234.587707
254.159519
234.587707
254.159519
234.587707
254.159519
234.587707
254.159519
234.587707
254.159519
234.587707
254.159519
234.587707
254.159519
234.587707
254.159519
181.338455
221.850567
181.338455
221.850567
181.338455
221.850567
181.338455
221.850567
181.338455
221.850567
181.338455
221.850567
181.338455
221.850567
181.338455
221.850567
181.338455
221.850567
181.338455
221.850567
181.338455
221.850567
181.338455
221.850567
181.338455
221.850567
181.338455
221.850567
181.338455
221.850567
122.096034
201.795142
122.096034
201.795142
122.096034
201.795142
122.096034
201.795142
122.096034
201.795142
122.096034
201.795142
122.096034
201.795142
122.096034
201.795142
122.096034
201.795142
122.096034
201.795142
122.096034
201.795142
122.096034
201.795142
122.096034
201.795142
122.096034
201.795142
122.096034
201.795142
50.000000
200.000000
50.000000
200.000000
50.000000
200.000000
50.000000
200.000000
50.000000
200.000000
50.000000
200.000000
50.000000
200.000000
50.000000
200.000000
50.000000
200.000000
50.000000
200.000000
50.000000
200.000000
50.000000
200.000000
50.000000
200.000000
50.000000
200.000000
50.000000
200.000000
