1500.000000
1500.000000
1500.000000
1500.000000
1500.000000
1500.000000
1500.000000
1500.000000
1500.000000
1500.000000
1500.000000
1500.000000
1500.000000
1500.000000
1500.000000
1500.000000
1500.000000
1500.000000
1500.000000
1500.000000
1500.000000
1500.000000
1500.000000
1500.000000
1500.000000
1500.000000
1500.000000
1500.000000
1500.000000
1500.000000
1500.000000
1500.000000
1500.000000
1500.000000
1500.000000
1500.000000
1500.000000
1500.000000
1500.000000
1500.000000
1174.878827
1174.878827
1174.878827
1174.878827
1174.878827
1174.878827
1174.878827
1174.878827
1174.878827
1174.878827
1174.878827
1174.878827
1174.878827
1174.878827
1174.878827
1174.878827
1174.878827
1174.878827
1174.878827
1174.878827
1174.878827
1174.878827
1174.878827
1174.878827
1174.878827
1174.878827
1174.878827
1174.878827
1174.878827
1174.878827
1174.878827
1174.878827
1174.878827
1174.878827
1174.878827
1174.878827
1174.878827
1174.878827
1174.878827
1174.878827
971.678092
971.678096
971.678092
971.678096
971.678092
971.678096
971.678092
971.678096
971.678092
971.678096
971.678092
971.678096
971.678092
971.678096
971.678092
971.678096
971.678092
971.678096
971.678092
971.678096
971.678092
971.678096
971.678092
971.678096
971.678092
971.678096
971.678092
971.678096
971.678092
971.678096
971.678092
971.678096
971.678092
971.678096
971.678092
971.678096
971.678092
971.678096
971.678092
971.678096
823.895712
823.895774
823.895712
823.895774
823.895712
823.895774
823.895712
823.895774
823.895712
823.895774
823.895712
823.895774
823.895712
823.895774
823.895712
823.895774
823.895712
823.895774
823.895712
823.895774
823.895712
823.895774
823.895712
823.895774
823.895712
823.895774
823.895712
823.895774
823.895712
823.895774
823.895712
823.895774
823.895712
823.895774
823.895712
823.895774
823.895712
823.895774
823.895712
823.895774
707.780758
707.781319
707.780758
707.781319
707.780758
707.781319
707.780758
707.781319
707.780758
707.781319
707.780758
707.781319
707.780758
707.781319
707.780758
707.781319
707.780758
707.781319
707.780758
707.781319
707.780758
707.781319
707.780758
707.781319
707.780758
707.781319
707.780758
707.781319
707.780758
707.781319
707.780758
707.781319
707.780758
707.781319
707.780758
707.781319
707.780758
707.781319
707.780758
707.781319
612.155262
612.159066
612.155262
612.159066
612.155262
612.159066
612.155262
612.159066
612.155262
612.159066
612.155262
612.159066
612.155262
612.159066
612.155262
612.159066
612.155262
612.159066
612.155262
612.159066
612.155262
612.159066
612.155262
612.159066
612.155262
612.159066
612.155262
612.159066
612.155262
612.159066
612.155262
612.159066
612.155262
612.159066
612.155262
612.159066
612.155262
612.159066
612.155262
612.159066
530.866652
530.887089
530.866652
530.887089
530.866652
530.887089
530.866652
530.887089
530.866652
530.887089
530.866652
530.887089
530.866652
530.887089
530.866652
530.887089
530.866652
530.887089
530.866652
530.887089
530.866652
530.887089
530.866652
530.887089
530.866652
530.887089
530.866652
530.887089
530.866652
530.887089
530.866652
530.887089
530.866652
530.887089
530.866652
530.887089
530.866652
530.887089
530.866652
530.887089
460.152721
460.243989
460.152721
460.243989
460.152721
460.243989
460.152721
460.243989
460.152721
460.243989
460.152721
460.243989
460.152721
460.243989
460.152721
460.243989
460.152721
460.243989
460.152721
460.243989
460.152721
460.243989
460.152721
460.243989
460.152721
460.243989
460.152721
460.243989
460.152721
460.243989
460.152721
460.243989
460.152721
460.243989
460.152721
460.243989
460.152721
460.243989
460.152721
460.243989
397.499598
397.850507
397.499598
397.850507
397.499598
397.850507
397.499598
397.850507
397.499598
397.850507
397.499598
397.850507
397.499598
397.850507
397.499598
397.850507
397.499598
397.850507
397.499598
397.850507
397.499598
397.850507
397.499598
397.850507
397.499598
397.850507
397.499598
397.850507
397.499598
397.850507
397.499598
397.850507
397.499598
397.850507
397.499598
397.850507
397.499598
397.850507
397.499598
397.850507
341.023442
342.215914
341.023442
342.215914
341.023442
342.215914
341.023442
342.215914
341.023442
342.215914
341.023442
342.215914
341.023442
342.215914
341.023442
342.215914
341.023442
342.215914
341.023442
342.215914
341.023442
342.215914
341.023442
342.215914
341.023442
342.215914
341.023442
342.215914
341.023442
342.215914
341.023442
342.215914
341.023442
342.215914
341.023442
342.215914
341.023442
342.215914
341.023442
342.215914
288.992390
292.646600
288.992390
292.646600
288.992390
292.646600
288.992390
292.646600
288.992390
292.646600
288.992390
292.646600
288.992390
292.646600
288.992390
292.646600
288.992390
292.646600
288.992390
292.646600
288.992390
292.646600
288.992390
292.646600
288.992390
292.646600
288.992390
292.646600
288.992390
292.646600
288.992390
292.646600
288.992390
292.646600
288.992390
292.646600
288.992390
292.646600
288.992390
292.646600
239.244986
249.502240
239.244986
249.502240
239.244986
249.502240
239.244986
249.502240
239.244986
249.502240
239.244986
249.502240
239.244986
249.502240
239.244986
249.502240
239.244986
249.502240
239.244986
249.502240
239.244986
249.502240
239.244986
249.502240
239.244986
249.502240
239.244986
249.502240
239.244986
249.502240
239.244986
249.502240
239.244986
249.502240
239.244986
249.502240
239.244986
249.502240
239.244986
249.502240
188.243018
214.946004
188.243018
214.946004
188.243018
214.946004
188.243018
214.946004
188.243018
214.946004
188.243018
214.946004
188.243018
214.946004
188.243018
214.946004
188.243018
214.946004
188.243018
214.946004
188.243018
214.946004
188.243018
214.946004
188.243018
214.946004
188.243018
214.946004
188.243018
214.946004
188.243018
214.946004
188.243018
214.946004
188.243018
214.946004
188.243018
214.946004
188.243018
214.946004
129.384465
194.506711
129.384465
194.506711
129.384465
194.506711
129.384465
194.506711
129.384465
194.506711
129.384465
194.506711
129.384465
194.506711
129.384465
194.506711
129.384465
194.506711
129.384465
194.506711
129.384465
194.506711
129.384465
194.506711
129.384465
194.506711
129.384465
194.506711
129.384465
194.506711
129.384465
194.506711
129.384465
194.506711
129.384465
194.506711
129.384465
194.506711
129.384465
194.506711
50.000000
200.000000
50.000000
200.000000
50.000000
200.000000
50.000000
200.000000
50.000000
200.000000
50.000000
200.000000
50.000000
200.000000
50.000000
200.000000
50.000000
200.000000
50.000000
200.000000
50.000000
200.000000
50.000000
200.000000
50.000000
200.000000
50.000000
200.000000
50.000000
200.000000
50.000000
200.000000
50.000000
200.000000
50.000000
200.000000
50.000000
200.000000
50.000000
200.000000
