1500.000000
1500.000000
1500.000000
1500.000000
1500.000000
1500.000000
1500.000000
1500.000000
1500.000000
1500.000000
1500.000000
1500.000000
1500.000000
1500.000000
1500.000000
1500.000000
1500.000000
1500.000000
1500.000000
1500.000000
1500.000000
1500.000000
1500.000000
1500.000000
1500.000000
1500.000000
1500.000000
1500.000000
1500.000000
1500.000000
1500.000000
1500.000000
1500.000000
1500.000000
1500.000000
1500.000000
1500.000000
1500.000000
1500.000000
1500.000000
1500.000000
1500.000000
1500.000000
1500.000000
1500.000000
1174.030500
1174.046793
1174.077986
1174.121573
1174.174397
1174.233118
1174.294604
1174.356181
1174.415753
1174.471807
1174.523364
1174.569882
1174.611159
1174.647232
1174.678300
1174.704654
1174.726627
1174.744557
1174.758757
1174.769501
1174.777013
1174.781453
1174.782922
1174.781453
1174.777013
1174.769501
1174.758757
1174.744557
1174.726627
1174.704654
1174.678300
1174.647232
1174.611159
1174.569882
1174.523364
1174.471807
1174.415753
1174.356181
1174.294604
1174.233118
1174.174397
1174.121573
1174.077986
1174.046793
1174.030500
970.182037
970.218569
970.287314
970.380934
970.490861
970.608875
970.728070
970.843264
970.950965
971.049127
971.136812
971.213872
971.280665
971.337853
971.386237
971.426663
971.459939
971.486807
971.507903
971.523762
971.534794
971.541296
971.543443
971.541296
971.534794
971.523762
971.507903
971.486807
971.459939
971.426663
971.386237
971.337853
971.280665
971.213872
971.136812
971.049127
970.950965
970.843264
970.728070
970.608875
970.490861
970.380934
970.287314
970.218569
970.182037
821.789229
821.856963
821.981012
822.143707
822.326529
822.514009
822.694944
822.862462
823.012964
823.145335
823.259856
823.357763
823.440585
823.510075
823.567828
823.615403
823.654070
823.685006
823.709085
823.727097
823.739551
823.746890
823.749293
823.746890
823.739551
823.727097
823.709085
823.685006
823.654070
823.615403
823.567828
823.510075
823.440585
823.357763
823.259856
823.145335
823.012964
822.862462
822.694944
822.514009
822.326529
822.143707
821.981012
821.856963
821.789229
705.035345
705.154487
705.363609
705.624196
705.900721
706.169176
706.414804
706.631907
706.818671
706.977255
707.109952
707.220633
707.311925
707.387323
707.448766
707.498966
707.539097
707.571169
707.595729
707.614239
707.626765
707.634339
707.636640
707.634339
707.626765
707.614239
707.595729
707.571169
707.539097
707.498966
707.448766
707.387323
707.311925
707.220633
707.109952
706.977255
706.818671
706.631907
706.414804
706.169176
705.900721
705.624196
705.363609
705.154487
705.035345
608.694770
608.902835
609.243535
609.641496
610.033534
610.392248
610.700255
610.961089
611.174267
611.350774
611.492260
611.609262
611.701949
611.779111
611.839261
611.889748
611.927877
611.960007
611.982632
612.001443
612.012380
612.020661
612.021808
612.020661
612.012380
612.001443
611.982632
611.960007
611.927877
611.889748
611.839261
611.779111
611.701949
611.609262
611.492260
611.350774
611.174267
610.961089
610.700255
610.392248
610.033534
609.641496
609.243535
608.902835
608.694770
526.565153
526.935853
527.475388
528.063035
528.584883
529.040382
529.397332
529.695894
529.918847
530.108682
530.245478
530.367661
530.451384
530.531766
530.582334
530.636176
530.665264
530.701490
530.715899
530.739655
530.743218
530.757267
530.751848
530.757267
530.743218
530.739655
530.715899
530.701490
530.665264
530.636176
530.582334
530.531766
530.451384
530.367661
530.245478
530.108682
529.918847
529.695894
529.397332
529.040382
528.584883
528.063035
527.475388
526.935853
526.565153
454.824594
455.512878
456.330666
457.182665
457.817871
458.385629
458.750091
459.096488
459.290862
459.509671
459.608855
459.756354
459.801635
459.907918
459.921278
460.002499
459.995893
460.060949
460.041018
460.094853
460.065230
460.110437
460.072859
460.110437
460.065230
460.094853
460.041018
460.060949
459.995893
460.002499
459.921278
459.907918
459.801635
459.756354
459.608855
459.509671
459.290862
459.096488
458.750091
458.385629
457.817871
457.182665
456.330666
455.512878
454.824594
390.891759
392.242578
393.371586
394.628847
395.262346
396.022179
396.266792
396.746985
396.795574
397.138390
397.089618
397.362310
397.262123
397.496432
397.367080
397.578838
397.431741
397.629279
397.470556
397.658369
397.491292
397.671699
397.497813
397.671699
397.491292
397.658369
397.470556
397.629279
397.431741
397.578838
397.367080
397.496432
397.262123
397.362310
397.089618
397.138390
396.795574
396.746985
396.266792
396.022179
395.262346
394.628847
393.371586
392.242578
390.891759
332.831169
335.639237
336.855114
338.888512
339.108734
340.392936
340.117967
341.084347
340.603809
341.434264
340.861429
341.627503
341.008602
341.740930
341.096762
341.809782
341.150565
341.851617
341.182677
341.875639
341.199777
341.886621
341.205147
341.886621
341.199777
341.875639
341.182677
341.851617
341.150565
341.809782
341.096762
341.740930
341.008602
341.627503
340.861429
341.434264
340.603809
341.084347
340.117967
340.392936
339.108734
338.888512
336.855114
335.639237
332.831169
278.947812
285.060260
285.268502
289.191257
287.739855
290.681849
288.673463
291.292388
289.088993
291.585037
289.301019
291.742217
289.419682
291.833064
289.489932
291.887713
289.532506
291.920737
289.557809
291.939639
289.571250
291.948266
289.575467
291.948266
289.571250
291.939639
289.557809
291.920737
289.532506
291.887713
289.489932
291.833064
289.419682
291.742217
289.301019
291.585037
289.088993
291.292388
288.673463
290.681849
287.739855
289.191257
285.268502
285.060260
278.947812
227.379536
241.041640
236.703775
245.779033
239.118359
247.097276
239.894673
247.585615
240.218736
247.809981
240.379361
247.928038
240.467926
247.995520
240.519920
248.035854
240.551274
248.060135
240.569854
248.074001
240.579707
248.080322
240.582796
248.080322
240.579707
248.074001
240.569854
248.060135
240.551274
248.035854
240.519920
247.995520
240.467926
247.928038
240.379361
247.809981
240.218736
247.585615
239.894673
247.097276
239.118359
245.779033
236.703775
241.041640
227.379536
175.514685
206.252738
187.684950
210.824844
189.655148
211.807100
190.205397
212.143341
190.424567
212.293319
190.531081
212.371160
190.589235
212.415334
190.623190
212.441627
190.643600
212.457416
190.655672
212.466420
190.662068
212.470521
190.664071
212.470521
190.662068
212.466420
190.655672
212.457416
190.643600
212.441627
190.623190
212.415334
190.589235
212.371160
190.531081
212.293319
190.424567
212.143341
190.205397
211.807100
189.655148
210.824844
187.684950
206.252738
175.514685
119.003385
187.549983
130.798895
190.596799
131.913987
191.114979
132.194845
191.283629
132.303650
191.357597
132.355949
191.395699
132.384350
191.417236
132.400884
191.430027
132.410805
191.437697
132.416667
191.442068
132.419771
191.444058
132.420743
191.444058
132.419771
191.442068
132.416667
191.437697
132.410805
191.430027
132.400884
191.417236
132.384350
191.395699
132.355949
191.357597
132.303650
191.283629
132.194845
191.114979
131.913987
190.596799
130.798895
187.549983
119.003385
50.000000
200.000000
50.000000
200.000000
50.000000
200.000000
50.000000
200.000000
50.000000
200.000000
50.000000
200.000000
50.000000
200.000000
50.000000
200.000000
50.000000
200.000000
50.000000
200.000000
50.000000
200.000000
50.000000
200.000000
50.000000
200.000000
50.000000
200.000000
50.000000
200.000000
50.000000
200.000000
50.000000
200.000000
50.000000
200.000000
50.000000
200.000000
50.000000
200.000000
50.000000
200.000000
50.000000
200.000000
50.000000
