1500.000000
1500.000000
1500.000000
1500.000000
1500.000000
1166.274290
1176.645397
1170.820880
1176.645397
1166.274290
956.772154
975.991021
964.046563
975.991021
956.772154
803.501722
831.528413
812.540030
831.528413
803.501722
682.259990
719.389190
692.394889
719.389190
682.259990
581.681639
628.303809
592.387132
628.303809
581.681639
495.525755
552.057273
506.357037
552.057273
495.525755
419.998538
486.857358
430.563531
486.857358
419.998538
352.622317
430.218802
362.566211
430.218802
352.622317
291.690191
380.423736
300.686155
380.423736
291.690191
235.976585
336.234624
243.719757
336.234624
235.976585
184.571979
296.730026
190.775342
296.730026
184.571979
136.782956
261.205081
141.174366
261.205081
136.782956
92.068846
229.108322
94.388816
229.108322
92.068846
50.000000
200.000000
50.000000
200.000000
50.000000
