1500.000000
1500.000000
1500.000000
1500.000000
1500.000000
1500.000000
1500.000000
1500.000000
1500.000000
1500.000000
1249.790763
1250.079286
1249.790763
1250.079286
1249.790763
1250.079286
1249.790763
1250.079286
1249.790763
1250.079286
1077.091888
1077.860953
1077.091888
1077.860953
1077.091888
1077.860953
1077.091888
1077.860953
1077.091888
1077.860953
945.076829
946.649723
945.076829
946.649723
945.076829
946.649723
945.076829
946.649723
945.076829
946.649723
838.049063
840.856233
838.049063
840.856233
838.049063
840.856233
838.049063
840.856233
838.049063
840.856233
747.854865
752.432591
747.854865
752.432591
747.854865
752.432591
747.854865
752.432591
747.854865
752.432591
669.704485
676.696831
669.704485
676.696831
669.704485
676.696831
669.704485
676.696831
669.704485
676.696831
600.534902
610.696158
600.534902
610.696158
600.534902
610.696158
600.534902
610.696158
600.534902
610.696158
538.260368
552.457450
538.260368
552.457450
538.260368
552.457450
538.260368
552.457450
538.260368
552.457450
481.389607
500.604309
481.389607
500.604309
481.389607
500.604309
481.389607
500.604309
481.389607
500.604309
428.813597
454.144685
428.813597
454.144685
428.813597
454.144685
428.813597
454.144685
428.813597
454.144685
379.680200
412.345364
379.680200
412.345364
379.680200
412.345364
379.680200
412.345364
379.680200
412.345364
333.316218
374.653892
333.316218
374.653892
333.316218
374.653892
333.316218
374.653892
333.316218
374.653892
289.176867
340.647938
289.176867
340.647938
289.176867
340.647938
289.176867
340.647938
289.176867
340.647938
246.811859
310.001274
246.811859
310.001274
246.811859
310.001274
246.811859
310.001274
246.811859
310.001274
205.841943
282.460238
205.841943
282.460238
205.841943
282.460238
205.841943
282.460238
205.841943
282.460238
165.942273
257.827011
165.942273
257.827011
165.942273
257.827011
165.942273
257.827011
165.942273
257.827011
126.830338
235.947488
126.830338
235.947488
126.830338
235.947488
126.830338
235.947488
126.830338
235.947488
88.257044
216.702291
88.257044
216.702291
88.257044
216.702291
88.257044
216.702291
88.257044
216.702291
50.000000
200.000000
50.000000
200.000000
50.000000
200.000000
50.000000
200.000000
50.000000
200.000000
