1500.000000
1500.000000
1500.000000
1500.000000
1500.000000
1500.000000
1500.000000
1500.000000
1500.000000
1500.000000
1500.000000
1500.000000
1500.000000
1500.000000
1500.000000
1500.000000
1500.000000
1500.000000
1500.000000
1500.000000
1500.000000
1500.000000
1500.000000
1500.000000
1500.000000
1248.762126
1248.833994
1248.958419
1249.108988
1249.261947
1249.401763
1249.520312
1249.615543
1249.688275
1249.741141
1249.776580
1249.796985
1249.803559
1249.796985
1249.776580
1249.741141
1249.688275
1249.615543
1249.520312
1249.401763
1249.261947
1249.108988
1248.958419
1248.833994
1248.762126
1075.385042
1075.535921
1075.786429
1076.077061
1076.359191
1076.607823
1076.811252
1076.970914
1077.089793
1077.175395
1077.231627
1077.264271
1077.274336
1077.264271
1077.231627
1077.175395
1077.089793
1076.970914
1076.811252
1076.607823
1076.359191
1076.077061
1075.786429
1075.535921
1075.385042
942.936963
943.193654
943.593226
944.033931
944.436835
944.778905
945.045838
945.252020
945.399450
945.506566
945.573531
945.614619
945.625175
945.614619
945.573531
945.506566
945.399450
945.252020
945.045838
944.778905
944.436835
944.033931
943.593226
943.193654
942.936963
835.702271
836.110579
836.689736
837.297599
837.811523
838.237440
838.547365
838.789998
838.949810
839.074225
839.141582
839.192200
839.197682
839.192200
839.141582
839.074225
838.949810
838.789998
838.547365
838.237440
837.811523
837.297599
836.689736
836.110579
835.702271
745.534765
746.167421
746.955426
747.753732
748.358408
748.866141
749.192234
749.471811
749.622622
749.770413
749.821612
749.891841
749.879091
749.891841
749.821612
749.770413
749.622622
749.471811
749.192234
748.866141
748.358408
747.753732
746.955426
746.167421
745.534765
667.659970
668.630782
669.642740
670.667018
671.320532
671.924460
672.223469
672.559841
672.664731
672.861061
672.863246
672.981333
672.919950
672.981333
672.863246
672.861061
672.664731
672.559841
672.223469
671.924460
671.320532
670.667018
669.642740
668.630782
667.659970
599.029093
600.514638
601.730063
603.042538
603.663740
604.411956
604.607022
605.056236
605.045170
605.351013
605.237541
605.466833
605.291955
605.466833
605.237541
605.351013
605.045170
605.056236
604.607022
604.411956
603.663740
603.042538
601.730063
600.514638
599.029093
537.563593
539.834864
541.163347
542.879509
543.319584
544.323051
544.275170
544.957978
544.698859
545.239384
544.880940
545.348416
544.932011
545.348416
544.880940
545.239384
544.698859
544.957978
544.275170
544.323051
543.319584
542.879509
541.163347
539.834864
537.563593
481.766912
485.233992
486.462899
488.795328
488.793303
490.271693
489.734643
490.881605
490.134842
491.144441
490.303657
491.245062
490.350669
491.245062
490.303657
491.144441
490.134842
490.881605
489.734643
490.271693
488.793303
488.795328
486.462899
485.233992
481.766912
430.506372
435.779901
436.498028
439.823989
438.939699
441.290149
439.842470
441.861974
440.212176
442.102446
440.365661
442.193574
440.408146
442.193574
440.365661
442.102446
440.212176
441.861974
439.842470
441.290149
438.939699
439.823989
436.498028
435.779901
430.506372
382.880993
390.854831
390.344815
395.305595
392.822213
396.718709
393.664936
397.241910
393.998919
397.457371
394.135717
397.538327
394.173394
397.538327
394.135717
397.457371
393.998919
397.241910
393.664936
396.718709
392.822213
395.305595
390.344815
390.854831
382.880993
338.135465
350.095709
347.186776
354.828242
349.614875
356.147598
350.379373
356.614052
350.673934
356.802784
350.793242
356.873201
350.825966
356.873201
350.793242
356.802784
350.673934
356.614052
350.379373
356.147598
349.614875
354.828242
347.186776
350.095709
338.135465
295.599999
313.366246
306.237525
318.203078
308.526207
319.391916
309.197882
319.795740
309.450621
319.956773
309.552061
320.016516
309.579792
320.016516
309.552061
319.956773
309.450621
319.795740
309.197882
319.391916
308.526207
318.203078
306.237525
313.366246
295.599999
254.644999
280.750556
266.673800
285.462612
268.733273
286.489697
269.301188
286.827028
269.510797
286.959987
269.594320
287.009094
269.617093
287.009094
269.594320
286.959987
269.510797
286.827028
269.301188
286.489697
268.733273
285.462612
266.673800
280.750556
254.644999
214.644142
252.562744
227.571781
256.877126
229.318705
257.717944
229.775504
257.986692
229.941568
258.091672
230.007375
258.130313
230.025282
258.130313
230.007375
258.091672
229.941568
257.986692
229.775504
257.717944
229.318705
256.877126
227.571781
252.562744
214.644142
174.941990
229.369473
187.842109
232.986573
189.205956
233.624074
189.547632
233.823666
189.670460
233.901120
189.718938
233.929560
189.732111
233.929560
189.718938
233.901120
189.670460
233.823666
189.547632
233.624074
189.205956
232.986573
187.842109
229.369473
174.941990
134.823625
212.023934
146.160389
214.646854
147.089382
215.071667
147.314922
215.202784
147.395390
215.253442
147.427064
215.272013
147.435663
215.272013
147.427064
215.253442
147.395390
215.202784
147.314922
215.071667
147.089382
214.646854
146.160389
212.023934
134.823625
93.484596
201.710518
100.890684
203.090200
101.356469
203.300327
101.467423
203.364655
101.506841
203.389447
101.522334
203.398528
101.526538
203.398528
101.522334
203.389447
101.506841
203.364655
101.467423
203.300327
101.356469
203.090200
100.890684
201.710518
93.484596
50.000000
200.000000
50.000000
200.000000
50.000000
200.000000
50.000000
200.000000
50.000000
200.000000
50.000000
200.000000
50.000000
200.000000
50.000000
200.000000
50.000000
200.000000
50.000000
200.000000
50.000000
200.000000
50.000000
200.000000
50.000000
