1500.000000
1500.000000
1500.000000
1500.000000
1500.000000
1500.000000
1500.000000
1500.000000
1500.000000
1500.000000
1500.000000
1500.000000
1500.000000
1500.000000
1500.000000
1500.000000
1500.000000
1500.000000
1500.000000
1500.000000
1500.000000
1500.000000
1500.000000
1500.000000
1500.000000
1500.000000
1500.000000
1500.000000
1500.000000
1500.000000
1500.000000
1500.000000
1500.000000
1500.000000
1500.000000
1500.000000
1500.000000
1500.000000
1500.000000
1500.000000
1500.000000
1500.000000
1500.000000
1500.000000
1500.000000
1249.287020
1249.299031
1249.322098
1249.354483
1249.393953
1249.438094
1249.484593
1249.531428
1249.576971
1249.620021
1249.659769
1249.695747
1249.727751
1249.755777
1249.779950
1249.800477
1249.817605
1249.831587
1249.842663
1249.851045
1249.856906
1249.860370
1249.861516
1249.860370
1249.856906
1249.851045
1249.842663
1249.831587
1249.817605
1249.800477
1249.779950
1249.755777
1249.727751
1249.695747
1249.659769
1249.620021
1249.576971
1249.531428
1249.484593
1249.438094
1249.393953
1249.354483
1249.322098
1249.299031
1249.287020
1076.322175
1076.347192
1076.394754
1076.460509
1076.539114
1076.625130
1076.713689
1076.800859
1076.883757
1076.960483
1077.029962
1077.091751
1077.145858
1077.192586
1077.232409
1077.265878
1077.293562
1077.316000
1077.333672
1077.346985
1077.356261
1077.361734
1077.363543
1077.361734
1077.356261
1077.346985
1077.333672
1077.316000
1077.293562
1077.265878
1077.232409
1077.192586
1077.145858
1077.091751
1077.029962
1076.960483
1076.883757
1076.800859
1076.713689
1076.625130
1076.539114
1076.460509
1076.394754
1076.347192
1076.322175
944.250711
944.292756
944.371543
944.478135
944.602253
944.734238
944.866207
944.992454
945.109324
945.214847
945.308287
945.389751
945.459856
945.519496
945.569669
945.611383
945.645573
945.673080
945.694614
945.710764
945.721978
945.728581
945.730759
945.728581
945.721978
945.710764
945.694614
945.673080
945.645573
945.611383
945.569669
945.519496
945.459856
945.389751
945.308287
945.214847
945.109324
944.992454
944.866207
944.734238
944.602253
944.478135
944.371543
944.292756
944.250711
837.390445
837.456235
837.577076
837.736020
837.915098
838.099080
838.276876
838.441594
838.589636
838.719823
838.832435
838.928651
839.010006
839.078205
839.134855
839.181473
839.219345
839.249611
839.273164
839.290762
839.302935
839.310096
839.312449
839.310096
839.302935
839.290762
839.273164
839.249611
839.219345
839.181473
839.134855
839.078205
839.010006
838.928651
838.832435
838.719823
838.589636
838.441594
838.276876
838.099080
837.915098
837.736020
837.577076
837.456235
837.390445
747.616989
747.716932
747.895522
748.122213
748.367596
748.609909
748.835300
749.037074
749.212837
749.363358
749.490494
749.597059
749.685597
749.758853
749.818927
749.867959
749.907409
749.938807
749.963051
749.981163
749.993591
750.000951
750.003316
750.000951
749.993591
749.981163
749.963051
749.938807
749.907409
749.867959
749.818927
749.758853
749.685597
749.597059
749.490494
749.363358
749.212837
749.037074
748.835300
748.609909
748.367596
748.122213
747.895522
747.716932
747.616989
670.175420
670.325731
670.584114
670.898090
671.221998
671.528188
671.801168
672.037219
672.236110
672.402324
672.539207
672.652183
672.744210
672.819760
672.880677
672.930353
672.969660
673.001150
673.024982
673.043099
673.055141
673.062601
673.064714
673.062601
673.055141
673.043099
673.024982
673.001150
672.969660
672.930353
672.880677
672.819760
672.744210
672.652183
672.539207
672.402324
672.236110
672.037219
671.801168
671.528188
671.221998
670.898090
670.584114
670.325731
670.175420
602.038375
602.264976
602.633265
603.058554
603.472414
603.846469
604.164070
604.430407
604.646209
604.823670
604.964998
605.081363
605.173061
605.249226
605.308312
605.357891
605.395136
605.426587
605.448581
605.466976
605.477547
605.485674
605.486715
605.485674
605.477547
605.466976
605.448581
605.426587
605.395136
605.357891
605.308312
605.249226
605.173061
605.081363
604.964998
604.823670
604.646209
604.430407
604.164070
603.846469
603.472414
603.058554
602.633265
602.264976
602.038375
541.153021
541.498849
542.016202
542.582007
543.093179
543.537778
543.892034
544.184932
544.408458
544.594614
544.733169
544.852376
544.938271
545.015919
545.068803
545.120001
545.151465
545.185090
545.201913
545.223104
545.229117
545.240639
545.237708
545.240639
545.229117
545.223104
545.201913
545.185090
545.151465
545.120001
545.068803
545.015919
544.938271
544.852376
544.733169
544.594614
544.408458
544.184932
543.892034
543.537778
543.093179
542.582007
542.016202
541.498849
541.153021
486.054082
486.593036
487.305286
488.048461
488.653287
489.173198
489.546294
489.867090
490.081874
490.280896
490.403082
490.531707
490.600064
490.687156
490.723119
490.784635
490.800135
490.845031
490.846795
490.880105
490.871850
490.896235
490.879747
490.896235
490.871850
490.880105
490.846795
490.845031
490.800135
490.784635
490.723119
490.687156
490.600064
490.531707
490.403082
490.280896
490.081874
489.867090
489.546294
489.173198
488.653287
488.048461
487.305286
486.593036
486.054082
435.645437
436.509239
437.457004
438.430688
439.099059
439.712784
440.064547
440.432628
440.602693
440.838309
440.911668
441.076040
441.096245
441.220395
441.209711
441.309778
441.280019
441.364723
441.322355
441.396481
441.345007
441.411048
441.352135
441.411048
441.345007
441.396481
441.322355
441.364723
441.280019
441.309778
441.209711
441.220395
441.096245
441.076040
440.911668
440.838309
440.602693
440.432628
440.064547
439.712784
439.099059
438.430688
437.457004
436.509239
435.645437
389.064531
390.494376
391.678317
392.977388
393.618032
394.389082
394.625702
395.110798
395.149301
395.496740
395.438299
395.716248
395.607046
395.847212
395.709371
395.927441
395.772247
395.976436
395.809914
396.004644
395.830008
396.017556
395.836323
396.017556
395.830008
396.004644
395.809914
395.976436
395.772247
395.927441
395.709371
395.847212
395.607046
395.716248
395.438299
395.496740
395.149301
395.110798
394.625702
394.389082
393.618032
392.977388
391.678317
390.494376
389.064531
345.587038
348.031776
349.328106
351.154913
351.538487
352.650022
352.550506
353.347698
353.042919
353.703449
353.305397
353.900619
353.455704
354.016522
353.545810
354.086896
353.600797
354.129643
353.633599
354.154174
353.651057
354.165384
353.656537
354.165384
353.651057
354.154174
353.633599
354.129643
353.600797
354.086896
353.545810
354.016522
353.455704
353.900619
353.305397
353.703449
353.042919
353.347698
352.550506
352.650022
351.538487
351.154913
349.328106
348.031776
345.587038
304.546597
308.846051
309.821122
312.639068
312.233056
314.152850
313.206327
314.800514
313.652350
315.117193
313.883082
315.288918
314.013085
315.388636
314.090294
315.448748
314.137147
315.485102
314.165004
315.505912
314.179801
315.515408
314.184442
315.515408
314.179801
315.505912
314.165004
315.485102
314.137147
315.448748
314.090294
315.388636
314.013085
315.288918
313.883082
315.117193
313.652350
314.800514
313.206327
314.152850
312.233056
312.639068
309.821122
308.846051
304.546597
265.250495
272.970472
272.501539
277.367133
274.994882
278.819192
275.884378
279.392688
276.271054
279.663256
276.466162
279.807379
276.574662
279.890255
276.638625
279.939929
276.677268
279.969868
276.700183
279.986971
276.712336
279.994768
276.716145
279.994768
276.712336
279.986971
276.700183
279.969868
276.677268
279.939929
276.638625
279.890255
276.574662
279.807379
276.466162
279.663256
276.271054
279.392688
275.884378
278.819192
274.994882
277.367133
272.501539
272.970472
265.250495
226.872019
240.902541
236.442700
245.680257
238.844410
246.981088
239.607237
247.459809
239.924441
247.679186
240.081351
247.794416
240.167727
247.860178
240.218356
247.899424
240.248842
247.923016
240.266883
247.936472
240.276441
247.942602
240.279435
247.942602
240.276441
247.936472
240.266883
247.923016
240.248842
247.899424
240.218356
247.860178
240.167727
247.794416
240.081351
247.679186
239.924441
247.459809
239.607237
246.981088
238.844410
245.680257
236.442700
240.902541
226.872019
188.295579
213.894280
200.108818
218.612945
202.203701
219.673986
202.803305
220.042236
203.044058
220.207278
203.161392
220.293074
203.225502
220.341770
203.262925
220.370738
203.285403
220.388120
203.298687
220.398023
203.305718
220.402531
203.307920
220.402531
203.305718
220.398023
203.298687
220.388120
203.285403
220.370738
203.262925
220.341770
203.225502
220.293074
203.161392
220.207278
203.044058
220.042236
202.803305
219.673986
202.203701
218.612945
200.108818
213.894280
188.295579
147.881739
194.452110
160.780884
198.424332
162.340169
199.170320
162.749966
199.418116
162.910462
199.527480
162.987895
199.583936
163.029992
199.615861
163.054497
199.634814
163.069193
199.646171
163.077869
199.652637
163.082460
199.655580
163.083897
199.655580
163.082460
199.652637
163.077869
199.646171
163.069193
199.634814
163.054497
199.615861
163.029992
199.583936
162.987895
199.527480
162.910462
199.418116
162.749966
199.170320
162.340169
198.424332
160.780884
194.452110
147.881739
103.105364
187.160676
113.598871
189.521004
114.428356
189.902096
114.634038
190.025335
114.713432
190.079251
114.751519
190.106975
114.772167
190.122620
114.784168
190.131897
114.791359
190.137452
114.795602
190.140614
114.797846
190.142052
114.798549
190.142052
114.797846
190.140614
114.795602
190.137452
114.791359
190.131897
114.784168
190.122620
114.772167
190.106975
114.751519
190.079251
114.713432
190.025335
114.634038
189.902096
114.428356
189.521004
113.598871
187.160676
103.105364
50.000000
200.000000
50.000000
200.000000
50.000000
200.000000
50.000000
200.000000
50.000000
200.000000
50.000000
200.000000
50.000000
200.000000
50.000000
200.000000
50.000000
200.000000
50.000000
200.000000
50.000000
200.000000
50.000000
200.000000
50.000000
200.000000
50.000000
200.000000
50.000000
200.000000
50.000000
200.000000
50.000000
200.000000
50.000000
200.000000
50.000000
200.000000
50.000000
200.000000
50.000000
200.000000
50.000000
200.000000
50.000000
