1500.000000
1500.000000
1500.000000
1500.000000
1500.000000
1500.000000
1500.000000
1500.000000
1500.000000
1500.000000
1500.000000
1500.000000
1500.000000
1500.000000
1500.000000
1500.000000
1500.000000
1500.000000
1500.000000
1500.000000
1500.000000
1500.000000
1500.000000
1500.000000
1500.000000
1500.000000
1500.000000
1500.000000
1500.000000
1500.000000
1500.000000
1500.000000
1500.000000
1500.000000
1500.000000
1500.000000
1500.000000
1500.000000
1500.000000
1500.000000
1500.000000
1500.000000
1500.000000
1500.000000
1500.000000
1500.000000
1500.000000
1500.000000
1500.000000
1500.000000
1249.935024
1249.935024
1249.935024
1249.935024
1249.935024
1249.935024
1249.935024
1249.935024
1249.935024
1249.935024
1249.935024
1249.935024
1249.935024
1249.935024
1249.935024
1249.935024
1249.935024
1249.935024
1249.935024
1249.935024
1249.935024
1249.935024
1249.935024
1249.935024
1249.935024
1249.935024
1249.935024
1249.935024
1249.935024
1249.935024
1249.935024
1249.935024
1249.935024
1249.935024
1249.935024
1249.935024
1249.935024
1249.935024
1249.935024
1249.935024
1249.935024
1249.935024
1249.935024
1249.935024
1249.935024
1249.935024
1249.935024
1249.935024
1249.935024
1249.935024
1077.476421
1077.476421
1077.476421
1077.476421
1077.476421
1077.476421
1077.476421
1077.476421
1077.476421
1077.476421
1077.476421
1077.476421
1077.476421
1077.476421
1077.476421
1077.476421
1077.476421
1077.476421
1077.476421
1077.476421
1077.476421
1077.476421
1077.476421
1077.476421
1077.476421
1077.476421
1077.476421
1077.476421
1077.476421
1077.476421
1077.476421
1077.476421
1077.476421
1077.476421
1077.476421
1077.476421
1077.476421
1077.476421
1077.476421
1077.476421
1077.476421
1077.476421
1077.476421
1077.476421
1077.476421
1077.476421
1077.476421
1077.476421
1077.476421
1077.476421
945.863275
945.863276
945.863275
945.863276
945.863275
945.863276
945.863275
945.863276
945.863275
945.863276
945.863275
945.863276
945.863276
945.863276
945.863276
945.863276
945.863276
945.863276
945.863276
945.863276
945.863276
945.863276
945.863276
945.863276
945.863276
945.863276
945.863276
945.863276
945.863276
945.863276
945.863276
945.863276
945.863276
945.863276
945.863276
945.863276
945.863276
945.863276
945.863275
945.863276
945.863275
945.863276
945.863275
945.863276
945.863275
945.863276
945.863275
945.863276
945.863275
945.863276
839.452647
839.452648
839.452647
839.452648
839.452647
839.452648
839.452647
839.452648
839.452647
839.452648
839.452647
839.452648
839.452647
839.452648
839.452647
839.452648
839.452647
839.452648
839.452647
839.452648
839.452647
839.452648
839.452647
839.452648
839.452647
839.452648
839.452647
839.452648
839.452647
839.452648
839.452647
839.452648
839.452647
839.452648
839.452647
839.452648
839.452647
839.452648
839.452647
839.452648
839.452647
839.452648
839.452647
839.452648
839.452647
839.452648
839.452647
839.452648
839.452647
839.452648
750.143723
750.143733
750.143723
750.143733
750.143723
750.143733
750.143723
750.143733
750.143723
750.143733
750.143723
750.143733
750.143723
750.143733
750.143723
750.143733
750.143723
750.143733
750.143723
750.143733
750.143723
750.143733
750.143723
750.143733
750.143723
750.143733
750.143723
750.143733
750.143723
750.143733
750.143723
750.143733
750.143723
750.143733
750.143723
750.143733
750.143723
750.143733
750.143723
750.143733
750.143723
750.143733
750.143723
750.143733
750.143723
750.143733
750.143723
750.143733
750.143723
750.143733
673.200624
673.200692
673.200624
673.200692
673.200624
673.200692
673.200624
673.200692
673.200624
673.200692
673.200624
673.200692
673.200624
673.200692
673.200624
673.200692
673.200624
673.200692
673.200624
673.200692
673.200624
673.200692
673.200624
673.200692
673.200624
673.200692
673.200624
673.200692
673.200624
673.200692
673.200624
673.200692
673.200624
673.200692
673.200624
673.200692
673.200624
673.200692
673.200624
673.200692
673.200624
673.200692
673.200624
673.200692
673.200624
673.200692
673.200624
673.200692
673.200624
673.200692
605.615343
605.615717
605.615343
605.615717
605.615343
605.615717
605.615343
605.615717
605.615343
605.615717
605.615343
605.615717
605.615343
605.615717
605.615343
605.615717
605.615343
605.615717
605.615343
605.615717
605.615343
605.615717
605.615343
605.615717
605.615343
605.615717
605.615343
605.615717
605.615343
605.615717
605.615343
605.615717
605.615343
605.615717
605.615343
605.615717
605.615343
605.615717
605.615343
605.615717
605.615343
605.615717
605.615343
605.615717
605.615343
605.615717
605.615343
605.615717
605.615343
605.615717
545.358029
545.359790
545.358029
545.359790
545.358029
545.359790
545.358029
545.359790
545.358029
545.359790
545.358029
545.359790
545.358029
545.359790
545.358029
545.359790
545.358029
545.359790
545.358029
545.359790
545.358029
545.359790
545.358029
545.359790
545.358029
545.359790
545.358029
545.359790
545.358029
545.359790
545.358029
545.359790
545.358029
545.359790
545.358029
545.359790
545.358029
545.359790
545.358029
545.359790
545.358029
545.359790
545.358029
545.359790
545.358029
545.359790
545.358029
545.359790
545.358029
545.359790
490.993318
491.000598
490.993318
491.000598
490.993318
491.000598
490.993318
491.000598
490.993318
491.000598
490.993318
491.000598
490.993318
491.000598
490.993318
491.000598
490.993318
491.000598
490.993318
491.000598
490.993318
491.000598
490.993318
491.000598
490.993318
491.000598
490.993318
491.000598
490.993318
491.000598
490.993318
491.000598
490.993318
491.000598
490.993318
491.000598
490.993318
491.000598
490.993318
491.000598
490.993318
491.000598
490.993318
491.000598
490.993318
491.000598
490.993318
491.000598
490.993318
491.000598
441.465667
441.492616
441.465667
441.492616
441.465667
441.492616
441.465667
441.492616
441.465667
441.492616
441.465667
441.492616
441.465667
441.492616
441.465667
441.492616
441.465667
441.492616
441.465667
441.492616
441.465667
441.492616
441.465667
441.492616
441.465667
441.492616
441.465667
441.492616
441.465667
441.492616
441.465667
441.492616
441.465667
441.492616
441.465667
441.492616
441.465667
441.492616
441.465667
441.492616
441.465667
441.492616
441.465667
441.492616
441.465667
441.492616
441.465667
441.492616
441.465667
441.492616
395.967429
396.058135
395.967429
396.058135
395.967429
396.058135
395.967429
396.058135
395.967429
396.058135
395.967429
396.058135
395.967429
396.058135
395.967429
396.058135
395.967429
396.058135
395.967429
396.058135
395.967429
396.058135
395.967429
396.058135
395.967429
396.058135
395.967429
396.058135
395.967429
396.058135
395.967429
396.058135
395.967429
396.058135
395.967429
396.058135
395.967429
396.058135
395.967429
396.058135
395.967429
396.058135
395.967429
396.058135
395.967429
396.058135
395.967429
396.058135
395.967429
396.058135
353.844524
354.125586
353.844524
354.125586
353.844524
354.125586
353.844524
354.125586
353.844524
354.125586
353.844524
354.125586
353.844524
354.125586
353.844524
354.125586
353.844524
354.125586
353.844524
354.125586
353.844524
354.125586
353.844524
354.125586
353.844524
354.125586
353.844524
354.125586
353.844524
354.125586
353.844524
354.125586
353.844524
354.125586
353.844524
354.125586
353.844524
354.125586
353.844524
354.125586
353.844524
354.125586
353.844524
354.125586
353.844524
354.125586
353.844524
354.125586
353.844524
354.125586
314.507399
315.317406
314.507399
315.317406
314.507399
315.317406
314.507399
315.317406
314.507399
315.317406
314.507399
315.317406
314.507399
315.317406
314.507399
315.317406
314.507399
315.317406
314.507399
315.317406
314.507399
315.317406
314.507399
315.317406
314.507399
315.317406
314.507399
315.317406
314.507399
315.317406
314.507399
315.317406
314.507399
315.317406
314.507399
315.317406
314.507399
315.317406
314.507399
315.317406
314.507399
315.317406
314.507399
315.317406
314.507399
315.317406
314.507399
315.317406
314.507399
315.317406
277.311731
279.501403
277.311731
279.501403
277.311731
279.501403
277.311731
279.501403
277.311731
279.501403
277.311731
279.501403
277.311731
279.501403
277.311731
279.501403
277.311731
279.501403
277.311731
279.501403
277.311731
279.501403
277.311731
279.501403
277.311731
279.501403
277.311731
279.501403
277.311731
279.501403
277.311731
279.501403
277.311731
279.501403
277.311731
279.501403
277.311731
279.501403
277.311731
279.501403
277.311731
279.501403
277.311731
279.501403
277.311731
279.501403
277.311731
279.501403
277.311731
279.501403
241.355120
246.947061
241.355120
246.947061
241.355120
246.947061
241.355120
246.947061
241.355120
246.947061
241.355120
246.947061
241.355120
246.947061
241.355120
246.947061
241.355120
246.947061
241.355120
246.947061
241.355120
246.947061
241.355120
246.947061
241.355120
246.947061
241.355120
246.947061
241.355120
246.947061
241.355120
246.947061
241.355120
246.947061
241.355120
246.947061
241.355120
246.947061
241.355120
246.947061
241.355120
246.947061
241.355120
246.947061
241.355120
246.947061
241.355120
246.947061
241.355120
246.947061
205.098533
218.670751
205.098533
218.670751
205.098533
218.670751
205.098533
218.670751
205.098533
218.670751
205.098533
218.670751
205.098533
218.670751
205.098533
218.670751
205.098533
218.670751
205.098533
218.670751
205.098533
218.670751
205.098533
218.670751
205.098533
218.670751
205.098533
218.670751
205.098533
218.670751
205.098533
218.670751
205.098533
218.670751
205.098533
218.670751
205.098533
218.670751
205.098533
218.670751
205.098533
218.670751
205.098533
218.670751
205.098533
218.670751
205.098533
218.670751
205.098533
218.670751
165.654871
197.122956
165.654871
197.122956
165.654871
197.122956
165.654871
197.122956
165.654871
197.122956
165.654871
197.122956
165.654871
197.122956
165.654871
197.122956
165.654871
197.122956
165.654871
197.122956
165.654871
197.122956
165.654871
197.122956
165.654871
197.122956
165.654871
197.122956
165.654871
197.122956
165.654871
197.122956
165.654871
197.122956
165.654871
197.122956
165.654871
197.122956
165.654871
197.122956
165.654871
197.122956
165.654871
197.122956
165.654871
197.122956
165.654871
197.122956
165.654871
197.122956
117.476870
187.482465
117.476870
187.482465
117.476870
187.482465
117.476870
187.482465
117.476870
187.482465
117.476870
187.482465
117.476870
187.482465
117.476870
187.482465
117.476870
187.482465
117.476870
187.482465
117.476870
187.482465
117.476870
187.482465
117.476870
187.482465
117.476870
187.482465
117.476870
187.482465
117.476870
187.482465
117.476870
187.482465
117.476870
187.482465
117.476870
187.482465
117.476870
187.482465
117.476870
187.482465
117.476870
187.482465
117.476870
187.482465
117.476870
187.482465
117.476870
187.482465
50.000000
200.000000
50.000000
200.000000
50.000000
200.000000
50.000000
200.000000
50.000000
200.000000
50.000000
200.000000
50.000000
200.000000
50.000000
200.000000
50.000000
200.000000
50.000000
200.000000
50.000000
200.000000
50.000000
200.000000
50.000000
200.000000
50.000000
200.000000
50.000000
200.000000
50.000000
200.000000
50.000000
200.000000
50.000000
200.000000
50.000000
200.000000
50.000000
200.000000
50.000000
200.000000
50.000000
200.000000
50.000000
200.000000
50.000000
200.000000
50.000000
200.000000
