1500.000000
1500.000000
1500.000000
1500.000000
1500.000000
1500.000000
1500.000000
1500.000000
1500.000000
1500.000000
1296.837281
1297.058924
1296.837281
1297.058924
1296.837281
1297.058924
1296.837281
1297.058924
1296.837281
1297.058924
1147.374251
1147.916222
1147.374251
1147.916222
1147.374251
1147.916222
1147.374251
1147.916222
1147.374251
1147.916222
1029.073900
1030.109715
1029.073900
1030.109715
1029.073900
1030.109715
1029.073900
1030.109715
1029.073900
1030.109715
931.091418
932.849987
931.091418
932.849987
931.091418
932.849987
931.091418
932.849987
931.091418
932.849987
847.371433
850.133990
847.371433
850.133990
847.371433
850.133990
847.371433
850.133990
847.371433
850.133990
774.184096
778.284258
774.184096
778.284258
774.184096
778.284258
774.184096
778.284258
774.184096
778.284258
709.064968
714.889527
709.064968
714.889527
709.064968
714.889527
709.064968
714.889527
709.064968
714.889527
650.297110
658.286988
650.297110
658.286988
650.297110
658.286988
650.297110
658.286988
650.297110
658.286988
596.633480
607.284691
596.633480
607.284691
596.633480
607.284691
596.633480
607.284691
596.633480
607.284691
547.137203
561.001771
547.137203
561.001771
547.137203
561.001771
547.137203
561.001771
547.137203
561.001771
501.084352
518.771188
501.084352
518.771188
501.084352
518.771188
501.084352
518.771188
501.084352
518.771188
457.902025
480.077750
457.902025
480.077750
457.902025
480.077750
457.902025
480.077750
457.902025
480.077750
417.127376
444.517099
417.127376
444.517099
417.127376
444.517099
417.127376
444.517099
417.127376
444.517099
378.379637
411.767691
378.379637
411.767691
378.379637
411.767691
378.379637
411.767691
378.379637
411.767691
341.340479
381.571121
341.340479
381.571121
341.340479
381.571121
341.340479
381.571121
341.340479
381.571121
305.739903
353.717979
305.739903
353.717979
305.739903
353.717979
305.739903
353.717979
305.739903
353.717979
271.345891
328.037466
271.345891
328.037466
271.345891
328.037466
271.345891
328.037466
271.345891
328.037466
237.956668
304.389638
237.956668
304.389638
237.956668
304.389638
237.956668
304.389638
237.956668
304.389638
205.394842
282.659513
205.394842
282.659513
205.394842
282.659513
205.394842
282.659513
205.394842
282.659513
173.502879
262.752522
173.502879
262.752522
173.502879
262.752522
173.502879
262.752522
173.502879
262.752522
142.139578
244.590971
142.139578
244.590971
142.139578
244.590971
142.139578
244.590971
142.139578
244.590971
111.177288
228.111229
111.177288
228.111229
111.177288
228.111229
111.177288
228.111229
111.177288
228.111229
80.499688
213.261497
80.499688
213.261497
80.499688
213.261497
80.499688
213.261497
80.499688
213.261497
50.000000
200.000000
50.000000
200.000000
50.000000
200.000000
50.000000
200.000000
50.000000
200.000000
