1500.000000
1500.000000
1500.000000
1500.000000
1500.000000
1500.000000
1500.000000
1500.000000
1500.000000
1500.000000
1500.000000
1500.000000
1500.000000
1500.000000
1500.000000
1295.338042
1295.625788
1295.975656
1296.302006
1296.520705
1296.676573
1296.744527
1296.779381
1296.744527
1296.676573
1296.520705
1296.302006
1295.975656
1295.625788
1295.338042
1144.736398
1145.325824
1145.967149
1146.567058
1146.928668
1147.209161
1147.305192
1147.380292
1147.305192
1147.209161
1146.928668
1146.567058
1145.967149
1145.325824
1144.736398
1025.508865
1026.471034
1027.366111
1028.231481
1028.666845
1029.071680
1029.149084
1029.288281
1029.149084
1029.071680
1028.666845
1028.231481
1027.366111
1026.471034
1025.508865
926.752599
928.198719
929.297247
930.450474
930.878627
931.436972
931.432521
931.682802
931.432521
931.436972
930.878627
930.450474
929.297247
928.198719
926.752599
842.387517
844.468723
845.690774
847.186129
847.502027
848.277208
848.101553
848.540232
848.101553
848.277208
847.502027
847.186129
845.690774
844.468723
842.387517
768.673297
771.584955
772.807956
774.738320
774.802005
775.898996
775.426688
776.170081
775.426688
775.898996
774.802005
774.738320
772.807956
771.584955
768.673297
703.141526
707.129311
708.175921
710.682137
710.307830
711.882482
710.941314
712.154607
710.941314
711.882482
710.307830
710.682137
708.175921
707.129311
703.141526
644.074142
649.441054
650.066968
653.348872
652.293467
654.563089
652.922600
654.830827
652.922600
654.563089
652.293467
653.348872
650.066968
649.441054
644.074142
590.223915
597.337929
597.219253
601.547994
599.498740
602.753836
600.112951
603.012999
600.112951
602.753836
599.498740
601.547994
597.219253
597.337929
590.223915
540.653588
549.955818
548.675881
554.407352
550.968648
555.585725
551.559484
555.833102
551.559484
555.585725
550.968648
554.407352
548.675881
549.955818
540.653588
494.637966
506.651264
503.686808
511.276081
505.955361
512.410743
506.516130
512.643903
506.516130
512.410743
505.955361
511.276081
503.686808
506.651264
494.637966
451.601504
466.939470
461.646210
471.662911
463.855605
472.740223
464.381096
472.957361
464.381096
472.740223
463.855605
471.662911
461.646210
466.939470
451.601504
411.076996
430.453370
422.050907
435.195499
424.169082
436.204198
424.655328
436.404018
424.655328
436.204198
424.169082
435.195499
422.050907
430.453370
411.076996
372.677330
396.915752
384.471856
401.592785
386.469919
402.523780
386.914004
402.705398
386.914004
402.523780
386.469919
401.592785
384.471856
396.915752
372.677330
336.075638
366.119761
348.534027
370.645712
350.386501
371.491888
350.786393
371.654750
350.786393
371.491888
350.386501
370.645712
348.534027
366.119761
336.075638
300.991006
337.914953
313.901837
342.203486
315.586848
342.959515
315.941259
343.103340
315.941259
342.959515
315.586848
342.203486
313.901837
337.914953
300.991006
267.177968
312.197130
280.268377
316.163605
281.767776
316.825763
282.076042
316.950486
282.076042
316.825763
281.767776
316.163605
280.268377
312.197130
267.177968
234.418636
288.900798
247.347272
292.464506
248.646697
293.030499
248.908667
293.136227
248.908667
293.030499
248.646697
292.464506
247.347272
288.900798
234.418636
202.516707
267.993500
214.866417
271.080086
215.955283
271.548872
216.171236
271.635854
216.171236
271.548872
215.955283
271.080086
214.866417
267.993500
202.516707
171.292830
249.471492
182.563083
252.015556
183.434503
252.387185
183.605063
252.455777
183.605063
252.387185
183.434503
252.015556
182.563083
249.471492
171.292830
140.580964
233.356427
150.180021
235.304305
150.830657
235.579761
150.956728
235.630403
150.956728
235.579761
150.830657
235.304305
150.180021
233.356427
140.580964
110.225499
219.692773
117.462314
221.005487
117.892158
221.186540
117.974866
221.219737
117.974866
221.186540
117.892158
221.005487
117.462314
219.692773
110.225499
80.078936
208.545802
84.154814
209.202187
84.366890
209.291249
84.407531
209.307555
84.407531
209.291249
84.366890
209.202187
84.154814
208.545802
80.078936
50.000000
200.000000
50.000000
200.000000
50.000000
200.000000
50.000000
200.000000
50.000000
200.000000
50.000000
200.000000
50.000000
200.000000
50.000000
