1500.000000
1500.000000
1500.000000
1500.000000
1500.000000
1500.000000
1500.000000
1500.000000
1500.000000
1500.000000
1500.000000
1500.000000
1500.000000
1500.000000
1500.000000
1500.000000
1500.000000
1500.000000
1500.000000
1500.000000
1500.000000
1500.000000
1500.000000
1500.000000
1500.000000
1500.000000
1500.000000
1500.000000
1500.000000
1500.000000
1500.000000
1500.000000
1500.000000
1500.000000
1500.000000
1500.000000
1500.000000
1500.000000
1500.000000
1500.000000
1500.000000
1500.000000
1500.000000
1500.000000
1500.000000
1296.423012
1296.432601
1296.451041
1296.476983
1296.508680
1296.544226
1296.581772
1296.619687
1296.656642
1296.691642
1296.724011
1296.753347
1296.779469
1296.802359
1296.822112
1296.838890
1296.852890
1296.864319
1296.873372
1296.880223
1296.885011
1296.887842
1296.888779
1296.887842
1296.885011
1296.880223
1296.873372
1296.864319
1296.852890
1296.838890
1296.822112
1296.802359
1296.779469
1296.753347
1296.724011
1296.691642
1296.656642
1296.619687
1296.581772
1296.544226
1296.508680
1296.476983
1296.451041
1296.432601
1296.423012
1146.699587
1146.718877
1146.755725
1146.807024
1146.868876
1146.937200
1147.008223
1147.078790
1147.146492
1147.209659
1147.267271
1147.318830
1147.364224
1147.403607
1147.437298
1147.465703
1147.489257
1147.508386
1147.523475
1147.534855
1147.542792
1147.547476
1147.549024
1147.547476
1147.542792
1147.534855
1147.523475
1147.508386
1147.489257
1147.465703
1147.437298
1147.403607
1147.364224
1147.318830
1147.267271
1147.209659
1147.146492
1147.078790
1147.008223
1146.937200
1146.868876
1146.807024
1146.755725
1146.718877
1146.699587
1028.270277
1028.301133
1028.359513
1028.439621
1028.534488
1028.637207
1028.741791
1028.843589
1028.939354
1029.027085
1029.105778
1029.175159
1029.235445
1029.287151
1029.330950
1029.367570
1029.397725
1029.422074
1029.441192
1029.455560
1029.465553
1029.471442
1029.473387
1029.471442
1029.465553
1029.455560
1029.441192
1029.422074
1029.397725
1029.367570
1029.330950
1029.287151
1029.235445
1029.175159
1029.105778
1029.027085
1028.939354
1028.843589
1028.741791
1028.637207
1028.534488
1028.439621
1028.359513
1028.301133
1028.270277
930.290937
930.336474
930.421568
930.536206
930.668986
930.809349
930.948829
931.081445
931.203488
931.313073
931.409620
931.493406
931.565213
931.626077
931.677117
931.719433
931.754034
931.781814
931.803526
931.819787
931.831068
931.837705
931.839894
931.837705
931.831068
931.819787
931.803526
931.781814
931.754034
931.719433
931.677117
931.626077
931.565213
931.493406
931.409620
931.313073
931.203488
931.081445
930.948829
930.809349
930.668986
930.536206
930.421568
930.336474
930.290937
846.716719
846.781448
846.900497
847.057299
847.234189
847.416094
847.592002
847.755029
847.901576
848.030443
848.141896
848.237093
848.317561
848.384985
848.440968
848.487013
848.524404
848.554269
848.577503
848.594854
848.606855
848.613911
848.616232
848.613911
848.606855
848.594854
848.577503
848.554269
848.524404
848.487013
848.440968
848.384985
848.317561
848.237093
848.141896
848.030443
847.901576
847.755029
847.592002
847.416094
847.234189
847.057299
846.900497
846.781448
846.716719
773.832874
773.923152
774.085836
774.294363
774.522472
774.749914
774.963404
775.155982
775.324903
775.470344
775.593807
775.697651
775.784238
775.856019
775.915037
775.963241
776.002109
776.033030
776.056959
776.074805
776.087092
776.094334
776.096690
776.094334
776.087092
776.074805
776.056959
776.033030
776.002109
775.963241
775.915037
775.856019
775.784238
775.697651
775.593807
775.470344
775.324903
775.155982
774.963404
774.749914
774.522472
774.294363
774.085836
773.923152
773.832874
709.192150
709.316967
709.535997
709.807838
710.094812
710.371448
710.622871
710.843463
711.032089
711.191217
711.323750
711.433685
711.524063
711.598343
711.658754
711.707885
711.747138
711.778358
711.802298
711.820236
711.832432
711.839733
711.842006
711.839733
711.832432
711.820236
711.802298
711.778358
711.747138
711.707885
711.658754
711.598343
711.524063
711.433685
711.323750
711.191217
711.032089
710.843463
710.622871
710.371448
710.094812
709.807838
709.535997
709.316967
709.192150
651.095443
651.267685
651.559512
651.908408
652.261890
652.590670
652.879162
653.125511
653.330502
653.500361
653.638892
653.752662
653.844588
653.919915
653.980189
654.029399
654.068009
654.099094
654.122356
654.140236
654.151899
654.159323
654.161263
654.159323
654.151899
654.140236
654.122356
654.099094
654.068009
654.029399
653.980189
653.919915
653.844588
653.752662
653.638892
653.500361
653.330502
653.125511
652.879162
652.590670
652.261890
651.908408
651.559512
651.267685
651.095443
598.313094
598.551613
598.937089
599.379064
599.805818
600.188785
600.511725
600.781096
600.998184
601.176098
601.317172
601.433133
601.524148
601.599741
601.658128
601.707206
601.743874
601.774968
601.796539
601.814735
601.825040
601.833125
601.834055
601.833125
601.825040
601.814735
601.796539
601.774968
601.743874
601.707206
601.658128
601.599741
601.524148
601.433133
601.317172
601.176098
600.998184
600.781096
600.511725
600.188785
599.805818
599.379064
598.937089
598.551613
598.313094
549.924067
550.257092
550.761716
551.315387
551.819756
552.258312
552.610389
552.900350
553.123661
553.308083
553.447148
553.565052
553.651711
553.728208
553.781949
553.832053
553.864414
553.896979
553.914726
553.934883
553.941848
553.952362
553.950411
553.952362
553.941848
553.934883
553.914726
553.896979
553.864414
553.832053
553.781949
553.728208
553.651711
553.565052
553.447148
553.308083
553.123661
552.900350
552.610389
552.258312
551.819756
551.315387
550.761716
550.257092
549.924067
505.217382
505.688233
506.341180
507.028704
507.609800
508.106089
508.477368
508.787732
509.008059
509.200511
509.330122
509.452984
509.529006
509.610291
509.653743
509.709226
509.731979
509.770617
509.779430
509.806295
509.804920
509.822707
509.812956
509.822707
509.804920
509.806295
509.779430
509.770617
509.731979
509.709226
509.653743
509.610291
509.529006
509.452984
509.330122
509.200511
509.008058
508.787732
508.477368
508.106089
507.609800
507.028704
506.341180
505.688233
505.217382
463.628308
464.305006
465.135372
465.985135
466.631548
467.192242
467.564011
467.901166
468.101926
468.311275
468.416962
468.555255
468.607334
468.704704
468.725140
468.797706
468.798412
468.855035
468.842623
468.888219
468.866302
468.903451
468.873756
468.903451
468.866302
468.888219
468.842623
468.855035
468.798412
468.797706
468.725140
468.704704
468.607334
468.555255
468.416962
468.311275
468.101926
467.901166
467.564011
467.192242
466.631548
465.985135
465.135372
464.305006
463.628308
424.694588
425.686053
426.713372
427.766713
428.446393
429.091377
429.427356
429.813397
429.961861
430.213328
430.264703
430.445292
430.444159
430.585236
430.553897
430.671513
430.621653
430.724391
430.662351
430.754894
430.684092
430.768869
430.690928
430.768869
430.684092
430.754894
430.662351
430.724391
430.621653
430.671513
430.553897
430.585236
430.444159
430.445292
430.264703
430.213328
429.961861
429.813397
429.427356
429.091377
428.446393
427.766713
426.713372
425.686053
424.694588
388.024207
389.507393
390.721207
392.047578
392.688574
393.469025
393.697497
394.188594
394.217900
394.571269
394.503921
394.788192
394.670474
394.917316
394.771267
394.996277
394.833104
395.044432
394.870103
395.072126
394.889824
395.084795
394.896019
395.084795
394.889824
395.072126
394.870103
395.044432
394.833104
394.996277
394.771267
394.917316
394.670474
394.788192
394.503921
394.571269
394.217900
394.188594
393.697497
393.469025
392.688574
392.047578
390.721207
389.507393
388.024207
353.269212
355.534162
356.853759
358.582288
359.036605
360.070442
360.049377
360.771272
360.545322
361.130234
360.810504
361.329601
360.962565
361.446891
361.053761
361.518115
361.109405
361.561366
361.142589
361.586178
361.160243
361.597513
361.165784
361.597513
361.160243
361.586178
361.142589
361.561366
361.109405
361.518115
361.053761
361.446891
360.962565
361.329601
360.810504
361.130234
360.545322
360.771272
360.049377
360.070442
359.036605
358.582288
356.853759
355.534162
353.269212
320.101590
323.625354
324.824988
327.206220
327.183504
328.721736
328.173384
329.387507
328.635227
329.717078
328.876203
329.896872
329.012553
330.001586
329.093698
330.064796
329.142980
330.103042
329.172288
330.124935
329.187856
330.134925
329.192738
330.134925
329.187856
330.124935
329.172288
330.103042
329.142980
330.064796
329.093698
330.001586
329.012553
329.896872
328.876203
329.717078
328.635227
329.387507
328.173384
328.721736
327.183504
327.206220
324.824988
323.625354
320.101590
288.187685
293.753925
294.330002
297.850773
296.799649
299.346026
297.738540
299.961121
298.157673
300.256512
298.371744
300.415197
298.491502
300.506831
298.562311
300.561870
298.605150
300.595072
298.630568
300.614044
298.644051
300.622693
298.648277
300.622693
298.644051
300.614044
298.630568
300.595072
298.605150
300.561870
298.562311
300.506831
298.491502
300.415197
298.371744
300.256512
298.157673
299.961121
297.738540
299.346026
296.799649
297.850773
294.330002
293.753925
288.187685
257.157490
266.047221
264.990752
270.579115
267.480307
272.000311
268.340290
272.550529
268.709402
272.807907
268.894527
272.944390
268.997116
273.022649
269.057449
273.069461
269.093835
273.097631
269.115383
273.113705
269.126801
273.121027
269.130378
273.121027
269.126801
273.113705
269.115383
273.097631
269.093835
273.069461
269.057449
273.022649
268.997116
272.944390
268.894527
272.807907
268.709402
272.550529
268.340290
272.000311
267.480307
270.579115
264.990752
266.047221
257.157490
226.564504
240.855742
236.274053
245.652152
238.666836
246.942600
239.421833
247.415777
239.735090
247.632280
239.889857
247.745878
239.974966
247.810644
240.024805
247.849258
240.054785
247.872449
240.072513
247.885667
240.081898
247.891684
240.084837
247.891684
240.081898
247.885667
240.072513
247.872449
240.054785
247.849258
240.024805
247.810644
239.974966
247.745878
239.889857
247.632280
239.735090
247.415777
239.421833
246.942600
238.666836
245.652152
236.274053
240.855742
226.564504
195.830659
218.862176
207.366187
223.639545
209.525903
224.743938
210.153304
225.130429
210.406438
225.304146
210.530017
225.394538
210.597568
225.445846
210.636993
225.476358
210.660663
225.494655
210.674643
225.505075
210.682039
225.509816
210.684355
225.509816
210.682039
225.505075
210.674643
225.494655
210.660663
225.476358
210.636993
225.445846
210.597568
225.394538
210.530017
225.304146
210.406438
225.130429
210.153304
224.743938
209.525903
223.639545
207.366187
218.862176
195.830659
164.169093
201.247744
176.982030
205.597556
178.764451
206.466887
179.246517
206.759863
179.436835
206.889778
179.528920
206.956961
179.579032
206.994969
179.608207
207.017530
179.625698
207.031045
179.636019
207.038735
179.641478
207.042234
179.643186
207.042234
179.641478
207.038735
179.636019
207.031045
179.625698
207.017530
179.608207
206.994969
179.579032
206.956961
179.528920
206.889778
179.436835
206.759863
179.246517
206.466887
178.764451
205.597556
176.982030
201.247744
164.169093
130.475160
189.939519
143.078108
193.344871
144.349016
193.941319
144.673881
194.136872
144.800191
194.222781
144.860933
194.267018
144.893889
194.291991
144.913044
194.306795
144.924516
194.315657
144.931282
194.320697
144.934859
194.322989
144.935978
194.322989
144.934859
194.320697
144.931282
194.315657
144.924516
194.306795
144.913044
194.291991
144.893889
194.267018
144.860933
194.222781
144.800191
194.136872
144.673881
193.941319
144.349016
193.344871
143.078108
189.939519
130.475160
93.172893
187.971077
102.427556
189.879969
103.085616
190.180888
103.247737
190.277931
103.310214
190.320335
103.340153
190.342118
103.356369
190.354400
103.365786
190.361675
103.371423
190.366028
103.374746
190.368504
103.376502
190.369629
103.377052
190.369629
103.376502
190.368504
103.374746
190.366028
103.371423
190.361675
103.365786
190.354400
103.356369
190.342118
103.340153
190.320335
103.310214
190.277931
103.247737
190.180888
103.085616
189.879969
102.427556
187.971077
93.172893
50.000000
200.000000
50.000000
200.000000
50.000000
200.000000
50.000000
200.000000
50.000000
200.000000
50.000000
200.000000
50.000000
200.000000
50.000000
200.000000
50.000000
200.000000
50.000000
200.000000
50.000000
200.000000
50.000000
200.000000
50.000000
200.000000
50.000000
200.000000
50.000000
200.000000
50.000000
200.000000
50.000000
200.000000
50.000000
200.000000
50.000000
200.000000
50.000000
200.000000
50.000000
200.000000
50.000000
200.000000
50.000000
