1500.000000
1500.000000
1500.000000
1500.000000
1500.000000
1500.000000
1500.000000
1500.000000
1500.000000
1500.000000
1500.000000
1500.000000
1500.000000
1500.000000
1500.000000
1500.000000
1500.000000
1500.000000
1500.000000
1500.000000
1500.000000
1500.000000
1500.000000
1500.000000
1500.000000
1500.000000
1500.000000
1500.000000
1500.000000
1500.000000
1500.000000
1500.000000
1500.000000
1500.000000
1500.000000
1500.000000
1500.000000
1500.000000
1500.000000
1500.000000
1500.000000
1500.000000
1500.000000
1500.000000
1500.000000
1500.000000
1500.000000
1500.000000
1500.000000
1500.000000
1296.948102
1296.948102
1296.948102
1296.948102
1296.948102
1296.948102
1296.948102
1296.948102
1296.948102
1296.948102
1296.948102
1296.948102
1296.948102
1296.948102
1296.948102
1296.948102
1296.948102
1296.948102
1296.948102
1296.948102
1296.948102
1296.948102
1296.948102
1296.948102
1296.948102
1296.948102
1296.948102
1296.948102
1296.948102
1296.948102
1296.948102
1296.948102
1296.948102
1296.948102
1296.948102
1296.948102
1296.948102
1296.948102
1296.948102
1296.948102
1296.948102
1296.948102
1296.948102
1296.948102
1296.948102
1296.948102
1296.948102
1296.948102
1296.948102
1296.948102
1147.645236
1147.645236
1147.645236
1147.645236
1147.645236
1147.645236
1147.645236
1147.645236
1147.645236
1147.645236
1147.645236
1147.645236
1147.645236
1147.645236
1147.645236
1147.645236
1147.645236
1147.645236
1147.645236
1147.645236
1147.645236
1147.645236
1147.645236
1147.645236
1147.645236
1147.645236
1147.645236
1147.645236
1147.645236
1147.645236
1147.645236
1147.645236
1147.645236
1147.645236
1147.645236
1147.645236
1147.645236
1147.645236
1147.645236
1147.645236
1147.645236
1147.645236
1147.645236
1147.645236
1147.645236
1147.645236
1147.645236
1147.645236
1147.645236
1147.645236
1029.591807
1029.591807
1029.591807
1029.591807
1029.591807
1029.591807
1029.591807
1029.591807
1029.591807
1029.591807
1029.591807
1029.591807
1029.591807
1029.591807
1029.591807
1029.591807
1029.591807
1029.591807
1029.591807
1029.591807
1029.591807
1029.591807
1029.591807
1029.591807
1029.591807
1029.591807
1029.591807
1029.591807
1029.591807
1029.591807
1029.591807
1029.591807
1029.591807
1029.591807
1029.591807
1029.591807
1029.591807
1029.591807
1029.591807
1029.591807
1029.591807
1029.591807
1029.591807
1029.591807
1029.591807
1029.591807
1029.591807
1029.591807
1029.591807
1029.591807
931.970702
931.970703
931.970702
931.970703
931.970702
931.970703
931.970702
931.970703
931.970702
931.970703
931.970703
931.970703
931.970703
931.970703
931.970703
931.970703
931.970703
931.970703
931.970703
931.970703
931.970703
931.970703
931.970703
931.970703
931.970703
931.970703
931.970703
931.970703
931.970703
931.970703
931.970703
931.970703
931.970703
931.970703
931.970703
931.970703
931.970703
931.970703
931.970703
931.970703
931.970702
931.970703
931.970702
931.970703
931.970702
931.970703
931.970702
931.970703
931.970702
931.970703
848.752711
848.752712
848.752711
848.752712
848.752711
848.752712
848.752711
848.752712
848.752711
848.752712
848.752711
848.752712
848.752711
848.752712
848.752711
848.752712
848.752711
848.752712
848.752711
848.752712
848.752711
848.752712
848.752711
848.752712
848.752711
848.752712
848.752711
848.752712
848.752711
848.752712
848.752711
848.752712
848.752711
848.752712
848.752711
848.752712
848.752711
848.752712
848.752711
848.752712
848.752711
848.752712
848.752711
848.752712
848.752711
848.752712
848.752711
848.752712
848.752711
848.752712
776.234174
776.234179
776.234174
776.234179
776.234174
776.234179
776.234174
776.234179
776.234175
776.234179
776.234175
776.234179
776.234175
776.234179
776.234175
776.234179
776.234175
776.234179
776.234175
776.234179
776.234175
776.234179
776.234175
776.234179
776.234175
776.234179
776.234175
776.234179
776.234175
776.234179
776.234175
776.234179
776.234175
776.234179
776.234175
776.234179
776.234175
776.234179
776.234175
776.234179
776.234175
776.234179
776.234174
776.234179
776.234174
776.234179
776.234174
776.234179
776.234174
776.234179
711.977236
711.977258
711.977236
711.977258
711.977236
711.977258
711.977236
711.977258
711.977236
711.977258
711.977236
711.977258
711.977236
711.977258
711.977236
711.977258
711.977236
711.977258
711.977236
711.977258
711.977236
711.977258
711.977236
711.977258
711.977236
711.977258
711.977236
711.977258
711.977236
711.977258
711.977236
711.977258
711.977236
711.977258
711.977236
711.977258
711.977236
711.977258
711.977236
711.977258
711.977236
711.977258
711.977236
711.977258
711.977236
711.977258
711.977236
711.977258
711.977236
711.977258
654.291999
654.292098
654.291999
654.292098
654.291999
654.292098
654.291999
654.292098
654.291999
654.292098
654.291999
654.292098
654.291999
654.292098
654.291999
654.292098
654.291999
654.292098
654.291999
654.292098
654.291999
654.292098
654.291999
654.292098
654.291999
654.292098
654.291999
654.292098
654.291999
654.292098
654.291999
654.292098
654.291999
654.292098
654.291999
654.292098
654.291999
654.292098
654.291999
654.292098
654.291999
654.292098
654.291999
654.292098
654.291999
654.292098
654.291999
654.292098
654.291999
654.292098
601.958894
601.959277
601.958894
601.959277
601.958894
601.959277
601.958894
601.959277
601.958894
601.959277
601.958894
601.959277
601.958894
601.959277
601.958894
601.959277
601.958894
601.959277
601.958894
601.959277
601.958894
601.959277
601.958894
601.959277
601.958894
601.959277
601.958894
601.959277
601.958894
601.959277
601.958894
601.959277
601.958894
601.959277
601.958894
601.959277
601.958894
601.959277
601.958894
601.959277
601.958894
601.959277
601.958894
601.959277
601.958894
601.959277
601.958894
601.959277
601.958894
601.959277
554.068814
554.070160
554.068814
554.070160
554.068814
554.070160
554.068814
554.070160
554.068814
554.070160
554.068814
554.070160
554.068814
554.070160
554.068814
554.070160
554.068814
554.070160
554.068814
554.070160
554.068814
554.070160
554.068814
554.070160
554.068814
554.070160
554.068814
554.070160
554.068814
554.070160
554.068814
554.070160
554.068814
554.070160
554.068814
554.070160
554.068814
554.070160
554.068814
554.070160
554.068814
554.070160
554.068814
554.070160
554.068814
554.070160
554.068814
554.070160
554.068814
554.070160
509.925611
509.929929
509.925611
509.929929
509.925611
509.929929
509.925611
509.929929
509.925611
509.929929
509.925611
509.929929
509.925611
509.929929
509.925611
509.929929
509.925611
509.929929
509.925611
509.929929
509.925611
509.929929
509.925611
509.929929
509.925611
509.929929
509.925611
509.929929
509.925611
509.929929
509.925611
509.929929
509.925611
509.929929
509.925611
509.929929
509.925611
509.929929
509.925611
509.929929
509.925611
509.929929
509.925611
509.929929
509.925611
509.929929
509.925611
509.929929
509.925611
509.929929
468.983468
468.996307
468.983468
468.996307
468.983468
468.996307
468.983468
468.996307
468.983468
468.996307
468.983468
468.996307
468.983468
468.996307
468.983468
468.996307
468.983468
468.996307
468.983468
468.996307
468.983468
468.996307
468.983468
468.996307
468.983468
468.996307
468.983468
468.996307
468.983468
468.996307
468.983468
468.996307
468.983468
468.996307
468.983468
468.996307
468.983468
468.996307
468.983468
468.996307
468.983468
468.996307
468.983468
468.996307
468.983468
468.996307
468.983468
468.996307
468.983468
468.996307
430.804401
430.840074
430.804401
430.840074
430.804401
430.840074
430.804401
430.840074
430.804401
430.840074
430.804401
430.840074
430.804401
430.840074
430.804401
430.840074
430.804401
430.840074
430.804401
430.840074
430.804401
430.840074
430.804401
430.840074
430.804401
430.840074
430.804401
430.840074
430.804401
430.840074
430.804401
430.840074
430.804401
430.840074
430.804401
430.840074
430.804401
430.840074
430.804401
430.840074
430.804401
430.840074
430.804401
430.840074
430.804401
430.840074
430.804401
430.840074
430.804401
430.840074
395.026986
395.120342
395.026986
395.120342
395.026986
395.120342
395.026986
395.120342
395.026986
395.120342
395.026986
395.120342
395.026986
395.120342
395.026986
395.120342
395.026986
395.120342
395.026986
395.120342
395.026986
395.120342
395.026986
395.120342
395.026986
395.120342
395.026986
395.120342
395.026986
395.120342
395.026986
395.120342
395.026986
395.120342
395.026986
395.120342
395.026986
395.120342
395.026986
395.120342
395.026986
395.120342
395.026986
395.120342
395.026986
395.120342
395.026986
395.120342
395.026986
395.120342
361.339995
361.571605
361.339995
361.571605
361.339995
361.571605
361.339995
361.571605
361.339995
361.571605
361.339995
361.571605
361.339995
361.571605
361.339995
361.571605
361.339995
361.571605
361.339995
361.571605
361.339995
361.571605
361.339995
361.571605
361.339995
361.571605
361.339995
361.571605
361.339995
361.571605
361.339995
361.571605
361.339995
361.571605
361.339995
361.571605
361.339995
361.571605
361.339995
361.571605
361.339995
361.571605
361.339995
361.571605
361.339995
361.571605
361.339995
361.571605
361.339995
361.571605
329.455083
330.002799
329.455083
330.002799
329.455083
330.002799
329.455083
330.002799
329.455083
330.002799
329.455083
330.002799
329.455083
330.002799
329.455083
330.002799
329.455083
330.002799
329.455083
330.002799
329.455083
330.002799
329.455083
330.002799
329.455083
330.002799
329.455083
330.002799
329.455083
330.002799
329.455083
330.002799
329.455083
330.002799
329.455083
330.002799
329.455083
330.002799
329.455083
330.002799
329.455083
330.002799
329.455083
330.002799
329.455083
330.002799
329.455083
330.002799
329.455083
330.002799
299.071452
300.311904
299.071452
300.311904
299.071452
300.311904
299.071452
300.311904
299.071452
300.311904
299.071452
300.311904
299.071452
300.311904
299.071452
300.311904
299.071452
300.311904
299.071452
300.311904
299.071452
300.311904
299.071452
300.311904
299.071452
300.311904
299.071452
300.311904
299.071452
300.311904
299.071452
300.311904
299.071452
300.311904
299.071452
300.311904
299.071452
300.311904
299.071452
300.311904
299.071452
300.311904
299.071452
300.311904
299.071452
300.311904
299.071452
300.311904
299.071452
300.311904
269.822433
272.523873
269.822433
272.523873
269.822433
272.523873
269.822433
272.523873
269.822433
272.523873
269.822433
272.523873
269.822433
272.523873
269.822433
272.523873
269.822433
272.523873
269.822433
272.523873
269.822433
272.523873
269.822433
272.523873
269.822433
272.523873
269.822433
272.523873
269.822433
272.523873
269.822433
272.523873
269.822433
272.523873
269.822433
272.523873
269.822433
272.523873
269.822433
272.523873
269.822433
272.523873
269.822433
272.523873
269.822433
272.523873
269.822433
272.523873
269.822433
272.523873
241.188607
246.865748
241.188607
246.865748
241.188607
246.865748
241.188607
246.865748
241.188607
246.865748
241.188607
246.865748
241.188607
246.865748
241.188607
246.865748
241.188607
246.865748
241.188607
246.865748
241.188607
246.865748
241.188607
246.865748
241.188607
246.865748
241.188607
246.865748
241.188607
246.865748
241.188607
246.865748
241.188607
246.865748
241.188607
246.865748
241.188607
246.865748
241.188607
246.865748
241.188607
246.865748
241.188607
246.865748
241.188607
246.865748
241.188607
246.865748
241.188607
246.865748
212.353551
223.901851
212.353551
223.901851
212.353551
223.901851
212.353551
223.901851
212.353551
223.901851
212.353551
223.901851
212.353551
223.901851
212.353551
223.901851
212.353551
223.901851
212.353551
223.901851
212.353551
223.901851
212.353551
223.901851
212.353551
223.901851
212.353551
223.901851
212.353551
223.901851
212.353551
223.901851
212.353551
223.901851
212.353551
223.901851
212.353551
223.901851
212.353551
223.901851
212.353551
223.901851
212.353551
223.901851
212.353551
223.901851
212.353551
223.901851
212.353551
223.901851
181.965356
204.765193
181.965356
204.765193
181.965356
204.765193
181.965356
204.765193
181.965356
204.765193
181.965356
204.765193
181.965356
204.765193
181.965356
204.765193
181.965356
204.765193
181.965356
204.765193
181.965356
204.765193
181.965356
204.765193
181.965356
204.765193
181.965356
204.765193
181.965356
204.765193
181.965356
204.765193
181.965356
204.765193
181.965356
204.765193
181.965356
204.765193
181.965356
204.765193
181.965356
204.765193
181.965356
204.765193
181.965356
204.765193
181.965356
204.765193
181.965356
204.765193
147.747773
191.540743
147.747773
191.540743
147.747773
191.540743
147.747773
191.540743
147.747773
191.540743
147.747773
191.540743
147.747773
191.540743
147.747773
191.540743
147.747773
191.540743
147.747773
191.540743
147.747773
191.540743
147.747773
191.540743
147.747773
191.540743
147.747773
191.540743
147.747773
191.540743
147.747773
191.540743
147.747773
191.540743
147.747773
191.540743
147.747773
191.540743
147.747773
191.540743
147.747773
191.540743
147.747773
191.540743
147.747773
191.540743
147.747773
191.540743
147.747773
191.540743
105.876964
187.884220
105.876964
187.884220
105.876964
187.884220
105.876964
187.884220
105.876964
187.884220
105.876964
187.884220
105.876964
187.884220
105.876964
187.884220
105.876964
187.884220
105.876964
187.884220
105.876964
187.884220
105.876964
187.884220
105.876964
187.884220
105.876964
187.884220
105.876964
187.884220
105.876964
187.884220
105.876964
187.884220
105.876964
187.884220
105.876964
187.884220
105.876964
187.884220
105.876964
187.884220
105.876964
187.884220
105.876964
187.884220
105.876964
187.884220
105.876964
187.884220
50.000000
200.000000
50.000000
200.000000
50.000000
200.000000
50.000000
200.000000
50.000000
200.000000
50.000000
200.000000
50.000000
200.000000
50.000000
200.000000
50.000000
200.000000
50.000000
200.000000
50.000000
200.000000
50.000000
200.000000
50.000000
200.000000
50.000000
200.000000
50.000000
200.000000
50.000000
200.000000
50.000000
200.000000
50.000000
200.000000
50.000000
200.000000
50.000000
200.000000
50.000000
200.000000
50.000000
200.000000
50.000000
200.000000
50.000000
200.000000
50.000000
200.000000
