1500.000000
1500.000000
1500.000000
1500.000000
1500.000000
1291.598386
1298.000581
1294.467020
1298.000581
1291.598386
1138.077827
1149.912464
1143.026248
1149.912464
1138.077827
1016.361169
1033.338877
1022.900316
1033.338877
1016.361169
915.388796
937.461564
923.169379
937.461564
915.388796
829.009713
856.231373
837.758808
856.231373
829.009713
753.451552
785.923397
762.942849
785.923397
753.451552
686.234402
724.080946
696.272481
724.080946
686.234402
625.641049
668.998169
636.052283
668.998169
625.641049
570.433396
619.442137
581.060313
619.442137
570.433396
519.689453
574.492642
530.387036
574.492642
519.689453
472.704218
533.444556
483.337361
533.444556
472.704218
428.926574
495.745551
439.368271
495.745551
428.926574
387.917568
460.954846
398.047571
460.954846
387.917568
349.321930
428.715006
359.025738
428.715006
349.321930
312.848089
398.732126
322.016159
398.732126
312.848089
278.253819
370.761579
286.780942
370.761579
278.253819
245.335708
344.597551
253.120509
344.597551
245.335708
213.921300
320.065214
220.865820
320.065214
213.921300
183.863119
297.014782
189.872477
297.014782
183.863119
155.034078
275.316931
160.016180
275.316931
155.034078
127.323890
254.859210
131.189185
254.859210
127.323890
100.636238
235.543224
103.297507
235.543224
100.636238
74.886514
217.282366
76.258688
217.282366
74.886514
50.000000
200.000000
50.000000
200.000000
50.000000
