1500.000000
1500.000000
1500.000000
1500.000000
1500.000000
1500.000000
1500.000000
1500.000000
1500.000000
1500.000000
1329.032399
1329.213646
1329.032399
1329.213646
1329.032399
1329.213646
1329.032399
1329.213646
1329.032399
1329.213646
1197.469962
1197.888426
1197.469962
1197.888426
1197.469962
1197.888426
1197.469962
1197.888426
1197.469962
1197.888426
1090.500951
1091.261215
1090.500951
1091.261215
1090.500951
1091.261215
1090.500951
1091.261215
1090.500951
1091.261215
1000.325763
1001.565901
1000.325763
1001.565901
1000.325763
1001.565901
1000.325763
1001.565901
1000.325763
1001.565901
922.330365
924.218592
922.330365
924.218592
922.330365
924.218592
922.330365
924.218592
922.330365
924.218592
853.556667
856.290708
853.556667
856.290708
853.556667
856.290708
853.556667
856.290708
853.556667
856.290708
791.992578
795.799814
791.992578
795.799814
791.992578
795.799814
791.992578
795.799814
791.992578
795.799814
736.205670
741.343510
736.205670
741.343510
736.205670
741.343510
736.205670
741.343510
736.205670
741.343510
685.138491
691.894820
685.138491
691.894820
685.138491
691.894820
685.138491
691.894820
685.138491
691.894820
637.986875
646.680502
637.986875
646.680502
637.986875
646.680502
637.986875
646.680502
637.986875
646.680502
594.123892
605.104997
594.123892
605.104997
594.123892
605.104997
594.123892
605.104997
594.123892
605.104997
553.050333
566.700892
553.050333
566.700892
553.050333
566.700892
553.050333
566.700892
553.050333
566.700892
514.361349
531.095538
514.361349
531.095538
514.361349
531.095538
514.361349
531.095538
514.361349
531.095538
477.723299
497.987883
477.723299
497.987883
477.723299
497.987883
477.723299
497.987883
477.723299
497.987883
442.857284
467.131983
442.857284
467.131983
442.857284
467.131983
442.857284
467.131983
442.857284
467.131983
409.527170
438.325015
409.527170
438.325015
409.527170
438.325015
409.527170
438.325015
409.527170
438.325015
377.530710
411.398379
377.530710
411.398379
377.530710
411.398379
377.530710
411.398379
377.530710
411.398379
346.692856
386.210995
346.692856
386.210995
346.692856
386.210995
346.692856
386.210995
346.692856
386.210995
316.860632
362.644164
316.860632
362.644164
316.860632
362.644164
316.860632
362.644164
316.860632
362.644164
287.899157
340.597586
287.899157
340.597586
287.899157
340.597586
287.899157
340.597586
287.899157
340.597586
259.688529
319.986220
259.688529
319.986220
259.688529
319.986220
259.688529
319.986220
259.688529
319.986220
232.121340
300.737799
232.121340
300.737799
232.121340
300.737799
232.121340
300.737799
232.121340
300.737799
205.100685
282.790828
205.100685
282.790828
205.100685
282.790828
205.100685
282.790828
205.100685
282.790828
178.538555
266.092964
178.538555
266.092964
178.538555
266.092964
178.538555
266.092964
178.538555
266.092964
152.354515
250.599693
152.354515
250.599693
152.354515
250.599693
152.354515
250.599693
152.354515
250.599693
126.474625
236.273234
126.474625
236.273234
126.474625
236.273234
126.474625
236.273234
126.474625
236.273234
100.830541
223.081642
100.830541
223.081642
100.830541
223.081642
100.830541
223.081642
100.830541
223.081642
75.358761
210.998042
75.358761
210.998042
75.358761
210.998042
75.358761
210.998042
75.358761
210.998042
50.000000
200.000000
50.000000
200.000000
50.000000
200.000000
50.000000
200.000000
50.000000
200.000000
