1500.000000
1500.000000
1500.000000
1500.000000
1500.000000
1500.000000
1500.000000
1500.000000
1500.000000
1500.000000
1500.000000
1500.000000
1500.000000
1500.000000
1500.000000
1500.000000
1500.000000
1500.000000
1500.000000
1500.000000
1500.000000
1500.000000
1500.000000
1500.000000
1500.000000
1328.323695
1328.371533
1328.455074
1328.556994
1328.661332
1328.757199
1328.838816
1328.904481
1328.954706
1328.991181
1329.015654
1329.029708
1329.034260
1329.029708
1329.015654
1328.991181
1328.954706
1328.904481
1328.838816
1328.757199
1328.661332
1328.556994
1328.455074
1328.371533
1328.323695
1196.224668
1196.319533
1196.481942
1196.675720
1196.869499
1197.043982
1197.189815
1197.305559
1197.392997
1197.456054
1197.498017
1197.522112
1197.529827
1197.522112
1197.498017
1197.456054
1197.392997
1197.305559
1197.189815
1197.043982
1196.869499
1196.675720
1196.481942
1196.319533
1196.224668
1088.841408
1088.989691
1089.236314
1089.522184
1089.799375
1090.042938
1090.241750
1090.397191
1090.512678
1090.595503
1090.649882
1090.681307
1090.691062
1090.681307
1090.649882
1090.595503
1090.512678
1090.397191
1090.241750
1090.042938
1089.799375
1089.522184
1089.236314
1088.989691
1088.841408
998.354875
998.567852
998.908715
999.291054
999.648333
999.954458
1000.197339
1000.384860
1000.521089
1000.618898
1000.681565
1000.718655
1000.729277
1000.718655
1000.681565
1000.618898
1000.521089
1000.384860
1000.197339
999.954458
999.648333
999.291054
998.908715
998.567852
998.354875
920.144717
920.438615
920.886306
921.371545
921.805674
922.169389
922.448009
922.662037
922.812392
922.922176
922.989184
923.031428
923.041263
923.031428
922.989184
922.922176
922.812392
922.662037
922.448009
922.169389
921.805674
921.371545
920.886306
920.438615
920.144717
851.252777
851.649827
852.218026
852.814029
853.320186
853.737928
854.043323
854.280469
854.437987
854.558813
854.625534
854.674058
854.680294
854.674058
854.625534
854.558813
854.437987
854.280469
854.043323
853.737928
853.320186
852.814029
852.218026
851.649827
851.252777
789.669957
790.200162
790.902009
791.618290
792.188498
792.658827
792.980115
793.239970
793.396079
793.529928
793.589869
793.648377
793.645982
793.648377
793.589869
793.529928
793.396079
793.239970
792.980115
792.658827
792.188498
791.618290
790.902009
790.200162
789.669957
733.968154
734.671790
735.517660
736.366377
736.987587
737.512705
737.835357
738.121997
738.264753
738.418023
738.461092
738.537437
738.517506
738.537437
738.461092
738.418023
738.264753
738.121997
737.835357
737.512705
736.987587
736.366377
735.517660
734.671790
733.968154
683.094489
684.025449
685.019814
686.017674
686.669190
687.257371
687.560752
687.885109
687.996660
688.182515
688.192519
688.301093
688.248394
688.301093
688.192519
688.182515
687.996660
687.885109
687.560752
687.257371
686.669190
686.017674
685.019814
684.025449
683.094489
636.248823
637.478969
638.616024
639.787345
640.437254
641.106436
641.360283
641.743631
641.796626
642.038460
641.989516
642.154751
642.044187
642.154751
641.989516
642.038460
641.796626
641.743631
641.360283
641.106436
640.437254
639.787345
638.616024
637.478969
636.248823
592.807035
594.431765
595.689467
597.070724
597.670997
598.453808
598.613317
599.092182
599.044777
599.381102
599.232666
599.493945
599.285603
599.493945
599.232666
599.381102
599.044777
599.092182
598.613317
598.453808
597.670997
597.070724
595.689467
594.431765
592.807035
552.270870
554.416137
555.748265
557.394515
557.874365
558.824976
558.824088
559.456969
559.246045
559.737195
559.427280
559.845663
559.478067
559.845663
559.427280
559.737195
559.246045
559.456969
558.824088
558.824976
557.874365
557.394515
555.748265
554.416137
552.270870
514.233913
517.064978
518.390773
520.384424
520.641467
521.844702
521.587134
522.463480
521.995608
522.732700
522.168857
522.836063
522.217169
522.836063
522.168857
522.732700
521.995608
522.463480
521.587134
521.844702
520.641467
520.384424
518.390773
517.064978
514.233913
478.357745
482.089952
483.280841
485.743314
485.631985
487.215216
486.562703
487.814669
486.954304
488.070988
487.118507
488.168678
487.164097
488.168678
487.118507
488.070988
486.954304
487.814669
486.562703
487.215216
485.631985
485.743314
483.280841
482.089952
478.357745
444.354694
449.266626
450.129478
453.236352
452.552988
454.701394
453.458559
455.276133
453.830435
455.518022
453.984766
455.609607
454.027448
455.609607
453.984766
455.518022
453.830435
455.276133
453.458559
454.701394
452.552988
453.236352
450.129478
449.266626
444.354694
411.974994
418.424382
418.680673
422.681023
421.144918
424.120786
422.015944
424.666133
422.365740
424.892380
422.509568
424.977540
422.549207
424.977540
422.509568
424.892380
422.365740
424.666133
422.015944
424.120786
421.144918
422.681023
418.680673
418.424382
411.974994
380.996940
389.439737
388.699951
393.940640
391.170299
395.337129
391.998272
395.849092
392.324079
396.058763
392.456941
396.137275
392.493447
396.137275
392.456941
396.058763
392.324079
395.849092
391.998272
395.337129
391.170299
393.940640
388.699951
389.439737
380.996940
351.219110
362.232182
359.964689
366.920474
362.404206
368.256466
363.181574
368.731714
363.481892
368.924120
363.603468
368.995837
363.636782
368.995837
363.603468
368.924120
363.481892
368.731714
363.181574
368.256466
362.404206
366.920474
359.964689
362.232182
351.219110
322.454016
336.761957
332.255552
341.565943
334.625845
342.825319
335.346059
343.261149
335.619750
343.435809
335.729839
343.500651
335.759935
343.500651
335.729839
343.435809
335.619750
343.261149
335.346059
342.825319
334.625845
341.565943
332.255552
336.761957
322.454016
294.522771
313.029366
305.348571
317.862488
307.610754
319.030531
308.268286
319.424827
308.514540
319.581442
308.613043
319.639384
308.639918
319.639384
308.613043
319.581442
308.514540
319.424827
308.268286
319.030531
307.610754
317.862488
305.348571
313.029366
294.522771
267.250441
291.075366
279.007522
295.836878
281.123286
296.900531
281.713631
297.251725
281.931926
297.390150
282.018829
297.441212
282.042499
297.441212
282.018829
297.390150
281.931926
297.251725
281.713631
296.900531
281.123286
295.836878
279.007522
291.075366
267.250441
240.461879
270.983261
252.976350
275.559802
254.909102
276.507880
255.428761
276.814901
255.618828
276.935128
255.694189
276.979366
255.714685
276.979366
255.694189
276.935128
255.618828
276.814901
255.428761
276.507880
254.909102
275.559802
252.976350
270.983261
240.461879
213.977856
252.881365
226.971437
257.149642
228.687474
257.972984
229.133914
258.235217
229.295706
258.337346
229.359641
258.374848
229.377008
258.374848
229.359641
258.337346
229.295706
258.235217
229.133914
257.972984
228.687474
257.149642
226.971437
252.881365
213.977856
187.611383
236.946583
200.673552
240.777369
202.143217
241.468938
202.514819
241.686170
202.648478
241.770399
202.701152
241.801277
202.715447
241.801277
202.701152
241.770399
202.648478
241.686170
202.514819
241.468938
202.143217
240.777369
200.673552
236.946583
187.611383
161.164114
223.408836
173.719344
226.672556
174.918106
227.227464
175.214099
227.399841
175.319930
227.466447
175.361550
227.490832
175.372836
227.490832
175.361550
227.466447
175.319930
227.399841
175.214099
227.227464
174.918106
226.672556
173.719344
223.408836
161.164114
134.422761
212.556327
145.692263
215.130480
146.601657
215.545960
146.822042
215.673940
146.900489
215.723263
146.931291
215.741304
146.939639
215.741304
146.931291
215.723263
146.900489
215.673940
146.822042
215.545960
146.601657
215.130480
145.692263
212.556327
134.422761
107.155454
204.741621
116.112806
206.520358
116.721155
206.795665
116.866620
206.879973
116.918241
206.912408
116.938488
206.924264
116.943973
206.924264
116.938488
206.912408
116.918241
206.879973
116.866620
206.795665
116.721155
206.520358
116.112806
204.741621
107.155454
79.108003
200.388558
84.427996
201.294725
84.730817
201.430983
84.802650
201.472569
84.828096
201.488552
84.838071
201.494392
84.840773
201.494392
84.838071
201.488552
84.828096
201.472569
84.802650
201.430983
84.730817
201.294725
84.427996
200.388558
79.108003
50.000000
200.000000
50.000000
200.000000
50.000000
200.000000
50.000000
200.000000
50.000000
200.000000
50.000000
200.000000
50.000000
200.000000
50.000000
200.000000
50.000000
200.000000
50.000000
200.000000
50.000000
200.000000
50.000000
200.000000
50.000000
