1500.000000
1500.000000
1500.000000
1500.000000
1500.000000
1500.000000
1500.000000
1500.000000
1500.000000
1500.000000
1500.000000
1500.000000
1500.000000
1500.000000
1500.000000
1500.000000
1500.000000
1500.000000
1500.000000
1500.000000
1500.000000
1500.000000
1500.000000
1500.000000
1500.000000
1500.000000
1500.000000
1500.000000
1500.000000
1500.000000
1329.123022
1329.123023
1329.123022
1329.123023
1329.123022
1329.123023
1329.123022
1329.123023
1329.123022
1329.123023
1329.123022
1329.123023
1329.123022
1329.123023
1329.123022
1329.123023
1329.123022
1329.123023
1329.123022
1329.123023
1329.123022
1329.123023
1329.123022
1329.123023
1329.123022
1329.123023
1329.123022
1329.123023
1329.123022
1329.123023
1197.679191
1197.679197
1197.679191
1197.679197
1197.679191
1197.679197
1197.679191
1197.679197
1197.679191
1197.679197
1197.679191
1197.679197
1197.679191
1197.679197
1197.679191
1197.679197
1197.679191
1197.679197
1197.679191
1197.679197
1197.679191
1197.679197
1197.679191
1197.679197
1197.679191
1197.679197
1197.679191
1197.679197
1197.679191
1197.679197
1090.881070
1090.881096
1090.881070
1090.881096
1090.881070
1090.881096
1090.881070
1090.881096
1090.881070
1090.881096
1090.881070
1090.881096
1090.881070
1090.881096
1090.881070
1090.881096
1090.881070
1090.881096
1090.881070
1090.881096
1090.881070
1090.881096
1090.881070
1090.881096
1090.881070
1090.881096
1090.881070
1090.881096
1090.881070
1090.881096
1000.945780
1000.945884
1000.945780
1000.945884
1000.945780
1000.945884
1000.945780
1000.945884
1000.945780
1000.945884
1000.945780
1000.945884
1000.945780
1000.945884
1000.945780
1000.945884
1000.945780
1000.945884
1000.945780
1000.945884
1000.945780
1000.945884
1000.945780
1000.945884
1000.945780
1000.945884
1000.945780
1000.945884
1000.945780
1000.945884
923.274305
923.274652
923.274305
923.274652
923.274305
923.274652
923.274305
923.274652
923.274305
923.274652
923.274305
923.274652
923.274305
923.274652
923.274305
923.274652
923.274305
923.274652
923.274305
923.274652
923.274305
923.274652
923.274305
923.274652
923.274305
923.274652
923.274305
923.274652
923.274305
923.274652
854.923180
854.924195
854.923180
854.924195
854.923180
854.924195
854.923180
854.924195
854.923180
854.924195
854.923180
854.924195
854.923180
854.924195
854.923180
854.924195
854.923180
854.924195
854.923180
854.924195
854.923180
854.924195
854.923180
854.924195
854.923180
854.924195
854.923180
854.924195
854.923180
854.924195
793.894859
793.897532
793.894859
793.897532
793.894859
793.897532
793.894859
793.897532
793.894859
793.897532
793.894859
793.897532
793.894859
793.897532
793.894859
793.897532
793.894859
793.897532
793.894859
793.897532
793.894859
793.897532
793.894859
793.897532
793.894859
793.897532
793.894859
793.897532
793.894859
793.897532
738.771363
738.777817
738.771363
738.777817
738.771363
738.777817
738.771363
738.777817
738.771363
738.777817
738.771363
738.777817
738.771363
738.777817
738.771363
738.777817
738.771363
738.777817
738.771363
738.777817
738.771363
738.777817
738.771363
738.777817
738.771363
738.777817
738.771363
738.777817
738.771363
738.777817
688.509414
688.523897
688.509414
688.523897
688.509414
688.523897
688.509414
688.523897
688.509414
688.523897
688.509414
688.523897
688.509414
688.523897
688.509414
688.523897
688.509414
688.523897
688.509414
688.523897
688.509414
688.523897
688.509414
688.523897
688.509414
688.523897
688.509414
688.523897
688.509414
688.523897
642.318417
642.348960
642.318417
642.348960
642.318417
642.348960
642.318417
642.348960
642.318417
642.348960
642.318417
642.348960
642.318417
642.348960
642.318417
642.348960
642.318417
642.348960
642.318417
642.348960
642.318417
642.348960
642.318417
642.348960
642.318417
642.348960
642.318417
642.348960
642.318417
642.348960
599.583912
599.644977
599.583912
599.644977
599.583912
599.644977
599.583912
599.644977
599.583912
599.644977
599.583912
599.644977
599.583912
599.644977
599.583912
599.644977
599.583912
599.644977
599.583912
599.644977
599.583912
599.644977
599.583912
599.644977
599.583912
599.644977
599.583912
599.644977
599.583912
599.644977
559.817331
559.933894
559.817331
559.933894
559.817331
559.933894
559.817331
559.933894
559.817331
559.933894
559.817331
559.933894
559.817331
559.933894
559.817331
559.933894
559.817331
559.933894
559.817331
559.933894
559.817331
559.933894
559.817331
559.933894
559.817331
559.933894
559.817331
559.933894
559.817331
559.933894
522.621618
522.835270
522.621618
522.835270
522.621618
522.835270
522.621618
522.835270
522.621618
522.835270
522.621618
522.835270
522.621618
522.835270
522.621618
522.835270
522.621618
522.835270
522.621618
522.835270
522.621618
522.835270
522.621618
522.835270
522.621618
522.835270
522.621618
522.835270
522.621618
522.835270
487.666678
488.044504
487.666678
488.044504
487.666678
488.044504
487.666678
488.044504
487.666678
488.044504
487.666678
488.044504
487.666678
488.044504
487.666678
488.044504
487.666678
488.044504
487.666678
488.044504
487.666678
488.044504
487.666678
488.044504
487.666678
488.044504
487.666678
488.044504
487.666678
488.044504
454.671032
455.318236
454.671032
455.318236
454.671032
455.318236
454.671032
455.318236
454.671032
455.318236
454.671032
455.318236
454.671032
455.318236
454.671032
455.318236
454.671032
455.318236
454.671032
455.318236
454.671032
455.318236
454.671032
455.318236
454.671032
455.318236
454.671032
455.318236
454.671032
455.318236
423.387353
424.464832
423.387353
424.464832
423.387353
424.464832
423.387353
424.464832
423.387353
424.464832
423.387353
424.464832
423.387353
424.464832
423.387353
424.464832
423.387353
424.464832
423.387353
424.464832
423.387353
424.464832
423.387353
424.464832
423.387353
424.464832
423.387353
424.464832
423.387353
424.464832
393.590361
395.338728
393.590361
395.338728
393.590361
395.338728
393.590361
395.338728
393.590361
395.338728
393.590361
395.338728
393.590361
395.338728
393.590361
395.338728
393.590361
395.338728
393.590361
395.338728
393.590361
395.338728
393.590361
395.338728
393.590361
395.338728
393.590361
395.338728
393.590361
395.338728
365.065986
367.837865
365.065986
367.837865
365.065986
367.837865
365.065986
367.837865
365.065986
367.837865
365.065986
367.837865
365.065986
367.837865
365.065986
367.837865
365.065986
367.837865
365.065986
367.837865
365.065986
367.837865
365.065986
367.837865
365.065986
367.837865
365.065986
367.837865
365.065986
367.837865
337.600995
341.903801
337.600995
341.903801
337.600995
341.903801
337.600995
341.903801
337.600995
341.903801
337.600995
341.903801
337.600995
341.903801
337.600995
341.903801
337.600995
341.903801
337.600995
341.903801
337.600995
341.903801
337.600995
341.903801
337.600995
341.903801
337.600995
341.903801
337.600995
341.903801
310.972449
317.524294
310.972449
317.524294
310.972449
317.524294
310.972449
317.524294
310.972449
317.524294
310.972449
317.524294
310.972449
317.524294
310.972449
317.524294
310.972449
317.524294
310.972449
317.524294
310.972449
317.524294
310.972449
317.524294
310.972449
317.524294
310.972449
317.524294
310.972449
317.524294
284.936441
294.738308
284.936441
294.738308
284.936441
294.738308
284.936441
294.738308
284.936441
294.738308
284.936441
294.738308
284.936441
294.738308
284.936441
294.738308
284.936441
294.738308
284.936441
294.738308
284.936441
294.738308
284.936441
294.738308
284.936441
294.738308
284.936441
294.738308
284.936441
294.738308
259.215631
273.643508
259.215631
273.643508
259.215631
273.643508
259.215631
273.643508
259.215631
273.643508
259.215631
273.643508
259.215631
273.643508
259.215631
273.643508
259.215631
273.643508
259.215631
273.643508
259.215631
273.643508
259.215631
273.643508
259.215631
273.643508
259.215631
273.643508
259.215631
273.643508
233.485099
254.406414
233.485099
254.406414
233.485099
254.406414
233.485099
254.406414
233.485099
254.406414
233.485099
254.406414
233.485099
254.406414
233.485099
254.406414
233.485099
254.406414
233.485099
254.406414
233.485099
254.406414
233.485099
254.406414
233.485099
254.406414
233.485099
254.406414
233.485099
254.406414
207.356084
237.275436
207.356084
237.275436
207.356084
237.275436
207.356084
237.275436
207.356084
237.275436
207.356084
237.275436
207.356084
237.275436
207.356084
237.275436
207.356084
237.275436
207.356084
237.275436
207.356084
237.275436
207.356084
237.275436
207.356084
237.275436
207.356084
237.275436
207.356084
237.275436
180.357096
222.597112
180.357096
222.597112
180.357096
222.597112
180.357096
222.597112
180.357096
222.597112
180.357096
222.597112
180.357096
222.597112
180.357096
222.597112
180.357096
222.597112
180.357096
222.597112
180.357096
222.597112
180.357096
222.597112
180.357096
222.597112
180.357096
222.597112
180.357096
222.597112
151.911951
210.835909
151.911951
210.835909
151.911951
210.835909
151.911951
210.835909
151.911951
210.835909
151.911951
210.835909
151.911951
210.835909
151.911951
210.835909
151.911951
210.835909
151.911951
210.835909
151.911951
210.835909
151.911951
210.835909
151.911951
210.835909
151.911951
210.835909
151.911951
210.835909
121.314175
202.598008
121.314175
202.598008
121.314175
202.598008
121.314175
202.598008
121.314175
202.598008
121.314175
202.598008
121.314175
202.598008
121.314175
202.598008
121.314175
202.598008
121.314175
202.598008
121.314175
202.598008
121.314175
202.598008
121.314175
202.598008
121.314175
202.598008
121.314175
202.598008
87.697236
198.659568
87.697236
198.659568
87.697236
198.659568
87.697236
198.659568
87.697236
198.659568
87.697236
198.659568
87.697236
198.659568
87.697236
198.659568
87.697236
198.659568
87.697236
198.659568
87.697236
198.659568
87.697236
198.659568
87.697236
198.659568
87.697236
198.659568
87.697236
198.659568
50.000000
200.000000
50.000000
200.000000
50.000000
200.000000
50.000000
200.000000
50.000000
200.000000
50.000000
200.000000
50.000000
200.000000
50.000000
200.000000
50.000000
200.000000
50.000000
200.000000
50.000000
200.000000
50.000000
200.000000
50.000000
200.000000
50.000000
200.000000
50.000000
200.000000
