1500.000000
1500.000000
1500.000000
1500.000000
1500.000000
1500.000000
1500.000000
1500.000000
1500.000000
1500.000000
1500.000000
1500.000000
1500.000000
1500.000000
1500.000000
1500.000000
1500.000000
1500.000000
1500.000000
1500.000000
1500.000000
1500.000000
1500.000000
1500.000000
1500.000000
1500.000000
1500.000000
1500.000000
1500.000000
1500.000000
1500.000000
1500.000000
1500.000000
1500.000000
1500.000000
1500.000000
1500.000000
1500.000000
1500.000000
1500.000000
1500.000000
1500.000000
1500.000000
1500.000000
1500.000000
1328.681346
1328.689355
1328.704767
1328.726473
1328.753029
1328.782852
1328.814397
1328.846294
1328.877419
1328.906925
1328.934235
1328.959000
1328.981060
1329.000395
1329.017081
1329.031255
1329.043081
1329.052733
1329.060378
1329.066162
1329.070204
1329.072594
1329.073385
1329.072594
1329.070204
1329.066162
1329.060378
1329.052733
1329.043081
1329.031255
1329.017081
1329.000395
1328.981060
1328.959000
1328.934235
1328.906925
1328.877419
1328.846294
1328.814397
1328.782852
1328.753029
1328.726473
1328.704767
1328.689355
1328.681346
1196.875890
1196.891712
1196.922012
1196.964360
1197.015666
1197.072646
1197.132206
1197.191705
1197.249083
1197.302871
1197.352136
1197.396388
1197.435473
1197.469473
1197.498625
1197.523247
1197.543695
1197.560319
1197.573445
1197.583351
1197.590262
1197.594342
1197.595691
1197.594342
1197.590262
1197.583351
1197.573445
1197.560319
1197.543695
1197.523247
1197.498625
1197.469473
1197.435473
1197.396388
1197.352136
1197.302871
1197.249083
1197.191705
1197.132206
1197.072646
1197.015666
1196.964360
1196.922012
1196.891712
1196.875890
1089.755425
1089.780019
1089.826797
1089.891486
1089.968829
1090.053452
1090.140533
1090.226178
1090.307534
1090.382731
1090.450720
1090.511084
1090.563852
1090.609344
1090.648045
1090.680519
1090.707338
1090.729043
1090.746117
1090.758967
1090.767913
1090.773188
1090.774931
1090.773188
1090.767913
1090.758967
1090.746117
1090.729043
1090.707338
1090.680519
1090.648045
1090.609344
1090.563852
1090.511084
1090.450720
1090.382731
1090.307534
1090.226178
1090.140533
1090.053452
1089.968829
1089.891486
1089.826797
1089.780019
1089.755425
999.517265
999.552333
999.618446
999.708676
999.814814
999.928881
1000.044120
1000.155429
1000.259370
1000.353937
1000.438227
1000.512121
1000.576002
1000.630549
1000.676574
1000.714927
1000.746418
1000.771786
1000.791665
1000.806583
1000.816946
1000.823049
1000.825063
1000.823049
1000.816946
1000.806583
1000.791665
1000.771786
1000.746418
1000.714927
1000.676574
1000.630549
1000.576002
1000.512121
1000.438227
1000.353937
1000.259370
1000.155429
1000.044120
999.928881
999.814814
999.708676
999.618446
999.552333
999.517265
921.550862
921.598809
921.688233
921.808347
921.946964
922.092907
922.237330
922.374083
922.499442
922.611598
922.710081
922.795293
922.868127
922.929717
922.981259
923.023914
923.058738
923.086661
923.108462
923.124776
923.136085
923.142736
923.144930
923.142736
923.136085
923.124776
923.108462
923.086661
923.058738
923.023914
922.981259
922.929717
922.868127
922.795293
922.710081
922.611598
922.499442
922.374083
922.237330
922.092907
921.946964
921.808347
921.688233
921.598809
921.550862
852.905012
852.969072
853.086975
853.242392
853.417845
853.598374
853.773020
853.934914
854.080458
854.208438
854.319114
854.413628
854.493502
854.560408
854.615945
854.661607
854.698677
854.728274
854.751296
854.768482
854.780368
854.787354
854.789653
854.787354
854.780368
854.768482
854.751296
854.728274
854.698677
854.661607
854.615945
854.560408
854.493502
854.413628
854.319114
854.208438
854.080458
853.934914
853.773020
853.598374
853.417845
853.242392
853.086975
852.969072
852.905012
791.576354
791.660816
791.813764
792.010989
792.228145
792.446003
792.651682
792.838140
793.002421
793.144377
793.265268
793.367191
793.452365
793.523075
793.581302
793.628892
793.667308
793.697872
793.721548
793.739197
793.751364
793.758523
793.760863
793.758523
793.751364
793.739197
793.721548
793.697872
793.667308
793.628892
793.581302
793.523075
793.452365
793.367191
793.265268
793.144377
793.002421
792.838140
792.651682
792.446003
792.228145
792.010989
791.813764
791.660816
791.576354
736.142153
736.252719
736.448948
736.695633
736.959690
737.217454
737.454545
737.664610
737.845887
737.999862
738.128969
738.236520
738.325384
738.398577
738.458348
738.506975
738.545973
738.576946
738.600801
738.618606
738.630798
738.638022
738.640333
738.638022
738.630798
738.618606
738.600801
738.576946
738.545973
738.506975
738.458348
738.398577
738.325384
738.236520
738.128969
737.999862
737.845887
737.664610
737.454545
737.217454
736.959690
736.695633
736.448948
736.252719
736.142153
685.555051
685.699361
685.949115
686.254106
686.570376
686.870268
687.138537
687.370830
687.567010
687.730968
687.866248
687.977781
688.068806
688.143367
688.203633
688.252601
688.291491
688.322473
688.346065
688.363838
688.375794
688.383056
688.385226
688.383056
688.375794
688.363838
688.346065
688.322473
688.291491
688.252601
688.203633
688.143367
688.068806
687.977781
687.866248
687.730968
687.567010
687.370830
687.138537
686.870268
686.570376
686.254106
685.949115
685.699361
685.555051
639.020943
639.209368
639.525235
639.898628
640.272206
640.615950
640.914337
641.167101
641.375663
641.547603
641.686889
641.800991
641.892637
641.967723
642.027436
642.076305
642.114362
642.145180
642.168000
642.185743
642.197104
642.204535
642.206320
642.204535
642.197104
642.185743
642.168000
642.145180
642.114362
642.076305
642.027436
641.967723
641.892637
641.800991
641.686889
641.547603
641.375663
641.167101
640.914337
640.615950
640.272206
639.898628
639.525235
639.209368
639.020943
595.922528
596.169353
596.566549
597.019758
597.455007
597.843792
598.170114
598.441406
598.659233
598.837411
598.978249
599.093940
599.184460
599.259688
599.317581
599.366351
599.402607
599.433491
599.454755
599.472846
599.482949
599.491032
599.491863
599.491032
599.482949
599.472846
599.454755
599.433491
599.402607
599.366351
599.317581
599.259688
599.184460
599.093940
598.978249
598.837411
598.659233
598.441406
598.170114
597.843792
597.455007
597.019758
596.566549
596.169353
595.922528
555.769353
556.094586
556.590995
557.136921
557.636655
558.071334
558.421787
558.709923
558.932919
559.116323
559.255559
559.372735
559.459740
559.535612
559.589762
559.639285
559.672084
559.704089
559.722296
559.741913
559.749356
559.759351
559.757898
559.759351
559.749356
559.741913
559.722296
559.704089
559.672084
559.639285
559.589762
559.535612
559.459740
559.372735
559.255559
559.116323
558.932919
558.709923
558.421787
558.071334
557.636655
557.136921
556.590995
556.094586
555.769353
518.163908
518.596046
519.211740
519.865217
520.429344
520.911107
521.279337
521.583834
521.806090
521.995376
522.128293
522.248626
522.328191
522.406976
522.453897
522.506763
522.532855
522.568746
522.580776
522.604784
522.606527
522.621365
522.614646
522.621365
522.606527
522.604784
522.580776
522.568746
522.532855
522.506763
522.453897
522.406976
522.328191
522.248626
522.128293
521.995376
521.806090
521.583834
521.279337
520.911107
520.429344
519.865217
519.211740
518.596046
518.163908
482.777749
483.358042
484.113747
484.892632
485.515869
486.047826
486.423168
486.746584
486.958670
487.157979
487.276545
487.405260
487.470153
487.557647
487.590514
487.652808
487.665572
487.711582
487.710924
487.745638
487.735231
487.761278
487.742886
487.761278
487.735231
487.745638
487.710924
487.711582
487.665572
487.652808
487.590514
487.557647
487.470153
487.405260
487.276545
487.157979
486.958670
486.746584
486.423168
486.047826
485.515869
484.892632
484.113747
483.358042
482.777749
449.334028
450.123052
451.036680
451.964270
452.632216
453.222626
453.586798
453.938183
454.123861
454.344216
454.433741
454.582984
454.619297
454.728184
454.733456
454.818115
454.804186
454.873377
454.846754
454.905300
454.869518
454.919936
454.876678
454.919936
454.869518
454.905300
454.846754
454.873377
454.804186
454.818115
454.733456
454.728184
454.619297
454.582984
454.433741
454.344216
454.123861
453.938183
453.586798
453.222626
452.632216
451.964270
451.036680
450.123052
449.334028
417.594097
418.681864
419.761686
420.871625
421.554050
422.222418
422.543453
422.944619
423.074748
423.340261
423.373250
423.568248
423.549230
423.705231
423.656485
423.789450
423.722556
423.840969
423.762179
423.870648
423.783324
423.884236
423.789969
423.884236
423.783324
423.870648
423.762179
423.840969
423.722556
423.789450
423.656485
423.705231
423.549230
423.568248
423.373250
423.340261
423.074748
422.944619
422.543453
422.222418
421.554050
420.871625
419.761686
418.681864
417.594097
387.346611
388.868034
390.100232
391.445888
392.085304
392.873333
393.094803
393.591364
393.613046
393.971867
393.897104
394.187092
394.062218
394.315011
394.162008
394.393143
394.223166
394.440748
394.259728
394.468106
394.279205
394.480616
394.285321
394.480616
394.279205
394.468106
394.259728
394.440748
394.223166
394.393143
394.162008
394.315011
394.062218
394.187092
393.897104
393.971867
393.613046
393.591364
393.094803
392.873333
392.085304
391.445888
390.100232
388.868034
387.346611
358.397952
360.556342
361.883461
363.554938
364.047404
365.037936
365.060318
365.740629
365.558453
366.101614
365.825351
366.302381
365.978532
366.420556
366.070421
366.492321
366.126483
366.535891
366.159907
366.560879
366.177685
366.572292
366.183264
366.572292
366.177685
366.560879
366.159907
366.535891
366.126483
366.492321
366.070421
366.420556
365.978532
366.302381
365.825351
366.101614
365.558453
365.740629
365.060318
365.037936
364.047404
363.554938
361.883461
360.556342
358.397952
330.562998
333.665449
334.950540
337.104259
337.267645
338.616440
338.265796
339.292604
338.737169
339.630133
338.984561
339.815030
339.124949
339.922935
339.208614
339.988132
339.259457
340.027593
339.289698
340.050184
339.305761
340.060491
339.310798
340.060491
339.305761
340.050184
339.289698
340.027593
339.259457
339.988132
339.208614
339.922935
339.124949
339.815030
338.984561
339.630133
338.737169
339.292604
338.265796
338.616440
337.267645
337.104259
334.950540
333.665449
330.562998
303.655331
308.165521
309.134242
312.042622
311.565073
313.552764
312.529374
314.191535
312.967886
314.502164
313.193802
314.670052
313.320735
314.767300
313.395949
314.825799
313.441501
314.861113
313.468540
314.881298
313.482885
314.890500
313.487381
314.890500
313.482885
314.881298
313.468540
314.861113
313.441501
314.825799
313.395949
314.767300
313.320735
314.670052
313.193802
314.502164
312.967886
314.191535
312.529374
313.552764
311.565073
312.042622
309.134242
308.165521
303.655331
277.475931
284.092100
284.241615
288.374054
286.731781
289.846930
287.642926
290.438108
288.043168
290.718922
288.246015
290.868921
288.359006
290.955248
288.425631
291.006982
288.465864
291.038141
288.489704
291.055927
288.502339
291.064031
288.506298
291.064031
288.502339
291.055927
288.489704
291.038141
288.465864
291.006982
288.425631
290.955248
288.359006
290.868921
288.246015
290.718922
288.043168
290.438108
287.642926
289.846930
286.731781
288.374054
284.241615
284.092100
277.475931
251.799246
261.568197
260.026937
266.178424
262.506907
267.576099
263.346136
268.110462
263.703485
268.359095
263.882035
268.490569
263.980762
268.565820
264.038735
268.610773
264.073657
268.637797
264.094319
268.653205
264.105261
268.660221
264.108688
268.660221
264.105261
268.653205
264.094319
268.637797
264.073657
268.610773
264.038735
268.565820
263.980762
268.490569
263.882035
268.359095
263.703485
268.110462
263.346136
267.576099
262.506907
266.178424
260.026937
261.568197
251.799246
226.355334
240.837359
236.153262
245.644037
238.539679
246.927612
239.289565
247.397184
239.600256
247.611818
239.753629
247.724353
239.837913
247.788469
239.887234
247.826670
239.916885
247.849599
239.934407
247.862660
239.943679
247.868604
239.946582
247.868604
239.943679
247.862660
239.934407
247.849599
239.916885
247.826670
239.887234
247.788469
239.837913
247.724353
239.753629
247.611818
239.600256
247.397184
239.289565
246.927612
238.539679
245.644037
236.153262
240.837359
226.355334
200.806416
222.311480
212.137672
227.116973
214.336640
228.248681
214.981833
228.646940
215.242990
228.826293
215.370632
228.919676
215.440423
228.972684
215.481151
229.004199
215.505594
229.023091
215.520025
229.033845
215.527658
229.038737
215.530046
229.038737
215.527658
229.033845
215.520025
229.023091
215.505594
229.004199
215.481151
228.972684
215.440423
228.919676
215.370632
228.826293
215.242990
228.646940
214.981833
228.248681
214.336640
227.116973
212.137672
222.311480
200.806416
174.715758
206.638330
187.273782
211.173600
189.186479
212.119126
189.714361
212.441141
189.924000
212.584437
190.025653
212.658637
190.081016
212.700634
190.113252
212.725561
190.132575
212.740488
190.143974
212.748981
190.150001
212.752843
190.151886
212.752843
190.150001
212.748981
190.143974
212.740488
190.132575
212.725561
190.113252
212.700634
190.081016
212.658637
190.025653
212.584437
189.924000
212.441141
189.714361
212.119126
189.186479
211.173600
187.273782
206.638330
174.715758
147.506240
194.795363
160.523046
198.724902
162.053803
199.455704
162.454982
199.698192
162.611980
199.805126
162.687655
199.860270
162.728748
199.891413
162.752637
199.909875
162.766943
199.920923
162.775377
199.927206
162.779835
199.930062
162.781230
199.930062
162.779835
199.927206
162.775377
199.920923
162.766943
199.909875
162.752637
199.891413
162.728748
199.860270
162.687655
199.805126
162.611980
199.698192
162.454982
199.455704
162.053803
198.724902
160.523046
194.795363
147.506240
118.405262
188.218272
130.363849
191.164008
131.430375
191.659369
131.698981
191.820676
131.803021
191.891366
131.852964
191.927717
131.880030
191.948217
131.895747
191.960359
131.905153
191.967621
131.910696
191.971750
131.913625
191.973627
131.914542
191.973627
131.913625
191.971750
131.910696
191.967621
131.905153
191.960359
131.895747
191.948217
131.880030
191.927717
131.852964
191.891366
131.803021
191.820676
131.698981
191.659369
131.430375
191.164008
130.363849
188.218272
118.405262
86.371761
188.975143
94.584220
190.571825
95.128900
190.820307
95.262645
190.900322
95.314139
190.935260
95.338800
190.953198
95.352149
190.963305
95.359896
190.969288
95.364530
190.972866
95.367261
190.974900
95.368703
190.975824
95.369155
190.975824
95.368703
190.974900
95.367261
190.972866
95.364530
190.969288
95.359896
190.963305
95.352149
190.953198
95.338800
190.935260
95.314139
190.900322
95.262645
190.820307
95.128900
190.571825
94.584220
188.975143
86.371761
50.000000
200.000000
50.000000
200.000000
50.000000
200.000000
50.000000
200.000000
50.000000
200.000000
50.000000
200.000000
50.000000
200.000000
50.000000
200.000000
50.000000
200.000000
50.000000
200.000000
50.000000
200.000000
50.000000
200.000000
50.000000
200.000000
50.000000
200.000000
50.000000
200.000000
50.000000
200.000000
50.000000
200.000000
50.000000
200.000000
50.000000
200.000000
50.000000
200.000000
50.000000
200.000000
50.000000
200.000000
50.000000
