1500.000000
1500.000000
1500.000000
1500.000000
1500.000000
1500.000000
1500.000000
1500.000000
1500.000000
1500.000000
1500.000000
1500.000000
1500.000000
1500.000000
1500.000000
1500.000000
1500.000000
1500.000000
1500.000000
1500.000000
1500.000000
1500.000000
1500.000000
1500.000000
1500.000000
1500.000000
1500.000000
1500.000000
1500.000000
1500.000000
1500.000000
1500.000000
1500.000000
1500.000000
1500.000000
1500.000000
1500.000000
1500.000000
1500.000000
1500.000000
1329.123023
1329.123023
1329.123023
1329.123023
1329.123023
1329.123023
1329.123023
1329.123023
1329.123023
1329.123023
1329.123023
1329.123023
1329.123023
1329.123023
1329.123023
1329.123023
1329.123023
1329.123023
1329.123023
1329.123023
1329.123023
1329.123023
1329.123023
1329.123023
1329.123023
1329.123023
1329.123023
1329.123023
1329.123023
1329.123023
1329.123023
1329.123023
1329.123023
1329.123023
1329.123023
1329.123023
1329.123023
1329.123023
1329.123023
1329.123023
1197.679194
1197.679194
1197.679194
1197.679194
1197.679194
1197.679194
1197.679194
1197.679194
1197.679194
1197.679194
1197.679194
1197.679194
1197.679194
1197.679194
1197.679194
1197.679194
1197.679194
1197.679194
1197.679194
1197.679194
1197.679194
1197.679194
1197.679194
1197.679194
1197.679194
1197.679194
1197.679194
1197.679194
1197.679194
1197.679194
1197.679194
1197.679194
1197.679194
1197.679194
1197.679194
1197.679194
1197.679194
1197.679194
1197.679194
1197.679194
1090.881083
1090.881083
1090.881083
1090.881083
1090.881083
1090.881083
1090.881083
1090.881083
1090.881083
1090.881083
1090.881083
1090.881083
1090.881083
1090.881083
1090.881083
1090.881083
1090.881083
1090.881083
1090.881083
1090.881083
1090.881083
1090.881083
1090.881083
1090.881083
1090.881083
1090.881083
1090.881083
1090.881083
1090.881083
1090.881083
1090.881083
1090.881083
1090.881083
1090.881083
1090.881083
1090.881083
1090.881083
1090.881083
1090.881083
1090.881083
1000.945831
1000.945832
1000.945831
1000.945832
1000.945831
1000.945832
1000.945831
1000.945832
1000.945831
1000.945832
1000.945831
1000.945833
1000.945831
1000.945833
1000.945831
1000.945833
1000.945831
1000.945833
1000.945831
1000.945833
1000.945831
1000.945833
1000.945831
1000.945833
1000.945831
1000.945833
1000.945831
1000.945833
1000.945831
1000.945832
1000.945831
1000.945832
1000.945831
1000.945832
1000.945831
1000.945832
1000.945831
1000.945832
1000.945831
1000.945832
923.274476
923.274481
923.274476
923.274481
923.274476
923.274481
923.274476
923.274481
923.274476
923.274481
923.274476
923.274481
923.274476
923.274481
923.274476
923.274481
923.274476
923.274481
923.274476
923.274481
923.274476
923.274481
923.274476
923.274481
923.274476
923.274481
923.274476
923.274481
923.274476
923.274481
923.274476
923.274481
923.274476
923.274481
923.274476
923.274481
923.274476
923.274481
923.274476
923.274481
854.923676
854.923699
854.923676
854.923699
854.923676
854.923699
854.923676
854.923699
854.923676
854.923699
854.923676
854.923699
854.923676
854.923699
854.923676
854.923699
854.923676
854.923699
854.923676
854.923699
854.923676
854.923699
854.923676
854.923699
854.923676
854.923699
854.923676
854.923699
854.923676
854.923699
854.923676
854.923699
854.923676
854.923699
854.923676
854.923699
854.923676
854.923699
854.923676
854.923699
793.896156
793.896235
793.896156
793.896235
793.896156
793.896235
793.896156
793.896235
793.896156
793.896235
793.896156
793.896235
793.896156
793.896235
793.896156
793.896235
793.896156
793.896235
793.896156
793.896235
793.896156
793.896235
793.896156
793.896235
793.896156
793.896235
793.896156
793.896235
793.896156
793.896235
793.896156
793.896235
793.896156
793.896235
793.896156
793.896235
793.896156
793.896235
793.896156
793.896235
738.774465
738.774716
738.774465
738.774716
738.774465
738.774716
738.774465
738.774716
738.774465
738.774716
738.774465
738.774716
738.774465
738.774716
738.774465
738.774716
738.774465
738.774716
738.774465
738.774716
738.774465
738.774716
738.774465
738.774716
738.774465
738.774716
738.774465
738.774716
738.774465
738.774716
738.774465
738.774716
738.774465
738.774716
738.774465
738.774716
738.774465
738.774716
738.774465
738.774716
688.516293
688.517018
688.516293
688.517018
688.516293
688.517018
688.516293
688.517018
688.516293
688.517018
688.516294
688.517018
688.516294
688.517018
688.516294
688.517018
688.516294
688.517018
688.516294
688.517018
688.516294
688.517018
688.516294
688.517018
688.516294
688.517018
688.516294
688.517018
688.516294
688.517018
688.516293
688.517018
688.516293
688.517018
688.516293
688.517018
688.516293
688.517018
688.516293
688.517018
642.332723
642.334654
642.332723
642.334654
642.332723
642.334654
642.332723
642.334654
642.332723
642.334654
642.332723
642.334654
642.332723
642.334654
642.332723
642.334654
642.332723
642.334654
642.332723
642.334654
642.332723
642.334654
642.332723
642.334654
642.332723
642.334654
642.332723
642.334654
642.332723
642.334654
642.332723
642.334654
642.332723
642.334654
642.332723
642.334654
642.332723
642.334654
642.332723
642.334654
599.612040
599.616849
599.612040
599.616849
599.612040
599.616849
599.612040
599.616849
599.612040
599.616849
599.612040
599.616849
599.612040
599.616849
599.612040
599.616849
599.612040
599.616849
599.612040
599.616849
599.612040
599.616849
599.612040
599.616849
599.612040
599.616849
599.612040
599.616849
599.612040
599.616849
599.612040
599.616849
599.612040
599.616849
599.612040
599.616849
599.612040
599.616849
599.612040
599.616849
559.869972
559.881253
559.869972
559.881253
559.869972
559.881253
559.869972
559.881253
559.869972
559.881253
559.869972
559.881253
559.869972
559.881253
559.869972
559.881253
559.869972
559.881253
559.869972
559.881253
559.869972
559.881253
559.869972
559.881253
559.869972
559.881253
559.869972
559.881253
559.869972
559.881253
559.869972
559.881253
559.869972
559.881253
559.869972
559.881253
559.869972
559.881253
559.869972
559.881253
522.715890
522.740997
522.715890
522.740997
522.715890
522.740997
522.715890
522.740997
522.715890
522.740997
522.715890
522.740997
522.715890
522.740997
522.715890
522.740997
522.715890
522.740997
522.715890
522.740997
522.715890
522.740997
522.715890
522.740997
522.715890
522.740997
522.715890
522.740997
522.715890
522.740997
522.715890
522.740997
522.715890
522.740997
522.715890
522.740997
522.715890
522.740997
522.715890
522.740997
487.828918
487.882264
487.828918
487.882264
487.828918
487.882264
487.828918
487.882264
487.828918
487.882264
487.828918
487.882264
487.828918
487.882264
487.828918
487.882264
487.828918
487.882264
487.828918
487.882264
487.828918
487.882264
487.828918
487.882264
487.828918
487.882264
487.828918
487.882264
487.828918
487.882264
487.828918
487.882264
487.828918
487.882264
487.828918
487.882264
487.828918
487.882264
487.828918
487.882264
454.940264
455.049004
454.940264
455.049004
454.940264
455.049004
454.940264
455.049004
454.940264
455.049004
454.940264
455.049004
454.940264
455.049004
454.940264
455.049004
454.940264
455.049004
454.940264
455.049004
454.940264
455.049004
454.940264
455.049004
454.940264
455.049004
454.940264
455.049004
454.940264
455.049004
454.940264
455.049004
454.940264
455.049004
454.940264
455.049004
454.940264
455.049004
454.940264
455.049004
423.819313
424.032872
423.819313
424.032872
423.819313
424.032872
423.819313
424.032872
423.819313
424.032872
423.819313
424.032872
423.819313
424.032872
423.819313
424.032872
423.819313
424.032872
423.819313
424.032872
423.819313
424.032872
423.819313
424.032872
423.819313
424.032872
423.819313
424.032872
423.819313
424.032872
423.819313
424.032872
423.819313
424.032872
423.819313
424.032872
423.819313
424.032872
423.819313
424.032872
394.261754
394.667335
394.261754
394.667335
394.261754
394.667335
394.261754
394.667335
394.261754
394.667335
394.261754
394.667335
394.261754
394.667335
394.261754
394.667335
394.261754
394.667335
394.261754
394.667335
394.261754
394.667335
394.261754
394.667335
394.261754
394.667335
394.261754
394.667335
394.261754
394.667335
394.261754
394.667335
394.261754
394.667335
394.261754
394.667335
394.261754
394.667335
394.261754
394.667335
366.078331
366.825520
366.078331
366.825520
366.078331
366.825520
366.078331
366.825520
366.078331
366.825520
366.078331
366.825520
366.078331
366.825520
366.078331
366.825520
366.078331
366.825520
366.078331
366.825520
366.078331
366.825520
366.078331
366.825520
366.078331
366.825520
366.078331
366.825520
366.078331
366.825520
366.078331
366.825520
366.078331
366.825520
366.078331
366.825520
366.078331
366.825520
366.078331
366.825520
339.082928
340.421868
339.082928
340.421868
339.082928
340.421868
339.082928
340.421868
339.082928
340.421868
339.082928
340.421868
339.082928
340.421868
339.082928
340.421868
339.082928
340.421868
339.082928
340.421868
339.082928
340.421868
339.082928
340.421868
339.082928
340.421868
339.082928
340.421868
339.082928
340.421868
339.082928
340.421868
339.082928
340.421868
339.082928
340.421868
339.082928
340.421868
339.082928
340.421868
313.078682
315.418061
313.078682
315.418061
313.078682
315.418061
313.078682
315.418061
313.078682
315.418061
313.078682
315.418061
313.078682
315.418061
313.078682
315.418061
313.078682
315.418061
313.078682
315.418061
313.078682
315.418061
313.078682
315.418061
313.078682
315.418061
313.078682
315.418061
313.078682
315.418061
313.078682
315.418061
313.078682
315.418061
313.078682
315.418061
313.078682
315.418061
313.078682
315.418061
287.840616
291.834133
287.840616
291.834133
287.840616
291.834133
287.840616
291.834133
287.840616
291.834133
287.840616
291.834133
287.840616
291.834133
287.840616
291.834133
287.840616
291.834133
287.840616
291.834133
287.840616
291.834133
287.840616
291.834133
287.840616
291.834133
287.840616
291.834133
287.840616
291.834133
287.840616
291.834133
287.840616
291.834133
287.840616
291.834133
287.840616
291.834133
287.840616
291.834133
263.093040
269.766099
263.093040
269.766099
263.093040
269.766099
263.093040
269.766099
263.093040
269.766099
263.093040
269.766099
263.093040
269.766099
263.093040
269.766099
263.093040
269.766099
263.093040
269.766099
263.093040
269.766099
263.093040
269.766099
263.093040
269.766099
263.093040
269.766099
263.093040
269.766099
263.093040
269.766099
263.093040
269.766099
263.093040
269.766099
263.093040
269.766099
263.093040
269.766099
238.479530
249.411983
238.479530
249.411983
238.479530
249.411983
238.479530
249.411983
238.479530
249.411983
238.479530
249.411983
238.479530
249.411983
238.479530
249.411983
238.479530
249.411983
238.479530
249.411983
238.479530
249.411983
238.479530
249.411983
238.479530
249.411983
238.479530
249.411983
238.479530
249.411983
238.479530
249.411983
238.479530
249.411983
238.479530
249.411983
238.479530
249.411983
238.479530
249.411983
213.522813
231.108707
213.522813
231.108707
213.522813
231.108707
213.522813
231.108707
213.522813
231.108707
213.522813
231.108707
213.522813
231.108707
213.522813
231.108707
213.522813
231.108707
213.522813
231.108707
213.522813
231.108707
213.522813
231.108707
213.522813
231.108707
213.522813
231.108707
213.522813
231.108707
213.522813
231.108707
213.522813
231.108707
213.522813
231.108707
213.522813
231.108707
213.522813
231.108707
187.571184
215.383023
187.571184
215.383023
187.571184
215.383023
187.571184
215.383023
187.571184
215.383023
187.571184
215.383023
187.571184
215.383023
187.571184
215.383023
187.571184
215.383023
187.571184
215.383023
187.571184
215.383023
187.571184
215.383023
187.571184
215.383023
187.571184
215.383023
187.571184
215.383023
187.571184
215.383023
187.571184
215.383023
187.571184
215.383023
187.571184
215.383023
187.571184
215.383023
159.727318
203.020542
159.727318
203.020542
159.727318
203.020542
159.727318
203.020542
159.727318
203.020542
159.727318
203.020542
159.727318
203.020542
159.727318
203.020542
159.727318
203.020542
159.727318
203.020542
159.727318
203.020542
159.727318
203.020542
159.727318
203.020542
159.727318
203.020542
159.727318
203.020542
159.727318
203.020542
159.727318
203.020542
159.727318
203.020542
159.727318
203.020542
159.727318
203.020542
128.754299
195.157885
128.754299
195.157885
128.754299
195.157885
128.754299
195.157885
128.754299
195.157885
128.754299
195.157885
128.754299
195.157885
128.754299
195.157885
128.754299
195.157885
128.754299
195.157885
128.754299
195.157885
128.754299
195.157885
128.754299
195.157885
128.754299
195.157885
128.754299
195.157885
128.754299
195.157885
128.754299
195.157885
128.754299
195.157885
128.754299
195.157885
128.754299
195.157885
92.952561
193.404243
92.952561
193.404243
92.952561
193.404243
92.952561
193.404243
92.952561
193.404243
92.952561
193.404243
92.952561
193.404243
92.952561
193.404243
92.952561
193.404243
92.952561
193.404243
92.952561
193.404243
92.952561
193.404243
92.952561
193.404243
92.952561
193.404243
92.952561
193.404243
92.952561
193.404243
92.952561
193.404243
92.952561
193.404243
92.952561
193.404243
92.952561
193.404243
50.000000
200.000000
50.000000
200.000000
50.000000
200.000000
50.000000
200.000000
50.000000
200.000000
50.000000
200.000000
50.000000
200.000000
50.000000
200.000000
50.000000
200.000000
50.000000
200.000000
50.000000
200.000000
50.000000
200.000000
50.000000
200.000000
50.000000
200.000000
50.000000
200.000000
50.000000
200.000000
50.000000
200.000000
50.000000
200.000000
50.000000
200.000000
50.000000
200.000000
