1500.000000
1500.000000
1500.000000
1500.000000
1500.000000
1324.619618
1330.007976
1327.039363
1330.007976
1324.619618
1189.529916
1199.526709
1193.792494
1199.526709
1189.529916
1079.546975
1093.860898
1085.274091
1093.860898
1079.546975
986.703779
1005.240710
993.619044
1005.240710
986.703779
906.302739
929.060224
914.188711
929.060224
906.302739
835.342300
862.364532
844.018794
862.364532
835.342300
771.788326
803.144611
781.100353
803.144611
771.788326
714.198775
749.972347
724.009321
749.972347
714.198775
661.514283
701.796129
671.699727
701.796129
661.514283
612.933809
657.819083
623.380862
657.819083
612.933809
567.836986
617.422872
578.440568
617.422872
567.836986
525.733610
580.118002
536.395327
580.118002
525.733610
486.229626
545.510303
496.856639
545.510303
486.229626
449.003537
513.277650
459.507706
513.277650
449.003537
413.789634
483.153378
424.086853
483.153378
413.789634
380.365803
454.914221
390.375476
454.914221
380.365803
348.544490
428.371352
358.189106
428.371352
348.544490
318.165892
403.363633
327.370682
403.363633
318.165892
289.092744
379.752438
297.785392
379.752438
289.092744
261.206276
357.417630
269.316684
357.417630
261.206276
234.403035
336.254407
241.863118
336.254407
234.403035
208.592369
316.170785
215.335879
316.170785
208.592369
183.694395
297.085584
189.656776
297.085584
183.694395
159.638364
278.926792
164.756620
278.926792
159.638364
136.361321
261.630226
140.573902
261.630226
136.361321
113.807006
245.138438
117.053705
245.138438
113.807006
91.924932
229.399791
94.146801
229.399791
91.924932
70.669629
214.367702
71.808896
214.367702
70.669629
50.000000
200.000000
50.000000
200.000000
50.000000
