1500.000000
1500.000000
1500.000000
1500.000000
1500.000000
1500.000000
1500.000000
1500.000000
1500.000000
1500.000000
1352.437265
1352.591250
1352.437265
1352.591250
1352.437265
1352.591250
1352.437265
1352.591250
1352.437265
1352.591250
1235.025178
1235.366929
1235.025178
1235.366929
1235.025178
1235.366929
1235.025178
1235.366929
1235.025178
1235.366929
1137.501069
1138.098549
1137.501069
1138.098549
1137.501069
1138.098549
1137.501069
1138.098549
1137.501069
1138.098549
1054.069903
1055.013554
1054.069903
1055.013554
1054.069903
1055.013554
1054.069903
1055.013554
1054.069903
1055.013554
981.137704
982.537275
981.137704
982.537275
981.137704
982.537275
981.137704
982.537275
981.137704
982.537275
916.320640
918.304315
916.320640
918.304315
916.320640
918.304315
916.320640
918.304315
916.320640
918.304315
857.955345
860.669587
857.955345
860.669587
857.955345
860.669587
857.955345
860.669587
857.955345
860.669587
804.834157
808.443816
804.834157
808.443816
804.834157
808.443816
804.834157
808.443816
804.834157
808.443816
756.051731
760.740243
756.051731
760.740243
756.051731
760.740243
756.051731
760.740243
756.051731
760.740243
710.911168
716.880790
710.911168
716.880790
710.911168
716.880790
710.911168
716.880790
710.911168
716.880790
668.863948
676.335993
668.863948
676.335993
668.863948
676.335993
668.863948
676.335993
668.863948
676.335993
629.470036
638.685115
629.470036
638.685115
629.470036
638.685115
629.470036
638.685115
629.470036
638.685115
592.370542
603.588791
592.370542
603.588791
592.370542
603.588791
592.370542
603.588791
592.370542
603.588791
557.268481
570.769787
557.268481
570.769787
557.268481
570.769787
557.268481
570.769787
557.268481
570.769787
523.914910
539.999122
523.914910
539.999122
523.914910
539.999122
523.914910
539.999122
523.914910
539.999122
492.098737
511.085872
492.098737
511.085872
492.098737
511.085872
492.098737
511.085872
492.098737
511.085872
461.639090
483.869530
461.639090
483.869530
461.639090
483.869530
461.639090
483.869530
461.639090
483.869530
432.379518
458.214198
432.379518
458.214198
432.379518
458.214198
432.379518
458.214198
432.379518
458.214198
404.183512
434.004102
404.183512
434.004102
404.183512
434.004102
404.183512
434.004102
404.183512
434.004102
376.931010
411.140091
376.931010
411.140091
376.931010
411.140091
376.931010
411.140091
376.931010
411.140091
350.515627
389.536860
350.515627
389.536860
350.515627
389.536860
350.515627
389.536860
350.515627
389.536860
324.842452
369.120740
324.842452
369.120740
324.842452
369.120740
324.842452
369.120740
324.842452
369.120740
299.826261
349.827910
299.826261
349.827910
299.826261
349.827910
299.826261
349.827910
299.826261
349.827910
275.390069
331.602937
275.390069
331.602937
275.390069
331.602937
275.390069
331.602937
275.390069
331.602937
251.463938
314.397586
251.463938
314.397586
251.463938
314.397586
251.463938
314.397586
251.463938
314.397586
227.983995
298.169829
227.983995
298.169829
227.983995
298.169829
227.983995
298.169829
227.983995
298.169829
204.891610
282.883024
204.891610
282.883024
204.891610
282.883024
204.891610
282.883024
204.891610
282.883024
182.132714
268.505223
182.132714
268.505223
182.132714
268.505223
182.132714
268.505223
182.132714
268.505223
159.657215
255.008589
159.657215
255.008589
159.657215
255.008589
159.657215
255.008589
159.657215
255.008589
137.418514
242.368906
137.418514
242.368906
137.418514
242.368906
137.418514
242.368906
137.418514
242.368906
115.373080
230.565153
115.373080
230.565153
115.373080
230.565153
115.373080
230.565153
115.373080
230.565153
93.480100
219.579146
93.480100
219.579146
93.480100
219.579146
93.480100
219.579146
93.480100
219.579146
71.701163
209.395229
71.701163
209.395229
71.701163
209.395229
71.701163
209.395229
71.701163
209.395229
50.000000
200.000000
50.000000
200.000000
50.000000
200.000000
50.000000
200.000000
50.000000
200.000000
