1500.000000
1500.000000
1500.000000
1500.000000
1500.000000
1500.000000
1500.000000
1500.000000
1500.000000
1500.000000
1500.000000
1500.000000
1500.000000
1500.000000
1500.000000
1500.000000
1500.000000
1500.000000
1500.000000
1500.000000
1500.000000
1500.000000
1500.000000
1500.000000
1500.000000
1351.824286
1351.865420
1351.937374
1352.025300
1352.115439
1352.198334
1352.268948
1352.325764
1352.369222
1352.400770
1352.421935
1352.434083
1352.438019
1352.434083
1352.421935
1352.400770
1352.369222
1352.325764
1352.268948
1352.198334
1352.115439
1352.025300
1351.937374
1351.865420
1351.824286
1233.929996
1234.010680
1234.149707
1234.316685
1234.484792
1234.636961
1234.764749
1234.866470
1234.943538
1234.999168
1235.036264
1235.057542
1235.064386
1235.057542
1235.036264
1234.999168
1234.943538
1234.866470
1234.764749
1234.636961
1234.484792
1234.316685
1234.149707
1234.010680
1233.929996
1136.018657
1136.142375
1136.350960
1136.595809
1136.836437
1137.049970
1137.225994
1137.364349
1137.467851
1137.542148
1137.591231
1137.619456
1137.628374
1137.619456
1137.591231
1137.542148
1137.467851
1137.364349
1137.225994
1137.049970
1136.836437
1136.595809
1136.350960
1136.142375
1136.018657
1052.278983
1052.452448
1052.736707
1053.061630
1053.371882
1053.641346
1053.858656
1054.027389
1054.151602
1054.240526
1054.298403
1054.332048
1054.342249
1054.332048
1054.298403
1054.240526
1054.151602
1054.027389
1053.858655
1053.641346
1053.371882
1053.061630
1052.736707
1052.452448
1052.278983
979.110071
979.342918
979.711099
980.120022
980.497717
980.818914
981.071365
981.265595
981.405545
981.506162
981.569985
981.608164
981.618710
981.608164
981.569985
981.506162
981.405545
981.265595
981.071365
980.818914
980.497717
980.120022
979.711099
979.342918
979.110071
914.126007
914.431095
914.892710
915.390603
915.833216
916.202779
916.484310
916.700378
916.851301
916.961787
917.028652
917.071252
917.080795
917.071252
917.028652
916.961787
916.851301
916.700378
916.484310
916.202779
915.833216
915.390603
914.892710
914.431095
914.126007
855.663973
856.058048
856.623115
857.215804
857.719649
858.135111
858.439128
858.674774
858.831560
858.951433
859.017899
859.065898
859.072276
859.065898
859.017899
858.951433
858.831560
858.674774
858.439128
858.135111
857.719649
857.215804
856.623115
856.058048
855.663973
802.518284
803.022960
803.701122
804.395451
804.954842
805.415069
805.733756
805.988582
806.145092
806.275692
806.337130
806.393122
806.392774
806.393122
806.337130
806.275692
806.145092
805.988582
805.733756
805.415069
804.954842
804.395451
803.701122
803.022960
802.518284
753.786267
754.429336
755.228700
756.033046
756.639304
757.145277
757.468698
757.744951
757.893098
758.038366
758.088064
758.157078
758.144179
758.157078
758.088064
758.038366
757.893098
757.744951
757.468698
757.145277
756.639304
756.033046
755.228700
754.429336
753.786267
708.773898
709.591012
710.516596
711.441774
712.081942
712.637951
712.952838
713.256569
713.385067
713.552700
713.580619
713.671291
713.636552
713.671291
713.580619
713.552700
713.385067
713.256569
712.952838
712.637951
712.081942
711.441774
710.516596
709.591012
708.773898
666.935359
667.972145
669.023796
670.084464
670.739618
671.354942
671.643036
671.985732
672.078402
672.281468
672.272560
672.398774
672.327771
672.398774
672.272560
672.281468
672.078402
671.985732
671.643036
671.354942
670.739618
670.084464
669.023796
667.972145
666.935359
627.832828
629.147514
630.317181
631.533845
632.176861
632.868042
633.103873
633.504672
633.538182
633.797322
633.729273
633.912376
633.783319
633.912376
633.729273
633.797322
633.538182
633.504672
633.103873
632.868042
632.176861
631.533845
630.317181
629.147514
627.832828
591.108852
592.775485
594.043701
595.445461
596.038110
596.831949
596.979906
597.468530
597.409421
597.755774
597.596037
597.867774
597.648556
597.867774
597.596037
597.755774
597.409421
597.468530
596.979906
596.831949
596.038110
595.445461
594.043701
592.775485
591.108852
556.466819
558.579176
559.910580
561.538797
562.027987
562.965421
562.975951
563.596508
563.397358
563.876354
563.578321
563.984642
563.629017
563.984642
563.578321
563.876354
563.397358
563.596508
562.975951
562.965421
562.027987
561.538797
559.910580
558.579176
556.466819
523.656796
526.333097
527.670837
529.583887
529.896875
531.037907
530.842658
531.658505
531.253042
531.929256
531.427371
532.033292
531.476004
532.033292
531.427371
531.929256
531.253042
531.658505
530.842658
531.037907
529.896875
529.583887
527.670837
526.333097
523.656796
492.465021
495.853558
497.112378
499.391705
499.430081
500.859968
500.365677
501.465529
500.762488
501.725749
500.929375
501.825098
500.975754
501.825098
500.929375
501.725749
500.762488
501.465529
500.365677
500.859968
499.430081
499.391705
497.112378
495.853558
492.465021
462.705932
466.991746
468.049534
470.807253
470.439446
472.276364
471.357256
472.862791
471.738289
473.111278
471.897077
473.205592
471.941051
473.205592
471.897077
473.111278
471.738289
472.862791
471.357256
472.276364
470.439446
470.807253
468.049534
466.991746
462.705932
434.215983
439.628734
440.316320
443.704605
442.756668
445.161118
443.649566
445.724756
444.012933
445.960518
444.163094
446.049525
444.204548
446.049525
444.163094
445.960518
444.012933
445.724756
443.649566
445.161118
442.756668
443.704605
440.316320
439.628734
434.215983
406.848754
413.671941
413.760868
417.983429
416.227815
419.414034
417.089194
419.951661
417.433302
420.173891
417.574422
420.257385
417.613269
420.257385
417.574422
420.173891
417.433302
419.951661
417.089194
419.414034
416.227815
417.983429
413.760868
413.671941
406.848754
380.470996
389.052681
388.240693
393.566644
390.708656
394.958358
391.532475
395.467176
391.856000
395.675233
391.987764
395.753062
392.023943
395.753062
391.987764
395.675233
391.856000
395.467176
391.532475
394.958358
390.708656
393.566644
388.240693
389.052681
380.470996
354.959354
365.724588
363.618531
370.398991
366.060563
371.739339
366.841380
372.216956
367.143246
372.410346
367.265426
372.482407
367.298896
372.482407
367.265426
372.410346
367.143246
372.216956
366.841380
371.739339
366.060563
370.398991
363.618531
365.724588
354.959354
330.197608
343.662736
339.758539
348.446347
342.146785
349.723537
342.879777
350.167948
343.159136
350.346309
343.271577
350.412539
343.302317
350.412539
343.271577
350.346309
343.159136
350.167948
342.879777
349.723537
342.146785
348.446347
339.758539
343.662736
330.197608
306.074267
322.863334
316.522745
327.695671
318.828948
328.898753
319.509922
329.308324
319.766131
329.471407
319.868744
329.531778
319.896747
329.531778
319.868744
329.471407
319.766131
329.308324
319.509922
328.898753
318.828948
327.695671
316.522745
322.863334
306.074267
282.480454
303.343922
293.767607
308.155513
295.963659
309.274521
296.589062
309.647962
296.821661
309.795621
296.914414
309.850134
296.939685
309.850134
296.914414
309.795621
296.821661
309.647962
296.589062
309.274521
295.963659
308.155513
293.767607
303.343922
282.480454
259.307971
285.143993
271.340615
289.857012
273.399149
290.883085
273.966055
291.219431
274.174753
291.351607
274.257659
291.400290
274.280217
291.400290
274.257659
291.351607
274.174753
291.219431
273.966055
290.883085
273.399149
289.857012
271.340615
285.143993
259.307971
236.447512
268.326005
249.076847
272.855369
250.971855
273.780850
251.477952
274.079431
251.662608
274.196144
251.735722
274.239044
251.755592
274.239044
251.735722
274.196144
251.662608
274.079431
251.477952
273.780850
250.971855
272.855369
249.076847
268.326005
236.447512
213.786967
252.976760
226.795448
257.231755
228.502897
258.050259
228.946466
258.310681
229.107068
258.412016
229.170481
258.449200
229.187698
258.449200
229.170481
258.412016
229.107068
258.310681
228.946466
258.050259
228.502897
257.231755
226.795448
252.976760
213.786967
191.209775
239.209113
204.295953
243.095648
205.794396
243.802109
206.174277
244.024225
206.310932
244.110326
206.364764
244.141875
206.379367
244.141875
206.364764
244.110326
206.310932
244.024225
206.174277
243.802109
205.794396
243.095648
204.295953
239.209113
191.209775
168.593309
227.164012
181.354433
230.587597
182.625574
231.178284
182.941137
231.362169
183.054052
231.433229
183.098448
231.459237
183.110483
231.459237
183.098448
231.433229
183.054052
231.362169
182.941137
231.178284
182.625574
230.587597
181.354433
227.164012
168.593309
145.807266
217.012854
157.719415
219.882405
158.748622
220.354905
158.999723
220.500834
159.089193
220.557088
159.124319
220.577658
159.133836
220.577658
159.124319
220.557088
159.089193
220.500834
158.999723
220.354905
158.748622
219.882405
157.719415
217.012854
145.807266
122.712032
208.960164
133.107551
211.192746
133.884268
211.545925
134.071207
211.654345
134.137605
211.696064
134.163643
211.711308
134.170695
211.711308
134.163643
211.696064
134.137605
211.654345
134.071207
211.545925
133.884268
211.192746
133.107551
208.960164
122.712032
99.157014
203.246576
107.198997
204.773214
107.717035
205.007145
107.840510
205.078658
107.884271
205.106140
107.901418
205.116177
107.906061
205.116177
107.901418
205.106140
107.884271
205.078658
107.840510
205.007145
107.717035
204.773214
107.198997
203.246576
99.157014
74.978925
200.152150
79.632477
200.924829
79.890137
201.040700
79.951198
201.076036
79.972811
201.089605
79.981277
201.094560
79.983569
201.094560
79.981277
201.089605
79.972811
201.076036
79.951198
201.040700
79.890137
200.924829
79.632477
200.152150
74.978925
50.000000
200.000000
50.000000
200.000000
50.000000
200.000000
50.000000
200.000000
50.000000
200.000000
50.000000
200.000000
50.000000
200.000000
50.000000
200.000000
50.000000
200.000000
50.000000
200.000000
50.000000
200.000000
50.000000
200.000000
50.000000
