1500.000000
1500.000000
1500.000000
1500.000000
1500.000000
1500.000000
1500.000000
1500.000000
1500.000000
1500.000000
1500.000000
1500.000000
1500.000000
1500.000000
1500.000000
1500.000000
1500.000000
1500.000000
1500.000000
1500.000000
1500.000000
1500.000000
1500.000000
1500.000000
1500.000000
1500.000000
1500.000000
1500.000000
1500.000000
1500.000000
1352.514257
1352.514258
1352.514257
1352.514258
1352.514257
1352.514258
1352.514257
1352.514258
1352.514258
1352.514258
1352.514258
1352.514258
1352.514258
1352.514258
1352.514258
1352.514258
1352.514258
1352.514258
1352.514258
1352.514258
1352.514257
1352.514258
1352.514257
1352.514258
1352.514257
1352.514258
1352.514257
1352.514258
1352.514257
1352.514258
1235.196052
1235.196055
1235.196052
1235.196055
1235.196052
1235.196055
1235.196052
1235.196055
1235.196052
1235.196055
1235.196052
1235.196055
1235.196052
1235.196055
1235.196052
1235.196055
1235.196052
1235.196055
1235.196052
1235.196055
1235.196052
1235.196055
1235.196052
1235.196055
1235.196052
1235.196055
1235.196052
1235.196055
1235.196052
1235.196055
1137.799803
1137.799815
1137.799803
1137.799815
1137.799803
1137.799815
1137.799803
1137.799815
1137.799803
1137.799815
1137.799803
1137.799815
1137.799803
1137.799815
1137.799803
1137.799815
1137.799803
1137.799815
1137.799803
1137.799815
1137.799803
1137.799815
1137.799803
1137.799815
1137.799803
1137.799815
1137.799803
1137.799815
1137.799803
1137.799815
1054.541706
1054.541751
1054.541706
1054.541751
1054.541706
1054.541751
1054.541706
1054.541751
1054.541706
1054.541751
1054.541706
1054.541751
1054.541706
1054.541751
1054.541706
1054.541751
1054.541706
1054.541751
1054.541706
1054.541751
1054.541706
1054.541751
1054.541706
1054.541751
1054.541706
1054.541751
1054.541706
1054.541751
1054.541706
1054.541751
981.837420
981.837559
981.837420
981.837559
981.837420
981.837559
981.837420
981.837559
981.837420
981.837559
981.837420
981.837559
981.837420
981.837559
981.837420
981.837559
981.837420
981.837559
981.837420
981.837559
981.837420
981.837559
981.837420
981.837559
981.837420
981.837559
981.837420
981.837559
981.837420
981.837559
917.312285
917.312669
917.312285
917.312669
917.312285
917.312669
917.312285
917.312669
917.312285
917.312669
917.312285
917.312669
917.312285
917.312669
917.312285
917.312669
917.312285
917.312669
917.312285
917.312669
917.312285
917.312669
917.312285
917.312669
917.312285
917.312669
917.312285
917.312669
917.312285
917.312669
859.311985
859.312947
859.311985
859.312947
859.311985
859.312947
859.311985
859.312947
859.311985
859.312947
859.311985
859.312947
859.311985
859.312947
859.311985
859.312947
859.311985
859.312947
859.311985
859.312947
859.311985
859.312947
859.311985
859.312947
859.311985
859.312947
859.311985
859.312947
859.311985
859.312947
806.637873
806.640101
806.637873
806.640101
806.637873
806.640101
806.637873
806.640101
806.637873
806.640101
806.637873
806.640101
806.637873
806.640101
806.637873
806.640101
806.637873
806.640101
806.637873
806.640101
806.637873
806.640101
806.637873
806.640101
806.637873
806.640101
806.637873
806.640101
806.637873
806.640101
758.393575
758.398399
758.393575
758.398399
758.393575
758.398399
758.393575
758.398399
758.393575
758.398399
758.393575
758.398399
758.393575
758.398399
758.393575
758.398399
758.393575
758.398399
758.393575
758.398399
758.393575
758.398399
758.393575
758.398399
758.393575
758.398399
758.393575
758.398399
758.393575
758.398399
713.891046
713.900911
713.891046
713.900911
713.891046
713.900911
713.891046
713.900911
713.891046
713.900911
713.891046
713.900912
713.891046
713.900912
713.891046
713.900912
713.891046
713.900912
713.891046
713.900912
713.891046
713.900911
713.891046
713.900911
713.891046
713.900911
713.891046
713.900911
713.891046
713.900911
672.590366
672.609575
672.590366
672.609575
672.590366
672.609575
672.590366
672.609575
672.590366
672.609575
672.590366
672.609575
672.590366
672.609575
672.590366
672.609575
672.590366
672.609575
672.590366
672.609575
672.590366
672.609575
672.590366
672.609575
672.590366
672.609575
672.590366
672.609575
672.590366
672.609575
634.059663
634.095488
634.059663
634.095488
634.059663
634.095488
634.059663
634.095488
634.059663
634.095488
634.059663
634.095488
634.059663
634.095488
634.059663
634.095488
634.059663
634.095488
634.059663
634.095488
634.059663
634.095488
634.059663
634.095488
634.059663
634.095488
634.059663
634.095488
634.059663
634.095488
597.947498
598.011835
597.947498
598.011835
597.947498
598.011835
597.947498
598.011835
597.947498
598.011835
597.947498
598.011835
597.947498
598.011835
597.947498
598.011835
597.947498
598.011835
597.947498
598.011835
597.947498
598.011835
597.947498
598.011835
597.947498
598.011835
597.947498
598.011835
597.947498
598.011835
563.963269
564.074999
563.963269
564.074999
563.963269
564.074999
563.963269
564.074999
563.963269
564.074999
563.963269
564.074999
563.963269
564.074999
563.963269
564.074999
563.963269
564.074999
563.963269
564.074999
563.963269
564.074999
563.963269
564.074999
563.963269
564.074999
563.963269
564.074999
563.963269
564.074999
531.862861
532.051171
531.862861
532.051171
531.862861
532.051171
531.862861
532.051171
531.862861
532.051171
531.862861
532.051171
531.862861
532.051171
531.862861
532.051171
531.862861
532.051171
531.862861
532.051171
531.862861
532.051171
531.862861
532.051171
531.862861
532.051171
531.862861
532.051171
531.862861
532.051171
501.437821
501.746787
501.437821
501.746787
501.437821
501.746787
501.437821
501.746787
501.437821
501.746787
501.437821
501.746787
501.437821
501.746787
501.437821
501.746787
501.437821
501.746787
501.437821
501.746787
501.437821
501.746787
501.437821
501.746787
501.437821
501.746787
501.437821
501.746787
501.437821
501.746787
472.506920
473.001700
472.506920
473.001700
472.506920
473.001700
472.506920
473.001700
472.506920
473.001700
472.506920
473.001700
472.506920
473.001700
472.506920
473.001700
472.506920
473.001700
472.506920
473.001700
472.506920
473.001700
472.506920
473.001700
472.506920
473.001700
472.506920
473.001700
472.506920
473.001700
444.909309
445.684407
444.909309
445.684407
444.909309
445.684407
444.909309
445.684407
444.909309
445.684407
444.909309
445.684407
444.909309
445.684407
444.909309
445.684407
444.909309
445.684407
444.909309
445.684407
444.909309
445.684407
444.909309
445.684407
444.909309
445.684407
444.909309
445.684407
444.909309
445.684407
418.498742
419.688873
418.498742
419.688873
418.498742
419.688873
418.498742
419.688873
418.498742
419.688873
418.498742
419.688873
418.498742
419.688873
418.498742
419.688873
418.498742
419.688873
418.498742
419.688873
418.498742
419.688873
418.498742
419.688873
418.498742
419.688873
418.498742
419.688873
418.498742
419.688873
393.138458
394.932642
393.138458
394.932642
393.138458
394.932642
393.138458
394.932642
393.138458
394.932642
393.138458
394.932642
393.138458
394.932642
393.138458
394.932642
393.138458
394.932642
393.138458
394.932642
393.138458
394.932642
393.138458
394.932642
393.138458
394.932642
393.138458
394.932642
393.138458
394.932642
368.696422
371.356065
368.696422
371.356065
368.696422
371.356065
368.696422
371.356065
368.696422
371.356065
368.696422
371.356065
368.696422
371.356065
368.696422
371.356065
368.696422
371.356065
368.696422
371.356065
368.696422
371.356065
368.696422
371.356065
368.696422
371.356065
368.696422
371.356065
368.696422
371.356065
345.040670
348.922522
345.040670
348.922522
345.040670
348.922522
345.040670
348.922522
345.040670
348.922522
345.040670
348.922522
345.040670
348.922522
345.040670
348.922522
345.040670
348.922522
345.040670
348.922522
345.040670
348.922522
345.040670
348.922522
345.040670
348.922522
345.040670
348.922522
345.040670
348.922522
322.034587
327.619584
322.034587
327.619584
322.034587
327.619584
322.034587
327.619584
322.034587
327.619584
322.034587
327.619584
322.034587
327.619584
322.034587
327.619584
322.034587
327.619584
322.034587
327.619584
322.034587
327.619584
322.034587
327.619584
322.034587
327.619584
322.034587
327.619584
322.034587
327.619584
299.531902
307.461104
299.531902
307.461104
299.531902
307.461104
299.531902
307.461104
299.531902
307.461104
299.531902
307.461104
299.531902
307.461104
299.531902
307.461104
299.531902
307.461104
299.531902
307.461104
299.531902
307.461104
299.531902
307.461104
299.531902
307.461104
299.531902
307.461104
299.531902
307.461104
277.371271
288.490253
277.371271
288.490253
277.371271
288.490253
277.371271
288.490253
277.371271
288.490253
277.371271
288.490253
277.371271
288.490253
277.371271
288.490253
277.371271
288.490253
277.371271
288.490253
277.371271
288.490253
277.371271
288.490253
277.371271
288.490253
277.371271
288.490253
277.371271
288.490253
255.370280
270.783544
255.370280
270.783544
255.370280
270.783544
255.370280
270.783544
255.370280
270.783544
255.370280
270.783544
255.370280
270.783544
255.370280
270.783544
255.370280
270.783544
255.370280
270.783544
255.370280
270.783544
255.370280
270.783544
255.370280
270.783544
255.370280
270.783544
255.370280
270.783544
233.318722
254.455913
233.318722
254.455913
233.318722
254.455913
233.318722
254.455913
233.318722
254.455913
233.318722
254.455913
233.318722
254.455913
233.318722
254.455913
233.318722
254.455913
233.318722
254.455913
233.318722
254.455913
233.318722
254.455913
233.318722
254.455913
233.318722
254.455913
233.318722
254.455913
210.970983
239.666954
210.970983
239.666954
210.970983
239.666954
210.970983
239.666954
210.970983
239.666954
210.970983
239.666954
210.970983
239.666954
210.970983
239.666954
210.970983
239.666954
210.970983
239.666954
210.970983
239.666954
210.970983
239.666954
210.970983
239.666954
210.970983
239.666954
210.970983
239.666954
188.037410
226.628394
188.037410
226.628394
188.037410
226.628394
188.037410
226.628394
188.037410
226.628394
188.037410
226.628394
188.037410
226.628394
188.037410
226.628394
188.037410
226.628394
188.037410
226.628394
188.037410
226.628394
188.037410
226.628394
188.037410
226.628394
188.037410
226.628394
188.037410
226.628394
164.174470
215.612950
164.174470
215.612950
164.174470
215.612950
164.174470
215.612950
164.174470
215.612950
164.174470
215.612950
164.174470
215.612950
164.174470
215.612950
164.174470
215.612950
164.174470
215.612950
164.174470
215.612950
164.174470
215.612950
164.174470
215.612950
164.174470
215.612950
164.174470
215.612950
138.973538
206.964695
138.973538
206.964695
138.973538
206.964695
138.973538
206.964695
138.973538
206.964695
138.973538
206.964695
138.973538
206.964695
138.973538
206.964695
138.973538
206.964695
138.973538
206.964695
138.973538
206.964695
138.973538
206.964695
138.973538
206.964695
138.973538
206.964695
138.973538
206.964695
111.948149
201.111097
111.948149
201.111097
111.948149
201.111097
111.948149
201.111097
111.948149
201.111097
111.948149
201.111097
111.948149
201.111097
111.948149
201.111097
111.948149
201.111097
111.948149
201.111097
111.948149
201.111097
111.948149
201.111097
111.948149
201.111097
111.948149
201.111097
111.948149
201.111097
82.519497
198.576894
82.519497
198.576894
82.519497
198.576894
82.519497
198.576894
82.519497
198.576894
82.519497
198.576894
82.519497
198.576894
82.519497
198.576894
82.519497
198.576894
82.519497
198.576894
82.519497
198.576894
82.519497
198.576894
82.519497
198.576894
82.519497
198.576894
82.519497
198.576894
50.000000
200.000000
50.000000
200.000000
50.000000
200.000000
50.000000
200.000000
50.000000
200.000000
50.000000
200.000000
50.000000
200.000000
50.000000
200.000000
50.000000
200.000000
50.000000
200.000000
50.000000
200.000000
50.000000
200.000000
50.000000
200.000000
50.000000
200.000000
50.000000
200.000000
