1500.000000
1500.000000
1500.000000
1500.000000
1500.000000
1500.000000
1500.000000
1500.000000
1500.000000
1500.000000
1500.000000
1500.000000
1500.000000
1500.000000
1500.000000
1500.000000
1500.000000
1500.000000
1500.000000
1500.000000
1500.000000
1500.000000
1500.000000
1500.000000
1500.000000
1500.000000
1500.000000
1500.000000
1500.000000
1500.000000
1500.000000
1500.000000
1500.000000
1500.000000
1500.000000
1500.000000
1500.000000
1500.000000
1500.000000
1500.000000
1500.000000
1500.000000
1500.000000
1500.000000
1500.000000
1352.132998
1352.139887
1352.153149
1352.171839
1352.194721
1352.220438
1352.247663
1352.275211
1352.302108
1352.327621
1352.351242
1352.372667
1352.391755
1352.408486
1352.422925
1352.435187
1352.445417
1352.453766
1352.460377
1352.465379
1352.468874
1352.470939
1352.471623
1352.470939
1352.468874
1352.465379
1352.460377
1352.453766
1352.445417
1352.435187
1352.422925
1352.408486
1352.391755
1352.372667
1352.351242
1352.327621
1352.302108
1352.275211
1352.247663
1352.220438
1352.194721
1352.171839
1352.153149
1352.139887
1352.132998
1234.496736
1234.510210
1234.536053
1234.572258
1234.616254
1234.665279
1234.716702
1234.768251
1234.818122
1234.865014
1234.908078
1234.946851
1234.981165
1235.011066
1235.036739
1235.058447
1235.076492
1235.091172
1235.102770
1235.111525
1235.117636
1235.121244
1235.122437
1235.121244
1235.117636
1235.111525
1235.102770
1235.091172
1235.076492
1235.058447
1235.036739
1235.011066
1234.981165
1234.946851
1234.908078
1234.865014
1234.818122
1234.768251
1234.716702
1234.665279
1234.616254
1234.572258
1234.536053
1234.510210
1234.496736
1136.816514
1136.837088
1136.876343
1136.930893
1136.996504
1137.068770
1137.143645
1137.217782
1137.288656
1137.354549
1137.414440
1137.467862
1137.514750
1137.555311
1137.589919
1137.619027
1137.643113
1137.662637
1137.678015
1137.689598
1137.697668
1137.702428
1137.704001
1137.702428
1137.697668
1137.689598
1137.678015
1137.662637
1137.643113
1137.619027
1137.589919
1137.555311
1137.514750
1137.467862
1137.414440
1137.354549
1137.288656
1137.217782
1137.143645
1137.068770
1136.996504
1136.930893
1136.876343
1136.837088
1136.816514
1053.293442
1053.322132
1053.376512
1053.451319
1053.540172
1053.636674
1053.735217
1053.831391
1053.922076
1054.005315
1054.080098
1054.146111
1054.203523
1054.252795
1054.294549
1054.329466
1054.358220
1054.381436
1054.399664
1054.413360
1054.422886
1054.428498
1054.430351
1054.428498
1054.422886
1054.413360
1054.399664
1054.381436
1054.358220
1054.329466
1054.294549
1054.252795
1054.203523
1054.146111
1054.080098
1054.005315
1053.922076
1053.831391
1053.735217
1053.636674
1053.540172
1053.451319
1053.376512
1053.322132
1053.293442
980.334154
980.372406
980.444329
980.542087
980.656506
980.778796
980.901640
981.019631
981.129227
981.228448
981.316490
981.393363
981.459583
981.515950
981.563383
981.602816
981.635131
981.661119
981.681457
981.696703
981.707287
981.713516
981.715571
981.713516
981.707287
981.696703
981.681457
981.661119
981.635131
981.602816
981.563383
981.515950
981.459583
981.393363
981.316490
981.228448
981.129227
981.019631
980.901640
980.778796
980.656506
980.542087
980.444329
980.372406
980.334154
915.557954
915.607665
915.700244
915.824327
915.967144
916.117070
916.264990
916.404645
916.532310
916.646235
916.746039
916.832214
916.905733
916.967800
917.019666
917.062535
917.097497
917.125505
917.147356
917.163697
917.175021
917.181678
917.183873
917.181678
917.175021
917.163697
917.147356
917.125505
917.097497
917.062535
917.019666
916.967800
916.905733
916.832214
916.746039
916.646235
916.532310
916.404645
916.264990
916.117070
915.967144
915.824327
915.700244
915.607665
915.557954
857.306082
857.369681
857.486790
857.641234
857.815673
857.995221
858.168966
858.330047
858.474871
858.602215
858.712334
858.806359
858.885806
858.952341
859.007560
859.052948
859.089788
859.119194
859.142064
859.159132
859.170936
859.177873
859.180156
859.177873
859.170936
859.159132
859.142064
859.119194
859.089788
859.052948
859.007560
858.952341
858.885806
858.806359
858.712334
858.602215
858.474871
858.330047
858.168966
857.995221
857.815673
857.641234
857.486790
857.369681
857.306082
804.376357
804.456936
804.603317
804.792837
805.002433
805.213605
805.413770
805.595864
805.756800
805.896220
806.015216
806.115715
806.199827
806.269729
806.327350
806.374469
806.412533
806.442822
806.466298
806.483795
806.495864
806.502960
806.505285
806.502960
806.495864
806.483795
806.466298
806.442822
806.412533
806.374469
806.327350
806.269729
806.199827
806.115715
806.015216
805.896220
805.756800
805.595864
805.413770
805.213605
805.002433
804.792837
804.603317
804.456936
804.376357
755.869423
755.970915
756.152331
756.382346
756.630856
756.875557
757.102485
757.304945
757.480767
757.630852
757.757279
757.862941
757.950536
758.022821
758.081996
758.130177
758.168898
758.199644
758.223375
758.241062
758.253210
758.260379
758.262699
758.260379
758.253210
758.241062
758.223375
758.199644
758.168898
758.130177
758.081996
758.022821
757.950536
757.862941
757.757279
757.630852
757.480767
757.304945
757.102485
756.875557
756.630856
756.382346
756.152331
755.970915
755.869423
711.094621
711.222063
711.445468
711.722131
712.013423
712.293364
712.547043
712.768961
712.958235
713.117515
713.249904
713.359496
713.449451
713.523255
713.583210
713.631897
713.670765
713.701638
713.725303
713.743012
713.755057
713.762255
713.764504
713.762255
713.755057
713.743012
713.725303
713.701638
713.670765
713.631897
713.583210
713.523255
713.449451
713.359496
713.249904
713.117515
712.958235
712.768961
712.547043
712.293364
712.013423
711.722131
711.445468
711.222063
711.094621
669.509717
669.669612
669.943336
670.273563
670.611463
670.928071
671.208039
671.448248
671.649301
671.816288
671.953123
672.065520
672.156738
672.231341
672.291334
672.340104
672.378625
672.409404
672.432676
672.450326
672.462061
672.469311
672.471375
672.469311
672.462061
672.450326
672.432676
672.409404
672.378625
672.340104
672.291334
672.231341
672.156738
672.065520
671.953123
671.816288
671.649301
671.448248
671.208039
670.928071
670.611463
670.273563
669.943336
669.669612
669.509717
630.680830
630.881658
631.215587
631.607077
631.995158
632.349523
632.654735
632.911866
633.122731
633.296002
633.435660
633.549920
633.641262
633.716145
633.775390
633.824012
633.861628
633.892266
633.914735
633.932399
633.943513
633.950974
633.952621
633.950974
633.943513
633.932399
633.914735
633.892266
633.861628
633.824012
633.775390
633.716145
633.641262
633.549920
633.435660
633.296002
633.122731
632.911866
632.654735
632.349523
631.995158
631.607077
631.215587
630.881658
630.680830
594.254916
594.507861
594.913554
595.374840
595.816099
596.208982
596.537632
596.810251
597.028548
597.206899
597.347534
597.463036
597.553180
597.628160
597.685684
597.734247
597.770196
597.800945
597.821976
597.840007
597.849952
597.858048
597.858794
597.858048
597.849952
597.840007
597.821976
597.800945
597.770196
597.734247
597.685684
597.628160
597.553180
597.463036
597.347534
597.206899
597.028548
596.810251
596.537632
596.208982
595.816099
595.374840
594.913554
594.507861
594.254916
559.940312
560.260306
560.750987
561.291533
561.787922
562.219893
562.569117
562.856001
563.078703
563.261433
563.400724
563.517435
563.604620
563.680103
563.734480
563.783643
563.816692
563.848356
563.866828
563.886119
563.893842
563.903526
563.902369
563.903526
563.893842
563.886119
563.866828
563.848356
563.816692
563.783643
563.734480
563.680103
563.604620
563.517435
563.400724
563.261433
563.078703
562.856001
562.569117
562.219893
561.787922
561.291533
560.750987
560.260306
559.940312
527.492626
527.899852
528.490135
529.120582
529.672266
530.144079
530.509455
530.810102
531.033084
531.220502
531.355182
531.474147
531.555681
531.633146
531.682004
531.733483
531.761431
531.795853
531.809662
531.832129
531.835585
531.848821
531.843758
531.848821
531.835585
531.832129
531.809662
531.795853
531.761431
531.733483
531.682004
531.633146
531.555681
531.474147
531.355182
531.220502
531.033084
530.810102
530.509455
530.144079
529.672266
529.120582
528.490135
527.899852
527.492626
496.704213
497.226281
497.931437
498.664123
499.268334
499.781697
500.156376
500.471917
500.689109
500.883437
501.008428
501.132649
501.204035
501.286905
501.326049
501.383478
501.402283
501.443211
501.448395
501.477848
501.473123
501.493760
501.480912
501.493760
501.473123
501.477848
501.448395
501.443211
501.402283
501.383478
501.326049
501.286905
501.204035
501.132649
501.008428
500.883437
500.689109
500.471917
500.156376
499.781697
499.268334
498.664123
497.931437
497.226281
496.704213
467.396123
468.071216
468.905639
469.755654
470.404871
470.963900
471.337098
471.671868
471.873775
472.080691
472.187587
472.323554
472.376961
472.472123
472.493999
472.564460
472.566705
472.621314
472.610526
472.654192
472.633978
472.669274
472.641357
472.669274
472.633978
472.654192
472.610526
472.621314
472.566705
472.564460
472.493999
472.472123
472.376961
472.323554
472.187587
472.080691
471.873775
471.671868
471.337098
470.963900
470.404871
469.755654
468.905639
468.071216
467.396123
439.411721
440.293142
441.267541
442.254705
442.933771
443.547523
443.901983
444.266163
444.437309
444.668557
444.743051
444.903322
444.924998
445.045387
445.036495
445.133095
445.105396
445.186877
445.146792
445.217901
445.168904
445.232114
445.175856
445.232114
445.168904
445.217901
445.146792
445.186877
445.105396
445.133095
445.036495
445.045387
444.924998
444.903322
444.743051
444.668557
444.437309
444.266163
443.901983
443.547523
442.933771
442.254705
441.267541
440.293142
439.411721
412.611431
413.774164
414.890731
416.043130
416.724689
417.411429
417.719208
418.133161
418.247851
418.525536
418.543143
418.750628
418.716617
418.885489
418.822101
418.968247
418.886978
419.018804
418.925841
419.047903
418.946567
419.061218
418.953078
419.061218
418.946567
419.047903
418.925841
419.018804
418.886978
418.968247
418.822101
418.885489
418.716617
418.750628
418.543143
418.525536
418.247851
418.133161
417.719208
417.411429
416.724689
416.043130
414.890731
413.774164
412.611431
386.868188
388.418301
389.662798
391.022818
391.660156
392.454307
392.669946
393.171192
393.186635
393.550149
393.469301
393.764173
393.633399
393.891240
393.732481
393.968789
393.793160
394.016005
393.829414
394.043127
393.848719
394.055524
393.854780
394.055524
393.848719
394.043127
393.829414
394.016005
393.793160
393.968789
393.732481
393.891240
393.633399
393.764173
393.469301
393.550149
393.186635
393.171192
392.669946
392.454307
391.660156
391.022818
389.662798
388.418301
386.868188
362.063241
364.151317
365.480534
367.114825
367.630742
368.593900
368.643586
369.297808
369.143208
369.660184
369.411290
369.861920
369.565246
369.980707
369.657615
370.052845
369.713965
370.096635
369.747555
370.121744
369.765418
370.133211
369.771022
370.133211
369.765418
370.121744
369.747555
370.096635
369.713965
370.052845
369.657615
369.980707
369.565246
369.861920
369.411290
369.660184
369.143208
369.297808
368.643586
368.593900
367.630742
367.114825
365.480534
364.151317
362.063241
338.082019
340.922182
342.244617
344.260028
344.529761
345.767810
345.532513
346.450597
346.010201
346.793500
346.261973
346.981905
346.405150
347.092020
346.490563
347.158597
346.542491
347.198904
346.573381
347.221979
346.589788
347.232508
346.594933
347.232508
346.589788
347.221979
346.573381
347.198904
346.542491
347.158597
346.490563
347.092020
346.405150
346.981905
346.261973
346.793500
346.010201
346.450597
345.532513
345.767810
344.529761
344.260028
342.244617
340.922182
338.082019
314.809749
318.706463
319.853191
322.421633
322.246987
323.936171
323.225873
324.589862
323.677093
324.910705
323.911060
325.084905
324.042942
325.186043
324.121219
325.246954
324.168665
325.283743
324.196836
325.304775
324.211784
325.314364
324.216469
325.314364
324.211784
325.304775
324.196836
325.283743
324.168665
325.246954
324.121219
325.186043
324.042942
325.084905
323.911060
324.910705
323.677093
324.589862
323.225873
323.936171
322.246987
322.421633
319.853191
318.706463
314.809749
292.126527
297.512045
298.193640
301.590017
300.660682
303.086683
301.601659
303.703653
302.022281
304.000170
302.237181
304.159456
302.357369
304.251392
302.428385
304.306569
302.471315
304.339827
302.496765
304.358817
302.510256
304.367470
302.514483
304.367470
302.510256
304.358817
302.496765
304.339827
302.471315
304.306569
302.428385
304.251392
302.357369
304.159456
302.237181
304.000170
302.022281
303.703653
301.601659
303.086683
300.660682
301.590017
298.193640
297.512045
292.126527
269.901481
277.387802
277.131692
281.790624
279.627110
283.242711
280.516258
283.815859
280.902615
284.086120
281.097417
284.229936
281.205614
284.312516
281.269295
284.361930
281.307701
284.391660
281.330438
284.408618
281.342482
284.416340
281.346253
284.416340
281.342482
284.408618
281.330438
284.391660
281.307701
284.361930
281.269295
284.312516
281.205614
284.229936
281.097417
284.086120
280.902615
283.815859
280.516258
283.242711
279.627110
281.790624
277.131692
277.387802
269.901481
247.985643
258.436029
256.496725
263.095912
258.966430
264.475438
259.790365
264.998339
260.139299
265.240755
260.313194
265.368694
260.409200
265.441829
260.465516
265.485478
260.499412
265.511699
260.519455
265.526642
260.530064
265.533443
260.533386
265.533443
260.530064
265.526642
260.519455
265.511699
260.499412
265.485478
260.465516
265.441829
260.409200
265.368694
260.313194
265.240755
260.139299
264.998339
259.790365
264.475438
258.966430
263.095912
256.496725
258.436029
247.985643
226.203012
240.829717
236.061888
245.642690
238.443579
246.921387
239.189868
247.388426
239.498757
247.601748
239.651150
247.713535
239.734853
247.777194
239.783810
247.815103
239.813228
247.837847
239.830605
247.850798
239.839798
247.856690
239.842675
247.856690
239.839798
247.850798
239.830605
247.837847
239.813228
247.815103
239.783810
247.777194
239.734853
247.713535
239.651150
247.601748
239.498757
247.388426
239.189868
246.921387
238.443579
245.642690
236.061888
240.829717
226.203012
204.339240
224.836048
215.517224
229.656591
217.742344
230.807049
218.399890
231.213525
218.666666
231.396831
218.797160
231.492316
218.868526
231.546518
218.910167
231.578737
218.935153
231.598045
218.949900
231.609033
218.957698
231.614031
218.960139
231.614031
218.957698
231.609033
218.949900
231.598045
218.935153
231.578737
218.910167
231.546518
218.868526
231.492316
218.797160
231.396831
218.666666
231.213525
218.399890
230.807049
217.742344
229.656591
215.517224
224.836048
204.339240
182.127205
210.847862
194.433556
215.485978
196.430304
216.482873
196.989692
216.825067
197.212839
216.977753
197.321223
217.056898
197.380288
217.101708
197.414684
217.128304
197.435300
217.144228
197.447459
217.153286
197.453886
217.157404
197.455897
217.157404
197.453886
217.153286
197.447459
217.144228
197.435300
217.128304
197.414684
217.101708
197.380288
217.056898
197.321223
216.977753
197.212839
216.825067
196.989692
216.482873
196.430304
215.485978
194.433556
210.847862
182.127205
159.228585
199.425320
172.214251
203.648177
173.911730
204.469513
174.365496
204.744725
174.544037
204.866481
174.630269
204.929348
174.677131
204.964869
174.704379
204.985927
174.720695
204.998527
174.730313
205.005690
174.735396
205.008947
174.736986
205.008947
174.735396
205.005690
174.730313
204.998527
174.720695
204.985927
174.704379
204.964869
174.677131
204.929348
174.630269
204.866481
174.544037
204.744725
174.365496
204.469513
173.911730
203.648177
172.214251
199.425320
159.228585
135.210345
191.350489
148.031321
194.891758
149.364700
195.519999
149.707520
195.726549
149.840990
195.817339
149.905180
195.864080
149.939990
195.890449
149.960208
195.906067
149.972306
195.915408
149.979435
195.920717
149.983201
195.923130
149.984379
195.923130
149.983201
195.920717
149.979435
195.915408
149.972306
195.906067
149.960208
195.890449
149.939990
195.864080
149.905180
195.817339
149.840990
195.726549
149.707520
195.519999
149.364700
194.891758
148.031321
191.350489
135.210345
109.514798
187.698284
120.741393
190.279496
121.657784
190.702492
121.886552
190.839685
121.974962
190.899718
122.017356
190.930563
122.040314
190.947945
122.053637
190.958235
122.061605
190.964386
122.066300
190.967881
122.068779
190.969470
122.069555
190.969470
122.068779
190.967881
122.066300
190.964386
122.061605
190.958235
122.053637
190.947945
122.040314
190.930563
122.017356
190.899718
121.974962
190.839685
121.886552
190.702492
121.657784
190.279496
120.741393
187.698284
109.514798
81.421645
189.927919
88.776085
191.297831
89.240456
191.509386
89.354261
191.577450
89.398053
191.607156
89.419017
191.622401
89.430360
191.630987
89.436940
191.636068
89.440874
191.639105
89.443191
191.640830
89.444415
191.641614
89.444798
191.641614
89.444415
191.640830
89.443191
191.639105
89.440874
191.636068
89.436940
191.630987
89.430360
191.622401
89.419017
191.607156
89.398053
191.577450
89.354261
191.509386
89.240456
191.297831
88.776085
189.927919
81.421645
50.000000
200.000000
50.000000
200.000000
50.000000
200.000000
50.000000
200.000000
50.000000
200.000000
50.000000
200.000000
50.000000
200.000000
50.000000
200.000000
50.000000
200.000000
50.000000
200.000000
50.000000
200.000000
50.000000
200.000000
50.000000
200.000000
50.000000
200.000000
50.000000
200.000000
50.000000
200.000000
50.000000
200.000000
50.000000
200.000000
50.000000
200.000000
50.000000
200.000000
50.000000
200.000000
50.000000
200.000000
50.000000
