1500.000000
1500.000000
1500.000000
1500.000000
1500.000000
1500.000000
1500.000000
1500.000000
1500.000000
1500.000000
1500.000000
1500.000000
1500.000000
1500.000000
1500.000000
1369.253392
1369.434274
1369.659031
1369.867685
1370.009627
1370.108795
1370.153581
1370.174841
1370.153581
1370.108795
1370.009627
1369.867685
1369.659031
1369.434274
1369.253392
1262.486688
1262.841572
1263.261337
1263.650050
1263.903261
1264.085614
1264.161028
1264.203295
1264.161028
1264.085614
1263.903261
1263.650050
1263.261337
1262.841572
1262.486688
1172.238530
1172.780213
1173.377891
1173.933057
1174.271400
1174.528982
1174.620143
1174.687211
1174.620143
1174.528982
1174.271400
1173.933057
1173.377891
1172.780213
1172.238530
1094.057553
1094.810890
1095.572713
1096.289898
1096.687946
1097.019460
1097.109617
1097.209469
1097.109617
1097.019460
1096.687946
1096.289898
1095.572713
1094.810890
1094.057553
1025.074640
1026.074099
1026.984874
1027.866830
1028.297323
1028.707987
1028.777193
1028.922685
1028.777193
1028.707987
1028.297323
1027.866830
1026.984874
1026.074099
1025.074640
963.331938
964.620986
965.661118
966.717405
967.149327
967.651311
967.675093
967.884858
967.675093
967.651311
967.149327
966.717405
965.661118
964.620986
963.331938
907.433425
909.064688
910.207941
911.455332
911.852267
912.465471
912.413478
912.712997
912.413478
912.465471
911.852267
911.455332
910.207941
909.064688
907.433425
856.348264
858.384059
859.595656
861.058991
861.377577
862.130641
861.965251
862.388046
861.965251
862.130641
861.377577
861.058991
859.595656
858.384059
856.348264
809.293239
811.806312
813.041165
814.754485
814.942900
815.874375
815.549253
816.138183
815.549253
815.874375
814.942900
814.754485
813.041165
811.806312
809.293239
765.658936
768.733330
769.934318
771.942197
771.938612
773.098279
772.556864
773.365532
772.556864
773.098279
771.938612
771.942197
769.934318
768.733330
765.658936
724.961488
728.693497
729.789750
732.148783
731.879768
733.330072
732.503992
733.598243
732.503992
733.330072
731.879768
732.148783
729.789750
728.693497
724.961488
686.809955
691.309149
692.214299
694.994714
694.373583
696.191176
694.998588
696.458106
694.998588
696.191176
694.373583
694.994714
692.214299
691.309149
686.809955
650.883625
656.273921
656.884318
660.171704
659.096780
661.374168
659.718023
661.638012
659.718023
661.374168
659.096780
660.171704
656.884318
656.273921
650.883625
616.915812
623.336603
623.529487
627.426619
625.779430
628.626710
626.392934
628.885892
626.392934
628.626710
625.779430
627.426619
623.529487
623.336603
616.915812
584.682060
592.289379
591.920992
596.549753
594.193147
597.739839
594.795440
597.993018
594.795440
597.739839
594.193147
596.549753
591.920992
592.289379
584.682060
553.991371
562.959097
561.862750
567.366138
564.142314
568.539283
564.730376
568.785322
564.730376
568.539283
564.142314
567.366138
561.862750
562.959097
553.991371
524.679576
535.200677
533.184757
539.728983
535.457446
540.878906
536.028657
541.116846
536.028657
540.878906
535.457446
539.728983
533.184757
535.200677
524.679576
496.604260
508.892068
505.737990
513.514652
507.990083
514.635694
508.542189
514.864731
508.542189
514.635694
507.990083
513.514652
505.737990
508.892068
496.604260
469.640804
483.930329
479.390432
488.618773
481.608825
489.705861
482.139893
489.925327
482.139893
489.705861
481.608825
488.618773
479.390432
483.930329
469.640804
443.679278
460.228555
454.023938
464.953180
456.196186
466.001798
456.704582
466.211146
456.704582
466.001798
456.196186
464.953180
454.023938
460.228555
443.679278
418.621965
437.713428
429.531739
442.443495
431.646104
443.449651
432.130453
443.648439
432.130453
443.449651
431.646104
442.443495
429.531739
437.713428
418.621965
394.381373
416.323264
405.816428
421.027185
407.861913
421.987385
408.321080
422.175265
408.321080
421.987385
407.861913
421.027185
405.816428
416.323264
394.381373
370.878617
396.006426
382.788318
400.651997
384.754706
401.563219
385.187773
401.739924
385.187773
401.563219
384.754706
400.651997
382.788318
396.006426
370.878617
348.042099
376.720035
360.364098
381.274689
362.241984
382.134350
362.648221
382.299684
362.648221
382.134350
362.241984
381.274689
360.364098
376.720035
348.042099
325.806416
358.428906
338.465719
362.859981
340.246530
363.665915
340.625386
363.819745
340.625386
363.665915
340.246530
362.859981
338.465719
358.428906
325.806416
304.111453
341.104672
317.019462
345.379696
318.695482
346.130128
319.046557
346.272377
319.046557
346.130128
318.695482
345.379696
317.019462
341.104672
304.111453
282.901626
324.725056
295.955155
328.812052
297.519536
329.505568
297.842571
329.636207
297.842571
329.505568
297.519536
328.812052
295.955155
324.725056
282.901626
262.125241
309.273257
275.205512
313.141060
276.652284
313.776586
276.947144
313.895629
276.947144
313.776586
276.652284
313.141060
275.205512
309.273257
262.125241
241.733950
294.737438
254.705566
298.356034
256.029637
298.932810
256.296299
299.040306
256.296299
298.932810
256.029637
298.356034
254.705566
294.737438
241.733950
221.682294
281.110293
234.392183
284.451168
235.589339
284.968723
235.827876
285.064754
235.827876
284.968723
235.589339
284.451168
234.392183
281.110293
221.682294
201.927303
268.388679
214.203647
271.425187
215.270538
271.883315
215.481112
271.967992
215.481112
271.883315
215.270538
271.425187
214.203647
268.388679
201.927303
182.428156
256.573302
194.079290
259.281047
195.013419
259.679788
195.196266
259.753242
195.196266
259.679788
195.013419
259.281047
194.079290
256.573302
182.428156
163.145889
245.668448
173.959182
248.025686
174.758878
248.365297
174.914302
248.427684
174.914302
248.365297
174.758878
248.025686
173.959182
245.668448
163.145889
144.043135
235.681755
153.783845
237.669806
154.448237
237.950745
154.576599
238.002235
154.576599
237.950745
154.448237
237.669806
153.783845
235.681755
144.043135
125.083899
226.624018
133.494009
228.227693
134.022992
228.450596
134.124705
228.491374
134.124705
228.450596
134.022992
228.227693
133.494009
226.624018
125.083899
106.233366
218.509013
113.030397
219.717061
113.424587
219.882722
113.500106
219.912987
113.500106
219.882722
113.424587
219.717061
113.030397
218.509013
106.233366
87.457726
211.353357
92.333524
212.158923
92.594214
212.268275
92.644030
212.288233
92.644030
212.268275
92.594214
212.158923
92.333524
211.353357
87.457726
68.724018
205.176376
71.343525
205.577473
71.472632
205.631570
71.497266
205.641438
71.497266
205.631570
71.472632
205.577473
71.343525
205.176376
68.724018
50.000000
200.000000
50.000000
200.000000
50.000000
200.000000
50.000000
200.000000
50.000000
200.000000
50.000000
200.000000
50.000000
200.000000
50.000000
