1500.000000
1500.000000
1500.000000
1500.000000
1500.000000
1500.000000
1500.000000
1500.000000
1500.000000
1500.000000
1370.214435
1370.348654
1370.214435
1370.348654
1370.214435
1370.348654
1370.214435
1370.348654
1370.214435
1370.348654
1264.244096
1264.533759
1264.244096
1264.533759
1264.244096
1264.533759
1264.244096
1264.533759
1264.244096
1264.533759
1174.682096
1175.173751
1174.682096
1175.173751
1174.682096
1175.173751
1174.682096
1175.173751
1174.682096
1175.173751
1097.105869
1097.862270
1097.105869
1097.862270
1097.105869
1097.862270
1097.105869
1097.862270
1097.105869
1097.862270
1028.662562
1029.759833
1028.662562
1029.759833
1028.662562
1029.759833
1028.662562
1029.759833
1028.662562
1029.759833
967.403874
968.930563
967.403874
968.930563
967.403874
968.930563
967.403874
968.930563
967.403874
968.930563
911.939478
913.996273
911.939478
913.996273
911.939478
913.996273
911.939478
913.996273
911.939478
913.996273
861.241930
863.941622
861.241930
863.941622
861.241930
863.941622
861.241930
863.941622
861.241930
863.941622
814.529977
817.997535
814.529977
817.997535
814.529977
817.997535
814.529977
817.997535
814.529977
817.997535
771.195280
775.567964
771.195280
775.567964
771.195280
775.567964
771.195280
775.567964
771.195280
775.567964
730.754504
736.181998
730.754504
736.181998
730.754504
736.181998
730.754504
736.181998
730.754504
736.181998
692.816923
699.461475
692.816923
699.461475
692.816923
699.461475
692.816923
699.461475
692.816923
699.461475
657.061878
665.098436
657.061878
665.098436
657.061878
665.098436
657.061878
665.098436
657.061878
665.098436
623.222694
632.839044
623.222694
632.839044
623.222694
632.839044
623.222694
632.839044
623.222694
632.839044
591.074963
602.471857
591.074963
602.471857
591.074963
602.471857
591.074963
602.471857
591.074963
602.471857
560.427834
573.819120
560.427834
573.819120
560.427834
573.819120
560.427834
573.819120
560.427834
573.819120
531.117441
546.730185
531.117441
546.730185
531.117441
546.730185
531.117441
546.730185
531.117441
546.730185
503.001857
521.076460
503.001857
521.076460
503.001857
521.076460
503.001857
521.076460
503.001857
521.076460
475.957178
496.747494
475.957178
496.747494
475.957178
496.747494
475.957178
496.747494
475.957178
496.747494
449.874438
473.647880
449.874438
473.647880
449.874438
473.647880
449.874438
473.647880
449.874438
473.647880
424.657161
451.694809
424.657161
451.694809
424.657161
451.694809
424.657161
451.694809
424.657161
451.694809
400.219387
430.816093
400.219387
430.816093
400.219387
430.816093
400.219387
430.816093
400.219387
430.816093
376.484076
410.948562
376.484076
410.948562
376.484076
410.948562
376.484076
410.948562
376.484076
410.948562
353.381803
392.036759
353.381803
392.036759
353.381803
392.036759
353.381803
392.036759
353.381803
392.036759
330.849684
374.031861
330.849684
374.031861
330.849684
374.031861
330.849684
374.031861
330.849684
374.031861
308.830477
356.890780
308.830477
356.890780
308.830477
356.890780
308.830477
356.890780
308.830477
356.890780
287.271840
340.575415
287.271840
340.575415
287.271840
340.575415
287.271840
340.575415
287.271840
340.575415
266.125703
325.052024
266.125703
325.052024
266.125703
325.052024
266.125703
325.052024
266.125703
325.052024
245.347735
310.290689
245.347735
310.290689
245.347735
310.290689
245.347735
310.290689
245.347735
310.290689
224.896895
296.264863
224.896895
296.264863
224.896895
296.264863
224.896895
296.264863
224.896895
296.264863
204.735045
282.950982
204.735045
282.950982
204.735045
282.950982
204.735045
282.950982
204.735045
282.950982
184.826620
270.328134
184.826620
270.328134
184.826620
270.328134
184.826620
270.328134
184.826620
270.328134
165.138339
258.377767
165.138339
258.377767
165.138339
258.377767
165.138339
258.377767
165.138339
258.377767
145.638962
247.083445
145.638962
247.083445
145.638962
247.083445
145.638962
247.083445
145.638962
247.083445
126.299074
236.430627
126.299074
236.430627
126.299074
236.430627
126.299074
236.430627
126.299074
236.430627
107.090892
226.406480
107.090892
226.406480
107.090892
226.406480
107.090892
226.406480
107.090892
226.406480
87.988108
216.999714
87.988108
216.999714
87.988108
216.999714
87.988108
216.999714
87.988108
216.999714
68.965738
208.200431
68.965738
208.200431
68.965738
208.200431
68.965738
208.200431
68.965738
208.200431
50.000000
200.000000
50.000000
200.000000
50.000000
200.000000
50.000000
200.000000
50.000000
200.000000
