1500.000000
1500.000000
1500.000000
1500.000000
1500.000000
1500.000000
1500.000000
1500.000000
1500.000000
1500.000000
1500.000000
1500.000000
1500.000000
1500.000000
1500.000000
1500.000000
1500.000000
1500.000000
1500.000000
1500.000000
1500.000000
1500.000000
1500.000000
1500.000000
1500.000000
1369.674495
1369.710612
1369.773856
1369.851213
1369.930584
1370.003610
1370.065833
1370.115895
1370.154182
1370.181966
1370.200603
1370.211296
1370.214763
1370.211296
1370.200603
1370.181966
1370.154182
1370.115895
1370.065833
1370.003610
1369.930584
1369.851213
1369.773856
1369.710612
1369.674495
1263.267037
1263.337439
1263.459263
1263.606230
1263.754858
1263.889877
1264.003620
1264.094343
1264.163205
1264.212946
1264.246155
1264.265194
1264.271333
1264.265194
1264.246155
1264.212946
1264.163205
1264.094343
1264.003620
1263.889877
1263.754858
1263.606230
1263.459263
1263.337439
1263.267037
1173.344244
1173.450847
1173.632178
1173.846904
1174.059864
1174.250179
1174.408111
1174.532744
1174.626393
1174.693696
1174.738317
1174.763921
1174.772082
1174.763921
1174.738317
1174.693696
1174.626393
1174.532744
1174.408111
1174.250179
1174.059864
1173.846904
1173.632178
1173.450847
1173.344244
1095.470180
1095.617225
1095.861878
1096.145305
1096.419920
1096.660886
1096.857332
1097.010659
1097.124439
1097.205900
1097.259352
1097.290189
1097.299780
1097.290189
1097.259352
1097.205900
1097.124439
1097.010659
1096.857332
1096.660886
1096.419920
1096.145305
1095.861878
1095.617225
1095.470180
1026.785399
1026.979072
1027.292611
1027.647167
1027.981650
1028.269682
1028.499771
1028.677601
1028.807524
1028.900509
1028.960548
1028.995696
1029.006089
1028.995696
1028.960548
1028.900509
1028.807524
1028.677601
1028.499771
1028.269682
1027.981650
1027.647167
1027.292611
1026.979072
1026.785399
965.338750
965.587214
965.976340
966.405336
966.798030
967.130184
967.389345
967.588311
967.730720
967.833301
967.897801
967.936777
967.947185
967.936777
967.897801
967.833301
967.730720
967.588311
967.389345
967.130184
966.798030
966.405336
965.976340
965.587214
965.338750
909.739232
910.052886
910.524988
911.032354
911.481201
911.855060
912.138653
912.356203
912.507476
912.618479
912.685190
912.728071
912.737366
912.728071
912.685190
912.618479
912.507476
912.356203
912.138653
911.855060
911.481201
911.032354
910.524988
910.052886
909.739232
858.960011
859.351919
859.914638
860.504860
861.006946
861.420713
861.723675
861.958213
862.114431
862.233608
862.299863
862.347487
862.353953
862.347487
862.299863
862.233608
862.114431
861.958213
861.723675
861.420713
861.006946
860.504860
859.914638
859.351919
858.960011
812.221200
812.707676
813.368380
814.046622
814.597687
815.050453
815.366895
815.618068
815.774614
815.902930
815.965262
816.019550
816.020530
816.019550
815.965262
815.902930
815.774614
815.618068
815.366895
815.050453
814.597687
814.046622
813.368380
812.707676
812.221200
768.916220
769.517579
770.282704
771.055093
771.648966
772.141161
772.463856
772.732999
772.884032
773.024116
773.077741
773.142161
773.133566
773.142161
773.077741
773.024116
772.884032
772.732999
772.463856
772.141161
771.648966
771.055093
770.282704
769.517579
768.916220
728.563648
729.305140
730.179331
731.053447
731.681332
732.215374
732.535091
732.825858
732.963630
733.120395
733.158536
733.238747
733.214395
733.238747
733.158536
733.120395
732.963630
732.825858
732.535091
732.215374
731.681332
731.053447
730.179331
729.305140
728.563648
690.774619
691.687576
692.672585
693.658178
694.307760
694.888934
695.193564
695.512787
695.626741
695.808241
695.821236
695.925948
695.876686
695.925948
695.821236
695.808241
695.626741
695.512787
695.193564
694.888934
694.307760
693.658178
692.672585
691.687576
690.774619
655.230123
656.353349
657.446620
658.556617
659.210910
659.848536
660.121950
660.480771
660.556384
660.774935
660.749078
660.891184
660.803745
660.891184
660.749078
660.774935
660.556384
660.480771
660.121950
659.848536
659.210910
658.556617
657.446620
656.353349
655.230123
621.664775
623.046209
624.239107
625.490956
626.126848
626.835770
627.056369
627.471693
627.488994
627.762623
627.678688
627.876725
627.732258
627.876725
627.678688
627.762623
627.488994
627.471693
627.056369
626.835770
626.126848
625.490956
624.239107
623.046209
621.664775
589.854948
591.553652
592.829258
594.246675
594.833102
595.635578
595.774437
596.270787
596.202485
596.556774
596.388149
596.668145
596.440357
596.668145
596.388149
596.556774
596.202485
596.270787
595.774437
595.635578
594.833102
594.246675
592.829258
591.553652
589.854948
559.609926
561.698428
563.028836
564.644038
565.139702
566.067755
566.086322
566.698143
566.507302
566.977693
566.688053
567.085839
566.738677
567.085839
566.688053
566.977693
566.507302
566.698143
566.086322
566.067755
565.139702
564.644038
563.028836
561.698428
559.609926
530.765175
533.332228
534.675255
536.531761
536.882319
537.980631
537.827872
538.602388
538.239555
538.874203
538.414641
538.978710
538.463499
538.978710
538.414641
538.874203
538.239555
538.602388
537.827872
537.980631
536.882319
536.531761
534.675255
533.332228
530.765175
503.177142
506.330943
507.626185
509.782263
509.916895
511.246340
510.855251
511.855953
511.255654
512.118907
511.424439
512.219433
511.471378
512.219433
511.424439
512.118907
511.255654
511.855953
510.855251
511.246340
509.916895
509.782263
507.626185
506.330943
503.177142
476.719164
480.591095
481.755218
484.288102
484.115352
485.757252
485.040641
486.351505
485.428011
486.604634
485.589962
486.700893
485.634859
486.700893
485.589962
486.604634
485.428011
486.351505
485.040641
485.757252
484.115352
484.288102
481.755218
480.591095
476.719164
451.278202
456.027148
456.948327
459.959301
459.362081
461.423309
460.268731
461.999281
460.641531
462.241763
460.796205
462.333525
460.838961
462.333525
460.796205
462.241763
460.641531
461.999281
460.268731
461.423309
459.362081
459.959301
456.948327
456.027148
451.278202
426.752184
432.569505
433.100895
436.721368
435.551008
438.170047
436.433775
438.725109
436.790673
438.956253
436.937707
439.043334
436.978244
439.043334
436.937707
438.956253
436.790673
438.725109
436.433775
438.170047
435.551008
436.721368
433.100895
432.569505
426.752184
403.047819
410.163037
410.115161
414.513866
412.583080
415.937170
413.437078
416.468975
413.776926
416.688208
413.916031
416.770464
413.954289
416.770464
413.916031
416.688208
413.776926
416.468975
413.437078
415.937170
412.583080
414.513866
410.115161
410.163037
403.047819
380.078759
388.766034
387.897971
393.289435
390.364044
394.677563
391.184766
395.184042
391.506595
395.390899
391.637543
395.468221
391.673478
395.468221
391.637543
395.390899
391.506595
395.184042
391.184766
394.677563
390.364044
393.289435
387.897971
388.766034
380.078759
357.764030
368.349523
366.358744
373.013176
368.802454
374.356679
369.585792
374.836030
369.888793
375.030141
370.011413
375.102452
370.044996
375.102452
370.011413
375.030141
369.888793
374.836030
369.585792
374.356679
368.802454
373.013176
366.358744
368.349523
357.764030
336.026676
348.896861
345.407595
353.662353
347.807817
354.952232
348.550072
355.402913
348.833588
355.583993
348.947759
355.651243
348.978971
355.651243
348.947759
355.583993
348.833588
355.402913
348.550072
354.952232
347.807817
353.662353
345.407595
348.896861
336.026676
314.792556
330.403587
324.953542
335.226371
327.288838
336.454172
327.986730
336.874885
328.250240
337.042728
328.355883
337.104889
328.384718
337.104889
328.355883
337.042728
328.250240
336.874885
327.986730
336.454172
327.288838
335.226371
324.953542
330.403587
314.792556
293.989260
312.877493
304.902781
317.706996
307.151712
318.864892
307.802382
319.254571
308.045492
319.409040
308.142568
319.466107
308.169026
319.466107
308.142568
319.409040
308.045492
319.254571
307.802382
318.864892
307.151712
317.706996
304.902781
312.877493
293.989260
273.545125
296.338883
285.156975
301.118794
287.298437
302.199661
287.899444
302.557461
288.121875
302.698483
288.210378
302.750466
288.234469
302.750466
288.210378
302.698483
288.121875
302.557461
287.899444
302.199661
287.298437
301.118794
285.156975
296.338883
273.545125
253.388305
280.821008
265.611538
285.489788
267.625114
286.487266
268.174429
286.812548
268.376008
286.940101
268.455961
286.987029
268.477700
286.987029
268.455961
286.940101
268.376008
286.812548
268.174429
286.487266
267.625114
285.489788
265.611538
280.821008
253.388305
233.445904
266.370671
246.153893
270.862300
248.020207
271.770844
248.516203
272.063160
248.696850
272.177273
248.768303
272.219185
248.787711
272.219185
248.768303
272.177273
248.696850
272.063160
248.516203
271.770844
248.020207
270.862300
246.153893
266.370671
233.445904
213.643132
253.048974
226.661671
257.293988
228.362747
258.108905
228.804185
258.367984
228.963905
258.468729
229.026930
258.505677
229.044034
258.505677
229.026930
258.468729
228.963905
258.367984
228.804185
258.108905
228.362747
257.293988
226.661671
253.048974
213.643132
193.902484
240.932220
207.000850
244.859074
208.520460
245.576545
208.906472
245.802280
209.045346
245.889766
209.100034
245.921810
209.114865
245.921810
209.100034
245.889766
209.045346
245.802280
208.906472
245.576545
208.520460
244.859074
207.000850
240.932220
193.902484
174.142931
230.112953
187.023809
233.649751
188.347798
234.266838
188.677864
234.459268
188.796042
234.533638
188.842500
234.560850
188.855092
234.560850
188.842500
234.533638
188.796042
234.459268
188.677864
234.266838
188.347798
233.649751
187.023809
230.112953
174.142931
154.279104
220.701138
166.567275
223.777776
167.683866
224.292420
167.957792
224.451719
168.055483
224.513143
168.093833
224.535598
168.104222
224.535598
168.093833
224.513143
168.055483
224.451719
167.957792
224.292420
167.683866
223.777776
166.567275
220.701138
154.279104
134.220481
212.825482
145.450174
215.376254
146.350214
215.787250
146.568111
215.913712
146.645576
215.962385
146.675953
215.980167
146.684178
215.980167
146.675953
215.962385
146.645576
215.913712
146.568111
215.787250
146.350214
215.376254
145.450174
212.825482
134.220481
113.870556
206.634889
123.471350
208.601612
124.148507
208.908578
124.310761
209.002603
124.368308
209.038742
124.390855
209.051938
124.396958
209.051938
124.390855
209.038742
124.368308
209.002603
124.310761
208.908578
124.148507
208.601612
123.471350
206.634889
113.870556
93.125979
202.300056
100.407147
203.635768
100.858035
203.839091
100.965281
203.901174
101.003256
203.925014
101.018126
203.933716
101.022151
203.933716
101.018126
203.925014
101.003256
203.901174
100.965281
203.839091
100.858035
203.635768
100.407147
202.300056
93.125979
71.875689
200.015213
76.008857
200.688494
76.233061
200.789281
76.286157
200.819999
76.304940
200.831788
76.312293
200.836090
76.314283
200.836090
76.312293
200.831788
76.304940
200.819999
76.286157
200.789281
76.233061
200.688494
76.008857
200.015213
71.875689
50.000000
200.000000
50.000000
200.000000
50.000000
200.000000
50.000000
200.000000
50.000000
200.000000
50.000000
200.000000
50.000000
200.000000
50.000000
200.000000
50.000000
200.000000
50.000000
200.000000
50.000000
200.000000
50.000000
200.000000
50.000000
