1500.000000
1500.000000
1500.000000
1500.000000
1500.000000
1500.000000
1500.000000
1500.000000
1500.000000
1500.000000
1500.000000
1500.000000
1500.000000
1500.000000
1500.000000
1500.000000
1500.000000
1500.000000
1500.000000
1500.000000
1500.000000
1500.000000
1500.000000
1500.000000
1500.000000
1500.000000
1500.000000
1500.000000
1500.000000
1500.000000
1500.000000
1500.000000
1500.000000
1500.000000
1500.000000
1369.849600
1369.862541
1369.886821
1369.919665
1369.957784
1369.997997
1370.037659
1370.074845
1370.108351
1370.137580
1370.162378
1370.182883
1370.199393
1370.212266
1370.221857
1370.228473
1370.232346
1370.233621
1370.232346
1370.228473
1370.221857
1370.212266
1370.199393
1370.182883
1370.162378
1370.137580
1370.108351
1370.074845
1370.037659
1369.997997
1369.957784
1369.919665
1369.886821
1369.862541
1369.849600
1263.590829
1263.616012
1263.663015
1263.726113
1263.798680
1263.874491
1263.948543
1264.017345
1264.078830
1264.132079
1264.176977
1264.213910
1264.243520
1264.266530
1264.283629
1264.295403
1264.302287
1264.304552
1264.302287
1264.295403
1264.283629
1264.266530
1264.243520
1264.213910
1264.176977
1264.132079
1264.078830
1264.017345
1263.948543
1263.874491
1263.798680
1263.726113
1263.663015
1263.616012
1263.590829
1173.801673
1173.839710
1173.910187
1174.003798
1174.110117
1174.219741
1174.325455
1174.422509
1174.508320
1174.581947
1174.643537
1174.693870
1174.734006
1174.765066
1174.788072
1174.803876
1174.813103
1174.816136
1174.813103
1174.803876
1174.788072
1174.765066
1174.734006
1174.693870
1174.643537
1174.581947
1174.508320
1174.422509
1174.325455
1174.219741
1174.110117
1174.003798
1173.910187
1173.839710
1173.801673
1096.052450
1096.104748
1096.200756
1096.326619
1096.467420
1096.610355
1096.746137
1096.869096
1096.976490
1097.067676
1097.143281
1097.204619
1097.253241
1097.290696
1097.318339
1097.337282
1097.348321
1097.351949
1097.348321
1097.337282
1097.318339
1097.290696
1097.253241
1097.204619
1097.143281
1097.067676
1096.976490
1096.869096
1096.746137
1096.610355
1096.467420
1096.326619
1096.200756
1096.104748
1096.052450
1027.487614
1027.556223
1027.680767
1027.841554
1028.018324
1028.194667
1028.359425
1028.506412
1028.633115
1028.739508
1028.826894
1028.897259
1028.952690
1028.995191
1029.026438
1029.047803
1029.060225
1029.064310
1029.060225
1029.047803
1029.026438
1028.995191
1028.952690
1028.897259
1028.826894
1028.739508
1028.633115
1028.506412
1028.359425
1028.194667
1028.018324
1027.841554
1027.680767
1027.556223
1027.487614
966.158718
966.246317
966.403227
966.602288
966.816929
967.027022
967.219840
967.389186
967.533162
967.652698
967.749929
967.827639
967.888459
967.934890
967.968883
967.992085
968.005534
968.009970
968.005534
967.992085
967.968883
967.934890
967.888459
967.827639
967.749929
967.652698
967.533162
967.389186
967.219840
967.027022
966.816929
966.602288
966.403227
966.246317
966.158718
910.676819
910.786794
910.980696
911.221923
911.476535
911.720768
911.940722
912.130825
912.290157
912.420971
912.526310
912.609915
912.674896
912.724327
912.760333
912.784901
912.799070
912.803780
912.799070
912.784901
912.760333
912.724327
912.674896
912.609915
912.526310
912.420971
912.290157
912.130825
911.940722
911.720768
911.476535
911.221923
910.980696
910.786794
910.676819
860.016798
860.153366
860.389698
860.677449
860.974169
861.252852
861.498891
861.708155
861.880968
862.021351
862.133206
862.221453
862.289503
862.341168
862.378542
862.404110
862.418711
862.423665
862.418711
862.404110
862.378542
862.341168
862.289503
862.221453
862.133206
862.021351
861.880968
861.708155
861.498891
861.252852
860.974169
860.677449
860.389698
860.153366
860.016798
813.400309
813.568705
813.853746
814.192788
814.533642
814.846934
815.117789
815.344611
815.529014
815.677418
815.794277
815.886110
815.956219
816.009520
816.047652
816.073973
816.088708
816.093937
816.088708
816.073973
816.047652
816.009520
815.956219
815.886110
815.794277
815.677418
815.529014
815.344611
815.117789
814.846934
814.533642
814.192788
813.853746
813.568705
813.400309
770.222253
770.428995
770.769876
771.165352
771.552101
771.899981
772.194081
772.436876
772.630906
772.785969
772.906342
773.000927
773.072098
773.126631
773.164890
773.191867
773.206369
773.212017
773.206369
773.191867
773.164890
773.126631
773.072098
773.000927
772.906342
772.785969
772.630906
772.436876
772.194081
771.899981
771.552101
771.165352
770.769876
770.428995
770.222253
730.002701
730.255931
730.660616
731.118036
731.551986
731.934277
732.249643
732.506929
732.708463
732.869087
732.991406
733.088201
733.159352
733.214978
733.252611
733.280379
733.294125
733.300524
733.294125
733.280379
733.252611
733.214978
733.159352
733.088201
732.991406
732.869087
732.708463
732.506929
732.249643
731.934277
731.551986
731.118036
730.660616
730.255931
730.002701
692.354350
692.664299
693.141497
693.666766
694.148526
694.564986
694.899092
695.169628
695.376247
695.541735
695.664211
695.763088
695.832903
695.889873
695.925865
695.954911
695.967083
695.974895
695.967083
695.954911
695.925865
695.889873
695.832903
695.763088
695.664211
695.541735
695.376247
695.169628
694.899092
694.564986
694.148526
693.666766
693.141497
692.664299
692.354350
656.959861
657.339453
657.898431
658.497929
659.027094
659.477602
659.827153
660.110172
660.318954
660.489224
660.609621
660.711080
660.777781
660.836945
660.869785
660.901171
660.910428
660.920860
660.910428
660.901171
660.869785
660.836945
660.777781
660.711080
660.609621
660.489224
660.318954
660.110172
659.827153
659.477602
659.027094
658.497929
657.898431
657.339453
656.959861
623.555649
624.021306
624.671537
625.352313
625.927013
626.411891
626.772491
627.068063
627.275242
627.451179
627.566461
627.671967
627.732956
627.796105
627.823438
627.859138
627.863271
627.878419
627.863271
627.859138
627.823438
627.796105
627.732956
627.671967
627.566461
627.451179
627.275242
627.068063
626.772491
626.411891
625.927013
625.352313
624.671537
624.021306
623.555649
591.920036
592.492730
593.243315
594.013423
594.629708
595.150235
595.515880
595.825457
596.025905
596.209885
596.315690
596.428192
596.479521
596.549902
596.567997
596.611420
596.606822
596.630199
596.606822
596.611420
596.567997
596.549902
596.479521
596.428192
596.315690
596.209885
596.025905
595.825457
595.515880
595.150235
594.629708
594.013423
593.243315
592.492730
591.920036
561.864396
562.571024
563.429799
564.298872
564.949837
565.509032
565.871353
566.198569
566.385029
566.581703
566.671551
566.796260
566.831843
566.914938
566.917900
566.974669
566.955552
566.992868
566.955552
566.974669
566.917900
566.914938
566.831843
566.796260
566.671551
566.581703
566.385029
566.198569
565.871353
565.509032
564.949837
564.298872
563.429799
562.571024
561.864396
533.226410
534.101584
535.073788
536.053942
536.728511
537.332286
537.679437
538.031272
538.193220
538.410655
538.474809
538.620332
538.630795
538.735460
538.714085
538.793174
538.750427
538.810729
538.750427
538.793174
538.714085
538.735460
538.630795
538.620332
538.474809
538.410655
538.193220
538.031272
537.679437
537.332286
536.728511
536.053942
535.073788
534.101584
533.226410
505.864822
506.953188
508.039542
509.146752
509.827983
510.486798
510.801854
511.190289
511.312311
511.563626
511.587451
511.767421
511.738465
511.878555
511.818695
511.934064
511.853613
511.950921
511.853613
511.934064
511.818695
511.878555
511.738465
511.767421
511.587451
511.563626
511.312311
511.190289
510.801854
510.486798
509.827983
509.146752
508.039542
506.953188
505.864822
479.655274
481.014497
482.208507
483.464637
484.127374
484.858570
485.117267
485.561601
485.621102
485.926764
485.888427
486.123795
486.033897
486.230560
486.110820
486.283709
486.144222
486.299826
486.144222
486.283709
486.110820
486.230560
486.033897
486.123795
485.888427
485.926764
485.621102
485.561601
485.117267
484.858570
484.127374
483.464637
482.208507
481.014497
479.655274
454.486936
456.191524
457.475763
458.911466
459.519135
460.350164
460.517751
461.047806
461.011829
461.402838
461.270118
461.592337
461.409553
461.694419
461.482970
461.745080
461.514781
461.760421
461.514781
461.745080
461.482970
461.694419
461.409553
461.592337
461.270118
461.402838
461.011829
461.047806
460.517751
460.350164
459.519135
458.911466
457.475763
456.191524
454.486936
430.259692
432.405864
433.746948
435.405744
435.905998
436.878827
436.905756
437.566241
437.387127
437.909361
437.635296
438.090662
437.768285
438.187802
437.838031
438.235874
437.868193
438.250414
437.868193
438.235874
437.838031
438.187802
437.768285
438.090662
437.635296
437.909361
437.387127
437.566241
436.905756
436.878827
435.905998
435.405744
433.746948
432.405864
430.259692
406.881749
409.593598
410.935479
412.879353
413.198238
414.375279
414.191378
415.047773
414.657292
415.377373
414.894394
415.549910
415.020591
415.641897
415.086538
415.687301
415.115006
415.701019
415.115006
415.687301
415.086538
415.641897
415.020591
415.549910
414.894394
415.377373
414.657292
415.047773
414.191378
414.375279
413.198238
412.879353
410.935479
409.593598
406.881749
384.267516
387.704769
388.959917
391.276905
391.311097
392.783094
392.289787
393.436170
392.737710
393.750817
392.962925
393.914113
393.082050
394.000779
393.144096
394.043456
393.170837
394.056336
393.170837
394.043456
393.144096
394.000779
393.082050
393.914113
392.962925
393.750817
392.737710
393.436170
392.289787
392.783094
391.311097
391.276905
388.959917
387.704769
384.267516
362.335678
366.703405
367.741339
370.555635
370.162229
372.058633
371.118679
372.688037
371.546307
372.986470
371.758933
373.140129
371.870760
373.221345
371.928832
373.261253
371.953823
373.273287
371.953823
373.261253
371.928832
373.221345
371.870760
373.140129
371.758933
372.986470
371.546307
372.688037
371.118679
372.058633
370.162229
370.555635
367.741339
366.703405
362.335678
341.007373
346.568072
347.200601
350.685867
349.669060
352.171545
350.595633
352.773305
351.000894
353.054429
351.200345
353.198134
351.304701
353.273805
351.358747
353.310917
351.381975
353.322099
351.381975
353.310917
351.358747
353.273805
351.304701
353.198134
351.200345
353.054429
351.000894
352.773305
350.595633
352.171545
349.669060
350.685867
347.200601
346.568072
341.007373
320.204405
327.292963
327.255371
331.652054
329.745926
333.105836
330.635252
333.676298
331.016317
333.939181
331.202112
334.072684
331.298869
334.142745
331.348858
334.177047
331.370317
334.187374
331.370317
334.177047
331.348858
334.142745
331.298869
334.072684
331.202112
333.939181
331.016317
333.676298
330.635252
333.105836
329.745926
331.652054
327.255371
327.292963
320.204405
299.847434
308.889548
307.816826
313.454445
310.300906
314.861567
311.145985
315.397424
311.501264
315.641291
311.673022
315.764405
311.762094
315.828819
311.808012
315.860308
311.827703
315.869782
311.827703
315.860308
311.808012
315.828819
311.762094
315.764405
311.673022
315.641291
311.501264
315.397424
311.145985
314.861567
310.300906
313.454445
307.816826
308.889548
299.847434
279.854093
291.388831
288.785880
296.111447
291.232186
297.457234
292.026493
297.955549
292.354636
298.179771
292.512066
298.292368
292.593403
298.351123
292.635252
298.379805
292.653181
298.388430
292.653181
298.379805
292.635252
298.351123
292.593403
298.292368
292.512066
298.179771
292.354636
297.955549
292.026493
297.457234
291.232186
296.111447
288.785880
291.388831
279.854093
260.136967
274.844267
270.048833
279.662766
272.423871
280.932923
273.161438
281.391146
273.461328
281.595232
273.604226
281.697238
273.677809
281.750339
273.715604
281.776230
273.731784
281.784011
273.731784
281.776230
273.715604
281.750339
273.677809
281.697238
273.604226
281.595232
273.461328
281.391146
273.161438
280.932923
272.423871
279.662766
270.048833
274.844267
260.136967
240.601388
259.335425
251.472294
264.173427
253.741060
265.354339
254.416559
265.770311
254.687306
265.953905
254.815542
266.045289
254.881384
266.092762
254.915153
266.115885
254.929598
266.122831
254.929598
266.115885
254.915153
266.092762
254.881384
266.045289
254.815542
265.953905
254.687306
265.770311
254.416559
265.354339
253.741060
264.173427
251.472294
259.335425
240.601388
221.143001
244.972461
232.897236
249.738812
235.024072
250.817837
235.632874
251.189795
235.873805
251.352660
235.987322
251.433435
236.045459
251.475321
236.075238
251.495705
236.087968
251.501825
236.087968
251.495705
236.075238
251.475321
236.045459
251.433435
235.987322
251.352660
235.873805
251.189795
235.632874
250.817837
235.024072
249.738812
232.897236
244.972461
221.143001
201.645032
231.901533
214.132022
236.490854
216.081618
237.456601
216.619841
237.783173
216.830490
237.925184
216.929292
237.995400
216.979784
238.031755
217.005619
238.049433
217.016657
238.054740
217.016657
238.049433
217.005619
238.031755
216.979784
237.995400
216.929292
237.925184
216.830490
237.783173
216.619841
237.456601
216.081618
236.490854
214.132022
231.901533
201.645032
181.975210
220.311252
194.944221
224.605562
196.682756
225.448143
197.147292
225.728338
197.327385
225.849473
197.411534
225.909213
197.454461
225.940104
197.476405
225.955115
197.485776
225.959620
197.485776
225.955115
197.476405
225.940104
197.454461
225.909213
197.411534
225.849473
197.327385
225.728338
197.147292
225.448143
196.682756
224.605562
194.944221
220.311252
181.975210
161.982279
210.440318
175.051020
214.312079
176.547396
215.023320
176.935927
215.256513
177.085370
215.356843
177.154979
215.406218
177.190436
215.431723
177.208548
215.444110
177.216281
215.447827
177.216281
215.444110
177.208548
215.431723
177.190436
215.406218
177.154979
215.356843
177.085370
215.256513
176.935927
215.023320
176.547396
214.312079
175.051020
210.440318
161.982279
141.492034
202.586490
154.108011
205.903475
155.335142
206.477085
155.646131
206.662995
155.764993
206.742676
155.820221
206.781823
155.848319
206.802028
155.862664
206.811837
155.868787
206.814780
155.868787
206.811837
155.862664
206.802028
155.848319
206.781823
155.820221
206.742676
155.764993
206.662995
155.646131
206.477085
155.335142
205.903475
154.108011
202.586490
141.492034
120.302814
197.117058
131.696124
199.749555
132.632189
200.181227
132.864859
200.319895
132.953359
200.379157
132.994403
200.408235
133.015267
200.423234
133.025914
200.430513
133.030457
200.432696
133.030457
200.430513
133.025914
200.423234
133.015267
200.408235
132.994403
200.379157
132.953359
200.319895
132.864859
200.181227
132.632189
199.749555
131.696124
197.117058
120.302814
98.180366
194.481006
107.306419
196.311931
107.936002
196.599381
108.090297
196.691144
108.148790
196.730282
108.175883
196.749469
108.189646
196.759362
108.196668
196.764162
108.199663
196.765601
108.199663
196.764162
108.196668
196.759362
108.189646
196.749469
108.175883
196.730282
108.148790
196.691144
108.090297
196.599381
107.936002
196.311931
107.306419
194.481006
98.180366
74.852010
195.223082
80.322470
196.161691
80.637445
196.304623
80.713980
196.350085
80.742938
196.369452
80.756341
196.378942
80.763148
196.383833
80.766619
196.386207
80.768100
196.386918
80.768100
196.386207
80.766619
196.383833
80.763148
196.378942
80.756341
196.369452
80.742938
196.350085
80.713980
196.304623
80.637445
196.161691
80.322470
195.223082
74.852010
50.000000
200.000000
50.000000
200.000000
50.000000
200.000000
50.000000
200.000000
50.000000
200.000000
50.000000
200.000000
50.000000
200.000000
50.000000
200.000000
50.000000
200.000000
50.000000
200.000000
50.000000
200.000000
50.000000
200.000000
50.000000
200.000000
50.000000
200.000000
50.000000
200.000000
50.000000
200.000000
50.000000
200.000000
50.000000
