1500.000000
1500.000000
1500.000000
1500.000000
1500.000000
1500.000000
1500.000000
1500.000000
1500.000000
1500.000000
1500.000000
1500.000000
1500.000000
1500.000000
1500.000000
1500.000000
1500.000000
1500.000000
1500.000000
1500.000000
1500.000000
1500.000000
1500.000000
1500.000000
1500.000000
1500.000000
1500.000000
1500.000000
1500.000000
1500.000000
1500.000000
1500.000000
1500.000000
1500.000000
1500.000000
1500.000000
1500.000000
1500.000000
1500.000000
1500.000000
1500.000000
1500.000000
1500.000000
1500.000000
1500.000000
1369.946101
1369.952151
1369.963801
1369.980224
1370.000342
1370.022963
1370.046921
1370.071173
1370.094861
1370.117335
1370.138147
1370.157026
1370.173846
1370.188588
1370.201309
1370.212112
1370.221123
1370.228476
1370.234297
1370.238700
1370.241777
1370.243596
1370.244197
1370.243596
1370.241777
1370.238700
1370.234297
1370.228476
1370.221123
1370.212112
1370.201309
1370.188588
1370.173846
1370.157026
1370.138147
1370.117335
1370.094861
1370.071173
1370.046921
1370.022963
1370.000342
1369.980224
1369.963801
1369.952151
1369.946101
1263.769184
1263.780950
1263.803541
1263.835241
1263.873839
1263.916945
1263.962266
1264.007800
1264.051951
1264.093547
1264.131816
1264.166325
1264.196908
1264.223587
1264.246514
1264.265916
1264.282052
1264.295187
1264.305566
1264.313404
1264.318875
1264.322106
1264.323174
1264.322106
1264.318875
1264.313404
1264.305566
1264.295187
1264.282052
1264.265916
1264.246514
1264.223587
1264.196908
1264.166325
1264.131816
1264.093547
1264.051951
1264.007800
1263.962266
1263.916945
1263.873839
1263.835241
1263.803541
1263.780950
1263.769184
1174.053463
1174.071221
1174.105175
1174.152510
1174.209675
1174.272920
1174.338757
1174.404247
1174.467131
1174.525834
1174.579386
1174.627308
1174.669487
1174.706064
1174.737334
1174.763680
1174.785510
1174.803225
1174.817190
1174.827715
1174.835052
1174.839381
1174.840811
1174.839381
1174.835052
1174.827715
1174.817190
1174.803225
1174.785510
1174.763680
1174.737334
1174.706064
1174.669487
1174.627308
1174.579386
1174.525834
1174.467131
1174.404247
1174.338757
1174.272920
1174.209675
1174.152510
1174.105175
1174.071221
1174.053463
1096.372672
1096.397063
1096.443457
1096.507617
1096.584322
1096.668231
1096.754549
1096.839404
1096.919963
1096.994371
1097.061597
1097.121235
1097.173325
1097.218194
1097.256334
1097.288312
1097.314701
1097.336044
1097.352823
1097.365444
1097.374228
1097.379405
1097.381116
1097.379405
1097.374228
1097.365444
1097.352823
1097.336044
1097.314701
1097.288312
1097.256334
1097.218194
1097.173325
1097.121235
1097.061597
1096.994371
1096.919963
1096.839404
1096.754549
1096.668231
1096.584322
1096.507617
1096.443457
1096.397063
1096.372672
1027.873376
1027.905334
1027.965741
1028.048490
1028.146263
1028.251838
1028.358998
1028.462962
1028.560435
1028.649434
1028.729005
1028.798942
1028.859533
1028.911359
1028.955149
1028.991678
1029.021696
1029.045890
1029.064859
1029.079096
1029.088990
1029.094816
1029.096739
1029.094816
1029.088990
1029.079096
1029.064859
1029.045890
1029.021696
1028.991678
1028.955149
1028.911359
1028.859533
1028.798942
1028.729005
1028.649434
1028.560435
1028.462962
1028.358998
1028.251838
1028.146263
1028.048490
1027.965741
1027.905334
1027.873376
966.608568
966.649312
966.725759
966.829337
966.950099
967.078622
967.207166
967.330110
967.443849
967.546440
967.637168
967.716149
967.784006
967.841633
967.890030
967.930196
967.963063
967.989464
968.010105
968.025566
968.036293
968.042604
968.044686
968.042604
968.036293
968.025566
968.010105
967.989464
967.963063
967.930196
967.890030
967.841633
967.784006
967.716149
967.637168
967.546440
967.443849
967.330110
967.207166
967.078622
966.950099
966.829337
966.725759
966.649312
966.608568
911.190382
911.241440
911.336421
911.463512
911.609494
911.762405
911.912930
912.054733
912.184093
912.299311
912.400073
912.486939
912.560946
912.623350
912.675441
912.718458
912.753511
912.781574
912.803456
912.819813
912.831144
912.837804
912.840000
912.837804
912.831144
912.819813
912.803456
912.781574
912.753511
912.718458
912.675441
912.623350
912.560946
912.486939
912.400073
912.299311
912.184093
912.054733
911.912930
911.762405
911.609494
911.463512
911.336421
911.241440
911.190382
860.594567
860.657830
860.774354
860.928080
861.101763
861.280578
861.453646
861.614116
861.758398
861.885263
861.994962
862.088619
862.167747
862.234003
862.288982
862.334165
862.370833
862.400096
862.422851
862.439832
862.451574
862.458473
862.460744
862.458473
862.451574
862.439832
862.422851
862.400096
862.370833
862.334165
862.288982
862.234003
862.167747
862.088619
861.994962
861.885263
861.758398
861.614116
861.453646
861.280578
861.101763
860.928080
860.774354
860.657830
860.594567
814.043532
814.121334
814.262988
814.446920
814.650988
814.857231
815.053298
815.232125
815.390535
815.528030
815.645575
815.744977
815.828264
815.897536
815.954680
816.001430
816.039214
816.069285
816.092601
816.109977
816.121967
816.129014
816.131326
816.129014
816.121967
816.109977
816.092601
816.069285
816.039214
816.001430
815.954680
815.897536
815.828264
815.744977
815.645575
815.528030
815.390535
815.232125
815.053298
814.857231
814.650988
814.446920
814.262988
814.121334
814.043532
770.932892
771.028110
771.199147
771.417323
771.654612
771.889747
772.109107
772.305828
772.477458
772.624516
772.748812
772.852955
772.939497
773.011025
773.069680
773.117476
773.155939
773.186484
773.210088
773.227672
773.239767
773.246892
773.249210
773.246892
773.239767
773.227672
773.210088
773.186484
773.155939
773.117476
773.069680
773.011025
772.939497
772.852955
772.748812
772.624516
772.477458
772.305828
772.109107
771.889747
771.654612
771.417323
771.199147
771.028110
770.932892
730.783427
730.899623
731.105061
731.361999
731.635439
731.900813
732.143542
732.357520
732.541327
732.696841
732.826779
732.934708
733.023644
733.096744
733.156312
733.204706
733.243452
733.274198
733.297845
733.315492
733.327557
733.334714
733.336995
733.334714
733.327557
733.315492
733.297845
733.274198
733.243452
733.204706
733.156312
733.096744
733.023644
732.934708
732.826779
732.696841
732.541327
732.357520
732.143542
731.900813
731.635439
731.361999
731.105061
730.899623
730.783427
693.208580
693.350193
693.595919
693.896637
694.209169
694.505961
694.771858
695.002280
695.197074
695.359911
695.494359
695.605179
695.695675
695.769751
695.829666
695.878290
695.916947
695.947688
695.971138
695.988754
696.000646
696.007826
696.010005
696.007826
696.000646
695.988754
695.971138
695.947688
695.916947
695.878290
695.829666
695.769751
695.695675
695.605179
695.494359
695.359911
695.197074
695.002280
694.771858
694.505961
694.209169
693.896637
693.595919
693.350193
693.208580
657.891828
658.064427
658.357308
658.707334
659.061806
659.390981
659.679505
659.925401
660.129816
660.298855
660.436636
660.549545
660.640765
660.715329
660.775024
660.823615
660.861798
660.892417
660.915405
660.932970
660.944508
660.951765
660.953726
660.951765
660.944508
660.932970
660.915405
660.892417
660.861798
660.823615
660.775024
660.715329
660.640765
660.549545
660.436636
660.298855
660.129816
659.925401
659.679505
659.390981
659.061806
658.707334
658.357308
658.064427
657.891828
624.570510
624.781136
625.129112
625.534502
625.933524
626.295813
626.606001
626.866291
627.078746
627.252938
627.392783
627.507125
627.598180
627.672902
627.731756
627.780198
627.817455
627.847969
627.870150
627.887770
627.898680
627.906179
627.907705
627.906179
627.898680
627.887770
627.870150
627.847969
627.817455
627.780198
627.731756
627.672902
627.598180
627.507125
627.392783
627.252938
627.078746
626.866291
626.606001
626.295813
625.933524
625.534502
625.129112
624.781136
624.570510
593.024013
593.281653
593.693788
594.161158
594.606892
595.002817
595.333162
595.606755
595.825371
596.003845
596.144310
596.259673
596.349523
596.424324
596.481561
596.529979
596.565689
596.596345
596.617193
596.635189
596.645007
596.653123
596.653795
596.653123
596.645007
596.635189
596.617193
596.596345
596.565689
596.529979
596.481561
596.424324
596.349523
596.259673
596.144310
596.003845
595.825371
595.606755
595.333162
595.002817
594.606892
594.161158
593.693788
593.281653
593.024013
563.064953
563.381183
563.867644
564.404235
564.898102
565.328072
565.676341
565.962310
566.184758
566.367006
566.506306
566.622694
566.709982
566.785199
566.839715
566.888637
566.921842
566.953278
566.971918
566.990993
566.998896
567.008376
567.007411
567.008376
566.998896
566.990993
566.971918
566.953278
566.921842
566.888637
566.839715
566.785199
566.709982
566.622694
566.506306
566.367006
566.184758
565.962310
565.676341
565.328072
564.898102
564.404235
563.867644
563.381183
563.064953
534.532474
534.922345
535.494235
536.108056
536.650301
537.114835
537.477770
537.775660
537.998890
538.185065
538.320800
538.438921
538.521682
538.598354
538.648429
538.699072
538.728183
538.761714
538.776630
538.798156
538.802674
538.814926
538.810885
538.814926
538.802674
538.798156
538.776630
538.761714
538.728183
538.699072
538.648429
538.598354
538.521682
538.438921
538.320800
538.185065
537.998890
537.775660
537.477770
537.114835
536.650301
536.108056
535.494235
534.922345
534.532474
507.287039
507.770300
508.439262
509.139373
509.728422
510.228574
510.601413
510.911742
511.131523
511.322933
511.451608
511.573360
511.648542
511.728888
511.771699
511.826449
511.848761
511.886858
511.895411
511.921908
511.920438
511.938014
511.928322
511.938014
511.920438
511.921908
511.895411
511.886858
511.848761
511.826449
511.771699
511.728888
511.648542
511.573360
511.451608
511.322933
511.131523
510.911742
510.601413
510.228574
509.728422
509.139373
508.439262
507.770300
507.287039
481.206303
481.809092
482.586537
483.383573
484.015085
484.553180
484.928883
485.253951
485.464106
485.664018
485.780263
485.909523
485.972194
486.060399
486.091231
486.154423
486.165330
486.212405
486.210043
486.245964
486.233987
486.261365
486.241523
486.261365
486.233987
486.245964
486.210043
486.212405
486.165330
486.154423
486.091231
486.060399
485.972194
485.909523
485.780263
485.664018
485.464106
485.253951
484.928883
484.553180
484.015085
483.383573
482.586537
481.809092
481.206303
456.181761
456.938934
457.834707
458.741808
459.407243
459.988099
460.356115
460.701292
460.892463
461.107366
461.202690
461.346566
461.388663
461.492128
461.503118
461.582292
461.574026
461.637685
461.616687
461.669673
461.639493
461.684335
461.646666
461.684335
461.639493
461.669673
461.616687
461.637685
461.574026
461.582292
461.503118
461.492128
461.388663
461.346566
461.202690
461.107366
460.892463
460.701292
460.356115
459.988099
459.407243
458.741808
457.834707
456.938934
456.181761
432.115952
433.074293
434.094479
435.128861
435.813347
436.446224
436.790557
437.166280
437.323987
437.565570
437.626395
437.797194
437.805553
437.936862
437.915030
438.022891
437.982555
438.075562
438.023072
438.105914
438.044698
438.119811
438.051495
438.119811
438.044698
438.105914
438.023072
438.075562
437.982555
438.022891
437.915030
437.936862
437.805553
437.797194
437.626395
437.565570
437.323987
437.166280
436.790557
436.446224
435.813347
435.128861
434.094479
433.074293
432.115952
408.920034
410.142665
411.286149
412.471656
413.150810
413.852436
414.148670
414.573498
414.675137
414.963318
414.967966
415.186213
415.139550
415.319481
415.243709
415.401147
415.307695
415.450988
415.345995
415.479656
415.366408
415.492768
415.372820
415.492768
415.366408
415.479656
415.345995
415.450988
415.307695
415.401147
415.243709
415.319481
415.139550
415.186213
414.967966
414.963318
414.675137
414.573498
414.148670
413.852436
413.150810
412.471656
411.286149
410.142665
408.920034
386.511592
388.084004
389.337236
390.708376
391.343611
392.142770
392.353556
392.858771
392.869074
393.236570
393.150702
393.449700
393.314044
393.576135
393.412601
393.653249
393.472923
393.700177
393.508949
393.727123
393.528126
393.739436
393.534145
393.739436
393.528126
393.727123
393.508949
393.700177
393.472923
393.653249
393.412601
393.576135
393.314044
393.449700
393.150702
393.236570
392.869074
392.858771
392.353556
392.142770
391.343611
390.708376
389.337236
388.084004
386.511592
364.812570
366.850837
368.180051
369.788207
370.319844
371.264214
371.332545
371.968972
371.833239
372.332360
372.102188
372.534806
372.256712
372.654042
372.349433
372.726453
372.405994
372.770404
372.439704
372.795602
372.457628
372.807107
372.463251
372.807107
372.457628
372.795602
372.439704
372.770404
372.405994
372.726453
372.349433
372.654042
372.256712
372.534806
372.102188
372.332360
371.833239
371.968972
371.332545
371.264214
370.319844
369.788207
368.180051
366.850837
364.812570
343.747183
346.409100
347.748989
349.671760
350.009027
351.175209
351.014539
351.862534
351.496696
352.209299
351.751642
352.400258
351.896857
352.511993
351.983554
352.579584
352.036279
352.620513
352.067647
352.643944
352.084307
352.654635
352.089531
352.654635
352.084307
352.643944
352.067647
352.620513
352.036279
352.579584
351.983554
352.511993
351.896857
352.400258
351.751642
352.209299
351.496696
351.862534
351.014539
351.175209
350.009027
349.671760
347.748989
346.409100
343.747183
323.239734
326.739828
327.977327
330.332319
330.338969
331.846973
331.326901
332.510771
331.787024
332.838899
332.026795
333.017684
332.162292
333.121672
332.242818
333.184356
332.291657
333.222232
332.320664
333.243889
332.336057
333.253764
332.340881
333.253764
332.336057
333.243889
332.320664
333.222232
332.291657
333.184356
332.242818
333.121672
332.162292
333.017684
332.026795
332.838899
331.787024
332.510771
331.326901
331.846973
330.338969
330.332319
327.977327
326.739828
323.239734
303.212188
307.841842
308.793255
311.758075
311.231921
313.265843
312.191638
313.900220
312.626484
314.207909
312.850065
314.373939
312.975510
314.469989
313.049757
314.527706
313.094678
314.562515
313.121319
314.582395
313.135444
314.591455
313.139870
314.591455
313.135444
314.582395
313.121319
314.562515
313.094678
314.527706
313.049757
314.469989
312.975510
314.373939
312.850065
314.207909
312.626484
313.900220
312.191638
313.265843
311.231921
311.758075
308.793255
307.841842
303.212188
283.581386
289.735669
290.114828
293.955634
292.599708
295.436873
293.520555
296.036238
293.927172
296.321905
294.133700
296.474705
294.248832
296.562677
294.316727
296.615391
294.357714
296.647129
294.381991
296.665237
294.394853
296.673485
294.398882
296.673485
294.394853
296.665237
294.381991
296.647129
294.357714
296.615391
294.316727
296.562677
294.248832
296.474705
294.133700
296.321905
293.927172
296.036238
293.520555
295.436873
292.599708
293.955634
290.114828
289.735669
283.581386
264.255753
272.468977
271.843424
276.955128
274.337451
278.389058
275.208984
278.948217
275.584744
279.210503
275.773506
279.349699
275.878132
279.429496
275.939631
279.477192
275.976686
279.505866
275.998609
279.522213
276.010216
279.529654
276.013851
279.529654
276.010216
279.522213
275.998609
279.505866
275.976686
279.477192
275.939631
279.429496
275.878132
279.349699
275.773506
279.210503
275.584744
278.948217
275.208984
278.389058
274.337451
276.955128
271.843424
272.468977
264.255753
245.131319
256.123895
253.855240
260.817399
256.315401
262.182610
257.127628
262.696850
257.470248
262.934623
257.640676
263.059933
257.734663
263.131501
257.789751
263.174184
257.822888
263.199812
257.842473
263.214411
257.852837
263.221054
257.856081
263.221054
257.852837
263.214411
257.842473
263.199812
257.822888
263.174184
257.789751
263.131501
257.734663
263.059933
257.640676
262.934623
257.470248
262.696850
257.127628
262.182610
256.315401
260.817399
253.855240
256.123895
245.131319
226.086856
240.826686
235.990208
245.643827
238.368267
246.918883
239.111887
247.384046
239.419440
247.596395
239.571107
247.707627
239.654379
247.770947
239.703066
247.808640
239.732311
247.831246
239.749580
247.844115
239.758714
247.849969
239.761572
247.849969
239.758714
247.844115
239.749580
247.831246
239.732311
247.808640
239.703066
247.770947
239.654379
247.707627
239.571107
247.596395
239.419440
247.384046
239.111887
246.918883
238.368267
245.643827
235.990208
240.826686
226.086856
206.977885
226.760342
218.037588
231.589552
220.281312
232.753660
220.947930
233.166196
221.218859
233.352429
221.351466
233.449471
221.423999
233.504557
221.466318
233.537298
221.491705
233.556914
221.506686
233.568075
221.514606
233.573150
221.517084
233.573150
221.514606
233.568075
221.506686
233.556914
221.491705
233.537298
221.466318
233.504557
221.423999
233.449471
221.351466
233.352429
221.218859
233.166196
220.947930
232.753660
220.281312
231.589552
218.037588
226.760342
206.977885
187.629264
214.180810
199.717340
218.880992
201.772259
219.914715
202.354588
220.271724
202.587701
220.431358
202.701074
220.514172
202.762888
220.561071
202.798890
220.588908
202.820466
220.605574
202.833189
220.615051
202.839914
220.619360
202.842017
220.619360
202.839914
220.615051
202.833189
220.605574
202.820466
220.588908
202.798890
220.561071
202.762888
220.514172
202.701074
220.431358
202.587701
220.271724
202.354588
219.914715
201.772259
218.880992
199.717340
214.180810
187.629264
167.826011
203.437722
180.656144
207.838817
182.467885
208.724791
182.959907
209.024046
183.154367
209.156795
183.248445
209.225411
183.299606
209.264196
183.329360
209.287190
183.347176
209.300948
183.357677
209.308768
183.363225
209.312323
183.364961
209.312323
183.363225
209.308768
183.357677
209.300948
183.347176
209.287190
183.329360
209.264196
183.299606
209.225411
183.248445
209.156795
183.154367
209.024046
182.959907
208.724791
182.467885
207.838817
180.656144
203.437722
167.826011
147.301950
195.000646
160.356726
198.907765
161.873880
199.631376
162.270960
199.871326
162.426279
199.977090
162.501106
200.031600
162.541713
200.062364
162.565302
200.080587
162.579417
200.091485
162.587734
200.097677
162.592127
200.100492
162.593501
200.100492
162.592127
200.097677
162.587734
200.091485
162.579417
200.080587
162.565302
200.062364
162.541713
200.031600
162.501106
199.977090
162.426279
199.871326
162.270960
199.631376
161.873880
198.907765
160.356726
195.000646
147.301950
125.725684
189.492145
138.158844
192.695022
139.336248
193.244992
139.635208
193.424750
139.751222
193.503599
139.806935
193.544149
139.837123
193.567008
139.854644
193.580540
139.865123
193.588628
139.871295
193.593224
139.874555
193.595312
139.875575
193.595312
139.874555
193.593224
139.871295
193.588628
139.865123
193.580540
139.854644
193.567008
139.837123
193.544149
139.806935
193.503599
139.751222
193.424750
139.635208
193.244992
139.336248
192.695022
138.158844
189.492145
125.725684
102.683311
187.729135
113.189962
190.019256
113.992176
190.388072
114.191310
190.507388
114.268156
190.559548
114.304979
190.586332
114.324910
190.601419
114.336471
190.610346
114.343383
190.615680
114.347453
190.618711
114.349603
190.620088
114.350275
190.620088
114.349603
190.618711
114.347453
190.615680
114.343383
190.610346
114.336471
190.601419
114.324910
190.586332
114.304979
190.559548
114.268156
190.507388
114.191310
190.388072
113.992176
190.019256
113.189962
187.729135
102.683311
77.657202
190.774342
84.303238
191.972793
84.707825
192.156952
84.806858
192.216168
84.844950
192.242005
84.863180
192.255260
84.873041
192.262723
84.878759
192.267137
84.882177
192.269775
84.884189
192.271273
84.885252
192.271954
84.885585
192.271954
84.885252
192.271273
84.884189
192.269775
84.882177
192.267137
84.878759
192.262723
84.873041
192.255260
84.863180
192.242005
84.844950
192.216168
84.806858
192.156952
84.707825
191.972793
84.303238
190.774342
77.657202
50.000000
200.000000
50.000000
200.000000
50.000000
200.000000
50.000000
200.000000
50.000000
200.000000
50.000000
200.000000
50.000000
200.000000
50.000000
200.000000
50.000000
200.000000
50.000000
200.000000
50.000000
200.000000
50.000000
200.000000
50.000000
200.000000
50.000000
200.000000
50.000000
200.000000
50.000000
200.000000
50.000000
200.000000
50.000000
200.000000
50.000000
200.000000
50.000000
200.000000
50.000000
200.000000
50.000000
200.000000
50.000000
