1500.000000
1500.000000
1500.000000
1500.000000
1500.000000
1500.000000
1500.000000
1500.000000
1500.000000
1500.000000
1384.173557
1384.292714
1384.173557
1384.292714
1384.173557
1384.292714
1384.173557
1384.292714
1384.173557
1384.292714
1287.634754
1287.886744
1287.634754
1287.886744
1287.634754
1287.886744
1287.634754
1287.886744
1287.634754
1287.886744
1204.861154
1205.279109
1204.861154
1205.279109
1204.861154
1205.279109
1204.861154
1205.279109
1204.861154
1205.279109
1132.401171
1133.030512
1132.401171
1133.030512
1132.401171
1133.030512
1132.401171
1133.030512
1132.401171
1133.030512
1067.952935
1068.848898
1067.952935
1068.848898
1067.952935
1068.848898
1067.952935
1068.848898
1067.952935
1068.848898
1009.904133
1011.130836
1009.904133
1011.130836
1009.904133
1011.130836
1009.904133
1011.130836
1009.904133
1011.130836
957.081135
958.711231
957.081135
958.711231
957.081135
958.711231
957.081135
958.711231
957.081135
958.711231
908.602705
910.717274
908.602705
910.717274
908.602705
910.717274
908.602705
910.717274
908.602705
910.717274
863.789998
866.478547
863.789998
866.478547
863.789998
866.478547
863.789998
866.478547
863.789998
866.478547
822.108706
825.469222
822.108706
825.469222
822.108706
825.469222
822.108706
825.469222
822.108706
825.469222
783.130502
787.269516
783.130502
787.269516
783.130502
787.269516
783.130502
787.269516
783.130502
787.269516
746.506528
751.539200
746.506528
751.539200
746.506528
751.539200
746.506528
751.539200
746.506528
751.539200
711.948685
717.998888
711.948685
717.998888
711.948685
717.998888
711.948685
717.998888
711.948685
717.998888
679.216121
686.416527
679.216121
686.416527
679.216121
686.416527
679.216121
686.416527
679.216121
686.416527
648.105277
656.597442
648.105277
656.597442
648.105277
656.597442
648.105277
656.597442
648.105277
656.597442
618.442421
628.376866
618.442421
628.376866
618.442421
628.376866
618.442421
628.376866
618.442421
628.376866
590.077958
601.614251
590.077958
601.614251
590.077958
601.614251
590.077958
601.614251
590.077958
601.614251
562.882038
576.188869
562.882038
576.188869
562.882038
576.188869
562.882038
576.188869
562.882038
576.188869
536.741114
551.996374
536.741114
551.996374
536.741114
551.996374
536.741114
551.996374
536.741114
551.996374
511.555222
528.946073
511.555222
528.946073
511.555222
528.946073
511.555222
528.946073
511.555222
528.946073
487.235800
506.958749
487.235800
506.958749
487.235800
506.958749
487.235800
506.958749
487.235800
506.958749
463.703934
485.964898
463.703934
485.964898
463.703934
485.964898
463.703934
485.964898
463.703934
485.964898
440.888919
465.903296
440.888919
465.903296
440.888919
465.903296
440.888919
465.903296
440.888919
465.903296
418.727089
446.719818
418.727089
446.719818
418.727089
446.719818
418.727089
446.719818
418.727089
446.719818
397.160835
428.366464
397.160835
428.366464
397.160835
428.366464
397.160835
428.366464
397.160835
428.366464
376.137801
410.800543
376.137801
410.800543
376.137801
410.800543
376.137801
410.800543
376.137801
410.800543
355.610200
393.983994
355.610200
393.983994
355.610200
393.983994
355.610200
393.983994
355.610200
393.983994
335.534239
377.882810
335.534239
377.882810
335.534239
377.882810
335.534239
377.882810
335.534239
377.882810
315.869633
362.466548
315.869633
362.466548
315.869633
362.466548
315.869633
362.466548
315.869633
362.466548
296.579192
347.707912
296.579192
347.707912
296.579192
347.707912
296.579192
347.707912
296.579192
347.707912
277.628460
333.582396
277.628460
333.582396
277.628460
333.582396
277.628460
333.582396
277.628460
333.582396
258.985414
320.067980
258.985414
320.067980
258.985414
320.067980
258.985414
320.067980
258.985414
320.067980
240.620194
307.144858
240.620194
307.144858
240.620194
307.144858
240.620194
307.144858
240.620194
307.144858
222.504878
294.795210
222.504878
294.795210
222.504878
294.795210
222.504878
294.795210
222.504878
294.795210
204.613277
283.003000
204.613277
283.003000
204.613277
283.003000
204.613277
283.003000
204.613277
283.003000
186.920761
271.753800
186.920761
271.753800
186.920761
271.753800
186.920761
271.753800
186.920761
271.753800
169.404108
261.034633
169.404108
261.034633
169.404108
261.034633
169.404108
261.034633
169.404108
261.034633
152.041362
250.833839
152.041362
250.833839
152.041362
250.833839
152.041362
250.833839
152.041362
250.833839
134.811721
241.140954
134.811721
241.140954
134.811721
241.140954
134.811721
241.140954
134.811721
241.140954
117.695423
231.946601
117.695423
231.946601
117.695423
231.946601
117.695423
231.946601
117.695423
231.946601
100.673659
223.242395
100.673659
223.242395
100.673659
223.242395
100.673659
223.242395
100.673659
223.242395
83.728483
215.020861
83.728483
215.020861
83.728483
215.020861
83.728483
215.020861
83.728483
215.020861
66.842741
207.275356
66.842741
207.275356
66.842741
207.275356
66.842741
207.275356
66.842741
207.275356
50.000000
200.000000
50.000000
200.000000
50.000000
200.000000
50.000000
200.000000
50.000000
200.000000
