1500.000000
1500.000000
1500.000000
1500.000000
1500.000000
1500.000000
1500.000000
1500.000000
1500.000000
1500.000000
1500.000000
1500.000000
1500.000000
1500.000000
1500.000000
1383.315216
1383.476495
1383.677405
1383.863767
1383.990737
1384.079209
1384.119319
1384.138183
1384.119319
1384.079209
1383.990737
1383.863767
1383.677405
1383.476495
1383.315216
1286.052364
1286.367300
1286.744212
1287.092975
1287.322446
1287.486206
1287.555449
1287.592643
1287.555449
1287.486206
1287.322446
1287.092975
1286.744212
1286.367300
1286.052364
1202.647574
1203.123639
1203.661892
1204.160458
1204.471554
1204.703197
1204.790145
1204.847974
1204.790145
1204.703197
1204.471554
1204.160458
1203.661892
1203.123639
1202.647574
1129.625988
1130.279897
1130.968397
1131.611199
1131.984099
1132.280950
1132.373097
1132.456689
1132.373097
1132.280950
1131.984099
1131.611199
1130.968397
1130.279897
1129.625988
1064.671901
1065.527470
1066.355172
1067.141961
1067.556156
1067.920023
1068.002989
1068.120643
1068.002989
1067.920023
1067.556156
1067.141961
1066.355172
1065.527470
1064.671901
1006.164461
1007.251875
1008.205601
1009.140881
1009.573876
1010.011197
1010.067915
1010.231613
1010.067915
1010.011197
1009.573876
1009.140881
1008.205601
1007.251875
1006.164461
952.924661
954.280358
955.343223
956.436286
956.862509
957.384738
957.394628
957.620643
957.394628
957.384738
956.862509
956.436286
955.343223
954.280358
952.924661
904.067853
905.734724
906.884849
908.150132
908.539956
909.164094
909.102226
909.411811
909.102226
909.164094
908.539956
908.150132
906.884849
905.734724
904.067853
858.913049
860.940795
862.150158
863.607822
863.926620
864.675865
864.512099
864.932231
864.512099
864.675865
863.926620
863.607822
862.150158
860.940795
858.913049
816.924625
819.370231
820.603582
822.280222
822.487435
823.391916
823.090001
823.654198
823.090001
823.391916
822.487435
822.280222
820.603582
819.370231
816.924625
777.673481
780.601744
781.815549
783.745016
783.793199
784.890788
784.407438
785.156616
784.407438
784.890788
783.793199
783.745016
781.815549
780.601744
777.673481
740.810341
744.294456
745.435836
747.660143
747.493991
748.831177
748.115096
749.098491
748.115096
748.831177
747.493991
747.660143
745.435836
744.294456
740.810341
706.046913
710.169092
711.174749
713.745051
713.300383
714.933212
713.924082
715.200218
713.924082
714.933212
713.300383
713.745051
711.174749
710.169092
706.046913
673.142274
677.994403
678.789534
681.767167
680.969876
682.964941
681.592370
683.230079
681.592370
682.964941
680.969876
681.767167
678.789534
677.994403
673.142274
641.892855
647.577168
648.074347
651.531925
650.296890
652.732377
650.914802
652.994289
650.914802
652.732377
650.296890
651.531925
648.074347
647.577168
641.892855
612.124916
618.754703
618.852738
622.875308
621.105255
624.072040
621.715586
624.329548
621.715586
624.072040
621.105255
622.875308
618.852738
618.754703
612.124916
583.688816
591.389150
590.971916
595.658153
593.242480
596.845276
593.842573
597.097357
593.842573
596.845276
593.242480
595.658153
590.971916
591.389150
583.688816
556.454592
565.363074
564.298308
569.761769
566.575325
570.933875
567.162830
571.179647
567.162830
570.933875
566.575325
569.761769
564.298308
565.363074
556.454592
530.308487
540.576016
538.714088
545.084507
540.986324
546.236644
541.559172
546.475346
541.559172
546.236644
540.986324
545.084507
538.714088
540.576016
530.308487
505.150209
516.941768
514.114422
521.539048
516.371031
522.666695
516.927407
522.897678
516.927407
522.666695
516.371031
521.539048
514.114422
516.941768
505.150209
480.890736
494.386199
490.405255
499.050238
492.635813
500.149290
493.174134
500.372002
493.174134
500.149290
492.635813
499.050238
490.405255
494.386199
480.890736
457.450540
472.845495
467.501532
477.553347
469.696063
478.620092
470.214957
478.834068
470.214957
478.620092
469.696063
477.553347
467.501532
472.845495
457.450540
434.758142
452.264730
445.325730
456.992651
447.474738
458.023751
447.973024
458.228603
447.973024
458.023751
447.474738
456.992651
445.325730
452.264730
434.758142
412.748922
432.596702
423.806664
437.320269
425.901153
438.312744
426.377828
438.508154
426.377828
438.312744
425.901153
437.320269
423.806664
432.596702
412.748922
391.364135
413.800955
402.878487
418.495210
404.909989
419.446419
405.364209
419.632132
405.364209
419.446419
404.909989
418.495210
402.878487
413.800955
391.364135
370.550092
395.842983
382.479855
400.482576
384.440448
401.390202
384.871513
401.566015
384.871513
401.390202
384.440448
400.482576
382.479855
395.842983
370.550092
350.257468
378.693554
362.553225
383.252902
364.435553
384.114931
364.842899
384.280693
364.842899
384.114931
364.435553
383.252902
362.553225
378.693554
350.257468
330.440720
362.328145
343.044259
366.781596
344.841547
367.596306
345.224729
367.751909
345.224729
367.596306
344.841547
366.781596
343.044259
362.328145
330.440720
311.057596
346.726465
323.901322
351.048476
325.607388
351.814415
325.966071
351.959791
325.966071
351.814415
325.607388
351.048476
323.901322
346.726465
311.057596
292.068708
331.872045
305.075039
336.037364
306.684304
336.753341
307.018251
336.888456
307.018251
336.753341
306.684304
336.037364
305.075039
331.872045
292.068708
273.437176
317.751895
286.517924
321.735759
288.025418
322.400823
288.334484
322.525672
288.334484
322.400823
288.025418
321.735759
286.517924
317.751895
273.437176
255.128306
304.356207
268.184054
308.134541
269.585418
308.747966
269.869540
308.862575
269.869540
308.747966
269.585418
308.134541
268.184054
304.356207
255.128306
237.109329
291.678095
250.028787
295.227728
251.320274
295.789000
251.579460
295.893416
251.579460
295.789000
251.320274
295.227728
250.028787
291.678095
237.109329
219.349158
279.713380
232.008508
283.012260
233.186980
283.521063
233.421305
283.615356
233.421305
283.521063
233.186980
283.012260
232.008508
279.713380
219.349158
201.818187
268.460396
214.080419
271.487825
215.143337
271.944023
215.352934
272.028280
215.352934
271.944023
215.143337
271.487825
214.080419
268.460396
201.818187
184.488105
257.919828
196.202337
260.656693
197.147753
261.060318
197.332809
261.134645
197.332809
261.060318
197.147753
260.656693
196.202337
257.919828
184.488105
167.331743
248.094560
178.332529
250.523586
179.159072
250.874825
179.319820
250.939340
179.319820
250.874825
179.159072
250.523586
178.332529
248.094560
167.331743
150.322929
238.989559
160.429555
241.095558
161.136414
241.394738
161.273128
241.449572
161.273128
241.394738
161.136414
241.095558
160.429555
238.989559
150.322929
133.436365
230.611758
142.452135
232.381894
143.039037
232.629469
143.152027
232.674765
143.152027
232.629469
143.039037
232.381894
142.452135
230.611758
133.436365
116.647515
222.969962
124.359022
224.394021
124.826209
224.590562
124.915818
224.626470
124.915818
224.590562
124.826209
224.394021
124.359022
222.969962
116.647515
99.932509
216.074764
106.108893
217.145434
106.457095
217.291615
106.523692
217.318293
106.523692
217.291615
106.457095
217.145434
106.108893
216.074764
99.932509
83.268050
209.938470
87.660251
210.651628
87.890651
210.748212
87.934630
210.765826
87.934630
210.748212
87.890651
210.651628
87.660251
209.938470
83.268050
66.631339
204.575034
68.971326
204.930039
69.085531
204.977874
69.107306
204.986593
69.107306
204.977874
69.085531
204.930039
68.971326
204.575034
66.631339
50.000000
200.000000
50.000000
200.000000
50.000000
200.000000
50.000000
200.000000
50.000000
200.000000
50.000000
200.000000
50.000000
200.000000
50.000000
