1500.000000
1500.000000
1500.000000
1500.000000
1500.000000
1500.000000
1500.000000
1500.000000
1500.000000
1500.000000
1500.000000
1500.000000
1500.000000
1500.000000
1500.000000
1500.000000
1500.000000
1500.000000
1500.000000
1500.000000
1384.233043
1384.233228
1384.233043
1384.233228
1384.233043
1384.233228
1384.233043
1384.233228
1384.233043
1384.233228
1384.233043
1384.233228
1384.233043
1384.233228
1384.233043
1384.233228
1384.233043
1384.233228
1384.233043
1384.233228
1287.760475
1287.761023
1287.760475
1287.761023
1287.760475
1287.761023
1287.760475
1287.761023
1287.760475
1287.761023
1287.760475
1287.761023
1287.760475
1287.761023
1287.760475
1287.761023
1287.760475
1287.761023
1287.760475
1287.761023
1205.069476
1205.070787
1205.069476
1205.070787
1205.069476
1205.070787
1205.069476
1205.070787
1205.069476
1205.070787
1205.069476
1205.070787
1205.069476
1205.070787
1205.069476
1205.070787
1205.069476
1205.070787
1205.069476
1205.070787
1132.714437
1132.717246
1132.714437
1132.717246
1132.714437
1132.717246
1132.714437
1132.717246
1132.714437
1132.717246
1132.714437
1132.717246
1132.714437
1132.717246
1132.714437
1132.717246
1132.714437
1132.717246
1132.714437
1132.717246
1068.398143
1068.403691
1068.398143
1068.403691
1068.398143
1068.403691
1068.398143
1068.403691
1068.398143
1068.403691
1068.398143
1068.403691
1068.398143
1068.403691
1068.398143
1068.403691
1068.398143
1068.403691
1068.398143
1068.403691
1010.512355
1010.522615
1010.512355
1010.522615
1010.512355
1010.522615
1010.512355
1010.522615
1010.512355
1010.522615
1010.512355
1010.522615
1010.512355
1010.522615
1010.512355
1010.522615
1010.512355
1010.522615
1010.512355
1010.522615
957.887192
957.905174
957.887192
957.905174
957.887192
957.905174
957.887192
957.905174
957.887192
957.905174
957.887192
957.905174
957.887192
957.905174
957.887192
957.905174
957.887192
957.905174
957.887192
957.905174
909.644930
909.675050
909.644930
909.675050
909.644930
909.675050
909.644930
909.675050
909.644930
909.675050
909.644930
909.675050
909.644930
909.675050
909.644930
909.675050
909.644930
909.675050
909.644930
909.675050
865.109999
865.158546
865.109999
865.158546
865.109999
865.158546
865.109999
865.158546
865.109999
865.158546
865.109999
865.158546
865.109999
865.158546
865.109999
865.158546
865.109999
865.158546
865.109999
865.158546
823.751115
823.826813
823.751115
823.826813
823.751115
823.826813
823.751115
823.826813
823.751115
823.826813
823.751115
823.826813
823.751115
823.826813
823.751115
823.826813
823.751115
823.826813
823.751115
823.826813
785.142672
785.257346
785.142672
785.257346
785.142672
785.257346
785.142672
785.257346
785.142672
785.257346
785.142672
785.257346
785.142672
785.257346
785.142672
785.257346
785.142672
785.257346
785.142672
785.257346
748.938180
749.107548
748.938180
749.107548
748.938180
749.107548
748.938180
749.107548
748.938180
749.107548
748.938180
749.107548
748.938180
749.107548
748.938180
749.107548
748.938180
749.107548
748.938180
749.107548
714.851488
715.096084
714.851488
715.096084
714.851488
715.096084
714.851488
715.096084
714.851488
715.096084
714.851488
715.096084
714.851488
715.096084
714.851488
715.096084
714.851488
715.096084
714.851488
715.096084
682.643203
682.989445
682.643203
682.989445
682.643203
682.989445
682.643203
682.989445
682.643203
682.989445
682.643203
682.989445
682.643203
682.989445
682.643203
682.989445
682.643203
682.989445
682.643203
682.989445
652.110656
652.592064
652.110656
652.592064
652.110656
652.592064
652.110656
652.592064
652.110656
652.592064
652.110656
652.592064
652.110656
652.592064
652.110656
652.592064
652.110656
652.592064
652.110656
652.592064
623.080347
623.738941
623.080347
623.738941
623.080347
623.738941
623.080347
623.738941
623.080347
623.738941
623.080347
623.738941
623.080347
623.738941
623.080347
623.738941
623.080347
623.738941
623.080347
623.738941
595.402171
596.290038
595.402171
596.290038
595.402171
596.290038
595.402171
596.290038
595.402171
596.290038
595.402171
596.290038
595.402171
596.290038
595.402171
596.290038
595.402171
596.290038
595.402171
596.290038
568.944921
570.125987
568.944921
570.125987
568.944921
570.125987
568.944921
570.125987
568.944921
570.125987
568.944921
570.125987
568.944921
570.125987
568.944921
570.125987
568.944921
570.125987
568.944921
570.125987
543.592743
545.144745
543.592743
545.144745
543.592743
545.144745
543.592743
545.144745
543.592743
545.144745
543.592743
545.144745
543.592743
545.144745
543.592743
545.144745
543.592743
545.144745
543.592743
545.144745
519.242305
521.258990
519.242305
521.258990
519.242305
521.258990
519.242305
521.258990
519.242305
521.258990
519.242305
521.258990
519.242305
521.258990
519.242305
521.258990
519.242305
521.258990
519.242305
521.258990
495.800497
498.394052
495.800497
498.394052
495.800497
498.394052
495.800497
498.394052
495.800497
498.394052
495.800497
498.394052
495.800497
498.394052
495.800497
498.394052
495.800497
498.394052
495.800497
498.394052
473.182552
476.486280
473.182552
476.486280
473.182552
476.486280
473.182552
476.486280
473.182552
476.486280
473.182552
476.486280
473.182552
476.486280
473.182552
476.486280
473.182552
476.486280
473.182552
476.486280
451.310474
455.481742
451.310474
455.481742
451.310474
455.481742
451.310474
455.481742
451.310474
455.481742
451.310474
455.481742
451.310474
455.481742
451.310474
455.481742
451.310474
455.481742
451.310474
455.481742
430.111725
435.335182
430.111725
435.335182
430.111725
435.335182
430.111725
435.335182
430.111725
435.335182
430.111725
435.335182
430.111725
435.335182
430.111725
435.335182
430.111725
435.335182
430.111725
435.335182
409.518107
416.009192
409.518107
416.009192
409.518107
416.009192
409.518107
416.009192
409.518107
416.009192
409.518107
416.009192
409.518107
416.009192
409.518107
416.009192
409.518107
416.009192
409.518107
416.009192
389.464790
397.473554
389.464790
397.473554
389.464790
397.473554
389.464790
397.473554
389.464790
397.473554
389.464790
397.473554
389.464790
397.473554
389.464790
397.473554
389.464790
397.473554
389.464790
397.473554
369.889477
379.704717
369.889477
379.704717
369.889477
379.704717
369.889477
379.704717
369.889477
379.704717
369.889477
379.704717
369.889477
379.704717
369.889477
379.704717
369.889477
379.704717
369.889477
379.704717
350.731656
362.685393
350.731656
362.685393
350.731656
362.685393
350.731656
362.685393
350.731656
362.685393
350.731656
362.685393
350.731656
362.685393
350.731656
362.685393
350.731656
362.685393
350.731656
362.685393
331.931938
346.404243
331.931938
346.404243
331.931938
346.404243
331.931938
346.404243
331.931938
346.404243
331.931938
346.404243
331.931938
346.404243
331.931938
346.404243
331.931938
346.404243
331.931938
346.404243
313.431459
330.855644
313.431459
330.855644
313.431459
330.855644
313.431459
330.855644
313.431459
330.855644
313.431459
330.855644
313.431459
330.855644
313.431459
330.855644
313.431459
330.855644
313.431459
330.855644
295.171330
316.039526
295.171330
316.039526
295.171330
316.039526
295.171330
316.039526
295.171330
316.039526
295.171330
316.039526
295.171330
316.039526
295.171330
316.039526
295.171330
316.039526
295.171330
316.039526
277.092133
301.961262
277.092133
301.961262
277.092133
301.961262
277.092133
301.961262
277.092133
301.961262
277.092133
301.961262
277.092133
301.961262
277.092133
301.961262
277.092133
301.961262
277.092133
301.961262
259.133444
288.631609
259.133444
288.631609
259.133444
288.631609
259.133444
288.631609
259.133444
288.631609
259.133444
288.631609
259.133444
288.631609
259.133444
288.631609
259.133444
288.631609
259.133444
288.631609
241.233392
276.066696
241.233392
276.066696
241.233392
276.066696
241.233392
276.066696
241.233392
276.066696
241.233392
276.066696
241.233392
276.066696
241.233392
276.066696
241.233392
276.066696
241.233392
276.066696
223.328233
264.288044
223.328233
264.288044
223.328233
264.288044
223.328233
264.288044
223.328233
264.288044
223.328233
264.288044
223.328233
264.288044
223.328233
264.288044
223.328233
264.288044
223.328233
264.288044
205.351941
253.322620
205.351941
253.322620
205.351941
253.322620
205.351941
253.322620
205.351941
253.322620
205.351941
253.322620
205.351941
253.322620
205.351941
253.322620
205.351941
253.322620
205.351941
253.322620
187.235815
243.202926
187.235815
243.202926
187.235815
243.202926
187.235815
243.202926
187.235815
243.202926
187.235815
243.202926
187.235815
243.202926
187.235815
243.202926
187.235815
243.202926
187.235815
243.202926
168.908093
233.967108
168.908093
233.967108
168.908093
233.967108
168.908093
233.967108
168.908093
233.967108
168.908093
233.967108
168.908093
233.967108
168.908093
233.967108
168.908093
233.967108
168.908093
233.967108
150.293580
225.659095
150.293580
225.659095
150.293580
225.659095
150.293580
225.659095
150.293580
225.659095
150.293580
225.659095
150.293580
225.659095
150.293580
225.659095
150.293580
225.659095
150.293580
225.659095
131.313268
218.328756
131.313268
218.328756
131.313268
218.328756
131.313268
218.328756
131.313268
218.328756
131.313268
218.328756
131.313268
218.328756
131.313268
218.328756
131.313268
218.328756
131.313268
218.328756
111.883973
212.032081
111.883973
212.032081
111.883973
212.032081
111.883973
212.032081
111.883973
212.032081
111.883973
212.032081
111.883973
212.032081
111.883973
212.032081
111.883973
212.032081
111.883973
212.032081
91.917970
206.831375
91.917970
206.831375
91.917970
206.831375
91.917970
206.831375
91.917970
206.831375
91.917970
206.831375
91.917970
206.831375
91.917970
206.831375
91.917970
206.831375
91.917970
206.831375
71.322618
202.795479
71.322618
202.795479
71.322618
202.795479
71.322618
202.795479
71.322618
202.795479
71.322618
202.795479
71.322618
202.795479
71.322618
202.795479
71.322618
202.795479
71.322618
202.795479
50.000000
200.000000
50.000000
200.000000
50.000000
200.000000
50.000000
200.000000
50.000000
200.000000
50.000000
200.000000
50.000000
200.000000
50.000000
200.000000
50.000000
200.000000
50.000000
200.000000
