1500.000000
1500.000000
1500.000000
1500.000000
1500.000000
1500.000000
1500.000000
1500.000000
1500.000000
1500.000000
1500.000000
1500.000000
1500.000000
1500.000000
1500.000000
1500.000000
1500.000000
1500.000000
1500.000000
1500.000000
1500.000000
1500.000000
1500.000000
1500.000000
1500.000000
1500.000000
1500.000000
1500.000000
1500.000000
1500.000000
1500.000000
1500.000000
1500.000000
1500.000000
1500.000000
1383.847490
1383.859033
1383.880696
1383.910012
1383.944049
1383.979971
1384.015409
1384.048641
1384.078587
1384.104710
1384.126871
1384.145194
1384.159943
1384.171442
1384.180007
1384.185915
1384.189373
1384.190512
1384.189373
1384.185915
1384.180007
1384.171442
1384.159943
1384.145194
1384.126871
1384.104710
1384.078587
1384.048641
1384.015409
1383.979971
1383.944049
1383.910012
1383.880696
1383.859033
1383.847490
1287.043782
1287.066172
1287.108013
1287.164284
1287.229134
1287.297029
1287.363484
1287.425340
1287.480705
1287.528716
1287.569240
1287.602602
1287.629364
1287.650171
1287.665638
1287.676289
1287.682518
1287.684567
1287.682518
1287.676289
1287.665638
1287.650171
1287.629364
1287.602602
1287.569240
1287.528716
1287.480705
1287.425340
1287.363484
1287.297029
1287.229134
1287.164284
1287.108013
1287.066172
1287.043782
1204.054997
1204.088543
1204.150861
1204.233942
1204.328707
1204.426849
1204.521889
1204.609477
1204.687178
1204.754034
1204.810092
1204.855988
1204.892640
1204.921035
1204.942084
1204.956552
1204.965002
1204.967781
1204.965002
1204.956552
1204.942084
1204.921035
1204.892640
1204.855988
1204.810092
1204.754034
1204.687178
1204.609477
1204.521889
1204.426849
1204.328707
1204.233942
1204.150861
1204.088543
1204.054997
1131.423546
1131.469169
1131.553286
1131.664229
1131.789196
1131.916944
1132.039106
1132.150392
1132.248099
1132.331424
1132.400763
1132.457182
1132.502010
1132.536601
1132.562167
1132.579701
1132.589926
1132.593287
1132.589926
1132.579701
1132.562167
1132.536601
1132.502010
1132.457182
1132.400763
1132.331424
1132.248099
1132.150392
1132.039106
1131.916944
1131.789196
1131.664229
1131.553286
1131.469169
1131.423546
1066.844779
1066.903868
1067.011832
1067.152445
1067.308565
1067.465836
1067.614133
1067.747517
1067.863316
1067.961128
1068.041865
1068.107128
1068.158705
1068.198341
1068.227538
1068.247522
1068.259155
1068.262978
1068.259155
1068.247522
1068.227538
1068.198341
1068.158705
1068.107128
1068.041865
1067.961128
1067.863316
1067.747517
1067.614133
1067.465836
1067.308565
1067.152445
1067.011832
1066.903868
1066.844779
1008.705554
1008.779930
1008.914393
1009.087027
1009.275640
1009.462623
1009.636285
1009.790387
1009.922593
1010.033159
1010.123659
1010.196327
1010.253435
1010.297146
1010.329232
1010.351151
1010.363885
1010.368073
1010.363885
1010.351151
1010.329232
1010.297146
1010.253435
1010.196327
1010.123659
1010.033159
1009.922593
1009.790387
1009.636285
1009.462623
1009.275640
1009.087027
1008.914393
1008.779930
1008.705554
955.832640
955.924578
956.088751
956.296186
956.518854
956.735846
956.934165
957.107702
957.254757
957.376516
957.475316
957.554134
957.615716
957.662676
957.697015
957.720443
957.734012
957.738490
957.734012
957.720443
957.697015
957.662676
957.615716
957.554134
957.475316
957.376516
957.254757
957.107702
956.934165
956.735846
956.518854
956.296186
956.088751
955.924578
955.832640
907.345990
907.458274
907.655923
907.901299
908.159689
908.406990
908.629230
908.820947
908.981359
909.112873
909.218641
909.302505
909.367624
909.417132
909.453168
909.477752
909.491920
909.496635
909.491920
909.477752
909.453168
909.417132
909.367624
909.302505
909.218641
909.112873
908.981359
908.820947
908.629230
908.406990
908.159689
907.901299
907.655923
907.458274
907.345990
862.568467
862.704473
862.939933
863.226706
863.522497
863.800340
864.045662
864.254307
864.426604
864.566546
864.678040
864.765981
864.833791
864.885257
864.922489
864.947949
864.962494
864.967423
864.962494
864.947949
864.922489
864.885257
864.833791
864.765981
864.678040
864.566546
864.426604
864.254307
864.045662
863.800340
863.522497
863.226706
862.939933
862.704473
862.568467
820.967806
821.131628
821.409820
821.741728
822.076516
822.385029
822.652442
822.876752
823.059454
823.206603
823.322640
823.413824
823.483533
823.536485
823.574436
823.600575
823.615265
823.620430
823.615265
823.600575
823.574436
823.536485
823.483533
823.413824
823.322640
823.206603
823.059454
822.876752
822.652442
822.385029
822.076516
821.741728
821.409820
821.131628
820.967806
782.117931
782.314533
782.640973
783.022017
783.397225
783.736406
784.024713
784.263438
784.455018
784.608280
784.727693
784.821440
784.892269
784.946365
784.984548
785.011271
785.025830
785.031327
785.025830
785.011271
784.984548
784.946365
784.892269
784.821440
784.727693
784.608280
784.455018
784.263438
784.024713
783.736406
783.397225
783.022017
782.640973
782.314533
782.117931
745.672342
745.907769
746.288561
746.722996
747.139757
747.509488
747.817228
748.069171
748.268003
748.426455
748.548041
748.643858
748.714988
748.770057
748.807918
748.835273
748.849334
748.855377
748.849334
748.835273
748.807918
748.770057
748.714988
748.643858
748.548041
748.426455
748.268003
748.069171
747.817228
747.509488
747.139757
746.722996
746.288561
745.907769
745.672342
711.345334
711.626971
712.068766
712.561109
713.020130
713.420221
713.745586
714.009681
714.213972
714.376931
714.499371
714.597019
714.667507
714.723615
714.760453
714.788702
714.801727
714.808721
714.801727
714.788702
714.760453
714.723615
714.667507
714.597019
714.499371
714.376931
714.213972
714.009681
713.745586
713.420221
713.020130
712.561109
712.068766
711.626971
711.345334
678.898410
679.235324
679.745229
680.300296
680.801682
681.231959
681.572680
681.848113
682.055790
682.222928
682.344668
682.444272
682.512930
682.570487
682.605336
682.635066
682.646232
682.654885
682.646232
682.635066
682.605336
682.570487
682.512930
682.444272
682.344668
682.222928
682.055790
681.848113
681.572680
681.231959
680.801682
680.300297
679.745229
679.235324
678.898410
648.130259
648.533630
649.119050
649.742035
650.285053
650.745514
651.098697
651.385083
651.593628
651.765142
651.884221
651.986435
652.051653
652.111581
652.143034
652.175321
652.183348
652.194844
652.183348
652.175321
652.143034
652.111581
652.051653
651.986435
651.884221
651.765142
651.593628
651.385083
651.098697
650.745514
650.285053
649.742035
649.119050
648.533630
648.130259
618.869224
619.352900
620.021265
620.717891
621.300660
621.791713
622.153595
622.451242
622.657447
622.834314
622.948105
623.054360
623.113851
623.177828
623.203783
623.240446
623.243339
623.259589
623.243339
623.240446
623.203783
623.177828
623.113851
623.054360
622.948105
622.834314
622.657447
622.451242
622.153595
621.791713
621.300660
620.717891
620.021265
619.352900
618.869224
590.967540
591.548732
592.307101
593.083860
593.702930
594.225753
594.591351
594.901638
595.101243
595.285582
595.390429
595.503292
595.553724
595.624549
595.641837
595.685798
595.680485
595.704489
595.680485
595.685798
595.641837
595.624549
595.553724
595.503292
595.390429
595.285582
595.101243
594.901638
594.591351
594.225753
593.702930
593.083860
592.307101
591.548732
590.967540
564.296854
564.997032
565.851492
566.716030
567.365813
567.922871
568.285483
568.611384
568.798573
568.994162
569.084860
569.208549
569.245022
569.327125
569.330997
569.386794
569.368609
569.404972
569.368609
569.386794
569.330997
569.327125
569.245022
569.208549
569.084860
568.994162
568.798573
568.611384
568.285483
567.922871
567.365813
566.716030
565.851492
564.997032
564.296854
538.744692
539.590704
540.545536
541.507225
542.179226
542.774998
543.125501
543.472321
543.639005
543.851999
543.921077
544.062171
544.077500
544.177655
544.161061
544.235564
544.197527
544.253179
544.197527
544.235564
544.161061
544.177655
544.077500
544.062171
543.921077
543.851999
543.639005
543.472321
543.125501
542.774998
542.179226
541.507225
540.545536
539.590704
538.744692
514.211628
515.237110
516.293626
517.364392
518.046188
518.688166
519.014050
519.390423
519.525257
519.765179
519.801906
519.970335
519.954055
520.082369
520.034965
520.138364
520.070194
520.155373
520.070194
520.138364
520.034965
520.082369
519.954055
519.970335
519.801906
519.765179
519.525257
519.390423
519.014050
518.688166
518.046188
517.364392
516.293626
515.237110
514.211628
490.608974
491.856120
493.011084
494.206585
494.880447
495.580500
495.864551
496.283792
496.370842
496.651921
496.640962
496.851341
496.788369
496.959618
496.866426
497.013570
496.900341
497.029936
496.900341
497.013570
496.866426
496.959618
496.788369
496.851341
496.640962
496.651921
496.370842
496.283792
495.864551
495.580500
494.880447
494.206585
493.011084
491.856120
490.608974
467.856868
469.378629
470.622164
471.963406
472.604495
473.380686
473.599212
474.081127
474.098075
474.441038
474.360665
474.634088
474.502920
474.738342
474.577953
474.790143
474.610490
474.805837
474.610490
474.790143
474.577953
474.738342
474.502920
474.634088
474.360665
474.441038
474.098075
474.081127
473.599212
473.380686
472.604495
471.963406
470.622164
469.378629
467.856868
445.882660
447.745481
449.058305
450.573850
451.147827
452.026824
452.147304
452.720573
452.636348
453.070801
452.890504
453.256916
453.027255
453.356924
453.099120
453.406484
453.130227
453.421483
453.130227
453.406484
453.099120
453.356924
453.027255
453.256916
452.890504
453.070801
452.636348
452.720573
452.147304
452.026824
451.147827
450.573850
449.058305
447.745481
445.882660
424.619517
426.906713
428.256559
429.985473
430.445397
431.465621
431.443615
432.148919
431.920583
432.488117
432.165497
432.666807
432.296440
432.762380
432.365020
432.809627
432.394655
432.823910
432.394655
432.809627
432.365020
432.762380
432.296440
432.666807
432.165497
432.488117
431.920583
432.148919
431.443615
431.465621
430.445397
429.985473
428.256559
426.906713
424.619517
404.005197
406.821109
408.158130
410.153861
410.436171
411.651879
411.427011
412.321080
411.889791
412.648024
412.124745
412.818864
412.249624
412.909844
412.314823
412.954721
412.342955
412.968274
412.342955
412.954721
412.314823
412.909844
412.249624
412.818864
412.124745
412.648024
411.889791
412.321080
411.427011
411.651879
410.436171
410.153861
408.158130
406.821109
404.005197
383.980936
387.456012
388.706937
391.042377
391.061737
392.548263
392.039049
393.199864
392.485680
393.513450
392.710046
393.676075
392.828646
393.762337
392.890390
393.804799
392.916992
393.817612
392.916992
393.804799
392.890390
393.762337
392.828646
393.676075
392.710046
393.513450
392.485680
393.199864
392.039049
392.548263
391.061737
391.042377
388.706937
387.456012
383.980936
364.490413
368.787411
369.848185
372.622175
372.264913
374.125332
373.222582
374.756003
373.651262
375.055247
373.864494
375.209350
373.976642
375.290794
374.034872
375.330808
374.059928
375.342872
374.059928
375.330808
374.034872
375.290794
373.976642
375.209350
373.864494
375.055247
373.651262
374.756003
373.222582
374.125332
372.264913
372.622175
369.848185
368.787411
364.490413
345.478760
350.800270
351.526854
354.872490
353.988288
356.361849
354.920308
356.968455
355.329400
357.252490
355.531031
357.397817
355.636587
357.474366
355.691261
357.511910
355.714760
357.523221
355.714760
357.511910
355.691261
357.474366
355.636587
357.397817
355.531031
357.252490
355.329400
356.968455
354.920308
356.361849
353.988288
354.872490
351.526854
350.800270
345.478760
326.891587
333.489119
333.686088
337.781197
336.172674
339.245359
337.073214
339.824985
337.461247
340.093057
337.650885
340.229403
337.749742
340.301001
337.800834
340.336062
337.822769
340.346619
337.822769
340.336062
337.800834
340.301001
337.749742
340.229403
337.650885
340.093057
337.461247
339.824985
337.073214
339.245359
336.172674
337.781197
333.686088
333.489119
326.891587
308.674004
316.858926
316.265416
321.345688
318.755396
322.773079
319.618865
323.323047
319.984536
323.574510
320.161859
323.701715
320.253939
323.768327
320.301434
323.800901
320.321804
323.810702
320.321804
323.800901
320.301434
323.768327
320.253939
323.701715
320.161859
323.574510
319.984536
323.323047
319.618865
322.773079
318.755396
321.345688
316.265416
316.858926
308.674004
290.769597
300.926241
299.198759
305.574062
301.668371
306.953101
302.489488
307.470986
302.831660
307.705300
302.996411
307.823245
303.081663
307.884854
303.125557
307.914941
303.144366
307.923990
303.144366
307.914941
303.125557
307.884854
303.081663
307.823245
302.996411
307.705300
302.831660
307.470986
302.489488
306.953101
301.668371
305.574062
299.198759
300.926241
290.769597
273.119358
285.720667
282.412175
290.486690
284.835944
291.805967
285.609786
292.289608
285.927486
292.506332
286.079471
292.614937
286.157868
292.671538
286.198167
292.699149
286.215423
292.707448
286.215423
292.699149
286.198167
292.671538
286.157868
292.614937
286.079471
292.506332
285.927486
292.289608
285.609786
291.805967
284.835944
290.486690
282.412175
285.720667
273.119358
255.660532
271.286665
265.821275
276.118181
268.172386
277.366640
268.894445
277.814145
269.186864
278.012933
269.325942
278.112152
269.397480
278.163757
269.434199
278.188904
269.449911
278.196460
269.449911
278.188904
269.434199
278.163757
269.397480
278.112152
269.325942
278.012933
269.186864
277.814145
268.894445
277.366640
268.172386
276.118181
265.821275
271.286665
255.660532
238.325365
257.685734
249.328268
262.519802
251.579027
263.686923
252.245254
264.096676
252.511736
264.277272
252.637820
264.367089
252.702512
264.413721
252.735675
264.436424
252.749856
264.443243
252.749856
264.436424
252.735675
264.413721
252.702512
264.367089
252.637820
264.277272
252.511736
264.096676
252.245254
263.686923
251.579027
262.519802
249.328268
257.685734
238.325365
221.039722
244.999010
232.818541
249.762417
234.940927
250.838398
235.547767
251.209058
235.787806
251.371287
235.900858
251.451717
235.958736
251.493409
235.988372
251.513691
236.001039
251.519781
236.001039
251.513691
235.988372
251.493409
235.958736
251.451717
235.900858
251.371287
235.787806
251.209058
235.547767
250.838398
234.940927
249.762417
232.818541
244.999010
221.039722
203.721565
233.330331
216.156735
237.940009
218.123031
238.915932
218.667452
239.246429
218.880685
239.390196
218.980709
239.461278
219.031819
239.498074
219.057964
239.515962
219.069134
239.521332
219.069134
239.515962
219.057964
239.498074
219.031819
239.461278
218.980709
239.390196
218.880685
239.246429
218.667452
238.915932
218.123031
237.940009
216.156735
233.330331
203.721565
186.279254
222.809811
199.182208
227.173852
200.965709
228.041843
201.445216
228.331372
201.631415
228.456652
201.718456
228.518447
201.762859
228.550399
201.785554
228.565924
201.795246
228.570582
201.795246
228.565924
201.785554
228.550399
201.762859
228.518447
201.718456
228.456652
201.631415
228.331372
201.445216
228.041843
200.965709
227.173852
199.182208
222.809811
186.279254
168.609646
213.597990
181.703829
217.617432
183.279598
218.370789
183.692246
218.618802
183.851308
218.725636
183.925447
218.778229
183.963215
218.805396
183.982506
218.818589
183.990741
218.822547
183.990741
218.818589
183.982506
218.805396
183.963215
218.778229
183.925447
218.725636
183.851308
218.618802
183.692246
218.370789
183.279598
217.617432
181.703829
213.597990
168.609646
150.595972
205.890627
163.493985
209.462203
164.839646
210.095509
165.184034
210.301700
165.315974
210.390190
165.377323
210.433681
165.408541
210.456129
165.424477
210.467025
165.431278
210.470294
165.431278
210.467025
165.424477
210.456129
165.408541
210.433681
165.377323
210.390190
165.315974
210.301700
165.184034
210.095509
164.839646
209.462203
163.493985
205.890627
150.595972
132.105454
199.924198
144.281717
202.944281
145.378240
203.453477
145.653504
203.617773
145.758444
203.688074
145.807146
203.722581
145.831906
203.740380
145.844539
203.749017
145.849930
203.751607
145.849930
203.749017
145.844539
203.740380
145.831906
203.722581
145.807146
203.688074
145.758444
203.617773
145.653504
203.453477
145.378240
202.944281
144.281717
199.924198
132.105454
112.986632
195.982184
123.744862
198.352204
124.577308
198.734632
124.783100
198.857173
124.861262
198.909489
124.897484
198.935143
124.915886
198.948370
124.925273
198.954786
124.929277
198.956711
124.929277
198.954786
124.925273
198.948370
124.915886
198.935143
124.897484
198.909489
124.861262
198.857173
124.783100
198.734632
124.577308
198.352204
123.744862
195.982184
112.986632
93.066366
194.402245
101.501089
196.035872
102.059251
196.290281
102.195711
196.371403
102.247405
196.405983
102.271338
196.422928
102.283491
196.431662
102.289688
196.435898
102.292331
196.437169
102.292331
196.435898
102.289688
196.431662
102.283491
196.422928
102.271338
196.405983
102.247405
196.371403
102.195711
196.290281
102.059251
196.035872
101.501089
194.402245
93.066366
72.146481
195.584351
77.097692
196.416826
77.376566
196.543329
77.444291
196.583551
77.469908
196.600680
77.481760
196.609071
77.487777
196.613395
77.490845
196.615492
77.492154
196.616121
77.492154
196.615492
77.490845
196.613395
77.487777
196.609071
77.481760
196.600680
77.469908
196.583551
77.444291
196.543329
77.376566
196.416826
77.097692
195.584351
72.146481
50.000000
200.000000
50.000000
200.000000
50.000000
200.000000
50.000000
200.000000
50.000000
200.000000
50.000000
200.000000
50.000000
200.000000
50.000000
200.000000
50.000000
200.000000
50.000000
200.000000
50.000000
200.000000
50.000000
200.000000
50.000000
200.000000
50.000000
200.000000
50.000000
200.000000
50.000000
200.000000
50.000000
200.000000
50.000000
