1500.000000
1500.000000
1500.000000
1500.000000
1500.000000
1500.000000
1500.000000
1500.000000
1500.000000
1500.000000
1500.000000
1500.000000
1500.000000
1500.000000
1500.000000
1500.000000
1500.000000
1500.000000
1500.000000
1500.000000
1500.000000
1500.000000
1500.000000
1500.000000
1500.000000
1500.000000
1500.000000
1500.000000
1500.000000
1500.000000
1500.000000
1500.000000
1500.000000
1500.000000
1500.000000
1500.000000
1500.000000
1500.000000
1500.000000
1500.000000
1384.233136
1384.233136
1384.233136
1384.233136
1384.233136
1384.233136
1384.233136
1384.233136
1384.233136
1384.233136
1384.233136
1384.233136
1384.233136
1384.233136
1384.233136
1384.233136
1384.233136
1384.233136
1384.233136
1384.233136
1384.233136
1384.233136
1384.233136
1384.233136
1384.233136
1384.233136
1384.233136
1384.233136
1384.233136
1384.233136
1384.233136
1384.233136
1384.233136
1384.233136
1384.233136
1384.233136
1384.233136
1384.233136
1384.233136
1384.233136
1287.760749
1287.760749
1287.760749
1287.760749
1287.760749
1287.760749
1287.760749
1287.760749
1287.760749
1287.760749
1287.760749
1287.760749
1287.760749
1287.760749
1287.760749
1287.760749
1287.760749
1287.760749
1287.760749
1287.760749
1287.760749
1287.760749
1287.760749
1287.760749
1287.760749
1287.760749
1287.760749
1287.760749
1287.760749
1287.760749
1287.760749
1287.760749
1287.760749
1287.760749
1287.760749
1287.760749
1287.760749
1287.760749
1287.760749
1287.760749
1205.070132
1205.070132
1205.070132
1205.070132
1205.070132
1205.070132
1205.070132
1205.070132
1205.070132
1205.070132
1205.070132
1205.070132
1205.070132
1205.070132
1205.070132
1205.070132
1205.070132
1205.070132
1205.070132
1205.070132
1205.070132
1205.070132
1205.070132
1205.070132
1205.070132
1205.070132
1205.070132
1205.070132
1205.070132
1205.070132
1205.070132
1205.070132
1205.070132
1205.070132
1205.070132
1205.070132
1205.070132
1205.070132
1205.070132
1205.070132
1132.715841
1132.715842
1132.715841
1132.715842
1132.715841
1132.715842
1132.715841
1132.715842
1132.715841
1132.715842
1132.715841
1132.715842
1132.715841
1132.715842
1132.715841
1132.715842
1132.715841
1132.715842
1132.715841
1132.715842
1132.715841
1132.715842
1132.715841
1132.715842
1132.715841
1132.715842
1132.715841
1132.715842
1132.715841
1132.715842
1132.715841
1132.715842
1132.715841
1132.715842
1132.715841
1132.715842
1132.715841
1132.715842
1132.715841
1132.715842
1068.400917
1068.400917
1068.400917
1068.400917
1068.400917
1068.400917
1068.400917
1068.400917
1068.400917
1068.400917
1068.400917
1068.400917
1068.400917
1068.400917
1068.400917
1068.400917
1068.400917
1068.400917
1068.400917
1068.400917
1068.400917
1068.400917
1068.400917
1068.400917
1068.400917
1068.400917
1068.400917
1068.400917
1068.400917
1068.400917
1068.400917
1068.400917
1068.400917
1068.400917
1068.400917
1068.400917
1068.400917
1068.400917
1068.400917
1068.400917
1010.517484
1010.517485
1010.517484
1010.517485
1010.517484
1010.517485
1010.517484
1010.517485
1010.517484
1010.517485
1010.517484
1010.517485
1010.517484
1010.517485
1010.517484
1010.517485
1010.517484
1010.517485
1010.517484
1010.517485
1010.517484
1010.517485
1010.517484
1010.517485
1010.517484
1010.517485
1010.517484
1010.517485
1010.517484
1010.517485
1010.517484
1010.517485
1010.517484
1010.517485
1010.517484
1010.517485
1010.517484
1010.517485
1010.517484
1010.517485
957.896182
957.896184
957.896182
957.896184
957.896182
957.896184
957.896182
957.896184
957.896182
957.896184
957.896182
957.896184
957.896182
957.896184
957.896182
957.896184
957.896182
957.896184
957.896182
957.896184
957.896182
957.896184
957.896182
957.896184
957.896182
957.896184
957.896182
957.896184
957.896182
957.896184
957.896182
957.896184
957.896182
957.896184
957.896182
957.896184
957.896182
957.896184
957.896182
957.896184
909.659986
909.659993
909.659986
909.659993
909.659986
909.659993
909.659986
909.659993
909.659986
909.659993
909.659986
909.659993
909.659986
909.659993
909.659986
909.659993
909.659986
909.659993
909.659986
909.659993
909.659986
909.659993
909.659986
909.659993
909.659986
909.659993
909.659986
909.659993
909.659986
909.659993
909.659986
909.659993
909.659986
909.659993
909.659986
909.659993
909.659986
909.659993
909.659986
909.659993
865.134264
865.134281
865.134264
865.134281
865.134264
865.134281
865.134264
865.134281
865.134264
865.134281
865.134264
865.134281
865.134264
865.134281
865.134264
865.134281
865.134264
865.134281
865.134264
865.134281
865.134264
865.134281
865.134264
865.134281
865.134264
865.134281
865.134264
865.134281
865.134264
865.134281
865.134264
865.134281
865.134264
865.134281
865.134264
865.134281
865.134264
865.134281
865.134264
865.134281
823.788943
823.788985
823.788943
823.788985
823.788943
823.788985
823.788943
823.788985
823.788943
823.788985
823.788943
823.788985
823.788943
823.788985
823.788943
823.788985
823.788943
823.788985
823.788943
823.788985
823.788943
823.788985
823.788943
823.788985
823.788943
823.788985
823.788943
823.788985
823.788943
823.788985
823.788943
823.788985
823.788943
823.788985
823.788943
823.788985
823.788943
823.788985
823.788943
823.788985
785.199961
785.200057
785.199961
785.200057
785.199961
785.200057
785.199961
785.200057
785.199961
785.200057
785.199961
785.200057
785.199961
785.200057
785.199961
785.200057
785.199961
785.200057
785.199961
785.200057
785.199961
785.200057
785.199961
785.200057
785.199961
785.200057
785.199961
785.200057
785.199961
785.200057
785.199961
785.200057
785.199961
785.200057
785.199961
785.200057
785.199961
785.200057
785.199961
785.200057
749.022761
749.022967
749.022761
749.022967
749.022761
749.022967
749.022761
749.022967
749.022761
749.022967
749.022761
749.022967
749.022761
749.022967
749.022761
749.022967
749.022761
749.022967
749.022761
749.022967
749.022761
749.022967
749.022761
749.022967
749.022761
749.022967
749.022761
749.022967
749.022761
749.022967
749.022761
749.022967
749.022761
749.022967
749.022761
749.022967
749.022761
749.022967
749.022761
749.022967
714.973573
714.974000
714.973573
714.974000
714.973573
714.974000
714.973573
714.974000
714.973573
714.974000
714.973573
714.974000
714.973573
714.974000
714.973573
714.974000
714.973573
714.974000
714.973573
714.974000
714.973573
714.974000
714.973573
714.974000
714.973573
714.974000
714.973573
714.974000
714.973573
714.974000
714.973573
714.974000
714.973573
714.974000
714.973573
714.974000
714.973573
714.974000
714.973573
714.974000
682.815900
682.816748
682.815900
682.816748
682.815900
682.816748
682.815900
682.816748
682.815900
682.816748
682.815900
682.816748
682.815900
682.816748
682.815900
682.816748
682.815900
682.816748
682.815900
682.816748
682.815900
682.816748
682.815900
682.816748
682.815900
682.816748
682.815900
682.816748
682.815900
682.816748
682.815900
682.816748
682.815900
682.816748
682.815900
682.816748
682.815900
682.816748
682.815900
682.816748
652.350546
652.352174
652.350546
652.352174
652.350546
652.352174
652.350546
652.352174
652.350546
652.352174
652.350546
652.352174
652.350546
652.352174
652.350546
652.352174
652.350546
652.352174
652.350546
652.352174
652.350546
652.352174
652.350546
652.352174
652.350546
652.352174
652.350546
652.352174
652.350546
652.352174
652.350546
652.352174
652.350546
652.352174
652.350546
652.352174
652.350546
652.352174
652.350546
652.352174
623.408129
623.411159
623.408129
623.411159
623.408129
623.411159
623.408129
623.411159
623.408129
623.411159
623.408129
623.411159
623.408129
623.411159
623.408129
623.411159
623.408129
623.411159
623.408129
623.411159
623.408129
623.411159
623.408129
623.411159
623.408129
623.411159
623.408129
623.411159
623.408129
623.411159
623.408129
623.411159
623.408129
623.411159
623.408129
623.411159
623.408129
623.411159
623.408129
623.411159
595.843366
595.848844
595.843366
595.848844
595.843366
595.848844
595.843366
595.848844
595.843366
595.848844
595.843366
595.848844
595.843366
595.848844
595.843366
595.848844
595.843366
595.848844
595.843366
595.848844
595.843366
595.848844
595.843366
595.848844
595.843366
595.848844
595.843366
595.848844
595.843366
595.848844
595.843366
595.848844
595.843366
595.848844
595.843366
595.848844
595.843366
595.848844
595.843366
595.848844
569.530629
569.540279
569.530629
569.540279
569.530629
569.540279
569.530629
569.540279
569.530629
569.540279
569.530629
569.540279
569.530629
569.540279
569.530629
569.540279
569.530629
569.540279
569.530629
569.540279
569.530629
569.540279
569.530629
569.540279
569.530629
569.540279
569.530629
569.540279
569.530629
569.540279
569.530629
569.540279
569.530629
569.540279
569.530629
569.540279
569.530629
569.540279
569.530629
569.540279
544.360445
544.377043
544.360445
544.377043
544.360445
544.377043
544.360445
544.377043
544.360445
544.377043
544.360445
544.377043
544.360445
544.377043
544.360445
544.377043
544.360445
544.377043
544.360445
544.377043
544.360445
544.377043
544.360445
544.377043
544.360445
544.377043
544.360445
544.377043
544.360445
544.377043
544.360445
544.377043
544.360445
544.377043
544.360445
544.377043
544.360445
544.377043
544.360445
544.377043
520.236683
520.264612
520.236683
520.264612
520.236683
520.264612
520.236683
520.264612
520.236683
520.264612
520.236683
520.264612
520.236683
520.264612
520.236683
520.264612
520.236683
520.264612
520.236683
520.264612
520.236683
520.264612
520.236683
520.264612
520.236683
520.264612
520.236683
520.264612
520.236683
520.264612
520.236683
520.264612
520.236683
520.264612
520.236683
520.264612
520.236683
520.264612
520.236683
520.264612
497.074250
497.120299
497.074250
497.120299
497.074250
497.120299
497.074250
497.120299
497.074250
497.120299
497.074250
497.120299
497.074250
497.120299
497.074250
497.120299
497.074250
497.120299
497.074250
497.120299
497.074250
497.120299
497.074250
497.120299
497.074250
497.120299
497.074250
497.120299
497.074250
497.120299
497.074250
497.120299
497.074250
497.120299
497.074250
497.120299
497.074250
497.120299
497.074250
497.120299
474.797158
474.871674
474.797158
474.871674
474.797158
474.871674
474.797158
474.871674
474.797158
474.871674
474.797158
474.871674
474.797158
474.871674
474.797158
474.871674
474.797158
474.871674
474.797158
474.871674
474.797158
474.871674
474.797158
474.871674
474.797158
474.871674
474.797158
474.871674
474.797158
474.871674
474.797158
474.871674
474.797158
474.871674
474.797158
474.871674
474.797158
474.871674
474.797158
474.871674
453.336858
453.455358
453.336858
453.455358
453.336858
453.455358
453.336858
453.455358
453.336858
453.455358
453.336858
453.455358
453.336858
453.455358
453.336858
453.455358
453.336858
453.455358
453.336858
453.455358
453.336858
453.455358
453.336858
453.455358
453.336858
453.455358
453.336858
453.455358
453.336858
453.455358
453.336858
453.455358
453.336858
453.455358
453.336858
453.455358
453.336858
453.455358
453.336858
453.455358
432.630745
432.816162
432.630745
432.816162
432.630745
432.816162
432.630745
432.816162
432.630745
432.816162
432.630745
432.816162
432.630745
432.816162
432.630745
432.816162
432.630745
432.816162
432.630745
432.816162
432.630745
432.816162
432.630745
432.816162
432.630745
432.816162
432.630745
432.816162
432.630745
432.816162
432.630745
432.816162
432.630745
432.816162
432.630745
432.816162
432.630745
432.816162
432.630745
432.816162
412.620766
412.906533
412.620766
412.906533
412.620766
412.906533
412.620766
412.906533
412.620766
412.906533
412.620766
412.906533
412.620766
412.906533
412.620766
412.906533
412.620766
412.906533
412.620766
412.906533
412.620766
412.906533
412.620766
412.906533
412.620766
412.906533
412.620766
412.906533
412.620766
412.906533
412.620766
412.906533
412.620766
412.906533
412.620766
412.906533
412.620766
412.906533
412.620766
412.906533
393.252049
393.686295
393.252049
393.686295
393.252049
393.686295
393.252049
393.686295
393.252049
393.686295
393.252049
393.686295
393.252049
393.686295
393.252049
393.686295
393.252049
393.686295
393.252049
393.686295
393.252049
393.686295
393.252049
393.686295
393.252049
393.686295
393.252049
393.686295
393.252049
393.686295
393.252049
393.686295
393.252049
393.686295
393.252049
393.686295
393.252049
393.686295
393.252049
393.686295
374.471502
375.122692
374.471502
375.122692
374.471502
375.122692
374.471502
375.122692
374.471502
375.122692
374.471502
375.122692
374.471502
375.122692
374.471502
375.122692
374.471502
375.122692
374.471502
375.122692
374.471502
375.122692
374.471502
375.122692
374.471502
375.122692
374.471502
375.122692
374.471502
375.122692
374.471502
375.122692
374.471502
375.122692
374.471502
375.122692
374.471502
375.122692
374.471502
375.122692
356.226301
357.190748
356.226301
357.190748
356.226301
357.190748
356.226301
357.190748
356.226301
357.190748
356.226301
357.190748
356.226301
357.190748
356.226301
357.190748
356.226301
357.190748
356.226301
357.190748
356.226301
357.190748
356.226301
357.190748
356.226301
357.190748
356.226301
357.190748
356.226301
357.190748
356.226301
357.190748
356.226301
357.190748
356.226301
357.190748
356.226301
357.190748
356.226301
357.190748
338.462199
339.873982
338.462199
339.873982
338.462199
339.873982
338.462199
339.873982
338.462199
339.873982
338.462199
339.873982
338.462199
339.873982
338.462199
339.873982
338.462199
339.873982
338.462199
339.873982
338.462199
339.873982
338.462199
339.873982
338.462199
339.873982
338.462199
339.873982
338.462199
339.873982
338.462199
339.873982
338.462199
339.873982
338.462199
339.873982
338.462199
339.873982
338.462199
339.873982
321.121578
323.165525
321.121578
323.165525
321.121578
323.165525
321.121578
323.165525
321.121578
323.165525
321.121578
323.165525
321.121578
323.165525
321.121578
323.165525
321.121578
323.165525
321.121578
323.165525
321.121578
323.165525
321.121578
323.165525
321.121578
323.165525
321.121578
323.165525
321.121578
323.165525
321.121578
323.165525
321.121578
323.165525
321.121578
323.165525
321.121578
323.165525
321.121578
323.165525
304.141158
307.069698
304.141158
307.069698
304.141158
307.069698
304.141158
307.069698
304.141158
307.069698
304.141158
307.069698
304.141158
307.069698
304.141158
307.069698
304.141158
307.069698
304.141158
307.069698
304.141158
307.069698
304.141158
307.069698
304.141158
307.069698
304.141158
307.069698
304.141158
307.069698
304.141158
307.069698
304.141158
307.069698
304.141158
307.069698
304.141158
307.069698
304.141158
307.069698
287.449254
291.604140
287.449254
291.604140
287.449254
291.604140
287.449254
291.604140
287.449254
291.604140
287.449254
291.604140
287.449254
291.604140
287.449254
291.604140
287.449254
291.604140
287.449254
291.604140
287.449254
291.604140
287.449254
291.604140
287.449254
291.604140
287.449254
291.604140
287.449254
291.604140
287.449254
291.604140
287.449254
291.604140
287.449254
291.604140
287.449254
291.604140
287.449254
291.604140
270.962476
276.802576
270.962476
276.802576
270.962476
276.802576
270.962476
276.802576
270.962476
276.802576
270.962476
276.802576
270.962476
276.802576
270.962476
276.802576
270.962476
276.802576
270.962476
276.802576
270.962476
276.802576
270.962476
276.802576
270.962476
276.802576
270.962476
276.802576
270.962476
276.802576
270.962476
276.802576
270.962476
276.802576
270.962476
276.802576
270.962476
276.802576
270.962476
276.802576
254.581735
262.718353
254.581735
262.718353
254.581735
262.718353
254.581735
262.718353
254.581735
262.718353
254.581735
262.718353
254.581735
262.718353
254.581735
262.718353
254.581735
262.718353
254.581735
262.718353
254.581735
262.718353
254.581735
262.718353
254.581735
262.718353
254.581735
262.718353
254.581735
262.718353
254.581735
262.718353
254.581735
262.718353
254.581735
262.718353
254.581735
262.718353
254.581735
262.718353
238.187397
249.428880
238.187397
249.428880
238.187397
249.428880
238.187397
249.428880
238.187397
249.428880
238.187397
249.428880
238.187397
249.428880
238.187397
249.428880
238.187397
249.428880
238.187397
249.428880
238.187397
249.428880
238.187397
249.428880
238.187397
249.428880
238.187397
249.428880
238.187397
249.428880
238.187397
249.428880
238.187397
249.428880
238.187397
249.428880
238.187397
249.428880
238.187397
249.428880
221.633417
237.041144
221.633417
237.041144
221.633417
237.041144
221.633417
237.041144
221.633417
237.041144
221.633417
237.041144
221.633417
237.041144
221.633417
237.041144
221.633417
237.041144
221.633417
237.041144
221.633417
237.041144
221.633417
237.041144
221.633417
237.041144
221.633417
237.041144
221.633417
237.041144
221.633417
237.041144
221.633417
237.041144
221.633417
237.041144
221.633417
237.041144
221.633417
237.041144
204.740241
225.698500
204.740241
225.698500
204.740241
225.698500
204.740241
225.698500
204.740241
225.698500
204.740241
225.698500
204.740241
225.698500
204.740241
225.698500
204.740241
225.698500
204.740241
225.698500
204.740241
225.698500
204.740241
225.698500
204.740241
225.698500
204.740241
225.698500
204.740241
225.698500
204.740241
225.698500
204.740241
225.698500
204.740241
225.698500
204.740241
225.698500
204.740241
225.698500
187.286237
215.588964
187.286237
215.588964
187.286237
215.588964
187.286237
215.588964
187.286237
215.588964
187.286237
215.588964
187.286237
215.588964
187.286237
215.588964
187.286237
215.588964
187.286237
215.588964
187.286237
215.588964
187.286237
215.588964
187.286237
215.588964
187.286237
215.588964
187.286237
215.588964
187.286237
215.588964
187.286237
215.588964
187.286237
215.588964
187.286237
215.588964
187.286237
215.588964
168.997398
206.955277
168.997398
206.955277
168.997398
206.955277
168.997398
206.955277
168.997398
206.955277
168.997398
206.955277
168.997398
206.955277
168.997398
206.955277
168.997398
206.955277
168.997398
206.955277
168.997398
206.955277
168.997398
206.955277
168.997398
206.955277
168.997398
206.955277
168.997398
206.955277
168.997398
206.955277
168.997398
206.955277
168.997398
206.955277
168.997398
206.955277
168.997398
206.955277
149.534984
200.107039
149.534984
200.107039
149.534984
200.107039
149.534984
200.107039
149.534984
200.107039
149.534984
200.107039
149.534984
200.107039
149.534984
200.107039
149.534984
200.107039
149.534984
200.107039
149.534984
200.107039
149.534984
200.107039
149.534984
200.107039
149.534984
200.107039
149.534984
200.107039
149.534984
200.107039
149.534984
200.107039
149.534984
200.107039
149.534984
200.107039
149.534984
200.107039
128.480764
195.435290
128.480764
195.435290
128.480764
195.435290
128.480764
195.435290
128.480764
195.435290
128.480764
195.435290
128.480764
195.435290
128.480764
195.435290
128.480764
195.435290
128.480764
195.435290
128.480764
195.435290
128.480764
195.435290
128.480764
195.435290
128.480764
195.435290
128.480764
195.435290
128.480764
195.435290
128.480764
195.435290
128.480764
195.435290
128.480764
195.435290
128.480764
195.435290
105.319439
193.429906
105.319439
193.429906
105.319439
193.429906
105.319439
193.429906
105.319439
193.429906
105.319439
193.429906
105.319439
193.429906
105.319439
193.429906
105.319439
193.429906
105.319439
193.429906
105.319439
193.429906
105.319439
193.429906
105.319439
193.429906
105.319439
193.429906
105.319439
193.429906
105.319439
193.429906
105.319439
193.429906
105.319439
193.429906
105.319439
193.429906
105.319439
193.429906
79.417786
194.700311
79.417786
194.700311
79.417786
194.700311
79.417786
194.700311
79.417786
194.700311
79.417786
194.700311
79.417786
194.700311
79.417786
194.700311
79.417786
194.700311
79.417786
194.700311
79.417786
194.700311
79.417786
194.700311
79.417786
194.700311
79.417786
194.700311
79.417786
194.700311
79.417786
194.700311
79.417786
194.700311
79.417786
194.700311
79.417786
194.700311
79.417786
194.700311
50.000000
200.000000
50.000000
200.000000
50.000000
200.000000
50.000000
200.000000
50.000000
200.000000
50.000000
200.000000
50.000000
200.000000
50.000000
200.000000
50.000000
200.000000
50.000000
200.000000
50.000000
200.000000
50.000000
200.000000
50.000000
200.000000
50.000000
200.000000
50.000000
200.000000
50.000000
200.000000
50.000000
200.000000
50.000000
200.000000
50.000000
200.000000
50.000000
200.000000
