1500.000000
1500.000000
1500.000000
1500.000000
1500.000000
1500.000000
1500.000000
1500.000000
1500.000000
1500.000000
1500.000000
1500.000000
1500.000000
1500.000000
1500.000000
1500.000000
1500.000000
1500.000000
1500.000000
1500.000000
1500.000000
1500.000000
1500.000000
1500.000000
1500.000000
1500.000000
1500.000000
1500.000000
1500.000000
1500.000000
1500.000000
1500.000000
1500.000000
1500.000000
1500.000000
1500.000000
1500.000000
1500.000000
1500.000000
1500.000000
1500.000000
1500.000000
1500.000000
1500.000000
1500.000000
1500.000000
1500.000000
1500.000000
1500.000000
1500.000000
1384.233136
1384.233136
1384.233136
1384.233136
1384.233136
1384.233136
1384.233136
1384.233136
1384.233136
1384.233136
1384.233136
1384.233136
1384.233136
1384.233136
1384.233136
1384.233136
1384.233136
1384.233136
1384.233136
1384.233136
1384.233136
1384.233136
1384.233136
1384.233136
1384.233136
1384.233136
1384.233136
1384.233136
1384.233136
1384.233136
1384.233136
1384.233136
1384.233136
1384.233136
1384.233136
1384.233136
1384.233136
1384.233136
1384.233136
1384.233136
1384.233136
1384.233136
1384.233136
1384.233136
1384.233136
1384.233136
1384.233136
1384.233136
1384.233136
1384.233136
1287.760749
1287.760749
1287.760749
1287.760749
1287.760749
1287.760749
1287.760749
1287.760749
1287.760749
1287.760749
1287.760749
1287.760749
1287.760749
1287.760749
1287.760749
1287.760749
1287.760749
1287.760749
1287.760749
1287.760749
1287.760749
1287.760749
1287.760749
1287.760749
1287.760749
1287.760749
1287.760749
1287.760749
1287.760749
1287.760749
1287.760749
1287.760749
1287.760749
1287.760749
1287.760749
1287.760749
1287.760749
1287.760749
1287.760749
1287.760749
1287.760749
1287.760749
1287.760749
1287.760749
1287.760749
1287.760749
1287.760749
1287.760749
1287.760749
1287.760749
1205.070132
1205.070132
1205.070132
1205.070132
1205.070132
1205.070132
1205.070132
1205.070132
1205.070132
1205.070132
1205.070132
1205.070132
1205.070132
1205.070132
1205.070132
1205.070132
1205.070132
1205.070132
1205.070132
1205.070132
1205.070132
1205.070132
1205.070132
1205.070132
1205.070132
1205.070132
1205.070132
1205.070132
1205.070132
1205.070132
1205.070132
1205.070132
1205.070132
1205.070132
1205.070132
1205.070132
1205.070132
1205.070132
1205.070132
1205.070132
1205.070132
1205.070132
1205.070132
1205.070132
1205.070132
1205.070132
1205.070132
1205.070132
1205.070132
1205.070132
1132.715841
1132.715841
1132.715841
1132.715841
1132.715841
1132.715842
1132.715842
1132.715842
1132.715842
1132.715842
1132.715842
1132.715842
1132.715842
1132.715842
1132.715842
1132.715842
1132.715842
1132.715842
1132.715842
1132.715842
1132.715842
1132.715842
1132.715842
1132.715842
1132.715842
1132.715842
1132.715842
1132.715842
1132.715842
1132.715842
1132.715842
1132.715842
1132.715842
1132.715842
1132.715842
1132.715842
1132.715842
1132.715842
1132.715842
1132.715842
1132.715842
1132.715842
1132.715842
1132.715842
1132.715842
1132.715842
1132.715842
1132.715841
1132.715841
1132.715841
1068.400917
1068.400917
1068.400917
1068.400917
1068.400917
1068.400917
1068.400917
1068.400917
1068.400917
1068.400917
1068.400917
1068.400917
1068.400917
1068.400917
1068.400917
1068.400917
1068.400917
1068.400917
1068.400917
1068.400917
1068.400917
1068.400917
1068.400917
1068.400917
1068.400917
1068.400917
1068.400917
1068.400917
1068.400917
1068.400917
1068.400917
1068.400917
1068.400917
1068.400917
1068.400917
1068.400917
1068.400917
1068.400917
1068.400917
1068.400917
1068.400917
1068.400917
1068.400917
1068.400917
1068.400917
1068.400917
1068.400917
1068.400917
1068.400917
1068.400917
1010.517485
1010.517485
1010.517485
1010.517485
1010.517485
1010.517485
1010.517485
1010.517485
1010.517485
1010.517485
1010.517485
1010.517485
1010.517485
1010.517485
1010.517485
1010.517485
1010.517485
1010.517485
1010.517485
1010.517485
1010.517485
1010.517485
1010.517485
1010.517485
1010.517485
1010.517485
1010.517485
1010.517485
1010.517485
1010.517485
1010.517485
1010.517485
1010.517485
1010.517485
1010.517485
1010.517485
1010.517485
1010.517485
1010.517485
1010.517485
1010.517485
1010.517485
1010.517485
1010.517485
1010.517485
1010.517485
1010.517485
1010.517485
1010.517485
1010.517485
957.896183
957.896183
957.896183
957.896183
957.896183
957.896183
957.896183
957.896183
957.896183
957.896183
957.896183
957.896183
957.896183
957.896183
957.896183
957.896183
957.896183
957.896183
957.896183
957.896183
957.896183
957.896183
957.896183
957.896183
957.896183
957.896183
957.896183
957.896183
957.896183
957.896183
957.896183
957.896183
957.896183
957.896183
957.896183
957.896183
957.896183
957.896183
957.896183
957.896183
957.896183
957.896183
957.896183
957.896183
957.896183
957.896183
957.896183
957.896183
957.896183
957.896183
909.659989
909.659990
909.659989
909.659990
909.659989
909.659990
909.659989
909.659990
909.659989
909.659990
909.659989
909.659990
909.659989
909.659990
909.659989
909.659990
909.659989
909.659990
909.659989
909.659990
909.659989
909.659990
909.659989
909.659990
909.659989
909.659990
909.659989
909.659990
909.659989
909.659990
909.659989
909.659990
909.659989
909.659990
909.659989
909.659990
909.659989
909.659990
909.659989
909.659990
909.659989
909.659990
909.659989
909.659990
909.659989
909.659990
909.659989
909.659990
909.659989
909.659990
865.134272
865.134273
865.134272
865.134273
865.134272
865.134273
865.134272
865.134273
865.134272
865.134273
865.134272
865.134273
865.134272
865.134273
865.134272
865.134273
865.134272
865.134273
865.134272
865.134273
865.134272
865.134273
865.134272
865.134273
865.134272
865.134273
865.134272
865.134273
865.134272
865.134273
865.134272
865.134273
865.134272
865.134273
865.134272
865.134273
865.134272
865.134273
865.134272
865.134273
865.134272
865.134273
865.134272
865.134273
865.134272
865.134273
865.134272
865.134273
865.134272
865.134273
823.788963
823.788964
823.788963
823.788964
823.788963
823.788964
823.788963
823.788964
823.788963
823.788964
823.788963
823.788964
823.788963
823.788964
823.788963
823.788964
823.788963
823.788964
823.788963
823.788964
823.788963
823.788964
823.788963
823.788964
823.788963
823.788964
823.788963
823.788964
823.788963
823.788964
823.788963
823.788964
823.788963
823.788964
823.788963
823.788964
823.788963
823.788964
823.788963
823.788964
823.788963
823.788964
823.788963
823.788964
823.788963
823.788964
823.788963
823.788964
823.788963
823.788964
785.200008
785.200011
785.200008
785.200011
785.200008
785.200011
785.200008
785.200011
785.200008
785.200011
785.200008
785.200011
785.200008
785.200011
785.200008
785.200011
785.200008
785.200011
785.200008
785.200011
785.200008
785.200011
785.200008
785.200011
785.200008
785.200011
785.200008
785.200011
785.200008
785.200011
785.200008
785.200011
785.200008
785.200011
785.200008
785.200011
785.200008
785.200011
785.200008
785.200011
785.200008
785.200011
785.200008
785.200011
785.200008
785.200011
785.200008
785.200011
785.200008
785.200011
749.022860
749.022868
749.022860
749.022868
749.022860
749.022868
749.022860
749.022868
749.022860
749.022868
749.022860
749.022868
749.022860
749.022868
749.022860
749.022868
749.022860
749.022868
749.022860
749.022868
749.022860
749.022868
749.022860
749.022868
749.022860
749.022868
749.022860
749.022868
749.022860
749.022868
749.022860
749.022868
749.022860
749.022868
749.022860
749.022868
749.022860
749.022868
749.022860
749.022868
749.022860
749.022868
749.022860
749.022868
749.022860
749.022868
749.022860
749.022868
749.022860
749.022868
714.973777
714.973796
714.973777
714.973796
714.973777
714.973796
714.973777
714.973796
714.973777
714.973796
714.973777
714.973796
714.973777
714.973796
714.973777
714.973796
714.973777
714.973796
714.973777
714.973796
714.973777
714.973796
714.973777
714.973796
714.973777
714.973796
714.973777
714.973796
714.973777
714.973796
714.973777
714.973796
714.973777
714.973796
714.973777
714.973796
714.973777
714.973796
714.973777
714.973796
714.973777
714.973796
714.973777
714.973796
714.973777
714.973796
714.973777
714.973796
714.973777
714.973796
682.816302
682.816346
682.816302
682.816346
682.816302
682.816346
682.816302
682.816346
682.816302
682.816346
682.816302
682.816346
682.816302
682.816346
682.816302
682.816346
682.816302
682.816346
682.816302
682.816346
682.816302
682.816346
682.816302
682.816346
682.816302
682.816346
682.816302
682.816346
682.816302
682.816346
682.816302
682.816346
682.816302
682.816346
682.816302
682.816346
682.816302
682.816346
682.816302
682.816346
682.816302
682.816346
682.816302
682.816346
682.816302
682.816346
682.816302
682.816346
682.816302
682.816346
652.351310
652.351409
652.351310
652.351409
652.351310
652.351409
652.351310
652.351409
652.351310
652.351409
652.351310
652.351409
652.351310
652.351409
652.351310
652.351409
652.351310
652.351409
652.351310
652.351409
652.351310
652.351409
652.351310
652.351409
652.351310
652.351409
652.351310
652.351409
652.351310
652.351409
652.351310
652.351409
652.351310
652.351409
652.351310
652.351409
652.351310
652.351409
652.351310
652.351409
652.351310
652.351409
652.351310
652.351409
652.351310
652.351409
652.351310
652.351409
652.351310
652.351409
623.409537
623.409750
623.409537
623.409750
623.409537
623.409750
623.409537
623.409750
623.409537
623.409750
623.409537
623.409750
623.409537
623.409750
623.409537
623.409750
623.409537
623.409750
623.409537
623.409750
623.409537
623.409750
623.409537
623.409750
623.409537
623.409750
623.409537
623.409750
623.409537
623.409750
623.409537
623.409750
623.409537
623.409750
623.409537
623.409750
623.409537
623.409750
623.409537
623.409750
623.409537
623.409750
623.409537
623.409750
623.409537
623.409750
623.409537
623.409750
623.409537
623.409750
595.845882
595.846327
595.845882
595.846327
595.845882
595.846327
595.845882
595.846327
595.845882
595.846327
595.845882
595.846327
595.845882
595.846327
595.845882
595.846327
595.845882
595.846327
595.845882
595.846327
595.845882
595.846327
595.845882
595.846327
595.845882
595.846327
595.845882
595.846327
595.845882
595.846327
595.845882
595.846327
595.845882
595.846327
595.845882
595.846327
595.845882
595.846327
595.845882
595.846327
595.845882
595.846327
595.845882
595.846327
595.845882
595.846327
595.845882
595.846327
595.845882
595.846327
569.535005
569.535903
569.535005
569.535903
569.535005
569.535903
569.535005
569.535903
569.535005
569.535903
569.535005
569.535903
569.535005
569.535903
569.535005
569.535903
569.535005
569.535903
569.535005
569.535903
569.535005
569.535903
569.535005
569.535903
569.535005
569.535903
569.535005
569.535903
569.535005
569.535903
569.535005
569.535903
569.535005
569.535903
569.535005
569.535903
569.535005
569.535903
569.535005
569.535903
569.535005
569.535903
569.535005
569.535903
569.535005
569.535903
569.535005
569.535903
569.535005
569.535903
544.367863
544.369625
544.367863
544.369625
544.367863
544.369625
544.367863
544.369625
544.367863
544.369625
544.367863
544.369625
544.367863
544.369625
544.367863
544.369625
544.367863
544.369625
544.367863
544.369625
544.367863
544.369625
544.367863
544.369625
544.367863
544.369625
544.367863
544.369625
544.367863
544.369625
544.367863
544.369625
544.367863
544.369625
544.367863
544.369625
544.367863
544.369625
544.367863
544.369625
544.367863
544.369625
544.367863
544.369625
544.367863
544.369625
544.367863
544.369625
544.367863
544.369625
520.248965
520.252330
520.248965
520.252330
520.248965
520.252330
520.248965
520.252330
520.248965
520.252330
520.248965
520.252330
520.248965
520.252330
520.248965
520.252330
520.248965
520.252330
520.248965
520.252330
520.248965
520.252330
520.248965
520.252330
520.248965
520.252330
520.248965
520.252330
520.248965
520.252330
520.248965
520.252330
520.248965
520.252330
520.248965
520.252330
520.248965
520.252330
520.248965
520.252330
520.248965
520.252330
520.248965
520.252330
520.248965
520.252330
520.248965
520.252330
520.248965
520.252330
497.094141
497.100408
497.094141
497.100408
497.094141
497.100408
497.094141
497.100408
497.094141
497.100408
497.094141
497.100408
497.094141
497.100408
497.094141
497.100408
497.094141
497.100408
497.094141
497.100408
497.094141
497.100408
497.094141
497.100408
497.094141
497.100408
497.094141
497.100408
497.094141
497.100408
497.094141
497.100408
497.094141
497.100408
497.094141
497.100408
497.094141
497.100408
497.094141
497.100408
497.094141
497.100408
497.094141
497.100408
497.094141
497.100408
497.094141
497.100408
497.094141
497.100408
474.828713
474.840119
474.828713
474.840119
474.828713
474.840119
474.828713
474.840119
474.828713
474.840119
474.828713
474.840119
474.828713
474.840119
474.828713
474.840119
474.828713
474.840119
474.828713
474.840119
474.828713
474.840119
474.828713
474.840119
474.828713
474.840119
474.828713
474.840119
474.828713
474.840119
474.828713
474.840119
474.828713
474.840119
474.828713
474.840119
474.828713
474.840119
474.828713
474.840119
474.828713
474.840119
474.828713
474.840119
474.828713
474.840119
474.828713
474.840119
474.828713
474.840119
453.385948
453.406268
453.385948
453.406268
453.385948
453.406268
453.385948
453.406268
453.385948
453.406268
453.385948
453.406268
453.385948
453.406268
453.385948
453.406268
453.385948
453.406268
453.385948
453.406268
453.385948
453.406268
453.385948
453.406268
453.385948
453.406268
453.385948
453.406268
453.385948
453.406268
453.385948
453.406268
453.385948
453.406268
453.385948
453.406268
453.385948
453.406268
453.385948
453.406268
453.385948
453.406268
453.385948
453.406268
453.385948
453.406268
453.385948
453.406268
453.385948
453.406268
432.705714
432.741193
432.705714
432.741193
432.705714
432.741193
432.705714
432.741193
432.705714
432.741193
432.705714
432.741193
432.705714
432.741193
432.705714
432.741193
432.705714
432.741193
432.705714
432.741193
432.705714
432.741193
432.705714
432.741193
432.705714
432.741193
432.705714
432.741193
432.705714
432.741193
432.705714
432.741193
432.705714
432.741193
432.705714
432.741193
432.705714
432.741193
432.705714
432.741193
432.705714
432.741193
432.705714
432.741193
432.705714
432.741193
432.705714
432.741193
432.705714
432.741193
412.733249
412.794050
412.733249
412.794050
412.733249
412.794050
412.733249
412.794050
412.733249
412.794050
412.733249
412.794050
412.733249
412.794050
412.733249
412.794050
412.733249
412.794050
412.733249
412.794050
412.733249
412.794050
412.733249
412.794050
412.733249
412.794050
412.733249
412.794050
412.733249
412.794050
412.733249
412.794050
412.733249
412.794050
412.733249
412.794050
412.733249
412.794050
412.733249
412.794050
412.733249
412.794050
412.733249
412.794050
412.733249
412.794050
412.733249
412.794050
412.733249
412.794050
393.417976
393.520368
393.417976
393.520368
393.417976
393.520368
393.417976
393.520368
393.417976
393.520368
393.417976
393.520368
393.417976
393.520368
393.417976
393.520368
393.417976
393.520368
393.417976
393.520368
393.417976
393.520368
393.417976
393.520368
393.417976
393.520368
393.417976
393.520368
393.417976
393.520368
393.417976
393.520368
393.417976
393.520368
393.417976
393.520368
393.417976
393.520368
393.417976
393.520368
393.417976
393.520368
393.417976
393.520368
393.417976
393.520368
393.417976
393.520368
393.417976
393.520368
374.712283
374.881912
374.712283
374.881912
374.712283
374.881912
374.712283
374.881912
374.712283
374.881912
374.712283
374.881912
374.712283
374.881912
374.712283
374.881912
374.712283
374.881912
374.712283
374.881912
374.712283
374.881912
374.712283
374.881912
374.712283
374.881912
374.712283
374.881912
374.712283
374.881912
374.712283
374.881912
374.712283
374.881912
374.712283
374.881912
374.712283
374.881912
374.712283
374.881912
374.712283
374.881912
374.712283
374.881912
374.712283
374.881912
374.712283
374.881912
374.712283
374.881912
356.570162
356.846888
356.570162
356.846888
356.570162
356.846888
356.570162
356.846888
356.570162
356.846888
356.570162
356.846888
356.570162
356.846888
356.570162
356.846888
356.570162
356.846888
356.570162
356.846888
356.570162
356.846888
356.570162
356.846888
356.570162
356.846888
356.570162
356.846888
356.570162
356.846888
356.570162
356.846888
356.570162
356.846888
356.570162
356.846888
356.570162
356.846888
356.570162
356.846888
356.570162
356.846888
356.570162
356.846888
356.570162
356.846888
356.570162
356.846888
356.570162
356.846888
338.945618
339.390563
338.945618
339.390563
338.945618
339.390563
338.945618
339.390563
338.945618
339.390563
338.945618
339.390563
338.945618
339.390563
338.945618
339.390563
338.945618
339.390563
338.945618
339.390563
338.945618
339.390563
338.945618
339.390563
338.945618
339.390563
338.945618
339.390563
338.945618
339.390563
338.945618
339.390563
338.945618
339.390563
338.945618
339.390563
338.945618
339.390563
338.945618
339.390563
338.945618
339.390563
338.945618
339.390563
338.945618
339.390563
338.945618
339.390563
338.945618
339.390563
321.790696
322.496407
321.790696
322.496407
321.790696
322.496407
321.790696
322.496407
321.790696
322.496407
321.790696
322.496407
321.790696
322.496407
321.790696
322.496407
321.790696
322.496407
321.790696
322.496407
321.790696
322.496407
321.790696
322.496407
321.790696
322.496407
321.790696
322.496407
321.790696
322.496407
321.790696
322.496407
321.790696
322.496407
321.790696
322.496407
321.790696
322.496407
321.790696
322.496407
321.790696
322.496407
321.790696
322.496407
321.790696
322.496407
321.790696
322.496407
321.790696
322.496407
305.052952
306.157905
305.052952
306.157905
305.052952
306.157905
305.052952
306.157905
305.052952
306.157905
305.052952
306.157905
305.052952
306.157905
305.052952
306.157905
305.052952
306.157905
305.052952
306.157905
305.052952
306.157905
305.052952
306.157905
305.052952
306.157905
305.052952
306.157905
305.052952
306.157905
305.052952
306.157905
305.052952
306.157905
305.052952
306.157905
305.052952
306.157905
305.052952
306.157905
305.052952
306.157905
305.052952
306.157905
305.052952
306.157905
305.052952
306.157905
305.052952
306.157905
288.672163
290.381231
288.672163
290.381231
288.672163
290.381231
288.672163
290.381231
288.672163
290.381231
288.672163
290.381231
288.672163
290.381231
288.672163
290.381231
288.672163
290.381231
288.672163
290.381231
288.672163
290.381231
288.672163
290.381231
288.672163
290.381231
288.672163
290.381231
288.672163
290.381231
288.672163
290.381231
288.672163
290.381231
288.672163
290.381231
288.672163
290.381231
288.672163
290.381231
288.672163
290.381231
288.672163
290.381231
288.672163
290.381231
288.672163
290.381231
288.672163
290.381231
272.575986
275.189067
272.575986
275.189067
272.575986
275.189067
272.575986
275.189067
272.575986
275.189067
272.575986
275.189067
272.575986
275.189067
272.575986
275.189067
272.575986
275.189067
272.575986
275.189067
272.575986
275.189067
272.575986
275.189067
272.575986
275.189067
272.575986
275.189067
272.575986
275.189067
272.575986
275.189067
272.575986
275.189067
272.575986
275.189067
272.575986
275.189067
272.575986
275.189067
272.575986
275.189067
272.575986
275.189067
272.575986
275.189067
272.575986
275.189067
272.575986
275.189067
256.674202
260.625886
256.674202
260.625886
256.674202
260.625886
256.674202
260.625886
256.674202
260.625886
256.674202
260.625886
256.674202
260.625886
256.674202
260.625886
256.674202
260.625886
256.674202
260.625886
256.674202
260.625886
256.674202
260.625886
256.674202
260.625886
256.674202
260.625886
256.674202
260.625886
256.674202
260.625886
256.674202
260.625886
256.674202
260.625886
256.674202
260.625886
256.674202
260.625886
256.674202
260.625886
256.674202
260.625886
256.674202
260.625886
256.674202
260.625886
256.674202
260.625886
240.851106
246.765171
240.851106
246.765171
240.851106
246.765171
240.851106
246.765171
240.851106
246.765171
240.851106
246.765171
240.851106
246.765171
240.851106
246.765171
240.851106
246.765171
240.851106
246.765171
240.851106
246.765171
240.851106
246.765171
240.851106
246.765171
240.851106
246.765171
240.851106
246.765171
240.851106
246.765171
240.851106
246.765171
240.851106
246.765171
240.851106
246.765171
240.851106
246.765171
240.851106
246.765171
240.851106
246.765171
240.851106
246.765171
240.851106
246.765171
240.851106
246.765171
224.955446
233.719115
224.955446
233.719115
224.955446
233.719115
224.955446
233.719115
224.955446
233.719115
224.955446
233.719115
224.955446
233.719115
224.955446
233.719115
224.955446
233.719115
224.955446
233.719115
224.955446
233.719115
224.955446
233.719115
224.955446
233.719115
224.955446
233.719115
224.955446
233.719115
224.955446
233.719115
224.955446
233.719115
224.955446
233.719115
224.955446
233.719115
224.955446
233.719115
224.955446
233.719115
224.955446
233.719115
224.955446
233.719115
224.955446
233.719115
224.955446
233.719115
208.787204
221.651536
208.787204
221.651536
208.787204
221.651536
208.787204
221.651536
208.787204
221.651536
208.787204
221.651536
208.787204
221.651536
208.787204
221.651536
208.787204
221.651536
208.787204
221.651536
208.787204
221.651536
208.787204
221.651536
208.787204
221.651536
208.787204
221.651536
208.787204
221.651536
208.787204
221.651536
208.787204
221.651536
208.787204
221.651536
208.787204
221.651536
208.787204
221.651536
208.787204
221.651536
208.787204
221.651536
208.787204
221.651536
208.787204
221.651536
208.787204
221.651536
192.080289
210.794912
192.080289
210.794912
192.080289
210.794912
192.080289
210.794912
192.080289
210.794912
192.080289
210.794912
192.080289
210.794912
192.080289
210.794912
192.080289
210.794912
192.080289
210.794912
192.080289
210.794912
192.080289
210.794912
192.080289
210.794912
192.080289
210.794912
192.080289
210.794912
192.080289
210.794912
192.080289
210.794912
192.080289
210.794912
192.080289
210.794912
192.080289
210.794912
192.080289
210.794912
192.080289
210.794912
192.080289
210.794912
192.080289
210.794912
192.080289
210.794912
174.480006
201.472669
174.480006
201.472669
174.480006
201.472669
174.480006
201.472669
174.480006
201.472669
174.480006
201.472669
174.480006
201.472669
174.480006
201.472669
174.480006
201.472669
174.480006
201.472669
174.480006
201.472669
174.480006
201.472669
174.480006
201.472669
174.480006
201.472669
174.480006
201.472669
174.480006
201.472669
174.480006
201.472669
174.480006
201.472669
174.480006
201.472669
174.480006
201.472669
174.480006
201.472669
174.480006
201.472669
174.480006
201.472669
174.480006
201.472669
174.480006
201.472669
155.513892
194.128132
155.513892
194.128132
155.513892
194.128132
155.513892
194.128132
155.513892
194.128132
155.513892
194.128132
155.513892
194.128132
155.513892
194.128132
155.513892
194.128132
155.513892
194.128132
155.513892
194.128132
155.513892
194.128132
155.513892
194.128132
155.513892
194.128132
155.513892
194.128132
155.513892
194.128132
155.513892
194.128132
155.513892
194.128132
155.513892
194.128132
155.513892
194.128132
155.513892
194.128132
155.513892
194.128132
155.513892
194.128132
155.513892
194.128132
155.513892
194.128132
134.554160
189.361894
134.554160
189.361894
134.554160
189.361894
134.554160
189.361894
134.554160
189.361894
134.554160
189.361894
134.554160
189.361894
134.554160
189.361894
134.554160
189.361894
134.554160
189.361894
134.554160
189.361894
134.554160
189.361894
134.554160
189.361894
134.554160
189.361894
134.554160
189.361894
134.554160
189.361894
134.554160
189.361894
134.554160
189.361894
134.554160
189.361894
134.554160
189.361894
134.554160
189.361894
134.554160
189.361894
134.554160
189.361894
134.554160
189.361894
134.554160
189.361894
110.769603
187.979742
110.769603
187.979742
110.769603
187.979742
110.769603
187.979742
110.769603
187.979742
110.769603
187.979742
110.769603
187.979742
110.769603
187.979742
110.769603
187.979742
110.769603
187.979742
110.769603
187.979742
110.769603
187.979742
110.769603
187.979742
110.769603
187.979742
110.769603
187.979742
110.769603
187.979742
110.769603
187.979742
110.769603
187.979742
110.769603
187.979742
110.769603
187.979742
110.769603
187.979742
110.769603
187.979742
110.769603
187.979742
110.769603
187.979742
110.769603
187.979742
83.064309
191.053787
83.064309
191.053787
83.064309
191.053787
83.064309
191.053787
83.064309
191.053787
83.064309
191.053787
83.064309
191.053787
83.064309
191.053787
83.064309
191.053787
83.064309
191.053787
83.064309
191.053787
83.064309
191.053787
83.064309
191.053787
83.064309
191.053787
83.064309
191.053787
83.064309
191.053787
83.064309
191.053787
83.064309
191.053787
83.064309
191.053787
83.064309
191.053787
83.064309
191.053787
83.064309
191.053787
83.064309
191.053787
83.064309
191.053787
83.064309
191.053787
50.000000
200.000000
50.000000
200.000000
50.000000
200.000000
50.000000
200.000000
50.000000
200.000000
50.000000
200.000000
50.000000
200.000000
50.000000
200.000000
50.000000
200.000000
50.000000
200.000000
50.000000
200.000000
50.000000
200.000000
50.000000
200.000000
50.000000
200.000000
50.000000
200.000000
50.000000
200.000000
50.000000
200.000000
50.000000
200.000000
50.000000
200.000000
50.000000
200.000000
50.000000
200.000000
50.000000
200.000000
50.000000
200.000000
50.000000
200.000000
50.000000
200.000000
