1500.000000
1500.000000
1500.000000
1500.000000
1500.000000
1381.176532
1384.838177
1382.821705
1384.838177
1381.176532
1282.092565
1288.969871
1285.102185
1288.969871
1282.092565
1197.074571
1206.935903
1201.242627
1206.935903
1197.074571
1122.586252
1135.310087
1127.752848
1135.310087
1122.586252
1056.274938
1071.801253
1062.310435
1071.801253
1056.274938
996.496433
1014.801725
1003.292061
1014.801725
996.496433
942.056537
963.140010
949.518521
963.140010
942.056537
892.060582
915.936057
900.106305
915.936057
892.060582
845.821006
872.511956
854.376398
872.511956
845.821006
802.798021
832.334407
811.795724
832.334407
802.798021
762.560106
794.976297
771.938151
794.976297
762.560106
724.756873
760.090243
734.457699
760.090243
724.756873
689.099938
727.389899
699.069647
727.389899
689.099938
655.349105
696.636430
665.536894
696.636430
655.349105
623.302207
667.628544
633.659915
667.628544
623.302207
592.787479
640.195005
603.269230
640.195005
592.787479
563.657759
614.188924
574.219674
614.188924
563.657759
535.786002
589.483346
546.385961
589.483346
535.786002
509.061780
565.967796
519.659227
565.967796
509.061780
483.388505
543.545534
493.944284
543.545534
483.388505
458.681209
522.131372
469.157425
522.131372
458.681209
434.864756
501.649894
445.224658
501.649894
434.864756
411.872379
482.034018
422.080260
482.034018
411.872379
389.644487
463.223806
399.665596
463.223806
389.644487
368.127671
445.165485
377.928134
445.165485
368.127671
347.273876
427.810622
356.820636
427.810622
347.273876
327.039714
411.115443
336.300466
411.115443
327.039714
307.385876
395.040249
316.329018
395.040249
307.385876
288.276638
379.548925
296.871224
379.548925
288.276638
269.679437
364.608517
277.895136
364.608517
269.679437
251.564511
350.188877
259.371570
350.188877
251.564511
233.904588
336.262349
241.273796
336.262349
233.904588
216.674612
322.803499
223.577273
322.803499
216.674612
199.851515
309.788888
206.259419
309.788888
199.851515
183.414007
297.196859
189.299404
297.196859
183.414007
167.342403
285.007369
172.677982
285.007369
167.342403
151.618464
273.201826
156.377327
273.201826
151.618464
136.225257
261.762954
140.380906
261.762954
136.225257
121.147036
250.674668
124.673351
250.674668
121.147036
106.369135
239.921971
109.240357
239.921971
106.369135
91.877866
229.490855
94.068586
229.490855
91.877866
77.660442
219.368213
79.145579
219.368213
77.660442
63.704892
209.541768
64.459687
209.541768
63.704892
50.000000
200.000000
50.000000
200.000000
50.000000
