1500.000000
1500.000000
1500.000000
1500.000000
1500.000000
1500.000000
1500.000000
1500.000000
1500.000000
1500.000000
1395.424239
1395.531496
1395.424239
1395.531496
1395.424239
1395.531496
1395.424239
1395.531496
1395.424239
1395.531496
1306.788068
1307.011509
1306.788068
1307.011509
1306.788068
1307.011509
1306.788068
1307.011509
1306.788068
1307.011509
1229.863327
1230.227232
1229.863327
1230.227232
1229.863327
1230.227232
1229.863327
1230.227232
1229.863327
1230.227232
1161.904603
1162.442927
1161.904603
1162.442927
1161.904603
1162.442927
1161.904603
1162.442927
1161.904603
1162.442927
1101.027971
1101.782195
1101.027971
1101.782195
1101.027971
1101.782195
1101.027971
1101.782195
1101.027971
1101.782195
1045.884305
1046.902564
1045.884305
1046.902564
1045.884305
1046.902564
1045.884305
1046.902564
1045.884305
1046.902564
995.474055
996.810763
995.474055
996.810763
995.474055
996.810763
995.474055
996.810763
995.474055
996.810763
949.035824
950.751531
949.035824
950.751531
949.035824
950.751531
949.035824
950.751531
949.035824
950.751531
905.976063
908.137414
905.976063
908.137414
905.976063
908.137414
905.976063
908.137414
905.976063
908.137414
865.822923
868.502665
865.822923
868.502665
865.822923
868.502665
865.822923
868.502665
865.822923
868.502665
828.194953
831.471969
828.194953
831.471969
828.194953
831.471969
828.194953
831.471969
828.194953
831.471969
792.779243
796.738597
792.779243
796.738597
792.779243
796.738597
792.779243
796.738597
792.779243
796.738597
759.315801
764.048791
759.315801
764.048791
759.315801
764.048791
759.315801
764.048791
759.315801
764.048791
727.586138
733.190350
727.586138
733.190350
727.586138
733.190350
727.586138
733.190350
727.586138
733.190350
697.404774
703.984139
697.404774
703.984139
697.404774
703.984139
697.404774
703.984139
697.404774
703.984139
668.612806
676.277656
668.612806
676.277656
668.612806
676.277656
668.612806
676.277656
668.612806
676.277656
641.072978
649.940097
641.072978
649.940097
641.072978
649.940097
641.072978
649.940097
641.072978
649.940097
614.665830
624.858509
614.665830
624.858509
614.665830
624.858509
614.665830
624.858509
614.665830
624.858509
589.286679
600.934768
589.286679
600.934768
589.286679
600.934768
589.286679
600.934768
589.286679
600.934768
564.843203
578.083161
564.843203
578.083161
564.843203
578.083161
564.843203
578.083161
564.843203
578.083161
541.253507
556.228451
541.253507
556.228451
541.253507
556.228451
541.253507
556.228451
541.253507
556.228451
518.444548
535.304301
518.444548
535.304301
518.444548
535.304301
518.444548
535.304301
518.444548
535.304301
496.350846
515.251981
496.350846
515.251981
496.350846
515.251981
496.350846
515.251981
496.350846
515.251981
474.913424
496.019313
474.913424
496.019313
474.913424
496.019313
474.913424
496.019313
474.913424
496.019313
454.078925
477.559777
454.078925
477.559777
454.078925
477.559777
454.078925
477.559777
454.078925
477.559777
433.798872
459.831782
433.798872
459.831782
433.798872
459.831782
433.798872
459.831782
433.798872
459.831782
414.029049
442.798037
414.029049
442.798037
414.029049
442.798037
414.029049
442.798037
414.029049
442.798037
394.728978
426.425026
394.728978
426.425026
394.728978
426.425026
394.728978
426.425026
394.728978
426.425026
375.861465
410.682560
375.861465
410.682560
375.861465
410.682560
375.861465
410.682560
375.861465
410.682560
357.392225
395.543398
357.392225
395.543398
357.392225
395.543398
357.392225
395.543398
357.392225
395.543398
339.289548
380.982909
339.289548
380.982909
339.289548
380.982909
339.289548
380.982909
339.289548
380.982909
321.524018
366.978794
321.524018
366.978794
321.524018
366.978794
321.524018
366.978794
321.524018
366.978794
304.068266
353.510838
304.068266
353.510838
304.068266
353.510838
304.068266
353.510838
304.068266
353.510838
286.896758
340.560693
286.896758
340.560693
286.896758
340.560693
286.896758
340.560693
286.896758
340.560693
269.985606
328.111696
269.985606
328.111696
269.985606
328.111696
269.985606
328.111696
269.985606
328.111696
253.312405
316.148696
253.312405
316.148696
253.312405
316.148696
253.312405
316.148696
253.312405
316.148696
236.856090
304.657917
236.856090
304.657917
236.856090
304.657917
236.856090
304.657917
236.856090
304.657917
220.596806
293.626826
220.596806
293.626826
220.596806
293.626826
220.596806
293.626826
220.596806
293.626826
204.515800
283.044023
204.515800
283.044023
204.515800
283.044023
204.515800
283.044023
204.515800
283.044023
188.595317
272.899137
188.595317
272.899137
188.595317
272.899137
188.595317
272.899137
188.595317
272.899137
172.818513
263.182738
172.818513
263.182738
172.818513
263.182738
172.818513
263.182738
172.818513
263.182738
157.169375
253.886259
157.169375
253.886259
157.169375
253.886259
157.169375
253.886259
157.169375
253.886259
141.632652
245.001923
141.632652
245.001923
141.632652
245.001923
141.632652
245.001923
141.632652
245.001923
126.193790
236.522677
126.193790
236.522677
126.193790
236.522677
126.193790
236.522677
126.193790
236.522677
110.838873
228.442138
110.838873
228.442138
110.838873
228.442138
110.838873
228.442138
110.838873
228.442138
95.554574
220.754540
95.554574
220.754540
95.554574
220.754540
95.554574
220.754540
95.554574
220.754540
80.328109
213.454683
80.328109
213.454683
80.328109
213.454683
80.328109
213.454683
80.328109
213.454683
65.147192
206.537897
65.147192
206.537897
65.147192
206.537897
65.147192
206.537897
65.147192
206.537897
50.000000
200.000000
50.000000
200.000000
50.000000
200.000000
50.000000
200.000000
50.000000
200.000000
