1500.000000
1500.000000
1500.000000
1500.000000
1500.000000
1500.000000
1500.000000
1500.000000
1500.000000
1500.000000
1500.000000
1500.000000
1500.000000
1500.000000
1500.000000
1500.000000
1500.000000
1500.000000
1500.000000
1500.000000
1500.000000
1500.000000
1500.000000
1500.000000
1500.000000
1500.000000
1500.000000
1500.000000
1500.000000
1500.000000
1500.000000
1500.000000
1500.000000
1500.000000
1500.000000
1395.129532
1395.139954
1395.159517
1395.185997
1395.216750
1395.249213
1395.281244
1395.311283
1395.338354
1395.361967
1395.381997
1395.398555
1395.411882
1395.422269
1395.430007
1395.435342
1395.438465
1395.439493
1395.438465
1395.435342
1395.430007
1395.422269
1395.411882
1395.398555
1395.381997
1395.361967
1395.338354
1395.311283
1395.281244
1395.249213
1395.216750
1395.185997
1395.159517
1395.139955
1395.129532
1306.248730
1306.268909
1306.306655
1306.357485
1306.416153
1306.477671
1306.537973
1306.594176
1306.644540
1306.688254
1306.725179
1306.755595
1306.780005
1306.798988
1306.813102
1306.822823
1306.828508
1306.830379
1306.828508
1306.822823
1306.813102
1306.798988
1306.780005
1306.755595
1306.725179
1306.688254
1306.644540
1306.594176
1306.537973
1306.477671
1306.416153
1306.357485
1306.306655
1306.268909
1306.248730
1229.120594
1229.150660
1229.206620
1229.281428
1229.367026
1229.455964
1229.542362
1229.622213
1229.693227
1229.754459
1229.805890
1229.848056
1229.881767
1229.907905
1229.927293
1229.940625
1229.948413
1229.950974
1229.948413
1229.940625
1229.927293
1229.907905
1229.881767
1229.848056
1229.805890
1229.754459
1229.693227
1229.622213
1229.542362
1229.455964
1229.367026
1229.281428
1229.206620
1229.150660
1229.120594
1160.994690
1161.035256
1161.110286
1161.209686
1161.322225
1161.437871
1161.549014
1161.650720
1161.740370
1161.817081
1161.881094
1161.933295
1161.974846
1162.006952
1162.030705
1162.047008
1162.056519
1162.059646
1162.056519
1162.047007
1162.030705
1162.006952
1161.974846
1161.933295
1161.881094
1161.817081
1161.740370
1161.650720
1161.549014
1161.437872
1161.322225
1161.209686
1161.110286
1161.035256
1160.994690
1099.984455
1100.036496
1100.132032
1100.257266
1100.397336
1100.539482
1100.674456
1100.796619
1100.903256
1100.993743
1101.068721
1101.129512
1101.177673
1101.214752
1101.242106
1101.260844
1101.271761
1101.275348
1101.271761
1101.260844
1101.242106
1101.214752
1101.177673
1101.129512
1101.068721
1100.993743
1100.903256
1100.796619
1100.674456
1100.539482
1100.397336
1100.257266
1100.132032
1100.036496
1099.984455
1044.739644
1044.804452
1044.922394
1045.075154
1045.243700
1045.412411
1045.570530
1045.711967
1045.834156
1045.936936
1046.021470
1046.089605
1046.143319
1046.184521
1046.214826
1046.235547
1046.247600
1046.251561
1046.247600
1046.235547
1046.214826
1046.184521
1046.143319
1046.089605
1046.021470
1045.936936
1045.834156
1045.711967
1045.570530
1045.412411
1045.243700
1045.075154
1044.922394
1044.804452
1044.739644
994.260575
994.339758
994.482422
994.664750
994.862936
995.058413
995.239089
995.398728
995.535162
995.648899
995.741736
995.816117
995.874460
995.919055
995.951749
995.974070
995.987025
995.991289
995.987025
995.974070
995.951749
995.919055
995.874460
995.816117
995.741736
995.648899
995.535162
995.398728
995.239089
995.058413
994.862936
994.664750
994.482422
994.339758
994.260575
947.786376
947.881880
948.051985
948.266211
948.495333
948.717824
948.920488
949.097307
949.246749
949.370218
949.470214
949.549870
949.612021
949.659375
949.693968
949.717562
949.731216
949.735726
949.731216
949.717562
949.693968
949.659375
949.612021
949.549870
949.470214
949.370218
949.246749
949.097307
948.920488
948.717824
948.495333
948.266211
948.051985
947.881880
947.786376
904.724474
904.838625
905.039294
905.288001
905.549410
905.799150
906.023197
906.216187
906.377442
906.509503
906.615600
906.699662
906.764884
906.814449
906.850504
906.875099
906.889265
906.893983
906.889265
906.875099
906.850504
906.814449
906.764884
906.699662
906.615600
906.509503
906.377442
906.216187
906.023197
905.799150
905.549410
905.288001
905.039294
904.838625
904.724474
864.604305
864.739870
864.974638
865.260631
865.555680
865.832851
866.077597
866.285746
866.457630
866.597219
866.708424
866.796120
866.863738
866.915046
866.952163
866.977538
866.992037
866.996946
866.992037
866.977538
866.952163
866.915046
866.863738
866.796120
866.708424
866.597219
866.457630
866.285746
866.077598
865.832851
865.555680
865.260631
864.974638
864.739870
864.604305
827.045905
827.206170
827.478998
827.805289
828.135267
828.439972
828.704622
828.926912
829.108233
829.254364
829.369724
829.460381
829.529756
829.582424
829.620221
829.646214
829.660862
829.665979
829.660862
829.646214
829.620221
829.582424
829.529756
829.460381
829.369724
829.254364
829.108233
828.926912
828.704622
828.439972
828.135267
827.805289
827.478998
827.206170
827.045905
791.737990
791.926863
792.242142
792.611932
792.978009
793.310258
793.593871
793.829290
794.018824
794.170602
794.289178
794.382231
794.452738
794.506476
794.544564
794.571088
794.585668
794.591060
794.585668
794.571088
794.544564
794.506476
794.452738
794.382231
794.289178
794.170602
794.018824
793.829290
793.593871
793.310258
792.978009
792.611932
792.242142
791.926863
791.737990
758.422269
758.644410
759.006961
759.423634
759.826786
760.186501
760.487951
760.735519
760.931980
761.088624
761.209462
761.304473
761.375467
761.430102
761.468052
761.495114
761.509354
761.515166
761.509354
761.495114
761.468052
761.430102
761.375467
761.304473
761.209462
761.088624
760.931980
760.735519
760.487951
760.186501
759.826786
759.423634
759.006961
758.644410
758.422269
726.881986
727.142968
727.558020
728.025145
728.466070
728.853107
729.171038
729.429851
729.631848
729.792735
729.914811
730.011512
730.082277
730.137790
730.175088
730.202832
730.216355
730.222853
730.216355
730.202832
730.175088
730.137790
730.082277
730.011512
729.914811
729.792735
729.631848
729.429851
729.171038
728.853107
728.466070
728.025145
727.558020
727.142968
726.881986
696.933383
697.239894
697.713039
698.234387
698.713400
699.127596
699.460355
699.729651
699.935627
700.100352
700.222515
700.320865
700.390545
700.447130
700.483108
700.511879
700.524136
700.531769
700.524136
700.511879
700.483108
700.447130
700.390545
700.320865
700.222515
700.100352
699.935627
699.729651
699.460355
699.127596
698.713400
698.234387
697.713039
697.239894
696.933383
668.419229
668.779328
669.316435
669.896018
670.412916
670.854172
671.199717
671.478975
671.687116
671.855590
671.976457
672.076733
672.144237
672.202395
672.236132
672.266563
672.276744
672.286237
672.276744
672.266563
672.236132
672.202395
672.144237
672.076733
671.976457
671.855590
671.687116
671.478975
671.199717
670.854172
670.412916
669.896018
669.316435
668.779328
668.419229
641.203849
641.627275
642.234364
642.876501
643.430394
643.898794
644.254567
644.543647
644.751752
644.924330
645.042158
645.145084
645.208948
645.269614
645.299803
645.332948
645.339843
645.352333
645.339843
645.332948
645.299803
645.269614
645.208948
645.145084
645.042158
644.924330
644.751752
644.543647
644.254567
643.898794
643.430394
642.876501
642.234364
641.627275
641.203849
615.169237
615.667807
616.350837
617.060277
617.649355
618.145350
618.508097
618.807435
619.012734
619.190407
619.302900
619.409832
619.468031
619.532755
619.557516
619.595036
619.596848
619.614067
619.596848
619.595036
619.557516
619.532755
619.468031
619.409832
619.302900
619.190407
619.012734
618.807435
618.508097
618.145350
617.649355
617.060277
616.350837
615.667807
615.169237
590.211986
590.800075
591.564663
592.346755
592.967999
593.492665
593.858183
594.169057
594.367954
594.552607
594.656657
594.769839
594.819523
594.890734
594.907348
594.951768
594.945854
594.970389
594.945854
594.951768
594.907348
594.890734
594.819523
594.769839
594.656657
594.552607
594.367954
594.169057
593.858183
593.492665
592.967999
592.346755
591.564663
590.800075
590.211986
566.240831
566.935974
567.786979
568.647943
569.296737
569.852125
570.214924
570.539814
570.727542
570.922304
571.013638
571.136553
571.173692
571.255044
571.259601
571.314663
571.297179
571.332825
571.297179
571.314663
571.259601
571.255044
571.173692
571.136553
571.013638
570.922304
570.727542
570.539814
570.214924
569.852125
569.296737
568.647943
567.786979
566.935974
566.240831
543.174649
543.998281
544.939253
545.886557
546.556179
547.145801
547.498638
547.841711
548.011854
548.221579
548.294279
548.432123
548.451033
548.547877
548.534802
548.605934
548.571364
548.623596
548.571364
548.605934
548.534802
548.547877
548.451033
548.432123
548.294279
548.221579
548.011854
547.841711
547.498638
547.145801
546.556179
545.886557
544.939253
543.998281
543.174649
520.940827
521.919187
522.951624
523.994513
524.675480
525.304945
525.638205
526.005957
526.149828
526.381722
526.427595
526.587904
526.580610
526.700628
526.662044
526.756997
526.697512
526.774123
526.697512
526.756997
526.662044
526.700628
526.580610
526.587904
526.427595
526.381722
526.149828
526.005957
525.638205
525.304945
524.675480
523.994513
522.951624
521.919187
520.940827
499.473897
500.639140
501.761505
502.911729
503.590944
504.268805
504.569686
504.971778
505.077584
505.342042
505.349783
505.543269
505.498668
505.652705
505.577597
505.707276
505.611909
505.723836
505.611909
505.707276
505.577597
505.652705
505.498668
505.543269
505.349783
505.342042
505.077584
504.971778
504.569686
504.268805
503.590944
502.911729
501.761505
500.639140
499.473897
478.714385
480.105941
481.312392
482.585175
483.244828
483.983685
484.235123
484.685480
484.737242
485.048930
485.003037
485.244665
485.147446
485.350587
485.223724
485.403269
485.256823
485.419237
485.256823
485.403269
485.223724
485.350587
485.147446
485.244665
485.003037
485.048930
484.737242
484.685480
484.235123
483.983685
483.244828
482.585175
481.312392
480.105941
478.714385
458.607832
460.274049
461.552811
462.968142
463.584301
464.402217
464.581506
465.099719
465.075874
465.455129
465.334501
465.644893
465.474129
465.747107
465.547631
465.797819
465.579472
465.813174
465.579472
465.797819
465.547631
465.747107
465.474129
465.644893
465.334501
465.455129
465.075874
465.099719
464.581506
464.402217
463.584301
462.968142
461.552811
460.274049
458.607832
439.103935
441.104078
442.435368
444.019681
444.560505
445.482822
445.559834
446.172962
446.044571
446.519193
446.295338
446.702558
446.429919
446.800896
446.500539
446.849574
446.531083
446.864298
446.531083
446.849574
446.500539
446.800896
446.429919
446.702558
446.295338
446.519193
446.044571
446.172962
445.559834
445.482822
444.560505
444.019681
442.435368
441.104078
439.103935
420.155790
422.562449
423.915875
425.704216
426.127686
427.189327
427.124254
427.869104
427.597583
428.205105
427.839863
428.381695
427.969166
428.476014
428.036815
428.522603
428.066031
428.536683
428.066031
428.522603
428.036815
428.476014
427.969166
428.381695
427.839863
428.205105
427.597583
427.869104
427.124254
427.189327
426.127686
425.704216
423.915875
422.562449
420.155790
401.719211
404.621193
405.952507
407.991302
408.242380
409.490735
409.231244
410.157237
409.691489
410.482046
409.924723
410.651530
410.048550
410.741709
410.113156
410.786166
410.141019
410.799590
410.141019
410.786166
410.113156
410.741709
410.048550
410.651530
409.924723
410.482046
409.691489
410.157237
409.231244
409.490735
408.242380
407.991302
405.952507
404.621193
401.719211
383.752093
387.257895
388.504974
390.855523
390.862597
392.361138
391.838799
393.011560
392.284400
393.324302
392.508090
393.486393
392.626274
393.572334
392.687777
393.614624
392.714269
393.627383
392.714269
393.614624
392.687777
393.572334
392.626274
393.486393
392.508090
393.324302
392.284400
393.011560
391.838799
392.361138
390.862597
390.855523
388.504974
387.257895
383.752093
366.213823
370.455768
371.533679
374.276531
373.947009
375.779768
374.905623
376.411432
375.335134
376.711317
375.548843
376.865770
375.661243
376.947393
375.719598
376.987490
375.744704
376.999578
375.744704
376.987490
375.719598
376.947393
375.661243
376.865770
375.548843
376.711317
375.335134
376.411432
374.905623
375.779768
373.947009
374.276531
371.533679
370.455768
366.213823
349.064698
354.203861
354.998836
358.239235
357.454098
359.731189
358.390278
360.341560
358.802370
360.627884
359.005718
360.774491
359.112221
360.851732
359.167393
360.889618
359.191104
360.901032
359.191104
360.889618
359.167393
360.851732
359.112221
360.774491
359.005718
360.627884
358.802370
360.341560
358.390278
359.731189
357.454098
358.239235
354.998836
354.203861
349.064698
332.265364
338.497409
338.859530
342.734124
341.341255
344.205640
342.250274
344.792340
342.643740
345.064480
342.836402
345.203069
342.936917
345.275882
342.988881
345.311544
343.011193
345.322282
343.011193
345.311544
342.988881
345.275882
342.936917
345.203069
342.836402
345.064480
342.643740
344.792340
342.250274
344.205640
341.341255
342.734124
338.859530
338.497409
332.265364
315.776243
323.338315
323.072694
327.757756
325.563791
329.199529
326.441088
329.760348
326.814843
330.017761
326.996544
330.148194
327.091002
330.216545
327.139745
330.249978
327.160654
330.260039
327.160654
330.249978
327.139745
330.216545
327.091002
330.148194
326.996544
330.017761
326.814843
329.760348
326.441088
329.199529
325.563791
327.757756
323.072694
323.338315
315.776243
299.556945
308.735792
307.591974
313.313416
310.073853
314.716097
310.915074
315.249004
311.268152
315.491224
311.438667
315.613393
311.527019
315.677264
311.572534
315.708467
311.592043
315.717852
311.592043
315.708467
311.572534
315.677264
311.527019
315.613393
311.438667
315.491224
311.268152
315.249004
310.915074
314.716097
310.073853
313.313416
307.591974
308.735792
299.556945
283.565652
294.707149
292.366471
299.411955
294.819205
300.766264
295.620242
301.269417
295.951798
301.496052
296.110945
301.609878
296.193161
301.669259
296.235450
301.698237
296.253562
301.706949
296.253562
301.698237
296.235450
301.669259
296.193161
301.609878
296.110945
301.496052
295.951798
301.269417
295.620242
300.766264
294.819205
299.411955
292.366471
294.707149
283.565652
267.758472
281.278771
277.339314
286.072834
279.741856
287.369680
280.498881
287.841430
280.808189
288.052157
280.955831
288.157587
281.031896
288.212481
281.070967
288.239243
281.087689
288.247286
281.087689
288.239243
281.070967
288.212481
281.031896
288.157587
280.955831
288.052157
280.808189
287.841430
280.498881
287.369680
279.741856
286.072834
277.339314
281.278771
267.758472
252.088736
268.487266
262.446055
273.325398
264.776509
274.555995
265.486008
274.994891
265.772454
275.189456
265.908493
275.286461
265.978409
275.336880
266.014275
275.361438
266.029617
275.368816
266.029617
275.361438
266.014275
275.336880
265.978409
275.286461
265.908493
275.189456
265.772454
274.994891
265.486008
274.555995
264.776509
273.325398
262.446055
268.487266
252.088736
236.506242
256.380832
247.612848
261.210398
249.848786
262.366386
250.507583
262.771176
250.770668
262.949387
250.895043
263.037959
250.958822
263.083924
250.991505
263.106295
251.005477
263.113013
251.005477
263.106295
250.991505
263.083924
250.958822
263.037959
250.895043
262.949387
250.770668
262.771176
250.507583
262.366386
249.848786
261.210398
247.612848
256.380832
236.506242
220.956431
245.020842
232.754379
249.781791
234.873211
250.855352
235.478494
251.224981
235.717824
251.386706
235.830507
251.466861
235.888178
251.508398
235.917701
251.528601
235.930316
251.534665
235.930316
251.528601
235.917701
251.508398
235.888178
251.466861
235.830507
251.386706
235.717824
251.224981
235.478494
250.855352
234.873211
249.781791
232.754379
245.020842
220.956431
205.379480
234.483684
217.771513
239.108863
219.750910
240.092827
220.300243
240.426438
220.515528
240.571600
220.616523
240.643368
220.668123
240.680515
220.694515
240.698570
220.705788
240.703989
220.705788
240.698570
220.694515
240.680515
220.668123
240.643368
220.616523
240.571600
220.515528
240.426438
220.300243
240.092827
219.750910
239.108863
217.771513
234.483684
205.379480
189.709302
224.862867
202.548631
229.278686
204.366977
230.166636
204.858316
230.463564
205.049362
230.592138
205.138703
230.655569
205.184280
230.688364
205.207573
230.704296
205.217519
230.709077
205.217519
230.704296
205.207573
230.688364
205.184280
230.655569
205.138703
230.592138
205.049362
230.463564
204.858316
230.166636
204.366977
229.278686
202.548631
224.862867
189.709302
173.872443
216.271434
186.950595
220.398982
188.587484
221.185338
189.019178
221.445103
189.185885
221.557113
189.263632
221.612270
189.303242
221.640762
189.323473
221.654597
189.332109
221.658747
189.332109
221.654597
189.323473
221.640762
189.303242
221.612270
189.263632
221.557113
189.185885
221.445103
189.019178
221.185338
188.587484
220.398982
186.950595
216.271434
173.872443
157.786861
208.844702
170.819322
212.601407
172.256065
213.281502
172.626862
213.503803
172.769216
213.599318
172.835451
213.646278
172.869161
213.670517
172.886368
213.682282
172.893711
213.685811
172.893711
213.682282
172.886368
213.670517
172.869161
213.646278
172.835451
213.599318
172.769216
213.503803
172.626862
213.281502
172.256065
212.601407
170.819322
208.844702
157.786861
141.360575
202.743374
153.969903
206.045326
155.190047
206.615460
155.499085
206.800166
155.617151
206.879294
155.671981
206.918148
155.699861
206.938189
155.714085
206.947914
155.720154
206.950830
155.720154
206.947914
155.714085
206.938189
155.699861
206.918148
155.671981
206.879294
155.617151
206.800166
155.499085
206.615460
155.190047
206.045326
153.969903
202.743374
141.360575
124.490159
198.157044
136.186221
200.922120
137.176045
201.379599
137.422843
201.526741
137.516761
201.589627
137.560310
201.620474
137.582438
201.636378
137.593724
201.644092
137.598538
201.646406
137.598538
201.644092
137.593724
201.636378
137.582438
201.620474
137.560310
201.589627
137.516761
201.526741
137.422843
201.379599
137.176045
200.922120
136.186221
198.157044
124.490159
107.059087
195.308150
117.216014
197.460096
117.964985
197.803242
118.149424
197.912998
118.219403
197.959823
118.251814
197.982773
118.268274
197.994601
118.276666
198.000337
118.280246
198.002057
118.280246
198.000337
118.276666
197.994601
118.268274
197.982773
118.251814
197.959823
118.219403
197.912998
118.149424
197.803242
117.964985
197.460096
117.216014
195.308150
107.059087
88.935885
194.456407
96.765322
195.930043
97.266470
196.158189
97.388781
196.230878
97.435090
196.261850
97.456522
196.277022
97.467401
196.284839
97.472947
196.288630
97.475313
196.289766
97.475313
196.288630
97.472947
196.284839
97.467401
196.277022
97.456522
196.261850
97.435090
196.230878
97.388781
196.158189
97.266470
195.930043
96.765322
194.456407
88.935885
69.972091
195.903774
74.492254
196.651530
74.742437
196.764987
74.803169
196.801051
74.826135
196.816407
74.836759
196.823927
74.842150
196.827801
74.844899
196.829679
74.846071
196.830243
74.846071
196.829679
74.844899
196.827801
74.842150
196.823927
74.836759
196.816407
74.826135
196.801051
74.803169
196.764987
74.742437
196.651530
74.492254
195.903774
69.972091
50.000000
200.000000
50.000000
200.000000
50.000000
200.000000
50.000000
200.000000
50.000000
200.000000
50.000000
200.000000
50.000000
200.000000
50.000000
200.000000
50.000000
200.000000
50.000000
200.000000
50.000000
200.000000
50.000000
200.000000
50.000000
200.000000
50.000000
200.000000
50.000000
200.000000
50.000000
200.000000
50.000000
200.000000
50.000000
