1500.000000
1500.000000
1500.000000
1500.000000
1500.000000
1500.000000
1500.000000
1500.000000
1500.000000
1500.000000
1500.000000
1500.000000
1500.000000
1500.000000
1500.000000
1500.000000
1500.000000
1500.000000
1500.000000
1500.000000
1500.000000
1500.000000
1500.000000
1500.000000
1500.000000
1500.000000
1500.000000
1500.000000
1500.000000
1500.000000
1500.000000
1500.000000
1500.000000
1500.000000
1500.000000
1500.000000
1500.000000
1500.000000
1500.000000
1500.000000
1500.000000
1500.000000
1500.000000
1500.000000
1500.000000
1395.207353
1395.212226
1395.221611
1395.234847
1395.251068
1395.269317
1395.288653
1395.308234
1395.327366
1395.345520
1395.362334
1395.377587
1395.391174
1395.403082
1395.413355
1395.422076
1395.429349
1395.435282
1395.439978
1395.443530
1395.446011
1395.447477
1395.447962
1395.447477
1395.446011
1395.443530
1395.439978
1395.435282
1395.429349
1395.422076
1395.413355
1395.403082
1395.391174
1395.377587
1395.362334
1395.345521
1395.327366
1395.308234
1395.288653
1395.269317
1395.251068
1395.234847
1395.221611
1395.212226
1395.207353
1306.394210
1306.403641
1306.421770
1306.447258
1306.478366
1306.513202
1306.549930
1306.586935
1306.622909
1306.656884
1306.688210
1306.716512
1306.741633
1306.763577
1306.782456
1306.798445
1306.811753
1306.822590
1306.831157
1306.837629
1306.842147
1306.844815
1306.845698
1306.844815
1306.842147
1306.837629
1306.831157
1306.822590
1306.811753
1306.798445
1306.782456
1306.763577
1306.741633
1306.716512
1306.688210
1306.656884
1306.622909
1306.586935
1306.549930
1306.513202
1306.478366
1306.447258
1306.421770
1306.403641
1306.394210
1229.327273
1229.341317
1229.368237
1229.405916
1229.451644
1229.502520
1229.555789
1229.609086
1229.660545
1229.708830
1229.753084
1229.792849
1229.827973
1229.858526
1229.884713
1229.906823
1229.925175
1229.940089
1229.951857
1229.960735
1229.966927
1229.970581
1229.971789
1229.970581
1229.966927
1229.960735
1229.951857
1229.940089
1229.925175
1229.906823
1229.884713
1229.858526
1229.827973
1229.792849
1229.753084
1229.708830
1229.660545
1229.609086
1229.555790
1229.502520
1229.451644
1229.405916
1229.368237
1229.341317
1229.327273
1161.258319
1161.277255
1161.313423
1161.363766
1161.424439
1161.491408
1161.560946
1161.629935
1161.696007
1161.757530
1161.813521
1161.863514
1161.907427
1161.945435
1161.977875
1162.005166
1162.027751
1162.046058
1162.060475
1162.071335
1162.078900
1162.083362
1162.084836
1162.083362
1162.078900
1162.071335
1162.060475
1162.046058
1162.027751
1162.005166
1161.977875
1161.945435
1161.907427
1161.863514
1161.813521
1161.757530
1161.696007
1161.629935
1161.560946
1161.491408
1161.424439
1161.363766
1161.313423
1161.277255
1161.258320
1100.302224
1100.326495
1100.372660
1100.436503
1100.512822
1100.596297
1100.682149
1100.766520
1100.846592
1100.920520
1100.987282
1101.046480
1101.098161
1101.142656
1101.180460
1101.212140
1101.238273
1101.259400
1101.276004
1101.288490
1101.297177
1101.302297
1101.303988
1101.302297
1101.297177
1101.288490
1101.276004
1101.259400
1101.238273
1101.212140
1101.180460
1101.142656
1101.098161
1101.046480
1100.987282
1100.920520
1100.846592
1100.766520
1100.682149
1100.596297
1100.512822
1100.436503
1100.372660
1100.326495
1100.302224
1045.109742
1045.139939
1045.197095
1045.275553
1045.368485
1045.469101
1045.571499
1045.671093
1045.764686
1045.850316
1045.927010
1045.994521
1046.053081
1046.103220
1046.145619
1046.181008
1046.210103
1046.233562
1046.251958
1046.265768
1046.275365
1046.281017
1046.282883
1046.281017
1046.275365
1046.265768
1046.251958
1046.233562
1046.210103
1046.181008
1046.145619
1046.103220
1046.053081
1045.994521
1045.927010
1045.850316
1045.764686
1045.671093
1045.571499
1045.469101
1045.368485
1045.275553
1045.197095
1045.139939
1045.109742
994.681933
994.718787
994.788156
994.882586
994.993303
995.111843
995.231116
995.345845
995.452542
995.549234
995.635098
995.710111
995.774752
995.829786
995.876101
995.914603
995.946152
995.971519
995.991369
996.006246
996.016572
996.022648
996.024653
996.022648
996.016572
996.006246
995.991369
995.971519
995.946152
995.914603
995.876101
995.829786
995.774752
995.710111
995.635098
995.549234
995.452542
995.345845
995.231116
995.111843
994.993303
994.882586
994.788156
994.718787
994.681933
948.258507
948.302898
948.385933
948.497920
948.627758
948.765102
948.901623
949.031416
949.150816
949.257957
949.352268
949.434029
949.504018
949.563269
949.612892
949.653980
949.687535
949.714444
949.735454
949.751175
949.762074
949.768483
949.770596
949.768483
949.762074
949.751175
949.735454
949.714444
949.687535
949.653980
949.612892
949.563269
949.504018
949.434029
949.352268
949.257957
949.150816
949.031416
948.901623
948.765102
948.627758
948.497920
948.385933
948.302898
948.258507
905.247368
905.300346
905.398743
905.530090
905.680527
905.837612
905.991758
906.136527
906.268212
906.385191
906.487247
906.575042
906.649697
906.712542
906.764925
906.808128
906.843295
906.871422
906.893338
906.909710
906.921047
906.927708
906.929904
906.927708
906.921047
906.909710
906.893338
906.871422
906.843295
906.808128
906.764925
906.712542
906.649697
906.575042
906.487247
906.385191
906.268212
906.136527
905.991758
905.837612
905.680527
905.530090
905.398743
905.300346
905.247368
865.178366
865.241171
865.356893
865.509627
865.682259
865.860051
866.032170
866.191782
866.335302
866.461495
866.570605
866.663746
866.742425
866.808291
866.862934
866.907829
866.944256
866.973319
866.995914
867.012772
867.024428
867.031275
867.033529
867.031275
867.024428
867.012772
866.995914
866.973319
866.944256
866.907829
866.862934
866.808291
866.742425
866.663746
866.570605
866.461495
866.335302
866.191782
866.032170
865.860051
865.682259
865.509627
865.356893
865.241171
865.178366
827.671915
827.746012
827.881317
828.057690
828.254215
828.453678
828.644062
828.818326
828.973181
829.107944
829.223417
829.321243
829.403336
829.471693
829.528138
829.574346
829.611716
829.641464
829.664541
829.681738
829.693611
829.700586
829.702877
829.700586
829.693611
829.681738
829.664541
829.641464
829.611716
829.574346
829.528138
829.471693
829.403336
829.321243
829.223417
829.107944
828.973181
828.818326
828.644062
828.453679
828.254215
828.057690
827.881318
827.746012
827.671915
792.417088
792.504205
792.661682
792.864179
793.086375
793.308451
793.517314
793.705958
793.871592
794.014258
794.135403
794.237271
794.322200
794.392554
794.450379
794.497558
794.535588
794.565803
794.589184
794.606596
794.618592
794.625647
794.627953
794.625647
794.618592
794.606596
794.589184
794.565803
794.535588
794.497558
794.450379
794.392554
794.322200
794.237271
794.135403
794.014258
793.871592
793.705958
793.517314
793.308451
793.086375
792.864179
792.661682
792.504205
792.417088
759.155949
759.258134
759.440735
759.672082
759.921786
760.167365
760.394822
760.597492
760.773283
760.923161
761.049281
761.154573
761.241781
761.313680
761.372493
761.420339
761.458768
761.489259
761.512784
761.530307
761.542340
761.549438
761.551736
761.549438
761.542340
761.530307
761.512784
761.489259
761.458768
761.420339
761.372493
761.313680
761.241781
761.154573
761.049281
760.923161
760.773283
760.597492
760.394822
760.167365
759.921786
759.672082
759.440735
759.258134
759.155949
727.672102
727.791787
728.002876
728.266047
728.545125
728.815026
729.061067
729.277319
729.462575
729.618957
729.749346
729.857469
729.946421
730.019448
730.078881
730.127127
730.165713
730.196321
730.219838
730.237390
730.249376
730.256494
730.258755
730.256494
730.249376
730.237390
730.219838
730.196321
730.165713
730.127127
730.078881
730.019448
729.946421
729.857469
729.749346
729.618957
729.462575
729.277319
729.061067
728.815026
728.545125
728.266047
728.002876
727.791787
727.672102
697.782172
697.922254
698.165649
698.463869
698.774183
699.069131
699.333601
699.562903
699.756857
699.919022
700.052963
700.163356
700.253527
700.327314
700.387011
700.435432
700.473942
700.504541
700.527900
700.545425
700.557274
700.564408
700.566589
700.564408
700.557274
700.545425
700.527900
700.504541
700.473942
700.435432
700.387011
700.327314
700.253527
700.163356
700.052963
699.919022
699.756857
699.562903
699.333601
699.069131
698.774183
698.463869
698.165649
697.922254
697.782172
669.329341
669.493292
669.773307
670.110059
670.453423
670.774034
671.056607
671.298344
671.500140
671.667374
671.804128
671.916276
672.007142
672.081371
672.140979
672.189400
672.227595
672.258106
672.281143
672.298623
672.310224
672.317404
672.319436
672.317404
672.310224
672.298623
672.281143
672.258106
672.227595
672.189400
672.140979
672.081371
672.007142
671.916276
671.804128
671.667374
671.500140
671.298344
671.056607
670.774034
670.453423
670.110059
669.773307
669.493292
669.329341
642.178387
642.370386
642.691873
643.070901
643.449024
643.795796
644.095939
644.349436
644.558118
644.729735
644.868521
644.981978
645.072993
645.147422
645.206565
645.254881
645.292495
645.322897
645.345416
645.362888
645.374093
645.381396
645.383167
645.381396
645.374093
645.362888
645.345416
645.322897
645.292495
645.254881
645.206565
645.147422
645.072993
644.981978
644.868521
644.729735
644.558118
644.349436
644.095939
643.795796
643.449024
643.070901
642.691873
642.370386
642.178387
616.211813
616.436918
616.805292
617.230616
617.645026
618.018338
618.335275
618.599827
618.814306
618.989686
619.129658
619.244073
619.334640
619.409130
619.467379
619.515582
619.552288
619.582654
619.604393
619.621981
619.632567
619.640154
619.641474
619.640154
619.632567
619.621981
619.604393
619.582654
619.552288
619.515582
619.467379
619.409130
619.334640
619.244073
619.129658
618.989686
618.814306
618.599827
618.335275
618.018338
617.645026
617.230616
616.805292
616.436918
616.211813
591.326783
591.591156
592.012404
592.488332
592.940280
593.340418
593.673067
593.947990
594.167007
594.345648
594.485845
594.601020
594.690440
594.765003
594.821823
594.870051
594.905412
594.935956
594.956533
594.974495
594.984120
594.992279
594.992833
594.992279
594.984120
594.974495
594.956533
594.935956
594.905412
594.870051
594.821823
594.765003
594.690440
594.601020
594.485845
594.345648
594.167007
593.947990
593.673067
593.340418
592.940280
592.488332
592.012404
591.591156
591.326783
567.432682
567.743866
568.224531
568.755692
569.246016
569.673222
570.020112
570.304830
570.526878
570.708484
570.847755
570.963722
571.051114
571.125992
571.180663
571.229280
571.262665
571.293816
571.312655
571.331462
571.339581
571.348810
571.348078
571.348810
571.339581
571.331462
571.312655
571.293816
571.262665
571.229280
571.180663
571.125992
571.051114
570.963722
570.847755
570.708484
570.526878
570.304830
570.020112
569.673222
569.246016
568.755692
568.224531
567.743866
567.432682
544.449126
544.816420
545.363521
545.954929
546.483877
546.938442
547.297591
547.591759
547.814975
547.999577
548.136464
548.253605
548.337788
548.413573
548.465068
548.514778
548.545244
548.577771
548.593974
548.614431
548.620175
548.631303
548.628436
548.631303
548.620175
548.614431
548.593974
548.577771
548.545244
548.514778
548.465068
548.413573
548.337788
548.253605
548.136464
547.999577
547.814975
547.591759
547.297591
546.938442
546.483877
545.954929
545.363521
544.816420
544.449126
522.304344
522.739272
523.360163
524.017314
524.584300
525.066723
525.435457
525.739153
525.961140
526.149288
526.281846
526.401078
526.480386
526.558199
526.605002
526.657034
526.683142
526.718329
526.730499
526.753923
526.755920
526.770285
526.763929
526.770285
526.755920
526.753923
526.730499
526.718329
526.683142
526.657034
526.605002
526.558199
526.480386
526.401078
526.281846
526.149288
525.961140
525.739153
525.435457
525.066723
524.584300
524.017314
523.360163
522.739272
522.304344
500.933822
501.450749
502.152865
502.881914
503.485178
503.996417
504.371100
504.685104
504.902674
505.095708
505.221239
505.344284
505.416297
505.498060
505.537891
505.594266
505.613808
505.653729
505.659696
505.688187
505.684290
505.704010
505.692034
505.704010
505.684290
505.688187
505.659696
505.653729
505.613808
505.594266
505.537891
505.498060
505.416297
505.344284
505.221239
505.095708
504.902674
504.685104
504.371100
503.996417
503.485178
502.881914
502.152865
501.450749
500.933822
480.279167
480.896089
481.686541
482.494577
483.130724
483.672571
484.048222
484.374424
484.583207
484.783659
484.898319
485.028097
485.089248
485.178072
485.207498
485.271422
485.281029
485.328935
485.325364
485.362200
485.349092
485.377459
485.356558
485.377459
485.349092
485.362200
485.325364
485.328935
485.281029
485.271422
485.207498
485.178072
485.089248
485.028097
484.898319
484.783659
484.583207
484.374424
484.048222
483.672571
483.130724
482.494577
481.686541
480.896089
480.279167
460.287129
461.026697
461.911654
462.807130
463.470492
464.046133
464.415863
464.757841
464.951730
465.163898
465.262130
465.403329
465.448331
465.549091
465.562949
465.639382
465.633953
465.694845
465.676663
465.726866
465.699491
465.741541
465.706670
465.741541
465.699491
465.726866
465.676663
465.694845
465.633953
465.639382
465.562949
465.549091
465.448331
465.403329
465.262130
465.163898
464.951730
464.757841
464.415863
464.046133
463.470492
462.807130
461.911654
461.026697
460.287129
440.908743
441.799589
442.783366
443.776752
444.458506
445.073327
445.427544
445.791392
445.961733
446.192498
446.266219
446.426112
446.447145
446.567288
446.557875
446.654343
446.626227
446.707669
446.667254
446.738405
446.689154
446.752479
446.696037
446.752479
446.689154
446.738405
446.667254
446.707669
446.626227
446.654343
446.557875
446.567288
446.447145
446.426112
446.266219
446.192498
445.961733
445.791392
445.427544
445.073327
444.458506
443.776752
442.783366
441.799589
440.908743
422.098572
423.177004
424.260762
425.365502
426.052460
426.715197
427.040470
427.435961
427.570420
427.830394
427.867852
428.057439
428.043003
428.193694
428.149621
428.277360
428.215216
428.328477
428.254509
428.357894
428.275458
428.371352
428.282039
428.371352
428.275458
428.357894
428.254509
428.328477
428.215216
428.277360
428.149621
428.193694
428.043003
428.057439
427.867852
427.830394
427.570420
427.435961
427.040470
426.715197
426.052460
425.365502
424.260762
423.177004
422.098572
403.813994
405.126186
406.306097
407.540004
408.212959
408.937300
409.214789
409.656981
409.737953
410.043082
410.027260
410.262865
410.196185
410.393902
410.298493
410.474047
410.361242
410.522895
410.398759
410.550965
410.418741
410.563797
410.425014
410.563797
410.418741
410.550965
410.398759
410.522895
410.361242
410.474047
410.298493
410.393902
410.196185
410.262865
410.027260
410.043082
409.737953
409.656981
409.214789
408.937300
408.212959
407.540004
406.306097
405.126186
403.813994
386.014545
387.619331
388.884044
390.271284
390.902759
391.709565
391.912834
392.424293
392.426705
392.800477
392.706887
393.012364
392.869180
393.137922
392.967008
393.214433
393.026837
393.260961
393.062545
393.287663
393.081545
393.299861
393.087507
393.299861
393.081545
393.287663
393.062545
393.260961
393.026837
393.214433
392.967008
393.137922
392.869180
393.012364
392.706887
392.800477
392.426705
392.424293
391.912834
391.709565
390.902759
390.271284
388.884044
387.619331
386.014545
368.661256
370.633715
371.960904
373.534767
374.085965
375.006307
375.098339
375.712168
375.600474
376.076930
375.870605
376.280346
376.025906
376.400196
376.119107
376.472980
376.175955
376.517150
376.209829
376.542467
376.227837
376.554025
376.233485
376.554025
376.227837
376.542467
376.209829
376.517150
376.175955
376.472980
376.119107
376.400196
376.025906
376.280346
375.870605
376.076930
375.600474
375.712168
375.098339
375.006307
374.085965
373.534767
371.960904
370.633715
368.661256
351.715997
354.152000
355.503717
357.310458
357.727166
358.806437
358.735581
359.499509
359.223617
359.851437
359.482846
360.045865
359.630838
360.159811
359.719291
360.228791
359.773109
360.270571
359.805130
360.294492
359.822138
360.305405
359.827471
360.305405
359.822138
360.294492
359.805130
360.270571
359.773109
360.228791
359.719291
360.159811
359.630838
360.045865
359.482846
359.851437
359.223617
359.499509
358.735581
358.806437
357.727166
357.310458
355.503717
354.152000
351.715997
335.140781
338.162773
339.479262
341.583332
341.790439
343.093871
342.788394
343.770270
343.260070
344.108049
343.507626
344.293030
343.648033
344.400905
343.731635
344.466019
343.782386
344.505389
343.812542
344.527905
343.828546
344.538172
343.833563
344.538172
343.828546
344.527905
343.812542
344.505389
343.782386
344.466019
343.731635
344.400905
343.648033
344.293030
343.507626
344.108049
343.260070
343.770270
342.788394
343.093871
341.790439
341.583332
339.479262
338.162773
335.140781
318.897014
322.661320
323.852851
326.343964
326.238192
327.858200
327.219017
328.514121
327.672194
328.836538
327.907382
329.011669
328.039968
329.113335
328.118638
329.174536
328.166296
329.211480
328.194579
329.232589
328.209578
329.242210
328.214278
329.242210
328.209578
329.232589
328.194579
329.211480
328.166296
329.174536
328.118638
329.113335
328.039968
329.011669
327.907382
328.836538
327.672194
328.514121
327.219017
327.858200
326.238192
326.343964
323.852851
322.661320
318.897014
302.944665
307.650698
308.586892
311.589460
311.029769
313.095645
311.986713
313.727404
312.419386
314.033357
312.641589
314.198289
312.766156
314.293633
312.839832
314.350888
312.884380
314.385398
312.910786
314.405099
312.924781
314.414074
312.929165
314.414074
312.924781
314.405099
312.910786
314.385398
312.884380
314.350888
312.839832
314.293633
312.766156
314.198289
312.641589
314.033357
312.419386
313.727404
311.986713
313.095645
311.029769
311.589460
308.586892
307.650698
302.944665
287.241326
293.143145
293.639129
297.324745
296.119754
298.810381
297.046076
299.414455
297.456392
299.702950
297.665070
299.857388
297.781455
299.946322
297.850090
299.999608
297.891519
300.031682
297.916050
300.049979
297.929044
300.058310
297.933113
300.058310
297.929044
300.049979
297.916050
300.031682
297.891519
299.999608
297.850090
299.946322
297.781455
299.857388
297.665070
299.702950
297.456392
299.414455
297.046076
298.810381
296.119754
297.324745
293.639129
293.143145
287.241326
271.741138
279.161900
278.960467
283.564284
281.455892
285.016289
282.344955
285.589354
282.731221
285.859513
282.925910
286.003209
283.033984
286.085669
283.097550
286.134974
283.135857
286.164617
283.158519
286.181514
283.170517
286.189205
283.174273
286.189205
283.170517
286.181514
283.158519
286.164617
283.135857
286.134974
283.097550
286.085669
283.033984
286.003209
282.925910
285.859513
282.731221
285.589354
282.344955
285.016289
281.455892
283.564284
278.960467
279.161900
271.741138
256.393526
265.743508
264.492303
270.334332
266.976522
271.739245
267.821886
272.278209
268.182581
272.529265
268.362891
272.662023
268.462557
272.737963
268.521037
272.783288
268.556230
272.810507
268.577032
272.826013
268.588039
272.833068
268.591484
272.833068
268.588039
272.826013
268.577032
272.810507
268.556230
272.783288
268.521037
272.737963
268.462557
272.662023
268.362891
272.529265
268.182581
272.278209
267.821886
271.739245
266.976522
270.334332
264.492303
265.743508
256.393526
241.141735
252.940698
250.163214
257.675842
252.607393
259.020048
253.402915
259.522083
253.736697
259.753383
253.902308
259.875050
253.993499
259.944448
254.046890
259.985799
254.078980
260.010608
254.097933
260.024732
254.107958
260.031157
254.111096
260.031157
254.107958
260.024732
254.097933
260.010608
254.078980
259.985799
254.046890
259.944448
253.993499
259.875050
253.902308
259.753383
253.736697
259.522083
253.402915
259.020048
252.607393
257.675842
250.163214
252.940698
241.141735
225.921090
240.825951
235.884882
245.648151
238.257739
246.918137
238.997663
247.380706
239.303371
247.591709
239.454033
247.702174
239.536708
247.765023
239.585021
247.802417
239.614026
247.824832
239.631145
247.837587
239.640197
247.843388
239.643029
247.843388
239.640197
247.837587
239.631145
247.824832
239.614026
247.802417
239.585021
247.765023
239.536708
247.702174
239.454033
247.591709
239.303371
247.380706
238.997663
246.918137
238.257739
245.648151
235.884882
240.825951
225.921090
210.656941
229.495888
221.547079
234.333627
223.815424
235.516260
224.494469
235.937133
224.771127
236.127408
224.906654
236.226603
224.980799
236.282913
225.024054
236.316373
225.049996
236.336415
225.065299
236.347814
225.073388
236.352997
225.075918
236.352997
225.073388
236.347814
225.065299
236.336415
225.049996
236.316373
225.024054
236.282913
224.980799
236.226603
224.906654
236.127408
224.771127
235.937133
224.494469
235.516260
223.815424
234.333627
221.547079
229.495888
210.656941
195.262231
219.076627
207.011508
223.843477
209.140964
224.926285
209.754400
225.303563
210.001216
225.472782
210.121486
225.560675
210.187110
225.610471
210.225337
225.640028
210.248244
225.657720
210.261750
225.667779
210.268886
225.672351
210.271119
225.672351
210.268886
225.667779
210.261750
225.657720
210.248244
225.640028
210.225337
225.610471
210.187110
225.560675
210.121486
225.472782
210.001216
225.303563
209.754400
224.926285
209.140964
223.843477
207.011508
219.076627
195.262231
179.634606
209.730288
192.104282
214.324943
194.060186
215.296410
194.603903
215.628527
194.820268
215.776464
194.925216
215.853058
194.982349
215.896381
195.015588
215.922070
195.035491
215.937438
195.047221
215.946172
195.053417
215.950142
195.055355
215.950142
195.053417
215.946172
195.047221
215.937438
195.035491
215.922070
195.015588
215.896381
194.982349
215.853058
194.925216
215.776464
194.820268
215.628527
194.603903
215.296410
194.060186
214.324943
192.104282
209.730288
179.634606
163.652999
201.662862
176.606763
205.970178
178.355242
206.820018
178.825804
207.105750
179.011284
207.232276
179.100902
207.297608
179.149594
207.334508
179.177892
207.356370
179.194826
207.369443
179.204802
207.376871
179.210071
207.380247
179.211719
207.380247
179.210071
207.376871
179.204802
207.369443
179.194826
207.356370
179.177892
207.334508
179.149594
207.297608
179.100902
207.232276
179.011284
207.105750
178.825804
206.820018
178.355242
205.970178
176.606763
201.662862
163.652999
147.173574
195.133673
160.244441
199.027124
161.753647
199.746543
162.148330
199.985005
162.302663
200.090081
162.376991
200.144216
162.417311
200.174756
162.440723
200.192839
162.454726
200.203647
162.462972
200.209787
162.467327
200.212576
162.468689
200.212576
162.467327
200.209787
162.462972
200.203647
162.454726
200.192839
162.440723
200.174756
162.417311
200.144216
162.376991
200.090081
162.302663
199.985005
162.148330
199.746543
161.753647
199.027124
160.244441
195.133673
147.173574
130.024940
190.466731
142.673498
193.812778
143.914957
194.394694
144.231773
194.585334
144.354858
194.669007
144.413984
194.712038
144.446017
194.736291
144.464603
194.750643
144.475716
194.759219
144.482259
194.764090
144.485713
194.766303
144.486793
194.766303
144.485713
194.764090
144.482259
194.759219
144.475716
194.750643
144.464603
194.736291
144.446017
194.712038
144.413984
194.669007
144.354858
194.585334
144.231773
194.394694
143.914957
193.812778
142.673498
190.466731
130.024940
112.002499
188.064280
123.464629
190.729295
124.414635
191.168511
124.652335
191.311099
124.744227
191.373493
124.788281
191.405538
124.812126
191.423586
124.825954
191.434262
124.834219
191.440640
124.839085
191.444262
124.841653
191.445907
124.842456
191.445907
124.841653
191.444262
124.839085
191.440640
124.834219
191.434262
124.825954
191.423586
124.812126
191.405538
124.788281
191.373493
124.744227
191.311099
124.652335
191.168511
124.414635
190.729295
123.464629
188.064280
112.002499
92.861784
188.422926
102.083615
190.283447
102.724583
190.576763
102.882649
190.671374
102.943543
190.712687
102.972697
190.733885
102.988465
190.745818
102.997607
190.752874
103.003070
190.757089
103.006285
190.759483
103.007982
190.760570
103.008513
190.760570
103.007982
190.759483
103.006285
190.757089
103.003070
190.752874
102.997607
190.745818
102.988465
190.733885
102.972697
190.712687
102.943543
190.671374
102.882649
190.576763
102.724583
190.283447
102.083615
188.422926
92.861784
72.310632
192.152764
77.868116
193.110042
78.189734
193.256291
78.268347
193.303284
78.298571
193.323779
78.313029
193.334290
78.320847
193.340204
78.325378
193.343702
78.328085
193.345791
78.329678
193.346977
78.330519
193.347515
78.330782
193.347515
78.330519
193.346977
78.329678
193.345791
78.328085
193.343702
78.325378
193.340204
78.320847
193.334290
78.313029
193.323779
78.298571
193.303284
78.268347
193.256291
78.189734
193.110042
77.868116
192.152764
72.310632
50.000000
200.000000
50.000000
200.000000
50.000000
200.000000
50.000000
200.000000
50.000000
200.000000
50.000000
200.000000
50.000000
200.000000
50.000000
200.000000
50.000000
200.000000
50.000000
200.000000
50.000000
200.000000
50.000000
200.000000
50.000000
200.000000
50.000000
200.000000
50.000000
200.000000
50.000000
200.000000
50.000000
200.000000
50.000000
200.000000
50.000000
200.000000
50.000000
200.000000
50.000000
200.000000
50.000000
200.000000
50.000000
