1500.000000
1500.000000
1500.000000
1500.000000
1500.000000
1500.000000
1500.000000
1500.000000
1500.000000
1500.000000
1500.000000
1500.000000
1500.000000
1500.000000
1500.000000
1500.000000
1500.000000
1500.000000
1500.000000
1500.000000
1500.000000
1500.000000
1500.000000
1500.000000
1500.000000
1500.000000
1500.000000
1500.000000
1500.000000
1500.000000
1500.000000
1500.000000
1500.000000
1500.000000
1500.000000
1500.000000
1500.000000
1500.000000
1500.000000
1500.000000
1395.477867
1395.477867
1395.477867
1395.477867
1395.477867
1395.477867
1395.477867
1395.477867
1395.477867
1395.477867
1395.477867
1395.477867
1395.477867
1395.477867
1395.477867
1395.477867
1395.477867
1395.477867
1395.477867
1395.477867
1395.477867
1395.477867
1395.477867
1395.477867
1395.477867
1395.477867
1395.477867
1395.477867
1395.477867
1395.477867
1395.477867
1395.477867
1395.477867
1395.477867
1395.477867
1395.477867
1395.477867
1395.477867
1395.477867
1395.477867
1306.899789
1306.899789
1306.899789
1306.899789
1306.899789
1306.899789
1306.899789
1306.899789
1306.899789
1306.899789
1306.899789
1306.899789
1306.899789
1306.899789
1306.899789
1306.899789
1306.899789
1306.899789
1306.899789
1306.899789
1306.899789
1306.899789
1306.899789
1306.899789
1306.899789
1306.899789
1306.899789
1306.899789
1306.899789
1306.899789
1306.899789
1306.899789
1306.899789
1306.899789
1306.899789
1306.899789
1306.899789
1306.899789
1306.899789
1306.899789
1230.045279
1230.045279
1230.045279
1230.045279
1230.045279
1230.045279
1230.045279
1230.045279
1230.045279
1230.045280
1230.045279
1230.045280
1230.045280
1230.045280
1230.045280
1230.045280
1230.045279
1230.045280
1230.045279
1230.045279
1230.045279
1230.045279
1230.045279
1230.045279
1230.045279
1230.045279
1230.045279
1230.045280
1230.045280
1230.045280
1230.045280
1230.045280
1230.045280
1230.045280
1230.045280
1230.045280
1230.045279
1230.045280
1230.045279
1230.045279
1162.173765
1162.173765
1162.173765
1162.173765
1162.173765
1162.173765
1162.173765
1162.173765
1162.173765
1162.173765
1162.173765
1162.173765
1162.173765
1162.173765
1162.173765
1162.173765
1162.173765
1162.173765
1162.173765
1162.173765
1162.173765
1162.173765
1162.173765
1162.173765
1162.173765
1162.173765
1162.173765
1162.173765
1162.173765
1162.173765
1162.173765
1162.173765
1162.173765
1162.173765
1162.173765
1162.173765
1162.173765
1162.173765
1162.173765
1162.173765
1101.405083
1101.405083
1101.405083
1101.405083
1101.405083
1101.405083
1101.405083
1101.405083
1101.405083
1101.405083
1101.405083
1101.405083
1101.405083
1101.405083
1101.405083
1101.405083
1101.405083
1101.405083
1101.405083
1101.405083
1101.405083
1101.405083
1101.405083
1101.405083
1101.405083
1101.405083
1101.405083
1101.405083
1101.405083
1101.405083
1101.405083
1101.405083
1101.405083
1101.405083
1101.405083
1101.405083
1101.405083
1101.405083
1101.405083
1101.405083
1046.393434
1046.393434
1046.393434
1046.393434
1046.393434
1046.393434
1046.393434
1046.393434
1046.393434
1046.393434
1046.393434
1046.393434
1046.393434
1046.393434
1046.393434
1046.393434
1046.393434
1046.393434
1046.393434
1046.393434
1046.393434
1046.393434
1046.393434
1046.393434
1046.393434
1046.393434
1046.393434
1046.393434
1046.393434
1046.393434
1046.393434
1046.393434
1046.393434
1046.393434
1046.393434
1046.393434
1046.393434
1046.393434
1046.393434
1046.393434
996.142408
996.142410
996.142408
996.142410
996.142408
996.142410
996.142408
996.142410
996.142408
996.142410
996.142408
996.142410
996.142408
996.142410
996.142408
996.142410
996.142408
996.142410
996.142408
996.142410
996.142408
996.142410
996.142408
996.142410
996.142408
996.142410
996.142408
996.142410
996.142408
996.142410
996.142408
996.142410
996.142408
996.142410
996.142408
996.142410
996.142408
996.142410
996.142408
996.142410
949.893676
949.893679
949.893676
949.893679
949.893676
949.893679
949.893676
949.893679
949.893676
949.893679
949.893676
949.893679
949.893676
949.893679
949.893676
949.893679
949.893676
949.893679
949.893676
949.893679
949.893676
949.893679
949.893676
949.893679
949.893676
949.893679
949.893676
949.893679
949.893676
949.893679
949.893676
949.893679
949.893676
949.893679
949.893676
949.893679
949.893676
949.893679
949.893676
949.893679
907.056734
907.056742
907.056734
907.056742
907.056734
907.056742
907.056734
907.056742
907.056734
907.056742
907.056734
907.056742
907.056734
907.056742
907.056734
907.056742
907.056734
907.056742
907.056734
907.056742
907.056734
907.056742
907.056734
907.056742
907.056734
907.056742
907.056734
907.056742
907.056734
907.056742
907.056734
907.056742
907.056734
907.056742
907.056734
907.056742
907.056734
907.056742
907.056734
907.056742
867.162786
867.162803
867.162786
867.162803
867.162786
867.162803
867.162786
867.162803
867.162786
867.162803
867.162786
867.162803
867.162786
867.162803
867.162786
867.162803
867.162786
867.162803
867.162786
867.162803
867.162786
867.162803
867.162786
867.162803
867.162786
867.162803
867.162786
867.162803
867.162786
867.162803
867.162786
867.162803
867.162786
867.162803
867.162786
867.162803
867.162786
867.162803
867.162786
867.162803
829.833443
829.833480
829.833443
829.833480
829.833443
829.833480
829.833443
829.833480
829.833443
829.833480
829.833443
829.833480
829.833443
829.833480
829.833443
829.833480
829.833443
829.833480
829.833443
829.833480
829.833443
829.833480
829.833443
829.833480
829.833443
829.833480
829.833443
829.833480
829.833443
829.833480
829.833443
829.833480
829.833443
829.833480
829.833443
829.833480
829.833443
829.833480
829.833443
829.833480
794.758881
794.758960
794.758881
794.758960
794.758881
794.758960
794.758881
794.758960
794.758881
794.758960
794.758881
794.758960
794.758881
794.758960
794.758881
794.758960
794.758881
794.758960
794.758881
794.758960
794.758881
794.758960
794.758881
794.758960
794.758881
794.758960
794.758881
794.758960
794.758881
794.758960
794.758881
794.758960
794.758881
794.758960
794.758881
794.758960
794.758881
794.758960
794.758881
794.758960
761.682216
761.682376
761.682216
761.682376
761.682216
761.682376
761.682216
761.682376
761.682216
761.682376
761.682216
761.682376
761.682216
761.682376
761.682216
761.682376
761.682216
761.682376
761.682216
761.682376
761.682216
761.682376
761.682216
761.682376
761.682216
761.682376
761.682216
761.682376
761.682216
761.682376
761.682216
761.682376
761.682216
761.682376
761.682216
761.682376
761.682216
761.682376
761.682216
761.682376
730.388089
730.388399
730.388089
730.388399
730.388089
730.388399
730.388089
730.388399
730.388089
730.388399
730.388089
730.388399
730.388089
730.388399
730.388089
730.388399
730.388089
730.388399
730.388089
730.388399
730.388089
730.388399
730.388089
730.388399
730.388089
730.388399
730.388089
730.388399
730.388089
730.388399
730.388089
730.388399
730.388089
730.388399
730.388089
730.388399
730.388089
730.388399
730.388089
730.388399
700.694164
700.694749
700.694164
700.694749
700.694164
700.694749
700.694164
700.694749
700.694164
700.694749
700.694164
700.694749
700.694164
700.694749
700.694164
700.694749
700.694164
700.694749
700.694164
700.694749
700.694164
700.694749
700.694164
700.694749
700.694164
700.694749
700.694164
700.694749
700.694164
700.694749
700.694164
700.694749
700.694164
700.694749
700.694164
700.694749
700.694164
700.694749
700.694164
700.694749
672.444695
672.445768
672.444695
672.445768
672.444695
672.445768
672.444695
672.445768
672.444695
672.445768
672.444695
672.445768
672.444695
672.445768
672.444695
672.445768
672.444695
672.445768
672.444695
672.445768
672.444695
672.445768
672.444695
672.445768
672.444695
672.445768
672.444695
672.445768
672.444695
672.445768
672.444695
672.445768
672.444695
672.445768
672.444695
672.445768
672.444695
672.445768
672.444695
672.445768
645.505582
645.507493
645.505582
645.507493
645.505582
645.507493
645.505582
645.507493
645.505582
645.507493
645.505582
645.507493
645.505582
645.507493
645.505582
645.507493
645.505582
645.507493
645.505582
645.507493
645.505582
645.507493
645.505582
645.507493
645.505582
645.507493
645.505582
645.507493
645.505582
645.507493
645.505582
645.507493
645.505582
645.507493
645.505582
645.507493
645.505582
645.507493
645.505582
645.507493
619.760510
619.763830
619.760510
619.763830
619.760510
619.763830
619.760510
619.763830
619.760510
619.763830
619.760510
619.763830
619.760510
619.763830
619.760510
619.763830
619.760510
619.763830
619.760510
619.763830
619.760510
619.763830
619.760510
619.763830
619.760510
619.763830
619.760510
619.763830
619.760510
619.763830
619.760510
619.763830
619.760510
619.763830
619.760510
619.763830
619.760510
619.763830
619.760510
619.763830
595.107904
595.113543
595.107904
595.113543
595.107904
595.113543
595.107904
595.113543
595.107904
595.113543
595.107904
595.113543
595.107904
595.113543
595.107904
595.113543
595.107904
595.113543
595.107904
595.113543
595.107904
595.113543
595.107904
595.113543
595.107904
595.113543
595.107904
595.113543
595.107904
595.113543
595.107904
595.113543
595.107904
595.113543
595.107904
595.113543
595.107904
595.113543
595.107904
595.113543
571.458491
571.467873
571.458491
571.467873
571.458491
571.467873
571.458491
571.467873
571.458491
571.467873
571.458491
571.467873
571.458491
571.467873
571.458491
571.467873
571.458491
571.467873
571.458491
571.467873
571.458491
571.467873
571.458491
571.467873
571.458491
571.467873
571.458491
571.467873
571.458491
571.467873
571.458491
571.467873
571.458491
571.467873
571.458491
571.467873
571.458491
571.467873
571.458491
571.467873
548.733327
548.748632
548.733327
548.748632
548.733327
548.748632
548.733327
548.748632
548.733327
548.748632
548.733327
548.748632
548.733327
548.748632
548.733327
548.748632
548.733327
548.748632
548.733327
548.748632
548.733327
548.748632
548.733327
548.748632
548.733327
548.748632
548.733327
548.748632
548.733327
548.748632
548.733327
548.748632
548.733327
548.748632
548.733327
548.748632
548.733327
548.748632
548.733327
548.748632
526.862162
526.886687
526.862162
526.886687
526.862162
526.886687
526.862162
526.886687
526.862162
526.886687
526.862162
526.886687
526.862162
526.886687
526.862162
526.886687
526.862162
526.886687
526.862162
526.886687
526.862162
526.886687
526.862162
526.886687
526.862162
526.886687
526.862162
526.886687
526.862162
526.886687
526.862162
526.886687
526.862162
526.886687
526.862162
526.886687
526.862162
526.886687
526.862162
526.886687
505.782091
505.820737
505.782091
505.820737
505.782091
505.820737
505.782091
505.820737
505.782091
505.820737
505.782091
505.820737
505.782091
505.820737
505.782091
505.820737
505.782091
505.820737
505.782091
505.820737
505.782091
505.820737
505.782091
505.820737
505.782091
505.820737
505.782091
505.820737
505.782091
505.820737
505.782091
505.820737
505.782091
505.820737
505.782091
505.820737
505.782091
505.820737
505.782091
505.820737
485.436391
485.496346
485.436391
485.496346
485.436391
485.496346
485.436391
485.496346
485.436391
485.496346
485.436391
485.496346
485.436391
485.496346
485.436391
485.496346
485.436391
485.496346
485.436391
485.496346
485.436391
485.496346
485.436391
485.496346
485.436391
485.496346
485.436391
485.496346
485.436391
485.496346
485.436391
485.496346
485.436391
485.496346
485.436391
485.496346
485.436391
485.496346
485.436391
485.496346
465.773516
465.865186
465.773516
465.865186
465.773516
465.865186
465.773516
465.865186
465.773516
465.865186
465.773516
465.865186
465.773516
465.865186
465.773516
465.865186
465.773516
465.865186
465.773516
465.865186
465.773516
465.865186
465.773516
465.865186
465.773516
465.865186
465.773516
465.865186
465.773516
465.865186
465.773516
465.865186
465.773516
465.865186
465.773516
465.865186
465.773516
465.865186
465.773516
465.865186
446.746194
446.884460
446.746194
446.884460
446.746194
446.884460
446.746194
446.884460
446.746194
446.884460
446.746194
446.884460
446.746194
446.884460
446.746194
446.884460
446.746194
446.884460
446.746194
446.884460
446.746194
446.884460
446.746194
446.884460
446.746194
446.884460
446.746194
446.884460
446.746194
446.884460
446.746194
446.884460
446.746194
446.884460
446.746194
446.884460
446.746194
446.884460
446.746194
446.884460
428.310596
428.516490
428.310596
428.516490
428.310596
428.516490
428.310596
428.516490
428.310596
428.516490
428.310596
428.516490
428.310596
428.516490
428.310596
428.516490
428.310596
428.516490
428.310596
428.516490
428.310596
428.516490
428.310596
428.516490
428.310596
428.516490
428.310596
428.516490
428.310596
428.516490
428.310596
428.516490
428.310596
428.516490
428.310596
428.516490
428.310596
428.516490
428.310596
428.516490
410.425533
410.728470
410.425533
410.728470
410.425533
410.728470
410.425533
410.728470
410.425533
410.728470
410.425533
410.728470
410.425533
410.728470
410.425533
410.728470
410.425533
410.728470
410.425533
410.728470
410.425533
410.728470
410.425533
410.728470
410.425533
410.728470
410.425533
410.728470
410.425533
410.728470
410.425533
410.728470
410.425533
410.728470
410.425533
410.728470
410.425533
410.728470
410.425533
410.728470
393.051660
393.492365
393.051660
393.492365
393.051660
393.492365
393.051660
393.492365
393.051660
393.492365
393.051660
393.492365
393.051660
393.492365
393.051660
393.492365
393.051660
393.492365
393.051660
393.492365
393.051660
393.492365
393.051660
393.492365
393.051660
393.492365
393.051660
393.492365
393.051660
393.492365
393.051660
393.492365
393.051660
393.492365
393.051660
393.492365
393.051660
393.492365
393.051660
393.492365
376.150653
376.784970
376.150653
376.784970
376.150653
376.784970
376.150653
376.784970
376.150653
376.784970
376.150653
376.784970
376.150653
376.784970
376.150653
376.784970
376.150653
376.784970
376.150653
376.784970
376.150653
376.784970
376.150653
376.784970
376.150653
376.784970
376.150653
376.784970
376.150653
376.784970
376.150653
376.784970
376.150653
376.784970
376.150653
376.784970
376.150653
376.784970
376.150653
376.784970
359.684315
360.588141
359.684315
360.588141
359.684315
360.588141
359.684315
360.588141
359.684315
360.588141
359.684315
360.588141
359.684315
360.588141
359.684315
360.588141
359.684315
360.588141
359.684315
360.588141
359.684315
360.588141
359.684315
360.588141
359.684315
360.588141
359.684315
360.588141
359.684315
360.588141
359.684315
360.588141
359.684315
360.588141
359.684315
360.588141
359.684315
360.588141
359.684315
360.588141
343.613601
344.889211
343.613601
344.889211
343.613601
344.889211
343.613601
344.889211
343.613601
344.889211
343.613601
344.889211
343.613601
344.889211
343.613601
344.889211
343.613601
344.889211
343.613601
344.889211
343.613601
344.889211
343.613601
344.889211
343.613601
344.889211
343.613601
344.889211
343.613601
344.889211
343.613601
344.889211
343.613601
344.889211
343.613601
344.889211
343.613601
344.889211
343.613601
344.889211
327.897495
329.681608
327.897495
329.681608
327.897495
329.681608
327.897495
329.681608
327.897495
329.681608
327.897495
329.681608
327.897495
329.681608
327.897495
329.681608
327.897495
329.681608
327.897495
329.681608
327.897495
329.681608
327.897495
329.681608
327.897495
329.681608
327.897495
329.681608
327.897495
329.681608
327.897495
329.681608
327.897495
329.681608
327.897495
329.681608
327.897495
329.681608
327.897495
329.681608
312.491729
314.965722
312.491729
314.965722
312.491729
314.965722
312.491729
314.965722
312.491729
314.965722
312.491729
314.965722
312.491729
314.965722
312.491729
314.965722
312.491729
314.965722
312.491729
314.965722
312.491729
314.965722
312.491729
314.965722
312.491729
314.965722
312.491729
314.965722
312.491729
314.965722
312.491729
314.965722
312.491729
314.965722
312.491729
314.965722
312.491729
314.965722
312.491729
314.965722
297.347268
300.750034
297.347268
300.750034
297.347268
300.750034
297.347268
300.750034
297.347268
300.750034
297.347268
300.750034
297.347268
300.750034
297.347268
300.750034
297.347268
300.750034
297.347268
300.750034
297.347268
300.750034
297.347268
300.750034
297.347268
300.750034
297.347268
300.750034
297.347268
300.750034
297.347268
300.750034
297.347268
300.750034
297.347268
300.750034
297.347268
300.750034
297.347268
300.750034
282.408536
287.052565
282.408536
287.052565
282.408536
287.052565
282.408536
287.052565
282.408536
287.052565
282.408536
287.052565
282.408536
287.052565
282.408536
287.052565
282.408536
287.052565
282.408536
287.052565
282.408536
287.052565
282.408536
287.052565
282.408536
287.052565
282.408536
287.052565
282.408536
287.052565
282.408536
287.052565
282.408536
287.052565
282.408536
287.052565
282.408536
287.052565
282.408536
287.052565
267.611308
273.902699
267.611308
273.902699
267.611308
273.902699
267.611308
273.902699
267.611308
273.902699
267.611308
273.902699
267.611308
273.902699
267.611308
273.902699
267.611308
273.902699
267.611308
273.902699
267.611308
273.902699
267.611308
273.902699
267.611308
273.902699
267.611308
273.902699
267.611308
273.902699
267.611308
273.902699
267.611308
273.902699
267.611308
273.902699
267.611308
273.902699
267.611308
273.902699
252.880200
261.343433
252.880200
261.343433
252.880200
261.343433
252.880200
261.343433
252.880200
261.343433
252.880200
261.343433
252.880200
261.343433
252.880200
261.343433
252.880200
261.343433
252.880200
261.343433
252.880200
261.343433
252.880200
261.343433
252.880200
261.343433
252.880200
261.343433
252.880200
261.343433
252.880200
261.343433
252.880200
261.343433
252.880200
261.343433
252.880200
261.343433
252.880200
261.343433
238.125698
249.434126
238.125698
249.434126
238.125698
249.434126
238.125698
249.434126
238.125698
249.434126
238.125698
249.434126
238.125698
249.434126
238.125698
249.434126
238.125698
249.434126
238.125698
249.434126
238.125698
249.434126
238.125698
249.434126
238.125698
249.434126
238.125698
249.434126
238.125698
249.434126
238.125698
249.434126
238.125698
249.434126
238.125698
249.434126
238.125698
249.434126
238.125698
249.434126
223.240613
238.253841
223.240613
238.253841
223.240613
238.253841
223.240613
238.253841
223.240613
238.253841
223.240613
238.253841
223.240613
238.253841
223.240613
238.253841
223.240613
238.253841
223.240613
238.253841
223.240613
238.253841
223.240613
238.253841
223.240613
238.253841
223.240613
238.253841
223.240613
238.253841
223.240613
238.253841
223.240613
238.253841
223.240613
238.253841
223.240613
238.253841
223.240613
238.253841
208.095890
227.905360
208.095890
227.905360
208.095890
227.905360
208.095890
227.905360
208.095890
227.905360
208.095890
227.905360
208.095890
227.905360
208.095890
227.905360
208.095890
227.905360
208.095890
227.905360
208.095890
227.905360
208.095890
227.905360
208.095890
227.905360
208.095890
227.905360
208.095890
227.905360
208.095890
227.905360
208.095890
227.905360
208.095890
227.905360
208.095890
227.905360
208.095890
227.905360
192.535639
218.519995
192.535639
218.519995
192.535639
218.519995
192.535639
218.519995
192.535639
218.519995
192.535639
218.519995
192.535639
218.519995
192.535639
218.519995
192.535639
218.519995
192.535639
218.519995
192.535639
218.519995
192.535639
218.519995
192.535639
218.519995
192.535639
218.519995
192.535639
218.519995
192.535639
218.519995
192.535639
218.519995
192.535639
218.519995
192.535639
218.519995
192.535639
218.519995
176.371269
210.263306
176.371269
210.263306
176.371269
210.263306
176.371269
210.263306
176.371269
210.263306
176.371269
210.263306
176.371269
210.263306
176.371269
210.263306
176.371269
210.263306
176.371269
210.263306
176.371269
210.263306
176.371269
210.263306
176.371269
210.263306
176.371269
210.263306
176.371269
210.263306
176.371269
210.263306
176.371269
210.263306
176.371269
210.263306
176.371269
210.263306
176.371269
210.263306
159.374577
203.341890
159.374577
203.341890
159.374577
203.341890
159.374577
203.341890
159.374577
203.341890
159.374577
203.341890
159.374577
203.341890
159.374577
203.341890
159.374577
203.341890
159.374577
203.341890
159.374577
203.341890
159.374577
203.341890
159.374577
203.341890
159.374577
203.341890
159.374577
203.341890
159.374577
203.341890
159.374577
203.341890
159.374577
203.341890
159.374577
203.341890
159.374577
203.341890
141.269640
198.011371
141.269640
198.011371
141.269640
198.011371
141.269640
198.011371
141.269640
198.011371
141.269640
198.011371
141.269640
198.011371
141.269640
198.011371
141.269640
198.011371
141.269640
198.011371
141.269640
198.011371
141.269640
198.011371
141.269640
198.011371
141.269640
198.011371
141.269640
198.011371
141.269640
198.011371
141.269640
198.011371
141.269640
198.011371
141.269640
198.011371
141.269640
198.011371
121.723310
194.585804
121.723310
194.585804
121.723310
194.585804
121.723310
194.585804
121.723310
194.585804
121.723310
194.585804
121.723310
194.585804
121.723310
194.585804
121.723310
194.585804
121.723310
194.585804
121.723310
194.585804
121.723310
194.585804
121.723310
194.585804
121.723310
194.585804
121.723310
194.585804
121.723310
194.585804
121.723310
194.585804
121.723310
194.585804
121.723310
194.585804
121.723310
194.585804
100.334115
193.448678
100.334115
193.448678
100.334115
193.448678
100.334115
193.448678
100.334115
193.448678
100.334115
193.448678
100.334115
193.448678
100.334115
193.448678
100.334115
193.448678
100.334115
193.448678
100.334115
193.448678
100.334115
193.448678
100.334115
193.448678
100.334115
193.448678
100.334115
193.448678
100.334115
193.448678
100.334115
193.448678
100.334115
193.448678
100.334115
193.448678
100.334115
193.448678
76.619336
195.065753
76.619336
195.065753
76.619336
195.065753
76.619336
195.065753
76.619336
195.065753
76.619336
195.065753
76.619336
195.065753
76.619336
195.065753
76.619336
195.065753
76.619336
195.065753
76.619336
195.065753
76.619336
195.065753
76.619336
195.065753
76.619336
195.065753
76.619336
195.065753
76.619336
195.065753
76.619336
195.065753
76.619336
195.065753
76.619336
195.065753
76.619336
195.065753
50.000000
200.000000
50.000000
200.000000
50.000000
200.000000
50.000000
200.000000
50.000000
200.000000
50.000000
200.000000
50.000000
200.000000
50.000000
200.000000
50.000000
200.000000
50.000000
200.000000
50.000000
200.000000
50.000000
200.000000
50.000000
200.000000
50.000000
200.000000
50.000000
200.000000
50.000000
200.000000
50.000000
200.000000
50.000000
200.000000
50.000000
200.000000
50.000000
200.000000
