1500.000000
1500.000000
1500.000000
1500.000000
1500.000000
1392.716600
1396.026000
1394.202930
1396.026000
1392.716600
1301.749699
1307.988069
1304.490669
1307.988069
1301.749699
1222.753333
1231.710216
1226.574496
1231.710216
1222.753333
1152.912820
1164.469876
1157.676547
1164.469876
1152.912820
1090.301045
1104.393582
1095.894620
1104.393582
1090.301045
1033.540817
1050.137126
1039.869109
1050.137126
1033.540817
981.613825
1000.703342
988.594570
1000.703342
981.613825
933.745927
955.332087
941.306560
955.332087
933.745927
889.334877
913.430619
897.410340
913.430619
889.334877
847.902946
874.527783
856.434121
874.527783
847.902946
809.064818
838.242874
817.997385
838.242874
809.064818
772.505203
804.263860
781.788779
804.263860
772.505203
737.962844
772.331794
747.550329
772.331794
737.962844
705.218836
742.229408
715.065909
742.229408
705.218836
674.087952
713.772617
684.152662
713.772617
674.087952
644.412066
686.804078
654.654518
686.804078
644.412066
616.055121
661.188249
626.437212
661.188249
616.055121
588.899203
636.807531
599.384409
636.807531
588.899203
562.841453
613.559231
573.394653
613.559231
562.841453
537.791613
591.353141
548.378940
591.353141
537.791613
513.670049
570.109590
524.258764
570.109590
513.670049
490.406147
549.757860
500.964532
549.757860
490.406147
467.937000
530.234893
478.434269
530.234893
467.937000
446.206330
511.484219
456.612547
511.484219
446.206330
425.163585
493.455068
435.449596
493.455068
425.163585
404.763193
476.101624
414.900564
476.101624
404.763193
384.963923
459.382403
394.924892
459.382403
384.963923
365.728358
443.259719
375.485781
443.259719
365.728358
347.022434
427.699233
356.549749
427.699233
347.022434
328.815054
412.669568
338.086239
412.669568
328.815054
311.077752
398.141977
320.067296
398.141977
311.077752
293.784407
384.090053
302.467275
384.090053
293.784407
276.910990
370.489487
285.262599
370.489487
276.910990
260.435347
357.317844
268.431541
357.317844
260.435347
244.337012
344.554378
251.954037
344.554378
244.337012
228.597038
332.179865
235.811523
332.179865
228.597038
213.197847
320.176459
219.986786
320.176459
213.197847
198.123110
308.527559
204.463842
308.527559
198.123110
183.357623
297.217699
189.227818
297.217699
183.357623
168.887210
286.232445
174.264855
286.232445
168.887210
154.698635
275.558302
159.562015
275.558302
154.698635
140.779513
265.182639
145.107206
265.182639
140.779513
127.118250
255.093613
130.889109
255.093613
127.118250
113.703966
245.280106
116.897111
245.280106
113.703966
100.526444
235.731663
103.121251
235.731663
100.526444
87.576077
226.438447
89.552167
226.438447
87.576077
74.843819
217.391183
76.181052
217.391183
74.843819
62.321143
208.581123
62.999605
208.581123
62.321143
50.000000
200.000000
50.000000
200.000000
50.000000
