1500.000000
1500.000000
1500.000000
1500.000000
1500.000000
1500.000000
1500.000000
1500.000000
1500.000000
1500.000000
1500.000000
1500.000000
1500.000000
1500.000000
1500.000000
1500.000000
1500.000000
1500.000000
1500.000000
1500.000000
1500.000000
1500.000000
1500.000000
1500.000000
1500.000000
701.000474
701.631798
702.280370
703.051044
703.576572
704.128398
704.424692
704.772442
704.899741
705.111938
705.131078
705.255304
705.199561
705.255304
705.131078
705.111938
704.899741
704.772442
704.424692
704.128398
703.576572
703.051044
702.280370
701.631798
701.000474
411.513010
416.387452
416.581634
420.030308
418.967582
421.560372
419.954001
422.204921
420.379905
422.486441
420.561785
422.595379
420.612848
422.595379
420.561785
422.486441
420.379905
422.204921
419.954001
421.560372
418.967582
420.030308
416.581634
416.387452
411.513010
223.487140
254.105852
234.788858
258.692880
236.866010
259.741605
237.447489
260.087756
237.663462
260.225521
237.750522
260.276977
237.774470
260.276977
237.750522
260.225521
237.663462
260.087756
237.447489
259.741605
236.866010
258.692880
234.788858
254.105852
223.487140
50.000000
200.000000
50.000000
200.000000
50.000000
200.000000
50.000000
200.000000
50.000000
200.000000
50.000000
200.000000
50.000000
200.000000
50.000000
200.000000
50.000000
200.000000
50.000000
200.000000
50.000000
200.000000
50.000000
200.000000
50.000000
