1500.000000
1500.000000
1500.000000
1500.000000
1500.000000
1500.000000
1500.000000
1500.000000
1500.000000
1500.000000
1500.000000
1500.000000
1500.000000
1500.000000
1500.000000
1500.000000
1500.000000
1500.000000
1500.000000
1500.000000
1500.000000
1500.000000
1500.000000
1500.000000
1500.000000
1500.000000
1500.000000
1500.000000
1500.000000
1500.000000
705.548511
705.576306
705.548511
705.576306
705.548511
705.576306
705.548511
705.576306
705.548511
705.576306
705.548511
705.576306
705.548511
705.576306
705.548511
705.576306
705.548511
705.576306
705.548511
705.576306
705.548511
705.576306
705.548511
705.576306
705.548511
705.576306
705.548511
705.576306
705.548511
705.576306
421.292107
422.377289
421.292107
422.377289
421.292107
422.377289
421.292107
422.377289
421.292107
422.377289
421.292107
422.377289
421.292107
422.377289
421.292107
422.377289
421.292107
422.377289
421.292107
422.377289
421.292107
422.377289
421.292107
422.377289
421.292107
422.377289
421.292107
422.377289
421.292107
422.377289
240.690387
257.571361
240.690387
257.571361
240.690387
257.571361
240.690387
257.571361
240.690387
257.571361
240.690387
257.571361
240.690387
257.571361
240.690387
257.571361
240.690387
257.571361
240.690387
257.571361
240.690387
257.571361
240.690387
257.571361
240.690387
257.571361
240.690387
257.571361
240.690387
257.571361
50.000000
200.000000
50.000000
200.000000
50.000000
200.000000
50.000000
200.000000
50.000000
200.000000
50.000000
200.000000
50.000000
200.000000
50.000000
200.000000
50.000000
200.000000
50.000000
200.000000
50.000000
200.000000
50.000000
200.000000
50.000000
200.000000
50.000000
200.000000
50.000000
200.000000
