1500.000000
1500.000000
1500.000000
1500.000000
1500.000000
1500.000000
1500.000000
1500.000000
1500.000000
1500.000000
1500.000000
1500.000000
1500.000000
1500.000000
1500.000000
1500.000000
1500.000000
1500.000000
1500.000000
1500.000000
1500.000000
1500.000000
1500.000000
1500.000000
1500.000000
1500.000000
1500.000000
1500.000000
1500.000000
1500.000000
1500.000000
1500.000000
1500.000000
1500.000000
1500.000000
702.333748
702.556607
702.867046
703.242434
703.589224
703.930662
704.207684
704.465748
704.658658
704.838519
704.961963
705.081729
705.153911
705.230147
705.265201
705.309339
705.315987
705.334135
705.315987
705.309339
705.265201
705.230147
705.153911
705.081729
704.961963
704.838519
704.658658
704.465748
704.207684
703.930662
703.589224
703.242434
702.867046
702.556607
702.333748
414.595119
416.632315
417.343846
419.052879
419.225428
420.446229
420.239236
421.181886
420.775507
421.575750
421.066954
421.792541
421.228330
421.911862
421.314867
421.971981
421.352807
421.990336
421.352807
421.971981
421.314867
421.911862
421.228330
421.792541
421.066954
421.575750
420.775507
421.181886
420.239236
420.446229
419.225428
419.052879
417.343846
416.632315
414.595119
229.770686
248.889977
238.807761
253.368112
241.153941
254.674257
241.926662
255.157774
242.244133
255.374472
242.396464
255.483761
242.475758
255.541329
242.516970
255.569703
242.534771
255.578286
242.534771
255.569703
242.516970
255.541329
242.475758
255.483761
242.396464
255.374472
242.244133
255.157774
241.926662
254.674257
241.153941
253.368112
238.807761
248.889977
229.770686
50.000000
200.000000
50.000000
200.000000
50.000000
200.000000
50.000000
200.000000
50.000000
200.000000
50.000000
200.000000
50.000000
200.000000
50.000000
200.000000
50.000000
200.000000
50.000000
200.000000
50.000000
200.000000
50.000000
200.000000
50.000000
200.000000
50.000000
200.000000
50.000000
200.000000
50.000000
200.000000
50.000000
200.000000
50.000000
