1500.000000
1500.000000
1500.000000
1500.000000
1500.000000
1500.000000
1500.000000
1500.000000
1500.000000
1500.000000
1500.000000
1500.000000
1500.000000
1500.000000
1500.000000
1500.000000
1500.000000
1500.000000
1500.000000
1500.000000
1500.000000
1500.000000
1500.000000
1500.000000
1500.000000
1500.000000
1500.000000
1500.000000
1500.000000
1500.000000
1500.000000
1500.000000
1500.000000
1500.000000
1500.000000
1500.000000
1500.000000
1500.000000
1500.000000
1500.000000
705.559548
705.565270
705.559548
705.565270
705.559548
705.565270
705.559548
705.565270
705.559548
705.565270
705.559548
705.565270
705.559548
705.565270
705.559548
705.565270
705.559548
705.565270
705.559548
705.565270
705.559548
705.565270
705.559548
705.565270
705.559548
705.565270
705.559548
705.565270
705.559548
705.565270
705.559548
705.565270
705.559548
705.565270
705.559548
705.565270
705.559548
705.565270
705.559548
705.565270
421.639142
422.030253
421.639142
422.030253
421.639142
422.030253
421.639142
422.030253
421.639142
422.030253
421.639142
422.030253
421.639142
422.030253
421.639142
422.030253
421.639142
422.030253
421.639142
422.030253
421.639142
422.030253
421.639142
422.030253
421.639142
422.030253
421.639142
422.030253
421.639142
422.030253
421.639142
422.030253
421.639142
422.030253
421.639142
422.030253
421.639142
422.030253
421.639142
422.030253
243.963809
254.297939
243.963809
254.297939
243.963809
254.297939
243.963809
254.297939
243.963809
254.297939
243.963809
254.297939
243.963809
254.297939
243.963809
254.297939
243.963809
254.297939
243.963809
254.297939
243.963809
254.297939
243.963809
254.297939
243.963809
254.297939
243.963809
254.297939
243.963809
254.297939
243.963809
254.297939
243.963809
254.297939
243.963809
254.297939
243.963809
254.297939
243.963809
254.297939
50.000000
200.000000
50.000000
200.000000
50.000000
200.000000
50.000000
200.000000
50.000000
200.000000
50.000000
200.000000
50.000000
200.000000
50.000000
200.000000
50.000000
200.000000
50.000000
200.000000
50.000000
200.000000
50.000000
200.000000
50.000000
200.000000
50.000000
200.000000
50.000000
200.000000
50.000000
200.000000
50.000000
200.000000
50.000000
200.000000
50.000000
200.000000
50.000000
200.000000
