1500.000000
1500.000000
1500.000000
1500.000000
1500.000000
1500.000000
1500.000000
1500.000000
1500.000000
1500.000000
1500.000000
1500.000000
1500.000000
1500.000000
1500.000000
1500.000000
1500.000000
1500.000000
1500.000000
1500.000000
1500.000000
1500.000000
1500.000000
1500.000000
1500.000000
1500.000000
1500.000000
1500.000000
1500.000000
1500.000000
1500.000000
1500.000000
1500.000000
1500.000000
1500.000000
1500.000000
1500.000000
1500.000000
1500.000000
1500.000000
1500.000000
1500.000000
1500.000000
1500.000000
1500.000000
703.060465
703.163058
703.326710
703.533871
703.749764
703.970172
704.173270
704.365196
704.531624
704.683762
704.810504
704.924952
705.016997
705.100150
705.164336
705.222882
705.265406
705.304866
705.330489
705.354838
705.366760
705.378449
705.378395
705.378449
705.366760
705.354838
705.330489
705.304866
705.265406
705.222882
705.164336
705.100150
705.016997
704.924952
704.810504
704.683762
704.531624
704.365196
704.173270
703.970172
703.749764
703.533871
703.326710
703.163058
703.060465
416.264446
417.284100
417.878253
418.896557
419.278973
420.040749
420.186267
420.750401
420.738693
421.180614
421.074839
421.444488
421.282997
421.609396
421.414012
421.713544
421.496579
421.778506
421.546922
421.816453
421.574091
421.833973
421.582678
421.833973
421.574091
421.816453
421.546922
421.778506
421.496579
421.713544
421.414012
421.609396
421.282997
421.444488
421.074839
421.180614
420.738693
420.750401
420.186267
420.040749
419.278973
418.896557
417.878253
417.284100
416.264446
233.684525
246.612731
240.795712
250.633365
243.143322
252.054283
244.036770
252.638010
244.432336
252.915119
244.632163
253.062767
244.743432
253.147917
244.809322
253.199248
244.849389
253.230399
244.873311
253.248307
244.886069
253.256506
244.890080
253.256506
244.886069
253.248307
244.873311
253.230399
244.849389
253.199248
244.809322
253.147917
244.743432
253.062767
244.632163
252.915119
244.432336
252.638010
244.036770
252.054283
243.143322
250.633365
240.795712
246.612731
233.684525
50.000000
200.000000
50.000000
200.000000
50.000000
200.000000
50.000000
200.000000
50.000000
200.000000
50.000000
200.000000
50.000000
200.000000
50.000000
200.000000
50.000000
200.000000
50.000000
200.000000
50.000000
200.000000
50.000000
200.000000
50.000000
200.000000
50.000000
200.000000
50.000000
200.000000
50.000000
200.000000
50.000000
200.000000
50.000000
200.000000
50.000000
200.000000
50.000000
200.000000
50.000000
200.000000
50.000000
200.000000
50.000000
