1500.000000
1500.000000
1500.000000
1500.000000
1500.000000
1500.000000
1500.000000
1500.000000
1500.000000
1500.000000
1500.000000
1500.000000
1500.000000
1500.000000
1500.000000
1500.000000
1500.000000
1500.000000
1500.000000
1500.000000
1500.000000
1500.000000
1500.000000
1500.000000
1500.000000
1500.000000
1500.000000
1500.000000
1500.000000
1500.000000
1011.476252
1011.476252
1011.476252
1011.476252
1011.476252
1011.476252
1011.476252
1011.476252
1011.476252
1011.476252
1011.476252
1011.476252
1011.476252
1011.476252
1011.476252
1011.476252
1011.476252
1011.476252
1011.476252
1011.476252
1011.476252
1011.476252
1011.476252
1011.476252
1011.476252
1011.476252
1011.476252
1011.476252
1011.476252
1011.476252
754.358490
754.358490
754.358490
754.358490
754.358490
754.358490
754.358490
754.358490
754.358490
754.358490
754.358490
754.358490
754.358490
754.358490
754.358490
754.358490
754.358490
754.358490
754.358490
754.358490
754.358490
754.358490
754.358490
754.358490
754.358490
754.358490
754.358490
754.358490
754.358490
754.358490
579.885723
579.885723
579.885723
579.885723
579.885723
579.885723
579.885723
579.885723
579.885723
579.885723
579.885723
579.885723
579.885723
579.885723
579.885723
579.885723
579.885723
579.885723
579.885723
579.885723
579.885723
579.885723
579.885723
579.885723
579.885723
579.885723
579.885723
579.885723
579.885723
579.885723
447.852278
447.852278
447.852278
447.852278
447.852278
447.852278
447.852278
447.852278
447.852278
447.852278
447.852278
447.852278
447.852278
447.852278
447.852278
447.852278
447.852278
447.852278
447.852278
447.852278
447.852278
447.852278
447.852278
447.852278
447.852278
447.852278
447.852278
447.852278
447.852278
447.852278
341.651463
341.651463
341.651463
341.651463
341.651463
341.651463
341.651463
341.651463
341.651463
341.651463
341.651463
341.651463
341.651463
341.651463
341.651463
341.651463
341.651463
341.651463
341.651463
341.651463
341.651463
341.651463
341.651463
341.651463
341.651463
341.651463
341.651463
341.651463
341.651463
341.651463
252.828964
252.828964
252.828964
252.828964
252.828964
252.828964
252.828964
252.828964
252.828964
252.828964
252.828964
252.828964
252.828964
252.828964
252.828964
252.828964
252.828964
252.828964
252.828964
252.828964
252.828964
252.828964
252.828964
252.828964
252.828964
252.828964
252.828964
252.828964
252.828964
252.828964
176.497128
176.497128
176.497128
176.497128
176.497128
176.497128
176.497128
176.497128
176.497128
176.497128
176.497128
176.497128
176.497128
176.497128
176.497128
176.497128
176.497128
176.497128
176.497128
176.497128
176.497128
176.497128
176.497128
176.497128
176.497128
176.497128
176.497128
176.497128
176.497128
176.497128
109.576067
109.576067
109.576067
109.576067
109.576067
109.576067
109.576067
109.576067
109.576067
109.576067
109.576067
109.576067
109.576067
109.576067
109.576067
109.576067
109.576067
109.576067
109.576067
109.576067
109.576067
109.576067
109.576067
109.576067
109.576067
109.576067
109.576067
109.576067
109.576067
109.576067
50.000000
50.000000
50.000000
50.000000
50.000000
50.000000
50.000000
50.000000
50.000000
50.000000
50.000000
50.000000
50.000000
50.000000
50.000000
50.000000
50.000000
50.000000
50.000000
50.000000
50.000000
50.000000
50.000000
50.000000
50.000000
50.000000
50.000000
50.000000
50.000000
50.000000
