1500.000000
1500.000000
1500.000000
1500.000000
1500.000000
1500.000000
1500.000000
1500.000000
1500.000000
1500.000000
1500.000000
1500.000000
1500.000000
1500.000000
1500.000000
1500.000000
1500.000000
1500.000000
1500.000000
1500.000000
1500.000000
1500.000000
1500.000000
1500.000000
1500.000000
1500.000000
1500.000000
1500.000000
1500.000000
1500.000000
1157.144945
1157.144945
1157.144945
1157.144945
1157.144945
1157.144945
1157.144945
1157.144945
1157.144945
1157.144945
1157.144945
1157.144945
1157.144945
1157.144945
1157.144945
1157.144945
1157.144945
1157.144945
1157.144945
1157.144945
1157.144945
1157.144945
1157.144945
1157.144945
1157.144945
1157.144945
1157.144945
1157.144945
1157.144945
1157.144945
942.860536
942.860536
942.860536
942.860536
942.860536
942.860536
942.860536
942.860536
942.860536
942.860536
942.860536
942.860536
942.860536
942.860536
942.860536
942.860536
942.860536
942.860536
942.860536
942.860536
942.860536
942.860536
942.860536
942.860536
942.860536
942.860536
942.860536
942.860536
942.860536
942.860536
787.017329
787.017329
787.017329
787.017329
787.017329
787.017329
787.017329
787.017329
787.017329
787.017329
787.017329
787.017329
787.017329
787.017329
787.017329
787.017329
787.017329
787.017329
787.017329
787.017329
787.017329
787.017329
787.017329
787.017329
787.017329
787.017329
787.017329
787.017329
787.017329
787.017329
664.569095
664.569095
664.569095
664.569095
664.569095
664.569095
664.569095
664.569095
664.569095
664.569095
664.569095
664.569095
664.569095
664.569095
664.569095
664.569095
664.569095
664.569095
664.569095
664.569095
664.569095
664.569095
664.569095
664.569095
664.569095
664.569095
664.569095
664.569095
664.569095
664.569095
563.729373
563.729373
563.729373
563.729373
563.729373
563.729373
563.729373
563.729373
563.729373
563.729373
563.729373
563.729373
563.729373
563.729373
563.729373
563.729373
563.729373
563.729373
563.729373
563.729373
563.729373
563.729373
563.729373
563.729373
563.729373
563.729373
563.729373
563.729373
563.729373
563.729373
478.015609
478.015609
478.015609
478.015609
478.015609
478.015609
478.015609
478.015609
478.015609
478.015609
478.015609
478.015609
478.015609
478.015609
478.015609
478.015609
478.015609
478.015609
478.015609
478.015609
478.015609
478.015609
478.015609
478.015609
478.015609
478.015609
478.015609
478.015609
478.015609
478.015609
403.481902
403.481902
403.481902
403.481902
403.481902
403.481902
403.481902
403.481902
403.481902
403.481902
403.481902
403.481902
403.481902
403.481902
403.481902
403.481902
403.481902
403.481902
403.481902
403.481902
403.481902
403.481902
403.481902
403.481902
403.481902
403.481902
403.481902
403.481902
403.481902
403.481902
337.548237
337.548237
337.548237
337.548237
337.548237
337.548237
337.548237
337.548237
337.548237
337.548237
337.548237
337.548237
337.548237
337.548237
337.548237
337.548237
337.548237
337.548237
337.548237
337.548237
337.548237
337.548237
337.548237
337.548237
337.548237
337.548237
337.548237
337.548237
337.548237
337.548237
278.435297
278.435297
278.435297
278.435297
278.435297
278.435297
278.435297
278.435297
278.435297
278.435297
278.435297
278.435297
278.435297
278.435297
278.435297
278.435297
278.435297
278.435297
278.435297
278.435297
278.435297
278.435297
278.435297
278.435297
278.435297
278.435297
278.435297
278.435297
278.435297
278.435297
224.864195
224.864195
224.864195
224.864195
224.864195
224.864195
224.864195
224.864195
224.864195
224.864195
224.864195
224.864195
224.864195
224.864195
224.864195
224.864195
224.864195
224.864195
224.864195
224.864195
224.864195
224.864195
224.864195
224.864195
224.864195
224.864195
224.864195
224.864195
224.864195
224.864195
175.884901
175.884901
175.884901
175.884901
175.884901
175.884901
175.884901
175.884901
175.884901
175.884901
175.884901
175.884901
175.884901
175.884901
175.884901
175.884901
175.884901
175.884901
175.884901
175.884901
175.884901
175.884901
175.884901
175.884901
175.884901
175.884901
175.884901
175.884901
175.884901
175.884901
130.772394
130.772394
130.772394
130.772394
130.772394
130.772394
130.772394
130.772394
130.772394
130.772394
130.772394
130.772394
130.772394
130.772394
130.772394
130.772394
130.772394
130.772394
130.772394
130.772394
130.772394
130.772394
130.772394
130.772394
130.772394
130.772394
130.772394
130.772394
130.772394
130.772394
88.960802
88.960802
88.960802
88.960802
88.960802
88.960802
88.960802
88.960802
88.960802
88.960802
88.960802
88.960802
88.960802
88.960802
88.960802
88.960802
88.960802
88.960802
88.960802
88.960802
88.960802
88.960802
88.960802
88.960802
88.960802
88.960802
88.960802
88.960802
88.960802
88.960802
50.000000
50.000000
50.000000
50.000000
50.000000
50.000000
50.000000
50.000000
50.000000
50.000000
50.000000
50.000000
50.000000
50.000000
50.000000
50.000000
50.000000
50.000000
50.000000
50.000000
50.000000
50.000000
50.000000
50.000000
50.000000
50.000000
50.000000
50.000000
50.000000
50.000000
