1500.000000
1500.000000
1500.000000
1500.000000
1500.000000
1500.000000
1500.000000
1500.000000
1500.000000
1500.000000
1500.000000
1500.000000
1500.000000
1500.000000
1500.000000
1500.000000
1500.000000
1500.000000
1500.000000
1500.000000
1500.000000
1500.000000
1500.000000
1500.000000
1500.000000
1236.295117
1236.295117
1236.295117
1236.295117
1236.295117
1236.295117
1236.295117
1236.295117
1236.295117
1236.295117
1236.295117
1236.295117
1236.295117
1236.295117
1236.295117
1236.295117
1236.295117
1236.295117
1236.295117
1236.295117
1236.295117
1236.295117
1236.295117
1236.295117
1236.295117
1054.429680
1054.429680
1054.429680
1054.429680
1054.429680
1054.429680
1054.429680
1054.429680
1054.429680
1054.429680
1054.429680
1054.429680
1054.429680
1054.429680
1054.429680
1054.429680
1054.429680
1054.429680
1054.429680
1054.429680
1054.429680
1054.429680
1054.429680
1054.429680
1054.429680
915.637636
915.637636
915.637636
915.637636
915.637636
915.637636
915.637636
915.637636
915.637636
915.637636
915.637636
915.637636
915.637636
915.637636
915.637636
915.637636
915.637636
915.637636
915.637636
915.637636
915.637636
915.637636
915.637636
915.637636
915.637636
803.422792
803.422792
803.422792
803.422792
803.422792
803.422792
803.422792
803.422792
803.422792
803.422792
803.422792
803.422792
803.422792
803.422792
803.422792
803.422792
803.422792
803.422792
803.422792
803.422792
803.422792
803.422792
803.422792
803.422792
803.422792
709.242477
709.242477
709.242477
709.242477
709.242477
709.242477
709.242477
709.242477
709.242477
709.242477
709.242477
709.242477
709.242477
709.242477
709.242477
709.242477
709.242477
709.242477
709.242477
709.242477
709.242477
709.242477
709.242477
709.242477
709.242477
628.102513
628.102513
628.102513
628.102513
628.102513
628.102513
628.102513
628.102513
628.102513
628.102513
628.102513
628.102513
628.102513
628.102513
628.102513
628.102513
628.102513
628.102513
628.102513
628.102513
628.102513
628.102513
628.102513
628.102513
628.102513
556.830922
556.830922
556.830922
556.830922
556.830922
556.830922
556.830922
556.830922
556.830922
556.830922
556.830922
556.830922
556.830922
556.830922
556.830922
556.830922
556.830922
556.830922
556.830922
556.830922
556.830922
556.830922
556.830922
556.830922
556.830922
493.287577
493.287577
493.287577
493.287577
493.287577
493.287577
493.287577
493.287577
493.287577
493.287577
493.287577
493.287577
493.287577
493.287577
493.287577
493.287577
493.287577
493.287577
493.287577
493.287577
493.287577
493.287577
493.287577
493.287577
493.287577
435.960429
435.960429
435.960429
435.960429
435.960429
435.960429
435.960429
435.960429
435.960429
435.960429
435.960429
435.960429
435.960429
435.960429
435.960429
435.960429
435.960429
435.960429
435.960429
435.960429
435.960429
435.960429
435.960429
435.960429
435.960429
383.741640
383.741640
383.741640
383.741640
383.741640
383.741640
383.741640
383.741640
383.741640
383.741640
383.741640
383.741640
383.741640
383.741640
383.741640
383.741640
383.741640
383.741640
383.741640
383.741640
383.741640
383.741640
383.741640
383.741640
383.741640
335.795297
335.795297
335.795297
335.795297
335.795297
335.795297
335.795297
335.795297
335.795297
335.795297
335.795297
335.795297
335.795297
335.795297
335.795297
335.795297
335.795297
335.795297
335.795297
335.795297
335.795297
335.795297
335.795297
335.795297
335.795297
291.475149
291.475149
291.475149
291.475149
291.475149
291.475149
291.475149
291.475149
291.475149
291.475149
291.475149
291.475149
291.475149
291.475149
291.475149
291.475149
291.475149
291.475149
291.475149
291.475149
291.475149
291.475149
291.475149
291.475149
291.475149
250.271261
250.271261
250.271261
250.271261
250.271261
250.271261
250.271261
250.271261
250.271261
250.271261
250.271261
250.271261
250.271261
250.271261
250.271261
250.271261
250.271261
250.271261
250.271261
250.271261
250.271261
250.271261
250.271261
250.271261
250.271261
211.774198
211.774198
211.774198
211.774198
211.774198
211.774198
211.774198
211.774198
211.774198
211.774198
211.774198
211.774198
211.774198
211.774198
211.774198
211.774198
211.774198
211.774198
211.774198
211.774198
211.774198
211.774198
211.774198
211.774198
211.774198
175.650241
175.650241
175.650241
175.650241
175.650241
175.650241
175.650241
175.650241
175.650241
175.650241
175.650241
175.650241
175.650241
175.650241
175.650241
175.650241
175.650241
175.650241
175.650241
175.650241
175.650241
175.650241
175.650241
175.650241
175.650241
141.623804
141.623804
141.623804
141.623804
141.623804
141.623804
141.623804
141.623804
141.623804
141.623804
141.623804
141.623804
141.623804
141.623804
141.623804
141.623804
141.623804
141.623804
141.623804
141.623804
141.623804
141.623804
141.623804
141.623804
141.623804
109.464672
109.464672
109.464672
109.464672
109.464672
109.464672
109.464672
109.464672
109.464672
109.464672
109.464672
109.464672
109.464672
109.464672
109.464672
109.464672
109.464672
109.464672
109.464672
109.464672
109.464672
109.464672
109.464672
109.464672
109.464672
78.978559
78.978559
78.978559
78.978559
78.978559
78.978559
78.978559
78.978559
78.978559
78.978559
78.978559
78.978559
78.978559
78.978559
78.978559
78.978559
78.978559
78.978559
78.978559
78.978559
78.978559
78.978559
78.978559
78.978559
78.978559
50.000000
50.000000
50.000000
50.000000
50.000000
50.000000
50.000000
50.000000
50.000000
50.000000
50.000000
50.000000
50.000000
50.000000
50.000000
50.000000
50.000000
50.000000
50.000000
50.000000
50.000000
50.000000
50.000000
50.000000
50.000000
