1500.000000
1500.000000
1500.000000
1500.000000
1500.000000
1500.000000
1500.000000
1500.000000
1500.000000
1500.000000
1500.000000
1500.000000
1500.000000
1500.000000
1500.000000
1500.000000
1500.000000
1500.000000
1500.000000
1500.000000
1500.000000
1500.000000
1500.000000
1500.000000
1500.000000
1500.000000
1500.000000
1500.000000
1500.000000
1500.000000
1500.000000
1500.000000
1500.000000
1500.000000
1500.000000
1500.000000
1500.000000
1500.000000
1500.000000
1500.000000
1500.000000
1500.000000
1500.000000
1500.000000
1500.000000
1285.872544
1285.872544
1285.872544
1285.872544
1285.872544
1285.872544
1285.872544
1285.872544
1285.872544
1285.872544
1285.872544
1285.872544
1285.872544
1285.872544
1285.872544
1285.872544
1285.872544
1285.872544
1285.872544
1285.872544
1285.872544
1285.872544
1285.872544
1285.872544
1285.872544
1285.872544
1285.872544
1285.872544
1285.872544
1285.872544
1285.872544
1285.872544
1285.872544
1285.872544
1285.872544
1285.872544
1285.872544
1285.872544
1285.872544
1285.872544
1285.872544
1285.872544
1285.872544
1285.872544
1285.872544
1128.425885
1128.425885
1128.425885
1128.425885
1128.425885
1128.425885
1128.425885
1128.425885
1128.425885
1128.425885
1128.425885
1128.425885
1128.425885
1128.425885
1128.425885
1128.425885
1128.425885
1128.425885
1128.425885
1128.425885
1128.425885
1128.425885
1128.425885
1128.425885
1128.425885
1128.425885
1128.425885
1128.425885
1128.425885
1128.425885
1128.425885
1128.425885
1128.425885
1128.425885
1128.425885
1128.425885
1128.425885
1128.425885
1128.425885
1128.425885
1128.425885
1128.425885
1128.425885
1128.425885
1128.425885
1003.933179
1003.933179
1003.933179
1003.933179
1003.933179
1003.933179
1003.933179
1003.933179
1003.933179
1003.933179
1003.933179
1003.933179
1003.933179
1003.933179
1003.933179
1003.933179
1003.933179
1003.933179
1003.933179
1003.933179
1003.933179
1003.933179
1003.933179
1003.933179
1003.933179
1003.933179
1003.933179
1003.933179
1003.933179
1003.933179
1003.933179
1003.933179
1003.933179
1003.933179
1003.933179
1003.933179
1003.933179
1003.933179
1003.933179
1003.933179
1003.933179
1003.933179
1003.933179
1003.933179
1003.933179
900.987286
900.987286
900.987286
900.987286
900.987286
900.987286
900.987286
900.987286
900.987286
900.987286
900.987286
900.987286
900.987286
900.987286
900.987286
900.987286
900.987286
900.987286
900.987286
900.987286
900.987286
900.987286
900.987286
900.987286
900.987286
900.987286
900.987286
900.987286
900.987286
900.987286
900.987286
900.987286
900.987286
900.987286
900.987286
900.987286
900.987286
900.987286
900.987286
900.987286
900.987286
900.987286
900.987286
900.987286
900.987286
813.230132
813.230132
813.230132
813.230132
813.230132
813.230132
813.230132
813.230132
813.230132
813.230132
813.230132
813.230132
813.230132
813.230132
813.230132
813.230132
813.230132
813.230132
813.230132
813.230132
813.230132
813.230132
813.230132
813.230132
813.230132
813.230132
813.230132
813.230132
813.230132
813.230132
813.230132
813.230132
813.230132
813.230132
813.230132
813.230132
813.230132
813.230132
813.230132
813.230132
813.230132
813.230132
813.230132
813.230132
813.230132
736.756041
736.756041
736.756041
736.756041
736.756041
736.756041
736.756041
736.756041
736.756041
736.756041
736.756041
736.756041
736.756041
736.756041
736.756041
736.756041
736.756041
736.756041
736.756041
736.756041
736.756041
736.756041
736.756041
736.756041
736.756041
736.756041
736.756041
736.756041
736.756041
736.756041
736.756041
736.756041
736.756041
736.756041
736.756041
736.756041
736.756041
736.756041
736.756041
736.756041
736.756041
736.756041
736.756041
736.756041
736.756041
668.994188
668.994188
668.994188
668.994188
668.994188
668.994188
668.994188
668.994188
668.994188
668.994188
668.994188
668.994188
668.994188
668.994188
668.994188
668.994188
668.994188
668.994188
668.994188
668.994188
668.994188
668.994188
668.994188
668.994188
668.994188
668.994188
668.994188
668.994188
668.994188
668.994188
668.994188
668.994188
668.994188
668.994188
668.994188
668.994188
668.994188
668.994188
668.994188
668.994188
668.994188
668.994188
668.994188
668.994188
668.994188
608.162524
608.162524
608.162524
608.162524
608.162524
608.162524
608.162524
608.162524
608.162524
608.162524
608.162524
608.162524
608.162524
608.162524
608.162524
608.162524
608.162524
608.162524
608.162524
608.162524
608.162524
608.162524
608.162524
608.162524
608.162524
608.162524
608.162524
608.162524
608.162524
608.162524
608.162524
608.162524
608.162524
608.162524
608.162524
608.162524
608.162524
608.162524
608.162524
608.162524
608.162524
608.162524
608.162524
608.162524
608.162524
552.975036
552.975036
552.975036
552.975036
552.975036
552.975036
552.975036
552.975036
552.975036
552.975036
552.975036
552.975036
552.975036
552.975036
552.975036
552.975036
552.975036
552.975036
552.975036
552.975036
552.975036
552.975036
552.975036
552.975036
552.975036
552.975036
552.975036
552.975036
552.975036
552.975036
552.975036
552.975036
552.975036
552.975036
552.975036
552.975036
552.975036
552.975036
552.975036
552.975036
552.975036
552.975036
552.975036
552.975036
552.975036
502.473277
502.473277
502.473277
502.473277
502.473277
502.473277
502.473277
502.473277
502.473277
502.473277
502.473277
502.473277
502.473277
502.473277
502.473277
502.473277
502.473277
502.473277
502.473277
502.473277
502.473277
502.473277
502.473277
502.473277
502.473277
502.473277
502.473277
502.473277
502.473277
502.473277
502.473277
502.473277
502.473277
502.473277
502.473277
502.473277
502.473277
502.473277
502.473277
502.473277
502.473277
502.473277
502.473277
502.473277
502.473277
455.923830
455.923830
455.923830
455.923830
455.923830
455.923830
455.923830
455.923830
455.923830
455.923830
455.923830
455.923830
455.923830
455.923830
455.923830
455.923830
455.923830
455.923830
455.923830
455.923830
455.923830
455.923830
455.923830
455.923830
455.923830
455.923830
455.923830
455.923830
455.923830
455.923830
455.923830
455.923830
455.923830
455.923830
455.923830
455.923830
455.923830
455.923830
455.923830
455.923830
455.923830
455.923830
455.923830
455.923830
455.923830
412.752972
412.752972
412.752972
412.752972
412.752972
412.752972
412.752972
412.752972
412.752972
412.752972
412.752972
412.752972
412.752972
412.752972
412.752972
412.752972
412.752972
412.752972
412.752972
412.752972
412.752972
412.752972
412.752972
412.752972
412.752972
412.752972
412.752972
412.752972
412.752972
412.752972
412.752972
412.752972
412.752972
412.752972
412.752972
412.752972
412.752972
412.752972
412.752972
412.752972
412.752972
412.752972
412.752972
412.752972
412.752972
372.503450
372.503450
372.503450
372.503450
372.503450
372.503450
372.503450
372.503450
372.503450
372.503450
372.503450
372.503450
372.503450
372.503450
372.503450
372.503450
372.503450
372.503450
372.503450
372.503450
372.503450
372.503450
372.503450
372.503450
372.503450
372.503450
372.503450
372.503450
372.503450
372.503450
372.503450
372.503450
372.503450
372.503450
372.503450
372.503450
372.503450
372.503450
372.503450
372.503450
372.503450
372.503450
372.503450
372.503450
372.503450
334.804955
334.804955
334.804955
334.804955
334.804955
334.804955
334.804955
334.804955
334.804955
334.804955
334.804955
334.804955
334.804955
334.804955
334.804955
334.804955
334.804955
334.804955
334.804955
334.804955
334.804955
334.804955
334.804955
334.804955
334.804955
334.804955
334.804955
334.804955
334.804955
334.804955
334.804955
334.804955
334.804955
334.804955
334.804955
334.804955
334.804955
334.804955
334.804955
334.804955
334.804955
334.804955
334.804955
334.804955
334.804955
299.353389
299.353389
299.353389
299.353389
299.353389
299.353389
299.353389
299.353389
299.353389
299.353389
299.353389
299.353389
299.353389
299.353389
299.353389
299.353389
299.353389
299.353389
299.353389
299.353389
299.353389
299.353389
299.353389
299.353389
299.353389
299.353389
299.353389
299.353389
299.353389
299.353389
299.353389
299.353389
299.353389
299.353389
299.353389
299.353389
299.353389
299.353389
299.353389
299.353389
299.353389
299.353389
299.353389
299.353389
299.353389
265.895974
265.895974
265.895974
265.895974
265.895974
265.895974
265.895974
265.895974
265.895974
265.895974
265.895974
265.895974
265.895974
265.895974
265.895974
265.895974
265.895974
265.895974
265.895974
265.895974
265.895974
265.895974
265.895974
265.895974
265.895974
265.895974
265.895974
265.895974
265.895974
265.895974
265.895974
265.895974
265.895974
265.895974
265.895974
265.895974
265.895974
265.895974
265.895974
265.895974
265.895974
265.895974
265.895974
265.895974
265.895974
234.220315
234.220315
234.220315
234.220315
234.220315
234.220315
234.220315
234.220315
234.220315
234.220315
234.220315
234.220315
234.220315
234.220315
234.220315
234.220315
234.220315
234.220315
234.220315
234.220315
234.220315
234.220315
234.220315
234.220315
234.220315
234.220315
234.220315
234.220315
234.220315
234.220315
234.220315
234.220315
234.220315
234.220315
234.220315
234.220315
234.220315
234.220315
234.220315
234.220315
234.220315
234.220315
234.220315
234.220315
234.220315
204.146234
204.146234
204.146234
204.146234
204.146234
204.146234
204.146234
204.146234
204.146234
204.146234
204.146234
204.146234
204.146234
204.146234
204.146234
204.146234
204.146234
204.146234
204.146234
204.146234
204.146234
204.146234
204.146234
204.146234
204.146234
204.146234
204.146234
204.146234
204.146234
204.146234
204.146234
204.146234
204.146234
204.146234
204.146234
204.146234
204.146234
204.146234
204.146234
204.146234
204.146234
204.146234
204.146234
204.146234
204.146234
175.519569
175.519569
175.519569
175.519569
175.519569
175.519569
175.519569
175.519569
175.519569
175.519569
175.519569
175.519569
175.519569
175.519569
175.519569
175.519569
175.519569
175.519569
175.519569
175.519569
175.519569
175.519569
175.519569
175.519569
175.519569
175.519569
175.519569
175.519569
175.519569
175.519569
175.519569
175.519569
175.519569
175.519569
175.519569
175.519569
175.519569
175.519569
175.519569
175.519569
175.519569
175.519569
175.519569
175.519569
175.519569
148.207394
148.207394
148.207394
148.207394
148.207394
148.207394
148.207394
148.207394
148.207394
148.207394
148.207394
148.207394
148.207394
148.207394
148.207394
148.207394
148.207394
148.207394
148.207394
148.207394
148.207394
148.207394
148.207394
148.207394
148.207394
148.207394
148.207394
148.207394
148.207394
148.207394
148.207394
148.207394
148.207394
148.207394
148.207394
148.207394
148.207394
148.207394
148.207394
148.207394
148.207394
148.207394
148.207394
148.207394
148.207394
122.094289
122.094289
122.094289
122.094289
122.094289
122.094289
122.094289
122.094289
122.094289
122.094289
122.094289
122.094289
122.094289
122.094289
122.094289
122.094289
122.094289
122.094289
122.094289
122.094289
122.094289
122.094289
122.094289
122.094289
122.094289
122.094289
122.094289
122.094289
122.094289
122.094289
122.094289
122.094289
122.094289
122.094289
122.094289
122.094289
122.094289
122.094289
122.094289
122.094289
122.094289
122.094289
122.094289
122.094289
122.094289
97.079399
97.079399
97.079399
97.079399
97.079399
97.079399
97.079399
97.079399
97.079399
97.079399
97.079399
97.079399
97.079399
97.079399
97.079399
97.079399
97.079399
97.079399
97.079399
97.079399
97.079399
97.079399
97.079399
97.079399
97.079399
97.079399
97.079399
97.079399
97.079399
97.079399
97.079399
97.079399
97.079399
97.079399
97.079399
97.079399
97.079399
97.079399
97.079399
97.079399
97.079399
97.079399
97.079399
97.079399
97.079399
73.074079
73.074079
73.074079
73.074079
73.074079
73.074079
73.074079
73.074079
73.074079
73.074079
73.074079
73.074079
73.074079
73.074079
73.074079
73.074079
73.074079
73.074079
73.074079
73.074079
73.074079
73.074079
73.074079
73.074079
73.074079
73.074079
73.074079
73.074079
73.074079
73.074079
73.074079
73.074079
73.074079
73.074079
73.074079
73.074079
73.074079
73.074079
73.074079
73.074079
73.074079
73.074079
73.074079
73.074079
73.074079
50.000000
50.000000
50.000000
50.000000
50.000000
50.000000
50.000000
50.000000
50.000000
50.000000
50.000000
50.000000
50.000000
50.000000
50.000000
50.000000
50.000000
50.000000
50.000000
50.000000
50.000000
50.000000
50.000000
50.000000
50.000000
50.000000
50.000000
50.000000
50.000000
50.000000
50.000000
50.000000
50.000000
50.000000
50.000000
50.000000
50.000000
50.000000
50.000000
50.000000
50.000000
50.000000
50.000000
50.000000
50.000000
