1500.000000
1500.000000
1500.000000
1500.000000
1500.000000
1500.000000
1500.000000
1500.000000
1500.000000
1500.000000
1500.000000
1500.000000
1500.000000
1500.000000
1500.000000
1500.000000
1500.000000
1500.000000
1500.000000
1500.000000
1500.000000
1500.000000
1500.000000
1500.000000
1500.000000
1500.000000
1500.000000
1500.000000
1500.000000
1500.000000
1500.000000
1500.000000
1500.000000
1500.000000
1500.000000
1500.000000
1500.000000
1500.000000
1500.000000
1500.000000
1319.802460
1319.802460
1319.802460
1319.802460
1319.802460
1319.802460
1319.802460
1319.802460
1319.802460
1319.802460
1319.802460
1319.802460
1319.802460
1319.802460
1319.802460
1319.802460
1319.802460
1319.802460
1319.802460
1319.802460
1319.802460
1319.802460
1319.802460
1319.802460
1319.802460
1319.802460
1319.802460
1319.802460
1319.802460
1319.802460
1319.802460
1319.802460
1319.802460
1319.802460
1319.802460
1319.802460
1319.802460
1319.802460
1319.802460
1319.802460
1181.188968
1181.188968
1181.188968
1181.188968
1181.188968
1181.188968
1181.188968
1181.188968
1181.188968
1181.188968
1181.188968
1181.188968
1181.188968
1181.188968
1181.188968
1181.188968
1181.188968
1181.188968
1181.188968
1181.188968
1181.188968
1181.188968
1181.188968
1181.188968
1181.188968
1181.188968
1181.188968
1181.188968
1181.188968
1181.188968
1181.188968
1181.188968
1181.188968
1181.188968
1181.188968
1181.188968
1181.188968
1181.188968
1181.188968
1181.188968
1068.565506
1068.565506
1068.565506
1068.565506
1068.565506
1068.565506
1068.565506
1068.565506
1068.565506
1068.565506
1068.565506
1068.565506
1068.565506
1068.565506
1068.565506
1068.565506
1068.565506
1068.565506
1068.565506
1068.565506
1068.565506
1068.565506
1068.565506
1068.565506
1068.565506
1068.565506
1068.565506
1068.565506
1068.565506
1068.565506
1068.565506
1068.565506
1068.565506
1068.565506
1068.565506
1068.565506
1068.565506
1068.565506
1068.565506
1068.565506
973.724695
973.724695
973.724695
973.724695
973.724695
973.724695
973.724695
973.724695
973.724695
973.724695
973.724695
973.724695
973.724695
973.724695
973.724695
973.724695
973.724695
973.724695
973.724695
973.724695
973.724695
973.724695
973.724695
973.724695
973.724695
973.724695
973.724695
973.724695
973.724695
973.724695
973.724695
973.724695
973.724695
973.724695
973.724695
973.724695
973.724695
973.724695
973.724695
973.724695
891.816723
891.816723
891.816723
891.816723
891.816723
891.816723
891.816723
891.816723
891.816723
891.816723
891.816723
891.816723
891.816723
891.816723
891.816723
891.816723
891.816723
891.816723
891.816723
891.816723
891.816723
891.816723
891.816723
891.816723
891.816723
891.816723
891.816723
891.816723
891.816723
891.816723
891.816723
891.816723
891.816723
891.816723
891.816723
891.816723
891.816723
891.816723
891.816723
891.816723
819.737707
819.737707
819.737707
819.737707
819.737707
819.737707
819.737707
819.737707
819.737707
819.737707
819.737707
819.737707
819.737707
819.737707
819.737707
819.737707
819.737707
819.737707
819.737707
819.737707
819.737707
819.737707
819.737707
819.737707
819.737707
819.737707
819.737707
819.737707
819.737707
819.737707
819.737707
819.737707
819.737707
819.737707
819.737707
819.737707
819.737707
819.737707
819.737707
819.737707
755.381443
755.381443
755.381443
755.381443
755.381443
755.381443
755.381443
755.381443
755.381443
755.381443
755.381443
755.381443
755.381443
755.381443
755.381443
755.381443
755.381443
755.381443
755.381443
755.381443
755.381443
755.381443
755.381443
755.381443
755.381443
755.381443
755.381443
755.381443
755.381443
755.381443
755.381443
755.381443
755.381443
755.381443
755.381443
755.381443
755.381443
755.381443
755.381443
755.381443
697.253204
697.253204
697.253204
697.253204
697.253204
697.253204
697.253204
697.253204
697.253204
697.253204
697.253204
697.253204
697.253204
697.253204
697.253204
697.253204
697.253204
697.253204
697.253204
697.253204
697.253204
697.253204
697.253204
697.253204
697.253204
697.253204
697.253204
697.253204
697.253204
697.253204
697.253204
697.253204
697.253204
697.253204
697.253204
697.253204
697.253204
697.253204
697.253204
697.253204
644.253928
644.253928
644.253928
644.253928
644.253928
644.253928
644.253928
644.253928
644.253928
644.253928
644.253928
644.253928
644.253928
644.253928
644.253928
644.253928
644.253928
644.253928
644.253928
644.253928
644.253928
644.253928
644.253928
644.253928
644.253928
644.253928
644.253928
644.253928
644.253928
644.253928
644.253928
644.253928
644.253928
644.253928
644.253928
644.253928
644.253928
644.253928
644.253928
644.253928
595.551890
595.551890
595.551890
595.551890
595.551890
595.551890
595.551890
595.551890
595.551890
595.551890
595.551890
595.551890
595.551890
595.551890
595.551890
595.551890
595.551890
595.551890
595.551890
595.551890
595.551890
595.551890
595.551890
595.551890
595.551890
595.551890
595.551890
595.551890
595.551890
595.551890
595.551890
595.551890
595.551890
595.551890
595.551890
595.551890
595.551890
595.551890
595.551890
595.551890
550.502505
550.502505
550.502505
550.502505
550.502505
550.502505
550.502505
550.502505
550.502505
550.502505
550.502505
550.502505
550.502505
550.502505
550.502505
550.502505
550.502505
550.502505
550.502505
550.502505
550.502505
550.502505
550.502505
550.502505
550.502505
550.502505
550.502505
550.502505
550.502505
550.502505
550.502505
550.502505
550.502505
550.502505
550.502505
550.502505
550.502505
550.502505
550.502505
550.502505
508.596101
508.596101
508.596101
508.596101
508.596101
508.596101
508.596101
508.596101
508.596101
508.596101
508.596101
508.596101
508.596101
508.596101
508.596101
508.596101
508.596101
508.596101
508.596101
508.596101
508.596101
508.596101
508.596101
508.596101
508.596101
508.596101
508.596101
508.596101
508.596101
508.596101
508.596101
508.596101
508.596101
508.596101
508.596101
508.596101
508.596101
508.596101
508.596101
508.596101
469.422722
469.422722
469.422722
469.422722
469.422722
469.422722
469.422722
469.422722
469.422722
469.422722
469.422722
469.422722
469.422722
469.422722
469.422722
469.422722
469.422722
469.422722
469.422722
469.422722
469.422722
469.422722
469.422722
469.422722
469.422722
469.422722
469.422722
469.422722
469.422722
469.422722
469.422722
469.422722
469.422722
469.422722
469.422722
469.422722
469.422722
469.422722
469.422722
469.422722
432.647714
432.647714
432.647714
432.647714
432.647714
432.647714
432.647714
432.647714
432.647714
432.647714
432.647714
432.647714
432.647714
432.647714
432.647714
432.647714
432.647714
432.647714
432.647714
432.647714
432.647714
432.647714
432.647714
432.647714
432.647714
432.647714
432.647714
432.647714
432.647714
432.647714
432.647714
432.647714
432.647714
432.647714
432.647714
432.647714
432.647714
432.647714
432.647714
432.647714
397.994341
397.994341
397.994341
397.994341
397.994341
397.994341
397.994341
397.994341
397.994341
397.994341
397.994341
397.994341
397.994341
397.994341
397.994341
397.994341
397.994341
397.994341
397.994341
397.994341
397.994341
397.994341
397.994341
397.994341
397.994341
397.994341
397.994341
397.994341
397.994341
397.994341
397.994341
397.994341
397.994341
397.994341
397.994341
397.994341
397.994341
397.994341
397.994341
397.994341
365.231152
365.231152
365.231152
365.231152
365.231152
365.231152
365.231152
365.231152
365.231152
365.231152
365.231152
365.231152
365.231152
365.231152
365.231152
365.231152
365.231152
365.231152
365.231152
365.231152
365.231152
365.231152
365.231152
365.231152
365.231152
365.231152
365.231152
365.231152
365.231152
365.231152
365.231152
365.231152
365.231152
365.231152
365.231152
365.231152
365.231152
365.231152
365.231152
365.231152
334.162611
334.162611
334.162611
334.162611
334.162611
334.162611
334.162611
334.162611
334.162611
334.162611
334.162611
334.162611
334.162611
334.162611
334.162611
334.162611
334.162611
334.162611
334.162611
334.162611
334.162611
334.162611
334.162611
334.162611
334.162611
334.162611
334.162611
334.162611
334.162611
334.162611
334.162611
334.162611
334.162611
334.162611
334.162611
334.162611
334.162611
334.162611
334.162611
334.162611
304.622031
304.622031
304.622031
304.622031
304.622031
304.622031
304.622031
304.622031
304.622031
304.622031
304.622031
304.622031
304.622031
304.622031
304.622031
304.622031
304.622031
304.622031
304.622031
304.622031
304.622031
304.622031
304.622031
304.622031
304.622031
304.622031
304.622031
304.622031
304.622031
304.622031
304.622031
304.622031
304.622031
304.622031
304.622031
304.622031
304.622031
304.622031
304.622031
304.622031
276.466165
276.466165
276.466165
276.466165
276.466165
276.466165
276.466165
276.466165
276.466165
276.466165
276.466165
276.466165
276.466165
276.466165
276.466165
276.466165
276.466165
276.466165
276.466165
276.466165
276.466165
276.466165
276.466165
276.466165
276.466165
276.466165
276.466165
276.466165
276.466165
276.466165
276.466165
276.466165
276.466165
276.466165
276.466165
276.466165
276.466165
276.466165
276.466165
276.466165
249.571010
249.571010
249.571010
249.571010
249.571010
249.571010
249.571010
249.571010
249.571010
249.571010
249.571010
249.571010
249.571010
249.571010
249.571010
249.571010
249.571010
249.571010
249.571010
249.571010
249.571010
249.571010
249.571010
249.571010
249.571010
249.571010
249.571010
249.571010
249.571010
249.571010
249.571010
249.571010
249.571010
249.571010
249.571010
249.571010
249.571010
249.571010
249.571010
249.571010
223.828504
223.828504
223.828504
223.828504
223.828504
223.828504
223.828504
223.828504
223.828504
223.828504
223.828504
223.828504
223.828504
223.828504
223.828504
223.828504
223.828504
223.828504
223.828504
223.828504
223.828504
223.828504
223.828504
223.828504
223.828504
223.828504
223.828504
223.828504
223.828504
223.828504
223.828504
223.828504
223.828504
223.828504
223.828504
223.828504
223.828504
223.828504
223.828504
223.828504
199.143910
199.143910
199.143910
199.143910
199.143910
199.143910
199.143910
199.143910
199.143910
199.143910
199.143910
199.143910
199.143910
199.143910
199.143910
199.143910
199.143910
199.143910
199.143910
199.143910
199.143910
199.143910
199.143910
199.143910
199.143910
199.143910
199.143910
199.143910
199.143910
199.143910
199.143910
199.143910
199.143910
199.143910
199.143910
199.143910
199.143910
199.143910
199.143910
199.143910
175.433707
175.433707
175.433707
175.433707
175.433707
175.433707
175.433707
175.433707
175.433707
175.433707
175.433707
175.433707
175.433707
175.433707
175.433707
175.433707
175.433707
175.433707
175.433707
175.433707
175.433707
175.433707
175.433707
175.433707
175.433707
175.433707
175.433707
175.433707
175.433707
175.433707
175.433707
175.433707
175.433707
175.433707
175.433707
175.433707
175.433707
175.433707
175.433707
175.433707
152.623892
152.623892
152.623892
152.623892
152.623892
152.623892
152.623892
152.623892
152.623892
152.623892
152.623892
152.623892
152.623892
152.623892
152.623892
152.623892
152.623892
152.623892
152.623892
152.623892
152.623892
152.623892
152.623892
152.623892
152.623892
152.623892
152.623892
152.623892
152.623892
152.623892
152.623892
152.623892
152.623892
152.623892
152.623892
152.623892
152.623892
152.623892
152.623892
152.623892
130.648582
130.648582
130.648582
130.648582
130.648582
130.648582
130.648582
130.648582
130.648582
130.648582
130.648582
130.648582
130.648582
130.648582
130.648582
130.648582
130.648582
130.648582
130.648582
130.648582
130.648582
130.648582
130.648582
130.648582
130.648582
130.648582
130.648582
130.648582
130.648582
130.648582
130.648582
130.648582
130.648582
130.648582
130.648582
130.648582
130.648582
130.648582
130.648582
130.648582
109.448872
109.448872
109.448872
109.448872
109.448872
109.448872
109.448872
109.448872
109.448872
109.448872
109.448872
109.448872
109.448872
109.448872
109.448872
109.448872
109.448872
109.448872
109.448872
109.448872
109.448872
109.448872
109.448872
109.448872
109.448872
109.448872
109.448872
109.448872
109.448872
109.448872
109.448872
109.448872
109.448872
109.448872
109.448872
109.448872
109.448872
109.448872
109.448872
109.448872
88.971878
88.971878
88.971878
88.971878
88.971878
88.971878
88.971878
88.971878
88.971878
88.971878
88.971878
88.971878
88.971878
88.971878
88.971878
88.971878
88.971878
88.971878
88.971878
88.971878
88.971878
88.971878
88.971878
88.971878
88.971878
88.971878
88.971878
88.971878
88.971878
88.971878
88.971878
88.971878
88.971878
88.971878
88.971878
88.971878
88.971878
88.971878
88.971878
88.971878
69.169951
69.169951
69.169951
69.169951
69.169951
69.169951
69.169951
69.169951
69.169951
69.169951
69.169951
69.169951
69.169951
69.169951
69.169951
69.169951
69.169951
69.169951
69.169951
69.169951
69.169951
69.169951
69.169951
69.169951
69.169951
69.169951
69.169951
69.169951
69.169951
69.169951
69.169951
69.169951
69.169951
69.169951
69.169951
69.169951
69.169951
69.169951
69.169951
69.169951
50.000000
50.000000
50.000000
50.000000
50.000000
50.000000
50.000000
50.000000
50.000000
50.000000
50.000000
50.000000
50.000000
50.000000
50.000000
50.000000
50.000000
50.000000
50.000000
50.000000
50.000000
50.000000
50.000000
50.000000
50.000000
50.000000
50.000000
50.000000
50.000000
50.000000
50.000000
50.000000
50.000000
50.000000
50.000000
50.000000
50.000000
50.000000
50.000000
50.000000
