1500.000000
1500.000000
1500.000000
1500.000000
1500.000000
1500.000000
1500.000000
1500.000000
1500.000000
1500.000000
1500.000000
1500.000000
1500.000000
1500.000000
1500.000000
1500.000000
1500.000000
1500.000000
1500.000000
1500.000000
1500.000000
1500.000000
1500.000000
1500.000000
1500.000000
1500.000000
1500.000000
1500.000000
1500.000000
1500.000000
1500.000000
1500.000000
1500.000000
1500.000000
1500.000000
1500.000000
1500.000000
1500.000000
1500.000000
1500.000000
1344.469581
1344.469581
1344.469581
1344.469581
1344.469581
1344.469581
1344.469581
1344.469581
1344.469581
1344.469581
1344.469581
1344.469581
1344.469581
1344.469581
1344.469581
1344.469581
1344.469581
1344.469581
1344.469581
1344.469581
1344.469581
1344.469581
1344.469581
1344.469581
1344.469581
1344.469581
1344.469581
1344.469581
1344.469581
1344.469581
1344.469581
1344.469581
1344.469581
1344.469581
1344.469581
1344.469581
1344.469581
1344.469581
1344.469581
1344.469581
1220.752202
1220.752202
1220.752202
1220.752202
1220.752202
1220.752202
1220.752202
1220.752202
1220.752202
1220.752202
1220.752202
1220.752202
1220.752202
1220.752202
1220.752202
1220.752202
1220.752202
1220.752202
1220.752202
1220.752202
1220.752202
1220.752202
1220.752202
1220.752202
1220.752202
1220.752202
1220.752202
1220.752202
1220.752202
1220.752202
1220.752202
1220.752202
1220.752202
1220.752202
1220.752202
1220.752202
1220.752202
1220.752202
1220.752202
1220.752202
1118.043435
1118.043435
1118.043435
1118.043435
1118.043435
1118.043435
1118.043435
1118.043435
1118.043435
1118.043435
1118.043435
1118.043435
1118.043435
1118.043435
1118.043435
1118.043435
1118.043435
1118.043435
1118.043435
1118.043435
1118.043435
1118.043435
1118.043435
1118.043435
1118.043435
1118.043435
1118.043435
1118.043435
1118.043435
1118.043435
1118.043435
1118.043435
1118.043435
1118.043435
1118.043435
1118.043435
1118.043435
1118.043435
1118.043435
1118.043435
1030.244005
1030.244005
1030.244005
1030.244005
1030.244005
1030.244005
1030.244005
1030.244005
1030.244005
1030.244005
1030.244005
1030.244005
1030.244005
1030.244005
1030.244005
1030.244005
1030.244005
1030.244005
1030.244005
1030.244005
1030.244005
1030.244005
1030.244005
1030.244005
1030.244005
1030.244005
1030.244005
1030.244005
1030.244005
1030.244005
1030.244005
1030.244005
1030.244005
1030.244005
1030.244005
1030.244005
1030.244005
1030.244005
1030.244005
1030.244005
953.574080
953.574080
953.574080
953.574080
953.574080
953.574080
953.574080
953.574080
953.574080
953.574080
953.574080
953.574080
953.574080
953.574080
953.574080
953.574080
953.574080
953.574080
953.574080
953.574080
953.574080
953.574080
953.574080
953.574080
953.574080
953.574080
953.574080
953.574080
953.574080
953.574080
953.574080
953.574080
953.574080
953.574080
953.574080
953.574080
953.574080
953.574080
953.574080
953.574080
885.529521
885.529521
885.529521
885.529521
885.529521
885.529521
885.529521
885.529521
885.529521
885.529521
885.529521
885.529521
885.529521
885.529521
885.529521
885.529521
885.529521
885.529521
885.529521
885.529521
885.529521
885.529521
885.529521
885.529521
885.529521
885.529521
885.529521
885.529521
885.529521
885.529521
885.529521
885.529521
885.529521
885.529521
885.529521
885.529521
885.529521
885.529521
885.529521
885.529521
824.365873
824.365873
824.365873
824.365873
824.365873
824.365873
824.365873
824.365873
824.365873
824.365873
824.365873
824.365873
824.365873
824.365873
824.365873
824.365873
824.365873
824.365873
824.365873
824.365873
824.365873
824.365873
824.365873
824.365873
824.365873
824.365873
824.365873
824.365873
824.365873
824.365873
824.365873
824.365873
824.365873
824.365873
824.365873
824.365873
824.365873
824.365873
824.365873
824.365873
768.819295
768.819295
768.819295
768.819295
768.819295
768.819295
768.819295
768.819295
768.819295
768.819295
768.819295
768.819295
768.819295
768.819295
768.819295
768.819295
768.819295
768.819295
768.819295
768.819295
768.819295
768.819295
768.819295
768.819295
768.819295
768.819295
768.819295
768.819295
768.819295
768.819295
768.819295
768.819295
768.819295
768.819295
768.819295
768.819295
768.819295
768.819295
768.819295
768.819295
717.944859
717.944859
717.944859
717.944859
717.944859
717.944859
717.944859
717.944859
717.944859
717.944859
717.944859
717.944859
717.944859
717.944859
717.944859
717.944859
717.944859
717.944859
717.944859
717.944859
717.944859
717.944859
717.944859
717.944859
717.944859
717.944859
717.944859
717.944859
717.944859
717.944859
717.944859
717.944859
717.944859
717.944859
717.944859
717.944859
717.944859
717.944859
717.944859
717.944859
671.017577
671.017577
671.017577
671.017577
671.017577
671.017577
671.017577
671.017577
671.017577
671.017577
671.017577
671.017577
671.017577
671.017577
671.017577
671.017577
671.017577
671.017577
671.017577
671.017577
671.017577
671.017577
671.017577
671.017577
671.017577
671.017577
671.017577
671.017577
671.017577
671.017577
671.017577
671.017577
671.017577
671.017577
671.017577
671.017577
671.017577
671.017577
671.017577
671.017577
627.469060
627.469060
627.469060
627.469060
627.469060
627.469060
627.469060
627.469060
627.469060
627.469060
627.469060
627.469060
627.469060
627.469060
627.469060
627.469060
627.469060
627.469060
627.469060
627.469060
627.469060
627.469060
627.469060
627.469060
627.469060
627.469060
627.469060
627.469060
627.469060
627.469060
627.469060
627.469060
627.469060
627.469060
627.469060
627.469060
627.469060
627.469060
627.469060
627.469060
586.845443
586.845443
586.845443
586.845443
586.845443
586.845443
586.845443
586.845443
586.845443
586.845443
586.845443
586.845443
586.845443
586.845443
586.845443
586.845443
586.845443
586.845443
586.845443
586.845443
586.845443
586.845443
586.845443
586.845443
586.845443
586.845443
586.845443
586.845443
586.845443
586.845443
586.845443
586.845443
586.845443
586.845443
586.845443
586.845443
586.845443
586.845443
586.845443
586.845443
548.778557
548.778557
548.778557
548.778557
548.778557
548.778557
548.778557
548.778557
548.778557
548.778557
548.778557
548.778557
548.778557
548.778557
548.778557
548.778557
548.778557
548.778557
548.778557
548.778557
548.778557
548.778557
548.778557
548.778557
548.778557
548.778557
548.778557
548.778557
548.778557
548.778557
548.778557
548.778557
548.778557
548.778557
548.778557
548.778557
548.778557
548.778557
548.778557
548.778557
512.965632
512.965632
512.965632
512.965632
512.965632
512.965632
512.965632
512.965632
512.965632
512.965632
512.965632
512.965632
512.965632
512.965632
512.965632
512.965632
512.965632
512.965632
512.965632
512.965632
512.965632
512.965632
512.965632
512.965632
512.965632
512.965632
512.965632
512.965632
512.965632
512.965632
512.965632
512.965632
512.965632
512.965632
512.965632
512.965632
512.965632
512.965632
512.965632
512.965632
479.154671
479.154671
479.154671
479.154671
479.154671
479.154671
479.154671
479.154671
479.154671
479.154671
479.154671
479.154671
479.154671
479.154671
479.154671
479.154671
479.154671
479.154671
479.154671
479.154671
479.154671
479.154671
479.154671
479.154671
479.154671
479.154671
479.154671
479.154671
479.154671
479.154671
479.154671
479.154671
479.154671
479.154671
479.154671
479.154671
479.154671
479.154671
479.154671
479.154671
447.133703
447.133703
447.133703
447.133703
447.133703
447.133703
447.133703
447.133703
447.133703
447.133703
447.133703
447.133703
447.133703
447.133703
447.133703
447.133703
447.133703
447.133703
447.133703
447.133703
447.133703
447.133703
447.133703
447.133703
447.133703
447.133703
447.133703
447.133703
447.133703
447.133703
447.133703
447.133703
447.133703
447.133703
447.133703
447.133703
447.133703
447.133703
447.133703
447.133703
416.722727
416.722727
416.722727
416.722727
416.722727
416.722727
416.722727
416.722727
416.722727
416.722727
416.722727
416.722727
416.722727
416.722727
416.722727
416.722727
416.722727
416.722727
416.722727
416.722727
416.722727
416.722727
416.722727
416.722727
416.722727
416.722727
416.722727
416.722727
416.722727
416.722727
416.722727
416.722727
416.722727
416.722727
416.722727
416.722727
416.722727
416.722727
416.722727
416.722727
387.767596
387.767596
387.767596
387.767596
387.767596
387.767596
387.767596
387.767596
387.767596
387.767596
387.767596
387.767596
387.767596
387.767596
387.767596
387.767596
387.767596
387.767596
387.767596
387.767596
387.767596
387.767596
387.767596
387.767596
387.767596
387.767596
387.767596
387.767596
387.767596
387.767596
387.767596
387.767596
387.767596
387.767596
387.767596
387.767596
387.767596
387.767596
387.767596
387.767596
360.135288
360.135288
360.135288
360.135288
360.135288
360.135288
360.135288
360.135288
360.135288
360.135288
360.135288
360.135288
360.135288
360.135288
360.135288
360.135288
360.135288
360.135288
360.135288
360.135288
360.135288
360.135288
360.135288
360.135288
360.135288
360.135288
360.135288
360.135288
360.135288
360.135288
360.135288
360.135288
360.135288
360.135288
360.135288
360.135288
360.135288
360.135288
360.135288
360.135288
333.710217
333.710217
333.710217
333.710217
333.710217
333.710217
333.710217
333.710217
333.710217
333.710217
333.710217
333.710217
333.710217
333.710217
333.710217
333.710217
333.710217
333.710217
333.710217
333.710217
333.710217
333.710217
333.710217
333.710217
333.710217
333.710217
333.710217
333.710217
333.710217
333.710217
333.710217
333.710217
333.710217
333.710217
333.710217
333.710217
333.710217
333.710217
333.710217
333.710217
308.391311
308.391311
308.391311
308.391311
308.391311
308.391311
308.391311
308.391311
308.391311
308.391311
308.391311
308.391311
308.391311
308.391311
308.391311
308.391311
308.391311
308.391311
308.391311
308.391311
308.391311
308.391311
308.391311
308.391311
308.391311
308.391311
308.391311
308.391311
308.391311
308.391311
308.391311
308.391311
308.391311
308.391311
308.391311
308.391311
308.391311
308.391311
308.391311
308.391311
284.089683
284.089683
284.089683
284.089683
284.089683
284.089683
284.089683
284.089683
284.089683
284.089683
284.089683
284.089683
284.089683
284.089683
284.089683
284.089683
284.089683
284.089683
284.089683
284.089683
284.089683
284.089683
284.089683
284.089683
284.089683
284.089683
284.089683
284.089683
284.089683
284.089683
284.089683
284.089683
284.089683
284.089683
284.089683
284.089683
284.089683
284.089683
284.089683
284.089683
260.726745
260.726745
260.726745
260.726745
260.726745
260.726745
260.726745
260.726745
260.726745
260.726745
260.726745
260.726745
260.726745
260.726745
260.726745
260.726745
260.726745
260.726745
260.726745
260.726745
260.726745
260.726745
260.726745
260.726745
260.726745
260.726745
260.726745
260.726745
260.726745
260.726745
260.726745
260.726745
260.726745
260.726745
260.726745
260.726745
260.726745
260.726745
260.726745
260.726745
238.232676
238.232676
238.232676
238.232676
238.232676
238.232676
238.232676
238.232676
238.232676
238.232676
238.232676
238.232676
238.232676
238.232676
238.232676
238.232676
238.232676
238.232676
238.232676
238.232676
238.232676
238.232676
238.232676
238.232676
238.232676
238.232676
238.232676
238.232676
238.232676
238.232676
238.232676
238.232676
238.232676
238.232676
238.232676
238.232676
238.232676
238.232676
238.232676
238.232676
216.545167
216.545167
216.545167
216.545167
216.545167
216.545167
216.545167
216.545167
216.545167
216.545167
216.545167
216.545167
216.545167
216.545167
216.545167
216.545167
216.545167
216.545167
216.545167
216.545167
216.545167
216.545167
216.545167
216.545167
216.545167
216.545167
216.545167
216.545167
216.545167
216.545167
216.545167
216.545167
216.545167
216.545167
216.545167
216.545167
216.545167
216.545167
216.545167
216.545167
195.608380
195.608380
195.608380
195.608380
195.608380
195.608380
195.608380
195.608380
195.608380
195.608380
195.608380
195.608380
195.608380
195.608380
195.608380
195.608380
195.608380
195.608380
195.608380
195.608380
195.608380
195.608380
195.608380
195.608380
195.608380
195.608380
195.608380
195.608380
195.608380
195.608380
195.608380
195.608380
195.608380
195.608380
195.608380
195.608380
195.608380
195.608380
195.608380
195.608380
175.372080
175.372080
175.372080
175.372080
175.372080
175.372080
175.372080
175.372080
175.372080
175.372080
175.372080
175.372080
175.372080
175.372080
175.372080
175.372080
175.372080
175.372080
175.372080
175.372080
175.372080
175.372080
175.372080
175.372080
175.372080
175.372080
175.372080
175.372080
175.372080
175.372080
175.372080
175.372080
175.372080
175.372080
175.372080
175.372080
175.372080
175.372080
175.372080
175.372080
155.790912
155.790912
155.790912
155.790912
155.790912
155.790912
155.790912
155.790912
155.790912
155.790912
155.790912
155.790912
155.790912
155.790912
155.790912
155.790912
155.790912
155.790912
155.790912
155.790912
155.790912
155.790912
155.790912
155.790912
155.790912
155.790912
155.790912
155.790912
155.790912
155.790912
155.790912
155.790912
155.790912
155.790912
155.790912
155.790912
155.790912
155.790912
155.790912
155.790912
136.823788
136.823788
136.823788
136.823788
136.823788
136.823788
136.823788
136.823788
136.823788
136.823788
136.823788
136.823788
136.823788
136.823788
136.823788
136.823788
136.823788
136.823788
136.823788
136.823788
136.823788
136.823788
136.823788
136.823788
136.823788
136.823788
136.823788
136.823788
136.823788
136.823788
136.823788
136.823788
136.823788
136.823788
136.823788
136.823788
136.823788
136.823788
136.823788
136.823788
118.433367
118.433367
118.433367
118.433367
118.433367
118.433367
118.433367
118.433367
118.433367
118.433367
118.433367
118.433367
118.433367
118.433367
118.433367
118.433367
118.433367
118.433367
118.433367
118.433367
118.433367
118.433367
118.433367
118.433367
118.433367
118.433367
118.433367
118.433367
118.433367
118.433367
118.433367
118.433367
118.433367
118.433367
118.433367
118.433367
118.433367
118.433367
118.433367
118.433367
100.585614
100.585614
100.585614
100.585614
100.585614
100.585614
100.585614
100.585614
100.585614
100.585614
100.585614
100.585614
100.585614
100.585614
100.585614
100.585614
100.585614
100.585614
100.585614
100.585614
100.585614
100.585614
100.585614
100.585614
100.585614
100.585614
100.585614
100.585614
100.585614
100.585614
100.585614
100.585614
100.585614
100.585614
100.585614
100.585614
100.585614
100.585614
100.585614
100.585614
83.249421
83.249421
83.249421
83.249421
83.249421
83.249421
83.249421
83.249421
83.249421
83.249421
83.249421
83.249421
83.249421
83.249421
83.249421
83.249421
83.249421
83.249421
83.249421
83.249421
83.249421
83.249421
83.249421
83.249421
83.249421
83.249421
83.249421
83.249421
83.249421
83.249421
83.249421
83.249421
83.249421
83.249421
83.249421
83.249421
83.249421
83.249421
83.249421
83.249421
66.396279
66.396279
66.396279
66.396279
66.396279
66.396279
66.396279
66.396279
66.396279
66.396279
66.396279
66.396279
66.396279
66.396279
66.396279
66.396279
66.396279
66.396279
66.396279
66.396279
66.396279
66.396279
66.396279
66.396279
66.396279
66.396279
66.396279
66.396279
66.396279
66.396279
66.396279
66.396279
66.396279
66.396279
66.396279
66.396279
66.396279
66.396279
66.396279
66.396279
50.000000
50.000000
50.000000
50.000000
50.000000
50.000000
50.000000
50.000000
50.000000
50.000000
50.000000
50.000000
50.000000
50.000000
50.000000
50.000000
50.000000
50.000000
50.000000
50.000000
50.000000
50.000000
50.000000
50.000000
50.000000
50.000000
50.000000
50.000000
50.000000
50.000000
50.000000
50.000000
50.000000
50.000000
50.000000
50.000000
50.000000
50.000000
50.000000
50.000000
