1500.000000
1500.000000
1500.000000
1500.000000
1500.000000
1500.000000
1500.000000
1500.000000
1500.000000
1500.000000
1500.000000
1500.000000
1500.000000
1500.000000
1500.000000
1500.000000
1500.000000
1500.000000
1500.000000
1500.000000
1500.000000
1500.000000
1500.000000
1500.000000
1500.000000
1363.205992
1363.205992
1363.205992
1363.205992
1363.205992
1363.205992
1363.205992
1363.205992
1363.205992
1363.205992
1363.205992
1363.205992
1363.205992
1363.205992
1363.205992
1363.205992
1363.205992
1363.205992
1363.205992
1363.205992
1363.205992
1363.205992
1363.205992
1363.205992
1363.205992
1251.537414
1251.537414
1251.537414
1251.537414
1251.537414
1251.537414
1251.537414
1251.537414
1251.537414
1251.537414
1251.537414
1251.537414
1251.537414
1251.537414
1251.537414
1251.537414
1251.537414
1251.537414
1251.537414
1251.537414
1251.537414
1251.537414
1251.537414
1251.537414
1251.537414
1157.196719
1157.196719
1157.196719
1157.196719
1157.196719
1157.196719
1157.196719
1157.196719
1157.196719
1157.196719
1157.196719
1157.196719
1157.196719
1157.196719
1157.196719
1157.196719
1157.196719
1157.196719
1157.196719
1157.196719
1157.196719
1157.196719
1157.196719
1157.196719
1157.196719
1075.528655
1075.528655
1075.528655
1075.528655
1075.528655
1075.528655
1075.528655
1075.528655
1075.528655
1075.528655
1075.528655
1075.528655
1075.528655
1075.528655
1075.528655
1075.528655
1075.528655
1075.528655
1075.528655
1075.528655
1075.528655
1075.528655
1075.528655
1075.528655
1075.528655
1003.531808
1003.531808
1003.531808
1003.531808
1003.531808
1003.531808
1003.531808
1003.531808
1003.531808
1003.531808
1003.531808
1003.531808
1003.531808
1003.531808
1003.531808
1003.531808
1003.531808
1003.531808
1003.531808
1003.531808
1003.531808
1003.531808
1003.531808
1003.531808
1003.531808
939.158158
939.158158
939.158158
939.158158
939.158158
939.158158
939.158158
939.158158
939.158158
939.158158
939.158158
939.158158
939.158158
939.158158
939.158158
939.158158
939.158158
939.158158
939.158158
939.158158
939.158158
939.158158
939.158158
939.158158
939.158158
880.947941
880.947941
880.947941
880.947941
880.947941
880.947941
880.947941
880.947941
880.947941
880.947941
880.947941
880.947941
880.947941
880.947941
880.947941
880.947941
880.947941
880.947941
880.947941
880.947941
880.947941
880.947941
880.947941
880.947941
880.947941
827.824055
827.824055
827.824055
827.824055
827.824055
827.824055
827.824055
827.824055
827.824055
827.824055
827.824055
827.824055
827.824055
827.824055
827.824055
827.824055
827.824055
827.824055
827.824055
827.824055
827.824055
827.824055
827.824055
827.824055
827.824055
778.969052
778.969052
778.969052
778.969052
778.969052
778.969052
778.969052
778.969052
778.969052
778.969052
778.969052
778.969052
778.969052
778.969052
778.969052
778.969052
778.969052
778.969052
778.969052
778.969052
778.969052
778.969052
778.969052
778.969052
778.969052
733.747892
733.747892
733.747892
733.747892
733.747892
733.747892
733.747892
733.747892
733.747892
733.747892
733.747892
733.747892
733.747892
733.747892
733.747892
733.747892
733.747892
733.747892
733.747892
733.747892
733.747892
733.747892
733.747892
733.747892
733.747892
691.657428
691.657428
691.657428
691.657428
691.657428
691.657428
691.657428
691.657428
691.657428
691.657428
691.657428
691.657428
691.657428
691.657428
691.657428
691.657428
691.657428
691.657428
691.657428
691.657428
691.657428
691.657428
691.657428
691.657428
691.657428
652.292246
652.292246
652.292246
652.292246
652.292246
652.292246
652.292246
652.292246
652.292246
652.292246
652.292246
652.292246
652.292246
652.292246
652.292246
652.292246
652.292246
652.292246
652.292246
652.292246
652.292246
652.292246
652.292246
652.292246
652.292246
615.320893
615.320893
615.320893
615.320893
615.320893
615.320893
615.320893
615.320893
615.320893
615.320893
615.320893
615.320893
615.320893
615.320893
615.320893
615.320893
615.320893
615.320893
615.320893
615.320893
615.320893
615.320893
615.320893
615.320893
615.320893
580.468916
580.468916
580.468916
580.468916
580.468916
580.468916
580.468916
580.468916
580.468916
580.468916
580.468916
580.468916
580.468916
580.468916
580.468916
580.468916
580.468916
580.468916
580.468916
580.468916
580.468916
580.468916
580.468916
580.468916
580.468916
547.506505
547.506505
547.506505
547.506505
547.506505
547.506505
547.506505
547.506505
547.506505
547.506505
547.506505
547.506505
547.506505
547.506505
547.506505
547.506505
547.506505
547.506505
547.506505
547.506505
547.506505
547.506505
547.506505
547.506505
547.506505
516.239303
516.239303
516.239303
516.239303
516.239303
516.239303
516.239303
516.239303
516.239303
516.239303
516.239303
516.239303
516.239303
516.239303
516.239303
516.239303
516.239303
516.239303
516.239303
516.239303
516.239303
516.239303
516.239303
516.239303
516.239303
486.501475
486.501475
486.501475
486.501475
486.501475
486.501475
486.501475
486.501475
486.501475
486.501475
486.501475
486.501475
486.501475
486.501475
486.501475
486.501475
486.501475
486.501475
486.501475
486.501475
486.501475
486.501475
486.501475
486.501475
486.501475
458.150385
458.150385
458.150385
458.150385
458.150385
458.150385
458.150385
458.150385
458.150385
458.150385
458.150385
458.150385
458.150385
458.150385
458.150385
458.150385
458.150385
458.150385
458.150385
458.150385
458.150385
458.150385
458.150385
458.150385
458.150385
431.062463
431.062463
431.062463
431.062463
431.062463
431.062463
431.062463
431.062463
431.062463
431.062463
431.062463
431.062463
431.062463
431.062463
431.062463
431.062463
431.062463
431.062463
431.062463
431.062463
431.062463
431.062463
431.062463
431.062463
431.062463
405.129950
405.129950
405.129950
405.129950
405.129950
405.129950
405.129950
405.129950
405.129950
405.129950
405.129950
405.129950
405.129950
405.129950
405.129950
405.129950
405.129950
405.129950
405.129950
405.129950
405.129950
405.129950
405.129950
405.129950
405.129950
380.258312
380.258312
380.258312
380.258312
380.258312
380.258312
380.258312
380.258312
380.258312
380.258312
380.258312
380.258312
380.258312
380.258312
380.258312
380.258312
380.258312
380.258312
380.258312
380.258312
380.258312
380.258312
380.258312
380.258312
380.258312
356.364162
356.364162
356.364162
356.364162
356.364162
356.364162
356.364162
356.364162
356.364162
356.364162
356.364162
356.364162
356.364162
356.364162
356.364162
356.364162
356.364162
356.364162
356.364162
356.364162
356.364162
356.364162
356.364162
356.364162
356.364162
333.373572
333.373572
333.373572
333.373572
333.373572
333.373572
333.373572
333.373572
333.373572
333.373572
333.373572
333.373572
333.373572
333.373572
333.373572
333.373572
333.373572
333.373572
333.373572
333.373572
333.373572
333.373572
333.373572
333.373572
333.373572
311.220697
311.220697
311.220697
311.220697
311.220697
311.220697
311.220697
311.220697
311.220697
311.220697
311.220697
311.220697
311.220697
311.220697
311.220697
311.220697
311.220697
311.220697
311.220697
311.220697
311.220697
311.220697
311.220697
311.220697
311.220697
289.846633
289.846633
289.846633
289.846633
289.846633
289.846633
289.846633
289.846633
289.846633
289.846633
289.846633
289.846633
289.846633
289.846633
289.846633
289.846633
289.846633
289.846633
289.846633
289.846633
289.846633
289.846633
289.846633
289.846633
289.846633
269.198481
269.198481
269.198481
269.198481
269.198481
269.198481
269.198481
269.198481
269.198481
269.198481
269.198481
269.198481
269.198481
269.198481
269.198481
269.198481
269.198481
269.198481
269.198481
269.198481
269.198481
269.198481
269.198481
269.198481
269.198481
249.228553
249.228553
249.228553
249.228553
249.228553
249.228553
249.228553
249.228553
249.228553
249.228553
249.228553
249.228553
249.228553
249.228553
249.228553
249.228553
249.228553
249.228553
249.228553
249.228553
249.228553
249.228553
249.228553
249.228553
249.228553
229.893711
229.893711
229.893711
229.893711
229.893711
229.893711
229.893711
229.893711
229.893711
229.893711
229.893711
229.893711
229.893711
229.893711
229.893711
229.893711
229.893711
229.893711
229.893711
229.893711
229.893711
229.893711
229.893711
229.893711
229.893711
211.154805
211.154805
211.154805
211.154805
211.154805
211.154805
211.154805
211.154805
211.154805
211.154805
211.154805
211.154805
211.154805
211.154805
211.154805
211.154805
211.154805
211.154805
211.154805
211.154805
211.154805
211.154805
211.154805
211.154805
211.154805
192.976200
192.976200
192.976200
192.976200
192.976200
192.976200
192.976200
192.976200
192.976200
192.976200
192.976200
192.976200
192.976200
192.976200
192.976200
192.976200
192.976200
192.976200
192.976200
192.976200
192.976200
192.976200
192.976200
192.976200
192.976200
175.325360
175.325360
175.325360
175.325360
175.325360
175.325360
175.325360
175.325360
175.325360
175.325360
175.325360
175.325360
175.325360
175.325360
175.325360
175.325360
175.325360
175.325360
175.325360
175.325360
175.325360
175.325360
175.325360
175.325360
175.325360
158.172506
158.172506
158.172506
158.172506
158.172506
158.172506
158.172506
158.172506
158.172506
158.172506
158.172506
158.172506
158.172506
158.172506
158.172506
158.172506
158.172506
158.172506
158.172506
158.172506
158.172506
158.172506
158.172506
158.172506
158.172506
141.490310
141.490310
141.490310
141.490310
141.490310
141.490310
141.490310
141.490310
141.490310
141.490310
141.490310
141.490310
141.490310
141.490310
141.490310
141.490310
141.490310
141.490310
141.490310
141.490310
141.490310
141.490310
141.490310
141.490310
141.490310
125.253633
125.253633
125.253633
125.253633
125.253633
125.253633
125.253633
125.253633
125.253633
125.253633
125.253633
125.253633
125.253633
125.253633
125.253633
125.253633
125.253633
125.253633
125.253633
125.253633
125.253633
125.253633
125.253633
125.253633
125.253633
109.439296
109.439296
109.439296
109.439296
109.439296
109.439296
109.439296
109.439296
109.439296
109.439296
109.439296
109.439296
109.439296
109.439296
109.439296
109.439296
109.439296
109.439296
109.439296
109.439296
109.439296
109.439296
109.439296
109.439296
109.439296
94.025887
94.025887
94.025887
94.025887
94.025887
94.025887
94.025887
94.025887
94.025887
94.025887
94.025887
94.025887
94.025887
94.025887
94.025887
94.025887
94.025887
94.025887
94.025887
94.025887
94.025887
94.025887
94.025887
94.025887
94.025887
78.993579
78.993579
78.993579
78.993579
78.993579
78.993579
78.993579
78.993579
78.993579
78.993579
78.993579
78.993579
78.993579
78.993579
78.993579
78.993579
78.993579
78.993579
78.993579
78.993579
78.993579
78.993579
78.993579
78.993579
78.993579
64.323980
64.323980
64.323980
64.323980
64.323980
64.323980
64.323980
64.323980
64.323980
64.323980
64.323980
64.323980
64.323980
64.323980
64.323980
64.323980
64.323980
64.323980
64.323980
64.323980
64.323980
64.323980
64.323980
64.323980
64.323980
50.000000
50.000000
50.000000
50.000000
50.000000
50.000000
50.000000
50.000000
50.000000
50.000000
50.000000
50.000000
50.000000
50.000000
50.000000
50.000000
50.000000
50.000000
50.000000
50.000000
50.000000
50.000000
50.000000
50.000000
50.000000
