1500.000000
1500.000000
1500.000000
1500.000000
1500.000000
1500.000000
1500.000000
1500.000000
1500.000000
1500.000000
1500.000000
1500.000000
1500.000000
1500.000000
1500.000000
1500.000000
1500.000000
1500.000000
1500.000000
1500.000000
1500.000000
1500.000000
1500.000000
1500.000000
1500.000000
1500.000000
1500.000000
1500.000000
1500.000000
1500.000000
1500.000000
1500.000000
1500.000000
1500.000000
1500.000000
1500.000000
1500.000000
1500.000000
1500.000000
1500.000000
1377.918580
1377.918580
1377.918580
1377.918580
1377.918580
1377.918580
1377.918580
1377.918580
1377.918580
1377.918580
1377.918580
1377.918580
1377.918580
1377.918580
1377.918580
1377.918580
1377.918580
1377.918580
1377.918580
1377.918580
1377.918580
1377.918580
1377.918580
1377.918580
1377.918580
1377.918580
1377.918580
1377.918580
1377.918580
1377.918580
1377.918580
1377.918580
1377.918580
1377.918580
1377.918580
1377.918580
1377.918580
1377.918580
1377.918580
1377.918580
1276.184063
1276.184063
1276.184063
1276.184063
1276.184063
1276.184063
1276.184063
1276.184063
1276.184063
1276.184063
1276.184063
1276.184063
1276.184063
1276.184063
1276.184063
1276.184063
1276.184063
1276.184063
1276.184063
1276.184063
1276.184063
1276.184063
1276.184063
1276.184063
1276.184063
1276.184063
1276.184063
1276.184063
1276.184063
1276.184063
1276.184063
1276.184063
1276.184063
1276.184063
1276.184063
1276.184063
1276.184063
1276.184063
1276.184063
1276.184063
1188.983048
1188.983048
1188.983048
1188.983048
1188.983048
1188.983048
1188.983048
1188.983048
1188.983048
1188.983048
1188.983048
1188.983048
1188.983048
1188.983048
1188.983048
1188.983048
1188.983048
1188.983048
1188.983048
1188.983048
1188.983048
1188.983048
1188.983048
1188.983048
1188.983048
1188.983048
1188.983048
1188.983048
1188.983048
1188.983048
1188.983048
1188.983048
1188.983048
1188.983048
1188.983048
1188.983048
1188.983048
1188.983048
1188.983048
1188.983048
1112.682160
1112.682160
1112.682160
1112.682160
1112.682160
1112.682160
1112.682160
1112.682160
1112.682160
1112.682160
1112.682160
1112.682160
1112.682160
1112.682160
1112.682160
1112.682160
1112.682160
1112.682160
1112.682160
1112.682160
1112.682160
1112.682160
1112.682160
1112.682160
1112.682160
1112.682160
1112.682160
1112.682160
1112.682160
1112.682160
1112.682160
1112.682160
1112.682160
1112.682160
1112.682160
1112.682160
1112.682160
1112.682160
1112.682160
1112.682160
1044.859149
1044.859149
1044.859149
1044.859149
1044.859149
1044.859149
1044.859149
1044.859149
1044.859149
1044.859149
1044.859149
1044.859149
1044.859149
1044.859149
1044.859149
1044.859149
1044.859149
1044.859149
1044.859149
1044.859149
1044.859149
1044.859149
1044.859149
1044.859149
1044.859149
1044.859149
1044.859149
1044.859149
1044.859149
1044.859149
1044.859149
1044.859149
1044.859149
1044.859149
1044.859149
1044.859149
1044.859149
1044.859149
1044.859149
1044.859149
983.818439
983.818439
983.818439
983.818439
983.818439
983.818439
983.818439
983.818439
983.818439
983.818439
983.818439
983.818439
983.818439
983.818439
983.818439
983.818439
983.818439
983.818439
983.818439
983.818439
983.818439
983.818439
983.818439
983.818439
983.818439
983.818439
983.818439
983.818439
983.818439
983.818439
983.818439
983.818439
983.818439
983.818439
983.818439
983.818439
983.818439
983.818439
983.818439
983.818439
928.326884
928.326884
928.326884
928.326884
928.326884
928.326884
928.326884
928.326884
928.326884
928.326884
928.326884
928.326884
928.326884
928.326884
928.326884
928.326884
928.326884
928.326884
928.326884
928.326884
928.326884
928.326884
928.326884
928.326884
928.326884
928.326884
928.326884
928.326884
928.326884
928.326884
928.326884
928.326884
928.326884
928.326884
928.326884
928.326884
928.326884
928.326884
928.326884
928.326884
877.459625
877.459625
877.459625
877.459625
877.459625
877.459625
877.459625
877.459625
877.459625
877.459625
877.459625
877.459625
877.459625
877.459625
877.459625
877.459625
877.459625
877.459625
877.459625
877.459625
877.459625
877.459625
877.459625
877.459625
877.459625
877.459625
877.459625
877.459625
877.459625
877.459625
877.459625
877.459625
877.459625
877.459625
877.459625
877.459625
877.459625
877.459625
877.459625
877.459625
830.505233
830.505233
830.505233
830.505233
830.505233
830.505233
830.505233
830.505233
830.505233
830.505233
830.505233
830.505233
830.505233
830.505233
830.505233
830.505233
830.505233
830.505233
830.505233
830.505233
830.505233
830.505233
830.505233
830.505233
830.505233
830.505233
830.505233
830.505233
830.505233
830.505233
830.505233
830.505233
830.505233
830.505233
830.505233
830.505233
830.505233
830.505233
830.505233
830.505233
786.904726
786.904726
786.904726
786.904726
786.904726
786.904726
786.904726
786.904726
786.904726
786.904726
786.904726
786.904726
786.904726
786.904726
786.904726
786.904726
786.904726
786.904726
786.904726
786.904726
786.904726
786.904726
786.904726
786.904726
786.904726
786.904726
786.904726
786.904726
786.904726
786.904726
786.904726
786.904726
786.904726
786.904726
786.904726
786.904726
786.904726
786.904726
786.904726
786.904726
746.210919
746.210919
746.210919
746.210919
746.210919
746.210919
746.210919
746.210919
746.210919
746.210919
746.210919
746.210919
746.210919
746.210919
746.210919
746.210919
746.210919
746.210919
746.210919
746.210919
746.210919
746.210919
746.210919
746.210919
746.210919
746.210919
746.210919
746.210919
746.210919
746.210919
746.210919
746.210919
746.210919
746.210919
746.210919
746.210919
746.210919
746.210919
746.210919
746.210919
708.060475
708.060475
708.060475
708.060475
708.060475
708.060475
708.060475
708.060475
708.060475
708.060475
708.060475
708.060475
708.060475
708.060475
708.060475
708.060475
708.060475
708.060475
708.060475
708.060475
708.060475
708.060475
708.060475
708.060475
708.060475
708.060475
708.060475
708.060475
708.060475
708.060475
708.060475
708.060475
708.060475
708.060475
708.060475
708.060475
708.060475
708.060475
708.060475
708.060475
672.154175
672.154175
672.154175
672.154175
672.154175
672.154175
672.154175
672.154175
672.154175
672.154175
672.154175
672.154175
672.154175
672.154175
672.154175
672.154175
672.154175
672.154175
672.154175
672.154175
672.154175
672.154175
672.154175
672.154175
672.154175
672.154175
672.154175
672.154175
672.154175
672.154175
672.154175
672.154175
672.154175
672.154175
672.154175
672.154175
672.154175
672.154175
672.154175
672.154175
638.242669
638.242669
638.242669
638.242669
638.242669
638.242669
638.242669
638.242669
638.242669
638.242669
638.242669
638.242669
638.242669
638.242669
638.242669
638.242669
638.242669
638.242669
638.242669
638.242669
638.242669
638.242669
638.242669
638.242669
638.242669
638.242669
638.242669
638.242669
638.242669
638.242669
638.242669
638.242669
638.242669
638.242669
638.242669
638.242669
638.242669
638.242669
638.242669
638.242669
606.115979
606.115979
606.115979
606.115979
606.115979
606.115979
606.115979
606.115979
606.115979
606.115979
606.115979
606.115979
606.115979
606.115979
606.115979
606.115979
606.115979
606.115979
606.115979
606.115979
606.115979
606.115979
606.115979
606.115979
606.115979
606.115979
606.115979
606.115979
606.115979
606.115979
606.115979
606.115979
606.115979
606.115979
606.115979
606.115979
606.115979
606.115979
606.115979
606.115979
575.595624
575.595624
575.595624
575.595624
575.595624
575.595624
575.595624
575.595624
575.595624
575.595624
575.595624
575.595624
575.595624
575.595624
575.595624
575.595624
575.595624
575.595624
575.595624
575.595624
575.595624
575.595624
575.595624
575.595624
575.595624
575.595624
575.595624
575.595624
575.595624
575.595624
575.595624
575.595624
575.595624
575.595624
575.595624
575.595624
575.595624
575.595624
575.595624
575.595624
546.528619
546.528619
546.528619
546.528619
546.528619
546.528619
546.528619
546.528619
546.528619
546.528619
546.528619
546.528619
546.528619
546.528619
546.528619
546.528619
546.528619
546.528619
546.528619
546.528619
546.528619
546.528619
546.528619
546.528619
546.528619
546.528619
546.528619
546.528619
546.528619
546.528619
546.528619
546.528619
546.528619
546.528619
546.528619
546.528619
546.528619
546.528619
546.528619
546.528619
518.782842
518.782842
518.782842
518.782842
518.782842
518.782842
518.782842
518.782842
518.782842
518.782842
518.782842
518.782842
518.782842
518.782842
518.782842
518.782842
518.782842
518.782842
518.782842
518.782842
518.782842
518.782842
518.782842
518.782842
518.782842
518.782842
518.782842
518.782842
518.782842
518.782842
518.782842
518.782842
518.782842
518.782842
518.782842
518.782842
518.782842
518.782842
518.782842
518.782842
492.243403
492.243403
492.243403
492.243403
492.243403
492.243403
492.243403
492.243403
492.243403
492.243403
492.243403
492.243403
492.243403
492.243403
492.243403
492.243403
492.243403
492.243403
492.243403
492.243403
492.243403
492.243403
492.243403
492.243403
492.243403
492.243403
492.243403
492.243403
492.243403
492.243403
492.243403
492.243403
492.243403
492.243403
492.243403
492.243403
492.243403
492.243403
492.243403
492.243403
466.809774
466.809774
466.809774
466.809774
466.809774
466.809774
466.809774
466.809774
466.809774
466.809774
466.809774
466.809774
466.809774
466.809774
466.809774
466.809774
466.809774
466.809774
466.809774
466.809774
466.809774
466.809774
466.809774
466.809774
466.809774
466.809774
466.809774
466.809774
466.809774
466.809774
466.809774
466.809774
466.809774
466.809774
466.809774
466.809774
466.809774
466.809774
466.809774
466.809774
442.393490
442.393490
442.393490
442.393490
442.393490
442.393490
442.393490
442.393490
442.393490
442.393490
442.393490
442.393490
442.393490
442.393490
442.393490
442.393490
442.393490
442.393490
442.393490
442.393490
442.393490
442.393490
442.393490
442.393490
442.393490
442.393490
442.393490
442.393490
442.393490
442.393490
442.393490
442.393490
442.393490
442.393490
442.393490
442.393490
442.393490
442.393490
442.393490
442.393490
418.916293
418.916293
418.916293
418.916293
418.916293
418.916293
418.916293
418.916293
418.916293
418.916293
418.916293
418.916293
418.916293
418.916293
418.916293
418.916293
418.916293
418.916293
418.916293
418.916293
418.916293
418.916293
418.916293
418.916293
418.916293
418.916293
418.916293
418.916293
418.916293
418.916293
418.916293
418.916293
418.916293
418.916293
418.916293
418.916293
418.916293
418.916293
418.916293
418.916293
396.308623
396.308623
396.308623
396.308623
396.308623
396.308623
396.308623
396.308623
396.308623
396.308623
396.308623
396.308623
396.308623
396.308623
396.308623
396.308623
396.308623
396.308623
396.308623
396.308623
396.308623
396.308623
396.308623
396.308623
396.308623
396.308623
396.308623
396.308623
396.308623
396.308623
396.308623
396.308623
396.308623
396.308623
396.308623
396.308623
396.308623
396.308623
396.308623
396.308623
374.508369
374.508369
374.508369
374.508369
374.508369
374.508369
374.508369
374.508369
374.508369
374.508369
374.508369
374.508369
374.508369
374.508369
374.508369
374.508369
374.508369
374.508369
374.508369
374.508369
374.508369
374.508369
374.508369
374.508369
374.508369
374.508369
374.508369
374.508369
374.508369
374.508369
374.508369
374.508369
374.508369
374.508369
374.508369
374.508369
374.508369
374.508369
374.508369
374.508369
353.459848
353.459848
353.459848
353.459848
353.459848
353.459848
353.459848
353.459848
353.459848
353.459848
353.459848
353.459848
353.459848
353.459848
353.459848
353.459848
353.459848
353.459848
353.459848
353.459848
353.459848
353.459848
353.459848
353.459848
353.459848
353.459848
353.459848
353.459848
353.459848
353.459848
353.459848
353.459848
353.459848
353.459848
353.459848
353.459848
353.459848
353.459848
353.459848
353.459848
333.112945
333.112945
333.112945
333.112945
333.112945
333.112945
333.112945
333.112945
333.112945
333.112945
333.112945
333.112945
333.112945
333.112945
333.112945
333.112945
333.112945
333.112945
333.112945
333.112945
333.112945
333.112945
333.112945
333.112945
333.112945
333.112945
333.112945
333.112945
333.112945
333.112945
333.112945
333.112945
333.112945
333.112945
333.112945
333.112945
333.112945
333.112945
333.112945
333.112945
313.422393
313.422393
313.422393
313.422393
313.422393
313.422393
313.422393
313.422393
313.422393
313.422393
313.422393
313.422393
313.422393
313.422393
313.422393
313.422393
313.422393
313.422393
313.422393
313.422393
313.422393
313.422393
313.422393
313.422393
313.422393
313.422393
313.422393
313.422393
313.422393
313.422393
313.422393
313.422393
313.422393
313.422393
313.422393
313.422393
313.422393
313.422393
313.422393
313.422393
294.347171
294.347171
294.347171
294.347171
294.347171
294.347171
294.347171
294.347171
294.347171
294.347171
294.347171
294.347171
294.347171
294.347171
294.347171
294.347171
294.347171
294.347171
294.347171
294.347171
294.347171
294.347171
294.347171
294.347171
294.347171
294.347171
294.347171
294.347171
294.347171
294.347171
294.347171
294.347171
294.347171
294.347171
294.347171
294.347171
294.347171
294.347171
294.347171
294.347171
275.849986
275.849986
275.849986
275.849986
275.849986
275.849986
275.849986
275.849986
275.849986
275.849986
275.849986
275.849986
275.849986
275.849986
275.849986
275.849986
275.849986
275.849986
275.849986
275.849986
275.849986
275.849986
275.849986
275.849986
275.849986
275.849986
275.849986
275.849986
275.849986
275.849986
275.849986
275.849986
275.849986
275.849986
275.849986
275.849986
275.849986
275.849986
275.849986
275.849986
257.896836
257.896836
257.896836
257.896836
257.896836
257.896836
257.896836
257.896836
257.896836
257.896836
257.896836
257.896836
257.896836
257.896836
257.896836
257.896836
257.896836
257.896836
257.896836
257.896836
257.896836
257.896836
257.896836
257.896836
257.896836
257.896836
257.896836
257.896836
257.896836
257.896836
257.896836
257.896836
257.896836
257.896836
257.896836
257.896836
257.896836
257.896836
257.896836
257.896836
240.456633
240.456633
240.456633
240.456633
240.456633
240.456633
240.456633
240.456633
240.456633
240.456633
240.456633
240.456633
240.456633
240.456633
240.456633
240.456633
240.456633
240.456633
240.456633
240.456633
240.456633
240.456633
240.456633
240.456633
240.456633
240.456633
240.456633
240.456633
240.456633
240.456633
240.456633
240.456633
240.456633
240.456633
240.456633
240.456633
240.456633
240.456633
240.456633
240.456633
223.500881
223.500881
223.500881
223.500881
223.500881
223.500881
223.500881
223.500881
223.500881
223.500881
223.500881
223.500881
223.500881
223.500881
223.500881
223.500881
223.500881
223.500881
223.500881
223.500881
223.500881
223.500881
223.500881
223.500881
223.500881
223.500881
223.500881
223.500881
223.500881
223.500881
223.500881
223.500881
223.500881
223.500881
223.500881
223.500881
223.500881
223.500881
223.500881
223.500881
207.003391
207.003391
207.003391
207.003391
207.003391
207.003391
207.003391
207.003391
207.003391
207.003391
207.003391
207.003391
207.003391
207.003391
207.003391
207.003391
207.003391
207.003391
207.003391
207.003391
207.003391
207.003391
207.003391
207.003391
207.003391
207.003391
207.003391
207.003391
207.003391
207.003391
207.003391
207.003391
207.003391
207.003391
207.003391
207.003391
207.003391
207.003391
207.003391
207.003391
190.940047
190.940047
190.940047
190.940047
190.940047
190.940047
190.940047
190.940047
190.940047
190.940047
190.940047
190.940047
190.940047
190.940047
190.940047
190.940047
190.940047
190.940047
190.940047
190.940047
190.940047
190.940047
190.940047
190.940047
190.940047
190.940047
190.940047
190.940047
190.940047
190.940047
190.940047
190.940047
190.940047
190.940047
190.940047
190.940047
190.940047
190.940047
190.940047
190.940047
175.288582
175.288582
175.288582
175.288582
175.288582
175.288582
175.288582
175.288582
175.288582
175.288582
175.288582
175.288582
175.288582
175.288582
175.288582
175.288582
175.288582
175.288582
175.288582
175.288582
175.288582
175.288582
175.288582
175.288582
175.288582
175.288582
175.288582
175.288582
175.288582
175.288582
175.288582
175.288582
175.288582
175.288582
175.288582
175.288582
175.288582
175.288582
175.288582
175.288582
160.028405
160.028405
160.028405
160.028405
160.028405
160.028405
160.028405
160.028405
160.028405
160.028405
160.028405
160.028405
160.028405
160.028405
160.028405
160.028405
160.028405
160.028405
160.028405
160.028405
160.028405
160.028405
160.028405
160.028405
160.028405
160.028405
160.028405
160.028405
160.028405
160.028405
160.028405
160.028405
160.028405
160.028405
160.028405
160.028405
160.028405
160.028405
160.028405
160.028405
145.140427
145.140427
145.140427
145.140427
145.140427
145.140427
145.140427
145.140427
145.140427
145.140427
145.140427
145.140427
145.140427
145.140427
145.140427
145.140427
145.140427
145.140427
145.140427
145.140427
145.140427
145.140427
145.140427
145.140427
145.140427
145.140427
145.140427
145.140427
145.140427
145.140427
145.140427
145.140427
145.140427
145.140427
145.140427
145.140427
145.140427
145.140427
145.140427
145.140427
130.606924
130.606924
130.606924
130.606924
130.606924
130.606924
130.606924
130.606924
130.606924
130.606924
130.606924
130.606924
130.606924
130.606924
130.606924
130.606924
130.606924
130.606924
130.606924
130.606924
130.606924
130.606924
130.606924
130.606924
130.606924
130.606924
130.606924
130.606924
130.606924
130.606924
130.606924
130.606924
130.606924
130.606924
130.606924
130.606924
130.606924
130.606924
130.606924
130.606924
116.411410
116.411410
116.411410
116.411410
116.411410
116.411410
116.411410
116.411410
116.411410
116.411410
116.411410
116.411410
116.411410
116.411410
116.411410
116.411410
116.411410
116.411410
116.411410
116.411410
116.411410
116.411410
116.411410
116.411410
116.411410
116.411410
116.411410
116.411410
116.411410
116.411410
116.411410
116.411410
116.411410
116.411410
116.411410
116.411410
116.411410
116.411410
116.411410
116.411410
102.538522
102.538522
102.538522
102.538522
102.538522
102.538522
102.538522
102.538522
102.538522
102.538522
102.538522
102.538522
102.538522
102.538522
102.538522
102.538522
102.538522
102.538522
102.538522
102.538522
102.538522
102.538522
102.538522
102.538522
102.538522
102.538522
102.538522
102.538522
102.538522
102.538522
102.538522
102.538522
102.538522
102.538522
102.538522
102.538522
102.538522
102.538522
102.538522
102.538522
88.973919
88.973919
88.973919
88.973919
88.973919
88.973919
88.973919
88.973919
88.973919
88.973919
88.973919
88.973919
88.973919
88.973919
88.973919
88.973919
88.973919
88.973919
88.973919
88.973919
88.973919
88.973919
88.973919
88.973919
88.973919
88.973919
88.973919
88.973919
88.973919
88.973919
88.973919
88.973919
88.973919
88.973919
88.973919
88.973919
88.973919
88.973919
88.973919
88.973919
75.704200
75.704200
75.704200
75.704200
75.704200
75.704200
75.704200
75.704200
75.704200
75.704200
75.704200
75.704200
75.704200
75.704200
75.704200
75.704200
75.704200
75.704200
75.704200
75.704200
75.704200
75.704200
75.704200
75.704200
75.704200
75.704200
75.704200
75.704200
75.704200
75.704200
75.704200
75.704200
75.704200
75.704200
75.704200
75.704200
75.704200
75.704200
75.704200
75.704200
62.716815
62.716815
62.716815
62.716815
62.716815
62.716815
62.716815
62.716815
62.716815
62.716815
62.716815
62.716815
62.716815
62.716815
62.716815
62.716815
62.716815
62.716815
62.716815
62.716815
62.716815
62.716815
62.716815
62.716815
62.716815
62.716815
62.716815
62.716815
62.716815
62.716815
62.716815
62.716815
62.716815
62.716815
62.716815
62.716815
62.716815
62.716815
62.716815
62.716815
50.000000
50.000000
50.000000
50.000000
50.000000
50.000000
50.000000
50.000000
50.000000
50.000000
50.000000
50.000000
50.000000
50.000000
50.000000
50.000000
50.000000
50.000000
50.000000
50.000000
50.000000
50.000000
50.000000
50.000000
50.000000
50.000000
50.000000
50.000000
50.000000
50.000000
50.000000
50.000000
50.000000
50.000000
50.000000
50.000000
50.000000
50.000000
50.000000
50.000000
