1500.000000
1500.000000
1500.000000
1500.000000
1500.000000
1500.000000
1500.000000
1500.000000
1500.000000
1500.000000
1500.000000
1500.000000
1500.000000
1500.000000
1500.000000
1500.000000
1500.000000
1500.000000
1500.000000
1500.000000
1500.000000
1500.000000
1500.000000
1500.000000
1500.000000
1389.776660
1389.776660
1389.776660
1389.776660
1389.776660
1389.776660
1389.776660
1389.776660
1389.776660
1389.776660
1389.776660
1389.776660
1389.776660
1389.776660
1389.776660
1389.776660
1389.776660
1389.776660
1389.776660
1389.776660
1389.776660
1389.776660
1389.776660
1389.776660
1389.776660
1296.367050
1296.367050
1296.367050
1296.367050
1296.367050
1296.367050
1296.367050
1296.367050
1296.367050
1296.367050
1296.367050
1296.367050
1296.367050
1296.367050
1296.367050
1296.367050
1296.367050
1296.367050
1296.367050
1296.367050
1296.367050
1296.367050
1296.367050
1296.367050
1296.367050
1215.320477
1215.320477
1215.320477
1215.320477
1215.320477
1215.320477
1215.320477
1215.320477
1215.320477
1215.320477
1215.320477
1215.320477
1215.320477
1215.320477
1215.320477
1215.320477
1215.320477
1215.320477
1215.320477
1215.320477
1215.320477
1215.320477
1215.320477
1215.320477
1215.320477
1143.746879
1143.746879
1143.746879
1143.746879
1143.746879
1143.746879
1143.746879
1143.746879
1143.746879
1143.746879
1143.746879
1143.746879
1143.746879
1143.746879
1143.746879
1143.746879
1143.746879
1143.746879
1143.746879
1143.746879
1143.746879
1143.746879
1143.746879
1143.746879
1143.746879
1079.663542
1079.663542
1079.663542
1079.663542
1079.663542
1079.663542
1079.663542
1079.663542
1079.663542
1079.663542
1079.663542
1079.663542
1079.663542
1079.663542
1079.663542
1079.663542
1079.663542
1079.663542
1079.663542
1079.663542
1079.663542
1079.663542
1079.663542
1079.663542
1079.663542
1021.651258
1021.651258
1021.651258
1021.651258
1021.651258
1021.651258
1021.651258
1021.651258
1021.651258
1021.651258
1021.651258
1021.651258
1021.651258
1021.651258
1021.651258
1021.651258
1021.651258
1021.651258
1021.651258
1021.651258
1021.651258
1021.651258
1021.651258
1021.651258
1021.651258
968.659268
968.659268
968.659268
968.659268
968.659268
968.659268
968.659268
968.659268
968.659268
968.659268
968.659268
968.659268
968.659268
968.659268
968.659268
968.659268
968.659268
968.659268
968.659268
968.659268
968.659268
968.659268
968.659268
968.659268
968.659268
919.887878
919.887878
919.887878
919.887878
919.887878
919.887878
919.887878
919.887878
919.887878
919.887878
919.887878
919.887878
919.887878
919.887878
919.887878
919.887878
919.887878
919.887878
919.887878
919.887878
919.887878
919.887878
919.887878
919.887878
919.887878
874.714378
874.714378
874.714378
874.714378
874.714378
874.714378
874.714378
874.714378
874.714378
874.714378
874.714378
874.714378
874.714378
874.714378
874.714378
874.714378
874.714378
874.714378
874.714378
874.714378
874.714378
874.714378
874.714378
874.714378
874.714378
832.644401
832.644401
832.644401
832.644401
832.644401
832.644401
832.644401
832.644401
832.644401
832.644401
832.644401
832.644401
832.644401
832.644401
832.644401
832.644401
832.644401
832.644401
832.644401
832.644401
832.644401
832.644401
832.644401
832.644401
832.644401
793.278923
793.278923
793.278923
793.278923
793.278923
793.278923
793.278923
793.278923
793.278923
793.278923
793.278923
793.278923
793.278923
793.278923
793.278923
793.278923
793.278923
793.278923
793.278923
793.278923
793.278923
793.278923
793.278923
793.278923
793.278923
756.291225
756.291225
756.291225
756.291225
756.291225
756.291225
756.291225
756.291225
756.291225
756.291225
756.291225
756.291225
756.291225
756.291225
756.291225
756.291225
756.291225
756.291225
756.291225
756.291225
756.291225
756.291225
756.291225
756.291225
756.291225
721.410421
721.410421
721.410421
721.410421
721.410421
721.410421
721.410421
721.410421
721.410421
721.410421
721.410421
721.410421
721.410421
721.410421
721.410421
721.410421
721.410421
721.410421
721.410421
721.410421
721.410421
721.410421
721.410421
721.410421
721.410421
688.409421
688.409421
688.409421
688.409421
688.409421
688.409421
688.409421
688.409421
688.409421
688.409421
688.409421
688.409421
688.409421
688.409421
688.409421
688.409421
688.409421
688.409421
688.409421
688.409421
688.409421
688.409421
688.409421
688.409421
688.409421
657.095972
657.095972
657.095972
657.095972
657.095972
657.095972
657.095972
657.095972
657.095972
657.095972
657.095972
657.095972
657.095972
657.095972
657.095972
657.095972
657.095972
657.095972
657.095972
657.095972
657.095972
657.095972
657.095972
657.095972
657.095972
627.305880
627.305880
627.305880
627.305880
627.305880
627.305880
627.305880
627.305880
627.305880
627.305880
627.305880
627.305880
627.305880
627.305880
627.305880
627.305880
627.305880
627.305880
627.305880
627.305880
627.305880
627.305880
627.305880
627.305880
627.305880
598.897803
598.897803
598.897803
598.897803
598.897803
598.897803
598.897803
598.897803
598.897803
598.897803
598.897803
598.897803
598.897803
598.897803
598.897803
598.897803
598.897803
598.897803
598.897803
598.897803
598.897803
598.897803
598.897803
598.897803
598.897803
571.749197
571.749197
571.749197
571.749197
571.749197
571.749197
571.749197
571.749197
571.749197
571.749197
571.749197
571.749197
571.749197
571.749197
571.749197
571.749197
571.749197
571.749197
571.749197
571.749197
571.749197
571.749197
571.749197
571.749197
571.749197
545.753127
545.753127
545.753127
545.753127
545.753127
545.753127
545.753127
545.753127
545.753127
545.753127
545.753127
545.753127
545.753127
545.753127
545.753127
545.753127
545.753127
545.753127
545.753127
545.753127
545.753127
545.753127
545.753127
545.753127
545.753127
520.815719
520.815719
520.815719
520.815719
520.815719
520.815719
520.815719
520.815719
520.815719
520.815719
520.815719
520.815719
520.815719
520.815719
520.815719
520.815719
520.815719
520.815719
520.815719
520.815719
520.815719
520.815719
520.815719
520.815719
520.815719
496.854124
496.854124
496.854124
496.854124
496.854124
496.854124
496.854124
496.854124
496.854124
496.854124
496.854124
496.854124
496.854124
496.854124
496.854124
496.854124
496.854124
496.854124
496.854124
496.854124
496.854124
496.854124
496.854124
496.854124
496.854124
473.794848
473.794848
473.794848
473.794848
473.794848
473.794848
473.794848
473.794848
473.794848
473.794848
473.794848
473.794848
473.794848
473.794848
473.794848
473.794848
473.794848
473.794848
473.794848
473.794848
473.794848
473.794848
473.794848
473.794848
473.794848
451.572400
451.572400
451.572400
451.572400
451.572400
451.572400
451.572400
451.572400
451.572400
451.572400
451.572400
451.572400
451.572400
451.572400
451.572400
451.572400
451.572400
451.572400
451.572400
451.572400
451.572400
451.572400
451.572400
451.572400
451.572400
430.128170
430.128170
430.128170
430.128170
430.128170
430.128170
430.128170
430.128170
430.128170
430.128170
430.128170
430.128170
430.128170
430.128170
430.128170
430.128170
430.128170
430.128170
430.128170
430.128170
430.128170
430.128170
430.128170
430.128170
430.128170
409.409498
409.409498
409.409498
409.409498
409.409498
409.409498
409.409498
409.409498
409.409498
409.409498
409.409498
409.409498
409.409498
409.409498
409.409498
409.409498
409.409498
409.409498
409.409498
409.409498
409.409498
409.409498
409.409498
409.409498
409.409498
389.368890
389.368890
389.368890
389.368890
389.368890
389.368890
389.368890
389.368890
389.368890
389.368890
389.368890
389.368890
389.368890
389.368890
389.368890
389.368890
389.368890
389.368890
389.368890
389.368890
389.368890
389.368890
389.368890
389.368890
389.368890
369.963373
369.963373
369.963373
369.963373
369.963373
369.963373
369.963373
369.963373
369.963373
369.963373
369.963373
369.963373
369.963373
369.963373
369.963373
369.963373
369.963373
369.963373
369.963373
369.963373
369.963373
369.963373
369.963373
369.963373
369.963373
351.153929
351.153929
351.153929
351.153929
351.153929
351.153929
351.153929
351.153929
351.153929
351.153929
351.153929
351.153929
351.153929
351.153929
351.153929
351.153929
351.153929
351.153929
351.153929
351.153929
351.153929
351.153929
351.153929
351.153929
351.153929
332.905032
332.905032
332.905032
332.905032
332.905032
332.905032
332.905032
332.905032
332.905032
332.905032
332.905032
332.905032
332.905032
332.905032
332.905032
332.905032
332.905032
332.905032
332.905032
332.905032
332.905032
332.905032
332.905032
332.905032
332.905032
315.184238
315.184238
315.184238
315.184238
315.184238
315.184238
315.184238
315.184238
315.184238
315.184238
315.184238
315.184238
315.184238
315.184238
315.184238
315.184238
315.184238
315.184238
315.184238
315.184238
315.184238
315.184238
315.184238
315.184238
315.184238
297.961841
297.961841
297.961841
297.961841
297.961841
297.961841
297.961841
297.961841
297.961841
297.961841
297.961841
297.961841
297.961841
297.961841
297.961841
297.961841
297.961841
297.961841
297.961841
297.961841
297.961841
297.961841
297.961841
297.961841
297.961841
281.210573
281.210573
281.210573
281.210573
281.210573
281.210573
281.210573
281.210573
281.210573
281.210573
281.210573
281.210573
281.210573
281.210573
281.210573
281.210573
281.210573
281.210573
281.210573
281.210573
281.210573
281.210573
281.210573
281.210573
281.210573
264.905345
264.905345
264.905345
264.905345
264.905345
264.905345
264.905345
264.905345
264.905345
264.905345
264.905345
264.905345
264.905345
264.905345
264.905345
264.905345
264.905345
264.905345
264.905345
264.905345
264.905345
264.905345
264.905345
264.905345
264.905345
249.023020
249.023020
249.023020
249.023020
249.023020
249.023020
249.023020
249.023020
249.023020
249.023020
249.023020
249.023020
249.023020
249.023020
249.023020
249.023020
249.023020
249.023020
249.023020
249.023020
249.023020
249.023020
249.023020
249.023020
249.023020
233.542214
233.542214
233.542214
233.542214
233.542214
233.542214
233.542214
233.542214
233.542214
233.542214
233.542214
233.542214
233.542214
233.542214
233.542214
233.542214
233.542214
233.542214
233.542214
233.542214
233.542214
233.542214
233.542214
233.542214
233.542214
218.443126
218.443126
218.443126
218.443126
218.443126
218.443126
218.443126
218.443126
218.443126
218.443126
218.443126
218.443126
218.443126
218.443126
218.443126
218.443126
218.443126
218.443126
218.443126
218.443126
218.443126
218.443126
218.443126
218.443126
218.443126
203.707385
203.707385
203.707385
203.707385
203.707385
203.707385
203.707385
203.707385
203.707385
203.707385
203.707385
203.707385
203.707385
203.707385
203.707385
203.707385
203.707385
203.707385
203.707385
203.707385
203.707385
203.707385
203.707385
203.707385
203.707385
189.317915
189.317915
189.317915
189.317915
189.317915
189.317915
189.317915
189.317915
189.317915
189.317915
189.317915
189.317915
189.317915
189.317915
189.317915
189.317915
189.317915
189.317915
189.317915
189.317915
189.317915
189.317915
189.317915
189.317915
189.317915
175.258816
175.258816
175.258816
175.258816
175.258816
175.258816
175.258816
175.258816
175.258816
175.258816
175.258816
175.258816
175.258816
175.258816
175.258816
175.258816
175.258816
175.258816
175.258816
175.258816
175.258816
175.258816
175.258816
175.258816
175.258816
161.515257
161.515257
161.515257
161.515257
161.515257
161.515257
161.515257
161.515257
161.515257
161.515257
161.515257
161.515257
161.515257
161.515257
161.515257
161.515257
161.515257
161.515257
161.515257
161.515257
161.515257
161.515257
161.515257
161.515257
161.515257
148.073387
148.073387
148.073387
148.073387
148.073387
148.073387
148.073387
148.073387
148.073387
148.073387
148.073387
148.073387
148.073387
148.073387
148.073387
148.073387
148.073387
148.073387
148.073387
148.073387
148.073387
148.073387
148.073387
148.073387
148.073387
134.920243
134.920243
134.920243
134.920243
134.920243
134.920243
134.920243
134.920243
134.920243
134.920243
134.920243
134.920243
134.920243
134.920243
134.920243
134.920243
134.920243
134.920243
134.920243
134.920243
134.920243
134.920243
134.920243
134.920243
134.920243
122.043685
122.043685
122.043685
122.043685
122.043685
122.043685
122.043685
122.043685
122.043685
122.043685
122.043685
122.043685
122.043685
122.043685
122.043685
122.043685
122.043685
122.043685
122.043685
122.043685
122.043685
122.043685
122.043685
122.043685
122.043685
109.432319
109.432319
109.432319
109.432319
109.432319
109.432319
109.432319
109.432319
109.432319
109.432319
109.432319
109.432319
109.432319
109.432319
109.432319
109.432319
109.432319
109.432319
109.432319
109.432319
109.432319
109.432319
109.432319
109.432319
109.432319
97.075442
97.075442
97.075442
97.075442
97.075442
97.075442
97.075442
97.075442
97.075442
97.075442
97.075442
97.075442
97.075442
97.075442
97.075442
97.075442
97.075442
97.075442
97.075442
97.075442
97.075442
97.075442
97.075442
97.075442
97.075442
84.962987
84.962987
84.962987
84.962987
84.962987
84.962987
84.962987
84.962987
84.962987
84.962987
84.962987
84.962987
84.962987
84.962987
84.962987
84.962987
84.962987
84.962987
84.962987
84.962987
84.962987
84.962987
84.962987
84.962987
84.962987
73.085472
73.085472
73.085472
73.085472
73.085472
73.085472
73.085472
73.085472
73.085472
73.085472
73.085472
73.085472
73.085472
73.085472
73.085472
73.085472
73.085472
73.085472
73.085472
73.085472
73.085472
73.085472
73.085472
73.085472
73.085472
61.433956
61.433956
61.433956
61.433956
61.433956
61.433956
61.433956
61.433956
61.433956
61.433956
61.433956
61.433956
61.433956
61.433956
61.433956
61.433956
61.433956
61.433956
61.433956
61.433956
61.433956
61.433956
61.433956
61.433956
61.433956
50.000000
50.000000
50.000000
50.000000
50.000000
50.000000
50.000000
50.000000
50.000000
50.000000
50.000000
50.000000
50.000000
50.000000
50.000000
50.000000
50.000000
50.000000
50.000000
50.000000
50.000000
50.000000
50.000000
50.000000
50.000000
