1500.000000
1500.000000
1500.000000
1500.000000
1500.000000
1500.000000
1500.000000
1500.000000
1500.000000
1500.000000
1500.000000
1500.000000
1500.000000
1500.000000
1500.000000
1500.000000
1500.000000
1500.000000
1500.000000
1500.000000
1500.000000
1500.000000
1500.000000
1500.000000
1500.000000
1500.000000
1500.000000
1500.000000
1500.000000
1500.000000
662.229449
662.229449
662.229449
662.229449
662.229449
662.229449
662.229449
662.229449
662.229449
662.229449
662.229449
662.229449
662.229449
662.229449
662.229449
662.229449
662.229449
662.229449
662.229449
662.229449
662.229449
662.229449
662.229449
662.229449
662.229449
662.229449
662.229449
662.229449
662.229449
662.229449
363.025681
363.025681
363.025681
363.025681
363.025681
363.025681
363.025681
363.025681
363.025681
363.025681
363.025681
363.025681
363.025681
363.025681
363.025681
363.025681
363.025681
363.025681
363.025681
363.025681
363.025681
363.025681
363.025681
363.025681
363.025681
363.025681
363.025681
363.025681
363.025681
363.025681
180.901649
180.901649
180.901649
180.901649
180.901649
180.901649
180.901649
180.901649
180.901649
180.901649
180.901649
180.901649
180.901649
180.901649
180.901649
180.901649
180.901649
180.901649
180.901649
180.901649
180.901649
180.901649
180.901649
180.901649
180.901649
180.901649
180.901649
180.901649
180.901649
180.901649
50.000000
50.000000
50.000000
50.000000
50.000000
50.000000
50.000000
50.000000
50.000000
50.000000
50.000000
50.000000
50.000000
50.000000
50.000000
50.000000
50.000000
50.000000
50.000000
50.000000
50.000000
50.000000
50.000000
50.000000
50.000000
50.000000
50.000000
50.000000
50.000000
50.000000
